2026-02-12 15:43:33,112 - root - INFO - Logger initialized successfully
2026-02-12 15:43:33,112 - root - INFO - Log file: /home/runner/work/super-player-auction-scraper/super-player-auction-scraper/logs/scraper_20260212_154333.log
2026-02-12 15:43:33,112 - root - INFO - Starting Super Player Auction scraper
2026-02-12 15:43:33,112 - utils.config - INFO - Credentials loaded from environment variables
2026-02-12 15:43:33,112 - utils.config - INFO - Settings loaded successfully
2026-02-12 15:43:33,112 - root - INFO - Initializing Selenium scraper
2026-02-12 15:43:33,112 - scraper.selenium_scraper - INFO - Running in GitHub Actions environment
2026-02-12 15:43:34,681 - selenium.webdriver.common.selenium_manager - WARNING - The chromedriver version (144.0.7559.109) detected in PATH at /usr/bin/chromedriver might not be compatible with the detected chrome version (144.0.7559.109); currently, chromedriver 144.0.7559.133 is recommended for chrome 144.*, so it is advised to delete the driver in PATH and retry
2026-02-12 15:43:40,123 - scraper.selenium_scraper - INFO - Chrome driver initialized successfully
2026-02-12 15:43:40,124 - root - INFO - Scraping tournament data
2026-02-12 15:43:40,124 - scraper.selenium_scraper - INFO - Starting to scrape tournament data
2026-02-12 15:43:40,999 - scraper.selenium_scraper - INFO - Waiting for page to load...
2026-02-12 15:43:46,004 - scraper.selenium_scraper - INFO - Scrolling to load all auction cards...
2026-02-12 15:43:58,169 - scraper.selenium_scraper - INFO - Saved page screenshot to /home/runner/work/super-player-auction-scraper/super-player-auction-scraper/logs/screenshots/page_loaded_20260212154358.png
2026-02-12 15:43:58,169 - scraper.selenium_scraper - INFO - Looking for auction cards...
2026-02-12 15:43:58,191 - scraper.selenium_scraper - INFO - Found 20 auction cards
2026-02-12 15:43:58,906 - scraper.selenium_scraper - INFO - Scraped tournament 1: Slough Family League
2026-02-12 15:43:59,663 - scraper.selenium_scraper - INFO - Scraped tournament 2: Indonesian Cricket League 2026
2026-02-12 15:44:00,347 - scraper.selenium_scraper - INFO - Scraped tournament 3: Tamil Nadu Champions League Season-2
2026-02-12 15:44:01,029 - scraper.selenium_scraper - INFO - Scraped tournament 4: SPL SEASON 4
2026-02-12 15:44:01,709 - scraper.selenium_scraper - INFO - Scraped tournament 5: PINS AND PADDLES
2026-02-12 15:44:02,391 - scraper.selenium_scraper - INFO - Scraped tournament 6: SUBIC SRILANKAN PREMIER LEAGUE - SEASON 4 - 2026
2026-02-12 15:44:03,093 - scraper.selenium_scraper - INFO - Scraped tournament 7: Calicut premier league Qatar
2026-02-12 15:44:03,772 - scraper.selenium_scraper - INFO - Scraped tournament 8: BEARYS PREMIER LEAGUE
2026-02-12 15:44:04,451 - scraper.selenium_scraper - INFO - Scraped tournament 9: PH2 Cricket League
2026-02-12 15:44:05,135 - scraper.selenium_scraper - INFO - Scraped tournament 10: KEYSTONE SMART GLASS MCL - 7
2026-02-12 15:44:05,821 - scraper.selenium_scraper - INFO - Scraped tournament 11: Marquise Premier League Season 5
2026-02-12 15:44:06,501 - scraper.selenium_scraper - INFO - Scraped tournament 12: Bhaskar Premier League Season 9
2026-02-12 15:44:07,194 - scraper.selenium_scraper - INFO - Scraped tournament 13: Cosmo Premiere League 26
2026-02-12 15:44:07,883 - scraper.selenium_scraper - INFO - Scraped tournament 14: SRPL 2026
2026-02-12 15:44:08,574 - scraper.selenium_scraper - INFO - Scraped tournament 15: Hind Sporting Premier League
2026-02-12 15:44:09,254 - scraper.selenium_scraper - INFO - Scraped tournament 16: RELIANCE SPL 2026
2026-02-12 15:44:09,935 - scraper.selenium_scraper - INFO - Scraped tournament 17: MCPL 2026
2026-02-12 15:44:10,616 - scraper.selenium_scraper - INFO - Scraped tournament 18: SIKAR PREMIER LEAGUE 2025
2026-02-12 15:44:11,304 - scraper.selenium_scraper - INFO - Scraped tournament 19: NPL
2026-02-12 15:44:11,986 - scraper.selenium_scraper - INFO - Scraped tournament 20: BJP
2026-02-12 15:44:11,986 - root - INFO - Successfully scraped 20 tournaments
2026-02-12 15:44:11,986 - root - INFO - Saved scraped data to /home/runner/work/super-player-auction-scraper/super-player-auction-scraper/data/tournament_data_20260212-154411.json
2026-02-12 15:44:11,986 - root - INFO - Initializing Graph API
2026-02-12 15:44:11,987 - excel.graph_api - INFO - Extracted file ID: 9e836ed5-f58f-4dc7-a969-3c62b255f3ea
2026-02-12 15:44:11,987 - excel.graph_api - INFO - Extracted site ID: CorpDevaaf94619130d4a79af9f3aeae502bdb5
2026-02-12 15:44:11,987 - root - INFO - Authenticating with Microsoft Graph API
2026-02-12 15:44:12,429 - excel.graph_api - INFO - Authentication successful
2026-02-12 15:44:12,429 - root - INFO - Updating Excel sheet with scraped data
2026-02-12 15:44:12,924 - excel.graph_api - INFO - Retrieved drive ID: b!MXUqfmBgAkyqAi_g7J1PO_6yKSWnHbZCs3mpe4EkYuX6d8izcdJxRb78S6OW5SIB
2026-02-12 15:44:14,650 - excel.graph_api - INFO - Retrieved 1217 rows from Excel
2026-02-12 15:44:15,825 - excel.graph_api - INFO - Updating range A1219:M1220 with 2 new entries
2026-02-12 15:44:16,924 - excel.graph_api - INFO - Successfully added 2 new tournaments to Excel
2026-02-12 15:44:16,925 - root - INFO - Excel sheet updated successfully
2026-02-12 15:44:16,990 - scraper.selenium_scraper - INFO - Chrome driver closed
2026-02-12 15:44:16,990 - root - INFO - Selenium driver closed
2026-02-12 15:44:16,990 - root - INFO - Script execution completed
