2026-03-19 10:33:17,152 - root - INFO - Logger initialized successfully
2026-03-19 10:33:17,152 - root - INFO - Log file: /home/runner/work/super-player-auction-scraper/super-player-auction-scraper/logs/scraper_20260319_103317.log
2026-03-19 10:33:17,152 - root - INFO - Starting Super Player Auction scraper
2026-03-19 10:33:17,152 - utils.config - INFO - Credentials loaded from environment variables
2026-03-19 10:33:17,152 - utils.config - INFO - Settings loaded successfully
2026-03-19 10:33:17,152 - root - INFO - Initializing Selenium scraper
2026-03-19 10:33:17,152 - scraper.selenium_scraper - INFO - Running in GitHub Actions environment
2026-03-19 10:33:24,238 - scraper.selenium_scraper - INFO - Chrome driver initialized successfully
2026-03-19 10:33:24,238 - root - INFO - Scraping tournament data
2026-03-19 10:33:24,238 - scraper.selenium_scraper - INFO - Starting to scrape tournament data
2026-03-19 10:33:25,357 - scraper.selenium_scraper - INFO - Waiting for page to load...
2026-03-19 10:33:30,362 - scraper.selenium_scraper - INFO - Scrolling to load all auction cards...
2026-03-19 10:33:42,487 - scraper.selenium_scraper - INFO - Saved page screenshot to /home/runner/work/super-player-auction-scraper/super-player-auction-scraper/logs/screenshots/page_loaded_20260319103342.png
2026-03-19 10:33:42,488 - scraper.selenium_scraper - INFO - Looking for auction cards...
2026-03-19 10:33:42,511 - scraper.selenium_scraper - INFO - Found 20 auction cards
2026-03-19 10:33:43,290 - scraper.selenium_scraper - INFO - Scraped tournament 1: MCPL 2026
2026-03-19 10:33:43,975 - scraper.selenium_scraper - INFO - Scraped tournament 2: FLICK BADMINTON LEAGUE
2026-03-19 10:33:44,658 - scraper.selenium_scraper - INFO - Scraped tournament 3: Nice Fantasy Auction
2026-03-19 10:33:45,341 - scraper.selenium_scraper - INFO - Scraped tournament 4: BSA League - 1
2026-03-19 10:33:46,022 - scraper.selenium_scraper - INFO - Scraped tournament 5: DADA CUP
2026-03-19 10:33:46,707 - scraper.selenium_scraper - INFO - Scraped tournament 6: MPL Cup 2026
2026-03-19 10:33:47,390 - scraper.selenium_scraper - INFO - Scraped tournament 7: UNITY CUP Season 3 [2026-27]
2026-03-19 10:33:48,069 - scraper.selenium_scraper - INFO - Scraped tournament 8: Super Cricket League
2026-03-19 10:33:48,754 - scraper.selenium_scraper - INFO - Scraped tournament 9: SIKAR PREMIER LEAGUE 2025
2026-03-19 10:33:49,435 - scraper.selenium_scraper - INFO - Scraped tournament 10: ROHAT PREMIER LEAGUE
2026-03-19 10:33:50,117 - scraper.selenium_scraper - INFO - Scraped tournament 11: SUPER FOOTBALL CHAMPIONSHIP
2026-03-19 10:33:50,811 - scraper.selenium_scraper - INFO - Scraped tournament 12: Super Cricket League
2026-03-19 10:33:51,492 - scraper.selenium_scraper - INFO - Scraped tournament 13: BJP
2026-03-19 10:33:52,172 - scraper.selenium_scraper - INFO - Scraped tournament 14: SUPER CRICKRT LEAGUE - MAHIPAL
2026-03-19 10:33:52,853 - scraper.selenium_scraper - INFO - Scraped tournament 15: BOTAD PREMIER LEAGUE 3
2026-03-19 10:33:53,535 - scraper.selenium_scraper - INFO - Scraped tournament 16: DAMAN PREMIER LEAGUE 2026
2026-03-19 10:33:54,220 - scraper.selenium_scraper - INFO - Scraped tournament 17: NMCL SEASON -1.0
2026-03-19 10:33:54,900 - scraper.selenium_scraper - INFO - Scraped tournament 18: KOMBANZ PREMIER LEAGUE
2026-03-19 10:33:55,581 - scraper.selenium_scraper - INFO - Scraped tournament 19: KMPL SEASON 4
2026-03-19 10:33:56,270 - scraper.selenium_scraper - INFO - Scraped tournament 20: BBBL
2026-03-19 10:33:56,271 - root - INFO - Successfully scraped 20 tournaments
2026-03-19 10:33:56,271 - root - INFO - Saved scraped data to /home/runner/work/super-player-auction-scraper/super-player-auction-scraper/data/tournament_data_20260319-103356.json
2026-03-19 10:33:56,271 - root - INFO - Initializing Graph API
2026-03-19 10:33:56,272 - excel.graph_api - INFO - Extracted file ID: 9e836ed5-f58f-4dc7-a969-3c62b255f3ea
2026-03-19 10:33:56,272 - excel.graph_api - INFO - Extracted site ID: CorpDevaaf94619130d4a79af9f3aeae502bdb5
2026-03-19 10:33:56,272 - root - INFO - Authenticating with Microsoft Graph API
2026-03-19 10:33:56,711 - excel.graph_api - INFO - Authentication successful
2026-03-19 10:33:56,711 - root - INFO - Updating Excel sheet with scraped data
2026-03-19 10:33:57,656 - excel.graph_api - INFO - Retrieved drive ID: b!MXUqfmBgAkyqAi_g7J1PO_6yKSWnHbZCs3mpe4EkYuX6d8izcdJxRb78S6OW5SIB
2026-03-19 10:33:59,887 - excel.graph_api - INFO - Retrieved 1360 rows from Excel
2026-03-19 10:34:00,753 - excel.graph_api - INFO - No new tournaments to add
2026-03-19 10:34:00,754 - root - INFO - Excel sheet updated successfully
2026-03-19 10:34:00,829 - scraper.selenium_scraper - INFO - Chrome driver closed
2026-03-19 10:34:00,829 - root - INFO - Selenium driver closed
2026-03-19 10:34:00,829 - root - INFO - Script execution completed
