2025-11-22 10:13:38,552 - root - INFO - Logger initialized successfully
2025-11-22 10:13:38,552 - root - INFO - Log file: /home/runner/work/super-player-auction-scraper/super-player-auction-scraper/logs/scraper_20251122_101338.log
2025-11-22 10:13:38,552 - root - INFO - Starting Super Player Auction scraper
2025-11-22 10:13:38,552 - utils.config - INFO - Credentials loaded from environment variables
2025-11-22 10:13:38,552 - utils.config - INFO - Settings loaded successfully
2025-11-22 10:13:38,552 - root - INFO - Initializing Selenium scraper
2025-11-22 10:13:38,552 - scraper.selenium_scraper - INFO - Running in GitHub Actions environment
2025-11-22 10:13:40,323 - selenium.webdriver.common.selenium_manager - WARNING - The chromedriver version (142.0.7444.162) detected in PATH at /usr/bin/chromedriver might not be compatible with the detected chrome version (142.0.7444.162); currently, chromedriver 142.0.7444.175 is recommended for chrome 142.*, so it is advised to delete the driver in PATH and retry
2025-11-22 10:13:48,811 - scraper.selenium_scraper - INFO - Chrome driver initialized successfully
2025-11-22 10:13:48,811 - root - INFO - Scraping tournament data
2025-11-22 10:13:48,811 - scraper.selenium_scraper - INFO - Starting to scrape tournament data
2025-11-22 10:13:49,660 - scraper.selenium_scraper - INFO - Waiting for page to load...
2025-11-22 10:13:54,665 - scraper.selenium_scraper - INFO - Scrolling to load all auction cards...
2025-11-22 10:14:06,805 - scraper.selenium_scraper - INFO - Saved page screenshot to /home/runner/work/super-player-auction-scraper/super-player-auction-scraper/logs/screenshots/page_loaded_20251122101406.png
2025-11-22 10:14:06,805 - scraper.selenium_scraper - INFO - Looking for auction cards...
2025-11-22 10:14:06,838 - scraper.selenium_scraper - INFO - Found 20 auction cards
2025-11-22 10:14:07,575 - scraper.selenium_scraper - INFO - Scraped tournament 1: ICCPL Men's Auction 2025
2025-11-22 10:14:08,305 - scraper.selenium_scraper - INFO - Scraped tournament 2: ICCPL Women's Auction 2025
2025-11-22 10:14:08,999 - scraper.selenium_scraper - INFO - Scraped tournament 3: Sind Society Premier League 8.0
2025-11-22 10:14:09,691 - scraper.selenium_scraper - INFO - Scraped tournament 4: TenX Premier League - Season 3 (KIDS)
2025-11-22 10:14:10,382 - scraper.selenium_scraper - INFO - Scraped tournament 5: TNPL PREMIER LEAGUE SEASON 4
2025-11-22 10:14:11,081 - scraper.selenium_scraper - INFO - Scraped tournament 6: TenX Premier League - Season 3 (MENS 17+)
2025-11-22 10:14:11,772 - scraper.selenium_scraper - INFO - Scraped tournament 7: TenX Premier League - Season 3 (MENS 40+)
2025-11-22 10:14:12,465 - scraper.selenium_scraper - INFO - Scraped tournament 8: TenX Premier League - Season 3 (WOMENS 17+)
2025-11-22 10:14:13,157 - scraper.selenium_scraper - INFO - Scraped tournament 9: SHREE ATAL CUP 225
2025-11-22 10:14:13,848 - scraper.selenium_scraper - INFO - Scraped tournament 10: BCL SEASON 3
2025-11-22 10:14:14,549 - scraper.selenium_scraper - INFO - Scraped tournament 11: MTF Premier League Season 4
2025-11-22 10:14:15,240 - scraper.selenium_scraper - INFO - Scraped tournament 12: Uganavadi Champions League-2025 Nisarga Cup
2025-11-22 10:14:15,930 - scraper.selenium_scraper - INFO - Scraped tournament 13: KARKALA BEDRA PREMIER LEAGUE 2025
2025-11-22 10:14:16,623 - scraper.selenium_scraper - INFO - Scraped tournament 14: LEAGUE OF CHAMPIONS-1
2025-11-22 10:14:17,312 - scraper.selenium_scraper - INFO - Scraped tournament 15: Arjun DEMO
2025-11-22 10:14:18,003 - scraper.selenium_scraper - INFO - Scraped tournament 16: ABSA BUNTS CUP 4TH EDITION
2025-11-22 10:14:18,695 - scraper.selenium_scraper - INFO - Scraped tournament 17: Streamify Cup Silver Category
2025-11-22 10:14:19,383 - scraper.selenium_scraper - INFO - Scraped tournament 18: Streamify Cup Open Category
2025-11-22 10:14:20,079 - scraper.selenium_scraper - INFO - Scraped tournament 19: CCL 2.0 PREMIER LEAGUE SEASON 1
2025-11-22 10:14:20,769 - scraper.selenium_scraper - INFO - Scraped tournament 20: Bhatkal Premier League - 2026
2025-11-22 10:14:20,769 - root - INFO - Successfully scraped 20 tournaments
2025-11-22 10:14:20,770 - root - INFO - Saved scraped data to /home/runner/work/super-player-auction-scraper/super-player-auction-scraper/data/tournament_data_20251122-101420.json
2025-11-22 10:14:20,770 - root - INFO - Initializing Graph API
2025-11-22 10:14:20,770 - excel.graph_api - INFO - Extracted file ID: 9e836ed5-f58f-4dc7-a969-3c62b255f3ea
2025-11-22 10:14:20,770 - excel.graph_api - INFO - Extracted site ID: CorpDevaaf94619130d4a79af9f3aeae502bdb5
2025-11-22 10:14:20,770 - root - INFO - Authenticating with Microsoft Graph API
2025-11-22 10:14:21,032 - excel.graph_api - ERROR - Authentication failed: AADSTS7000222: The provided client secret keys for app 'f45467f0-629b-4712-a029-cd1289854747' are expired. Visit the Azure portal to create new keys for your app: https://aka.ms/NewClientSecret, or consider using certificate credentials for added security: https://aka.ms/certCreds. Trace ID: c516aa23-d430-4614-8032-c2ea532f0001 Correlation ID: 1e61b274-3865-4dfe-ab9a-d6bcbdd18c1b Timestamp: 2025-11-22 10:14:20Z
2025-11-22 10:14:21,033 - root - ERROR - Failed to authenticate with Microsoft Graph API
2025-11-22 10:14:21,105 - scraper.selenium_scraper - INFO - Chrome driver closed
2025-11-22 10:14:21,105 - root - INFO - Selenium driver closed
2025-11-22 10:14:21,105 - root - INFO - Script execution completed
