2025-06-05 10:48:18,139 - root - INFO - Logger initialized successfully
2025-06-05 10:48:18,139 - root - INFO - Log file: /home/runner/work/super-player-auction-scraper/super-player-auction-scraper/logs/scraper_20250605_104818.log
2025-06-05 10:48:18,139 - root - INFO - Starting Super Player Auction scraper
2025-06-05 10:48:18,139 - utils.config - INFO - Credentials loaded from environment variables
2025-06-05 10:48:18,140 - utils.config - INFO - Settings loaded successfully
2025-06-05 10:48:18,140 - root - INFO - Initializing Selenium scraper
2025-06-05 10:48:18,140 - scraper.selenium_scraper - INFO - Running in GitHub Actions environment
2025-06-05 10:48:21,342 - selenium.webdriver.common.selenium_manager - WARNING - The chromedriver version (137.0.7151.55) detected in PATH at /usr/bin/chromedriver might not be compatible with the detected chrome version (137.0.7151.55); currently, chromedriver 137.0.7151.68 is recommended for chrome 137.*, so it is advised to delete the driver in PATH and retry
2025-06-05 10:48:33,937 - scraper.selenium_scraper - INFO - Chrome driver initialized successfully
2025-06-05 10:48:33,938 - root - INFO - Scraping tournament data
2025-06-05 10:48:33,938 - scraper.selenium_scraper - INFO - Starting to scrape tournament data
2025-06-05 10:48:35,076 - scraper.selenium_scraper - INFO - Waiting for page to load...
2025-06-05 10:48:40,081 - scraper.selenium_scraper - INFO - Scrolling to load all auction cards...
2025-06-05 10:48:52,204 - scraper.selenium_scraper - INFO - Saved page screenshot to /home/runner/work/super-player-auction-scraper/super-player-auction-scraper/logs/screenshots/page_loaded_20250605104852.png
2025-06-05 10:48:52,204 - scraper.selenium_scraper - INFO - Looking for auction cards...
2025-06-05 10:48:52,238 - scraper.selenium_scraper - INFO - Found 20 auction cards
2025-06-05 10:48:52,994 - scraper.selenium_scraper - INFO - Scraped tournament 1: SCLPS league
2025-06-05 10:48:53,695 - scraper.selenium_scraper - INFO - Scraped tournament 2: Olympus Badminton League 1.0
2025-06-05 10:48:54,518 - scraper.selenium_scraper - INFO - Scraped tournament 3: Amar Ujala Premier League
2025-06-05 10:48:55,215 - scraper.selenium_scraper - INFO - Scraped tournament 4: PALAKKAD CRICKET LEAGUE
2025-06-05 10:48:55,911 - scraper.selenium_scraper - INFO - Scraped tournament 5: ArjunDMUP
2025-06-05 10:48:56,606 - scraper.selenium_scraper - INFO - Scraped tournament 6: Gpl 2025
2025-06-05 10:48:57,308 - scraper.selenium_scraper - INFO - Scraped tournament 7: SPL AHMEDABAD-2025
2025-06-05 10:48:58,007 - scraper.selenium_scraper - INFO - Scraped tournament 8: UDUPI PREMIER LEAGUE - SEASON 5
2025-06-05 10:48:58,706 - scraper.selenium_scraper - INFO - Scraped tournament 9: Dholi Samaj Premiere League Sisseion-2
2025-06-05 10:48:59,402 - scraper.selenium_scraper - INFO - Scraped tournament 10: Khel-o-Utsav
2025-06-05 10:49:00,112 - scraper.selenium_scraper - INFO - Scraped tournament 11: Subway Box Cricket Auction
2025-06-05 10:49:00,807 - scraper.selenium_scraper - INFO - Scraped tournament 12: VIVO HPL 2025
2025-06-05 10:49:01,503 - scraper.selenium_scraper - INFO - Scraped tournament 13: WPL (SEASON -28)
2025-06-05 10:49:02,248 - scraper.selenium_scraper - INFO - Scraped tournament 14: HAPPY PREMIERE LANGUAGE
2025-06-05 10:49:02,955 - scraper.selenium_scraper - INFO - Scraped tournament 15: Indian Premier League
2025-06-05 10:49:03,655 - scraper.selenium_scraper - INFO - Scraped tournament 16: SUPER SEVEN LEAGUE SEASON-2
2025-06-05 10:49:04,351 - scraper.selenium_scraper - INFO - Scraped tournament 17: PPSPL 3.O
2025-06-05 10:49:05,053 - scraper.selenium_scraper - INFO - Scraped tournament 18: GVPL
2025-06-05 10:49:05,752 - scraper.selenium_scraper - INFO - Scraped tournament 19: HALPATI SAMAJ PRIMIER LEAGUE
2025-06-05 10:49:06,445 - scraper.selenium_scraper - INFO - Scraped tournament 20: Devmanpur Premier League
2025-06-05 10:49:06,445 - root - INFO - Successfully scraped 20 tournaments
2025-06-05 10:49:06,446 - root - INFO - Saved scraped data to /home/runner/work/super-player-auction-scraper/super-player-auction-scraper/data/tournament_data_20250605-104906.json
2025-06-05 10:49:06,446 - root - INFO - Initializing Graph API
2025-06-05 10:49:06,447 - excel.graph_api - INFO - Extracted file ID: 9e836ed5-f58f-4dc7-a969-3c62b255f3ea
2025-06-05 10:49:06,447 - excel.graph_api - INFO - Extracted site ID: CorpDevaaf94619130d4a79af9f3aeae502bdb5
2025-06-05 10:49:06,447 - root - INFO - Authenticating with Microsoft Graph API
2025-06-05 10:49:06,867 - excel.graph_api - INFO - Authentication successful
2025-06-05 10:49:06,867 - root - INFO - Updating Excel sheet with scraped data
2025-06-05 10:49:07,341 - excel.graph_api - INFO - Retrieved drive ID: b!MXUqfmBgAkyqAi_g7J1PO_6yKSWnHbZCs3mpe4EkYuX6d8izcdJxRb78S6OW5SIB
2025-06-05 10:49:08,497 - excel.graph_api - INFO - Retrieved 230 rows from Excel
2025-06-05 10:49:09,161 - excel.graph_api - INFO - Updating range A232:M233 with 2 new entries
2025-06-05 10:49:10,050 - excel.graph_api - INFO - Successfully added 2 new tournaments to Excel
2025-06-05 10:49:10,051 - root - INFO - Excel sheet updated successfully
2025-06-05 10:49:10,120 - scraper.selenium_scraper - INFO - Chrome driver closed
2025-06-05 10:49:10,120 - root - INFO - Selenium driver closed
2025-06-05 10:49:10,120 - root - INFO - Script execution completed
