2026-03-10 15:53:43,926 - root - INFO - Logger initialized successfully
2026-03-10 15:53:43,926 - root - INFO - Log file: /home/runner/work/super-player-auction-scraper/super-player-auction-scraper/logs/scraper_20260310_155343.log
2026-03-10 15:53:43,926 - root - INFO - Starting Super Player Auction scraper
2026-03-10 15:53:43,926 - utils.config - INFO - Credentials loaded from environment variables
2026-03-10 15:53:43,926 - utils.config - INFO - Settings loaded successfully
2026-03-10 15:53:43,926 - root - INFO - Initializing Selenium scraper
2026-03-10 15:53:43,926 - scraper.selenium_scraper - INFO - Running in GitHub Actions environment
2026-03-10 15:53:57,227 - scraper.selenium_scraper - INFO - Chrome driver initialized successfully
2026-03-10 15:53:57,228 - root - INFO - Scraping tournament data
2026-03-10 15:53:57,228 - scraper.selenium_scraper - INFO - Starting to scrape tournament data
2026-03-10 15:53:58,166 - scraper.selenium_scraper - INFO - Waiting for page to load...
2026-03-10 15:54:03,169 - scraper.selenium_scraper - INFO - Scrolling to load all auction cards...
2026-03-10 15:54:15,362 - scraper.selenium_scraper - INFO - Saved page screenshot to /home/runner/work/super-player-auction-scraper/super-player-auction-scraper/logs/screenshots/page_loaded_20260310155415.png
2026-03-10 15:54:15,362 - scraper.selenium_scraper - INFO - Looking for auction cards...
2026-03-10 15:54:15,388 - scraper.selenium_scraper - INFO - Found 20 auction cards
2026-03-10 15:54:16,123 - scraper.selenium_scraper - INFO - Scraped tournament 1: NOTANDAS PREMIER LEAGUE (NPL)
2026-03-10 15:54:16,916 - scraper.selenium_scraper - INFO - Scraped tournament 2: SPL-2
2026-03-10 15:54:17,609 - scraper.selenium_scraper - INFO - Scraped tournament 3: Butterfly TTSL Maharashtra 2026
2026-03-10 15:54:18,304 - scraper.selenium_scraper - INFO - Scraped tournament 4: RELIANCE SPL 2026
2026-03-10 15:54:18,999 - scraper.selenium_scraper - INFO - Scraped tournament 5: MCPL 2026
2026-03-10 15:54:19,694 - scraper.selenium_scraper - INFO - Scraped tournament 6: BSA League - 1
2026-03-10 15:54:20,443 - scraper.selenium_scraper - INFO - Scraped tournament 7: UNITY CUP Season 3 [2026-27]
2026-03-10 15:54:21,140 - scraper.selenium_scraper - INFO - Scraped tournament 8: SIKAR PREMIER LEAGUE 2025
2026-03-10 15:54:21,835 - scraper.selenium_scraper - INFO - Scraped tournament 9: ROHAT PREMIER LEAGUE
2026-03-10 15:54:22,528 - scraper.selenium_scraper - INFO - Scraped tournament 10: SUPER FOOTBALL CHAMPIONSHIP
2026-03-10 15:54:23,222 - scraper.selenium_scraper - INFO - Scraped tournament 11: NPL
2026-03-10 15:54:23,922 - scraper.selenium_scraper - INFO - Scraped tournament 12: BJP
2026-03-10 15:54:24,614 - scraper.selenium_scraper - INFO - Scraped tournament 13: SUPER CRICKRT LEAGUE - MAHIPAL
2026-03-10 15:54:25,303 - scraper.selenium_scraper - INFO - Scraped tournament 14: JITO CRICKET LEAGUE 3.0
2026-03-10 15:54:26,001 - scraper.selenium_scraper - INFO - Scraped tournament 15: LONI PREMIER LEAGUE NAMDAR CUP 2026
2026-03-10 15:54:26,697 - scraper.selenium_scraper - INFO - Scraped tournament 16: KARAIKAL CHAMPIONS LEAGUE
2026-03-10 15:54:27,393 - scraper.selenium_scraper - INFO - Scraped tournament 17: THANE DISTRICT ADVOCATE PREMIER LEAGUE
2026-03-10 15:54:28,106 - scraper.selenium_scraper - INFO - Scraped tournament 18: SUNDAY CRICKET CLUB SUPER 20-20
2026-03-10 15:54:28,799 - scraper.selenium_scraper - INFO - Scraped tournament 19: RANUJ GAM CRICKET LEAGUE
2026-03-10 15:54:29,503 - scraper.selenium_scraper - INFO - Scraped tournament 20: SAMEER BHAU KAMBLE CHASHAK 2026
2026-03-10 15:54:29,503 - root - INFO - Successfully scraped 20 tournaments
2026-03-10 15:54:29,504 - root - INFO - Saved scraped data to /home/runner/work/super-player-auction-scraper/super-player-auction-scraper/data/tournament_data_20260310-155429.json
2026-03-10 15:54:29,504 - root - INFO - Initializing Graph API
2026-03-10 15:54:29,504 - excel.graph_api - INFO - Extracted file ID: 9e836ed5-f58f-4dc7-a969-3c62b255f3ea
2026-03-10 15:54:29,505 - excel.graph_api - INFO - Extracted site ID: CorpDevaaf94619130d4a79af9f3aeae502bdb5
2026-03-10 15:54:29,505 - root - INFO - Authenticating with Microsoft Graph API
2026-03-10 15:54:29,676 - excel.graph_api - INFO - Authentication successful
2026-03-10 15:54:29,676 - root - INFO - Updating Excel sheet with scraped data
2026-03-10 15:54:30,157 - excel.graph_api - INFO - Retrieved drive ID: b!MXUqfmBgAkyqAi_g7J1PO_6yKSWnHbZCs3mpe4EkYuX6d8izcdJxRb78S6OW5SIB
2026-03-10 15:54:32,258 - excel.graph_api - INFO - Retrieved 1321 rows from Excel
2026-03-10 15:54:33,725 - excel.graph_api - INFO - Updating range A1323:M1323 with 1 new entries
2026-03-10 15:54:36,520 - excel.graph_api - INFO - Successfully added 1 new tournaments to Excel
2026-03-10 15:54:36,521 - root - INFO - Excel sheet updated successfully
2026-03-10 15:54:36,589 - scraper.selenium_scraper - INFO - Chrome driver closed
2026-03-10 15:54:36,589 - root - INFO - Selenium driver closed
2026-03-10 15:54:36,589 - root - INFO - Script execution completed
