2025-10-27 15:14:30,317 - root - INFO - Logger initialized successfully
2025-10-27 15:14:30,317 - root - INFO - Log file: /home/runner/work/super-player-auction-scraper/super-player-auction-scraper/logs/scraper_20251027_151430.log
2025-10-27 15:14:30,317 - root - INFO - Starting Super Player Auction scraper
2025-10-27 15:14:30,317 - utils.config - INFO - Credentials loaded from environment variables
2025-10-27 15:14:30,318 - utils.config - INFO - Settings loaded successfully
2025-10-27 15:14:30,318 - root - INFO - Initializing Selenium scraper
2025-10-27 15:14:30,318 - scraper.selenium_scraper - INFO - Running in GitHub Actions environment
2025-10-27 15:14:39,083 - scraper.selenium_scraper - INFO - Chrome driver initialized successfully
2025-10-27 15:14:39,083 - root - INFO - Scraping tournament data
2025-10-27 15:14:39,083 - scraper.selenium_scraper - INFO - Starting to scrape tournament data
2025-10-27 15:14:39,827 - scraper.selenium_scraper - INFO - Waiting for page to load...
2025-10-27 15:14:44,827 - scraper.selenium_scraper - INFO - Scrolling to load all auction cards...
2025-10-27 15:14:56,962 - scraper.selenium_scraper - INFO - Saved page screenshot to /home/runner/work/super-player-auction-scraper/super-player-auction-scraper/logs/screenshots/page_loaded_20251027151456.png
2025-10-27 15:14:56,963 - scraper.selenium_scraper - INFO - Looking for auction cards...
2025-10-27 15:14:56,992 - scraper.selenium_scraper - INFO - Found 20 auction cards
2025-10-27 15:14:57,711 - scraper.selenium_scraper - INFO - Scraped tournament 1: Phoenix Cricket Cup
2025-10-27 15:14:58,481 - scraper.selenium_scraper - INFO - Scraped tournament 2: Pathanamthitta Cricket League
2025-10-27 15:14:59,163 - scraper.selenium_scraper - INFO - Scraped tournament 3: JITO FAMILY TURF EVENT SEASON-8
2025-10-27 15:14:59,843 - scraper.selenium_scraper - INFO - Scraped tournament 4: YSL Season 6
2025-10-27 15:15:00,522 - scraper.selenium_scraper - INFO - Scraped tournament 5: OPL Season 5
2025-10-27 15:15:01,206 - scraper.selenium_scraper - INFO - Scraped tournament 6: TCC Premier Leage - Season 6
2025-10-27 15:15:01,896 - scraper.selenium_scraper - INFO - Scraped tournament 7: Kumbhar Premier league
2025-10-27 15:15:02,589 - scraper.selenium_scraper - INFO - Scraped tournament 8: JAIN PREMIER LEAUGE NAWAPARA RAJIM -3
2025-10-27 15:15:03,272 - scraper.selenium_scraper - INFO - Scraped tournament 9: Goan Premier League 2025
2025-10-27 15:15:03,953 - scraper.selenium_scraper - INFO - Scraped tournament 10: PANJIM GYMKHANA MEMBERS LEAGUE 2025
2025-10-27 15:15:04,634 - scraper.selenium_scraper - INFO - Scraped tournament 11: DDS PREMIER LEAGUE SEASON 3
2025-10-27 15:15:05,320 - scraper.selenium_scraper - INFO - Scraped tournament 12: ArjunDMUP
2025-10-27 15:15:05,999 - scraper.selenium_scraper - INFO - Scraped tournament 13: ABSA BUNTS CUP 4TH EDITION
2025-10-27 15:15:06,677 - scraper.selenium_scraper - INFO - Scraped tournament 14: Battle for Glory - 2025
2025-10-27 15:15:07,361 - scraper.selenium_scraper - INFO - Scraped tournament 15: NORTH INDIA CORPORATE CRICKET LEAGUE SEASON 1
2025-10-27 15:15:08,040 - scraper.selenium_scraper - INFO - Scraped tournament 16: MALKANGIRI PREMIER LEAGUE - 2025
2025-10-27 15:15:08,722 - scraper.selenium_scraper - INFO - Scraped tournament 17: EMIRATES PREMIER LEAGUE SEASON. 5
2025-10-27 15:15:09,405 - scraper.selenium_scraper - INFO - Scraped tournament 18: KARNATAKA SEERVI PREMIER LEAGUE -4
2025-10-27 15:15:10,084 - scraper.selenium_scraper - INFO - Scraped tournament 19: NUTRAJ Premier League
2025-10-27 15:15:10,772 - scraper.selenium_scraper - INFO - Scraped tournament 20: VANJARI PREMIER LEAGUE 2025 "SEASON 4"
2025-10-27 15:15:10,772 - root - INFO - Successfully scraped 20 tournaments
2025-10-27 15:15:10,772 - root - INFO - Saved scraped data to /home/runner/work/super-player-auction-scraper/super-player-auction-scraper/data/tournament_data_20251027-151510.json
2025-10-27 15:15:10,773 - root - INFO - Initializing Graph API
2025-10-27 15:15:10,773 - excel.graph_api - INFO - Extracted file ID: 9e836ed5-f58f-4dc7-a969-3c62b255f3ea
2025-10-27 15:15:10,773 - excel.graph_api - INFO - Extracted site ID: CorpDevaaf94619130d4a79af9f3aeae502bdb5
2025-10-27 15:15:10,773 - root - INFO - Authenticating with Microsoft Graph API
2025-10-27 15:15:11,162 - excel.graph_api - INFO - Authentication successful
2025-10-27 15:15:11,162 - root - INFO - Updating Excel sheet with scraped data
2025-10-27 15:15:12,052 - excel.graph_api - INFO - Retrieved drive ID: b!MXUqfmBgAkyqAi_g7J1PO_6yKSWnHbZCs3mpe4EkYuX6d8izcdJxRb78S6OW5SIB
2025-10-27 15:15:13,688 - excel.graph_api - INFO - Retrieved 673 rows from Excel
2025-10-27 15:15:14,748 - excel.graph_api - INFO - Updating range A675:M675 with 1 new entries
2025-10-27 15:15:17,097 - excel.graph_api - INFO - Successfully added 1 new tournaments to Excel
2025-10-27 15:15:17,098 - root - INFO - Excel sheet updated successfully
2025-10-27 15:15:17,171 - scraper.selenium_scraper - INFO - Chrome driver closed
2025-10-27 15:15:17,171 - root - INFO - Selenium driver closed
2025-10-27 15:15:17,171 - root - INFO - Script execution completed
