2026-05-10 15:44:02,535 - root - INFO - Logger initialized successfully
2026-05-10 15:44:02,536 - root - INFO - Log file: /home/runner/work/super-player-auction-scraper/super-player-auction-scraper/logs/scraper_20260510_154402.log
2026-05-10 15:44:02,536 - root - INFO - Starting Super Player Auction scraper
2026-05-10 15:44:02,536 - utils.config - INFO - Credentials loaded from environment variables
2026-05-10 15:44:02,536 - utils.config - INFO - Settings loaded successfully
2026-05-10 15:44:02,536 - root - INFO - Initializing Selenium scraper
2026-05-10 15:44:02,536 - scraper.selenium_scraper - INFO - Running in GitHub Actions environment
2026-05-10 15:44:04,193 - selenium.webdriver.common.selenium_manager - WARNING - The chromedriver version (147.0.7727.56) detected in PATH at /usr/bin/chromedriver might not be compatible with the detected chrome version (147.0.7727.55); currently, chromedriver 147.0.7727.117 is recommended for chrome 147.*, so it is advised to delete the driver in PATH and retry
2026-05-10 15:44:11,064 - scraper.selenium_scraper - INFO - Chrome driver initialized successfully
2026-05-10 15:44:11,064 - root - INFO - Scraping tournament data
2026-05-10 15:44:11,064 - scraper.selenium_scraper - INFO - Starting to scrape tournament data
2026-05-10 15:44:11,805 - scraper.selenium_scraper - INFO - Waiting for page to load...
2026-05-10 15:44:16,811 - scraper.selenium_scraper - INFO - Scrolling to load all auction cards...
2026-05-10 15:44:28,954 - scraper.selenium_scraper - INFO - Saved page screenshot to /home/runner/work/super-player-auction-scraper/super-player-auction-scraper/logs/screenshots/page_loaded_20260510154428.png
2026-05-10 15:44:28,954 - scraper.selenium_scraper - INFO - Looking for auction cards...
2026-05-10 15:44:28,981 - scraper.selenium_scraper - INFO - Found 20 auction cards
2026-05-10 15:44:29,709 - scraper.selenium_scraper - INFO - Scraped tournament 1: Patidar Swajan Premiere League Season 3 (Women's)
2026-05-10 15:44:30,460 - scraper.selenium_scraper - INFO - Scraped tournament 2: Patidar Swajan Premiere League Season 3 (Men's)
2026-05-10 15:44:31,156 - scraper.selenium_scraper - INFO - Scraped tournament 3: KORADI MAHADHULA PREMIER LEAGUE
2026-05-10 15:44:31,859 - scraper.selenium_scraper - INFO - Scraped tournament 4: SPL 3
2026-05-10 15:44:32,559 - scraper.selenium_scraper - INFO - Scraped tournament 5: SCL MANALI
2026-05-10 15:44:33,272 - scraper.selenium_scraper - INFO - Scraped tournament 6: Hariprabodham Cricket League Season 4.0
2026-05-10 15:44:33,975 - scraper.selenium_scraper - INFO - Scraped tournament 7: SUPER FOOTBALL CHAMPIONSHIP
2026-05-10 15:44:34,661 - scraper.selenium_scraper - INFO - Scraped tournament 8: REPUBLIC CUP 2.0
2026-05-10 15:44:35,348 - scraper.selenium_scraper - INFO - Scraped tournament 9: Auction Demo Jodi
2026-05-10 15:44:36,038 - scraper.selenium_scraper - INFO - Scraped tournament 10: Super Cricket League
2026-05-10 15:44:36,764 - scraper.selenium_scraper - INFO - Scraped tournament 11: SIKAR PREMIER LEAGUE 2025
2026-05-10 15:44:37,451 - scraper.selenium_scraper - INFO - Scraped tournament 12: BJP
2026-05-10 15:44:38,138 - scraper.selenium_scraper - INFO - Scraped tournament 13: SUPER LEAGUE GROUP
2026-05-10 15:44:38,824 - scraper.selenium_scraper - INFO - Scraped tournament 14: SUPER CRICKET LEAGUE
2026-05-10 15:44:39,512 - scraper.selenium_scraper - INFO - Scraped tournament 15: BIRBAL DHABAS MEMORIAL LEAGUE
2026-05-10 15:44:40,201 - scraper.selenium_scraper - INFO - Scraped tournament 16: Barshi Premier League 2026
2026-05-10 15:44:40,882 - scraper.selenium_scraper - INFO - Scraped tournament 17: Himachal Tennis Cricket League T10
2026-05-10 15:44:41,566 - scraper.selenium_scraper - INFO - Scraped tournament 18: JITO PICKLE BALL TOURNAMENT 2026
2026-05-10 15:44:42,261 - scraper.selenium_scraper - INFO - Scraped tournament 19: SATARA DISTRICT PREMIER LEAGUE
2026-05-10 15:44:42,947 - scraper.selenium_scraper - INFO - Scraped tournament 20: Komi Ekta Box CRICKET Tournament
2026-05-10 15:44:42,947 - root - INFO - Successfully scraped 20 tournaments
2026-05-10 15:44:42,947 - root - INFO - Saved scraped data to /home/runner/work/super-player-auction-scraper/super-player-auction-scraper/data/tournament_data_20260510-154442.json
2026-05-10 15:44:42,948 - root - INFO - Initializing Graph API
2026-05-10 15:44:42,948 - excel.graph_api - INFO - Extracted file ID: 9e836ed5-f58f-4dc7-a969-3c62b255f3ea
2026-05-10 15:44:42,948 - excel.graph_api - INFO - Extracted site ID: CorpDevaaf94619130d4a79af9f3aeae502bdb5
2026-05-10 15:44:42,948 - root - INFO - Authenticating with Microsoft Graph API
2026-05-10 15:44:43,153 - excel.graph_api - INFO - Authentication successful
2026-05-10 15:44:43,153 - root - INFO - Updating Excel sheet with scraped data
2026-05-10 15:44:43,898 - excel.graph_api - INFO - Retrieved drive ID: b!MXUqfmBgAkyqAi_g7J1PO_6yKSWnHbZCs3mpe4EkYuX6d8izcdJxRb78S6OW5SIB
2026-05-10 15:44:45,796 - excel.graph_api - INFO - Retrieved 1586 rows from Excel
2026-05-10 15:44:46,693 - excel.graph_api - INFO - No new tournaments to add
2026-05-10 15:44:46,695 - root - INFO - Excel sheet updated successfully
2026-05-10 15:44:46,774 - scraper.selenium_scraper - INFO - Chrome driver closed
2026-05-10 15:44:46,774 - root - INFO - Selenium driver closed
2026-05-10 15:44:46,775 - root - INFO - Script execution completed
