2025-11-10 10:16:37,635 - root - INFO - Logger initialized successfully
2025-11-10 10:16:37,635 - root - INFO - Log file: /home/runner/work/super-player-auction-scraper/super-player-auction-scraper/logs/scraper_20251110_101637.log
2025-11-10 10:16:37,635 - root - INFO - Starting Super Player Auction scraper
2025-11-10 10:16:37,635 - utils.config - INFO - Credentials loaded from environment variables
2025-11-10 10:16:37,635 - utils.config - INFO - Settings loaded successfully
2025-11-10 10:16:37,635 - root - INFO - Initializing Selenium scraper
2025-11-10 10:16:37,635 - scraper.selenium_scraper - INFO - Running in GitHub Actions environment
2025-11-10 10:16:39,532 - selenium.webdriver.common.selenium_manager - WARNING - The chromedriver version (142.0.7444.59) detected in PATH at /usr/bin/chromedriver might not be compatible with the detected chrome version (142.0.7444.59); currently, chromedriver 142.0.7444.61 is recommended for chrome 142.*, so it is advised to delete the driver in PATH and retry
2025-11-10 10:16:58,230 - scraper.selenium_scraper - INFO - Chrome driver initialized successfully
2025-11-10 10:16:58,230 - root - INFO - Scraping tournament data
2025-11-10 10:16:58,230 - scraper.selenium_scraper - INFO - Starting to scrape tournament data
2025-11-10 10:16:59,583 - scraper.selenium_scraper - INFO - Waiting for page to load...
2025-11-10 10:17:04,588 - scraper.selenium_scraper - INFO - Scrolling to load all auction cards...
2025-11-10 10:17:16,804 - scraper.selenium_scraper - INFO - Saved page screenshot to /home/runner/work/super-player-auction-scraper/super-player-auction-scraper/logs/screenshots/page_loaded_20251110101716.png
2025-11-10 10:17:16,804 - scraper.selenium_scraper - INFO - Looking for auction cards...
2025-11-10 10:17:16,873 - scraper.selenium_scraper - INFO - Found 20 auction cards
2025-11-10 10:17:17,596 - scraper.selenium_scraper - INFO - Scraped tournament 1: Indoor Premier League 2025
2025-11-10 10:17:18,409 - scraper.selenium_scraper - INFO - Scraped tournament 2: HJPL SEASON -13
2025-11-10 10:17:19,097 - scraper.selenium_scraper - INFO - Scraped tournament 3: NUTRAJ Premier League
2025-11-10 10:17:19,786 - scraper.selenium_scraper - INFO - Scraped tournament 4: नीमच क्रिकेट लीग 2025
2025-11-10 10:17:20,471 - scraper.selenium_scraper - INFO - Scraped tournament 5: TNPL PREMIER LEAGUE SEASON 4
2025-11-10 10:17:21,167 - scraper.selenium_scraper - INFO - Scraped tournament 6: WPL AUCTION
2025-11-10 10:17:21,855 - scraper.selenium_scraper - INFO - Scraped tournament 7: ICCPL Men's Auction 2025
2025-11-10 10:17:22,544 - scraper.selenium_scraper - INFO - Scraped tournament 8: ICCPL Women's Auction 2025
2025-11-10 10:17:23,230 - scraper.selenium_scraper - INFO - Scraped tournament 9: Arjun DEMO
2025-11-10 10:17:23,916 - scraper.selenium_scraper - INFO - Scraped tournament 10: ABSA BUNTS CUP 4TH EDITION
2025-11-10 10:17:24,609 - scraper.selenium_scraper - INFO - Scraped tournament 11: CCL 2.0 PREMIER LEAGUE SEASON 1
2025-11-10 10:17:25,294 - scraper.selenium_scraper - INFO - Scraped tournament 12: Padmavati Premier League Season 1
2025-11-10 10:17:25,982 - scraper.selenium_scraper - INFO - Scraped tournament 13: Storable Cricket League - 2025
2025-11-10 10:17:26,670 - scraper.selenium_scraper - INFO - Scraped tournament 14: Builders Premier League 2.0
2025-11-10 10:17:27,355 - scraper.selenium_scraper - INFO - Scraped tournament 15: Healthcare Professional Cricket league 2025-26
2025-11-10 10:17:28,041 - scraper.selenium_scraper - INFO - Scraped tournament 16: Healthcare Professional Cricket league 2025-26 (Doctor)
2025-11-10 10:17:28,729 - scraper.selenium_scraper - INFO - Scraped tournament 17: VANJARI PREMIER LEAGUE 2025 "SEASON 4"
2025-11-10 10:17:29,415 - scraper.selenium_scraper - INFO - Scraped tournament 18: ARAB DREAMS BRC FOOTBALL LEAGUE
2025-11-10 10:17:30,100 - scraper.selenium_scraper - INFO - Scraped tournament 19: JPL-season-1
2025-11-10 10:17:30,793 - scraper.selenium_scraper - INFO - Scraped tournament 20: Yuva Maratha Chashak Players Registration
2025-11-10 10:17:30,793 - root - INFO - Successfully scraped 20 tournaments
2025-11-10 10:17:30,794 - root - INFO - Saved scraped data to /home/runner/work/super-player-auction-scraper/super-player-auction-scraper/data/tournament_data_20251110-101730.json
2025-11-10 10:17:30,794 - root - INFO - Initializing Graph API
2025-11-10 10:17:30,794 - excel.graph_api - INFO - Extracted file ID: 9e836ed5-f58f-4dc7-a969-3c62b255f3ea
2025-11-10 10:17:30,794 - excel.graph_api - INFO - Extracted site ID: CorpDevaaf94619130d4a79af9f3aeae502bdb5
2025-11-10 10:17:30,794 - root - INFO - Authenticating with Microsoft Graph API
2025-11-10 10:17:31,301 - excel.graph_api - INFO - Authentication successful
2025-11-10 10:17:31,301 - root - INFO - Updating Excel sheet with scraped data
2025-11-10 10:17:32,021 - excel.graph_api - INFO - Retrieved drive ID: b!MXUqfmBgAkyqAi_g7J1PO_6yKSWnHbZCs3mpe4EkYuX6d8izcdJxRb78S6OW5SIB
2025-11-10 10:17:33,880 - excel.graph_api - INFO - Retrieved 733 rows from Excel
2025-11-10 10:17:34,971 - excel.graph_api - INFO - Updating range A735:M736 with 2 new entries
2025-11-10 10:17:36,284 - excel.graph_api - INFO - Successfully added 2 new tournaments to Excel
2025-11-10 10:17:36,286 - root - INFO - Excel sheet updated successfully
2025-11-10 10:17:36,356 - scraper.selenium_scraper - INFO - Chrome driver closed
2025-11-10 10:17:36,356 - root - INFO - Selenium driver closed
2025-11-10 10:17:36,356 - root - INFO - Script execution completed
