2025-11-25 10:17:01,434 - root - INFO - Logger initialized successfully
2025-11-25 10:17:01,434 - root - INFO - Log file: /home/runner/work/super-player-auction-scraper/super-player-auction-scraper/logs/scraper_20251125_101701.log
2025-11-25 10:17:01,434 - root - INFO - Starting Super Player Auction scraper
2025-11-25 10:17:01,434 - utils.config - INFO - Credentials loaded from environment variables
2025-11-25 10:17:01,434 - utils.config - INFO - Settings loaded successfully
2025-11-25 10:17:01,434 - root - INFO - Initializing Selenium scraper
2025-11-25 10:17:01,434 - scraper.selenium_scraper - INFO - Running in GitHub Actions environment
2025-11-25 10:17:01,938 - selenium.webdriver.common.selenium_manager - WARNING - The chromedriver version (142.0.7444.162) detected in PATH at /usr/bin/chromedriver might not be compatible with the detected chrome version (142.0.7444.162); currently, chromedriver 142.0.7444.175 is recommended for chrome 142.*, so it is advised to delete the driver in PATH and retry
2025-11-25 10:17:07,025 - scraper.selenium_scraper - INFO - Chrome driver initialized successfully
2025-11-25 10:17:07,025 - root - INFO - Scraping tournament data
2025-11-25 10:17:07,025 - scraper.selenium_scraper - INFO - Starting to scrape tournament data
2025-11-25 10:17:07,992 - scraper.selenium_scraper - INFO - Waiting for page to load...
2025-11-25 10:17:12,998 - scraper.selenium_scraper - INFO - Scrolling to load all auction cards...
2025-11-25 10:17:25,124 - scraper.selenium_scraper - INFO - Saved page screenshot to /home/runner/work/super-player-auction-scraper/super-player-auction-scraper/logs/screenshots/page_loaded_20251125101725.png
2025-11-25 10:17:25,124 - scraper.selenium_scraper - INFO - Looking for auction cards...
2025-11-25 10:17:25,152 - scraper.selenium_scraper - INFO - Found 20 auction cards
2025-11-25 10:17:25,882 - scraper.selenium_scraper - INFO - Scraped tournament 1: KOTAK PREMIER LEAGUE-WOMEN'S
2025-11-25 10:17:26,621 - scraper.selenium_scraper - INFO - Scraped tournament 2: IISDians Cricket Tournament - Season 2
2025-11-25 10:17:27,319 - scraper.selenium_scraper - INFO - Scraped tournament 3: JCI CHAMPIONS LEAGUE 2025
2025-11-25 10:17:28,010 - scraper.selenium_scraper - INFO - Scraped tournament 4: Arjun DEMO
2025-11-25 10:17:28,705 - scraper.selenium_scraper - INFO - Scraped tournament 5: Streamify Cup Silver Category
2025-11-25 10:17:29,414 - scraper.selenium_scraper - INFO - Scraped tournament 6: Streamify Cup Open Category
2025-11-25 10:17:30,117 - scraper.selenium_scraper - INFO - Scraped tournament 7: KOTAK PREMIER LEAGUE - MENS
2025-11-25 10:17:30,813 - scraper.selenium_scraper - INFO - Scraped tournament 8: ABSA BUNTS CUP 4TH EDITION
2025-11-25 10:17:31,509 - scraper.selenium_scraper - INFO - Scraped tournament 9: CCL 2.0 PREMIER LEAGUE SEASON 1
2025-11-25 10:17:32,209 - scraper.selenium_scraper - INFO - Scraped tournament 10: Bhatkal Premier League - 2026
2025-11-25 10:17:32,910 - scraper.selenium_scraper - INFO - Scraped tournament 11: Sindhi Premier League 6.0
2025-11-25 10:17:33,603 - scraper.selenium_scraper - INFO - Scraped tournament 12: Brotherhood Youth Premier League Season-2 2025-26
2025-11-25 10:17:34,300 - scraper.selenium_scraper - INFO - Scraped tournament 13: Delta Football League
2025-11-25 10:17:34,999 - scraper.selenium_scraper - INFO - Scraped tournament 14: MPL SEASON-8
2025-11-25 10:17:35,691 - scraper.selenium_scraper - INFO - Scraped tournament 15: Fighters Premier League
2025-11-25 10:17:36,384 - scraper.selenium_scraper - INFO - Scraped tournament 16: TAASA PREMIER LEAGUE
2025-11-25 10:17:37,096 - scraper.selenium_scraper - INFO - Scraped tournament 17: શ્રી સૌરાષ્ટ્ર લેઉઆ પટેલ યુવક મંડળ , નવસારી
2025-11-25 10:17:37,792 - scraper.selenium_scraper - INFO - Scraped tournament 18: CPL SESSION 2
2025-11-25 10:17:38,492 - scraper.selenium_scraper - INFO - Scraped tournament 19: BlackBeard Cricket League
2025-11-25 10:17:39,192 - scraper.selenium_scraper - INFO - Scraped tournament 20: CKPL - 2
2025-11-25 10:17:39,192 - root - INFO - Successfully scraped 20 tournaments
2025-11-25 10:17:39,192 - root - INFO - Saved scraped data to /home/runner/work/super-player-auction-scraper/super-player-auction-scraper/data/tournament_data_20251125-101739.json
2025-11-25 10:17:39,192 - root - INFO - Initializing Graph API
2025-11-25 10:17:39,193 - excel.graph_api - INFO - Extracted file ID: 9e836ed5-f58f-4dc7-a969-3c62b255f3ea
2025-11-25 10:17:39,193 - excel.graph_api - INFO - Extracted site ID: CorpDevaaf94619130d4a79af9f3aeae502bdb5
2025-11-25 10:17:39,193 - root - INFO - Authenticating with Microsoft Graph API
2025-11-25 10:17:39,535 - excel.graph_api - ERROR - Authentication failed: AADSTS7000222: The provided client secret keys for app 'f45467f0-629b-4712-a029-cd1289854747' are expired. Visit the Azure portal to create new keys for your app: https://aka.ms/NewClientSecret, or consider using certificate credentials for added security: https://aka.ms/certCreds. Trace ID: 148db7fe-aea5-42b5-8eda-4c1138198c00 Correlation ID: 4c8f40a1-3d86-4b74-bb2c-7b355bd7568d Timestamp: 2025-11-25 10:17:39Z
2025-11-25 10:17:39,536 - root - ERROR - Failed to authenticate with Microsoft Graph API
2025-11-25 10:17:39,606 - scraper.selenium_scraper - INFO - Chrome driver closed
2025-11-25 10:17:39,606 - root - INFO - Selenium driver closed
2025-11-25 10:17:39,606 - root - INFO - Script execution completed
