2026-05-03 15:39:34,205 - root - INFO - Logger initialized successfully
2026-05-03 15:39:34,205 - root - INFO - Log file: /home/runner/work/super-player-auction-scraper/super-player-auction-scraper/logs/scraper_20260503_153934.log
2026-05-03 15:39:34,205 - root - INFO - Starting Super Player Auction scraper
2026-05-03 15:39:34,205 - utils.config - INFO - Credentials loaded from environment variables
2026-05-03 15:39:34,206 - utils.config - INFO - Settings loaded successfully
2026-05-03 15:39:34,206 - root - INFO - Initializing Selenium scraper
2026-05-03 15:39:34,206 - scraper.selenium_scraper - INFO - Running in GitHub Actions environment
2026-05-03 15:39:38,798 - selenium.webdriver.common.selenium_manager - WARNING - The chromedriver version (147.0.7727.56) detected in PATH at /usr/bin/chromedriver might not be compatible with the detected chrome version (147.0.7727.55); currently, chromedriver 147.0.7727.117 is recommended for chrome 147.*, so it is advised to delete the driver in PATH and retry
2026-05-03 15:39:50,561 - scraper.selenium_scraper - INFO - Chrome driver initialized successfully
2026-05-03 15:39:50,561 - root - INFO - Scraping tournament data
2026-05-03 15:39:50,561 - scraper.selenium_scraper - INFO - Starting to scrape tournament data
2026-05-03 15:39:51,457 - scraper.selenium_scraper - INFO - Waiting for page to load...
2026-05-03 15:39:56,462 - scraper.selenium_scraper - INFO - Scrolling to load all auction cards...
2026-05-03 15:40:08,642 - scraper.selenium_scraper - INFO - Saved page screenshot to /home/runner/work/super-player-auction-scraper/super-player-auction-scraper/logs/screenshots/page_loaded_20260503154008.png
2026-05-03 15:40:08,642 - scraper.selenium_scraper - INFO - Looking for auction cards...
2026-05-03 15:40:08,667 - scraper.selenium_scraper - INFO - Found 20 auction cards
2026-05-03 15:40:09,389 - scraper.selenium_scraper - INFO - Scraped tournament 1: ALUMNI PREMIER LEAGUE - SEASON 6
2026-05-03 15:40:10,245 - scraper.selenium_scraper - INFO - Scraped tournament 2: MANA TENNIS LEAUGE (Season 1)
2026-05-03 15:40:10,933 - scraper.selenium_scraper - INFO - Scraped tournament 3: SPL 3
2026-05-03 15:40:11,620 - scraper.selenium_scraper - INFO - Scraped tournament 4: SUPER FOOTBALL CHAMPIONSHIP
2026-05-03 15:40:12,308 - scraper.selenium_scraper - INFO - Scraped tournament 5: REPUBLIC CUP 2.0
2026-05-03 15:40:12,999 - scraper.selenium_scraper - INFO - Scraped tournament 6: Auction Demo Jodi
2026-05-03 15:40:13,689 - scraper.selenium_scraper - INFO - Scraped tournament 7: Super Cricket League
2026-05-03 15:40:14,377 - scraper.selenium_scraper - INFO - Scraped tournament 8: SIKAR PREMIER LEAGUE 2025
2026-05-03 15:40:15,065 - scraper.selenium_scraper - INFO - Scraped tournament 9: BJP
2026-05-03 15:40:15,751 - scraper.selenium_scraper - INFO - Scraped tournament 10: SUPER LEAGUE GROUP
2026-05-03 15:40:16,445 - scraper.selenium_scraper - INFO - Scraped tournament 11: SUPER CRICKET LEAGUE
2026-05-03 15:40:17,138 - scraper.selenium_scraper - INFO - Scraped tournament 12: MPL Season 1
2026-05-03 15:40:17,824 - scraper.selenium_scraper - INFO - Scraped tournament 13: Jaisalmer Premier League
2026-05-03 15:40:18,511 - scraper.selenium_scraper - INFO - Scraped tournament 14: SWARNAKAR PREMIER LEAGUE
2026-05-03 15:40:19,199 - scraper.selenium_scraper - INFO - Scraped tournament 15: JYJ PREMIER LEAGUE
2026-05-03 15:40:19,888 - scraper.selenium_scraper - INFO - Scraped tournament 16: Devbhoomi JBRJ Cricket League
2026-05-03 15:40:20,572 - scraper.selenium_scraper - INFO - Scraped tournament 17: HARSH CUP
2026-05-03 15:40:21,260 - scraper.selenium_scraper - INFO - Scraped tournament 18: WEST WOODS PREMIER LEAGUE 4
2026-05-03 15:40:21,947 - scraper.selenium_scraper - INFO - Scraped tournament 19: DK SPORTS FISHERMAN'S PREMIER LEAGUE S1
2026-05-03 15:40:22,640 - scraper.selenium_scraper - INFO - Scraped tournament 20: Surya Cup Prosoft Silver League
2026-05-03 15:40:22,641 - root - INFO - Successfully scraped 20 tournaments
2026-05-03 15:40:22,641 - root - INFO - Saved scraped data to /home/runner/work/super-player-auction-scraper/super-player-auction-scraper/data/tournament_data_20260503-154022.json
2026-05-03 15:40:22,641 - root - INFO - Initializing Graph API
2026-05-03 15:40:22,641 - excel.graph_api - INFO - Extracted file ID: 9e836ed5-f58f-4dc7-a969-3c62b255f3ea
2026-05-03 15:40:22,642 - excel.graph_api - INFO - Extracted site ID: CorpDevaaf94619130d4a79af9f3aeae502bdb5
2026-05-03 15:40:22,642 - root - INFO - Authenticating with Microsoft Graph API
2026-05-03 15:40:23,081 - excel.graph_api - INFO - Authentication successful
2026-05-03 15:40:23,081 - root - INFO - Updating Excel sheet with scraped data
2026-05-03 15:40:23,571 - excel.graph_api - INFO - Retrieved drive ID: b!MXUqfmBgAkyqAi_g7J1PO_6yKSWnHbZCs3mpe4EkYuX6d8izcdJxRb78S6OW5SIB
2026-05-03 15:40:25,214 - excel.graph_api - INFO - Retrieved 1561 rows from Excel
2026-05-03 15:40:26,325 - excel.graph_api - INFO - No new tournaments to add
2026-05-03 15:40:26,326 - root - INFO - Excel sheet updated successfully
2026-05-03 15:40:26,402 - scraper.selenium_scraper - INFO - Chrome driver closed
2026-05-03 15:40:26,402 - root - INFO - Selenium driver closed
2026-05-03 15:40:26,402 - root - INFO - Script execution completed
