2025-12-24 10:16:06,616 - root - INFO - Logger initialized successfully
2025-12-24 10:16:06,616 - root - INFO - Log file: /home/runner/work/super-player-auction-scraper/super-player-auction-scraper/logs/scraper_20251224_101606.log
2025-12-24 10:16:06,616 - root - INFO - Starting Super Player Auction scraper
2025-12-24 10:16:06,616 - utils.config - INFO - Credentials loaded from environment variables
2025-12-24 10:16:06,616 - utils.config - INFO - Settings loaded successfully
2025-12-24 10:16:06,616 - root - INFO - Initializing Selenium scraper
2025-12-24 10:16:06,616 - scraper.selenium_scraper - INFO - Running in GitHub Actions environment
2025-12-24 10:16:07,941 - selenium.webdriver.common.selenium_manager - WARNING - The chromedriver version (143.0.7499.42) detected in PATH at /usr/bin/chromedriver might not be compatible with the detected chrome version (143.0.7499.109); currently, chromedriver 143.0.7499.169 is recommended for chrome 143.*, so it is advised to delete the driver in PATH and retry
2025-12-24 10:16:13,739 - scraper.selenium_scraper - INFO - Chrome driver initialized successfully
2025-12-24 10:16:13,739 - root - INFO - Scraping tournament data
2025-12-24 10:16:13,739 - scraper.selenium_scraper - INFO - Starting to scrape tournament data
2025-12-24 10:16:14,769 - scraper.selenium_scraper - INFO - Waiting for page to load...
2025-12-24 10:16:19,774 - scraper.selenium_scraper - INFO - Scrolling to load all auction cards...
2025-12-24 10:16:31,897 - scraper.selenium_scraper - INFO - Saved page screenshot to /home/runner/work/super-player-auction-scraper/super-player-auction-scraper/logs/screenshots/page_loaded_20251224101631.png
2025-12-24 10:16:31,897 - scraper.selenium_scraper - INFO - Looking for auction cards...
2025-12-24 10:16:31,920 - scraper.selenium_scraper - INFO - Found 20 auction cards
2025-12-24 10:16:32,655 - scraper.selenium_scraper - INFO - Scraped tournament 1: SHIRUR PREMIER LEAGUE 2026
2025-12-24 10:16:33,384 - scraper.selenium_scraper - INFO - Scraped tournament 2: CPL Season 2
2025-12-24 10:16:34,082 - scraper.selenium_scraper - INFO - Scraped tournament 3: YELLAM PREMIER LEAGUE
2025-12-24 10:16:34,779 - scraper.selenium_scraper - INFO - Scraped tournament 4: Shitladevi Premier League
2025-12-24 10:16:35,466 - scraper.selenium_scraper - INFO - Scraped tournament 5: ઉજળવાવ પ્રિમયર લીગ-2026
2025-12-24 10:16:36,162 - scraper.selenium_scraper - INFO - Scraped tournament 6: Sindhi Premier League 6.0
2025-12-24 10:16:36,857 - scraper.selenium_scraper - INFO - Scraped tournament 7: Ayyampuzha Super League, Season 3
2025-12-24 10:16:37,547 - scraper.selenium_scraper - INFO - Scraped tournament 8: Vivek Vihar Premier League 2026
2025-12-24 10:16:38,246 - scraper.selenium_scraper - INFO - Scraped tournament 9: Delta Football League
2025-12-24 10:16:38,935 - scraper.selenium_scraper - INFO - Scraped tournament 10: SPL - 10
2025-12-24 10:16:39,629 - scraper.selenium_scraper - INFO - Scraped tournament 11: SIKAR PREMIER LEAGUE 2025
2025-12-24 10:16:40,326 - scraper.selenium_scraper - INFO - Scraped tournament 12: SUPER FOOTBALL CHAMPIONSHIP
2025-12-24 10:16:41,019 - scraper.selenium_scraper - INFO - Scraped tournament 13: Arjun DEMO
2025-12-24 10:16:41,708 - scraper.selenium_scraper - INFO - Scraped tournament 14: BHANDARI PREMIER LEAGUE 2026
2025-12-24 10:16:42,402 - scraper.selenium_scraper - INFO - Scraped tournament 15: SSPL SEASON 03
2025-12-24 10:16:43,093 - scraper.selenium_scraper - INFO - Scraped tournament 16: SUPER FRIENDS CUP
2025-12-24 10:16:43,789 - scraper.selenium_scraper - INFO - Scraped tournament 17: MPL-6
2025-12-24 10:16:44,487 - scraper.selenium_scraper - INFO - Scraped tournament 18: Festival Cup Juniors
2025-12-24 10:16:45,177 - scraper.selenium_scraper - INFO - Scraped tournament 19: WCL
2025-12-24 10:16:45,872 - scraper.selenium_scraper - INFO - Scraped tournament 20: Huddle Internal Series
2025-12-24 10:16:45,872 - root - INFO - Successfully scraped 20 tournaments
2025-12-24 10:16:45,872 - root - INFO - Saved scraped data to /home/runner/work/super-player-auction-scraper/super-player-auction-scraper/data/tournament_data_20251224-101645.json
2025-12-24 10:16:45,872 - root - INFO - Initializing Graph API
2025-12-24 10:16:45,873 - excel.graph_api - INFO - Extracted file ID: 9e836ed5-f58f-4dc7-a969-3c62b255f3ea
2025-12-24 10:16:45,873 - excel.graph_api - INFO - Extracted site ID: CorpDevaaf94619130d4a79af9f3aeae502bdb5
2025-12-24 10:16:45,873 - root - INFO - Authenticating with Microsoft Graph API
2025-12-24 10:16:46,108 - excel.graph_api - INFO - Authentication successful
2025-12-24 10:16:46,108 - root - INFO - Updating Excel sheet with scraped data
2025-12-24 10:16:46,400 - excel.graph_api - INFO - Retrieved drive ID: b!MXUqfmBgAkyqAi_g7J1PO_6yKSWnHbZCs3mpe4EkYuX6d8izcdJxRb78S6OW5SIB
2025-12-24 10:16:47,374 - excel.graph_api - INFO - Retrieved 934 rows from Excel
2025-12-24 10:16:49,227 - excel.graph_api - INFO - Updating range A936:M936 with 1 new entries
2025-12-24 10:16:50,055 - excel.graph_api - INFO - Successfully added 1 new tournaments to Excel
2025-12-24 10:16:50,056 - root - INFO - Excel sheet updated successfully
2025-12-24 10:16:50,126 - scraper.selenium_scraper - INFO - Chrome driver closed
2025-12-24 10:16:50,126 - root - INFO - Selenium driver closed
2025-12-24 10:16:50,126 - root - INFO - Script execution completed
