2025-10-16 10:15:25,974 - root - INFO - Logger initialized successfully
2025-10-16 10:15:25,974 - root - INFO - Log file: /home/runner/work/super-player-auction-scraper/super-player-auction-scraper/logs/scraper_20251016_101525.log
2025-10-16 10:15:25,974 - root - INFO - Starting Super Player Auction scraper
2025-10-16 10:15:25,974 - utils.config - INFO - Credentials loaded from environment variables
2025-10-16 10:15:25,975 - utils.config - INFO - Settings loaded successfully
2025-10-16 10:15:25,975 - root - INFO - Initializing Selenium scraper
2025-10-16 10:15:25,975 - scraper.selenium_scraper - INFO - Running in GitHub Actions environment
2025-10-16 10:15:34,326 - scraper.selenium_scraper - INFO - Chrome driver initialized successfully
2025-10-16 10:15:34,326 - root - INFO - Scraping tournament data
2025-10-16 10:15:34,326 - scraper.selenium_scraper - INFO - Starting to scrape tournament data
2025-10-16 10:15:34,928 - scraper.selenium_scraper - INFO - Waiting for page to load...
2025-10-16 10:15:39,933 - scraper.selenium_scraper - INFO - Scrolling to load all auction cards...
2025-10-16 10:15:52,069 - scraper.selenium_scraper - INFO - Saved page screenshot to /home/runner/work/super-player-auction-scraper/super-player-auction-scraper/logs/screenshots/page_loaded_20251016101552.png
2025-10-16 10:15:52,069 - scraper.selenium_scraper - INFO - Looking for auction cards...
2025-10-16 10:15:52,096 - scraper.selenium_scraper - INFO - Found 20 auction cards
2025-10-16 10:15:52,821 - scraper.selenium_scraper - INFO - Scraped tournament 1: WINTER PREMIER LEAGUE
2025-10-16 10:15:53,604 - scraper.selenium_scraper - INFO - Scraped tournament 2: BHATKAL EASTERN PROVINCE PREMIER LEAGUE SEASON 1 - 2025
2025-10-16 10:15:54,295 - scraper.selenium_scraper - INFO - Scraped tournament 3: NANDAN CUP -2025
2025-10-16 10:15:54,980 - scraper.selenium_scraper - INFO - Scraped tournament 4: MAHAKAL CUP PANDARBHTTHA -1
2025-10-16 10:15:55,667 - scraper.selenium_scraper - INFO - Scraped tournament 5: BHT Premier League - Season 3
2025-10-16 10:15:56,358 - scraper.selenium_scraper - INFO - Scraped tournament 6: Muscat KMCC Cricket Premier League - Season 1
2025-10-16 10:15:57,046 - scraper.selenium_scraper - INFO - Scraped tournament 7: TRIVANDRUM CRICKET LEAGUE CHAPTER-1
2025-10-16 10:15:57,731 - scraper.selenium_scraper - INFO - Scraped tournament 8: KASRODIANS PREMIER LEAGUE SEASON -5
2025-10-16 10:15:58,416 - scraper.selenium_scraper - INFO - Scraped tournament 9: Dambab Premier League 2025
2025-10-16 10:15:59,109 - scraper.selenium_scraper - INFO - Scraped tournament 10: DDS PREMIER LEAGUE SEASON 3
2025-10-16 10:15:59,802 - scraper.selenium_scraper - INFO - Scraped tournament 11: Goan Premier League 2025
2025-10-16 10:16:00,512 - scraper.selenium_scraper - INFO - Scraped tournament 12: Brother cup
2025-10-16 10:16:01,198 - scraper.selenium_scraper - INFO - Scraped tournament 13: BADMINTON CHAMPIONSHIP SEASON 1
2025-10-16 10:16:01,886 - scraper.selenium_scraper - INFO - Scraped tournament 14: APL CRICKET PARTIYOGITA
2025-10-16 10:16:02,572 - scraper.selenium_scraper - INFO - Scraped tournament 15: SUPER 100
2025-10-16 10:16:03,259 - scraper.selenium_scraper - INFO - Scraped tournament 16: Hoysala Intra Squad
2025-10-16 10:16:03,943 - scraper.selenium_scraper - INFO - Scraped tournament 17: Kumbhar Premier league
2025-10-16 10:16:04,671 - scraper.selenium_scraper - INFO - Scraped tournament 18: MALKANGIRI PREMIER LEAGUE - 2025
2025-10-16 10:16:05,369 - scraper.selenium_scraper - INFO - Scraped tournament 19: Ador Premier League Season 6
2025-10-16 10:16:06,060 - scraper.selenium_scraper - INFO - Scraped tournament 20: KSPL 4
2025-10-16 10:16:06,060 - root - INFO - Successfully scraped 20 tournaments
2025-10-16 10:16:06,060 - root - INFO - Saved scraped data to /home/runner/work/super-player-auction-scraper/super-player-auction-scraper/data/tournament_data_20251016-101606.json
2025-10-16 10:16:06,060 - root - INFO - Initializing Graph API
2025-10-16 10:16:06,061 - excel.graph_api - INFO - Extracted file ID: 9e836ed5-f58f-4dc7-a969-3c62b255f3ea
2025-10-16 10:16:06,061 - excel.graph_api - INFO - Extracted site ID: CorpDevaaf94619130d4a79af9f3aeae502bdb5
2025-10-16 10:16:06,061 - root - INFO - Authenticating with Microsoft Graph API
2025-10-16 10:16:06,261 - excel.graph_api - INFO - Authentication successful
2025-10-16 10:16:06,261 - root - INFO - Updating Excel sheet with scraped data
2025-10-16 10:16:06,700 - excel.graph_api - INFO - Retrieved drive ID: b!MXUqfmBgAkyqAi_g7J1PO_6yKSWnHbZCs3mpe4EkYuX6d8izcdJxRb78S6OW5SIB
2025-10-16 10:16:08,049 - excel.graph_api - INFO - Retrieved 642 rows from Excel
2025-10-16 10:16:08,953 - excel.graph_api - INFO - Updating range A644:M645 with 2 new entries
2025-10-16 10:16:10,181 - excel.graph_api - INFO - Successfully added 2 new tournaments to Excel
2025-10-16 10:16:10,183 - root - INFO - Excel sheet updated successfully
2025-10-16 10:16:10,250 - scraper.selenium_scraper - INFO - Chrome driver closed
2025-10-16 10:16:10,250 - root - INFO - Selenium driver closed
2025-10-16 10:16:10,250 - root - INFO - Script execution completed
