2026-05-24 11:09:30,447 - root - INFO - Logger initialized successfully
2026-05-24 11:09:30,447 - root - INFO - Log file: /home/runner/work/super-player-auction-scraper/super-player-auction-scraper/logs/scraper_20260524_110930.log
2026-05-24 11:09:30,447 - root - INFO - Starting Super Player Auction scraper
2026-05-24 11:09:30,447 - utils.config - INFO - Credentials loaded from environment variables
2026-05-24 11:09:30,447 - utils.config - INFO - Settings loaded successfully
2026-05-24 11:09:30,447 - root - INFO - Initializing Selenium scraper
2026-05-24 11:09:30,448 - scraper.selenium_scraper - INFO - Running in GitHub Actions environment
2026-05-24 11:09:31,939 - selenium.webdriver.common.selenium_manager - WARNING - The chromedriver version (148.0.7778.167) detected in PATH at /usr/bin/chromedriver might not be compatible with the detected chrome version (148.0.7778.167); currently, chromedriver 148.0.7778.178 is recommended for chrome 148.*, so it is advised to delete the driver in PATH and retry
2026-05-24 11:09:36,809 - scraper.selenium_scraper - INFO - Chrome driver initialized successfully
2026-05-24 11:09:36,809 - root - INFO - Scraping tournament data
2026-05-24 11:09:36,809 - scraper.selenium_scraper - INFO - Starting to scrape tournament data
2026-05-24 11:09:37,534 - scraper.selenium_scraper - INFO - Waiting for page to load...
2026-05-24 11:09:42,539 - scraper.selenium_scraper - INFO - Scrolling to load all auction cards...
2026-05-24 11:09:54,887 - scraper.selenium_scraper - INFO - Saved page screenshot to /home/runner/work/super-player-auction-scraper/super-player-auction-scraper/logs/screenshots/page_loaded_20260524110954.png
2026-05-24 11:09:54,887 - scraper.selenium_scraper - INFO - Looking for auction cards...
2026-05-24 11:09:54,912 - scraper.selenium_scraper - INFO - Found 20 auction cards
2026-05-24 11:09:55,669 - scraper.selenium_scraper - INFO - Scraped tournament 1: ROHAT PREMIER LEAGUE
2026-05-24 11:09:56,380 - scraper.selenium_scraper - INFO - Scraped tournament 2: Summer League Tarpongi
2026-05-24 11:09:57,103 - scraper.selenium_scraper - INFO - Scraped tournament 3: CPL LEGENDS 35+ SEASON-1
2026-05-24 11:09:57,810 - scraper.selenium_scraper - INFO - Scraped tournament 4: DB CUP
2026-05-24 11:09:58,521 - scraper.selenium_scraper - INFO - Scraped tournament 5: Dream UTT Juniors Season 2
2026-05-24 11:09:59,226 - scraper.selenium_scraper - INFO - Scraped tournament 6: SIGMA PREMIER LEAGUE
2026-05-24 11:09:59,923 - scraper.selenium_scraper - INFO - Scraped tournament 7: CBBL 6 AUCTION
2026-05-24 11:10:00,631 - scraper.selenium_scraper - INFO - Scraped tournament 8: SUPER FOOTBALL CHAMPIONSHIP
2026-05-24 11:10:01,337 - scraper.selenium_scraper - INFO - Scraped tournament 9: REPUBLIC CUP 2.0
2026-05-24 11:10:02,045 - scraper.selenium_scraper - INFO - Scraped tournament 10: Auction Demo Jodi
2026-05-24 11:10:02,757 - scraper.selenium_scraper - INFO - Scraped tournament 11: Super Cricket League
2026-05-24 11:10:03,450 - scraper.selenium_scraper - INFO - Scraped tournament 12: SIKAR PREMIER LEAGUE 2025
2026-05-24 11:10:04,158 - scraper.selenium_scraper - INFO - Scraped tournament 13: BJP
2026-05-24 11:10:04,865 - scraper.selenium_scraper - INFO - Scraped tournament 14: SUPER LEAGUE GROUP
2026-05-24 11:10:05,564 - scraper.selenium_scraper - INFO - Scraped tournament 15: SUPER CRICKET LEAGUE
2026-05-24 11:10:06,268 - scraper.selenium_scraper - INFO - Scraped tournament 16: BPL NIGHT TURNAMENT
2026-05-24 11:10:06,986 - scraper.selenium_scraper - INFO - Scraped tournament 17: JPL 2026 SCORING
2026-05-24 11:10:07,707 - scraper.selenium_scraper - INFO - Scraped tournament 18: Grand Kutch Champions Trophy
2026-05-24 11:10:08,404 - scraper.selenium_scraper - INFO - Scraped tournament 19: TOLIYASAR PREMIER LEAGUE (TPL) SEASON 3
2026-05-24 11:10:09,114 - scraper.selenium_scraper - INFO - Scraped tournament 20: Sauga Cup 2026 3rd Edition
2026-05-24 11:10:09,114 - root - INFO - Successfully scraped 20 tournaments
2026-05-24 11:10:09,115 - root - INFO - Saved scraped data to /home/runner/work/super-player-auction-scraper/super-player-auction-scraper/data/tournament_data_20260524-111009.json
2026-05-24 11:10:09,115 - root - INFO - Initializing Graph API
2026-05-24 11:10:09,115 - excel.graph_api - INFO - Extracted file ID: 9e836ed5-f58f-4dc7-a969-3c62b255f3ea
2026-05-24 11:10:09,115 - excel.graph_api - INFO - Extracted site ID: CorpDevaaf94619130d4a79af9f3aeae502bdb5
2026-05-24 11:10:09,115 - root - INFO - Authenticating with Microsoft Graph API
2026-05-24 11:10:09,269 - excel.graph_api - INFO - Authentication successful
2026-05-24 11:10:09,269 - root - INFO - Updating Excel sheet with scraped data
2026-05-24 11:10:09,815 - excel.graph_api - INFO - Retrieved drive ID: b!MXUqfmBgAkyqAi_g7J1PO_6yKSWnHbZCs3mpe4EkYuX6d8izcdJxRb78S6OW5SIB
2026-05-24 11:10:11,727 - excel.graph_api - INFO - Retrieved 1628 rows from Excel
2026-05-24 11:10:12,829 - excel.graph_api - INFO - Updating range A1630:Y1634 with 5 new entries
2026-05-24 11:10:14,038 - excel.graph_api - INFO - Successfully added 5 new tournaments to Excel
2026-05-24 11:10:14,039 - root - INFO - Excel sheet updated successfully
2026-05-24 11:10:14,120 - scraper.selenium_scraper - INFO - Chrome driver closed
2026-05-24 11:10:14,120 - root - INFO - Selenium driver closed
2026-05-24 11:10:14,120 - root - INFO - Script execution completed
