2026-03-20 15:35:41,329 - root - INFO - Logger initialized successfully
2026-03-20 15:35:41,329 - root - INFO - Log file: /home/runner/work/super-player-auction-scraper/super-player-auction-scraper/logs/scraper_20260320_153541.log
2026-03-20 15:35:41,329 - root - INFO - Starting Super Player Auction scraper
2026-03-20 15:35:41,329 - utils.config - INFO - Credentials loaded from environment variables
2026-03-20 15:35:41,329 - utils.config - INFO - Settings loaded successfully
2026-03-20 15:35:41,329 - root - INFO - Initializing Selenium scraper
2026-03-20 15:35:41,329 - scraper.selenium_scraper - INFO - Running in GitHub Actions environment
2026-03-20 15:35:48,481 - scraper.selenium_scraper - INFO - Chrome driver initialized successfully
2026-03-20 15:35:48,481 - root - INFO - Scraping tournament data
2026-03-20 15:35:48,481 - scraper.selenium_scraper - INFO - Starting to scrape tournament data
2026-03-20 15:35:49,290 - scraper.selenium_scraper - INFO - Waiting for page to load...
2026-03-20 15:35:54,296 - scraper.selenium_scraper - INFO - Scrolling to load all auction cards...
2026-03-20 15:36:06,428 - scraper.selenium_scraper - INFO - Saved page screenshot to /home/runner/work/super-player-auction-scraper/super-player-auction-scraper/logs/screenshots/page_loaded_20260320153606.png
2026-03-20 15:36:06,428 - scraper.selenium_scraper - INFO - Looking for auction cards...
2026-03-20 15:36:06,450 - scraper.selenium_scraper - INFO - Found 20 auction cards
2026-03-20 15:36:07,174 - scraper.selenium_scraper - INFO - Scraped tournament 1: Synergix Premier League
2026-03-20 15:36:07,902 - scraper.selenium_scraper - INFO - Scraped tournament 2: Kumhari Premier League
2026-03-20 15:36:08,588 - scraper.selenium_scraper - INFO - Scraped tournament 3: MCPL 2026
2026-03-20 15:36:09,275 - scraper.selenium_scraper - INFO - Scraped tournament 4: FLICK BADMINTON LEAGUE
2026-03-20 15:36:09,958 - scraper.selenium_scraper - INFO - Scraped tournament 5: Nice Fantasy Auction
2026-03-20 15:36:10,649 - scraper.selenium_scraper - INFO - Scraped tournament 6: BSA League - 1
2026-03-20 15:36:11,337 - scraper.selenium_scraper - INFO - Scraped tournament 7: DADA CUP
2026-03-20 15:36:12,020 - scraper.selenium_scraper - INFO - Scraped tournament 8: MPL Cup 2026
2026-03-20 15:36:12,714 - scraper.selenium_scraper - INFO - Scraped tournament 9: UNITY CUP Season 3 [2026-27]
2026-03-20 15:36:13,401 - scraper.selenium_scraper - INFO - Scraped tournament 10: Chhattisgarh Cricket Champions League T20
2026-03-20 15:36:14,086 - scraper.selenium_scraper - INFO - Scraped tournament 11: Super Cricket League
2026-03-20 15:36:14,775 - scraper.selenium_scraper - INFO - Scraped tournament 12: SIKAR PREMIER LEAGUE 2025
2026-03-20 15:36:15,458 - scraper.selenium_scraper - INFO - Scraped tournament 13: ROHAT PREMIER LEAGUE
2026-03-20 15:36:16,140 - scraper.selenium_scraper - INFO - Scraped tournament 14: SUPER FOOTBALL CHAMPIONSHIP
2026-03-20 15:36:16,829 - scraper.selenium_scraper - INFO - Scraped tournament 15: REPUBLIC CUP 2.0
2026-03-20 15:36:17,512 - scraper.selenium_scraper - INFO - Scraped tournament 16: Super Cricket League
2026-03-20 15:36:18,198 - scraper.selenium_scraper - INFO - Scraped tournament 17: BJP
2026-03-20 15:36:18,892 - scraper.selenium_scraper - INFO - Scraped tournament 18: SUPER CRICKRT LEAGUE - MAHIPAL
2026-03-20 15:36:19,575 - scraper.selenium_scraper - INFO - Scraped tournament 19: KMPL SEASON 4
2026-03-20 15:36:20,268 - scraper.selenium_scraper - INFO - Scraped tournament 20: BBBL
2026-03-20 15:36:20,268 - root - INFO - Successfully scraped 20 tournaments
2026-03-20 15:36:20,268 - root - INFO - Saved scraped data to /home/runner/work/super-player-auction-scraper/super-player-auction-scraper/data/tournament_data_20260320-153620.json
2026-03-20 15:36:20,268 - root - INFO - Initializing Graph API
2026-03-20 15:36:20,269 - excel.graph_api - INFO - Extracted file ID: 9e836ed5-f58f-4dc7-a969-3c62b255f3ea
2026-03-20 15:36:20,269 - excel.graph_api - INFO - Extracted site ID: CorpDevaaf94619130d4a79af9f3aeae502bdb5
2026-03-20 15:36:20,269 - root - INFO - Authenticating with Microsoft Graph API
2026-03-20 15:36:20,819 - excel.graph_api - INFO - Authentication successful
2026-03-20 15:36:20,819 - root - INFO - Updating Excel sheet with scraped data
2026-03-20 15:36:21,230 - excel.graph_api - INFO - Retrieved drive ID: b!MXUqfmBgAkyqAi_g7J1PO_6yKSWnHbZCs3mpe4EkYuX6d8izcdJxRb78S6OW5SIB
2026-03-20 15:36:22,869 - excel.graph_api - INFO - Retrieved 1364 rows from Excel
2026-03-20 15:36:25,153 - excel.graph_api - INFO - Updating range A1366:M1366 with 1 new entries
2026-03-20 15:36:26,938 - excel.graph_api - INFO - Successfully added 1 new tournaments to Excel
2026-03-20 15:36:26,939 - root - INFO - Excel sheet updated successfully
2026-03-20 15:36:27,015 - scraper.selenium_scraper - INFO - Chrome driver closed
2026-03-20 15:36:27,015 - root - INFO - Selenium driver closed
2026-03-20 15:36:27,015 - root - INFO - Script execution completed
