2026-04-17 10:48:31,325 - root - INFO - Logger initialized successfully
2026-04-17 10:48:31,325 - root - INFO - Log file: /home/runner/work/super-player-auction-scraper/super-player-auction-scraper/logs/scraper_20260417_104831.log
2026-04-17 10:48:31,325 - root - INFO - Starting Super Player Auction scraper
2026-04-17 10:48:31,325 - utils.config - INFO - Credentials loaded from environment variables
2026-04-17 10:48:31,325 - utils.config - INFO - Settings loaded successfully
2026-04-17 10:48:31,325 - root - INFO - Initializing Selenium scraper
2026-04-17 10:48:31,325 - scraper.selenium_scraper - INFO - Running in GitHub Actions environment
2026-04-17 10:48:33,522 - selenium.webdriver.common.selenium_manager - WARNING - The chromedriver version (147.0.7727.56) detected in PATH at /usr/bin/chromedriver might not be compatible with the detected chrome version (147.0.7727.55); currently, chromedriver 147.0.7727.57 is recommended for chrome 147.*, so it is advised to delete the driver in PATH and retry
2026-04-17 10:48:49,557 - scraper.selenium_scraper - INFO - Chrome driver initialized successfully
2026-04-17 10:48:49,557 - root - INFO - Scraping tournament data
2026-04-17 10:48:49,557 - scraper.selenium_scraper - INFO - Starting to scrape tournament data
2026-04-17 10:48:50,938 - scraper.selenium_scraper - INFO - Waiting for page to load...
2026-04-17 10:48:55,944 - scraper.selenium_scraper - INFO - Scrolling to load all auction cards...
2026-04-17 10:49:08,116 - scraper.selenium_scraper - INFO - Saved page screenshot to /home/runner/work/super-player-auction-scraper/super-player-auction-scraper/logs/screenshots/page_loaded_20260417104908.png
2026-04-17 10:49:08,116 - scraper.selenium_scraper - INFO - Looking for auction cards...
2026-04-17 10:49:08,153 - scraper.selenium_scraper - INFO - Found 20 auction cards
2026-04-17 10:49:08,915 - scraper.selenium_scraper - INFO - Scraped tournament 1: 3rd Dalgate Premier League
2026-04-17 10:49:09,749 - scraper.selenium_scraper - INFO - Scraped tournament 2: Vagad Football League 2026
2026-04-17 10:49:10,473 - scraper.selenium_scraper - INFO - Scraped tournament 3: Punjabi Premier League Group A
2026-04-17 10:49:11,193 - scraper.selenium_scraper - INFO - Scraped tournament 4: Punjabi Premier League Group B
2026-04-17 10:49:11,914 - scraper.selenium_scraper - INFO - Scraped tournament 5: ATPL
2026-04-17 10:49:12,633 - scraper.selenium_scraper - INFO - Scraped tournament 6: Raghuvanshi Premier League - MEN
2026-04-17 10:49:13,355 - scraper.selenium_scraper - INFO - Scraped tournament 7: Raghuvanshi Premier League - WOMEN
2026-04-17 10:49:14,075 - scraper.selenium_scraper - INFO - Scraped tournament 8: MGPL CRICKET TOURNAMENT
2026-04-17 10:49:14,794 - scraper.selenium_scraper - INFO - Scraped tournament 9: SmashIT v8, 2026
2026-04-17 10:49:15,510 - scraper.selenium_scraper - INFO - Scraped tournament 10: Chhattisgarh Cricket Champions League T20
2026-04-17 10:49:16,237 - scraper.selenium_scraper - INFO - Scraped tournament 11: ROHAT PREMIER LEAGUE
2026-04-17 10:49:16,956 - scraper.selenium_scraper - INFO - Scraped tournament 12: SUPER FOOTBALL CHAMPIONSHIP
2026-04-17 10:49:17,672 - scraper.selenium_scraper - INFO - Scraped tournament 13: Auction Demo Jodi
2026-04-17 10:49:18,392 - scraper.selenium_scraper - INFO - Scraped tournament 14: Super Cricket League
2026-04-17 10:49:19,109 - scraper.selenium_scraper - INFO - Scraped tournament 15: SIKAR PREMIER LEAGUE 2025
2026-04-17 10:49:19,831 - scraper.selenium_scraper - INFO - Scraped tournament 16: BJP
2026-04-17 10:49:20,550 - scraper.selenium_scraper - INFO - Scraped tournament 17: SUPER LEAGUE GROUP
2026-04-17 10:49:21,268 - scraper.selenium_scraper - INFO - Scraped tournament 18: SUPER CRICKET LEAGUE
2026-04-17 10:49:21,996 - scraper.selenium_scraper - INFO - Scraped tournament 19: DAMAN TURF LEAGUE SEASON - 1
2026-04-17 10:49:22,713 - scraper.selenium_scraper - INFO - Scraped tournament 20: OTPL-2026
2026-04-17 10:49:22,714 - root - INFO - Successfully scraped 20 tournaments
2026-04-17 10:49:22,714 - root - INFO - Saved scraped data to /home/runner/work/super-player-auction-scraper/super-player-auction-scraper/data/tournament_data_20260417-104922.json
2026-04-17 10:49:22,714 - root - INFO - Initializing Graph API
2026-04-17 10:49:22,715 - excel.graph_api - INFO - Extracted file ID: 9e836ed5-f58f-4dc7-a969-3c62b255f3ea
2026-04-17 10:49:22,715 - excel.graph_api - INFO - Extracted site ID: CorpDevaaf94619130d4a79af9f3aeae502bdb5
2026-04-17 10:49:22,715 - root - INFO - Authenticating with Microsoft Graph API
2026-04-17 10:49:23,097 - excel.graph_api - INFO - Authentication successful
2026-04-17 10:49:23,097 - root - INFO - Updating Excel sheet with scraped data
2026-04-17 10:49:24,001 - excel.graph_api - INFO - Retrieved drive ID: b!MXUqfmBgAkyqAi_g7J1PO_6yKSWnHbZCs3mpe4EkYuX6d8izcdJxRb78S6OW5SIB
2026-04-17 10:49:27,499 - excel.graph_api - INFO - Retrieved 1484 rows from Excel
2026-04-17 10:49:30,988 - excel.graph_api - INFO - Updating range A1486:S1491 with 6 new entries
2026-04-17 10:49:33,769 - excel.graph_api - INFO - Successfully added 6 new tournaments to Excel
2026-04-17 10:49:33,771 - root - INFO - Excel sheet updated successfully
2026-04-17 10:49:33,848 - scraper.selenium_scraper - INFO - Chrome driver closed
2026-04-17 10:49:33,848 - root - INFO - Selenium driver closed
2026-04-17 10:49:33,848 - root - INFO - Script execution completed
