2026-06-05 17:07:48,801 - root - INFO - Logger initialized successfully
2026-06-05 17:07:48,801 - root - INFO - Log file: /home/runner/work/super-player-auction-scraper/super-player-auction-scraper/logs/scraper_20260605_170748.log
2026-06-05 17:07:48,801 - root - INFO - Starting Super Player Auction scraper
2026-06-05 17:07:48,801 - utils.config - INFO - Credentials loaded from environment variables
2026-06-05 17:07:48,801 - utils.config - INFO - Settings loaded successfully
2026-06-05 17:07:48,802 - root - INFO - Initializing Selenium scraper
2026-06-05 17:07:48,802 - scraper.selenium_scraper - INFO - Running in GitHub Actions environment
2026-06-05 17:07:57,667 - scraper.selenium_scraper - INFO - Chrome driver initialized successfully
2026-06-05 17:07:57,667 - root - INFO - Scraping tournament data
2026-06-05 17:07:57,667 - scraper.selenium_scraper - INFO - Starting to scrape tournament data
2026-06-05 17:07:58,490 - scraper.selenium_scraper - INFO - Waiting for page to load...
2026-06-05 17:08:03,495 - scraper.selenium_scraper - INFO - Scrolling to load all auction cards...
2026-06-05 17:08:15,639 - scraper.selenium_scraper - INFO - Saved page screenshot to /home/runner/work/super-player-auction-scraper/super-player-auction-scraper/logs/screenshots/page_loaded_20260605170815.png
2026-06-05 17:08:15,639 - scraper.selenium_scraper - INFO - Looking for auction cards...
2026-06-05 17:08:15,670 - scraper.selenium_scraper - INFO - Found 20 auction cards
2026-06-05 17:08:16,406 - scraper.selenium_scraper - INFO - Scraped tournament 1: UPL 2026
2026-06-05 17:08:17,099 - scraper.selenium_scraper - INFO - Scraped tournament 2: ENTREPRENEUR’S PREMIER LEAGUE 8.0 MEN
2026-06-05 17:08:17,837 - scraper.selenium_scraper - INFO - Scraped tournament 3: ENTREPRENEUR’S PREMIER LEAGUE 8.0 WOMEN
2026-06-05 17:08:18,528 - scraper.selenium_scraper - INFO - Scraped tournament 4: DIB MUMBAI SEASON 4
2026-06-05 17:08:19,220 - scraper.selenium_scraper - INFO - Scraped tournament 5: CBBL 6 AUCTION
2026-06-05 17:08:19,911 - scraper.selenium_scraper - INFO - Scraped tournament 6: Dream UTT Juniors Season 2
2026-06-05 17:08:20,601 - scraper.selenium_scraper - INFO - Scraped tournament 7: CBL Season 6
2026-06-05 17:08:21,291 - scraper.selenium_scraper - INFO - Scraped tournament 8: HEERAPUR PREMIER LEAGUE SEASON - 2
2026-06-05 17:08:21,982 - scraper.selenium_scraper - INFO - Scraped tournament 9: SUPER FOOTBALL CHAMPIONSHIP
2026-06-05 17:08:22,682 - scraper.selenium_scraper - INFO - Scraped tournament 10: DB CUP
2026-06-05 17:08:23,374 - scraper.selenium_scraper - INFO - Scraped tournament 11: REPUBLIC CUP 2.0
2026-06-05 17:08:24,060 - scraper.selenium_scraper - INFO - Scraped tournament 12: Auction Demo Jodi
2026-06-05 17:08:24,750 - scraper.selenium_scraper - INFO - Scraped tournament 13: Super Cricket League
2026-06-05 17:08:25,436 - scraper.selenium_scraper - INFO - Scraped tournament 14: SIKAR PREMIER LEAGUE 2025
2026-06-05 17:08:26,138 - scraper.selenium_scraper - INFO - Scraped tournament 15: BJP
2026-06-05 17:08:26,847 - scraper.selenium_scraper - INFO - Scraped tournament 16: SUPER LEAGUE GROUP
2026-06-05 17:08:27,535 - scraper.selenium_scraper - INFO - Scraped tournament 17: SUPER CRICKET LEAGUE
2026-06-05 17:08:28,230 - scraper.selenium_scraper - INFO - Scraped tournament 18: NOPANY PREMIER LEAGUE INDOOR 3.0
2026-06-05 17:08:28,918 - scraper.selenium_scraper - INFO - Scraped tournament 19: YC TABLE TENNIS PREMIER LEAGUE 1.0
2026-06-05 17:08:29,605 - scraper.selenium_scraper - INFO - Scraped tournament 20: YESHWANT CLUB TENNIS PREMIER LEAGUE SEASON - 1.0
2026-06-05 17:08:29,605 - root - INFO - Successfully scraped 20 tournaments
2026-06-05 17:08:29,606 - root - INFO - Saved scraped data to /home/runner/work/super-player-auction-scraper/super-player-auction-scraper/data/tournament_data_20260605-170829.json
2026-06-05 17:08:29,606 - root - INFO - Initializing Graph API
2026-06-05 17:08:29,606 - excel.graph_api - INFO - Extracted file ID: 9e836ed5-f58f-4dc7-a969-3c62b255f3ea
2026-06-05 17:08:29,606 - excel.graph_api - INFO - Extracted site ID: CorpDevaaf94619130d4a79af9f3aeae502bdb5
2026-06-05 17:08:29,607 - root - INFO - Authenticating with Microsoft Graph API
2026-06-05 17:08:29,949 - excel.graph_api - INFO - Authentication successful
2026-06-05 17:08:29,949 - root - INFO - Updating Excel sheet with scraped data
2026-06-05 17:08:30,379 - excel.graph_api - INFO - Retrieved drive ID: b!MXUqfmBgAkyqAi_g7J1PO_6yKSWnHbZCs3mpe4EkYuX6d8izcdJxRb78S6OW5SIB
2026-06-05 17:08:31,892 - excel.graph_api - INFO - Retrieved 1670 rows from Excel
2026-06-05 17:08:33,124 - excel.graph_api - INFO - Updating range A1672:Y1672 with 1 new entries
2026-06-05 17:08:34,978 - excel.graph_api - INFO - Successfully added 1 new tournaments to Excel
2026-06-05 17:08:34,980 - root - INFO - Excel sheet updated successfully
2026-06-05 17:08:35,058 - scraper.selenium_scraper - INFO - Chrome driver closed
2026-06-05 17:08:35,058 - root - INFO - Selenium driver closed
2026-06-05 17:08:35,058 - root - INFO - Script execution completed
