2025-09-28 10:12:24,957 - root - INFO - Logger initialized successfully
2025-09-28 10:12:24,958 - root - INFO - Log file: /home/runner/work/super-player-auction-scraper/super-player-auction-scraper/logs/scraper_20250928_101224.log
2025-09-28 10:12:24,958 - root - INFO - Starting Super Player Auction scraper
2025-09-28 10:12:24,958 - utils.config - INFO - Credentials loaded from environment variables
2025-09-28 10:12:24,958 - utils.config - INFO - Settings loaded successfully
2025-09-28 10:12:24,958 - root - INFO - Initializing Selenium scraper
2025-09-28 10:12:24,958 - scraper.selenium_scraper - INFO - Running in GitHub Actions environment
2025-09-28 10:12:26,304 - selenium.webdriver.common.selenium_manager - WARNING - The chromedriver version (140.0.7339.185) detected in PATH at /usr/bin/chromedriver might not be compatible with the detected chrome version (140.0.7339.185); currently, chromedriver 140.0.7339.207 is recommended for chrome 140.*, so it is advised to delete the driver in PATH and retry
2025-09-28 10:12:31,523 - scraper.selenium_scraper - INFO - Chrome driver initialized successfully
2025-09-28 10:12:31,523 - root - INFO - Scraping tournament data
2025-09-28 10:12:31,523 - scraper.selenium_scraper - INFO - Starting to scrape tournament data
2025-09-28 10:12:32,047 - scraper.selenium_scraper - INFO - Waiting for page to load...
2025-09-28 10:12:37,052 - scraper.selenium_scraper - INFO - Scrolling to load all auction cards...
2025-09-28 10:12:49,448 - scraper.selenium_scraper - INFO - Saved page screenshot to /home/runner/work/super-player-auction-scraper/super-player-auction-scraper/logs/screenshots/page_loaded_20250928101249.png
2025-09-28 10:12:49,448 - scraper.selenium_scraper - INFO - Looking for auction cards...
2025-09-28 10:12:49,478 - scraper.selenium_scraper - INFO - Found 20 auction cards
2025-09-28 10:12:50,198 - scraper.selenium_scraper - INFO - Scraped tournament 1: SmashIT v7 2025
2025-09-28 10:12:50,938 - scraper.selenium_scraper - INFO - Scraped tournament 2: Elements Premier League (EPL)
2025-09-28 10:12:51,619 - scraper.selenium_scraper - INFO - Scraped tournament 3: JOI Premier League Auction Female
2025-09-28 10:12:52,302 - scraper.selenium_scraper - INFO - Scraped tournament 4: JOI Premier League Auction Male
2025-09-28 10:12:52,981 - scraper.selenium_scraper - INFO - Scraped tournament 5: CAMBRIDGE ALUMNI SPORTS MEET 2025
2025-09-28 10:12:53,664 - scraper.selenium_scraper - INFO - Scraped tournament 6: UPL SEASON 6
2025-09-28 10:12:54,358 - scraper.selenium_scraper - INFO - Scraped tournament 7: Petlurivaripalm Premier League Season -1
2025-09-28 10:12:55,040 - scraper.selenium_scraper - INFO - Scraped tournament 8: 2N_DESIGNER'S PREMIER LEAGUE SEASON IV
2025-09-28 10:12:55,718 - scraper.selenium_scraper - INFO - Scraped tournament 9: SHIMOGA PREMIER BADMINTON LEAGUE 2.O
2025-09-28 10:12:56,396 - scraper.selenium_scraper - INFO - Scraped tournament 10: RANUJ GAM CRICKET LEAGUE
2025-09-28 10:12:57,083 - scraper.selenium_scraper - INFO - Scraped tournament 11: United Premier League (Father's)
2025-09-28 10:12:57,762 - scraper.selenium_scraper - INFO - Scraped tournament 12: United Premier League Womens
2025-09-28 10:12:58,440 - scraper.selenium_scraper - INFO - Scraped tournament 13: Dambab Premier League 2025
2025-09-28 10:12:59,120 - scraper.selenium_scraper - INFO - Scraped tournament 14: BHAGALPUR CRICKET LEAGUE
2025-09-28 10:12:59,800 - scraper.selenium_scraper - INFO - Scraped tournament 15: NPL Titan Cup
2025-09-28 10:13:00,483 - scraper.selenium_scraper - INFO - Scraped tournament 16: ArjunDMUP
2025-09-28 10:13:01,162 - scraper.selenium_scraper - INFO - Scraped tournament 17: RPL SEASON 1
2025-09-28 10:13:01,851 - scraper.selenium_scraper - INFO - Scraped tournament 18: BMCL SEASON-3
2025-09-28 10:13:02,543 - scraper.selenium_scraper - INFO - Scraped tournament 19: Ador Premier League Season 6
2025-09-28 10:13:03,225 - scraper.selenium_scraper - INFO - Scraped tournament 20: AMBUR PREMIER LEAGUE SEASON 2
2025-09-28 10:13:03,225 - root - INFO - Successfully scraped 20 tournaments
2025-09-28 10:13:03,226 - root - INFO - Saved scraped data to /home/runner/work/super-player-auction-scraper/super-player-auction-scraper/data/tournament_data_20250928-101303.json
2025-09-28 10:13:03,226 - root - INFO - Initializing Graph API
2025-09-28 10:13:03,226 - excel.graph_api - INFO - Extracted file ID: 9e836ed5-f58f-4dc7-a969-3c62b255f3ea
2025-09-28 10:13:03,226 - excel.graph_api - INFO - Extracted site ID: CorpDevaaf94619130d4a79af9f3aeae502bdb5
2025-09-28 10:13:03,226 - root - INFO - Authenticating with Microsoft Graph API
2025-09-28 10:13:03,520 - excel.graph_api - INFO - Authentication successful
2025-09-28 10:13:03,520 - root - INFO - Updating Excel sheet with scraped data
2025-09-28 10:13:04,165 - excel.graph_api - INFO - Retrieved drive ID: b!MXUqfmBgAkyqAi_g7J1PO_6yKSWnHbZCs3mpe4EkYuX6d8izcdJxRb78S6OW5SIB
2025-09-28 10:13:05,878 - excel.graph_api - INFO - Retrieved 557 rows from Excel
2025-09-28 10:13:06,936 - excel.graph_api - INFO - Updating range A559:M563 with 5 new entries
2025-09-28 10:13:08,096 - excel.graph_api - INFO - Successfully added 5 new tournaments to Excel
2025-09-28 10:13:08,097 - root - INFO - Excel sheet updated successfully
2025-09-28 10:13:08,164 - scraper.selenium_scraper - INFO - Chrome driver closed
2025-09-28 10:13:08,164 - root - INFO - Selenium driver closed
2025-09-28 10:13:08,164 - root - INFO - Script execution completed
