2025-10-21 15:13:58,417 - root - INFO - Logger initialized successfully
2025-10-21 15:13:58,417 - root - INFO - Log file: /home/runner/work/super-player-auction-scraper/super-player-auction-scraper/logs/scraper_20251021_151358.log
2025-10-21 15:13:58,417 - root - INFO - Starting Super Player Auction scraper
2025-10-21 15:13:58,417 - utils.config - INFO - Credentials loaded from environment variables
2025-10-21 15:13:58,417 - utils.config - INFO - Settings loaded successfully
2025-10-21 15:13:58,417 - root - INFO - Initializing Selenium scraper
2025-10-21 15:13:58,417 - scraper.selenium_scraper - INFO - Running in GitHub Actions environment
2025-10-21 15:14:11,226 - scraper.selenium_scraper - INFO - Chrome driver initialized successfully
2025-10-21 15:14:11,226 - root - INFO - Scraping tournament data
2025-10-21 15:14:11,226 - scraper.selenium_scraper - INFO - Starting to scrape tournament data
2025-10-21 15:14:12,542 - scraper.selenium_scraper - INFO - Waiting for page to load...
2025-10-21 15:14:17,547 - scraper.selenium_scraper - INFO - Scrolling to load all auction cards...
2025-10-21 15:14:29,686 - scraper.selenium_scraper - INFO - Saved page screenshot to /home/runner/work/super-player-auction-scraper/super-player-auction-scraper/logs/screenshots/page_loaded_20251021151429.png
2025-10-21 15:14:29,686 - scraper.selenium_scraper - INFO - Looking for auction cards...
2025-10-21 15:14:29,729 - scraper.selenium_scraper - INFO - Found 20 auction cards
2025-10-21 15:14:30,470 - scraper.selenium_scraper - INFO - Scraped tournament 1: Dambab Premier League 2025
2025-10-21 15:14:31,300 - scraper.selenium_scraper - INFO - Scraped tournament 2: DDS PREMIER LEAGUE SEASON 3
2025-10-21 15:14:31,985 - scraper.selenium_scraper - INFO - Scraped tournament 3: TCC Premier Leage - Season 6
2025-10-21 15:14:32,670 - scraper.selenium_scraper - INFO - Scraped tournament 4: PANJIM GYMKHANA MEMBERS LEAGUE 2025
2025-10-21 15:14:33,357 - scraper.selenium_scraper - INFO - Scraped tournament 5: Goan Premier League 2025
2025-10-21 15:14:34,045 - scraper.selenium_scraper - INFO - Scraped tournament 6: "TEAM GREENS PRESENTS " GREENS PREMIER LEAGUE 2026 - GPL SEASON 3
2025-10-21 15:14:34,735 - scraper.selenium_scraper - INFO - Scraped tournament 7: LEATHERHEAD PREMIER LEAGUE 3.0
2025-10-21 15:14:35,415 - scraper.selenium_scraper - INFO - Scraped tournament 8: TTSL Northeast
2025-10-21 15:14:36,094 - scraper.selenium_scraper - INFO - Scraped tournament 9: KADUGODI PREMIER LEAGUE SEASON -6
2025-10-21 15:14:36,803 - scraper.selenium_scraper - INFO - Scraped tournament 10: MCL 2025
2025-10-21 15:14:37,494 - scraper.selenium_scraper - INFO - Scraped tournament 11: QIFF Easaka Memorial 7s Football Tournament
2025-10-21 15:14:38,176 - scraper.selenium_scraper - INFO - Scraped tournament 12: Chemist Cricket League
2025-10-21 15:14:38,858 - scraper.selenium_scraper - INFO - Scraped tournament 13: Ador Premier League Season 6
2025-10-21 15:14:39,542 - scraper.selenium_scraper - INFO - Scraped tournament 14: Shirur Champions Trophy
2025-10-21 15:14:40,223 - scraper.selenium_scraper - INFO - Scraped tournament 15: Pathanamthitta Cricket League
2025-10-21 15:14:40,908 - scraper.selenium_scraper - INFO - Scraped tournament 16: NORTH INDIA CORPORATE CRICKET LEAGUE SEASON 1
2025-10-21 15:14:41,589 - scraper.selenium_scraper - INFO - Scraped tournament 17: SUPER 100
2025-10-21 15:14:42,270 - scraper.selenium_scraper - INFO - Scraped tournament 18: Phoenix Cricket Cup
2025-10-21 15:14:42,965 - scraper.selenium_scraper - INFO - Scraped tournament 19: EMIRATES PREMIER LEAGUE SEASON. 5
2025-10-21 15:14:43,653 - scraper.selenium_scraper - INFO - Scraped tournament 20: BPPL Cricket Tournament 2025 - Season 2
2025-10-21 15:14:43,653 - root - INFO - Successfully scraped 20 tournaments
2025-10-21 15:14:43,653 - root - INFO - Saved scraped data to /home/runner/work/super-player-auction-scraper/super-player-auction-scraper/data/tournament_data_20251021-151443.json
2025-10-21 15:14:43,653 - root - INFO - Initializing Graph API
2025-10-21 15:14:43,654 - excel.graph_api - INFO - Extracted file ID: 9e836ed5-f58f-4dc7-a969-3c62b255f3ea
2025-10-21 15:14:43,654 - excel.graph_api - INFO - Extracted site ID: CorpDevaaf94619130d4a79af9f3aeae502bdb5
2025-10-21 15:14:43,654 - root - INFO - Authenticating with Microsoft Graph API
2025-10-21 15:14:43,927 - excel.graph_api - INFO - Authentication successful
2025-10-21 15:14:43,927 - root - INFO - Updating Excel sheet with scraped data
2025-10-21 15:14:44,479 - excel.graph_api - INFO - Retrieved drive ID: b!MXUqfmBgAkyqAi_g7J1PO_6yKSWnHbZCs3mpe4EkYuX6d8izcdJxRb78S6OW5SIB
2025-10-21 15:14:46,126 - excel.graph_api - INFO - Retrieved 659 rows from Excel
2025-10-21 15:14:47,066 - excel.graph_api - INFO - Updating range A661:M661 with 1 new entries
2025-10-21 15:14:48,421 - excel.graph_api - INFO - Successfully added 1 new tournaments to Excel
2025-10-21 15:14:48,422 - root - INFO - Excel sheet updated successfully
2025-10-21 15:14:48,494 - scraper.selenium_scraper - INFO - Chrome driver closed
2025-10-21 15:14:48,494 - root - INFO - Selenium driver closed
2025-10-21 15:14:48,494 - root - INFO - Script execution completed
