2026-03-06 15:29:31,467 - root - INFO - Logger initialized successfully
2026-03-06 15:29:31,467 - root - INFO - Log file: /home/runner/work/super-player-auction-scraper/super-player-auction-scraper/logs/scraper_20260306_152931.log
2026-03-06 15:29:31,467 - root - INFO - Starting Super Player Auction scraper
2026-03-06 15:29:31,467 - utils.config - INFO - Credentials loaded from environment variables
2026-03-06 15:29:31,467 - utils.config - INFO - Settings loaded successfully
2026-03-06 15:29:31,467 - root - INFO - Initializing Selenium scraper
2026-03-06 15:29:31,467 - scraper.selenium_scraper - INFO - Running in GitHub Actions environment
2026-03-06 15:29:38,668 - scraper.selenium_scraper - INFO - Chrome driver initialized successfully
2026-03-06 15:29:38,669 - root - INFO - Scraping tournament data
2026-03-06 15:29:38,669 - scraper.selenium_scraper - INFO - Starting to scrape tournament data
2026-03-06 15:29:39,407 - scraper.selenium_scraper - INFO - Waiting for page to load...
2026-03-06 15:29:44,412 - scraper.selenium_scraper - INFO - Scrolling to load all auction cards...
2026-03-06 15:29:56,554 - scraper.selenium_scraper - INFO - Saved page screenshot to /home/runner/work/super-player-auction-scraper/super-player-auction-scraper/logs/screenshots/page_loaded_20260306152956.png
2026-03-06 15:29:56,554 - scraper.selenium_scraper - INFO - Looking for auction cards...
2026-03-06 15:29:56,576 - scraper.selenium_scraper - INFO - Found 20 auction cards
2026-03-06 15:29:57,300 - scraper.selenium_scraper - INFO - Scraped tournament 1: Budigere Champions League
2026-03-06 15:29:58,038 - scraper.selenium_scraper - INFO - Scraped tournament 2: Hind Sporting Premier League
2026-03-06 15:29:58,739 - scraper.selenium_scraper - INFO - Scraped tournament 3: RELIANCE SPL 2026
2026-03-06 15:29:59,429 - scraper.selenium_scraper - INFO - Scraped tournament 4: SPL-2
2026-03-06 15:30:00,121 - scraper.selenium_scraper - INFO - Scraped tournament 5: MCPL 2026
2026-03-06 15:30:00,814 - scraper.selenium_scraper - INFO - Scraped tournament 6: NOTANDAS PREMIER LEAGUE (NPL)
2026-03-06 15:30:01,501 - scraper.selenium_scraper - INFO - Scraped tournament 7: UNITY CUP SEASON 3 [2026-27]
2026-03-06 15:30:02,198 - scraper.selenium_scraper - INFO - Scraped tournament 8: SIKAR PREMIER LEAGUE 2025
2026-03-06 15:30:02,888 - scraper.selenium_scraper - INFO - Scraped tournament 9: ROHAT PREMIER LEAGUE
2026-03-06 15:30:03,578 - scraper.selenium_scraper - INFO - Scraped tournament 10: SUPER FOOTBALL CHAMPIONSHIP
2026-03-06 15:30:04,275 - scraper.selenium_scraper - INFO - Scraped tournament 11: REPUBLIC CUP 2.0
2026-03-06 15:30:04,962 - scraper.selenium_scraper - INFO - Scraped tournament 12: NPL
2026-03-06 15:30:05,648 - scraper.selenium_scraper - INFO - Scraped tournament 13: BJP
2026-03-06 15:30:06,341 - scraper.selenium_scraper - INFO - Scraped tournament 14: SUPER CRICKRT LEAGUE - MAHIPAL
2026-03-06 15:30:07,029 - scraper.selenium_scraper - INFO - Scraped tournament 15: MARWADI PREMIER LEAGUE - 4
2026-03-06 15:30:07,720 - scraper.selenium_scraper - INFO - Scraped tournament 16: TMCC T10 Cricket Tournament 9th Edition
2026-03-06 15:30:08,412 - scraper.selenium_scraper - INFO - Scraped tournament 17: PRAHAR PREMIER LEAGUE 2026
2026-03-06 15:30:09,102 - scraper.selenium_scraper - INFO - Scraped tournament 18: WINNERS PREMIER LEAGUE, AYYAMPUZHA, SEASON 5
2026-03-06 15:30:09,796 - scraper.selenium_scraper - INFO - Scraped tournament 19: SUMMER SUPER LEAGUE SEASON-2
2026-03-06 15:30:10,482 - scraper.selenium_scraper - INFO - Scraped tournament 20: ELAVA PREMIER LEAGUE
2026-03-06 15:30:10,483 - root - INFO - Successfully scraped 20 tournaments
2026-03-06 15:30:10,483 - root - INFO - Saved scraped data to /home/runner/work/super-player-auction-scraper/super-player-auction-scraper/data/tournament_data_20260306-153010.json
2026-03-06 15:30:10,483 - root - INFO - Initializing Graph API
2026-03-06 15:30:10,483 - excel.graph_api - INFO - Extracted file ID: 9e836ed5-f58f-4dc7-a969-3c62b255f3ea
2026-03-06 15:30:10,483 - excel.graph_api - INFO - Extracted site ID: CorpDevaaf94619130d4a79af9f3aeae502bdb5
2026-03-06 15:30:10,483 - root - INFO - Authenticating with Microsoft Graph API
2026-03-06 15:30:10,670 - excel.graph_api - INFO - Authentication successful
2026-03-06 15:30:10,670 - root - INFO - Updating Excel sheet with scraped data
2026-03-06 15:30:11,311 - excel.graph_api - INFO - Retrieved drive ID: b!MXUqfmBgAkyqAi_g7J1PO_6yKSWnHbZCs3mpe4EkYuX6d8izcdJxRb78S6OW5SIB
2026-03-06 15:30:13,416 - excel.graph_api - INFO - Retrieved 1307 rows from Excel
2026-03-06 15:30:14,856 - excel.graph_api - INFO - Updating range A1309:M1310 with 2 new entries
2026-03-06 15:30:16,597 - excel.graph_api - INFO - Successfully added 2 new tournaments to Excel
2026-03-06 15:30:16,598 - root - INFO - Excel sheet updated successfully
2026-03-06 15:30:16,676 - scraper.selenium_scraper - INFO - Chrome driver closed
2026-03-06 15:30:16,676 - root - INFO - Selenium driver closed
2026-03-06 15:30:16,676 - root - INFO - Script execution completed
