2026-04-10 10:45:51,797 - root - INFO - Logger initialized successfully
2026-04-10 10:45:51,797 - root - INFO - Log file: /home/runner/work/super-player-auction-scraper/super-player-auction-scraper/logs/scraper_20260410_104551.log
2026-04-10 10:45:51,797 - root - INFO - Starting Super Player Auction scraper
2026-04-10 10:45:51,797 - utils.config - INFO - Credentials loaded from environment variables
2026-04-10 10:45:51,797 - utils.config - INFO - Settings loaded successfully
2026-04-10 10:45:51,797 - root - INFO - Initializing Selenium scraper
2026-04-10 10:45:51,798 - scraper.selenium_scraper - INFO - Running in GitHub Actions environment
2026-04-10 10:46:19,531 - scraper.selenium_scraper - INFO - Chrome driver initialized successfully
2026-04-10 10:46:19,532 - root - INFO - Scraping tournament data
2026-04-10 10:46:19,532 - scraper.selenium_scraper - INFO - Starting to scrape tournament data
2026-04-10 10:46:20,770 - scraper.selenium_scraper - INFO - Waiting for page to load...
2026-04-10 10:46:25,772 - scraper.selenium_scraper - INFO - Scrolling to load all auction cards...
2026-04-10 10:46:38,123 - scraper.selenium_scraper - INFO - Saved page screenshot to /home/runner/work/super-player-auction-scraper/super-player-auction-scraper/logs/screenshots/page_loaded_20260410104638.png
2026-04-10 10:46:38,123 - scraper.selenium_scraper - INFO - Looking for auction cards...
2026-04-10 10:46:38,192 - scraper.selenium_scraper - INFO - Found 20 auction cards
2026-04-10 10:46:38,954 - scraper.selenium_scraper - INFO - Scraped tournament 1: Malayalam Community Cricket League -2026
2026-04-10 10:46:39,776 - scraper.selenium_scraper - INFO - Scraped tournament 2: Cabin Cricket League
2026-04-10 10:46:40,484 - scraper.selenium_scraper - INFO - Scraped tournament 3: CHUNABHATTI PREMIER LEAGUE SEASON 5
2026-04-10 10:46:41,193 - scraper.selenium_scraper - INFO - Scraped tournament 4: AHILYANAGAR PREMIER LEAGUE U/16 (season 2)
2026-04-10 10:46:41,897 - scraper.selenium_scraper - INFO - Scraped tournament 5: WOMENS AHILYANAGAR PREMIER LEAGUE
2026-04-10 10:46:42,629 - scraper.selenium_scraper - INFO - Scraped tournament 6: RAAJPLY PATIDAR CRICKET LEAGUE 2026
2026-04-10 10:46:43,357 - scraper.selenium_scraper - INFO - Scraped tournament 7: Jain Morning Cricket Cup Season 2
2026-04-10 10:46:44,064 - scraper.selenium_scraper - INFO - Scraped tournament 8: MGPL CRICKET TOURNAMENT
2026-04-10 10:46:44,770 - scraper.selenium_scraper - INFO - Scraped tournament 9: CAPL - Season 2
2026-04-10 10:46:45,472 - scraper.selenium_scraper - INFO - Scraped tournament 10: Vagad Football League 2026
2026-04-10 10:46:46,183 - scraper.selenium_scraper - INFO - Scraped tournament 11: SmashIT v8, 2026
2026-04-10 10:46:46,884 - scraper.selenium_scraper - INFO - Scraped tournament 12: Chhattisgarh Cricket Champions League T20
2026-04-10 10:46:47,587 - scraper.selenium_scraper - INFO - Scraped tournament 13: ROHAT PREMIER LEAGUE
2026-04-10 10:46:48,292 - scraper.selenium_scraper - INFO - Scraped tournament 14: SUPER FOOTBALL CHAMPIONSHIP
2026-04-10 10:46:48,996 - scraper.selenium_scraper - INFO - Scraped tournament 15: Auction Demo Jodi
2026-04-10 10:46:49,709 - scraper.selenium_scraper - INFO - Scraped tournament 16: Super Cricket League
2026-04-10 10:46:50,412 - scraper.selenium_scraper - INFO - Scraped tournament 17: SIKAR PREMIER LEAGUE 2025
2026-04-10 10:46:51,115 - scraper.selenium_scraper - INFO - Scraped tournament 18: BJP
2026-04-10 10:46:51,825 - scraper.selenium_scraper - INFO - Scraped tournament 19: SUPER LEAGUE GROUP
2026-04-10 10:46:52,530 - scraper.selenium_scraper - INFO - Scraped tournament 20: SUPER CRICKET LEAGUE
2026-04-10 10:46:52,530 - root - INFO - Successfully scraped 20 tournaments
2026-04-10 10:46:52,531 - root - INFO - Saved scraped data to /home/runner/work/super-player-auction-scraper/super-player-auction-scraper/data/tournament_data_20260410-104652.json
2026-04-10 10:46:52,531 - root - INFO - Initializing Graph API
2026-04-10 10:46:52,531 - excel.graph_api - INFO - Extracted file ID: 9e836ed5-f58f-4dc7-a969-3c62b255f3ea
2026-04-10 10:46:52,532 - excel.graph_api - INFO - Extracted site ID: CorpDevaaf94619130d4a79af9f3aeae502bdb5
2026-04-10 10:46:52,532 - root - INFO - Authenticating with Microsoft Graph API
2026-04-10 10:46:52,964 - excel.graph_api - INFO - Authentication successful
2026-04-10 10:46:52,965 - root - INFO - Updating Excel sheet with scraped data
2026-04-10 10:46:53,495 - excel.graph_api - INFO - Retrieved drive ID: b!MXUqfmBgAkyqAi_g7J1PO_6yKSWnHbZCs3mpe4EkYuX6d8izcdJxRb78S6OW5SIB
2026-04-10 10:46:58,150 - excel.graph_api - INFO - Retrieved 1460 rows from Excel
2026-04-10 10:47:02,521 - excel.graph_api - INFO - Updating range A1462:P1464 with 3 new entries
2026-04-10 10:47:08,245 - excel.graph_api - INFO - Successfully added 3 new tournaments to Excel
2026-04-10 10:47:08,247 - root - INFO - Excel sheet updated successfully
2026-04-10 10:47:08,325 - scraper.selenium_scraper - INFO - Chrome driver closed
2026-04-10 10:47:08,325 - root - INFO - Selenium driver closed
2026-04-10 10:47:08,325 - root - INFO - Script execution completed
