2025-10-10 15:13:08,198 - root - INFO - Logger initialized successfully
2025-10-10 15:13:08,198 - root - INFO - Log file: /home/runner/work/super-player-auction-scraper/super-player-auction-scraper/logs/scraper_20251010_151308.log
2025-10-10 15:13:08,198 - root - INFO - Starting Super Player Auction scraper
2025-10-10 15:13:08,198 - utils.config - INFO - Credentials loaded from environment variables
2025-10-10 15:13:08,198 - utils.config - INFO - Settings loaded successfully
2025-10-10 15:13:08,199 - root - INFO - Initializing Selenium scraper
2025-10-10 15:13:08,199 - scraper.selenium_scraper - INFO - Running in GitHub Actions environment
2025-10-10 15:13:14,979 - scraper.selenium_scraper - INFO - Chrome driver initialized successfully
2025-10-10 15:13:14,979 - root - INFO - Scraping tournament data
2025-10-10 15:13:14,979 - scraper.selenium_scraper - INFO - Starting to scrape tournament data
2025-10-10 15:13:15,643 - scraper.selenium_scraper - INFO - Waiting for page to load...
2025-10-10 15:13:20,649 - scraper.selenium_scraper - INFO - Scrolling to load all auction cards...
2025-10-10 15:13:32,775 - scraper.selenium_scraper - INFO - Saved page screenshot to /home/runner/work/super-player-auction-scraper/super-player-auction-scraper/logs/screenshots/page_loaded_20251010151332.png
2025-10-10 15:13:32,775 - scraper.selenium_scraper - INFO - Looking for auction cards...
2025-10-10 15:13:32,802 - scraper.selenium_scraper - INFO - Found 20 auction cards
2025-10-10 15:13:33,573 - scraper.selenium_scraper - INFO - Scraped tournament 1: VPL 2.0
2025-10-10 15:13:34,262 - scraper.selenium_scraper - INFO - Scraped tournament 2: KCR CUP SEASON 1
2025-10-10 15:13:34,954 - scraper.selenium_scraper - INFO - Scraped tournament 3: WTPL SEASON 7
2025-10-10 15:13:35,647 - scraper.selenium_scraper - INFO - Scraped tournament 4: GARWARE SUPER LEAGUE
2025-10-10 15:13:36,329 - scraper.selenium_scraper - INFO - Scraped tournament 5: APL 2025
2025-10-10 15:13:37,013 - scraper.selenium_scraper - INFO - Scraped tournament 6: MBPL
2025-10-10 15:13:37,694 - scraper.selenium_scraper - INFO - Scraped tournament 7: United Premier League Womens
2025-10-10 15:13:38,373 - scraper.selenium_scraper - INFO - Scraped tournament 8: ANCHOR PREMIER LEAGUE - MALE
2025-10-10 15:13:39,059 - scraper.selenium_scraper - INFO - Scraped tournament 9: ANCHOR PREMIER LEAGUE - FEMALE
2025-10-10 15:13:39,739 - scraper.selenium_scraper - INFO - Scraped tournament 10: Pond Premier League - Whispering Palms Season 1
2025-10-10 15:13:40,418 - scraper.selenium_scraper - INFO - Scraped tournament 11: FCCL SEASON 5 MALE
2025-10-10 15:13:41,105 - scraper.selenium_scraper - INFO - Scraped tournament 12: CHANDANA BHAKER PREMIER LEAGUE
2025-10-10 15:13:41,784 - scraper.selenium_scraper - INFO - Scraped tournament 13: Allumini Premier League 2025
2025-10-10 15:13:42,464 - scraper.selenium_scraper - INFO - Scraped tournament 14: SmashIT v7 2025
2025-10-10 15:13:43,145 - scraper.selenium_scraper - INFO - Scraped tournament 15: SUNDAY PREMIER LEAGUE
2025-10-10 15:13:43,827 - scraper.selenium_scraper - INFO - Scraped tournament 16: KASRODIANS PREMIER LEAGUE SEASON -5
2025-10-10 15:13:44,516 - scraper.selenium_scraper - INFO - Scraped tournament 17: Dambab Premier League 2025
2025-10-10 15:13:45,205 - scraper.selenium_scraper - INFO - Scraped tournament 18: DDS PREMIER LEAGUE SEASON 3
2025-10-10 15:13:45,885 - scraper.selenium_scraper - INFO - Scraped tournament 19: PUSHKARNA PREMIER LEAGUE
2025-10-10 15:13:46,574 - scraper.selenium_scraper - INFO - Scraped tournament 20: MUMBAI ADVOCATES PREMIER LEAGUE
2025-10-10 15:13:46,575 - root - INFO - Successfully scraped 20 tournaments
2025-10-10 15:13:46,575 - root - INFO - Saved scraped data to /home/runner/work/super-player-auction-scraper/super-player-auction-scraper/data/tournament_data_20251010-151346.json
2025-10-10 15:13:46,575 - root - INFO - Initializing Graph API
2025-10-10 15:13:46,575 - excel.graph_api - INFO - Extracted file ID: 9e836ed5-f58f-4dc7-a969-3c62b255f3ea
2025-10-10 15:13:46,576 - excel.graph_api - INFO - Extracted site ID: CorpDevaaf94619130d4a79af9f3aeae502bdb5
2025-10-10 15:13:46,576 - root - INFO - Authenticating with Microsoft Graph API
2025-10-10 15:13:46,783 - excel.graph_api - INFO - Authentication successful
2025-10-10 15:13:46,783 - root - INFO - Updating Excel sheet with scraped data
2025-10-10 15:13:47,220 - excel.graph_api - INFO - Retrieved drive ID: b!MXUqfmBgAkyqAi_g7J1PO_6yKSWnHbZCs3mpe4EkYuX6d8izcdJxRb78S6OW5SIB
2025-10-10 15:13:48,666 - excel.graph_api - INFO - Retrieved 607 rows from Excel
2025-10-10 15:13:49,341 - excel.graph_api - INFO - Updating range A609:M611 with 3 new entries
2025-10-10 15:13:50,821 - excel.graph_api - INFO - Successfully added 3 new tournaments to Excel
2025-10-10 15:13:50,823 - root - INFO - Excel sheet updated successfully
2025-10-10 15:13:50,890 - scraper.selenium_scraper - INFO - Chrome driver closed
2025-10-10 15:13:50,890 - root - INFO - Selenium driver closed
2025-10-10 15:13:50,890 - root - INFO - Script execution completed
