2026-03-16 10:48:16,490 - root - INFO - Logger initialized successfully
2026-03-16 10:48:16,490 - root - INFO - Log file: /home/runner/work/super-player-auction-scraper/super-player-auction-scraper/logs/scraper_20260316_104816.log
2026-03-16 10:48:16,491 - root - INFO - Starting Super Player Auction scraper
2026-03-16 10:48:16,491 - utils.config - INFO - Credentials loaded from environment variables
2026-03-16 10:48:16,491 - utils.config - INFO - Settings loaded successfully
2026-03-16 10:48:16,491 - root - INFO - Initializing Selenium scraper
2026-03-16 10:48:16,491 - scraper.selenium_scraper - INFO - Running in GitHub Actions environment
2026-03-16 10:48:23,325 - scraper.selenium_scraper - INFO - Chrome driver initialized successfully
2026-03-16 10:48:23,326 - root - INFO - Scraping tournament data
2026-03-16 10:48:23,326 - scraper.selenium_scraper - INFO - Starting to scrape tournament data
2026-03-16 10:48:24,113 - scraper.selenium_scraper - INFO - Waiting for page to load...
2026-03-16 10:48:29,118 - scraper.selenium_scraper - INFO - Scrolling to load all auction cards...
2026-03-16 10:48:41,244 - scraper.selenium_scraper - INFO - Saved page screenshot to /home/runner/work/super-player-auction-scraper/super-player-auction-scraper/logs/screenshots/page_loaded_20260316104841.png
2026-03-16 10:48:41,244 - scraper.selenium_scraper - INFO - Looking for auction cards...
2026-03-16 10:48:41,267 - scraper.selenium_scraper - INFO - Found 20 auction cards
2026-03-16 10:48:41,971 - scraper.selenium_scraper - INFO - Scraped tournament 1: MCPL 2026
2026-03-16 10:48:42,705 - scraper.selenium_scraper - INFO - Scraped tournament 2: BSA League - 1
2026-03-16 10:48:43,379 - scraper.selenium_scraper - INFO - Scraped tournament 3: UNITY CUP Season 3 [2026-27]
2026-03-16 10:48:44,053 - scraper.selenium_scraper - INFO - Scraped tournament 4: SIKAR PREMIER LEAGUE 2025
2026-03-16 10:48:44,731 - scraper.selenium_scraper - INFO - Scraped tournament 5: ROHAT PREMIER LEAGUE
2026-03-16 10:48:45,408 - scraper.selenium_scraper - INFO - Scraped tournament 6: SUPER FOOTBALL CHAMPIONSHIP
2026-03-16 10:48:46,083 - scraper.selenium_scraper - INFO - Scraped tournament 7: NPL
2026-03-16 10:48:46,755 - scraper.selenium_scraper - INFO - Scraped tournament 8: BJP
2026-03-16 10:48:47,433 - scraper.selenium_scraper - INFO - Scraped tournament 9: SUPER CRICKRT LEAGUE - MAHIPAL
2026-03-16 10:48:48,106 - scraper.selenium_scraper - INFO - Scraped tournament 10: DHARMVEER PREMIER LEAGUE
2026-03-16 10:48:48,780 - scraper.selenium_scraper - INFO - Scraped tournament 11: NMCL SEASON -1.0
2026-03-16 10:48:49,460 - scraper.selenium_scraper - INFO - Scraped tournament 12: SKPPL 3
2026-03-16 10:48:50,134 - scraper.selenium_scraper - INFO - Scraped tournament 13: NASHIK LAWions FOUNDATION TENNIS BALL CRICKET TOURNAMENT-2026
2026-03-16 10:48:50,805 - scraper.selenium_scraper - INFO - Scraped tournament 14: मेघवाल प्रीमियर लीग जयपुर आक्शन
2026-03-16 10:48:51,480 - scraper.selenium_scraper - INFO - Scraped tournament 15: BOTAD PREMIER LEAGUE 3
2026-03-16 10:48:52,153 - scraper.selenium_scraper - INFO - Scraped tournament 16: DAMAN PREMIER LEAGUE 2026
2026-03-16 10:48:52,832 - scraper.selenium_scraper - INFO - Scraped tournament 17: KMPL SEASON 4
2026-03-16 10:48:53,504 - scraper.selenium_scraper - INFO - Scraped tournament 18: BBBL
2026-03-16 10:48:54,176 - scraper.selenium_scraper - INFO - Scraped tournament 19: FINISHER T10 LEAGUE SEASON - 5
2026-03-16 10:48:54,858 - scraper.selenium_scraper - INFO - Scraped tournament 20: FLICK BADMINTON LEAGUE
2026-03-16 10:48:54,858 - root - INFO - Successfully scraped 20 tournaments
2026-03-16 10:48:54,858 - root - INFO - Saved scraped data to /home/runner/work/super-player-auction-scraper/super-player-auction-scraper/data/tournament_data_20260316-104854.json
2026-03-16 10:48:54,858 - root - INFO - Initializing Graph API
2026-03-16 10:48:54,858 - excel.graph_api - INFO - Extracted file ID: 9e836ed5-f58f-4dc7-a969-3c62b255f3ea
2026-03-16 10:48:54,859 - excel.graph_api - INFO - Extracted site ID: CorpDevaaf94619130d4a79af9f3aeae502bdb5
2026-03-16 10:48:54,859 - root - INFO - Authenticating with Microsoft Graph API
2026-03-16 10:48:55,026 - excel.graph_api - INFO - Authentication successful
2026-03-16 10:48:55,026 - root - INFO - Updating Excel sheet with scraped data
2026-03-16 10:48:55,478 - excel.graph_api - INFO - Retrieved drive ID: b!MXUqfmBgAkyqAi_g7J1PO_6yKSWnHbZCs3mpe4EkYuX6d8izcdJxRb78S6OW5SIB
2026-03-16 10:48:57,099 - excel.graph_api - INFO - Retrieved 1346 rows from Excel
2026-03-16 10:48:58,160 - excel.graph_api - INFO - Updating range A1348:M1353 with 6 new entries
2026-03-16 10:48:59,386 - excel.graph_api - INFO - Successfully added 6 new tournaments to Excel
2026-03-16 10:48:59,388 - root - INFO - Excel sheet updated successfully
2026-03-16 10:48:59,453 - scraper.selenium_scraper - INFO - Chrome driver closed
2026-03-16 10:48:59,453 - root - INFO - Selenium driver closed
2026-03-16 10:48:59,453 - root - INFO - Script execution completed
