2025-09-22 10:15:19,540 - root - INFO - Logger initialized successfully
2025-09-22 10:15:19,540 - root - INFO - Log file: /home/runner/work/super-player-auction-scraper/super-player-auction-scraper/logs/scraper_20250922_101519.log
2025-09-22 10:15:19,540 - root - INFO - Starting Super Player Auction scraper
2025-09-22 10:15:19,540 - utils.config - INFO - Credentials loaded from environment variables
2025-09-22 10:15:19,540 - utils.config - INFO - Settings loaded successfully
2025-09-22 10:15:19,540 - root - INFO - Initializing Selenium scraper
2025-09-22 10:15:19,540 - scraper.selenium_scraper - INFO - Running in GitHub Actions environment
2025-09-22 10:15:26,301 - selenium.webdriver.common.selenium_manager - WARNING - The chromedriver version (140.0.7339.80) detected in PATH at /usr/bin/chromedriver might not be compatible with the detected chrome version (140.0.7339.80); currently, chromedriver 140.0.7339.185 is recommended for chrome 140.*, so it is advised to delete the driver in PATH and retry
2025-09-22 10:15:58,179 - scraper.selenium_scraper - INFO - Chrome driver initialized successfully
2025-09-22 10:15:58,179 - root - INFO - Scraping tournament data
2025-09-22 10:15:58,180 - scraper.selenium_scraper - INFO - Starting to scrape tournament data
2025-09-22 10:16:00,208 - scraper.selenium_scraper - INFO - Waiting for page to load...
2025-09-22 10:16:05,213 - scraper.selenium_scraper - INFO - Scrolling to load all auction cards...
2025-09-22 10:16:17,356 - scraper.selenium_scraper - INFO - Saved page screenshot to /home/runner/work/super-player-auction-scraper/super-player-auction-scraper/logs/screenshots/page_loaded_20250922101617.png
2025-09-22 10:16:17,356 - scraper.selenium_scraper - INFO - Looking for auction cards...
2025-09-22 10:16:17,403 - scraper.selenium_scraper - INFO - Found 20 auction cards
2025-09-22 10:16:18,125 - scraper.selenium_scraper - INFO - Scraped tournament 1: Monsoon Box League Season 3
2025-09-22 10:16:19,125 - scraper.selenium_scraper - INFO - Scraped tournament 2: CHHATTISGARH LEAGUE OF LEGENDS
2025-09-22 10:16:19,827 - scraper.selenium_scraper - INFO - Scraped tournament 3: UPL CHAPTER 3.0 CRICKET TOURNAMENT
2025-09-22 10:16:20,515 - scraper.selenium_scraper - INFO - Scraped tournament 4: JOI Premier League Auction Male
2025-09-22 10:16:21,202 - scraper.selenium_scraper - INFO - Scraped tournament 5: JOI Premier League Auction Female
2025-09-22 10:16:21,889 - scraper.selenium_scraper - INFO - Scraped tournament 6: United Premier League (Father's)
2025-09-22 10:16:22,577 - scraper.selenium_scraper - INFO - Scraped tournament 7: United Premier League Womens
2025-09-22 10:16:23,262 - scraper.selenium_scraper - INFO - Scraped tournament 8: BHAGALPUR CRICKET LEAGUE
2025-09-22 10:16:23,949 - scraper.selenium_scraper - INFO - Scraped tournament 9: NPL Titan Cup
2025-09-22 10:16:24,636 - scraper.selenium_scraper - INFO - Scraped tournament 10: VPL 2.0
2025-09-22 10:16:25,328 - scraper.selenium_scraper - INFO - Scraped tournament 11: KCL-2
2025-09-22 10:16:26,019 - scraper.selenium_scraper - INFO - Scraped tournament 12: SPORTS ASSEMBLY PREMIER LEAGUE SEASON 9
2025-09-22 10:16:26,704 - scraper.selenium_scraper - INFO - Scraped tournament 13: UDYAWAR PREMIER LEAGUE
2025-09-22 10:16:27,390 - scraper.selenium_scraper - INFO - Scraped tournament 14: SMN SMASHERS BELTHANGADY
2025-09-22 10:16:28,078 - scraper.selenium_scraper - INFO - Scraped tournament 15: JPL-1 (JETAWADA PREMIER LEAGUE-1)
2025-09-22 10:16:28,766 - scraper.selenium_scraper - INFO - Scraped tournament 16: ANCHOR PREMIER LEAGUE - FEMALE
2025-09-22 10:16:29,451 - scraper.selenium_scraper - INFO - Scraped tournament 17: ANCHOR PREMIER LEAGUE - MALE
2025-09-22 10:16:30,137 - scraper.selenium_scraper - INFO - Scraped tournament 18: Gorakhpur T10 Champions league
2025-09-22 10:16:30,830 - scraper.selenium_scraper - INFO - Scraped tournament 19: CENTRAL BIGBASH LEAGUE - SEASON 5
2025-09-22 10:16:31,516 - scraper.selenium_scraper - INFO - Scraped tournament 20: UNITED PREMIER LEAGUE 2025
2025-09-22 10:16:31,516 - root - INFO - Successfully scraped 20 tournaments
2025-09-22 10:16:31,517 - root - INFO - Saved scraped data to /home/runner/work/super-player-auction-scraper/super-player-auction-scraper/data/tournament_data_20250922-101631.json
2025-09-22 10:16:31,517 - root - INFO - Initializing Graph API
2025-09-22 10:16:31,517 - excel.graph_api - INFO - Extracted file ID: 9e836ed5-f58f-4dc7-a969-3c62b255f3ea
2025-09-22 10:16:31,517 - excel.graph_api - INFO - Extracted site ID: CorpDevaaf94619130d4a79af9f3aeae502bdb5
2025-09-22 10:16:31,517 - root - INFO - Authenticating with Microsoft Graph API
2025-09-22 10:16:31,739 - excel.graph_api - INFO - Authentication successful
2025-09-22 10:16:31,740 - root - INFO - Updating Excel sheet with scraped data
2025-09-22 10:16:31,932 - excel.graph_api - INFO - Retrieved drive ID: b!MXUqfmBgAkyqAi_g7J1PO_6yKSWnHbZCs3mpe4EkYuX6d8izcdJxRb78S6OW5SIB
2025-09-22 10:16:32,857 - excel.graph_api - INFO - Retrieved 527 rows from Excel
2025-09-22 10:16:33,416 - excel.graph_api - INFO - Updating range A529:M531 with 3 new entries
2025-09-22 10:16:34,275 - excel.graph_api - INFO - Successfully added 3 new tournaments to Excel
2025-09-22 10:16:34,277 - root - INFO - Excel sheet updated successfully
2025-09-22 10:16:34,344 - scraper.selenium_scraper - INFO - Chrome driver closed
2025-09-22 10:16:34,344 - root - INFO - Selenium driver closed
2025-09-22 10:16:34,344 - root - INFO - Script execution completed
