2026-02-15 10:20:02,938 - root - INFO - Logger initialized successfully
2026-02-15 10:20:02,938 - root - INFO - Log file: /home/runner/work/super-player-auction-scraper/super-player-auction-scraper/logs/scraper_20260215_102002.log
2026-02-15 10:20:02,938 - root - INFO - Starting Super Player Auction scraper
2026-02-15 10:20:02,938 - utils.config - INFO - Credentials loaded from environment variables
2026-02-15 10:20:02,938 - utils.config - INFO - Settings loaded successfully
2026-02-15 10:20:02,938 - root - INFO - Initializing Selenium scraper
2026-02-15 10:20:02,938 - scraper.selenium_scraper - INFO - Running in GitHub Actions environment
2026-02-15 10:20:18,492 - scraper.selenium_scraper - INFO - Chrome driver initialized successfully
2026-02-15 10:20:18,492 - root - INFO - Scraping tournament data
2026-02-15 10:20:18,492 - scraper.selenium_scraper - INFO - Starting to scrape tournament data
2026-02-15 10:20:19,835 - scraper.selenium_scraper - INFO - Waiting for page to load...
2026-02-15 10:20:24,840 - scraper.selenium_scraper - INFO - Scrolling to load all auction cards...
2026-02-15 10:20:36,980 - scraper.selenium_scraper - INFO - Saved page screenshot to /home/runner/work/super-player-auction-scraper/super-player-auction-scraper/logs/screenshots/page_loaded_20260215102036.png
2026-02-15 10:20:36,980 - scraper.selenium_scraper - INFO - Looking for auction cards...
2026-02-15 10:20:37,009 - scraper.selenium_scraper - INFO - Found 20 auction cards
2026-02-15 10:20:37,733 - scraper.selenium_scraper - INFO - Scraped tournament 1: Cosmo Premiere League 26
2026-02-15 10:20:38,500 - scraper.selenium_scraper - INFO - Scraped tournament 2: HARIPRABODHAM PREMIER LEAGUE
2026-02-15 10:20:39,187 - scraper.selenium_scraper - INFO - Scraped tournament 3: RAJASTHAN TRAVEL TRADE CRICKET LEAGUE 2.0
2026-02-15 10:20:39,874 - scraper.selenium_scraper - INFO - Scraped tournament 4: SRPL 2026
2026-02-15 10:20:40,563 - scraper.selenium_scraper - INFO - Scraped tournament 5: Hind Sporting Premier League
2026-02-15 10:20:41,249 - scraper.selenium_scraper - INFO - Scraped tournament 6: RELIANCE SPL 2026
2026-02-15 10:20:41,935 - scraper.selenium_scraper - INFO - Scraped tournament 7: MCPL 2026
2026-02-15 10:20:42,620 - scraper.selenium_scraper - INFO - Scraped tournament 8: SIKAR PREMIER LEAGUE 2025
2026-02-15 10:20:43,312 - scraper.selenium_scraper - INFO - Scraped tournament 9: NPL
2026-02-15 10:20:43,996 - scraper.selenium_scraper - INFO - Scraped tournament 10: BJP
2026-02-15 10:20:44,678 - scraper.selenium_scraper - INFO - Scraped tournament 11: SUPER CRICKRT LEAGUE - MAHIPAL
2026-02-15 10:20:45,366 - scraper.selenium_scraper - INFO - Scraped tournament 12: QIFF EASAKA MEMORIAL 7S FOOTBALL TOURNAMENT
2026-02-15 10:20:46,051 - scraper.selenium_scraper - INFO - Scraped tournament 13: THRISSUR PREMIER LEAGUE SEASON - 6
2026-02-15 10:20:46,736 - scraper.selenium_scraper - INFO - Scraped tournament 14: Zoroastrian Volleyball Premier League
2026-02-15 10:20:47,421 - scraper.selenium_scraper - INFO - Scraped tournament 15: Panchkrushi Premier League
2026-02-15 10:20:48,106 - scraper.selenium_scraper - INFO - Scraped tournament 16: Palwada Premier League Season 2
2026-02-15 10:20:48,794 - scraper.selenium_scraper - INFO - Scraped tournament 17: CJG PUNE - MALE
2026-02-15 10:20:49,480 - scraper.selenium_scraper - INFO - Scraped tournament 18: CJG PUNE - FEMALE
2026-02-15 10:20:50,163 - scraper.selenium_scraper - INFO - Scraped tournament 19: LIONS PREMIER LEAGUE
2026-02-15 10:20:50,854 - scraper.selenium_scraper - INFO - Scraped tournament 20: ENJOY SEASON -9
2026-02-15 10:20:50,854 - root - INFO - Successfully scraped 20 tournaments
2026-02-15 10:20:50,854 - root - INFO - Saved scraped data to /home/runner/work/super-player-auction-scraper/super-player-auction-scraper/data/tournament_data_20260215-102050.json
2026-02-15 10:20:50,855 - root - INFO - Initializing Graph API
2026-02-15 10:20:50,855 - excel.graph_api - INFO - Extracted file ID: 9e836ed5-f58f-4dc7-a969-3c62b255f3ea
2026-02-15 10:20:50,855 - excel.graph_api - INFO - Extracted site ID: CorpDevaaf94619130d4a79af9f3aeae502bdb5
2026-02-15 10:20:50,855 - root - INFO - Authenticating with Microsoft Graph API
2026-02-15 10:20:51,184 - excel.graph_api - INFO - Authentication successful
2026-02-15 10:20:51,184 - root - INFO - Updating Excel sheet with scraped data
2026-02-15 10:20:51,943 - excel.graph_api - INFO - Retrieved drive ID: b!MXUqfmBgAkyqAi_g7J1PO_6yKSWnHbZCs3mpe4EkYuX6d8izcdJxRb78S6OW5SIB
2026-02-15 10:20:54,116 - excel.graph_api - INFO - Retrieved 1227 rows from Excel
2026-02-15 10:20:54,952 - excel.graph_api - INFO - Updating range A1229:M1233 with 5 new entries
2026-02-15 10:20:55,840 - excel.graph_api - INFO - Successfully added 5 new tournaments to Excel
2026-02-15 10:20:55,841 - root - INFO - Excel sheet updated successfully
2026-02-15 10:20:55,920 - scraper.selenium_scraper - INFO - Chrome driver closed
2026-02-15 10:20:55,920 - root - INFO - Selenium driver closed
2026-02-15 10:20:55,920 - root - INFO - Script execution completed
