2026-06-02 18:34:02,606 - root - INFO - Logger initialized successfully
2026-06-02 18:34:02,606 - root - INFO - Log file: /home/runner/work/super-player-auction-scraper/super-player-auction-scraper/logs/scraper_20260602_183402.log
2026-06-02 18:34:02,607 - root - INFO - Starting Super Player Auction scraper
2026-06-02 18:34:02,607 - utils.config - INFO - Credentials loaded from environment variables
2026-06-02 18:34:02,607 - utils.config - INFO - Settings loaded successfully
2026-06-02 18:34:02,607 - root - INFO - Initializing Selenium scraper
2026-06-02 18:34:02,607 - scraper.selenium_scraper - INFO - Running in GitHub Actions environment
2026-06-02 18:34:09,704 - scraper.selenium_scraper - INFO - Chrome driver initialized successfully
2026-06-02 18:34:09,704 - root - INFO - Scraping tournament data
2026-06-02 18:34:09,704 - scraper.selenium_scraper - INFO - Starting to scrape tournament data
2026-06-02 18:34:10,494 - scraper.selenium_scraper - INFO - Waiting for page to load...
2026-06-02 18:34:15,499 - scraper.selenium_scraper - INFO - Scrolling to load all auction cards...
2026-06-02 18:34:27,653 - scraper.selenium_scraper - INFO - Saved page screenshot to /home/runner/work/super-player-auction-scraper/super-player-auction-scraper/logs/screenshots/page_loaded_20260602183427.png
2026-06-02 18:34:27,653 - scraper.selenium_scraper - INFO - Looking for auction cards...
2026-06-02 18:34:27,680 - scraper.selenium_scraper - INFO - Found 20 auction cards
2026-06-02 18:34:28,414 - scraper.selenium_scraper - INFO - Scraped tournament 1: RBL - 4
2026-06-02 18:34:29,126 - scraper.selenium_scraper - INFO - Scraped tournament 2: UPL 2026
2026-06-02 18:34:29,819 - scraper.selenium_scraper - INFO - Scraped tournament 3: CBBL 6 AUCTION
2026-06-02 18:34:30,564 - scraper.selenium_scraper - INFO - Scraped tournament 4: Dream UTT Juniors Season 2
2026-06-02 18:34:31,256 - scraper.selenium_scraper - INFO - Scraped tournament 5: SUPER FOOTBALL CHAMPIONSHIP
2026-06-02 18:34:31,948 - scraper.selenium_scraper - INFO - Scraped tournament 6: DB CUP
2026-06-02 18:34:32,640 - scraper.selenium_scraper - INFO - Scraped tournament 7: REPUBLIC CUP 2.0
2026-06-02 18:34:33,332 - scraper.selenium_scraper - INFO - Scraped tournament 8: Auction Demo Jodi
2026-06-02 18:34:34,024 - scraper.selenium_scraper - INFO - Scraped tournament 9: Super Cricket League
2026-06-02 18:34:34,714 - scraper.selenium_scraper - INFO - Scraped tournament 10: SIKAR PREMIER LEAGUE 2025
2026-06-02 18:34:35,417 - scraper.selenium_scraper - INFO - Scraped tournament 11: BJP
2026-06-02 18:34:36,109 - scraper.selenium_scraper - INFO - Scraped tournament 12: SUPER LEAGUE GROUP
2026-06-02 18:34:36,803 - scraper.selenium_scraper - INFO - Scraped tournament 13: SUPER CRICKET LEAGUE
2026-06-02 18:34:37,497 - scraper.selenium_scraper - INFO - Scraped tournament 14: MALAPPURAM PREMIER LEAGUE S3 (RIYADH, KSA - 03 July 2026)
2026-06-02 18:34:38,194 - scraper.selenium_scraper - INFO - Scraped tournament 15: ENTREPRENEUR’S PREMIER LEAGUE 8.0 WOMEN
2026-06-02 18:34:38,891 - scraper.selenium_scraper - INFO - Scraped tournament 16: ENTREPRENEUR’S PREMIER LEAGUE 8.0 MEN
2026-06-02 18:34:39,582 - scraper.selenium_scraper - INFO - Scraped tournament 17: CEYLON CRICKET LEAGUE
2026-06-02 18:34:40,273 - scraper.selenium_scraper - INFO - Scraped tournament 18: Sw Bheekh Singh Smrti RATIKALIN Kabddi PRATIYOGITA
2026-06-02 18:34:40,973 - scraper.selenium_scraper - INFO - Scraped tournament 19: ELITETANK SPORTS PRESENT SHIRSAT SPORTS WOMEN PREMIER LEAGUE 2026
2026-06-02 18:34:41,664 - scraper.selenium_scraper - INFO - Scraped tournament 20: PALAKKAD CRICKET LEAGUE SEASON 2 - 2026
2026-06-02 18:34:41,664 - root - INFO - Successfully scraped 20 tournaments
2026-06-02 18:34:41,665 - root - INFO - Saved scraped data to /home/runner/work/super-player-auction-scraper/super-player-auction-scraper/data/tournament_data_20260602-183441.json
2026-06-02 18:34:41,665 - root - INFO - Initializing Graph API
2026-06-02 18:34:41,665 - excel.graph_api - INFO - Extracted file ID: 9e836ed5-f58f-4dc7-a969-3c62b255f3ea
2026-06-02 18:34:41,665 - excel.graph_api - INFO - Extracted site ID: CorpDevaaf94619130d4a79af9f3aeae502bdb5
2026-06-02 18:34:41,665 - root - INFO - Authenticating with Microsoft Graph API
2026-06-02 18:34:41,845 - excel.graph_api - INFO - Authentication successful
2026-06-02 18:34:41,845 - root - INFO - Updating Excel sheet with scraped data
2026-06-02 18:34:42,276 - excel.graph_api - INFO - Retrieved drive ID: b!MXUqfmBgAkyqAi_g7J1PO_6yKSWnHbZCs3mpe4EkYuX6d8izcdJxRb78S6OW5SIB
2026-06-02 18:34:44,727 - excel.graph_api - INFO - Retrieved 1662 rows from Excel
2026-06-02 18:34:46,316 - excel.graph_api - INFO - No new tournaments to add
2026-06-02 18:34:46,317 - root - INFO - Excel sheet updated successfully
2026-06-02 18:34:46,394 - scraper.selenium_scraper - INFO - Chrome driver closed
2026-06-02 18:34:46,394 - root - INFO - Selenium driver closed
2026-06-02 18:34:46,394 - root - INFO - Script execution completed
