2026-01-14 10:18:04,749 - root - INFO - Logger initialized successfully
2026-01-14 10:18:04,750 - root - INFO - Log file: /home/runner/work/super-player-auction-scraper/super-player-auction-scraper/logs/scraper_20260114_101804.log
2026-01-14 10:18:04,750 - root - INFO - Starting Super Player Auction scraper
2026-01-14 10:18:04,750 - utils.config - INFO - Credentials loaded from environment variables
2026-01-14 10:18:04,750 - utils.config - INFO - Settings loaded successfully
2026-01-14 10:18:04,750 - root - INFO - Initializing Selenium scraper
2026-01-14 10:18:04,750 - scraper.selenium_scraper - INFO - Running in GitHub Actions environment
2026-01-14 10:18:06,093 - selenium.webdriver.common.selenium_manager - WARNING - The chromedriver version (143.0.7499.169) detected in PATH at /usr/bin/chromedriver might not be compatible with the detected chrome version (143.0.7499.169); currently, chromedriver 143.0.7499.192 is recommended for chrome 143.*, so it is advised to delete the driver in PATH and retry
2026-01-14 10:18:11,609 - scraper.selenium_scraper - INFO - Chrome driver initialized successfully
2026-01-14 10:18:11,609 - root - INFO - Scraping tournament data
2026-01-14 10:18:11,609 - scraper.selenium_scraper - INFO - Starting to scrape tournament data
2026-01-14 10:18:12,535 - scraper.selenium_scraper - INFO - Waiting for page to load...
2026-01-14 10:18:17,540 - scraper.selenium_scraper - INFO - Scrolling to load all auction cards...
2026-01-14 10:18:29,660 - scraper.selenium_scraper - INFO - Saved page screenshot to /home/runner/work/super-player-auction-scraper/super-player-auction-scraper/logs/screenshots/page_loaded_20260114101829.png
2026-01-14 10:18:29,660 - scraper.selenium_scraper - INFO - Looking for auction cards...
2026-01-14 10:18:29,682 - scraper.selenium_scraper - INFO - Found 20 auction cards
2026-01-14 10:18:30,410 - scraper.selenium_scraper - INFO - Scraped tournament 1: SCL DREAM X1
2026-01-14 10:18:31,231 - scraper.selenium_scraper - INFO - Scraped tournament 2: Santacruz Premier League -6
2026-01-14 10:18:31,923 - scraper.selenium_scraper - INFO - Scraped tournament 3: SALSETTE VOLLEYBALL LEAGUE 2026
2026-01-14 10:18:32,615 - scraper.selenium_scraper - INFO - Scraped tournament 4: SPSV Cricket League 2026
2026-01-14 10:18:33,311 - scraper.selenium_scraper - INFO - Scraped tournament 5: Jolly Premier League-2026
2026-01-14 10:18:34,009 - scraper.selenium_scraper - INFO - Scraped tournament 6: DS Networking Cricket V 2
2026-01-14 10:18:34,707 - scraper.selenium_scraper - INFO - Scraped tournament 7: Robi Sales Premier League Season 3
2026-01-14 10:18:35,406 - scraper.selenium_scraper - INFO - Scraped tournament 8: ABPL - Season 5 | 2026 | Auction
2026-01-14 10:18:36,101 - scraper.selenium_scraper - INFO - Scraped tournament 9: MCPL 2026
2026-01-14 10:18:36,806 - scraper.selenium_scraper - INFO - Scraped tournament 10: SIKAR PREMIER LEAGUE 2025
2026-01-14 10:18:37,501 - scraper.selenium_scraper - INFO - Scraped tournament 11: SUPER FOOTBALL CHAMPIONSHIP
2026-01-14 10:18:38,196 - scraper.selenium_scraper - INFO - Scraped tournament 12: SCL - 2
2026-01-14 10:18:38,894 - scraper.selenium_scraper - INFO - Scraped tournament 13: REPUBLIC CUP 2.0
2026-01-14 10:18:39,597 - scraper.selenium_scraper - INFO - Scraped tournament 14: CCL 6
2026-01-14 10:18:40,290 - scraper.selenium_scraper - INFO - Scraped tournament 15: Jizan Premier league -3
2026-01-14 10:18:40,983 - scraper.selenium_scraper - INFO - Scraped tournament 16: Jizan Premier league -3 ICON
2026-01-14 10:18:41,677 - scraper.selenium_scraper - INFO - Scraped tournament 17: KPL
2026-01-14 10:18:42,376 - scraper.selenium_scraper - INFO - Scraped tournament 18: YEMMIGANUR TOWN PREMIER LEAGUE -S2
2026-01-14 10:18:43,069 - scraper.selenium_scraper - INFO - Scraped tournament 19: MOIRA YC PREMIER LEAGUE
2026-01-14 10:18:43,775 - scraper.selenium_scraper - INFO - Scraped tournament 20: Mira Bhayandar Premier League - Season 7
2026-01-14 10:18:43,775 - root - INFO - Successfully scraped 20 tournaments
2026-01-14 10:18:43,775 - root - INFO - Saved scraped data to /home/runner/work/super-player-auction-scraper/super-player-auction-scraper/data/tournament_data_20260114-101843.json
2026-01-14 10:18:43,775 - root - INFO - Initializing Graph API
2026-01-14 10:18:43,776 - excel.graph_api - INFO - Extracted file ID: 9e836ed5-f58f-4dc7-a969-3c62b255f3ea
2026-01-14 10:18:43,776 - excel.graph_api - INFO - Extracted site ID: CorpDevaaf94619130d4a79af9f3aeae502bdb5
2026-01-14 10:18:43,776 - root - INFO - Authenticating with Microsoft Graph API
2026-01-14 10:18:44,195 - excel.graph_api - INFO - Authentication successful
2026-01-14 10:18:44,195 - root - INFO - Updating Excel sheet with scraped data
2026-01-14 10:18:45,127 - excel.graph_api - INFO - Retrieved drive ID: b!MXUqfmBgAkyqAi_g7J1PO_6yKSWnHbZCs3mpe4EkYuX6d8izcdJxRb78S6OW5SIB
2026-01-14 10:18:46,814 - excel.graph_api - INFO - Retrieved 1066 rows from Excel
2026-01-14 10:18:48,236 - excel.graph_api - INFO - Updating range A1068:M1070 with 3 new entries
2026-01-14 10:18:49,701 - excel.graph_api - INFO - Successfully added 3 new tournaments to Excel
2026-01-14 10:18:49,703 - root - INFO - Excel sheet updated successfully
2026-01-14 10:18:49,771 - scraper.selenium_scraper - INFO - Chrome driver closed
2026-01-14 10:18:49,771 - root - INFO - Selenium driver closed
2026-01-14 10:18:49,771 - root - INFO - Script execution completed
