2025-07-01 10:15:38,998 - root - INFO - Logger initialized successfully
2025-07-01 10:15:38,999 - root - INFO - Log file: /home/runner/work/super-player-auction-scraper/super-player-auction-scraper/logs/scraper_20250701_101538.log
2025-07-01 10:15:38,999 - root - INFO - Starting Super Player Auction scraper
2025-07-01 10:15:38,999 - utils.config - INFO - Credentials loaded from environment variables
2025-07-01 10:15:38,999 - utils.config - INFO - Settings loaded successfully
2025-07-01 10:15:38,999 - root - INFO - Initializing Selenium scraper
2025-07-01 10:15:38,999 - scraper.selenium_scraper - INFO - Running in GitHub Actions environment
2025-07-01 10:15:39,689 - selenium.webdriver.common.selenium_manager - WARNING - The chromedriver version (138.0.7204.49) detected in PATH at /usr/bin/chromedriver might not be compatible with the detected chrome version (138.0.7204.49); currently, chromedriver 138.0.7204.92 is recommended for chrome 138.*, so it is advised to delete the driver in PATH and retry
2025-07-01 10:15:41,099 - scraper.selenium_scraper - INFO - Chrome driver initialized successfully
2025-07-01 10:15:41,099 - root - INFO - Scraping tournament data
2025-07-01 10:15:41,100 - scraper.selenium_scraper - INFO - Starting to scrape tournament data
2025-07-01 10:15:43,994 - scraper.selenium_scraper - INFO - Waiting for page to load...
2025-07-01 10:15:48,999 - scraper.selenium_scraper - INFO - Scrolling to load all auction cards...
2025-07-01 10:16:01,116 - scraper.selenium_scraper - INFO - Saved page screenshot to /home/runner/work/super-player-auction-scraper/super-player-auction-scraper/logs/screenshots/page_loaded_20250701101601.png
2025-07-01 10:16:01,116 - scraper.selenium_scraper - INFO - Looking for auction cards...
2025-07-01 10:16:01,140 - scraper.selenium_scraper - INFO - Found 20 auction cards
2025-07-01 10:16:01,858 - scraper.selenium_scraper - INFO - Scraped tournament 1: Tekri Premier League
2025-07-01 10:16:02,553 - scraper.selenium_scraper - INFO - Scraped tournament 2: UiC - GULF LEAGUE 2025
2025-07-01 10:16:03,262 - scraper.selenium_scraper - INFO - Scraped tournament 3: ArjunDMUP
2025-07-01 10:16:03,960 - scraper.selenium_scraper - INFO - Scraped tournament 4: Gujarati Premium League 5a Side Football Tournament
2025-07-01 10:16:04,656 - scraper.selenium_scraper - INFO - Scraped tournament 5: RALLY TO WIN BADMINTON PRO LEAGUE 2025 - SEASON 4
2025-07-01 10:16:05,349 - scraper.selenium_scraper - INFO - Scraped tournament 6: Karnataka Rajatha Cup 2025
2025-07-01 10:16:06,054 - scraper.selenium_scraper - INFO - Scraped tournament 7: Padubidri Premier League - 2025
2025-07-01 10:16:06,752 - scraper.selenium_scraper - INFO - Scraped tournament 8: Deedar Premier League
2025-07-01 10:16:07,471 - scraper.selenium_scraper - INFO - Scraped tournament 9: TOLIYASAR PREMIER LEAGUE (TPL) SEASON 2
2025-07-01 10:16:08,162 - scraper.selenium_scraper - INFO - Scraped tournament 10: BPL SEASON 3
2025-07-01 10:16:08,862 - scraper.selenium_scraper - INFO - Scraped tournament 11: Petlurivaripalm Premier League Season -1
2025-07-01 10:16:09,552 - scraper.selenium_scraper - INFO - Scraped tournament 12: Dholi Samaj Premiere League Sisseion-2
2025-07-01 10:16:10,246 - scraper.selenium_scraper - INFO - Scraped tournament 13: Kpl Auction
2025-07-01 10:16:10,941 - scraper.selenium_scraper - INFO - Scraped tournament 14: Palm Olympia Senior Citizen Premium League Season 2
2025-07-01 10:16:11,630 - scraper.selenium_scraper - INFO - Scraped tournament 15: Nepali Premier League Melbourne
2025-07-01 10:16:12,320 - scraper.selenium_scraper - INFO - Scraped tournament 16: Palm Olympia Women Cricket Premiere League Season 2
2025-07-01 10:16:13,030 - scraper.selenium_scraper - INFO - Scraped tournament 17: CHOORI SOCCER LEAGUE 2025
2025-07-01 10:16:13,719 - scraper.selenium_scraper - INFO - Scraped tournament 18: S3PL Season 5
2025-07-01 10:16:14,411 - scraper.selenium_scraper - INFO - Scraped tournament 19: HYNISH CRICKET PREMIER LEAGUE SEASON-4
2025-07-01 10:16:15,106 - scraper.selenium_scraper - INFO - Scraped tournament 20: NPL Series 2
2025-07-01 10:16:15,106 - root - INFO - Successfully scraped 20 tournaments
2025-07-01 10:16:15,107 - root - INFO - Saved scraped data to /home/runner/work/super-player-auction-scraper/super-player-auction-scraper/data/tournament_data_20250701-101615.json
2025-07-01 10:16:15,107 - root - INFO - Initializing Graph API
2025-07-01 10:16:15,107 - excel.graph_api - INFO - Extracted file ID: 9e836ed5-f58f-4dc7-a969-3c62b255f3ea
2025-07-01 10:16:15,107 - excel.graph_api - INFO - Extracted site ID: CorpDevaaf94619130d4a79af9f3aeae502bdb5
2025-07-01 10:16:15,107 - root - INFO - Authenticating with Microsoft Graph API
2025-07-01 10:16:15,521 - excel.graph_api - INFO - Authentication successful
2025-07-01 10:16:15,521 - root - INFO - Updating Excel sheet with scraped data
2025-07-01 10:16:15,756 - excel.graph_api - INFO - Retrieved drive ID: b!MXUqfmBgAkyqAi_g7J1PO_6yKSWnHbZCs3mpe4EkYuX6d8izcdJxRb78S6OW5SIB
2025-07-01 10:16:17,551 - excel.graph_api - INFO - Retrieved 255 rows from Excel
2025-07-01 10:16:18,213 - excel.graph_api - INFO - Updating range A257:M258 with 2 new entries
2025-07-01 10:16:19,136 - excel.graph_api - INFO - Successfully added 2 new tournaments to Excel
2025-07-01 10:16:19,138 - root - INFO - Excel sheet updated successfully
2025-07-01 10:16:19,206 - scraper.selenium_scraper - INFO - Chrome driver closed
2025-07-01 10:16:19,206 - root - INFO - Selenium driver closed
2025-07-01 10:16:19,206 - root - INFO - Script execution completed
