2025-12-27 10:14:11,466 - root - INFO - Logger initialized successfully
2025-12-27 10:14:11,466 - root - INFO - Log file: /home/runner/work/super-player-auction-scraper/super-player-auction-scraper/logs/scraper_20251227_101411.log
2025-12-27 10:14:11,466 - root - INFO - Starting Super Player Auction scraper
2025-12-27 10:14:11,467 - utils.config - INFO - Credentials loaded from environment variables
2025-12-27 10:14:11,467 - utils.config - INFO - Settings loaded successfully
2025-12-27 10:14:11,467 - root - INFO - Initializing Selenium scraper
2025-12-27 10:14:11,467 - scraper.selenium_scraper - INFO - Running in GitHub Actions environment
2025-12-27 10:14:13,708 - selenium.webdriver.common.selenium_manager - WARNING - The chromedriver version (143.0.7499.42) detected in PATH at /usr/bin/chromedriver might not be compatible with the detected chrome version (143.0.7499.109); currently, chromedriver 143.0.7499.169 is recommended for chrome 143.*, so it is advised to delete the driver in PATH and retry
2025-12-27 10:14:21,470 - scraper.selenium_scraper - INFO - Chrome driver initialized successfully
2025-12-27 10:14:21,471 - root - INFO - Scraping tournament data
2025-12-27 10:14:21,471 - scraper.selenium_scraper - INFO - Starting to scrape tournament data
2025-12-27 10:14:22,494 - scraper.selenium_scraper - INFO - Waiting for page to load...
2025-12-27 10:14:27,499 - scraper.selenium_scraper - INFO - Scrolling to load all auction cards...
2025-12-27 10:14:39,623 - scraper.selenium_scraper - INFO - Saved page screenshot to /home/runner/work/super-player-auction-scraper/super-player-auction-scraper/logs/screenshots/page_loaded_20251227101439.png
2025-12-27 10:14:39,623 - scraper.selenium_scraper - INFO - Looking for auction cards...
2025-12-27 10:14:39,668 - scraper.selenium_scraper - INFO - Found 20 auction cards
2025-12-27 10:14:40,416 - scraper.selenium_scraper - INFO - Scraped tournament 1: PARAKRAM 7.0
2025-12-27 10:14:41,154 - scraper.selenium_scraper - INFO - Scraped tournament 2: SHIRUR PREMIER LEAGUE 2026
2025-12-27 10:14:41,856 - scraper.selenium_scraper - INFO - Scraped tournament 3: Sindhi Premier League 6.0
2025-12-27 10:14:42,553 - scraper.selenium_scraper - INFO - Scraped tournament 4: LEGENDS PREMIER LEAGUE SEASON 3
2025-12-27 10:14:43,248 - scraper.selenium_scraper - INFO - Scraped tournament 5: Ayyampuzha Super League, Season 3
2025-12-27 10:14:43,946 - scraper.selenium_scraper - INFO - Scraped tournament 6: MPL Season 4 | Auction | Men's Open
2025-12-27 10:14:44,648 - scraper.selenium_scraper - INFO - Scraped tournament 7: Vivek Vihar Premier League 2026
2025-12-27 10:14:45,344 - scraper.selenium_scraper - INFO - Scraped tournament 8: Kids SOPL 10th Edition
2025-12-27 10:14:46,043 - scraper.selenium_scraper - INFO - Scraped tournament 9: Delta Football League
2025-12-27 10:14:46,741 - scraper.selenium_scraper - INFO - Scraped tournament 10: WALA & SALAMAT Muslim Samaj Tournament Godhra
2025-12-27 10:14:47,437 - scraper.selenium_scraper - INFO - Scraped tournament 11: SPL - 10
2025-12-27 10:14:48,139 - scraper.selenium_scraper - INFO - Scraped tournament 12: JPL Season 6
2025-12-27 10:14:48,837 - scraper.selenium_scraper - INFO - Scraped tournament 13: DPL 2026
2025-12-27 10:14:49,530 - scraper.selenium_scraper - INFO - Scraped tournament 14: SIKAR PREMIER LEAGUE 2025
2025-12-27 10:14:50,227 - scraper.selenium_scraper - INFO - Scraped tournament 15: SUPER FOOTBALL CHAMPIONSHIP
2025-12-27 10:14:50,927 - scraper.selenium_scraper - INFO - Scraped tournament 16: Arjun DEMO
2025-12-27 10:14:51,622 - scraper.selenium_scraper - INFO - Scraped tournament 17: Jamnagar VolleyBall Tournament
2025-12-27 10:14:52,319 - scraper.selenium_scraper - INFO - Scraped tournament 18: Mana Premier League Season3
2025-12-27 10:14:53,020 - scraper.selenium_scraper - INFO - Scraped tournament 19: MPL Season 4 | Auction | Under 16
2025-12-27 10:14:53,715 - scraper.selenium_scraper - INFO - Scraped tournament 20: AGRASEN PREMIER LEAGUE - BOX CRICKET
2025-12-27 10:14:53,715 - root - INFO - Successfully scraped 20 tournaments
2025-12-27 10:14:53,715 - root - INFO - Saved scraped data to /home/runner/work/super-player-auction-scraper/super-player-auction-scraper/data/tournament_data_20251227-101453.json
2025-12-27 10:14:53,715 - root - INFO - Initializing Graph API
2025-12-27 10:14:53,716 - excel.graph_api - INFO - Extracted file ID: 9e836ed5-f58f-4dc7-a969-3c62b255f3ea
2025-12-27 10:14:53,716 - excel.graph_api - INFO - Extracted site ID: CorpDevaaf94619130d4a79af9f3aeae502bdb5
2025-12-27 10:14:53,716 - root - INFO - Authenticating with Microsoft Graph API
2025-12-27 10:14:54,053 - excel.graph_api - INFO - Authentication successful
2025-12-27 10:14:54,054 - root - INFO - Updating Excel sheet with scraped data
2025-12-27 10:14:54,857 - excel.graph_api - INFO - Retrieved drive ID: b!MXUqfmBgAkyqAi_g7J1PO_6yKSWnHbZCs3mpe4EkYuX6d8izcdJxRb78S6OW5SIB
2025-12-27 10:14:56,297 - excel.graph_api - INFO - Retrieved 948 rows from Excel
2025-12-27 10:14:57,184 - excel.graph_api - INFO - Updating range A950:M951 with 2 new entries
2025-12-27 10:14:59,072 - excel.graph_api - INFO - Successfully added 2 new tournaments to Excel
2025-12-27 10:14:59,073 - root - INFO - Excel sheet updated successfully
2025-12-27 10:14:59,154 - scraper.selenium_scraper - INFO - Chrome driver closed
2025-12-27 10:14:59,154 - root - INFO - Selenium driver closed
2025-12-27 10:14:59,154 - root - INFO - Script execution completed
