2025-07-24 10:16:13,573 - root - INFO - Logger initialized successfully
2025-07-24 10:16:13,574 - root - INFO - Log file: /home/runner/work/super-player-auction-scraper/super-player-auction-scraper/logs/scraper_20250724_101613.log
2025-07-24 10:16:13,574 - root - INFO - Starting Super Player Auction scraper
2025-07-24 10:16:13,574 - utils.config - INFO - Credentials loaded from environment variables
2025-07-24 10:16:13,574 - utils.config - INFO - Settings loaded successfully
2025-07-24 10:16:13,574 - root - INFO - Initializing Selenium scraper
2025-07-24 10:16:13,574 - scraper.selenium_scraper - INFO - Running in GitHub Actions environment
2025-07-24 10:16:15,799 - selenium.webdriver.common.selenium_manager - WARNING - The chromedriver version (138.0.7204.157) detected in PATH at /usr/bin/chromedriver might not be compatible with the detected chrome version (138.0.7204.157); currently, chromedriver 138.0.7204.168 is recommended for chrome 138.*, so it is advised to delete the driver in PATH and retry
2025-07-24 10:16:22,884 - scraper.selenium_scraper - INFO - Chrome driver initialized successfully
2025-07-24 10:16:22,885 - root - INFO - Scraping tournament data
2025-07-24 10:16:22,885 - scraper.selenium_scraper - INFO - Starting to scrape tournament data
2025-07-24 10:16:23,538 - scraper.selenium_scraper - INFO - Waiting for page to load...
2025-07-24 10:16:28,542 - scraper.selenium_scraper - INFO - Scrolling to load all auction cards...
2025-07-24 10:16:40,673 - scraper.selenium_scraper - INFO - Saved page screenshot to /home/runner/work/super-player-auction-scraper/super-player-auction-scraper/logs/screenshots/page_loaded_20250724101640.png
2025-07-24 10:16:40,673 - scraper.selenium_scraper - INFO - Looking for auction cards...
2025-07-24 10:16:40,748 - scraper.selenium_scraper - INFO - Found 20 auction cards
2025-07-24 10:16:41,470 - scraper.selenium_scraper - INFO - Scraped tournament 1: CMA ALUMNI CRICKET LEAGUE-4
2025-07-24 10:16:42,171 - scraper.selenium_scraper - INFO - Scraped tournament 2: TOLIYASAR PREMIER LEAGUE (TPL) SEASON 2
2025-07-24 10:16:43,106 - scraper.selenium_scraper - INFO - Scraped tournament 3: FLICK BADMINTON LEAGUE JUNIORS -5
2025-07-24 10:16:43,805 - scraper.selenium_scraper - INFO - Scraped tournament 4: ArjunDMUP
2025-07-24 10:16:44,504 - scraper.selenium_scraper - INFO - Scraped tournament 5: OSAIMI INTERNAL CRICKET TOURNAMENT
2025-07-24 10:16:45,203 - scraper.selenium_scraper - INFO - Scraped tournament 6: NPL Series 2
2025-07-24 10:16:45,910 - scraper.selenium_scraper - INFO - Scraped tournament 7: BPL SEASON 3
2025-07-24 10:16:46,603 - scraper.selenium_scraper - INFO - Scraped tournament 8: Canvas Warriors Cricket Carnival (CWCC),Season 1,2025
2025-07-24 10:16:47,298 - scraper.selenium_scraper - INFO - Scraped tournament 9: MARK10 FREEDOM CUP 2.0
2025-07-24 10:16:48,000 - scraper.selenium_scraper - INFO - Scraped tournament 10: Jain Premier League 3
2025-07-24 10:16:48,715 - scraper.selenium_scraper - INFO - Scraped tournament 11: T-10 BTI SILVER LEAGUE SEASON-1
2025-07-24 10:16:49,414 - scraper.selenium_scraper - INFO - Scraped tournament 12: GRAMIN PREMIER LEAGUE SEASON 3
2025-07-24 10:16:50,106 - scraper.selenium_scraper - INFO - Scraped tournament 13: अर्जुनभैय्या राऊत मोदीखाना प्रिमियर लिग 2025
2025-07-24 10:16:50,800 - scraper.selenium_scraper - INFO - Scraped tournament 14: KANNUR CHAMPIONS LEAGUE QATAR EDITION
2025-07-24 10:16:51,491 - scraper.selenium_scraper - INFO - Scraped tournament 15: RPL
2025-07-24 10:16:52,185 - scraper.selenium_scraper - INFO - Scraped tournament 16: Karnataka Rajatha Cup 2025
2025-07-24 10:16:52,886 - scraper.selenium_scraper - INFO - Scraped tournament 17: CIEMA Cricket Premier League 2.0
2025-07-24 10:16:53,577 - scraper.selenium_scraper - INFO - Scraped tournament 18: SANDALWOOD PREMIER LEAGUE
2025-07-24 10:16:54,272 - scraper.selenium_scraper - INFO - Scraped tournament 19: Aanjana premier League Sardarpura (Rana)
2025-07-24 10:16:54,968 - scraper.selenium_scraper - INFO - Scraped tournament 20: Petlurivaripalm Premier League Season -1
2025-07-24 10:16:54,968 - root - INFO - Successfully scraped 20 tournaments
2025-07-24 10:16:54,969 - root - INFO - Saved scraped data to /home/runner/work/super-player-auction-scraper/super-player-auction-scraper/data/tournament_data_20250724-101654.json
2025-07-24 10:16:54,969 - root - INFO - Initializing Graph API
2025-07-24 10:16:54,970 - excel.graph_api - INFO - Extracted file ID: 9e836ed5-f58f-4dc7-a969-3c62b255f3ea
2025-07-24 10:16:54,970 - excel.graph_api - INFO - Extracted site ID: CorpDevaaf94619130d4a79af9f3aeae502bdb5
2025-07-24 10:16:54,970 - root - INFO - Authenticating with Microsoft Graph API
2025-07-24 10:16:55,425 - excel.graph_api - INFO - Authentication successful
2025-07-24 10:16:55,425 - root - INFO - Updating Excel sheet with scraped data
2025-07-24 10:16:55,842 - excel.graph_api - INFO - Retrieved drive ID: b!MXUqfmBgAkyqAi_g7J1PO_6yKSWnHbZCs3mpe4EkYuX6d8izcdJxRb78S6OW5SIB
2025-07-24 10:16:56,587 - excel.graph_api - INFO - Retrieved 325 rows from Excel
2025-07-24 10:16:57,047 - excel.graph_api - INFO - Updating range A327:M328 with 2 new entries
2025-07-24 10:16:57,718 - excel.graph_api - INFO - Successfully added 2 new tournaments to Excel
2025-07-24 10:16:57,719 - root - INFO - Excel sheet updated successfully
2025-07-24 10:16:57,787 - scraper.selenium_scraper - INFO - Chrome driver closed
2025-07-24 10:16:57,787 - root - INFO - Selenium driver closed
2025-07-24 10:16:57,787 - root - INFO - Script execution completed
