2025-10-11 15:10:46,148 - root - INFO - Logger initialized successfully
2025-10-11 15:10:46,148 - root - INFO - Log file: /home/runner/work/super-player-auction-scraper/super-player-auction-scraper/logs/scraper_20251011_151046.log
2025-10-11 15:10:46,148 - root - INFO - Starting Super Player Auction scraper
2025-10-11 15:10:46,148 - utils.config - INFO - Credentials loaded from environment variables
2025-10-11 15:10:46,148 - utils.config - INFO - Settings loaded successfully
2025-10-11 15:10:46,148 - root - INFO - Initializing Selenium scraper
2025-10-11 15:10:46,148 - scraper.selenium_scraper - INFO - Running in GitHub Actions environment
2025-10-11 15:10:58,938 - scraper.selenium_scraper - INFO - Chrome driver initialized successfully
2025-10-11 15:10:58,938 - root - INFO - Scraping tournament data
2025-10-11 15:10:58,938 - scraper.selenium_scraper - INFO - Starting to scrape tournament data
2025-10-11 15:11:00,121 - scraper.selenium_scraper - INFO - Waiting for page to load...
2025-10-11 15:11:05,126 - scraper.selenium_scraper - INFO - Scrolling to load all auction cards...
2025-10-11 15:11:17,257 - scraper.selenium_scraper - INFO - Saved page screenshot to /home/runner/work/super-player-auction-scraper/super-player-auction-scraper/logs/screenshots/page_loaded_20251011151117.png
2025-10-11 15:11:17,257 - scraper.selenium_scraper - INFO - Looking for auction cards...
2025-10-11 15:11:17,313 - scraper.selenium_scraper - INFO - Found 20 auction cards
2025-10-11 15:11:18,041 - scraper.selenium_scraper - INFO - Scraped tournament 1: United Premier League (Father's)
2025-10-11 15:11:18,723 - scraper.selenium_scraper - INFO - Scraped tournament 2: MBPL
2025-10-11 15:11:19,405 - scraper.selenium_scraper - INFO - Scraped tournament 3: United Premier League Womens
2025-10-11 15:11:20,090 - scraper.selenium_scraper - INFO - Scraped tournament 4: ANCHOR PREMIER LEAGUE - MALE
2025-10-11 15:11:20,773 - scraper.selenium_scraper - INFO - Scraped tournament 5: ANCHOR PREMIER LEAGUE - FEMALE
2025-10-11 15:11:21,456 - scraper.selenium_scraper - INFO - Scraped tournament 6: Pond Premier League - Whispering Palms Season 1
2025-10-11 15:11:22,139 - scraper.selenium_scraper - INFO - Scraped tournament 7: FCCL SEASON 5 MALE
2025-10-11 15:11:22,824 - scraper.selenium_scraper - INFO - Scraped tournament 8: FCCL SEASON 5 FEMALE
2025-10-11 15:11:23,516 - scraper.selenium_scraper - INFO - Scraped tournament 9: CHANDANA BHAKER PREMIER LEAGUE
2025-10-11 15:11:24,196 - scraper.selenium_scraper - INFO - Scraped tournament 10: INTER SECTOR CRICKET TOURNAMENT SEASON 4
2025-10-11 15:11:24,880 - scraper.selenium_scraper - INFO - Scraped tournament 11: BOA CRICKET TOURNAMENT
2025-10-11 15:11:25,562 - scraper.selenium_scraper - INFO - Scraped tournament 12: Allumini Premier League 2025
2025-10-11 15:11:26,241 - scraper.selenium_scraper - INFO - Scraped tournament 13: VIJAYTA CRICKET CUP-2025
2025-10-11 15:11:26,919 - scraper.selenium_scraper - INFO - Scraped tournament 14: SAMBHAJI NAGAR PREMIER LEAGUE
2025-10-11 15:11:27,598 - scraper.selenium_scraper - INFO - Scraped tournament 15: AUZ T20 BLAST - EDITION 3
2025-10-11 15:11:28,284 - scraper.selenium_scraper - INFO - Scraped tournament 16: SmashIT v7 2025
2025-10-11 15:11:28,966 - scraper.selenium_scraper - INFO - Scraped tournament 17: SUNDAY PREMIER LEAGUE
2025-10-11 15:11:29,645 - scraper.selenium_scraper - INFO - Scraped tournament 18: KASRODIANS PREMIER LEAGUE SEASON -5
2025-10-11 15:11:30,324 - scraper.selenium_scraper - INFO - Scraped tournament 19: Dambab Premier League 2025
2025-10-11 15:11:31,016 - scraper.selenium_scraper - INFO - Scraped tournament 20: DDS PREMIER LEAGUE SEASON 3
2025-10-11 15:11:31,016 - root - INFO - Successfully scraped 20 tournaments
2025-10-11 15:11:31,016 - root - INFO - Saved scraped data to /home/runner/work/super-player-auction-scraper/super-player-auction-scraper/data/tournament_data_20251011-151131.json
2025-10-11 15:11:31,016 - root - INFO - Initializing Graph API
2025-10-11 15:11:31,017 - excel.graph_api - INFO - Extracted file ID: 9e836ed5-f58f-4dc7-a969-3c62b255f3ea
2025-10-11 15:11:31,017 - excel.graph_api - INFO - Extracted site ID: CorpDevaaf94619130d4a79af9f3aeae502bdb5
2025-10-11 15:11:31,017 - root - INFO - Authenticating with Microsoft Graph API
2025-10-11 15:11:31,517 - excel.graph_api - INFO - Authentication successful
2025-10-11 15:11:31,517 - root - INFO - Updating Excel sheet with scraped data
2025-10-11 15:11:31,812 - excel.graph_api - INFO - Retrieved drive ID: b!MXUqfmBgAkyqAi_g7J1PO_6yKSWnHbZCs3mpe4EkYuX6d8izcdJxRb78S6OW5SIB
2025-10-11 15:11:32,836 - excel.graph_api - INFO - Retrieved 615 rows from Excel
2025-10-11 15:11:33,533 - excel.graph_api - INFO - No new tournaments to add
2025-10-11 15:11:33,534 - root - INFO - Excel sheet updated successfully
2025-10-11 15:11:33,605 - scraper.selenium_scraper - INFO - Chrome driver closed
2025-10-11 15:11:33,605 - root - INFO - Selenium driver closed
2025-10-11 15:11:33,605 - root - INFO - Script execution completed
