2025-07-02 10:15:44,698 - root - INFO - Logger initialized successfully
2025-07-02 10:15:44,699 - root - INFO - Log file: /home/runner/work/super-player-auction-scraper/super-player-auction-scraper/logs/scraper_20250702_101544.log
2025-07-02 10:15:44,699 - root - INFO - Starting Super Player Auction scraper
2025-07-02 10:15:44,699 - utils.config - INFO - Credentials loaded from environment variables
2025-07-02 10:15:44,699 - utils.config - INFO - Settings loaded successfully
2025-07-02 10:15:44,699 - root - INFO - Initializing Selenium scraper
2025-07-02 10:15:44,699 - scraper.selenium_scraper - INFO - Running in GitHub Actions environment
2025-07-02 10:15:54,100 - scraper.selenium_scraper - INFO - Chrome driver initialized successfully
2025-07-02 10:15:54,100 - root - INFO - Scraping tournament data
2025-07-02 10:15:54,100 - scraper.selenium_scraper - INFO - Starting to scrape tournament data
2025-07-02 10:15:55,258 - scraper.selenium_scraper - INFO - Waiting for page to load...
2025-07-02 10:16:00,261 - scraper.selenium_scraper - INFO - Scrolling to load all auction cards...
2025-07-02 10:16:12,389 - scraper.selenium_scraper - INFO - Saved page screenshot to /home/runner/work/super-player-auction-scraper/super-player-auction-scraper/logs/screenshots/page_loaded_20250702101612.png
2025-07-02 10:16:12,389 - scraper.selenium_scraper - INFO - Looking for auction cards...
2025-07-02 10:16:12,417 - scraper.selenium_scraper - INFO - Found 20 auction cards
2025-07-02 10:16:13,138 - scraper.selenium_scraper - INFO - Scraped tournament 1: JSCA Legends
2025-07-02 10:16:13,841 - scraper.selenium_scraper - INFO - Scraped tournament 2: JSCA Mens
2025-07-02 10:16:14,606 - scraper.selenium_scraper - INFO - Scraped tournament 3: Tekri Premier League
2025-07-02 10:16:15,304 - scraper.selenium_scraper - INFO - Scraped tournament 4: UiC - GULF LEAGUE 2025
2025-07-02 10:16:16,010 - scraper.selenium_scraper - INFO - Scraped tournament 5: Kollam Premier League Season 6
2025-07-02 10:16:16,704 - scraper.selenium_scraper - INFO - Scraped tournament 6: Karnataka Rajatha Cup 2025
2025-07-02 10:16:17,401 - scraper.selenium_scraper - INFO - Scraped tournament 7: RALLY TO WIN BADMINTON PRO LEAGUE 2025 - SEASON 4
2025-07-02 10:16:18,100 - scraper.selenium_scraper - INFO - Scraped tournament 8: Gujarati Premium League 5a Side Football Tournament
2025-07-02 10:16:18,794 - scraper.selenium_scraper - INFO - Scraped tournament 9: GRAMIN PREMIER LEAGUE SEASON 3
2025-07-02 10:16:19,492 - scraper.selenium_scraper - INFO - Scraped tournament 10: SUPER CRICKET LEAGUE
2025-07-02 10:16:20,197 - scraper.selenium_scraper - INFO - Scraped tournament 11: Padubidri Premier League - 2025
2025-07-02 10:16:20,893 - scraper.selenium_scraper - INFO - Scraped tournament 12: Deedar Premier League
2025-07-02 10:16:21,588 - scraper.selenium_scraper - INFO - Scraped tournament 13: ArjunDMUP
2025-07-02 10:16:22,299 - scraper.selenium_scraper - INFO - Scraped tournament 14: TOLIYASAR PREMIER LEAGUE (TPL) SEASON 2
2025-07-02 10:16:22,992 - scraper.selenium_scraper - INFO - Scraped tournament 15: BPL SEASON 3
2025-07-02 10:16:23,693 - scraper.selenium_scraper - INFO - Scraped tournament 16: Petlurivaripalm Premier League Season -1
2025-07-02 10:16:24,384 - scraper.selenium_scraper - INFO - Scraped tournament 17: Dholi Samaj Premiere League Sisseion-2
2025-07-02 10:16:25,076 - scraper.selenium_scraper - INFO - Scraped tournament 18: Kpl Auction
2025-07-02 10:16:25,785 - scraper.selenium_scraper - INFO - Scraped tournament 19: Palm Olympia Senior Citizen Premium League Season 2
2025-07-02 10:16:26,479 - scraper.selenium_scraper - INFO - Scraped tournament 20: Nepali Premier League Melbourne
2025-07-02 10:16:26,479 - root - INFO - Successfully scraped 20 tournaments
2025-07-02 10:16:26,480 - root - INFO - Saved scraped data to /home/runner/work/super-player-auction-scraper/super-player-auction-scraper/data/tournament_data_20250702-101626.json
2025-07-02 10:16:26,480 - root - INFO - Initializing Graph API
2025-07-02 10:16:26,480 - excel.graph_api - INFO - Extracted file ID: 9e836ed5-f58f-4dc7-a969-3c62b255f3ea
2025-07-02 10:16:26,480 - excel.graph_api - INFO - Extracted site ID: CorpDevaaf94619130d4a79af9f3aeae502bdb5
2025-07-02 10:16:26,481 - root - INFO - Authenticating with Microsoft Graph API
2025-07-02 10:16:26,702 - excel.graph_api - INFO - Authentication successful
2025-07-02 10:16:26,702 - root - INFO - Updating Excel sheet with scraped data
2025-07-02 10:16:27,399 - excel.graph_api - INFO - Retrieved drive ID: b!MXUqfmBgAkyqAi_g7J1PO_6yKSWnHbZCs3mpe4EkYuX6d8izcdJxRb78S6OW5SIB
2025-07-02 10:16:28,423 - excel.graph_api - INFO - Retrieved 257 rows from Excel
2025-07-02 10:16:29,104 - excel.graph_api - INFO - Updating range A259:M263 with 5 new entries
2025-07-02 10:16:30,409 - excel.graph_api - INFO - Successfully added 5 new tournaments to Excel
2025-07-02 10:16:30,410 - root - INFO - Excel sheet updated successfully
2025-07-02 10:16:30,478 - scraper.selenium_scraper - INFO - Chrome driver closed
2025-07-02 10:16:30,478 - root - INFO - Selenium driver closed
2025-07-02 10:16:30,478 - root - INFO - Script execution completed
