2026-03-31 16:00:13,505 - root - INFO - Logger initialized successfully
2026-03-31 16:00:13,505 - root - INFO - Log file: /home/runner/work/super-player-auction-scraper/super-player-auction-scraper/logs/scraper_20260331_160013.log
2026-03-31 16:00:13,505 - root - INFO - Starting Super Player Auction scraper
2026-03-31 16:00:13,505 - utils.config - INFO - Credentials loaded from environment variables
2026-03-31 16:00:13,506 - utils.config - INFO - Settings loaded successfully
2026-03-31 16:00:13,506 - root - INFO - Initializing Selenium scraper
2026-03-31 16:00:13,506 - scraper.selenium_scraper - INFO - Running in GitHub Actions environment
2026-03-31 16:00:15,183 - selenium.webdriver.common.selenium_manager - WARNING - The chromedriver version (146.0.7680.153) detected in PATH at /usr/bin/chromedriver might not be compatible with the detected chrome version (146.0.7680.153); currently, chromedriver 146.0.7680.165 is recommended for chrome 146.*, so it is advised to delete the driver in PATH and retry
2026-03-31 16:00:21,410 - scraper.selenium_scraper - INFO - Chrome driver initialized successfully
2026-03-31 16:00:21,410 - root - INFO - Scraping tournament data
2026-03-31 16:00:21,410 - scraper.selenium_scraper - INFO - Starting to scrape tournament data
2026-03-31 16:00:22,027 - scraper.selenium_scraper - INFO - Waiting for page to load...
2026-03-31 16:00:27,032 - scraper.selenium_scraper - INFO - Scrolling to load all auction cards...
2026-03-31 16:00:39,157 - scraper.selenium_scraper - INFO - Saved page screenshot to /home/runner/work/super-player-auction-scraper/super-player-auction-scraper/logs/screenshots/page_loaded_20260331160039.png
2026-03-31 16:00:39,157 - scraper.selenium_scraper - INFO - Looking for auction cards...
2026-03-31 16:00:39,185 - scraper.selenium_scraper - INFO - Found 20 auction cards
2026-03-31 16:00:39,899 - scraper.selenium_scraper - INFO - Scraped tournament 1: UNITY CUP Season 3 [2026-27]
2026-03-31 16:00:40,623 - scraper.selenium_scraper - INFO - Scraped tournament 2: VERINAG PREMIER LEAGUE
2026-03-31 16:00:41,318 - scraper.selenium_scraper - INFO - Scraped tournament 3: Patidar Cricket League 2026
2026-03-31 16:00:42,013 - scraper.selenium_scraper - INFO - Scraped tournament 4: HPL TURF CRICKET LEAGUE
2026-03-31 16:00:42,704 - scraper.selenium_scraper - INFO - Scraped tournament 5: SIKAR PREMIER LEAGUE 2025
2026-03-31 16:00:43,410 - scraper.selenium_scraper - INFO - Scraped tournament 6: ROHAT PREMIER LEAGUE
2026-03-31 16:00:44,106 - scraper.selenium_scraper - INFO - Scraped tournament 7: SUPER FOOTBALL CHAMPIONSHIP
2026-03-31 16:00:44,809 - scraper.selenium_scraper - INFO - Scraped tournament 8: REPUBLIC CUP 2.0
2026-03-31 16:00:45,496 - scraper.selenium_scraper - INFO - Scraped tournament 9: Super Cricket League
2026-03-31 16:00:46,191 - scraper.selenium_scraper - INFO - Scraped tournament 10: BJP
2026-03-31 16:00:46,890 - scraper.selenium_scraper - INFO - Scraped tournament 11: SUPER CRICKRT LEAGUE - MAHIPAL
2026-03-31 16:00:47,582 - scraper.selenium_scraper - INFO - Scraped tournament 12: ODA Puneet Agrawal Memorial Tennis Premier League
2026-03-31 16:00:48,275 - scraper.selenium_scraper - INFO - Scraped tournament 13: MADHURAWADA PREMIER LEAGUE SEASON - 4
2026-03-31 16:00:48,965 - scraper.selenium_scraper - INFO - Scraped tournament 14: Amerikan Cup JPL-6
2026-03-31 16:00:49,651 - scraper.selenium_scraper - INFO - Scraped tournament 15: CGCPL
2026-03-31 16:00:50,342 - scraper.selenium_scraper - INFO - Scraped tournament 16: MPL
2026-03-31 16:00:51,023 - scraper.selenium_scraper - INFO - Scraped tournament 17: Gymkhana Premier Tennis League 2026
2026-03-31 16:00:51,714 - scraper.selenium_scraper - INFO - Scraped tournament 18: Wala & Team Present Open Leather Ball Cricket Tournament
2026-03-31 16:00:52,412 - scraper.selenium_scraper - INFO - Scraped tournament 19: CHAMPIONS PREMIER LEAGUE 2026 Season 02
2026-03-31 16:00:53,110 - scraper.selenium_scraper - INFO - Scraped tournament 20: APL -2
2026-03-31 16:00:53,110 - root - INFO - Successfully scraped 20 tournaments
2026-03-31 16:00:53,111 - root - INFO - Saved scraped data to /home/runner/work/super-player-auction-scraper/super-player-auction-scraper/data/tournament_data_20260331-160053.json
2026-03-31 16:00:53,111 - root - INFO - Initializing Graph API
2026-03-31 16:00:53,111 - excel.graph_api - INFO - Extracted file ID: 9e836ed5-f58f-4dc7-a969-3c62b255f3ea
2026-03-31 16:00:53,111 - excel.graph_api - INFO - Extracted site ID: CorpDevaaf94619130d4a79af9f3aeae502bdb5
2026-03-31 16:00:53,111 - root - INFO - Authenticating with Microsoft Graph API
2026-03-31 16:00:53,344 - excel.graph_api - INFO - Authentication successful
2026-03-31 16:00:53,344 - root - INFO - Updating Excel sheet with scraped data
2026-03-31 16:00:54,098 - excel.graph_api - INFO - Retrieved drive ID: b!MXUqfmBgAkyqAi_g7J1PO_6yKSWnHbZCs3mpe4EkYuX6d8izcdJxRb78S6OW5SIB
2026-03-31 16:00:55,827 - excel.graph_api - INFO - Retrieved 1414 rows from Excel
2026-03-31 16:00:58,466 - excel.graph_api - INFO - Updating range A1416:M1416 with 1 new entries
2026-03-31 16:01:00,306 - excel.graph_api - INFO - Successfully added 1 new tournaments to Excel
2026-03-31 16:01:00,307 - root - INFO - Excel sheet updated successfully
2026-03-31 16:01:00,373 - scraper.selenium_scraper - INFO - Chrome driver closed
2026-03-31 16:01:00,373 - root - INFO - Selenium driver closed
2026-03-31 16:01:00,373 - root - INFO - Script execution completed
