2025-12-06 15:12:12,121 - root - INFO - Logger initialized successfully
2025-12-06 15:12:12,121 - root - INFO - Log file: /home/runner/work/super-player-auction-scraper/super-player-auction-scraper/logs/scraper_20251206_151212.log
2025-12-06 15:12:12,121 - root - INFO - Starting Super Player Auction scraper
2025-12-06 15:12:12,121 - utils.config - INFO - Credentials loaded from environment variables
2025-12-06 15:12:12,121 - utils.config - INFO - Settings loaded successfully
2025-12-06 15:12:12,121 - root - INFO - Initializing Selenium scraper
2025-12-06 15:12:12,121 - scraper.selenium_scraper - INFO - Running in GitHub Actions environment
2025-12-06 15:12:18,650 - scraper.selenium_scraper - INFO - Chrome driver initialized successfully
2025-12-06 15:12:18,650 - root - INFO - Scraping tournament data
2025-12-06 15:12:18,651 - scraper.selenium_scraper - INFO - Starting to scrape tournament data
2025-12-06 15:12:19,333 - scraper.selenium_scraper - INFO - Waiting for page to load...
2025-12-06 15:12:24,336 - scraper.selenium_scraper - INFO - Scrolling to load all auction cards...
2025-12-06 15:12:36,456 - scraper.selenium_scraper - INFO - Saved page screenshot to /home/runner/work/super-player-auction-scraper/super-player-auction-scraper/logs/screenshots/page_loaded_20251206151236.png
2025-12-06 15:12:36,456 - scraper.selenium_scraper - INFO - Looking for auction cards...
2025-12-06 15:12:36,485 - scraper.selenium_scraper - INFO - Found 20 auction cards
2025-12-06 15:12:37,212 - scraper.selenium_scraper - INFO - Scraped tournament 1: LATUR BADMINTON LEAGUE SEASON 2
2025-12-06 15:12:37,935 - scraper.selenium_scraper - INFO - Scraped tournament 2: Bhatkal Premier League - 2026
2025-12-06 15:12:38,628 - scraper.selenium_scraper - INFO - Scraped tournament 3: GPL 03
2025-12-06 15:12:39,317 - scraper.selenium_scraper - INFO - Scraped tournament 4: BHIMA KOREGAON SHAURYA DIN
2025-12-06 15:12:40,005 - scraper.selenium_scraper - INFO - Scraped tournament 5: Brotherhood Youth Premier League Season-2 2025-26
2025-12-06 15:12:40,696 - scraper.selenium_scraper - INFO - Scraped tournament 6: Sudama Construction Co. Presents DARSHANAM DHPL - SEASON 4
2025-12-06 15:12:41,389 - scraper.selenium_scraper - INFO - Scraped tournament 7: ⁠RTPL 7.0
2025-12-06 15:12:42,077 - scraper.selenium_scraper - INFO - Scraped tournament 8: MORNING PREMIER LEAGUE SEASON 11
2025-12-06 15:12:42,772 - scraper.selenium_scraper - INFO - Scraped tournament 9: GAGODAR PREMIER LEAGUE-3
2025-12-06 15:12:43,461 - scraper.selenium_scraper - INFO - Scraped tournament 10: MPL SEASON 6 - MALE
2025-12-06 15:12:44,152 - scraper.selenium_scraper - INFO - Scraped tournament 11: MPL SEASON 6 - FEMALE
2025-12-06 15:12:44,847 - scraper.selenium_scraper - INFO - Scraped tournament 12: DARSHANAM DHPL- SEASON 4 (WOMEN'S)
2025-12-06 15:12:45,535 - scraper.selenium_scraper - INFO - Scraped tournament 13: JAIN PREMIER LEAGUE SENIORS SEASON - 9
2025-12-06 15:12:46,222 - scraper.selenium_scraper - INFO - Scraped tournament 14: Streamify Cup Open Category
2025-12-06 15:12:46,911 - scraper.selenium_scraper - INFO - Scraped tournament 15: CHAMPIONS LEAGUE FOOTBALL SEASON 4
2025-12-06 15:12:47,598 - scraper.selenium_scraper - INFO - Scraped tournament 16: ECPL 2026
2025-12-06 15:12:48,291 - scraper.selenium_scraper - INFO - Scraped tournament 17: Somnath Big Bash League 2025
2025-12-06 15:12:48,981 - scraper.selenium_scraper - INFO - Scraped tournament 18: JITO ATHLON -FOOTBALL
2025-12-06 15:12:49,669 - scraper.selenium_scraper - INFO - Scraped tournament 19: JITO ATHLON - FULL PITCH CRICKET
2025-12-06 15:12:50,371 - scraper.selenium_scraper - INFO - Scraped tournament 20: IHCL MEN
2025-12-06 15:12:50,371 - root - INFO - Successfully scraped 20 tournaments
2025-12-06 15:12:50,371 - root - INFO - Saved scraped data to /home/runner/work/super-player-auction-scraper/super-player-auction-scraper/data/tournament_data_20251206-151250.json
2025-12-06 15:12:50,371 - root - INFO - Initializing Graph API
2025-12-06 15:12:50,372 - excel.graph_api - INFO - Extracted file ID: 9e836ed5-f58f-4dc7-a969-3c62b255f3ea
2025-12-06 15:12:50,372 - excel.graph_api - INFO - Extracted site ID: CorpDevaaf94619130d4a79af9f3aeae502bdb5
2025-12-06 15:12:50,372 - root - INFO - Authenticating with Microsoft Graph API
2025-12-06 15:12:50,645 - excel.graph_api - INFO - Authentication successful
2025-12-06 15:12:50,645 - root - INFO - Updating Excel sheet with scraped data
2025-12-06 15:12:51,048 - excel.graph_api - INFO - Retrieved drive ID: b!MXUqfmBgAkyqAi_g7J1PO_6yKSWnHbZCs3mpe4EkYuX6d8izcdJxRb78S6OW5SIB
2025-12-06 15:12:52,745 - excel.graph_api - INFO - Retrieved 811 rows from Excel
2025-12-06 15:12:53,821 - excel.graph_api - INFO - Updating range A813:M815 with 3 new entries
2025-12-06 15:12:58,658 - excel.graph_api - INFO - Successfully added 3 new tournaments to Excel
2025-12-06 15:12:58,660 - root - INFO - Excel sheet updated successfully
2025-12-06 15:12:58,730 - scraper.selenium_scraper - INFO - Chrome driver closed
2025-12-06 15:12:58,731 - root - INFO - Selenium driver closed
2025-12-06 15:12:58,731 - root - INFO - Script execution completed
