2026-01-24 15:13:45,344 - root - INFO - Logger initialized successfully
2026-01-24 15:13:45,344 - root - INFO - Log file: /home/runner/work/super-player-auction-scraper/super-player-auction-scraper/logs/scraper_20260124_151345.log
2026-01-24 15:13:45,345 - root - INFO - Starting Super Player Auction scraper
2026-01-24 15:13:45,345 - utils.config - INFO - Credentials loaded from environment variables
2026-01-24 15:13:45,345 - utils.config - INFO - Settings loaded successfully
2026-01-24 15:13:45,345 - root - INFO - Initializing Selenium scraper
2026-01-24 15:13:45,345 - scraper.selenium_scraper - INFO - Running in GitHub Actions environment
2026-01-24 15:13:47,684 - selenium.webdriver.common.selenium_manager - WARNING - The chromedriver version (144.0.7559.31) detected in PATH at /usr/bin/chromedriver might not be compatible with the detected chrome version (144.0.7559.59); currently, chromedriver 144.0.7559.96 is recommended for chrome 144.*, so it is advised to delete the driver in PATH and retry
2026-01-24 15:13:55,298 - scraper.selenium_scraper - INFO - Chrome driver initialized successfully
2026-01-24 15:13:55,299 - root - INFO - Scraping tournament data
2026-01-24 15:13:55,299 - scraper.selenium_scraper - INFO - Starting to scrape tournament data
2026-01-24 15:13:56,208 - scraper.selenium_scraper - INFO - Waiting for page to load...
2026-01-24 15:14:01,212 - scraper.selenium_scraper - INFO - Scrolling to load all auction cards...
2026-01-24 15:14:13,343 - scraper.selenium_scraper - INFO - Saved page screenshot to /home/runner/work/super-player-auction-scraper/super-player-auction-scraper/logs/screenshots/page_loaded_20260124151413.png
2026-01-24 15:14:13,343 - scraper.selenium_scraper - INFO - Looking for auction cards...
2026-01-24 15:14:13,364 - scraper.selenium_scraper - INFO - Found 20 auction cards
2026-01-24 15:14:14,088 - scraper.selenium_scraper - INFO - Scraped tournament 1: IDL 2026
2026-01-24 15:14:14,910 - scraper.selenium_scraper - INFO - Scraped tournament 2: Shabab Premier League S2
2026-01-24 15:14:15,598 - scraper.selenium_scraper - INFO - Scraped tournament 3: Enterprise Premier League SEASON 4
2026-01-24 15:14:16,288 - scraper.selenium_scraper - INFO - Scraped tournament 4: Physio Cricket League 2026
2026-01-24 15:14:16,978 - scraper.selenium_scraper - INFO - Scraped tournament 5: Lucknow Cricket League 2026
2026-01-24 15:14:17,668 - scraper.selenium_scraper - INFO - Scraped tournament 6: ABPL - Season 5 | 2026 | Auction
2026-01-24 15:14:18,357 - scraper.selenium_scraper - INFO - Scraped tournament 7: Calicut premier league Qatar
2026-01-24 15:14:19,044 - scraper.selenium_scraper - INFO - Scraped tournament 8: SUBIC SRILANKAN PREMIER LEAGUE - SEASON 4 - 2026
2026-01-24 15:14:19,731 - scraper.selenium_scraper - INFO - Scraped tournament 9: MCPL 2026
2026-01-24 15:14:20,420 - scraper.selenium_scraper - INFO - Scraped tournament 10: SUPER FOOTBALL CHAMPIONSHIP
2026-01-24 15:14:21,116 - scraper.selenium_scraper - INFO - Scraped tournament 11: Zoroastrian Volleyball Premier League
2026-01-24 15:14:21,806 - scraper.selenium_scraper - INFO - Scraped tournament 12: मेघवाल समाज आक्शन प्रीमियर लीग खिवाड़ा
2026-01-24 15:14:22,497 - scraper.selenium_scraper - INFO - Scraped tournament 13: Friends Cup
2026-01-24 15:14:23,190 - scraper.selenium_scraper - INFO - Scraped tournament 14: SPL SEASON 3
2026-01-24 15:14:23,876 - scraper.selenium_scraper - INFO - Scraped tournament 15: SHREE JASNATH JI CRICKET CUP-06
2026-01-24 15:14:24,567 - scraper.selenium_scraper - INFO - Scraped tournament 16: JAIN PREMIER LEAGUE SEASON - 14
2026-01-24 15:14:25,257 - scraper.selenium_scraper - INFO - Scraped tournament 17: MPL SEASON- 5
2026-01-24 15:14:25,944 - scraper.selenium_scraper - INFO - Scraped tournament 18: Chettuwa Premier League 2026
2026-01-24 15:14:26,637 - scraper.selenium_scraper - INFO - Scraped tournament 19: JPL LITTLE CHAMPS SEASON - 2
2026-01-24 15:14:27,326 - scraper.selenium_scraper - INFO - Scraped tournament 20: GURJAR PREMIER LEAUGE - 2026
2026-01-24 15:14:27,326 - root - INFO - Successfully scraped 20 tournaments
2026-01-24 15:14:27,326 - root - INFO - Saved scraped data to /home/runner/work/super-player-auction-scraper/super-player-auction-scraper/data/tournament_data_20260124-151427.json
2026-01-24 15:14:27,327 - root - INFO - Initializing Graph API
2026-01-24 15:14:27,327 - excel.graph_api - INFO - Extracted file ID: 9e836ed5-f58f-4dc7-a969-3c62b255f3ea
2026-01-24 15:14:27,327 - excel.graph_api - INFO - Extracted site ID: CorpDevaaf94619130d4a79af9f3aeae502bdb5
2026-01-24 15:14:27,327 - root - INFO - Authenticating with Microsoft Graph API
2026-01-24 15:14:27,432 - excel.graph_api - INFO - Authentication successful
2026-01-24 15:14:27,432 - root - INFO - Updating Excel sheet with scraped data
2026-01-24 15:14:28,135 - excel.graph_api - INFO - Retrieved drive ID: b!MXUqfmBgAkyqAi_g7J1PO_6yKSWnHbZCs3mpe4EkYuX6d8izcdJxRb78S6OW5SIB
2026-01-24 15:14:29,830 - excel.graph_api - INFO - Retrieved 1128 rows from Excel
2026-01-24 15:14:31,052 - excel.graph_api - INFO - Updating range A1130:M1130 with 1 new entries
2026-01-24 15:14:32,173 - excel.graph_api - INFO - Successfully added 1 new tournaments to Excel
2026-01-24 15:14:32,174 - root - INFO - Excel sheet updated successfully
2026-01-24 15:14:32,250 - scraper.selenium_scraper - INFO - Chrome driver closed
2026-01-24 15:14:32,250 - root - INFO - Selenium driver closed
2026-01-24 15:14:32,250 - root - INFO - Script execution completed
