2025-06-21 10:13:30,451 - root - INFO - Logger initialized successfully
2025-06-21 10:13:30,451 - root - INFO - Log file: /home/runner/work/super-player-auction-scraper/super-player-auction-scraper/logs/scraper_20250621_101330.log
2025-06-21 10:13:30,452 - root - INFO - Starting Super Player Auction scraper
2025-06-21 10:13:30,452 - utils.config - INFO - Credentials loaded from environment variables
2025-06-21 10:13:30,452 - utils.config - INFO - Settings loaded successfully
2025-06-21 10:13:30,452 - root - INFO - Initializing Selenium scraper
2025-06-21 10:13:30,452 - scraper.selenium_scraper - INFO - Running in GitHub Actions environment
2025-06-21 10:13:30,920 - selenium.webdriver.common.selenium_manager - WARNING - The chromedriver version (137.0.7151.70) detected in PATH at /usr/bin/chromedriver might not be compatible with the detected chrome version (137.0.7151.103); currently, chromedriver 137.0.7151.119 is recommended for chrome 137.*, so it is advised to delete the driver in PATH and retry
2025-06-21 10:13:32,233 - scraper.selenium_scraper - INFO - Chrome driver initialized successfully
2025-06-21 10:13:32,234 - root - INFO - Scraping tournament data
2025-06-21 10:13:32,234 - scraper.selenium_scraper - INFO - Starting to scrape tournament data
2025-06-21 10:13:35,165 - scraper.selenium_scraper - INFO - Waiting for page to load...
2025-06-21 10:13:40,171 - scraper.selenium_scraper - INFO - Scrolling to load all auction cards...
2025-06-21 10:13:52,286 - scraper.selenium_scraper - INFO - Saved page screenshot to /home/runner/work/super-player-auction-scraper/super-player-auction-scraper/logs/screenshots/page_loaded_20250621101352.png
2025-06-21 10:13:52,286 - scraper.selenium_scraper - INFO - Looking for auction cards...
2025-06-21 10:13:52,306 - scraper.selenium_scraper - INFO - Found 20 auction cards
2025-06-21 10:13:53,034 - scraper.selenium_scraper - INFO - Scraped tournament 1: Prsma Summer Cup
2025-06-21 10:13:53,734 - scraper.selenium_scraper - INFO - Scraped tournament 2: RUN BHOOMI ANNUAL SPORTS FEST
2025-06-21 10:13:54,450 - scraper.selenium_scraper - INFO - Scraped tournament 3: Tekri Premier League
2025-06-21 10:13:55,151 - scraper.selenium_scraper - INFO - Scraped tournament 4: PALAKKAD CRICKET LEAGUE
2025-06-21 10:13:55,881 - scraper.selenium_scraper - INFO - Scraped tournament 5: ArjunDMUP
2025-06-21 10:13:56,587 - scraper.selenium_scraper - INFO - Scraped tournament 6: FGL - FCC GULF LEAGUE 2025
2025-06-21 10:13:57,289 - scraper.selenium_scraper - INFO - Scraped tournament 7: Sobha Badminton League - 2025 (Season -5)
2025-06-21 10:13:57,990 - scraper.selenium_scraper - INFO - Scraped tournament 8: Deedar Premier League
2025-06-21 10:13:58,689 - scraper.selenium_scraper - INFO - Scraped tournament 9: Petlurivaripalm Premier League Season -1
2025-06-21 10:13:59,389 - scraper.selenium_scraper - INFO - Scraped tournament 10: Dholi Samaj Premiere League Sisseion-2
2025-06-21 10:14:00,099 - scraper.selenium_scraper - INFO - Scraped tournament 11: Gully Primer Leauge
2025-06-21 10:14:00,801 - scraper.selenium_scraper - INFO - Scraped tournament 12: Box Premier League U-25 Auction
2025-06-21 10:14:01,506 - scraper.selenium_scraper - INFO - Scraped tournament 13: Devmanpur Premier League
2025-06-21 10:14:02,215 - scraper.selenium_scraper - INFO - Scraped tournament 14: VTPL
2025-06-21 10:14:02,909 - scraper.selenium_scraper - INFO - Scraped tournament 15: CHERKALA CRICKET LEAGUE
2025-06-21 10:14:03,604 - scraper.selenium_scraper - INFO - Scraped tournament 16: Washington T10 Cricket Cup - 2025
2025-06-21 10:14:04,301 - scraper.selenium_scraper - INFO - Scraped tournament 17: CRICKET STARS TOURNAMENT
2025-06-21 10:14:04,994 - scraper.selenium_scraper - INFO - Scraped tournament 18: KPL
2025-06-21 10:14:05,693 - scraper.selenium_scraper - INFO - Scraped tournament 19: Zafaryab PVT LTD
2025-06-21 10:14:06,385 - scraper.selenium_scraper - INFO - Scraped tournament 20: Kpl Auction
2025-06-21 10:14:06,385 - root - INFO - Successfully scraped 20 tournaments
2025-06-21 10:14:06,386 - root - INFO - Saved scraped data to /home/runner/work/super-player-auction-scraper/super-player-auction-scraper/data/tournament_data_20250621-101406.json
2025-06-21 10:14:06,386 - root - INFO - Initializing Graph API
2025-06-21 10:14:06,386 - excel.graph_api - INFO - Extracted file ID: 9e836ed5-f58f-4dc7-a969-3c62b255f3ea
2025-06-21 10:14:06,386 - excel.graph_api - INFO - Extracted site ID: CorpDevaaf94619130d4a79af9f3aeae502bdb5
2025-06-21 10:14:06,386 - root - INFO - Authenticating with Microsoft Graph API
2025-06-21 10:14:06,589 - excel.graph_api - INFO - Authentication successful
2025-06-21 10:14:06,589 - root - INFO - Updating Excel sheet with scraped data
2025-06-21 10:14:06,958 - excel.graph_api - INFO - Retrieved drive ID: b!MXUqfmBgAkyqAi_g7J1PO_6yKSWnHbZCs3mpe4EkYuX6d8izcdJxRb78S6OW5SIB
2025-06-21 10:14:08,077 - excel.graph_api - INFO - Retrieved 230 rows from Excel
2025-06-21 10:14:09,084 - excel.graph_api - INFO - Updating range A232:M232 with 1 new entries
2025-06-21 10:14:10,157 - excel.graph_api - INFO - Successfully added 1 new tournaments to Excel
2025-06-21 10:14:10,158 - root - INFO - Excel sheet updated successfully
2025-06-21 10:14:10,227 - scraper.selenium_scraper - INFO - Chrome driver closed
2025-06-21 10:14:10,227 - root - INFO - Selenium driver closed
2025-06-21 10:14:10,227 - root - INFO - Script execution completed
