2025-11-20 10:15:25,358 - root - INFO - Logger initialized successfully
2025-11-20 10:15:25,359 - root - INFO - Log file: /home/runner/work/super-player-auction-scraper/super-player-auction-scraper/logs/scraper_20251120_101525.log
2025-11-20 10:15:25,359 - root - INFO - Starting Super Player Auction scraper
2025-11-20 10:15:25,359 - utils.config - INFO - Credentials loaded from environment variables
2025-11-20 10:15:25,359 - utils.config - INFO - Settings loaded successfully
2025-11-20 10:15:25,359 - root - INFO - Initializing Selenium scraper
2025-11-20 10:15:25,359 - scraper.selenium_scraper - INFO - Running in GitHub Actions environment
2025-11-20 10:15:26,944 - selenium.webdriver.common.selenium_manager - WARNING - The chromedriver version (142.0.7444.162) detected in PATH at /usr/bin/chromedriver might not be compatible with the detected chrome version (142.0.7444.162); currently, chromedriver 142.0.7444.175 is recommended for chrome 142.*, so it is advised to delete the driver in PATH and retry
2025-11-20 10:15:32,492 - scraper.selenium_scraper - INFO - Chrome driver initialized successfully
2025-11-20 10:15:32,492 - root - INFO - Scraping tournament data
2025-11-20 10:15:32,493 - scraper.selenium_scraper - INFO - Starting to scrape tournament data
2025-11-20 10:15:33,484 - scraper.selenium_scraper - INFO - Waiting for page to load...
2025-11-20 10:15:38,489 - scraper.selenium_scraper - INFO - Scrolling to load all auction cards...
2025-11-20 10:15:50,621 - scraper.selenium_scraper - INFO - Saved page screenshot to /home/runner/work/super-player-auction-scraper/super-player-auction-scraper/logs/screenshots/page_loaded_20251120101550.png
2025-11-20 10:15:50,621 - scraper.selenium_scraper - INFO - Looking for auction cards...
2025-11-20 10:15:50,651 - scraper.selenium_scraper - INFO - Found 20 auction cards
2025-11-20 10:15:51,398 - scraper.selenium_scraper - INFO - Scraped tournament 1: MDPL 2025 Season 4
2025-11-20 10:15:52,133 - scraper.selenium_scraper - INFO - Scraped tournament 2: VM CPL S-4
2025-11-20 10:15:52,851 - scraper.selenium_scraper - INFO - Scraped tournament 3: Trivandrum Premier League - 5
2025-11-20 10:15:53,579 - scraper.selenium_scraper - INFO - Scraped tournament 4: NPL
2025-11-20 10:15:54,301 - scraper.selenium_scraper - INFO - Scraped tournament 5: YCC Leather Championship 2025 - Season 6
2025-11-20 10:15:55,031 - scraper.selenium_scraper - INFO - Scraped tournament 6: Sind Society Premier League 8.0
2025-11-20 10:15:55,754 - scraper.selenium_scraper - INFO - Scraped tournament 7: TenX Premier League - Season 3 (KIDS)
2025-11-20 10:15:56,473 - scraper.selenium_scraper - INFO - Scraped tournament 8: TNPL PREMIER LEAGUE SEASON 4
2025-11-20 10:15:57,193 - scraper.selenium_scraper - INFO - Scraped tournament 9: TenX Premier League - Season 3 (MENS 17+)
2025-11-20 10:15:57,905 - scraper.selenium_scraper - INFO - Scraped tournament 10: TenX Premier League - Season 3 (MENS 40+)
2025-11-20 10:15:58,636 - scraper.selenium_scraper - INFO - Scraped tournament 11: TenX Premier League - Season 3 (WOMENS 17+)
2025-11-20 10:15:59,362 - scraper.selenium_scraper - INFO - Scraped tournament 12: BCL SEASON 3
2025-11-20 10:16:00,087 - scraper.selenium_scraper - INFO - Scraped tournament 13: MTF Premier League Season 4
2025-11-20 10:16:00,802 - scraper.selenium_scraper - INFO - Scraped tournament 14: LEAGUE OF CHAMPIONS-1
2025-11-20 10:16:01,510 - scraper.selenium_scraper - INFO - Scraped tournament 15: Arjun DEMO
2025-11-20 10:16:02,223 - scraper.selenium_scraper - INFO - Scraped tournament 16: ABSA BUNTS CUP 4TH EDITION
2025-11-20 10:16:02,952 - scraper.selenium_scraper - INFO - Scraped tournament 17: Streamify Cup Silver Category
2025-11-20 10:16:03,661 - scraper.selenium_scraper - INFO - Scraped tournament 18: Streamify Cup Open Category
2025-11-20 10:16:04,375 - scraper.selenium_scraper - INFO - Scraped tournament 19: CCL 2.0 PREMIER LEAGUE SEASON 1
2025-11-20 10:16:05,092 - scraper.selenium_scraper - INFO - Scraped tournament 20: Bhatkal Premier League - 2026
2025-11-20 10:16:05,092 - root - INFO - Successfully scraped 20 tournaments
2025-11-20 10:16:05,093 - root - INFO - Saved scraped data to /home/runner/work/super-player-auction-scraper/super-player-auction-scraper/data/tournament_data_20251120-101605.json
2025-11-20 10:16:05,093 - root - INFO - Initializing Graph API
2025-11-20 10:16:05,093 - excel.graph_api - INFO - Extracted file ID: 9e836ed5-f58f-4dc7-a969-3c62b255f3ea
2025-11-20 10:16:05,093 - excel.graph_api - INFO - Extracted site ID: CorpDevaaf94619130d4a79af9f3aeae502bdb5
2025-11-20 10:16:05,093 - root - INFO - Authenticating with Microsoft Graph API
2025-11-20 10:16:05,421 - excel.graph_api - ERROR - Authentication failed: AADSTS7000222: The provided client secret keys for app 'f45467f0-629b-4712-a029-cd1289854747' are expired. Visit the Azure portal to create new keys for your app: https://aka.ms/NewClientSecret, or consider using certificate credentials for added security: https://aka.ms/certCreds. Trace ID: 3efdc626-d7dd-4bd1-a3fc-7589ef819100 Correlation ID: d5cbea59-ed7e-44df-ba82-a1eebdc228ec Timestamp: 2025-11-20 10:16:05Z
2025-11-20 10:16:05,422 - root - ERROR - Failed to authenticate with Microsoft Graph API
2025-11-20 10:16:05,493 - scraper.selenium_scraper - INFO - Chrome driver closed
2025-11-20 10:16:05,493 - root - INFO - Selenium driver closed
2025-11-20 10:16:05,493 - root - INFO - Script execution completed
