2026-06-08 14:00:54,259 - root - INFO - Logger initialized successfully
2026-06-08 14:00:54,259 - root - INFO - Log file: /home/runner/work/super-player-auction-scraper/super-player-auction-scraper/logs/scraper_20260608_140054.log
2026-06-08 14:00:54,259 - root - INFO - Starting Super Player Auction scraper
2026-06-08 14:00:54,259 - utils.config - INFO - Credentials loaded from environment variables
2026-06-08 14:00:54,259 - utils.config - INFO - Settings loaded successfully
2026-06-08 14:00:54,259 - root - INFO - Initializing Selenium scraper
2026-06-08 14:00:54,259 - scraper.selenium_scraper - INFO - Running in GitHub Actions environment
2026-06-08 14:01:29,982 - scraper.selenium_scraper - INFO - Chrome driver initialized successfully
2026-06-08 14:01:29,982 - root - INFO - Scraping tournament data
2026-06-08 14:01:29,982 - scraper.selenium_scraper - INFO - Starting to scrape tournament data
2026-06-08 14:01:33,310 - scraper.selenium_scraper - INFO - Waiting for page to load...
2026-06-08 14:01:38,315 - scraper.selenium_scraper - INFO - Scrolling to load all auction cards...
2026-06-08 14:01:50,589 - scraper.selenium_scraper - INFO - Saved page screenshot to /home/runner/work/super-player-auction-scraper/super-player-auction-scraper/logs/screenshots/page_loaded_20260608140150.png
2026-06-08 14:01:50,589 - scraper.selenium_scraper - INFO - Looking for auction cards...
2026-06-08 14:01:50,673 - scraper.selenium_scraper - INFO - Found 20 auction cards
2026-06-08 14:01:51,447 - scraper.selenium_scraper - INFO - Scraped tournament 1: Dream UTT Juniors Season 2
2026-06-08 14:01:52,145 - scraper.selenium_scraper - INFO - Scraped tournament 2: CBL Season 6
2026-06-08 14:01:53,060 - scraper.selenium_scraper - INFO - Scraped tournament 3: MALAPPURAM PREMIER LEAGUE S3 (RIYADH, KSA - 03 July 2026)
2026-06-08 14:01:53,762 - scraper.selenium_scraper - INFO - Scraped tournament 4: HEERAPUR PREMIER LEAGUE SEASON - 2
2026-06-08 14:01:54,468 - scraper.selenium_scraper - INFO - Scraped tournament 5: RRC - JEET KI JUNG
2026-06-08 14:01:55,173 - scraper.selenium_scraper - INFO - Scraped tournament 6: SUPER FOOTBALL CHAMPIONSHIP
2026-06-08 14:01:55,876 - scraper.selenium_scraper - INFO - Scraped tournament 7: DB CUP
2026-06-08 14:01:56,573 - scraper.selenium_scraper - INFO - Scraped tournament 8: REPUBLIC CUP 2.0
2026-06-08 14:01:57,270 - scraper.selenium_scraper - INFO - Scraped tournament 9: Auction Demo Jodi
2026-06-08 14:01:57,973 - scraper.selenium_scraper - INFO - Scraped tournament 10: Super Cricket League
2026-06-08 14:01:58,666 - scraper.selenium_scraper - INFO - Scraped tournament 11: SIKAR PREMIER LEAGUE 2025
2026-06-08 14:01:59,362 - scraper.selenium_scraper - INFO - Scraped tournament 12: BJP
2026-06-08 14:02:00,062 - scraper.selenium_scraper - INFO - Scraped tournament 13: SUPER LEAGUE GROUP
2026-06-08 14:02:00,755 - scraper.selenium_scraper - INFO - Scraped tournament 14: SUPER CRICKET LEAGUE
2026-06-08 14:02:01,452 - scraper.selenium_scraper - INFO - Scraped tournament 15: Sobha Badminton League - 2026
2026-06-08 14:02:02,148 - scraper.selenium_scraper - INFO - Scraped tournament 16: Sw Bheekh Singh Smrti RATIKALIN Kabddi PRATIYOGITA
2026-06-08 14:02:02,843 - scraper.selenium_scraper - INFO - Scraped tournament 17: CEYLON CRICKET LEAGUE
2026-06-08 14:02:03,546 - scraper.selenium_scraper - INFO - Scraped tournament 18: ANNANUR PREMIER LEAGUE SEASON -3(APL -3)2026
2026-06-08 14:02:04,241 - scraper.selenium_scraper - INFO - Scraped tournament 19: ELITETANK SPORTS PRESENT SHIRSAT SPORTS WOMEN PREMIER LEAGUE 2026
2026-06-08 14:02:04,935 - scraper.selenium_scraper - INFO - Scraped tournament 20: PALAKKAD CRICKET LEAGUE SEASON 2 - 2026
2026-06-08 14:02:04,935 - root - INFO - Successfully scraped 20 tournaments
2026-06-08 14:02:04,936 - root - INFO - Saved scraped data to /home/runner/work/super-player-auction-scraper/super-player-auction-scraper/data/tournament_data_20260608-140204.json
2026-06-08 14:02:04,936 - root - INFO - Initializing Graph API
2026-06-08 14:02:04,936 - excel.graph_api - INFO - Extracted file ID: 9e836ed5-f58f-4dc7-a969-3c62b255f3ea
2026-06-08 14:02:04,936 - excel.graph_api - INFO - Extracted site ID: CorpDevaaf94619130d4a79af9f3aeae502bdb5
2026-06-08 14:02:04,936 - root - INFO - Authenticating with Microsoft Graph API
2026-06-08 14:02:06,120 - excel.graph_api - INFO - Authentication successful
2026-06-08 14:02:06,120 - root - INFO - Updating Excel sheet with scraped data
2026-06-08 14:02:06,444 - excel.graph_api - INFO - Retrieved drive ID: b!MXUqfmBgAkyqAi_g7J1PO_6yKSWnHbZCs3mpe4EkYuX6d8izcdJxRb78S6OW5SIB
2026-06-08 14:02:08,020 - excel.graph_api - INFO - Retrieved 1678 rows from Excel
2026-06-08 14:02:09,078 - excel.graph_api - INFO - No new tournaments to add
2026-06-08 14:02:09,080 - root - INFO - Excel sheet updated successfully
2026-06-08 14:02:09,159 - scraper.selenium_scraper - INFO - Chrome driver closed
2026-06-08 14:02:09,159 - root - INFO - Selenium driver closed
2026-06-08 14:02:09,159 - root - INFO - Script execution completed
