2025-06-30 10:15:54,381 - root - INFO - Logger initialized successfully
2025-06-30 10:15:54,381 - root - INFO - Log file: /home/runner/work/super-player-auction-scraper/super-player-auction-scraper/logs/scraper_20250630_101554.log
2025-06-30 10:15:54,381 - root - INFO - Starting Super Player Auction scraper
2025-06-30 10:15:54,381 - utils.config - INFO - Credentials loaded from environment variables
2025-06-30 10:15:54,381 - utils.config - INFO - Settings loaded successfully
2025-06-30 10:15:54,381 - root - INFO - Initializing Selenium scraper
2025-06-30 10:15:54,382 - scraper.selenium_scraper - INFO - Running in GitHub Actions environment
2025-06-30 10:15:56,992 - scraper.selenium_scraper - INFO - Chrome driver initialized successfully
2025-06-30 10:15:56,992 - root - INFO - Scraping tournament data
2025-06-30 10:15:56,993 - scraper.selenium_scraper - INFO - Starting to scrape tournament data
2025-06-30 10:15:58,730 - scraper.selenium_scraper - INFO - Waiting for page to load...
2025-06-30 10:16:03,733 - scraper.selenium_scraper - INFO - Scrolling to load all auction cards...
2025-06-30 10:16:15,834 - scraper.selenium_scraper - INFO - Saved page screenshot to /home/runner/work/super-player-auction-scraper/super-player-auction-scraper/logs/screenshots/page_loaded_20250630101615.png
2025-06-30 10:16:15,835 - scraper.selenium_scraper - INFO - Looking for auction cards...
2025-06-30 10:16:15,856 - scraper.selenium_scraper - INFO - Found 20 auction cards
2025-06-30 10:16:16,580 - scraper.selenium_scraper - INFO - Scraped tournament 1: Tekri Premier League
2025-06-30 10:16:17,281 - scraper.selenium_scraper - INFO - Scraped tournament 2: UiC - GULF LEAGUE 2025
2025-06-30 10:16:17,994 - scraper.selenium_scraper - INFO - Scraped tournament 3: ArjunDMUP
2025-06-30 10:16:18,695 - scraper.selenium_scraper - INFO - Scraped tournament 4: IISDIANS VOLLEYBALL TOURNAMENT 25
2025-06-30 10:16:19,392 - scraper.selenium_scraper - INFO - Scraped tournament 5: Karnataka Rajatha Cup 2025
2025-06-30 10:16:20,091 - scraper.selenium_scraper - INFO - Scraped tournament 6: RALLY TO WIN BADMINTON PRO LEAGUE 2025 - SEASON 4
2025-06-30 10:16:20,841 - scraper.selenium_scraper - INFO - Scraped tournament 7: Padubidri Premier League - 2025
2025-06-30 10:16:21,538 - scraper.selenium_scraper - INFO - Scraped tournament 8: Deedar Premier League
2025-06-30 10:16:22,239 - scraper.selenium_scraper - INFO - Scraped tournament 9: TOLIYASAR PREMIER LEAGUE (TPL) SEASON 2
2025-06-30 10:16:22,936 - scraper.selenium_scraper - INFO - Scraped tournament 10: BPL SEASON 3
2025-06-30 10:16:23,642 - scraper.selenium_scraper - INFO - Scraped tournament 11: Petlurivaripalm Premier League Season -1
2025-06-30 10:16:24,338 - scraper.selenium_scraper - INFO - Scraped tournament 12: Dholi Samaj Premiere League Sisseion-2
2025-06-30 10:16:25,038 - scraper.selenium_scraper - INFO - Scraped tournament 13: Kpl Auction
2025-06-30 10:16:25,750 - scraper.selenium_scraper - INFO - Scraped tournament 14: Nepali Premier League Melbourne
2025-06-30 10:16:26,448 - scraper.selenium_scraper - INFO - Scraped tournament 15: Palm Olympia Senior Citizen Premium League Season 2
2025-06-30 10:16:27,145 - scraper.selenium_scraper - INFO - Scraped tournament 16: Palm Olympia Women Cricket Premiere League Season 2
2025-06-30 10:16:27,846 - scraper.selenium_scraper - INFO - Scraped tournament 17: HYNISH CRICKET PREMIER LEAGUE SEASON-4
2025-06-30 10:16:28,545 - scraper.selenium_scraper - INFO - Scraped tournament 18: S3 Premier League
2025-06-30 10:16:29,240 - scraper.selenium_scraper - INFO - Scraped tournament 19: NPL Series 2
2025-06-30 10:16:29,950 - scraper.selenium_scraper - INFO - Scraped tournament 20: CHOORI SOCCER LEAGUE 2025
2025-06-30 10:16:29,951 - root - INFO - Successfully scraped 20 tournaments
2025-06-30 10:16:29,951 - root - INFO - Saved scraped data to /home/runner/work/super-player-auction-scraper/super-player-auction-scraper/data/tournament_data_20250630-101629.json
2025-06-30 10:16:29,951 - root - INFO - Initializing Graph API
2025-06-30 10:16:29,952 - excel.graph_api - INFO - Extracted file ID: 9e836ed5-f58f-4dc7-a969-3c62b255f3ea
2025-06-30 10:16:29,952 - excel.graph_api - INFO - Extracted site ID: CorpDevaaf94619130d4a79af9f3aeae502bdb5
2025-06-30 10:16:29,952 - root - INFO - Authenticating with Microsoft Graph API
2025-06-30 10:16:30,323 - excel.graph_api - INFO - Authentication successful
2025-06-30 10:16:30,323 - root - INFO - Updating Excel sheet with scraped data
2025-06-30 10:16:30,584 - excel.graph_api - INFO - Retrieved drive ID: b!MXUqfmBgAkyqAi_g7J1PO_6yKSWnHbZCs3mpe4EkYuX6d8izcdJxRb78S6OW5SIB
2025-06-30 10:16:31,703 - excel.graph_api - INFO - Retrieved 252 rows from Excel
2025-06-30 10:16:32,397 - excel.graph_api - INFO - Updating range A254:M256 with 3 new entries
2025-06-30 10:16:33,394 - excel.graph_api - INFO - Successfully added 3 new tournaments to Excel
2025-06-30 10:16:33,396 - root - INFO - Excel sheet updated successfully
2025-06-30 10:16:33,464 - scraper.selenium_scraper - INFO - Chrome driver closed
2025-06-30 10:16:33,464 - root - INFO - Selenium driver closed
2025-06-30 10:16:33,464 - root - INFO - Script execution completed
