2026-03-04 15:32:40,508 - root - INFO - Logger initialized successfully
2026-03-04 15:32:40,508 - root - INFO - Log file: /home/runner/work/super-player-auction-scraper/super-player-auction-scraper/logs/scraper_20260304_153240.log
2026-03-04 15:32:40,508 - root - INFO - Starting Super Player Auction scraper
2026-03-04 15:32:40,509 - utils.config - INFO - Credentials loaded from environment variables
2026-03-04 15:32:40,509 - utils.config - INFO - Settings loaded successfully
2026-03-04 15:32:40,509 - root - INFO - Initializing Selenium scraper
2026-03-04 15:32:40,509 - scraper.selenium_scraper - INFO - Running in GitHub Actions environment
2026-03-04 15:32:49,471 - scraper.selenium_scraper - INFO - Chrome driver initialized successfully
2026-03-04 15:32:49,471 - root - INFO - Scraping tournament data
2026-03-04 15:32:49,471 - scraper.selenium_scraper - INFO - Starting to scrape tournament data
2026-03-04 15:32:50,146 - scraper.selenium_scraper - INFO - Waiting for page to load...
2026-03-04 15:32:55,151 - scraper.selenium_scraper - INFO - Scrolling to load all auction cards...
2026-03-04 15:33:07,295 - scraper.selenium_scraper - INFO - Saved page screenshot to /home/runner/work/super-player-auction-scraper/super-player-auction-scraper/logs/screenshots/page_loaded_20260304153307.png
2026-03-04 15:33:07,295 - scraper.selenium_scraper - INFO - Looking for auction cards...
2026-03-04 15:33:07,319 - scraper.selenium_scraper - INFO - Found 20 auction cards
2026-03-04 15:33:08,042 - scraper.selenium_scraper - INFO - Scraped tournament 1: Hind Sporting Premier League
2026-03-04 15:33:08,782 - scraper.selenium_scraper - INFO - Scraped tournament 2: RELIANCE SPL 2026
2026-03-04 15:33:09,470 - scraper.selenium_scraper - INFO - Scraped tournament 3: MCPL 2026
2026-03-04 15:33:10,159 - scraper.selenium_scraper - INFO - Scraped tournament 4: NOTANDAS PREMIER LEAGUE (NPL)
2026-03-04 15:33:10,846 - scraper.selenium_scraper - INFO - Scraped tournament 5: SIKAR PREMIER LEAGUE 2025
2026-03-04 15:33:11,535 - scraper.selenium_scraper - INFO - Scraped tournament 6: ROHAT PREMIER LEAGUE
2026-03-04 15:33:12,225 - scraper.selenium_scraper - INFO - Scraped tournament 7: SUPER FOOTBALL CHAMPIONSHIP
2026-03-04 15:33:12,912 - scraper.selenium_scraper - INFO - Scraped tournament 8: REPUBLIC CUP 2.0
2026-03-04 15:33:13,604 - scraper.selenium_scraper - INFO - Scraped tournament 9: NPL
2026-03-04 15:33:14,292 - scraper.selenium_scraper - INFO - Scraped tournament 10: BJP
2026-03-04 15:33:14,981 - scraper.selenium_scraper - INFO - Scraped tournament 11: SUPER CRICKRT LEAGUE - MAHIPAL
2026-03-04 15:33:15,674 - scraper.selenium_scraper - INFO - Scraped tournament 12: Ichapuram Premier League Organized By ICC
2026-03-04 15:33:16,361 - scraper.selenium_scraper - INFO - Scraped tournament 13: Mewad Keshari Premier League
2026-03-04 15:33:17,050 - scraper.selenium_scraper - INFO - Scraped tournament 14: Maharashtra Doctor Vollyball League
2026-03-04 15:33:17,741 - scraper.selenium_scraper - INFO - Scraped tournament 15: JITO CRICKET LEAGUE 3.0
2026-03-04 15:33:18,428 - scraper.selenium_scraper - INFO - Scraped tournament 16: TMCC T10 Cricket Tournament 9th Edition
2026-03-04 15:33:19,116 - scraper.selenium_scraper - INFO - Scraped tournament 17: PRAHAR PREMIER LEAGUE 2026
2026-03-04 15:33:19,815 - scraper.selenium_scraper - INFO - Scraped tournament 18: WINNERS PREMIER LEAGUE, AYYAMPUZHA, SEASON 5
2026-03-04 15:33:20,501 - scraper.selenium_scraper - INFO - Scraped tournament 19: SUMMER SUPER LEAGUE SEASON-2
2026-03-04 15:33:21,189 - scraper.selenium_scraper - INFO - Scraped tournament 20: WANTRAG PREMIER LEAGUE
2026-03-04 15:33:21,189 - root - INFO - Successfully scraped 20 tournaments
2026-03-04 15:33:21,190 - root - INFO - Saved scraped data to /home/runner/work/super-player-auction-scraper/super-player-auction-scraper/data/tournament_data_20260304-153321.json
2026-03-04 15:33:21,190 - root - INFO - Initializing Graph API
2026-03-04 15:33:21,190 - excel.graph_api - INFO - Extracted file ID: 9e836ed5-f58f-4dc7-a969-3c62b255f3ea
2026-03-04 15:33:21,190 - excel.graph_api - INFO - Extracted site ID: CorpDevaaf94619130d4a79af9f3aeae502bdb5
2026-03-04 15:33:21,190 - root - INFO - Authenticating with Microsoft Graph API
2026-03-04 15:33:21,419 - excel.graph_api - INFO - Authentication successful
2026-03-04 15:33:21,420 - root - INFO - Updating Excel sheet with scraped data
2026-03-04 15:33:23,682 - excel.graph_api - INFO - Retrieved drive ID: b!MXUqfmBgAkyqAi_g7J1PO_6yKSWnHbZCs3mpe4EkYuX6d8izcdJxRb78S6OW5SIB
2026-03-04 15:33:25,596 - excel.graph_api - INFO - Retrieved 1302 rows from Excel
2026-03-04 15:33:27,141 - excel.graph_api - INFO - No new tournaments to add
2026-03-04 15:33:27,143 - root - INFO - Excel sheet updated successfully
2026-03-04 15:33:27,220 - scraper.selenium_scraper - INFO - Chrome driver closed
2026-03-04 15:33:27,220 - root - INFO - Selenium driver closed
2026-03-04 15:33:27,220 - root - INFO - Script execution completed
