2025-06-14 10:39:48,167 - root - INFO - Logger initialized successfully
2025-06-14 10:39:48,167 - root - INFO - Log file: /home/runner/work/super-player-auction-scraper/super-player-auction-scraper/logs/scraper_20250614_103948.log
2025-06-14 10:39:48,167 - root - INFO - Starting Super Player Auction scraper
2025-06-14 10:39:48,167 - utils.config - INFO - Credentials loaded from environment variables
2025-06-14 10:39:48,168 - utils.config - INFO - Settings loaded successfully
2025-06-14 10:39:48,168 - root - INFO - Initializing Selenium scraper
2025-06-14 10:39:48,168 - scraper.selenium_scraper - INFO - Running in GitHub Actions environment
2025-06-14 10:39:48,406 - selenium.webdriver.common.selenium_manager - WARNING - The chromedriver version (137.0.7151.68) detected in PATH at /usr/bin/chromedriver might not be compatible with the detected chrome version (137.0.7151.68); currently, chromedriver 137.0.7151.70 is recommended for chrome 137.*, so it is advised to delete the driver in PATH and retry
2025-06-14 10:39:49,583 - scraper.selenium_scraper - INFO - Chrome driver initialized successfully
2025-06-14 10:39:49,583 - root - INFO - Scraping tournament data
2025-06-14 10:39:49,583 - scraper.selenium_scraper - INFO - Starting to scrape tournament data
2025-06-14 10:39:50,024 - scraper.selenium_scraper - INFO - Waiting for page to load...
2025-06-14 10:39:55,030 - scraper.selenium_scraper - INFO - Scrolling to load all auction cards...
2025-06-14 10:40:07,144 - scraper.selenium_scraper - INFO - Saved page screenshot to /home/runner/work/super-player-auction-scraper/super-player-auction-scraper/logs/screenshots/page_loaded_20250614104007.png
2025-06-14 10:40:07,144 - scraper.selenium_scraper - INFO - Looking for auction cards...
2025-06-14 10:40:07,163 - scraper.selenium_scraper - INFO - Found 20 auction cards
2025-06-14 10:40:07,887 - scraper.selenium_scraper - INFO - Scraped tournament 1: PALAKKAD CRICKET LEAGUE
2025-06-14 10:40:08,587 - scraper.selenium_scraper - INFO - Scraped tournament 2: Khel-o-Utsav
2025-06-14 10:40:09,299 - scraper.selenium_scraper - INFO - Scraped tournament 3: GVPL
2025-06-14 10:40:10,008 - scraper.selenium_scraper - INFO - Scraped tournament 4: Tekri Premier League
2025-06-14 10:40:10,705 - scraper.selenium_scraper - INFO - Scraped tournament 5: ArjunDMUP
2025-06-14 10:40:11,407 - scraper.selenium_scraper - INFO - Scraped tournament 6: FGL - FCC GULF LEAGUE 2025
2025-06-14 10:40:12,116 - scraper.selenium_scraper - INFO - Scraped tournament 7: KUMAWAT PREMIER LEAGUE -1, 2025
2025-06-14 10:40:12,810 - scraper.selenium_scraper - INFO - Scraped tournament 8: Dholi Samaj Premiere League Sisseion-2
2025-06-14 10:40:13,506 - scraper.selenium_scraper - INFO - Scraped tournament 9: Hari Prabodham Cricket Tournament
2025-06-14 10:40:14,202 - scraper.selenium_scraper - INFO - Scraped tournament 10: GAIL CHAMPIONS LEAGUE III
2025-06-14 10:40:14,907 - scraper.selenium_scraper - INFO - Scraped tournament 11: BlueRose Premier league
2025-06-14 10:40:15,603 - scraper.selenium_scraper - INFO - Scraped tournament 12: CCL 2025
2025-06-14 10:40:16,298 - scraper.selenium_scraper - INFO - Scraped tournament 13: Petlurivaripalm Premier League Season -1
2025-06-14 10:40:16,994 - scraper.selenium_scraper - INFO - Scraped tournament 14: Rajeev Memorials League
2025-06-14 10:40:17,691 - scraper.selenium_scraper - INFO - Scraped tournament 15: Academos Students League [ASL]
2025-06-14 10:40:18,390 - scraper.selenium_scraper - INFO - Scraped tournament 16: GRFA Rooling Trophy Tournament
2025-06-14 10:40:19,093 - scraper.selenium_scraper - INFO - Scraped tournament 17: HALPATI SAMAJ PRIMIER LEAGUE
2025-06-14 10:40:19,787 - scraper.selenium_scraper - INFO - Scraped tournament 18: Box Premier League U-25 Auction
2025-06-14 10:40:20,485 - scraper.selenium_scraper - INFO - Scraped tournament 19: Devmanpur Premier League
2025-06-14 10:40:21,217 - scraper.selenium_scraper - INFO - Scraped tournament 20: Washington T10 Cricket Cup - 2025
2025-06-14 10:40:21,217 - root - INFO - Successfully scraped 20 tournaments
2025-06-14 10:40:21,218 - root - INFO - Saved scraped data to /home/runner/work/super-player-auction-scraper/super-player-auction-scraper/data/tournament_data_20250614-104021.json
2025-06-14 10:40:21,218 - root - INFO - Initializing Graph API
2025-06-14 10:40:21,218 - excel.graph_api - INFO - Extracted file ID: 9e836ed5-f58f-4dc7-a969-3c62b255f3ea
2025-06-14 10:40:21,218 - excel.graph_api - INFO - Extracted site ID: CorpDevaaf94619130d4a79af9f3aeae502bdb5
2025-06-14 10:40:21,218 - root - INFO - Authenticating with Microsoft Graph API
2025-06-14 10:40:21,548 - excel.graph_api - INFO - Authentication successful
2025-06-14 10:40:21,548 - root - INFO - Updating Excel sheet with scraped data
2025-06-14 10:40:21,776 - excel.graph_api - INFO - Retrieved drive ID: b!MXUqfmBgAkyqAi_g7J1PO_6yKSWnHbZCs3mpe4EkYuX6d8izcdJxRb78S6OW5SIB
2025-06-14 10:40:22,677 - excel.graph_api - INFO - Retrieved 211 rows from Excel
2025-06-14 10:40:23,231 - excel.graph_api - INFO - Updating range A213:M215 with 3 new entries
2025-06-14 10:40:23,919 - excel.graph_api - INFO - Successfully added 3 new tournaments to Excel
2025-06-14 10:40:23,921 - root - INFO - Excel sheet updated successfully
2025-06-14 10:40:23,991 - scraper.selenium_scraper - INFO - Chrome driver closed
2025-06-14 10:40:23,991 - root - INFO - Selenium driver closed
2025-06-14 10:40:23,991 - root - INFO - Script execution completed
