2025-11-11 10:16:03,402 - root - INFO - Logger initialized successfully
2025-11-11 10:16:03,402 - root - INFO - Log file: /home/runner/work/super-player-auction-scraper/super-player-auction-scraper/logs/scraper_20251111_101603.log
2025-11-11 10:16:03,403 - root - INFO - Starting Super Player Auction scraper
2025-11-11 10:16:03,403 - utils.config - INFO - Credentials loaded from environment variables
2025-11-11 10:16:03,403 - utils.config - INFO - Settings loaded successfully
2025-11-11 10:16:03,403 - root - INFO - Initializing Selenium scraper
2025-11-11 10:16:03,403 - scraper.selenium_scraper - INFO - Running in GitHub Actions environment
2025-11-11 10:16:05,217 - selenium.webdriver.common.selenium_manager - WARNING - The chromedriver version (142.0.7444.59) detected in PATH at /usr/bin/chromedriver might not be compatible with the detected chrome version (142.0.7444.59); currently, chromedriver 142.0.7444.61 is recommended for chrome 142.*, so it is advised to delete the driver in PATH and retry
2025-11-11 10:16:13,497 - scraper.selenium_scraper - INFO - Chrome driver initialized successfully
2025-11-11 10:16:13,497 - root - INFO - Scraping tournament data
2025-11-11 10:16:13,497 - scraper.selenium_scraper - INFO - Starting to scrape tournament data
2025-11-11 10:16:15,145 - scraper.selenium_scraper - INFO - Waiting for page to load...
2025-11-11 10:16:20,150 - scraper.selenium_scraper - INFO - Scrolling to load all auction cards...
2025-11-11 10:16:32,291 - scraper.selenium_scraper - INFO - Saved page screenshot to /home/runner/work/super-player-auction-scraper/super-player-auction-scraper/logs/screenshots/page_loaded_20251111101632.png
2025-11-11 10:16:32,291 - scraper.selenium_scraper - INFO - Looking for auction cards...
2025-11-11 10:16:32,325 - scraper.selenium_scraper - INFO - Found 20 auction cards
2025-11-11 10:16:33,043 - scraper.selenium_scraper - INFO - Scraped tournament 1: WPL AUCTION
2025-11-11 10:16:33,767 - scraper.selenium_scraper - INFO - Scraped tournament 2: Indoor Premier League 2025
2025-11-11 10:16:34,455 - scraper.selenium_scraper - INFO - Scraped tournament 3: HJPL SEASON -13
2025-11-11 10:16:35,145 - scraper.selenium_scraper - INFO - Scraped tournament 4: NUTRAJ Premier League
2025-11-11 10:16:35,829 - scraper.selenium_scraper - INFO - Scraped tournament 5: नीमच क्रिकेट लीग 2025
2025-11-11 10:16:36,515 - scraper.selenium_scraper - INFO - Scraped tournament 6: TNPL PREMIER LEAGUE SEASON 4
2025-11-11 10:16:37,202 - scraper.selenium_scraper - INFO - Scraped tournament 7: Thonse premier league season VII
2025-11-11 10:16:37,885 - scraper.selenium_scraper - INFO - Scraped tournament 8: ICCPL Men's Auction 2025
2025-11-11 10:16:38,572 - scraper.selenium_scraper - INFO - Scraped tournament 9: ICCPL Women's Auction 2025
2025-11-11 10:16:39,256 - scraper.selenium_scraper - INFO - Scraped tournament 10: Arjun DEMO
2025-11-11 10:16:39,939 - scraper.selenium_scraper - INFO - Scraped tournament 11: ABSA BUNTS CUP 4TH EDITION
2025-11-11 10:16:40,628 - scraper.selenium_scraper - INFO - Scraped tournament 12: Bhatkal Premier League - 2026
2025-11-11 10:16:41,310 - scraper.selenium_scraper - INFO - Scraped tournament 13: CCL 2.0 PREMIER LEAGUE SEASON 1
2025-11-11 10:16:41,992 - scraper.selenium_scraper - INFO - Scraped tournament 14: Healthcare Professional Cricket league 2025-26
2025-11-11 10:16:42,675 - scraper.selenium_scraper - INFO - Scraped tournament 15: Healthcare Professional Cricket league 2025-26 (Doctor)
2025-11-11 10:16:43,358 - scraper.selenium_scraper - INFO - Scraped tournament 16: IISDians Basketball Tournament 2025
2025-11-11 10:16:44,042 - scraper.selenium_scraper - INFO - Scraped tournament 17: VANJARI PREMIER LEAGUE 2025 "SEASON 4"
2025-11-11 10:16:44,748 - scraper.selenium_scraper - INFO - Scraped tournament 18: THOUCENTRIC BADMINTON CHAMPIONS 2026
2025-11-11 10:16:45,429 - scraper.selenium_scraper - INFO - Scraped tournament 19: ARAB DREAMS BRC FOOTBALL LEAGUE
2025-11-11 10:16:46,120 - scraper.selenium_scraper - INFO - Scraped tournament 20: JPL-season-1
2025-11-11 10:16:46,120 - root - INFO - Successfully scraped 20 tournaments
2025-11-11 10:16:46,120 - root - INFO - Saved scraped data to /home/runner/work/super-player-auction-scraper/super-player-auction-scraper/data/tournament_data_20251111-101646.json
2025-11-11 10:16:46,120 - root - INFO - Initializing Graph API
2025-11-11 10:16:46,120 - excel.graph_api - INFO - Extracted file ID: 9e836ed5-f58f-4dc7-a969-3c62b255f3ea
2025-11-11 10:16:46,121 - excel.graph_api - INFO - Extracted site ID: CorpDevaaf94619130d4a79af9f3aeae502bdb5
2025-11-11 10:16:46,121 - root - INFO - Authenticating with Microsoft Graph API
2025-11-11 10:16:46,608 - excel.graph_api - INFO - Authentication successful
2025-11-11 10:16:46,608 - root - INFO - Updating Excel sheet with scraped data
2025-11-11 10:16:47,026 - excel.graph_api - INFO - Retrieved drive ID: b!MXUqfmBgAkyqAi_g7J1PO_6yKSWnHbZCs3mpe4EkYuX6d8izcdJxRb78S6OW5SIB
2025-11-11 10:16:48,512 - excel.graph_api - INFO - Retrieved 736 rows from Excel
2025-11-11 10:16:49,585 - excel.graph_api - INFO - Updating range A738:M740 with 3 new entries
2025-11-11 10:16:50,867 - excel.graph_api - INFO - Successfully added 3 new tournaments to Excel
2025-11-11 10:16:50,868 - root - INFO - Excel sheet updated successfully
2025-11-11 10:16:50,940 - scraper.selenium_scraper - INFO - Chrome driver closed
2025-11-11 10:16:50,940 - root - INFO - Selenium driver closed
2025-11-11 10:16:50,940 - root - INFO - Script execution completed
