2026-05-10 10:56:19,086 - root - INFO - Logger initialized successfully
2026-05-10 10:56:19,086 - root - INFO - Log file: /home/runner/work/super-player-auction-scraper/super-player-auction-scraper/logs/scraper_20260510_105619.log
2026-05-10 10:56:19,086 - root - INFO - Starting Super Player Auction scraper
2026-05-10 10:56:19,086 - utils.config - INFO - Credentials loaded from environment variables
2026-05-10 10:56:19,086 - utils.config - INFO - Settings loaded successfully
2026-05-10 10:56:19,086 - root - INFO - Initializing Selenium scraper
2026-05-10 10:56:19,086 - scraper.selenium_scraper - INFO - Running in GitHub Actions environment
2026-05-10 10:56:21,135 - selenium.webdriver.common.selenium_manager - WARNING - The chromedriver version (147.0.7727.56) detected in PATH at /usr/bin/chromedriver might not be compatible with the detected chrome version (147.0.7727.55); currently, chromedriver 147.0.7727.117 is recommended for chrome 147.*, so it is advised to delete the driver in PATH and retry
2026-05-10 10:56:27,973 - scraper.selenium_scraper - INFO - Chrome driver initialized successfully
2026-05-10 10:56:27,973 - root - INFO - Scraping tournament data
2026-05-10 10:56:27,973 - scraper.selenium_scraper - INFO - Starting to scrape tournament data
2026-05-10 10:56:29,128 - scraper.selenium_scraper - INFO - Waiting for page to load...
2026-05-10 10:56:34,133 - scraper.selenium_scraper - INFO - Scrolling to load all auction cards...
2026-05-10 10:56:46,266 - scraper.selenium_scraper - INFO - Saved page screenshot to /home/runner/work/super-player-auction-scraper/super-player-auction-scraper/logs/screenshots/page_loaded_20260510105646.png
2026-05-10 10:56:46,266 - scraper.selenium_scraper - INFO - Looking for auction cards...
2026-05-10 10:56:46,291 - scraper.selenium_scraper - INFO - Found 20 auction cards
2026-05-10 10:56:47,031 - scraper.selenium_scraper - INFO - Scraped tournament 1: Patidar Swajan Premiere League Season 3 (Women's)
2026-05-10 10:56:47,745 - scraper.selenium_scraper - INFO - Scraped tournament 2: Patidar Swajan Premiere League Season 3 (Men's)
2026-05-10 10:56:48,427 - scraper.selenium_scraper - INFO - Scraped tournament 3: SPL 3
2026-05-10 10:56:49,110 - scraper.selenium_scraper - INFO - Scraped tournament 4: SCL MANALI
2026-05-10 10:56:49,790 - scraper.selenium_scraper - INFO - Scraped tournament 5: Hariprabodham Cricket League Season 4.0
2026-05-10 10:56:50,474 - scraper.selenium_scraper - INFO - Scraped tournament 6: SUPER FOOTBALL CHAMPIONSHIP
2026-05-10 10:56:51,161 - scraper.selenium_scraper - INFO - Scraped tournament 7: REPUBLIC CUP 2.0
2026-05-10 10:56:51,841 - scraper.selenium_scraper - INFO - Scraped tournament 8: Auction Demo Jodi
2026-05-10 10:56:52,524 - scraper.selenium_scraper - INFO - Scraped tournament 9: Super Cricket League
2026-05-10 10:56:53,203 - scraper.selenium_scraper - INFO - Scraped tournament 10: SIKAR PREMIER LEAGUE 2025
2026-05-10 10:56:53,891 - scraper.selenium_scraper - INFO - Scraped tournament 11: BJP
2026-05-10 10:56:54,570 - scraper.selenium_scraper - INFO - Scraped tournament 12: SUPER LEAGUE GROUP
2026-05-10 10:56:55,250 - scraper.selenium_scraper - INFO - Scraped tournament 13: SUPER CRICKET LEAGUE
2026-05-10 10:56:55,930 - scraper.selenium_scraper - INFO - Scraped tournament 14: KORADI MAHADHULA PREMIER LEAGUE
2026-05-10 10:56:56,610 - scraper.selenium_scraper - INFO - Scraped tournament 15: BIRBAL DHABAS MEMORIAL LEAGUE
2026-05-10 10:56:57,294 - scraper.selenium_scraper - INFO - Scraped tournament 16: Barshi Premier League 2026
2026-05-10 10:56:57,974 - scraper.selenium_scraper - INFO - Scraped tournament 17: Himachal Tennis Cricket League T10
2026-05-10 10:56:58,654 - scraper.selenium_scraper - INFO - Scraped tournament 18: JITO PICKLE BALL TOURNAMENT 2026
2026-05-10 10:56:59,342 - scraper.selenium_scraper - INFO - Scraped tournament 19: SATARA DISTRICT PREMIER LEAGUE
2026-05-10 10:57:00,022 - scraper.selenium_scraper - INFO - Scraped tournament 20: Komi Ekta Box CRICKET Tournament
2026-05-10 10:57:00,023 - root - INFO - Successfully scraped 20 tournaments
2026-05-10 10:57:00,023 - root - INFO - Saved scraped data to /home/runner/work/super-player-auction-scraper/super-player-auction-scraper/data/tournament_data_20260510-105700.json
2026-05-10 10:57:00,023 - root - INFO - Initializing Graph API
2026-05-10 10:57:00,023 - excel.graph_api - INFO - Extracted file ID: 9e836ed5-f58f-4dc7-a969-3c62b255f3ea
2026-05-10 10:57:00,024 - excel.graph_api - INFO - Extracted site ID: CorpDevaaf94619130d4a79af9f3aeae502bdb5
2026-05-10 10:57:00,024 - root - INFO - Authenticating with Microsoft Graph API
2026-05-10 10:57:00,357 - excel.graph_api - INFO - Authentication successful
2026-05-10 10:57:00,357 - root - INFO - Updating Excel sheet with scraped data
2026-05-10 10:57:00,971 - excel.graph_api - INFO - Retrieved drive ID: b!MXUqfmBgAkyqAi_g7J1PO_6yKSWnHbZCs3mpe4EkYuX6d8izcdJxRb78S6OW5SIB
2026-05-10 10:57:03,415 - excel.graph_api - INFO - Retrieved 1581 rows from Excel
2026-05-10 10:57:04,581 - excel.graph_api - INFO - Updating range A1583:Y1587 with 5 new entries
2026-05-10 10:57:06,498 - excel.graph_api - INFO - Successfully added 5 new tournaments to Excel
2026-05-10 10:57:06,499 - root - INFO - Excel sheet updated successfully
2026-05-10 10:57:06,574 - scraper.selenium_scraper - INFO - Chrome driver closed
2026-05-10 10:57:06,574 - root - INFO - Selenium driver closed
2026-05-10 10:57:06,575 - root - INFO - Script execution completed
