2025-07-23 10:16:01,649 - root - INFO - Logger initialized successfully
2025-07-23 10:16:01,649 - root - INFO - Log file: /home/runner/work/super-player-auction-scraper/super-player-auction-scraper/logs/scraper_20250723_101601.log
2025-07-23 10:16:01,649 - root - INFO - Starting Super Player Auction scraper
2025-07-23 10:16:01,649 - utils.config - INFO - Credentials loaded from environment variables
2025-07-23 10:16:01,649 - utils.config - INFO - Settings loaded successfully
2025-07-23 10:16:01,649 - root - INFO - Initializing Selenium scraper
2025-07-23 10:16:01,650 - scraper.selenium_scraper - INFO - Running in GitHub Actions environment
2025-07-23 10:16:03,620 - selenium.webdriver.common.selenium_manager - WARNING - The chromedriver version (138.0.7204.157) detected in PATH at /usr/bin/chromedriver might not be compatible with the detected chrome version (138.0.7204.157); currently, chromedriver 138.0.7204.168 is recommended for chrome 138.*, so it is advised to delete the driver in PATH and retry
2025-07-23 10:16:20,537 - scraper.selenium_scraper - INFO - Chrome driver initialized successfully
2025-07-23 10:16:20,538 - root - INFO - Scraping tournament data
2025-07-23 10:16:20,538 - scraper.selenium_scraper - INFO - Starting to scrape tournament data
2025-07-23 10:16:23,637 - scraper.selenium_scraper - INFO - Waiting for page to load...
2025-07-23 10:16:28,643 - scraper.selenium_scraper - INFO - Scrolling to load all auction cards...
2025-07-23 10:16:40,884 - scraper.selenium_scraper - INFO - Saved page screenshot to /home/runner/work/super-player-auction-scraper/super-player-auction-scraper/logs/screenshots/page_loaded_20250723101640.png
2025-07-23 10:16:40,884 - scraper.selenium_scraper - INFO - Looking for auction cards...
2025-07-23 10:16:40,954 - scraper.selenium_scraper - INFO - Found 20 auction cards
2025-07-23 10:16:41,672 - scraper.selenium_scraper - INFO - Scraped tournament 1: CMA ALUMNI CRICKET LEAGUE-4
2025-07-23 10:16:42,367 - scraper.selenium_scraper - INFO - Scraped tournament 2: TOLIYASAR PREMIER LEAGUE (TPL) SEASON 2
2025-07-23 10:16:43,203 - scraper.selenium_scraper - INFO - Scraped tournament 3: FLICK BADMINTON LEAGUE JUNIORS -5
2025-07-23 10:16:43,893 - scraper.selenium_scraper - INFO - Scraped tournament 4: ArjunDMUP
2025-07-23 10:16:44,583 - scraper.selenium_scraper - INFO - Scraped tournament 5: OSAIMI INTERNAL CRICKET TOURNAMENT
2025-07-23 10:16:45,279 - scraper.selenium_scraper - INFO - Scraped tournament 6: NPL Series 2
2025-07-23 10:16:45,972 - scraper.selenium_scraper - INFO - Scraped tournament 7: BPL SEASON 3
2025-07-23 10:16:46,662 - scraper.selenium_scraper - INFO - Scraped tournament 8: Canvas Warriors Cricket Carnival (CWCC),Season 1,2025
2025-07-23 10:16:47,356 - scraper.selenium_scraper - INFO - Scraped tournament 9: IRC Premier League 2025
2025-07-23 10:16:48,048 - scraper.selenium_scraper - INFO - Scraped tournament 10: T-10 BTI SILVER LEAGUE SEASON-1
2025-07-23 10:16:48,764 - scraper.selenium_scraper - INFO - Scraped tournament 11: GRAMIN PREMIER LEAGUE SEASON 3
2025-07-23 10:16:49,457 - scraper.selenium_scraper - INFO - Scraped tournament 12: MARK10 FREEDOM CUP 2.0
2025-07-23 10:16:50,148 - scraper.selenium_scraper - INFO - Scraped tournament 13: Jain Premier League 3
2025-07-23 10:16:50,846 - scraper.selenium_scraper - INFO - Scraped tournament 14: KANNUR CHAMPIONS LEAGUE QATAR EDITION
2025-07-23 10:16:51,625 - scraper.selenium_scraper - INFO - Scraped tournament 15: RPL
2025-07-23 10:16:52,315 - scraper.selenium_scraper - INFO - Scraped tournament 16: Karnataka Rajatha Cup 2025
2025-07-23 10:16:53,012 - scraper.selenium_scraper - INFO - Scraped tournament 17: SANDALWOOD PREMIER LEAGUE
2025-07-23 10:16:53,700 - scraper.selenium_scraper - INFO - Scraped tournament 18: Aanjana premier League Sardarpura (Rana)
2025-07-23 10:16:54,394 - scraper.selenium_scraper - INFO - Scraped tournament 19: Petlurivaripalm Premier League Season -1
2025-07-23 10:16:55,083 - scraper.selenium_scraper - INFO - Scraped tournament 20: Dholi Samaj Premiere League Sisseion-2
2025-07-23 10:16:55,083 - root - INFO - Successfully scraped 20 tournaments
2025-07-23 10:16:55,084 - root - INFO - Saved scraped data to /home/runner/work/super-player-auction-scraper/super-player-auction-scraper/data/tournament_data_20250723-101655.json
2025-07-23 10:16:55,084 - root - INFO - Initializing Graph API
2025-07-23 10:16:55,085 - excel.graph_api - INFO - Extracted file ID: 9e836ed5-f58f-4dc7-a969-3c62b255f3ea
2025-07-23 10:16:55,085 - excel.graph_api - INFO - Extracted site ID: CorpDevaaf94619130d4a79af9f3aeae502bdb5
2025-07-23 10:16:55,085 - root - INFO - Authenticating with Microsoft Graph API
2025-07-23 10:16:55,657 - excel.graph_api - INFO - Authentication successful
2025-07-23 10:16:55,657 - root - INFO - Updating Excel sheet with scraped data
2025-07-23 10:16:56,154 - excel.graph_api - INFO - Retrieved drive ID: b!MXUqfmBgAkyqAi_g7J1PO_6yKSWnHbZCs3mpe4EkYuX6d8izcdJxRb78S6OW5SIB
2025-07-23 10:16:57,544 - excel.graph_api - INFO - Retrieved 323 rows from Excel
2025-07-23 10:16:58,520 - excel.graph_api - INFO - Updating range A325:M326 with 2 new entries
2025-07-23 10:16:59,950 - excel.graph_api - INFO - Successfully added 2 new tournaments to Excel
2025-07-23 10:16:59,951 - root - INFO - Excel sheet updated successfully
2025-07-23 10:17:00,022 - scraper.selenium_scraper - INFO - Chrome driver closed
2025-07-23 10:17:00,022 - root - INFO - Selenium driver closed
2025-07-23 10:17:00,022 - root - INFO - Script execution completed
