2026-01-19 15:19:10,877 - root - INFO - Logger initialized successfully
2026-01-19 15:19:10,877 - root - INFO - Log file: /home/runner/work/super-player-auction-scraper/super-player-auction-scraper/logs/scraper_20260119_151910.log
2026-01-19 15:19:10,877 - root - INFO - Starting Super Player Auction scraper
2026-01-19 15:19:10,877 - utils.config - INFO - Credentials loaded from environment variables
2026-01-19 15:19:10,877 - utils.config - INFO - Settings loaded successfully
2026-01-19 15:19:10,878 - root - INFO - Initializing Selenium scraper
2026-01-19 15:19:10,878 - scraper.selenium_scraper - INFO - Running in GitHub Actions environment
2026-01-19 15:19:20,811 - scraper.selenium_scraper - INFO - Chrome driver initialized successfully
2026-01-19 15:19:20,811 - root - INFO - Scraping tournament data
2026-01-19 15:19:20,811 - scraper.selenium_scraper - INFO - Starting to scrape tournament data
2026-01-19 15:19:21,661 - scraper.selenium_scraper - INFO - Waiting for page to load...
2026-01-19 15:19:26,667 - scraper.selenium_scraper - INFO - Scrolling to load all auction cards...
2026-01-19 15:19:38,796 - scraper.selenium_scraper - INFO - Saved page screenshot to /home/runner/work/super-player-auction-scraper/super-player-auction-scraper/logs/screenshots/page_loaded_20260119151938.png
2026-01-19 15:19:38,796 - scraper.selenium_scraper - INFO - Looking for auction cards...
2026-01-19 15:19:38,821 - scraper.selenium_scraper - INFO - Found 20 auction cards
2026-01-19 15:19:39,552 - scraper.selenium_scraper - INFO - Scraped tournament 1: ABPL - Season 5 | 2026 | Auction
2026-01-19 15:19:40,296 - scraper.selenium_scraper - INFO - Scraped tournament 2: SUBIC SRILANKAN PREMIER LEAGUE - SEASON 4 - 2026
2026-01-19 15:19:41,007 - scraper.selenium_scraper - INFO - Scraped tournament 3: MCPL 2026
2026-01-19 15:19:41,711 - scraper.selenium_scraper - INFO - Scraped tournament 4: SIKAR PREMIER LEAGUE 2025
2026-01-19 15:19:42,419 - scraper.selenium_scraper - INFO - Scraped tournament 5: SUPER FOOTBALL CHAMPIONSHIP
2026-01-19 15:19:43,129 - scraper.selenium_scraper - INFO - Scraped tournament 6: MALI PREMIER LEAGUE - 15
2026-01-19 15:19:43,833 - scraper.selenium_scraper - INFO - Scraped tournament 7: Sobha Premier League - 2026
2026-01-19 15:19:44,534 - scraper.selenium_scraper - INFO - Scraped tournament 8: Calicut Premier League
2026-01-19 15:19:45,243 - scraper.selenium_scraper - INFO - Scraped tournament 9: Simga Tennis Cricket League
2026-01-19 15:19:45,945 - scraper.selenium_scraper - INFO - Scraped tournament 10: Sanguem Premier League - Season 8
2026-01-19 15:19:46,644 - scraper.selenium_scraper - INFO - Scraped tournament 11: Friends Cup
2026-01-19 15:19:47,352 - scraper.selenium_scraper - INFO - Scraped tournament 12: Karneshwar premiere leauge (KPL- 3) karnawad
2026-01-19 15:19:48,056 - scraper.selenium_scraper - INFO - Scraped tournament 13: SPL SEASON 3
2026-01-19 15:19:48,757 - scraper.selenium_scraper - INFO - Scraped tournament 14: मेघवाल समाज आक्शन प्रीमियर लीग खिवाड़ा
2026-01-19 15:19:49,463 - scraper.selenium_scraper - INFO - Scraped tournament 15: KNPL
2026-01-19 15:19:50,167 - scraper.selenium_scraper - INFO - Scraped tournament 16: SHREE JASNATH JI CRICKET CUP-06
2026-01-19 15:19:50,877 - scraper.selenium_scraper - INFO - Scraped tournament 17: Zoroastrian Volleyball Premier League
2026-01-19 15:19:51,582 - scraper.selenium_scraper - INFO - Scraped tournament 18: Shabab Premier League S2
2026-01-19 15:19:52,285 - scraper.selenium_scraper - INFO - Scraped tournament 19: JAIN MORNING CRICKET CUP
2026-01-19 15:19:52,998 - scraper.selenium_scraper - INFO - Scraped tournament 20: NOIDA PREMIER LEAGUE
2026-01-19 15:19:52,998 - root - INFO - Successfully scraped 20 tournaments
2026-01-19 15:19:52,998 - root - INFO - Saved scraped data to /home/runner/work/super-player-auction-scraper/super-player-auction-scraper/data/tournament_data_20260119-151952.json
2026-01-19 15:19:52,999 - root - INFO - Initializing Graph API
2026-01-19 15:19:52,999 - excel.graph_api - INFO - Extracted file ID: 9e836ed5-f58f-4dc7-a969-3c62b255f3ea
2026-01-19 15:19:52,999 - excel.graph_api - INFO - Extracted site ID: CorpDevaaf94619130d4a79af9f3aeae502bdb5
2026-01-19 15:19:52,999 - root - INFO - Authenticating with Microsoft Graph API
2026-01-19 15:19:53,177 - excel.graph_api - INFO - Authentication successful
2026-01-19 15:19:53,177 - root - INFO - Updating Excel sheet with scraped data
2026-01-19 15:19:53,442 - excel.graph_api - INFO - Retrieved drive ID: b!MXUqfmBgAkyqAi_g7J1PO_6yKSWnHbZCs3mpe4EkYuX6d8izcdJxRb78S6OW5SIB
2026-01-19 15:19:55,266 - excel.graph_api - INFO - Retrieved 1104 rows from Excel
2026-01-19 15:19:56,710 - excel.graph_api - INFO - Updating range A1106:M1106 with 1 new entries
2026-01-19 15:19:57,952 - excel.graph_api - INFO - Successfully added 1 new tournaments to Excel
2026-01-19 15:19:57,953 - root - INFO - Excel sheet updated successfully
2026-01-19 15:19:58,024 - scraper.selenium_scraper - INFO - Chrome driver closed
2026-01-19 15:19:58,024 - root - INFO - Selenium driver closed
2026-01-19 15:19:58,024 - root - INFO - Script execution completed
