2026-04-11 15:26:08,287 - root - INFO - Logger initialized successfully
2026-04-11 15:26:08,287 - root - INFO - Log file: /home/runner/work/super-player-auction-scraper/super-player-auction-scraper/logs/scraper_20260411_152608.log
2026-04-11 15:26:08,287 - root - INFO - Starting Super Player Auction scraper
2026-04-11 15:26:08,287 - utils.config - INFO - Credentials loaded from environment variables
2026-04-11 15:26:08,287 - utils.config - INFO - Settings loaded successfully
2026-04-11 15:26:08,287 - root - INFO - Initializing Selenium scraper
2026-04-11 15:26:08,288 - scraper.selenium_scraper - INFO - Running in GitHub Actions environment
2026-04-11 15:26:16,471 - scraper.selenium_scraper - INFO - Chrome driver initialized successfully
2026-04-11 15:26:16,471 - root - INFO - Scraping tournament data
2026-04-11 15:26:16,472 - scraper.selenium_scraper - INFO - Starting to scrape tournament data
2026-04-11 15:26:17,437 - scraper.selenium_scraper - INFO - Waiting for page to load...
2026-04-11 15:26:22,442 - scraper.selenium_scraper - INFO - Scrolling to load all auction cards...
2026-04-11 15:26:34,577 - scraper.selenium_scraper - INFO - Saved page screenshot to /home/runner/work/super-player-auction-scraper/super-player-auction-scraper/logs/screenshots/page_loaded_20260411152634.png
2026-04-11 15:26:34,577 - scraper.selenium_scraper - INFO - Looking for auction cards...
2026-04-11 15:26:34,599 - scraper.selenium_scraper - INFO - Found 20 auction cards
2026-04-11 15:26:35,318 - scraper.selenium_scraper - INFO - Scraped tournament 1: Super Cricket League
2026-04-11 15:26:36,031 - scraper.selenium_scraper - INFO - Scraped tournament 2: DPL Season-1
2026-04-11 15:26:36,729 - scraper.selenium_scraper - INFO - Scraped tournament 3: Malayalam Community Cricket League -2026
2026-04-11 15:26:37,416 - scraper.selenium_scraper - INFO - Scraped tournament 4: RAAJPLY PATIDAR CRICKET LEAGUE 2026
2026-04-11 15:26:38,099 - scraper.selenium_scraper - INFO - Scraped tournament 5: PHOENIXX CHAMPIONS LEAGUE
2026-04-11 15:26:38,785 - scraper.selenium_scraper - INFO - Scraped tournament 6: Jain Morning Cricket Cup Season 2
2026-04-11 15:26:39,471 - scraper.selenium_scraper - INFO - Scraped tournament 7: MGPL CRICKET TOURNAMENT
2026-04-11 15:26:40,177 - scraper.selenium_scraper - INFO - Scraped tournament 8: Nashik Women's Premier League
2026-04-11 15:26:40,869 - scraper.selenium_scraper - INFO - Scraped tournament 9: AHILYANAGAR PREMIER LEAGUE U/16 (season 2)
2026-04-11 15:26:41,551 - scraper.selenium_scraper - INFO - Scraped tournament 10: WOMENS AHILYANAGAR PREMIER LEAGUE
2026-04-11 15:26:42,235 - scraper.selenium_scraper - INFO - Scraped tournament 11: CAPL - Season 2
2026-04-11 15:26:42,918 - scraper.selenium_scraper - INFO - Scraped tournament 12: Vagad Football League 2026
2026-04-11 15:26:43,602 - scraper.selenium_scraper - INFO - Scraped tournament 13: SmashIT v8, 2026
2026-04-11 15:26:44,294 - scraper.selenium_scraper - INFO - Scraped tournament 14: Chhattisgarh Cricket Champions League T20
2026-04-11 15:26:44,977 - scraper.selenium_scraper - INFO - Scraped tournament 15: ROHAT PREMIER LEAGUE
2026-04-11 15:26:45,664 - scraper.selenium_scraper - INFO - Scraped tournament 16: SUPER FOOTBALL CHAMPIONSHIP
2026-04-11 15:26:46,343 - scraper.selenium_scraper - INFO - Scraped tournament 17: Auction Demo Jodi
2026-04-11 15:26:47,027 - scraper.selenium_scraper - INFO - Scraped tournament 18: SIKAR PREMIER LEAGUE 2025
2026-04-11 15:26:47,717 - scraper.selenium_scraper - INFO - Scraped tournament 19: BJP
2026-04-11 15:26:48,407 - scraper.selenium_scraper - INFO - Scraped tournament 20: SUPER LEAGUE GROUP
2026-04-11 15:26:48,407 - root - INFO - Successfully scraped 20 tournaments
2026-04-11 15:26:48,408 - root - INFO - Saved scraped data to /home/runner/work/super-player-auction-scraper/super-player-auction-scraper/data/tournament_data_20260411-152648.json
2026-04-11 15:26:48,408 - root - INFO - Initializing Graph API
2026-04-11 15:26:48,408 - excel.graph_api - INFO - Extracted file ID: 9e836ed5-f58f-4dc7-a969-3c62b255f3ea
2026-04-11 15:26:48,408 - excel.graph_api - INFO - Extracted site ID: CorpDevaaf94619130d4a79af9f3aeae502bdb5
2026-04-11 15:26:48,408 - root - INFO - Authenticating with Microsoft Graph API
2026-04-11 15:26:48,726 - excel.graph_api - INFO - Authentication successful
2026-04-11 15:26:48,726 - root - INFO - Updating Excel sheet with scraped data
2026-04-11 15:26:49,065 - excel.graph_api - INFO - Retrieved drive ID: b!MXUqfmBgAkyqAi_g7J1PO_6yKSWnHbZCs3mpe4EkYuX6d8izcdJxRb78S6OW5SIB
2026-04-11 15:26:52,903 - excel.graph_api - INFO - Retrieved 1465 rows from Excel
2026-04-11 15:26:56,232 - excel.graph_api - INFO - Updating range A1467:P1467 with 1 new entries
2026-04-11 15:27:00,626 - excel.graph_api - INFO - Successfully added 1 new tournaments to Excel
2026-04-11 15:27:00,628 - root - INFO - Excel sheet updated successfully
2026-04-11 15:27:00,703 - scraper.selenium_scraper - INFO - Chrome driver closed
2026-04-11 15:27:00,704 - root - INFO - Selenium driver closed
2026-04-11 15:27:00,704 - root - INFO - Script execution completed
