2025-10-08 15:13:56,916 - root - INFO - Logger initialized successfully
2025-10-08 15:13:56,916 - root - INFO - Log file: /home/runner/work/super-player-auction-scraper/super-player-auction-scraper/logs/scraper_20251008_151356.log
2025-10-08 15:13:56,917 - root - INFO - Starting Super Player Auction scraper
2025-10-08 15:13:56,917 - utils.config - INFO - Credentials loaded from environment variables
2025-10-08 15:13:56,917 - utils.config - INFO - Settings loaded successfully
2025-10-08 15:13:56,917 - root - INFO - Initializing Selenium scraper
2025-10-08 15:13:56,917 - scraper.selenium_scraper - INFO - Running in GitHub Actions environment
2025-10-08 15:14:08,056 - scraper.selenium_scraper - INFO - Chrome driver initialized successfully
2025-10-08 15:14:08,056 - root - INFO - Scraping tournament data
2025-10-08 15:14:08,056 - scraper.selenium_scraper - INFO - Starting to scrape tournament data
2025-10-08 15:14:09,117 - scraper.selenium_scraper - INFO - Waiting for page to load...
2025-10-08 15:14:14,118 - scraper.selenium_scraper - INFO - Scrolling to load all auction cards...
2025-10-08 15:14:26,227 - scraper.selenium_scraper - INFO - Saved page screenshot to /home/runner/work/super-player-auction-scraper/super-player-auction-scraper/logs/screenshots/page_loaded_20251008151426.png
2025-10-08 15:14:26,227 - scraper.selenium_scraper - INFO - Looking for auction cards...
2025-10-08 15:14:26,263 - scraper.selenium_scraper - INFO - Found 20 auction cards
2025-10-08 15:14:27,006 - scraper.selenium_scraper - INFO - Scraped tournament 1: TENNIS PREMIER LEAGUE
2025-10-08 15:14:27,795 - scraper.selenium_scraper - INFO - Scraped tournament 2: HALBITOLA PREMIER LEAGUE-3
2025-10-08 15:14:28,504 - scraper.selenium_scraper - INFO - Scraped tournament 3: Active Tennis League 6.0
2025-10-08 15:14:29,208 - scraper.selenium_scraper - INFO - Scraped tournament 4: United Premier League (Father's)
2025-10-08 15:14:29,901 - scraper.selenium_scraper - INFO - Scraped tournament 5: FRIENDS CRICKET PREMIER LEAGUE SEASON-3
2025-10-08 15:14:30,592 - scraper.selenium_scraper - INFO - Scraped tournament 6: United Premier League Womens
2025-10-08 15:14:31,282 - scraper.selenium_scraper - INFO - Scraped tournament 7: ANCHOR PREMIER LEAGUE - MALE
2025-10-08 15:14:31,966 - scraper.selenium_scraper - INFO - Scraped tournament 8: ANCHOR PREMIER LEAGUE - FEMALE
2025-10-08 15:14:32,654 - scraper.selenium_scraper - INFO - Scraped tournament 9: Pond Premier League - Whispering Palms Season 1
2025-10-08 15:14:33,343 - scraper.selenium_scraper - INFO - Scraped tournament 10: FCCL SEASON 5 MALE
2025-10-08 15:14:34,032 - scraper.selenium_scraper - INFO - Scraped tournament 11: SmashIT v7 2025
2025-10-08 15:14:34,737 - scraper.selenium_scraper - INFO - Scraped tournament 12: KASRODIANS PREMIER LEAGUE SEASON -5
2025-10-08 15:14:35,433 - scraper.selenium_scraper - INFO - Scraped tournament 13: Dambab Premier League 2025
2025-10-08 15:14:36,138 - scraper.selenium_scraper - INFO - Scraped tournament 14: DDS PREMIER LEAGUE SEASON 3
2025-10-08 15:14:36,839 - scraper.selenium_scraper - INFO - Scraped tournament 15: RAJASTHAN CUP SEASON 2
2025-10-08 15:14:37,544 - scraper.selenium_scraper - INFO - Scraped tournament 16: ARAR Cup - 2025
2025-10-08 15:14:38,242 - scraper.selenium_scraper - INFO - Scraped tournament 17: Ador Premier League Season 6
2025-10-08 15:14:38,945 - scraper.selenium_scraper - INFO - Scraped tournament 18: VPL 2.0
2025-10-08 15:14:39,640 - scraper.selenium_scraper - INFO - Scraped tournament 19: PUSHKARNA PREMIER LEAGUE
2025-10-08 15:14:40,336 - scraper.selenium_scraper - INFO - Scraped tournament 20: MUMBAI ADVOCATES PREMIER LEAGUE
2025-10-08 15:14:40,336 - root - INFO - Successfully scraped 20 tournaments
2025-10-08 15:14:40,337 - root - INFO - Saved scraped data to /home/runner/work/super-player-auction-scraper/super-player-auction-scraper/data/tournament_data_20251008-151440.json
2025-10-08 15:14:40,337 - root - INFO - Initializing Graph API
2025-10-08 15:14:40,337 - excel.graph_api - INFO - Extracted file ID: 9e836ed5-f58f-4dc7-a969-3c62b255f3ea
2025-10-08 15:14:40,337 - excel.graph_api - INFO - Extracted site ID: CorpDevaaf94619130d4a79af9f3aeae502bdb5
2025-10-08 15:14:40,338 - root - INFO - Authenticating with Microsoft Graph API
2025-10-08 15:14:40,854 - excel.graph_api - INFO - Authentication successful
2025-10-08 15:14:40,854 - root - INFO - Updating Excel sheet with scraped data
2025-10-08 15:14:41,664 - excel.graph_api - INFO - Retrieved drive ID: b!MXUqfmBgAkyqAi_g7J1PO_6yKSWnHbZCs3mpe4EkYuX6d8izcdJxRb78S6OW5SIB
2025-10-08 15:14:43,354 - excel.graph_api - INFO - Retrieved 601 rows from Excel
2025-10-08 15:14:44,368 - excel.graph_api - INFO - Updating range A603:M603 with 1 new entries
2025-10-08 15:14:45,951 - excel.graph_api - INFO - Successfully added 1 new tournaments to Excel
2025-10-08 15:14:45,953 - root - INFO - Excel sheet updated successfully
2025-10-08 15:14:46,021 - scraper.selenium_scraper - INFO - Chrome driver closed
2025-10-08 15:14:46,021 - root - INFO - Selenium driver closed
2025-10-08 15:14:46,021 - root - INFO - Script execution completed
