2026-04-20 16:02:11,504 - root - INFO - Logger initialized successfully
2026-04-20 16:02:11,504 - root - INFO - Log file: /home/runner/work/super-player-auction-scraper/super-player-auction-scraper/logs/scraper_20260420_160211.log
2026-04-20 16:02:11,504 - root - INFO - Starting Super Player Auction scraper
2026-04-20 16:02:11,504 - utils.config - INFO - Credentials loaded from environment variables
2026-04-20 16:02:11,504 - utils.config - INFO - Settings loaded successfully
2026-04-20 16:02:11,504 - root - INFO - Initializing Selenium scraper
2026-04-20 16:02:11,505 - scraper.selenium_scraper - INFO - Running in GitHub Actions environment
2026-04-20 16:02:12,880 - selenium.webdriver.common.selenium_manager - WARNING - The chromedriver version (147.0.7727.56) detected in PATH at /usr/bin/chromedriver might not be compatible with the detected chrome version (147.0.7727.55); currently, chromedriver 147.0.7727.57 is recommended for chrome 147.*, so it is advised to delete the driver in PATH and retry
2026-04-20 16:02:18,462 - scraper.selenium_scraper - INFO - Chrome driver initialized successfully
2026-04-20 16:02:18,462 - root - INFO - Scraping tournament data
2026-04-20 16:02:18,462 - scraper.selenium_scraper - INFO - Starting to scrape tournament data
2026-04-20 16:02:19,476 - scraper.selenium_scraper - INFO - Waiting for page to load...
2026-04-20 16:02:24,482 - scraper.selenium_scraper - INFO - Scrolling to load all auction cards...
2026-04-20 16:02:36,806 - scraper.selenium_scraper - INFO - Saved page screenshot to /home/runner/work/super-player-auction-scraper/super-player-auction-scraper/logs/screenshots/page_loaded_20260420160236.png
2026-04-20 16:02:36,806 - scraper.selenium_scraper - INFO - Looking for auction cards...
2026-04-20 16:02:36,828 - scraper.selenium_scraper - INFO - Found 20 auction cards
2026-04-20 16:02:37,555 - scraper.selenium_scraper - INFO - Scraped tournament 1: Karan & Takeshwar Premier League
2026-04-20 16:02:38,297 - scraper.selenium_scraper - INFO - Scraped tournament 2: Bavajipeta Kabaddi League
2026-04-20 16:02:38,987 - scraper.selenium_scraper - INFO - Scraped tournament 3: MGPL CRICKET TOURNAMENT
2026-04-20 16:02:39,681 - scraper.selenium_scraper - INFO - Scraped tournament 4: Polo Premier League 2026 [ABOVE 40]
2026-04-20 16:02:40,376 - scraper.selenium_scraper - INFO - Scraped tournament 5: Polo Premier League 2026 [17 - 40]
2026-04-20 16:02:41,070 - scraper.selenium_scraper - INFO - Scraped tournament 6: CCPL - 2026
2026-04-20 16:02:41,768 - scraper.selenium_scraper - INFO - Scraped tournament 7: Raghuvanshi Premier League - MEN
2026-04-20 16:02:42,462 - scraper.selenium_scraper - INFO - Scraped tournament 8: Raghuvanshi Premier League - WOMEN
2026-04-20 16:02:43,164 - scraper.selenium_scraper - INFO - Scraped tournament 9: AJMER PREMIER LEAGUE
2026-04-20 16:02:43,857 - scraper.selenium_scraper - INFO - Scraped tournament 10: KABIR DHARAMDAS VANSHAVALI PREMIER LEAGUE
2026-04-20 16:02:44,551 - scraper.selenium_scraper - INFO - Scraped tournament 11: SmashIT v8, 2026
2026-04-20 16:02:45,248 - scraper.selenium_scraper - INFO - Scraped tournament 12: Chhattisgarh Cricket Champions League T20
2026-04-20 16:02:45,941 - scraper.selenium_scraper - INFO - Scraped tournament 13: ROHAT PREMIER LEAGUE
2026-04-20 16:02:46,636 - scraper.selenium_scraper - INFO - Scraped tournament 14: SUPER FOOTBALL CHAMPIONSHIP
2026-04-20 16:02:47,324 - scraper.selenium_scraper - INFO - Scraped tournament 15: Auction Demo Jodi
2026-04-20 16:02:48,034 - scraper.selenium_scraper - INFO - Scraped tournament 16: Super Cricket League
2026-04-20 16:02:48,721 - scraper.selenium_scraper - INFO - Scraped tournament 17: SIKAR PREMIER LEAGUE 2025
2026-04-20 16:02:49,407 - scraper.selenium_scraper - INFO - Scraped tournament 18: BJP
2026-04-20 16:02:50,112 - scraper.selenium_scraper - INFO - Scraped tournament 19: SUPER LEAGUE GROUP
2026-04-20 16:02:50,804 - scraper.selenium_scraper - INFO - Scraped tournament 20: SUPER CRICKET LEAGUE
2026-04-20 16:02:50,805 - root - INFO - Successfully scraped 20 tournaments
2026-04-20 16:02:50,805 - root - INFO - Saved scraped data to /home/runner/work/super-player-auction-scraper/super-player-auction-scraper/data/tournament_data_20260420-160250.json
2026-04-20 16:02:50,805 - root - INFO - Initializing Graph API
2026-04-20 16:02:50,806 - excel.graph_api - INFO - Extracted file ID: 9e836ed5-f58f-4dc7-a969-3c62b255f3ea
2026-04-20 16:02:50,806 - excel.graph_api - INFO - Extracted site ID: CorpDevaaf94619130d4a79af9f3aeae502bdb5
2026-04-20 16:02:50,806 - root - INFO - Authenticating with Microsoft Graph API
2026-04-20 16:02:51,168 - excel.graph_api - INFO - Authentication successful
2026-04-20 16:02:51,169 - root - INFO - Updating Excel sheet with scraped data
2026-04-20 16:02:51,790 - excel.graph_api - INFO - Retrieved drive ID: b!MXUqfmBgAkyqAi_g7J1PO_6yKSWnHbZCs3mpe4EkYuX6d8izcdJxRb78S6OW5SIB
2026-04-20 16:02:53,353 - excel.graph_api - INFO - Retrieved 1498 rows from Excel
2026-04-20 16:02:54,685 - excel.graph_api - INFO - Updating range A1500:Y1502 with 3 new entries
2026-04-20 16:02:56,593 - excel.graph_api - INFO - Successfully added 3 new tournaments to Excel
2026-04-20 16:02:56,595 - root - INFO - Excel sheet updated successfully
2026-04-20 16:02:56,673 - scraper.selenium_scraper - INFO - Chrome driver closed
2026-04-20 16:02:56,673 - root - INFO - Selenium driver closed
2026-04-20 16:02:56,673 - root - INFO - Script execution completed
