2026-05-17 15:52:01,618 - root - INFO - Logger initialized successfully
2026-05-17 15:52:01,618 - root - INFO - Log file: /home/runner/work/super-player-auction-scraper/super-player-auction-scraper/logs/scraper_20260517_155201.log
2026-05-17 15:52:01,618 - root - INFO - Starting Super Player Auction scraper
2026-05-17 15:52:01,618 - utils.config - INFO - Credentials loaded from environment variables
2026-05-17 15:52:01,618 - utils.config - INFO - Settings loaded successfully
2026-05-17 15:52:01,618 - root - INFO - Initializing Selenium scraper
2026-05-17 15:52:01,618 - scraper.selenium_scraper - INFO - Running in GitHub Actions environment
2026-05-17 15:52:11,550 - scraper.selenium_scraper - INFO - Chrome driver initialized successfully
2026-05-17 15:52:11,550 - root - INFO - Scraping tournament data
2026-05-17 15:52:11,550 - scraper.selenium_scraper - INFO - Starting to scrape tournament data
2026-05-17 15:52:12,841 - scraper.selenium_scraper - INFO - Waiting for page to load...
2026-05-17 15:52:17,846 - scraper.selenium_scraper - INFO - Scrolling to load all auction cards...
2026-05-17 15:52:29,993 - scraper.selenium_scraper - INFO - Saved page screenshot to /home/runner/work/super-player-auction-scraper/super-player-auction-scraper/logs/screenshots/page_loaded_20260517155229.png
2026-05-17 15:52:29,993 - scraper.selenium_scraper - INFO - Looking for auction cards...
2026-05-17 15:52:30,055 - scraper.selenium_scraper - INFO - Found 20 auction cards
2026-05-17 15:52:30,788 - scraper.selenium_scraper - INFO - Scraped tournament 1: PKSD RPL- ROHRU KA APNA IPL
2026-05-17 15:52:31,483 - scraper.selenium_scraper - INFO - Scraped tournament 2: Inside Edge Premier League Season -1
2026-05-17 15:52:32,235 - scraper.selenium_scraper - INFO - Scraped tournament 3: Tekari Premier League
2026-05-17 15:52:32,923 - scraper.selenium_scraper - INFO - Scraped tournament 4: Nexion Pickleball Premier League
2026-05-17 15:52:33,612 - scraper.selenium_scraper - INFO - Scraped tournament 5: Hariprabodham Cricket League Season 4.0
2026-05-17 15:52:34,304 - scraper.selenium_scraper - INFO - Scraped tournament 6: DPL 6
2026-05-17 15:52:34,993 - scraper.selenium_scraper - INFO - Scraped tournament 7: DB CUP
2026-05-17 15:52:35,681 - scraper.selenium_scraper - INFO - Scraped tournament 8: SUPER FOOTBALL CHAMPIONSHIP
2026-05-17 15:52:36,371 - scraper.selenium_scraper - INFO - Scraped tournament 9: REPUBLIC CUP 2.0
2026-05-17 15:52:37,068 - scraper.selenium_scraper - INFO - Scraped tournament 10: Auction Demo Jodi
2026-05-17 15:52:37,756 - scraper.selenium_scraper - INFO - Scraped tournament 11: Super Cricket League
2026-05-17 15:52:38,442 - scraper.selenium_scraper - INFO - Scraped tournament 12: SIKAR PREMIER LEAGUE 2025
2026-05-17 15:52:39,132 - scraper.selenium_scraper - INFO - Scraped tournament 13: BJP
2026-05-17 15:52:39,819 - scraper.selenium_scraper - INFO - Scraped tournament 14: SUPER LEAGUE GROUP
2026-05-17 15:52:40,508 - scraper.selenium_scraper - INFO - Scraped tournament 15: SUPER CRICKET LEAGUE
2026-05-17 15:52:41,198 - scraper.selenium_scraper - INFO - Scraped tournament 16: NARLAI GRAMIN AUCTION CRICKET LEAGUE 2026
2026-05-17 15:52:41,885 - scraper.selenium_scraper - INFO - Scraped tournament 17: Resham Industries Pvt Ltd Presents - MYMCL 15
2026-05-17 15:52:42,580 - scraper.selenium_scraper - INFO - Scraped tournament 18: DURGA GROUND CHAMPIONSHIP
2026-05-17 15:52:43,268 - scraper.selenium_scraper - INFO - Scraped tournament 19: NJM Family Box Cricket Cup 2026 - Season 04
2026-05-17 15:52:43,956 - scraper.selenium_scraper - INFO - Scraped tournament 20: JOGALSAR PREMIER LEAGUE SEASON 5
2026-05-17 15:52:43,956 - root - INFO - Successfully scraped 20 tournaments
2026-05-17 15:52:43,956 - root - INFO - Saved scraped data to /home/runner/work/super-player-auction-scraper/super-player-auction-scraper/data/tournament_data_20260517-155243.json
2026-05-17 15:52:43,956 - root - INFO - Initializing Graph API
2026-05-17 15:52:43,957 - excel.graph_api - INFO - Extracted file ID: 9e836ed5-f58f-4dc7-a969-3c62b255f3ea
2026-05-17 15:52:43,957 - excel.graph_api - INFO - Extracted site ID: CorpDevaaf94619130d4a79af9f3aeae502bdb5
2026-05-17 15:52:43,957 - root - INFO - Authenticating with Microsoft Graph API
2026-05-17 15:52:44,132 - excel.graph_api - INFO - Authentication successful
2026-05-17 15:52:44,133 - root - INFO - Updating Excel sheet with scraped data
2026-05-17 15:52:44,636 - excel.graph_api - INFO - Retrieved drive ID: b!MXUqfmBgAkyqAi_g7J1PO_6yKSWnHbZCs3mpe4EkYuX6d8izcdJxRb78S6OW5SIB
2026-05-17 15:52:46,504 - excel.graph_api - INFO - Retrieved 1611 rows from Excel
2026-05-17 15:52:47,513 - excel.graph_api - INFO - No new tournaments to add
2026-05-17 15:52:47,515 - root - INFO - Excel sheet updated successfully
2026-05-17 15:52:47,593 - scraper.selenium_scraper - INFO - Chrome driver closed
2026-05-17 15:52:47,593 - root - INFO - Selenium driver closed
2026-05-17 15:52:47,593 - root - INFO - Script execution completed
