2026-03-03 15:40:10,786 - root - INFO - Logger initialized successfully
2026-03-03 15:40:10,786 - root - INFO - Log file: /home/runner/work/super-player-auction-scraper/super-player-auction-scraper/logs/scraper_20260303_154010.log
2026-03-03 15:40:10,786 - root - INFO - Starting Super Player Auction scraper
2026-03-03 15:40:10,786 - utils.config - INFO - Credentials loaded from environment variables
2026-03-03 15:40:10,787 - utils.config - INFO - Settings loaded successfully
2026-03-03 15:40:10,787 - root - INFO - Initializing Selenium scraper
2026-03-03 15:40:10,787 - scraper.selenium_scraper - INFO - Running in GitHub Actions environment
2026-03-03 15:40:20,763 - scraper.selenium_scraper - INFO - Chrome driver initialized successfully
2026-03-03 15:40:20,763 - root - INFO - Scraping tournament data
2026-03-03 15:40:20,763 - scraper.selenium_scraper - INFO - Starting to scrape tournament data
2026-03-03 15:40:21,556 - scraper.selenium_scraper - INFO - Waiting for page to load...
2026-03-03 15:40:26,562 - scraper.selenium_scraper - INFO - Scrolling to load all auction cards...
2026-03-03 15:40:38,721 - scraper.selenium_scraper - INFO - Saved page screenshot to /home/runner/work/super-player-auction-scraper/super-player-auction-scraper/logs/screenshots/page_loaded_20260303154038.png
2026-03-03 15:40:38,721 - scraper.selenium_scraper - INFO - Looking for auction cards...
2026-03-03 15:40:38,746 - scraper.selenium_scraper - INFO - Found 20 auction cards
2026-03-03 15:40:39,461 - scraper.selenium_scraper - INFO - Scraped tournament 1: Hind Sporting Premier League
2026-03-03 15:40:40,199 - scraper.selenium_scraper - INFO - Scraped tournament 2: MCPL 2026
2026-03-03 15:40:40,884 - scraper.selenium_scraper - INFO - Scraped tournament 3: SIKAR PREMIER LEAGUE 2025
2026-03-03 15:40:41,568 - scraper.selenium_scraper - INFO - Scraped tournament 4: ROHAT PREMIER LEAGUE
2026-03-03 15:40:42,247 - scraper.selenium_scraper - INFO - Scraped tournament 5: SUPER FOOTBALL CHAMPIONSHIP
2026-03-03 15:40:42,929 - scraper.selenium_scraper - INFO - Scraped tournament 6: REPUBLIC CUP 2.0
2026-03-03 15:40:43,617 - scraper.selenium_scraper - INFO - Scraped tournament 7: NPL
2026-03-03 15:40:44,297 - scraper.selenium_scraper - INFO - Scraped tournament 8: BJP
2026-03-03 15:40:44,976 - scraper.selenium_scraper - INFO - Scraped tournament 9: SUPER CRICKRT LEAGUE - MAHIPAL
2026-03-03 15:40:45,655 - scraper.selenium_scraper - INFO - Scraped tournament 10: Maharashtra Doctor Vollyball League
2026-03-03 15:40:46,341 - scraper.selenium_scraper - INFO - Scraped tournament 11: Ichapuram Premier League Organized By ICC
2026-03-03 15:40:47,019 - scraper.selenium_scraper - INFO - Scraped tournament 12: TMCC T10 Cricket Tournament 9th Edition
2026-03-03 15:40:47,697 - scraper.selenium_scraper - INFO - Scraped tournament 13: WINNERS PREMIER LEAGUE, AYYAMPUZHA, SEASON 5
2026-03-03 15:40:48,379 - scraper.selenium_scraper - INFO - Scraped tournament 14: PRAHAR PREMIER LEAGUE 2026
2026-03-03 15:40:49,059 - scraper.selenium_scraper - INFO - Scraped tournament 15: JITO CRICKET LEAGUE 3.0
2026-03-03 15:40:49,741 - scraper.selenium_scraper - INFO - Scraped tournament 16: SUMMER SUPER LEAGUE SEASON-2
2026-03-03 15:40:50,425 - scraper.selenium_scraper - INFO - Scraped tournament 17: WANTRAG PREMIER LEAGUE
2026-03-03 15:40:51,110 - scraper.selenium_scraper - INFO - Scraped tournament 18: Zoroastrian Volleyball Premier League
2026-03-03 15:40:51,795 - scraper.selenium_scraper - INFO - Scraped tournament 19: BOTAD PREMIER LEAGUE 3
2026-03-03 15:40:52,476 - scraper.selenium_scraper - INFO - Scraped tournament 20: BHAGATRAM BCI
2026-03-03 15:40:52,476 - root - INFO - Successfully scraped 20 tournaments
2026-03-03 15:40:52,476 - root - INFO - Saved scraped data to /home/runner/work/super-player-auction-scraper/super-player-auction-scraper/data/tournament_data_20260303-154052.json
2026-03-03 15:40:52,476 - root - INFO - Initializing Graph API
2026-03-03 15:40:52,477 - excel.graph_api - INFO - Extracted file ID: 9e836ed5-f58f-4dc7-a969-3c62b255f3ea
2026-03-03 15:40:52,477 - excel.graph_api - INFO - Extracted site ID: CorpDevaaf94619130d4a79af9f3aeae502bdb5
2026-03-03 15:40:52,477 - root - INFO - Authenticating with Microsoft Graph API
2026-03-03 15:40:52,877 - excel.graph_api - INFO - Authentication successful
2026-03-03 15:40:52,877 - root - INFO - Updating Excel sheet with scraped data
2026-03-03 15:40:53,472 - excel.graph_api - INFO - Retrieved drive ID: b!MXUqfmBgAkyqAi_g7J1PO_6yKSWnHbZCs3mpe4EkYuX6d8izcdJxRb78S6OW5SIB
2026-03-03 15:40:55,774 - excel.graph_api - INFO - Retrieved 1301 rows from Excel
2026-03-03 15:40:59,690 - excel.graph_api - INFO - No new tournaments to add
2026-03-03 15:40:59,692 - root - INFO - Excel sheet updated successfully
2026-03-03 15:40:59,766 - scraper.selenium_scraper - INFO - Chrome driver closed
2026-03-03 15:40:59,767 - root - INFO - Selenium driver closed
2026-03-03 15:40:59,767 - root - INFO - Script execution completed
