2026-03-18 10:43:42,192 - root - INFO - Logger initialized successfully
2026-03-18 10:43:42,193 - root - INFO - Log file: /home/runner/work/super-player-auction-scraper/super-player-auction-scraper/logs/scraper_20260318_104342.log
2026-03-18 10:43:42,193 - root - INFO - Starting Super Player Auction scraper
2026-03-18 10:43:42,193 - utils.config - INFO - Credentials loaded from environment variables
2026-03-18 10:43:42,193 - utils.config - INFO - Settings loaded successfully
2026-03-18 10:43:42,193 - root - INFO - Initializing Selenium scraper
2026-03-18 10:43:42,193 - scraper.selenium_scraper - INFO - Running in GitHub Actions environment
2026-03-18 10:43:48,369 - scraper.selenium_scraper - INFO - Chrome driver initialized successfully
2026-03-18 10:43:48,369 - root - INFO - Scraping tournament data
2026-03-18 10:43:48,369 - scraper.selenium_scraper - INFO - Starting to scrape tournament data
2026-03-18 10:43:49,132 - scraper.selenium_scraper - INFO - Waiting for page to load...
2026-03-18 10:43:54,137 - scraper.selenium_scraper - INFO - Scrolling to load all auction cards...
2026-03-18 10:44:06,263 - scraper.selenium_scraper - INFO - Saved page screenshot to /home/runner/work/super-player-auction-scraper/super-player-auction-scraper/logs/screenshots/page_loaded_20260318104406.png
2026-03-18 10:44:06,263 - scraper.selenium_scraper - INFO - Looking for auction cards...
2026-03-18 10:44:06,285 - scraper.selenium_scraper - INFO - Found 20 auction cards
2026-03-18 10:44:07,013 - scraper.selenium_scraper - INFO - Scraped tournament 1: MCPL 2026
2026-03-18 10:44:07,735 - scraper.selenium_scraper - INFO - Scraped tournament 2: Nice Fantasy Auction
2026-03-18 10:44:08,422 - scraper.selenium_scraper - INFO - Scraped tournament 3: BSA League - 1
2026-03-18 10:44:09,108 - scraper.selenium_scraper - INFO - Scraped tournament 4: MPL Cup 2026
2026-03-18 10:44:09,795 - scraper.selenium_scraper - INFO - Scraped tournament 5: UNITY CUP Season 3 [2026-27]
2026-03-18 10:44:10,479 - scraper.selenium_scraper - INFO - Scraped tournament 6: Super Cricket League
2026-03-18 10:44:11,162 - scraper.selenium_scraper - INFO - Scraped tournament 7: SIKAR PREMIER LEAGUE 2025
2026-03-18 10:44:11,844 - scraper.selenium_scraper - INFO - Scraped tournament 8: ROHAT PREMIER LEAGUE
2026-03-18 10:44:12,533 - scraper.selenium_scraper - INFO - Scraped tournament 9: SUPER FOOTBALL CHAMPIONSHIP
2026-03-18 10:44:13,227 - scraper.selenium_scraper - INFO - Scraped tournament 10: Super Cricket League
2026-03-18 10:44:13,909 - scraper.selenium_scraper - INFO - Scraped tournament 11: BJP
2026-03-18 10:44:14,588 - scraper.selenium_scraper - INFO - Scraped tournament 12: SUPER CRICKRT LEAGUE - MAHIPAL
2026-03-18 10:44:15,277 - scraper.selenium_scraper - INFO - Scraped tournament 13: NASHIK LAWions FOUNDATION TENNIS BALL CRICKET TOURNAMENT-2026
2026-03-18 10:44:15,960 - scraper.selenium_scraper - INFO - Scraped tournament 14: मेघवाल प्रीमियर लीग जयपुर आक्शन
2026-03-18 10:44:16,644 - scraper.selenium_scraper - INFO - Scraped tournament 15: BOTAD PREMIER LEAGUE 3
2026-03-18 10:44:17,329 - scraper.selenium_scraper - INFO - Scraped tournament 16: DAMAN PREMIER LEAGUE 2026
2026-03-18 10:44:18,023 - scraper.selenium_scraper - INFO - Scraped tournament 17: NMCL SEASON -1.0
2026-03-18 10:44:18,707 - scraper.selenium_scraper - INFO - Scraped tournament 18: KMPL SEASON 4
2026-03-18 10:44:19,400 - scraper.selenium_scraper - INFO - Scraped tournament 19: BBBL
2026-03-18 10:44:20,088 - scraper.selenium_scraper - INFO - Scraped tournament 20: C Star Christian Premier League Borsad
2026-03-18 10:44:20,088 - root - INFO - Successfully scraped 20 tournaments
2026-03-18 10:44:20,088 - root - INFO - Saved scraped data to /home/runner/work/super-player-auction-scraper/super-player-auction-scraper/data/tournament_data_20260318-104420.json
2026-03-18 10:44:20,089 - root - INFO - Initializing Graph API
2026-03-18 10:44:20,089 - excel.graph_api - INFO - Extracted file ID: 9e836ed5-f58f-4dc7-a969-3c62b255f3ea
2026-03-18 10:44:20,089 - excel.graph_api - INFO - Extracted site ID: CorpDevaaf94619130d4a79af9f3aeae502bdb5
2026-03-18 10:44:20,089 - root - INFO - Authenticating with Microsoft Graph API
2026-03-18 10:44:20,285 - excel.graph_api - INFO - Authentication successful
2026-03-18 10:44:20,285 - root - INFO - Updating Excel sheet with scraped data
2026-03-18 10:44:20,968 - excel.graph_api - INFO - Retrieved drive ID: b!MXUqfmBgAkyqAi_g7J1PO_6yKSWnHbZCs3mpe4EkYuX6d8izcdJxRb78S6OW5SIB
2026-03-18 10:44:23,011 - excel.graph_api - INFO - Retrieved 1358 rows from Excel
2026-03-18 10:44:25,422 - excel.graph_api - INFO - Updating range A1360:M1360 with 1 new entries
2026-03-18 10:44:26,973 - excel.graph_api - INFO - Successfully added 1 new tournaments to Excel
2026-03-18 10:44:26,974 - root - INFO - Excel sheet updated successfully
2026-03-18 10:44:27,052 - scraper.selenium_scraper - INFO - Chrome driver closed
2026-03-18 10:44:27,052 - root - INFO - Selenium driver closed
2026-03-18 10:44:27,052 - root - INFO - Script execution completed
