2026-01-22 10:20:56,039 - root - INFO - Logger initialized successfully
2026-01-22 10:20:56,039 - root - INFO - Log file: /home/runner/work/super-player-auction-scraper/super-player-auction-scraper/logs/scraper_20260122_102056.log
2026-01-22 10:20:56,039 - root - INFO - Starting Super Player Auction scraper
2026-01-22 10:20:56,039 - utils.config - INFO - Credentials loaded from environment variables
2026-01-22 10:20:56,039 - utils.config - INFO - Settings loaded successfully
2026-01-22 10:20:56,039 - root - INFO - Initializing Selenium scraper
2026-01-22 10:20:56,039 - scraper.selenium_scraper - INFO - Running in GitHub Actions environment
2026-01-22 10:21:03,931 - scraper.selenium_scraper - INFO - Chrome driver initialized successfully
2026-01-22 10:21:03,931 - root - INFO - Scraping tournament data
2026-01-22 10:21:03,931 - scraper.selenium_scraper - INFO - Starting to scrape tournament data
2026-01-22 10:21:04,729 - scraper.selenium_scraper - INFO - Waiting for page to load...
2026-01-22 10:21:09,734 - scraper.selenium_scraper - INFO - Scrolling to load all auction cards...
2026-01-22 10:21:21,860 - scraper.selenium_scraper - INFO - Saved page screenshot to /home/runner/work/super-player-auction-scraper/super-player-auction-scraper/logs/screenshots/page_loaded_20260122102121.png
2026-01-22 10:21:21,860 - scraper.selenium_scraper - INFO - Looking for auction cards...
2026-01-22 10:21:21,883 - scraper.selenium_scraper - INFO - Found 20 auction cards
2026-01-22 10:21:22,607 - scraper.selenium_scraper - INFO - Scraped tournament 1: COGITATE PREMIER LEAGUE
2026-01-22 10:21:23,327 - scraper.selenium_scraper - INFO - Scraped tournament 2: SITEMAN'S NYPL SEASON-4
2026-01-22 10:21:24,025 - scraper.selenium_scraper - INFO - Scraped tournament 3: Mali Premier League, Jalore 2026 - Season 1
2026-01-22 10:21:24,717 - scraper.selenium_scraper - INFO - Scraped tournament 4: IDL 2026
2026-01-22 10:21:25,406 - scraper.selenium_scraper - INFO - Scraped tournament 5: Sanguem Premier League - Season 8
2026-01-22 10:21:26,098 - scraper.selenium_scraper - INFO - Scraped tournament 6: Enterprise Premier League SEASON 4
2026-01-22 10:21:26,794 - scraper.selenium_scraper - INFO - Scraped tournament 7: Lucknow Cricket League 2026
2026-01-22 10:21:27,488 - scraper.selenium_scraper - INFO - Scraped tournament 8: ABPL - Season 5 | 2026 | Auction
2026-01-22 10:21:28,177 - scraper.selenium_scraper - INFO - Scraped tournament 9: Calicut premier league season 3 - Qatar
2026-01-22 10:21:28,871 - scraper.selenium_scraper - INFO - Scraped tournament 10: SUBIC SRILANKAN PREMIER LEAGUE - SEASON 4 - 2026
2026-01-22 10:21:29,564 - scraper.selenium_scraper - INFO - Scraped tournament 11: MCPL 2026
2026-01-22 10:21:30,253 - scraper.selenium_scraper - INFO - Scraped tournament 12: SUPER FOOTBALL CHAMPIONSHIP
2026-01-22 10:21:30,941 - scraper.selenium_scraper - INFO - Scraped tournament 13: NOWGAM PREMIER LEAGUE
2026-01-22 10:21:31,634 - scraper.selenium_scraper - INFO - Scraped tournament 14: Karneshwar premiere leauge (KPL- 3) karnawad
2026-01-22 10:21:32,323 - scraper.selenium_scraper - INFO - Scraped tournament 15: Shabab Premier League S2
2026-01-22 10:21:33,022 - scraper.selenium_scraper - INFO - Scraped tournament 16: Zoroastrian Volleyball Premier League
2026-01-22 10:21:33,715 - scraper.selenium_scraper - INFO - Scraped tournament 17: मेघवाल समाज आक्शन प्रीमियर लीग खिवाड़ा
2026-01-22 10:21:34,419 - scraper.selenium_scraper - INFO - Scraped tournament 18: Friends Cup
2026-01-22 10:21:35,118 - scraper.selenium_scraper - INFO - Scraped tournament 19: SPL SEASON 3
2026-01-22 10:21:35,806 - scraper.selenium_scraper - INFO - Scraped tournament 20: SHREE JASNATH JI CRICKET CUP-06
2026-01-22 10:21:35,806 - root - INFO - Successfully scraped 20 tournaments
2026-01-22 10:21:35,806 - root - INFO - Saved scraped data to /home/runner/work/super-player-auction-scraper/super-player-auction-scraper/data/tournament_data_20260122-102135.json
2026-01-22 10:21:35,806 - root - INFO - Initializing Graph API
2026-01-22 10:21:35,807 - excel.graph_api - INFO - Extracted file ID: 9e836ed5-f58f-4dc7-a969-3c62b255f3ea
2026-01-22 10:21:35,807 - excel.graph_api - INFO - Extracted site ID: CorpDevaaf94619130d4a79af9f3aeae502bdb5
2026-01-22 10:21:35,807 - root - INFO - Authenticating with Microsoft Graph API
2026-01-22 10:21:36,239 - excel.graph_api - INFO - Authentication successful
2026-01-22 10:21:36,239 - root - INFO - Updating Excel sheet with scraped data
2026-01-22 10:21:36,934 - excel.graph_api - INFO - Retrieved drive ID: b!MXUqfmBgAkyqAi_g7J1PO_6yKSWnHbZCs3mpe4EkYuX6d8izcdJxRb78S6OW5SIB
2026-01-22 10:21:38,756 - excel.graph_api - INFO - Retrieved 1115 rows from Excel
2026-01-22 10:21:40,894 - excel.graph_api - INFO - Updating range A1117:M1121 with 5 new entries
2026-01-22 10:21:42,265 - excel.graph_api - INFO - Successfully added 5 new tournaments to Excel
2026-01-22 10:21:42,267 - root - INFO - Excel sheet updated successfully
2026-01-22 10:21:42,335 - scraper.selenium_scraper - INFO - Chrome driver closed
2026-01-22 10:21:42,335 - root - INFO - Selenium driver closed
2026-01-22 10:21:42,335 - root - INFO - Script execution completed
