2025-09-14 10:11:39,668 - root - INFO - Logger initialized successfully
2025-09-14 10:11:39,668 - root - INFO - Log file: /home/runner/work/super-player-auction-scraper/super-player-auction-scraper/logs/scraper_20250914_101139.log
2025-09-14 10:11:39,669 - root - INFO - Starting Super Player Auction scraper
2025-09-14 10:11:39,669 - utils.config - INFO - Credentials loaded from environment variables
2025-09-14 10:11:39,669 - utils.config - INFO - Settings loaded successfully
2025-09-14 10:11:39,669 - root - INFO - Initializing Selenium scraper
2025-09-14 10:11:39,669 - scraper.selenium_scraper - INFO - Running in GitHub Actions environment
2025-09-14 10:11:40,964 - selenium.webdriver.common.selenium_manager - WARNING - The chromedriver version (140.0.7339.80) detected in PATH at /usr/bin/chromedriver might not be compatible with the detected chrome version (140.0.7339.80); currently, chromedriver 140.0.7339.82 is recommended for chrome 140.*, so it is advised to delete the driver in PATH and retry
2025-09-14 10:11:46,869 - scraper.selenium_scraper - INFO - Chrome driver initialized successfully
2025-09-14 10:11:46,869 - root - INFO - Scraping tournament data
2025-09-14 10:11:46,869 - scraper.selenium_scraper - INFO - Starting to scrape tournament data
2025-09-14 10:11:49,903 - scraper.selenium_scraper - INFO - Waiting for page to load...
2025-09-14 10:11:54,908 - scraper.selenium_scraper - INFO - Scrolling to load all auction cards...
2025-09-14 10:12:07,028 - scraper.selenium_scraper - INFO - Saved page screenshot to /home/runner/work/super-player-auction-scraper/super-player-auction-scraper/logs/screenshots/page_loaded_20250914101206.png
2025-09-14 10:12:07,028 - scraper.selenium_scraper - INFO - Looking for auction cards...
2025-09-14 10:12:07,054 - scraper.selenium_scraper - INFO - Found 20 auction cards
2025-09-14 10:12:07,772 - scraper.selenium_scraper - INFO - Scraped tournament 1: RENSA BSPL -2
2025-09-14 10:12:08,496 - scraper.selenium_scraper - INFO - Scraped tournament 2: KABIR NAGAR KHEL SAMITI PROSOFT SESSION - 2025
2025-09-14 10:12:09,179 - scraper.selenium_scraper - INFO - Scraped tournament 3: JAIN PREMIER LEAGUE 4
2025-09-14 10:12:09,860 - scraper.selenium_scraper - INFO - Scraped tournament 4: Monsoon Box League Season 3
2025-09-14 10:12:10,540 - scraper.selenium_scraper - INFO - Scraped tournament 5: KVSC Tournament 4 Sponser by UNISTONE
2025-09-14 10:12:11,222 - scraper.selenium_scraper - INFO - Scraped tournament 6: BHAGALPUR CRICKET LEAGUE
2025-09-14 10:12:11,904 - scraper.selenium_scraper - INFO - Scraped tournament 7: NPL Titan Cup
2025-09-14 10:12:12,585 - scraper.selenium_scraper - INFO - Scraped tournament 8: GBGC Badminton League12
2025-09-14 10:12:13,264 - scraper.selenium_scraper - INFO - Scraped tournament 9: SIDDHIVINAYAK PROFESSIONAL LEAGUE - 2025(Season - 2)
2025-09-14 10:12:13,954 - scraper.selenium_scraper - INFO - Scraped tournament 10: GONDA SINDHI PREMIER LEAGUE -3
2025-09-14 10:12:14,634 - scraper.selenium_scraper - INFO - Scraped tournament 11: DMCA BIG BASH 2025 Season-2
2025-09-14 10:12:15,312 - scraper.selenium_scraper - INFO - Scraped tournament 12: UPL CHAPTER 3.0 CRICKET TOURNAMENT
2025-09-14 10:12:15,992 - scraper.selenium_scraper - INFO - Scraped tournament 13: MVV DUSSEHRA CRICKET TOURNAMENT
2025-09-14 10:12:16,675 - scraper.selenium_scraper - INFO - Scraped tournament 14: Gorakhpur T10 Champions league
2025-09-14 10:12:17,361 - scraper.selenium_scraper - INFO - Scraped tournament 15: Kerala Premier League
2025-09-14 10:12:18,041 - scraper.selenium_scraper - INFO - Scraped tournament 16: Gogasar Premier League Season 4
2025-09-14 10:12:18,721 - scraper.selenium_scraper - INFO - Scraped tournament 17: UDYAWAR PREMIER LEAGUE
2025-09-14 10:12:19,406 - scraper.selenium_scraper - INFO - Scraped tournament 18: VPL 2.0
2025-09-14 10:12:20,085 - scraper.selenium_scraper - INFO - Scraped tournament 19: SMN SMASHERS BELTHANGADY
2025-09-14 10:12:20,763 - scraper.selenium_scraper - INFO - Scraped tournament 20: JPL-1 (JETAWADA PREMIER LEAGUE-1)
2025-09-14 10:12:20,763 - root - INFO - Successfully scraped 20 tournaments
2025-09-14 10:12:20,763 - root - INFO - Saved scraped data to /home/runner/work/super-player-auction-scraper/super-player-auction-scraper/data/tournament_data_20250914-101220.json
2025-09-14 10:12:20,763 - root - INFO - Initializing Graph API
2025-09-14 10:12:20,764 - excel.graph_api - INFO - Extracted file ID: 9e836ed5-f58f-4dc7-a969-3c62b255f3ea
2025-09-14 10:12:20,764 - excel.graph_api - INFO - Extracted site ID: CorpDevaaf94619130d4a79af9f3aeae502bdb5
2025-09-14 10:12:20,764 - root - INFO - Authenticating with Microsoft Graph API
2025-09-14 10:12:21,299 - excel.graph_api - INFO - Authentication successful
2025-09-14 10:12:21,299 - root - INFO - Updating Excel sheet with scraped data
2025-09-14 10:12:21,592 - excel.graph_api - INFO - Retrieved drive ID: b!MXUqfmBgAkyqAi_g7J1PO_6yKSWnHbZCs3mpe4EkYuX6d8izcdJxRb78S6OW5SIB
2025-09-14 10:12:22,691 - excel.graph_api - INFO - Retrieved 496 rows from Excel
2025-09-14 10:12:23,367 - excel.graph_api - INFO - Updating range A498:M498 with 1 new entries
2025-09-14 10:12:24,388 - excel.graph_api - INFO - Successfully added 1 new tournaments to Excel
2025-09-14 10:12:24,390 - root - INFO - Excel sheet updated successfully
2025-09-14 10:12:24,457 - scraper.selenium_scraper - INFO - Chrome driver closed
2025-09-14 10:12:24,457 - root - INFO - Selenium driver closed
2025-09-14 10:12:24,457 - root - INFO - Script execution completed
