2026-02-14 15:18:17,633 - root - INFO - Logger initialized successfully
2026-02-14 15:18:17,633 - root - INFO - Log file: /home/runner/work/super-player-auction-scraper/super-player-auction-scraper/logs/scraper_20260214_151817.log
2026-02-14 15:18:17,633 - root - INFO - Starting Super Player Auction scraper
2026-02-14 15:18:17,634 - utils.config - INFO - Credentials loaded from environment variables
2026-02-14 15:18:17,634 - utils.config - INFO - Settings loaded successfully
2026-02-14 15:18:17,634 - root - INFO - Initializing Selenium scraper
2026-02-14 15:18:17,634 - scraper.selenium_scraper - INFO - Running in GitHub Actions environment
2026-02-14 15:18:23,931 - scraper.selenium_scraper - INFO - Chrome driver initialized successfully
2026-02-14 15:18:23,931 - root - INFO - Scraping tournament data
2026-02-14 15:18:23,931 - scraper.selenium_scraper - INFO - Starting to scrape tournament data
2026-02-14 15:18:24,894 - scraper.selenium_scraper - INFO - Waiting for page to load...
2026-02-14 15:18:29,899 - scraper.selenium_scraper - INFO - Scrolling to load all auction cards...
2026-02-14 15:18:42,029 - scraper.selenium_scraper - INFO - Saved page screenshot to /home/runner/work/super-player-auction-scraper/super-player-auction-scraper/logs/screenshots/page_loaded_20260214151841.png
2026-02-14 15:18:42,029 - scraper.selenium_scraper - INFO - Looking for auction cards...
2026-02-14 15:18:42,052 - scraper.selenium_scraper - INFO - Found 20 auction cards
2026-02-14 15:18:42,780 - scraper.selenium_scraper - INFO - Scraped tournament 1: SUBIC SRILANKAN PREMIER LEAGUE - SEASON 4 - 2026
2026-02-14 15:18:43,512 - scraper.selenium_scraper - INFO - Scraped tournament 2: Calicut premier league Qatar
2026-02-14 15:18:44,206 - scraper.selenium_scraper - INFO - Scraped tournament 3: BEARYS PREMIER LEAGUE
2026-02-14 15:18:44,900 - scraper.selenium_scraper - INFO - Scraped tournament 4: PH2 Cricket League
2026-02-14 15:18:45,594 - scraper.selenium_scraper - INFO - Scraped tournament 5: KEYSTONE SMART GLASS MCL - 7
2026-02-14 15:18:46,297 - scraper.selenium_scraper - INFO - Scraped tournament 6: Marquise Premier League Season 5
2026-02-14 15:18:46,985 - scraper.selenium_scraper - INFO - Scraped tournament 7: Vasant Galaxy Badminton Premier League 6
2026-02-14 15:18:47,670 - scraper.selenium_scraper - INFO - Scraped tournament 8: Champions League Ed 3
2026-02-14 15:18:48,358 - scraper.selenium_scraper - INFO - Scraped tournament 9: Stories Premier League - V
2026-02-14 15:18:49,044 - scraper.selenium_scraper - INFO - Scraped tournament 10: DPL 2026
2026-02-14 15:18:49,738 - scraper.selenium_scraper - INFO - Scraped tournament 11: Cosmo Premiere League 26
2026-02-14 15:18:50,427 - scraper.selenium_scraper - INFO - Scraped tournament 12: HARIPRABODHAM PREMIER LEAGUE
2026-02-14 15:18:51,114 - scraper.selenium_scraper - INFO - Scraped tournament 13: RAJASTHAN TRAVEL TRADE CRICKET LEAGUE 2.0
2026-02-14 15:18:51,821 - scraper.selenium_scraper - INFO - Scraped tournament 14: SRPL 2026
2026-02-14 15:18:52,508 - scraper.selenium_scraper - INFO - Scraped tournament 15: Hind Sporting Premier League
2026-02-14 15:18:53,196 - scraper.selenium_scraper - INFO - Scraped tournament 16: RELIANCE SPL 2026
2026-02-14 15:18:53,883 - scraper.selenium_scraper - INFO - Scraped tournament 17: MCPL 2026
2026-02-14 15:18:54,571 - scraper.selenium_scraper - INFO - Scraped tournament 18: SIKAR PREMIER LEAGUE 2025
2026-02-14 15:18:55,258 - scraper.selenium_scraper - INFO - Scraped tournament 19: NPL
2026-02-14 15:18:55,950 - scraper.selenium_scraper - INFO - Scraped tournament 20: BJP
2026-02-14 15:18:55,950 - root - INFO - Successfully scraped 20 tournaments
2026-02-14 15:18:55,950 - root - INFO - Saved scraped data to /home/runner/work/super-player-auction-scraper/super-player-auction-scraper/data/tournament_data_20260214-151855.json
2026-02-14 15:18:55,950 - root - INFO - Initializing Graph API
2026-02-14 15:18:55,951 - excel.graph_api - INFO - Extracted file ID: 9e836ed5-f58f-4dc7-a969-3c62b255f3ea
2026-02-14 15:18:55,951 - excel.graph_api - INFO - Extracted site ID: CorpDevaaf94619130d4a79af9f3aeae502bdb5
2026-02-14 15:18:55,951 - root - INFO - Authenticating with Microsoft Graph API
2026-02-14 15:18:56,178 - excel.graph_api - INFO - Authentication successful
2026-02-14 15:18:56,178 - root - INFO - Updating Excel sheet with scraped data
2026-02-14 15:18:56,863 - excel.graph_api - INFO - Retrieved drive ID: b!MXUqfmBgAkyqAi_g7J1PO_6yKSWnHbZCs3mpe4EkYuX6d8izcdJxRb78S6OW5SIB
2026-02-14 15:18:58,189 - excel.graph_api - INFO - Retrieved 1226 rows from Excel
2026-02-14 15:18:59,141 - excel.graph_api - INFO - Updating range A1228:M1228 with 1 new entries
2026-02-14 15:19:00,087 - excel.graph_api - INFO - Successfully added 1 new tournaments to Excel
2026-02-14 15:19:00,089 - root - INFO - Excel sheet updated successfully
2026-02-14 15:19:00,167 - scraper.selenium_scraper - INFO - Chrome driver closed
2026-02-14 15:19:00,167 - root - INFO - Selenium driver closed
2026-02-14 15:19:00,167 - root - INFO - Script execution completed
