2025-11-13 15:15:28,635 - root - INFO - Logger initialized successfully
2025-11-13 15:15:28,636 - root - INFO - Log file: /home/runner/work/super-player-auction-scraper/super-player-auction-scraper/logs/scraper_20251113_151528.log
2025-11-13 15:15:28,636 - root - INFO - Starting Super Player Auction scraper
2025-11-13 15:15:28,636 - utils.config - INFO - Credentials loaded from environment variables
2025-11-13 15:15:28,636 - utils.config - INFO - Settings loaded successfully
2025-11-13 15:15:28,636 - root - INFO - Initializing Selenium scraper
2025-11-13 15:15:28,636 - scraper.selenium_scraper - INFO - Running in GitHub Actions environment
2025-11-13 15:15:30,021 - selenium.webdriver.common.selenium_manager - WARNING - The chromedriver version (142.0.7444.59) detected in PATH at /usr/bin/chromedriver might not be compatible with the detected chrome version (142.0.7444.59); currently, chromedriver 142.0.7444.162 is recommended for chrome 142.*, so it is advised to delete the driver in PATH and retry
2025-11-13 15:15:35,717 - scraper.selenium_scraper - INFO - Chrome driver initialized successfully
2025-11-13 15:15:35,717 - root - INFO - Scraping tournament data
2025-11-13 15:15:35,717 - scraper.selenium_scraper - INFO - Starting to scrape tournament data
2025-11-13 15:15:36,313 - scraper.selenium_scraper - INFO - Waiting for page to load...
2025-11-13 15:15:41,319 - scraper.selenium_scraper - INFO - Scrolling to load all auction cards...
2025-11-13 15:15:53,547 - scraper.selenium_scraper - INFO - Saved page screenshot to /home/runner/work/super-player-auction-scraper/super-player-auction-scraper/logs/screenshots/page_loaded_20251113151553.png
2025-11-13 15:15:53,547 - scraper.selenium_scraper - INFO - Looking for auction cards...
2025-11-13 15:15:53,575 - scraper.selenium_scraper - INFO - Found 20 auction cards
2025-11-13 15:15:54,308 - scraper.selenium_scraper - INFO - Scraped tournament 1: ARAB DREAMS BRC FOOTBALL LEAGUE
2025-11-13 15:15:55,038 - scraper.selenium_scraper - INFO - Scraped tournament 2: Indoor Premier League 2025
2025-11-13 15:15:55,729 - scraper.selenium_scraper - INFO - Scraped tournament 3: SOPL Edition 10th
2025-11-13 15:15:56,429 - scraper.selenium_scraper - INFO - Scraped tournament 4: HJPL SEASON -13
2025-11-13 15:15:57,122 - scraper.selenium_scraper - INFO - Scraped tournament 5: NUTRAJ Premier League
2025-11-13 15:15:57,820 - scraper.selenium_scraper - INFO - Scraped tournament 6: CHOUHAN PREMIER LEAGUE
2025-11-13 15:15:58,516 - scraper.selenium_scraper - INFO - Scraped tournament 7: VIJAYAWADA PICKLEBALL LEAGUE S1
2025-11-13 15:15:59,220 - scraper.selenium_scraper - INFO - Scraped tournament 8: नीमच क्रिकेट लीग 2025
2025-11-13 15:15:59,918 - scraper.selenium_scraper - INFO - Scraped tournament 9: TAKKAR LEAGUE
2025-11-13 15:16:00,612 - scraper.selenium_scraper - INFO - Scraped tournament 10: TNPL PREMIER LEAGUE SEASON 4
2025-11-13 15:16:01,318 - scraper.selenium_scraper - INFO - Scraped tournament 11: Thonse premier league season VII
2025-11-13 15:16:02,016 - scraper.selenium_scraper - INFO - Scraped tournament 12: ICCPL Men's Auction 2025
2025-11-13 15:16:02,711 - scraper.selenium_scraper - INFO - Scraped tournament 13: ICCPL Women's Auction 2025
2025-11-13 15:16:03,411 - scraper.selenium_scraper - INFO - Scraped tournament 14: Arjun DEMO
2025-11-13 15:16:04,110 - scraper.selenium_scraper - INFO - Scraped tournament 15: ABSA BUNTS CUP 4TH EDITION
2025-11-13 15:16:04,805 - scraper.selenium_scraper - INFO - Scraped tournament 16: Bhatkal Premier League - 2026
2025-11-13 15:16:05,503 - scraper.selenium_scraper - INFO - Scraped tournament 17: CCL 2.0 PREMIER LEAGUE SEASON 1
2025-11-13 15:16:06,201 - scraper.selenium_scraper - INFO - Scraped tournament 18: Delta Football League
2025-11-13 15:16:06,905 - scraper.selenium_scraper - INFO - Scraped tournament 19: IIID- SRC SPORTS CARNIVAL
2025-11-13 15:16:07,598 - scraper.selenium_scraper - INFO - Scraped tournament 20: After 9 Cricket Club Premier League
2025-11-13 15:16:07,598 - root - INFO - Successfully scraped 20 tournaments
2025-11-13 15:16:07,599 - root - INFO - Saved scraped data to /home/runner/work/super-player-auction-scraper/super-player-auction-scraper/data/tournament_data_20251113-151607.json
2025-11-13 15:16:07,599 - root - INFO - Initializing Graph API
2025-11-13 15:16:07,599 - excel.graph_api - INFO - Extracted file ID: 9e836ed5-f58f-4dc7-a969-3c62b255f3ea
2025-11-13 15:16:07,599 - excel.graph_api - INFO - Extracted site ID: CorpDevaaf94619130d4a79af9f3aeae502bdb5
2025-11-13 15:16:07,599 - root - INFO - Authenticating with Microsoft Graph API
2025-11-13 15:16:07,826 - excel.graph_api - INFO - Authentication successful
2025-11-13 15:16:07,827 - root - INFO - Updating Excel sheet with scraped data
2025-11-13 15:16:08,481 - excel.graph_api - INFO - Retrieved drive ID: b!MXUqfmBgAkyqAi_g7J1PO_6yKSWnHbZCs3mpe4EkYuX6d8izcdJxRb78S6OW5SIB
2025-11-13 15:16:11,133 - excel.graph_api - INFO - Retrieved 744 rows from Excel
2025-11-13 15:16:12,391 - excel.graph_api - INFO - Updating range A746:M747 with 2 new entries
2025-11-13 15:16:13,751 - excel.graph_api - INFO - Successfully added 2 new tournaments to Excel
2025-11-13 15:16:13,753 - root - INFO - Excel sheet updated successfully
2025-11-13 15:16:13,825 - scraper.selenium_scraper - INFO - Chrome driver closed
2025-11-13 15:16:13,825 - root - INFO - Selenium driver closed
2025-11-13 15:16:13,825 - root - INFO - Script execution completed
