2026-04-09 10:53:32,290 - root - INFO - Logger initialized successfully
2026-04-09 10:53:32,291 - root - INFO - Log file: /home/runner/work/super-player-auction-scraper/super-player-auction-scraper/logs/scraper_20260409_105332.log
2026-04-09 10:53:32,291 - root - INFO - Starting Super Player Auction scraper
2026-04-09 10:53:32,291 - utils.config - INFO - Credentials loaded from environment variables
2026-04-09 10:53:32,291 - utils.config - INFO - Settings loaded successfully
2026-04-09 10:53:32,291 - root - INFO - Initializing Selenium scraper
2026-04-09 10:53:32,291 - scraper.selenium_scraper - INFO - Running in GitHub Actions environment
2026-04-09 10:53:42,374 - scraper.selenium_scraper - INFO - Chrome driver initialized successfully
2026-04-09 10:53:42,374 - root - INFO - Scraping tournament data
2026-04-09 10:53:42,374 - scraper.selenium_scraper - INFO - Starting to scrape tournament data
2026-04-09 10:53:43,191 - scraper.selenium_scraper - INFO - Waiting for page to load...
2026-04-09 10:53:48,197 - scraper.selenium_scraper - INFO - Scrolling to load all auction cards...
2026-04-09 10:54:00,346 - scraper.selenium_scraper - INFO - Saved page screenshot to /home/runner/work/super-player-auction-scraper/super-player-auction-scraper/logs/screenshots/page_loaded_20260409105400.png
2026-04-09 10:54:00,346 - scraper.selenium_scraper - INFO - Looking for auction cards...
2026-04-09 10:54:00,376 - scraper.selenium_scraper - INFO - Found 20 auction cards
2026-04-09 10:54:01,123 - scraper.selenium_scraper - INFO - Scraped tournament 1: Malayalam Community Cricket League -2026
2026-04-09 10:54:01,880 - scraper.selenium_scraper - INFO - Scraped tournament 2: AHILYANAGAR PREMIER LEAGUE U/16 (season 2)
2026-04-09 10:54:02,577 - scraper.selenium_scraper - INFO - Scraped tournament 3: WOMENS AHILYANAGAR PREMIER LEAGUE
2026-04-09 10:54:03,277 - scraper.selenium_scraper - INFO - Scraped tournament 4: Jain Morning Cricket Cup Season 2
2026-04-09 10:54:03,975 - scraper.selenium_scraper - INFO - Scraped tournament 5: Cabin Cricket League
2026-04-09 10:54:04,671 - scraper.selenium_scraper - INFO - Scraped tournament 6: MGPL CRICKET TOURNAMENT
2026-04-09 10:54:05,367 - scraper.selenium_scraper - INFO - Scraped tournament 7: Vagad Football League 2026
2026-04-09 10:54:06,066 - scraper.selenium_scraper - INFO - Scraped tournament 8: SmashIT v8, 2026
2026-04-09 10:54:06,767 - scraper.selenium_scraper - INFO - Scraped tournament 9: Chhattisgarh Cricket Champions League T20
2026-04-09 10:54:07,462 - scraper.selenium_scraper - INFO - Scraped tournament 10: ROHAT PREMIER LEAGUE
2026-04-09 10:54:08,157 - scraper.selenium_scraper - INFO - Scraped tournament 11: SUPER FOOTBALL CHAMPIONSHIP
2026-04-09 10:54:08,851 - scraper.selenium_scraper - INFO - Scraped tournament 12: REPUBLIC CUP 2.0
2026-04-09 10:54:09,543 - scraper.selenium_scraper - INFO - Scraped tournament 13: Super Cricket League
2026-04-09 10:54:10,241 - scraper.selenium_scraper - INFO - Scraped tournament 14: SIKAR PREMIER LEAGUE 2025
2026-04-09 10:54:10,935 - scraper.selenium_scraper - INFO - Scraped tournament 15: BJP
2026-04-09 10:54:11,637 - scraper.selenium_scraper - INFO - Scraped tournament 16: SUPER CRICKET LEAGUE
2026-04-09 10:54:12,339 - scraper.selenium_scraper - INFO - Scraped tournament 17: मेघवाल प्रीमियर लीग जयपुर आक्शन
2026-04-09 10:54:13,034 - scraper.selenium_scraper - INFO - Scraped tournament 18: Jain Cricket Club SERIES NO 1
2026-04-09 10:54:13,738 - scraper.selenium_scraper - INFO - Scraped tournament 19: TELUGU YUVA SAMITI LEAGUE
2026-04-09 10:54:14,435 - scraper.selenium_scraper - INFO - Scraped tournament 20: PAC BRC CRICKET TOURNAMENT 2026
2026-04-09 10:54:14,435 - root - INFO - Successfully scraped 20 tournaments
2026-04-09 10:54:14,435 - root - INFO - Saved scraped data to /home/runner/work/super-player-auction-scraper/super-player-auction-scraper/data/tournament_data_20260409-105414.json
2026-04-09 10:54:14,435 - root - INFO - Initializing Graph API
2026-04-09 10:54:14,436 - excel.graph_api - INFO - Extracted file ID: 9e836ed5-f58f-4dc7-a969-3c62b255f3ea
2026-04-09 10:54:14,436 - excel.graph_api - INFO - Extracted site ID: CorpDevaaf94619130d4a79af9f3aeae502bdb5
2026-04-09 10:54:14,436 - root - INFO - Authenticating with Microsoft Graph API
2026-04-09 10:54:14,601 - excel.graph_api - INFO - Authentication successful
2026-04-09 10:54:14,601 - root - INFO - Updating Excel sheet with scraped data
2026-04-09 10:54:15,144 - excel.graph_api - INFO - Retrieved drive ID: b!MXUqfmBgAkyqAi_g7J1PO_6yKSWnHbZCs3mpe4EkYuX6d8izcdJxRb78S6OW5SIB
2026-04-09 10:54:19,576 - excel.graph_api - INFO - Retrieved 1453 rows from Excel
2026-04-09 10:54:22,655 - excel.graph_api - INFO - Updating range A1455:P1458 with 4 new entries
2026-04-09 10:54:26,554 - excel.graph_api - INFO - Successfully added 4 new tournaments to Excel
2026-04-09 10:54:26,556 - root - INFO - Excel sheet updated successfully
2026-04-09 10:54:26,632 - scraper.selenium_scraper - INFO - Chrome driver closed
2026-04-09 10:54:26,632 - root - INFO - Selenium driver closed
2026-04-09 10:54:26,632 - root - INFO - Script execution completed
