2025-11-07 10:15:33,941 - root - INFO - Logger initialized successfully
2025-11-07 10:15:33,942 - root - INFO - Log file: /home/runner/work/super-player-auction-scraper/super-player-auction-scraper/logs/scraper_20251107_101533.log
2025-11-07 10:15:33,942 - root - INFO - Starting Super Player Auction scraper
2025-11-07 10:15:33,942 - utils.config - INFO - Credentials loaded from environment variables
2025-11-07 10:15:33,942 - utils.config - INFO - Settings loaded successfully
2025-11-07 10:15:33,942 - root - INFO - Initializing Selenium scraper
2025-11-07 10:15:33,942 - scraper.selenium_scraper - INFO - Running in GitHub Actions environment
2025-11-07 10:15:41,301 - scraper.selenium_scraper - INFO - Chrome driver initialized successfully
2025-11-07 10:15:41,301 - root - INFO - Scraping tournament data
2025-11-07 10:15:41,301 - scraper.selenium_scraper - INFO - Starting to scrape tournament data
2025-11-07 10:15:42,278 - scraper.selenium_scraper - INFO - Waiting for page to load...
2025-11-07 10:15:47,283 - scraper.selenium_scraper - INFO - Scrolling to load all auction cards...
2025-11-07 10:15:59,435 - scraper.selenium_scraper - INFO - Saved page screenshot to /home/runner/work/super-player-auction-scraper/super-player-auction-scraper/logs/screenshots/page_loaded_20251107101559.png
2025-11-07 10:15:59,435 - scraper.selenium_scraper - INFO - Looking for auction cards...
2025-11-07 10:15:59,463 - scraper.selenium_scraper - INFO - Found 20 auction cards
2025-11-07 10:16:00,186 - scraper.selenium_scraper - INFO - Scraped tournament 1: Sarsangan U19 Boys & Girls Cricket Series 2025-26
2025-11-07 10:16:00,944 - scraper.selenium_scraper - INFO - Scraped tournament 2: VICTORIOUS PREMIER LEAGUE
2025-11-07 10:16:01,627 - scraper.selenium_scraper - INFO - Scraped tournament 3: KATEEL PREMIER LEAGUE 2025
2025-11-07 10:16:02,315 - scraper.selenium_scraper - INFO - Scraped tournament 4: UPL 2025
2025-11-07 10:16:02,998 - scraper.selenium_scraper - INFO - Scraped tournament 5: DEORI PREMIER LEAGUE
2025-11-07 10:16:03,682 - scraper.selenium_scraper - INFO - Scraped tournament 6: The Yellow Elephant Interiors SPL S2
2025-11-07 10:16:04,368 - scraper.selenium_scraper - INFO - Scraped tournament 7: DIB Hyderabad S1
2025-11-07 10:16:05,048 - scraper.selenium_scraper - INFO - Scraped tournament 8: Plutus cup 2025-2026
2025-11-07 10:16:05,730 - scraper.selenium_scraper - INFO - Scraped tournament 9: FCC Champions League-8
2025-11-07 10:16:06,423 - scraper.selenium_scraper - INFO - Scraped tournament 10: HJPL SEASON -13
2025-11-07 10:16:07,109 - scraper.selenium_scraper - INFO - Scraped tournament 11: नीमच क्रिकेट लीग 2025
2025-11-07 10:16:07,788 - scraper.selenium_scraper - INFO - Scraped tournament 12: TNPL PREMIER LEAGUE SEASON 4
2025-11-07 10:16:08,469 - scraper.selenium_scraper - INFO - Scraped tournament 13: DDS PREMIER LEAGUE SEASON 3
2025-11-07 10:16:09,153 - scraper.selenium_scraper - INFO - Scraped tournament 14: ICCPL Men's Auction 2025
2025-11-07 10:16:09,835 - scraper.selenium_scraper - INFO - Scraped tournament 15: ICCPL Women's Auction 2025
2025-11-07 10:16:10,519 - scraper.selenium_scraper - INFO - Scraped tournament 16: Arjun DEMO
2025-11-07 10:16:11,203 - scraper.selenium_scraper - INFO - Scraped tournament 17: ABSA BUNTS CUP 4TH EDITION
2025-11-07 10:16:11,889 - scraper.selenium_scraper - INFO - Scraped tournament 18: CCL 2.0 PREMIER LEAGUE SEASON 1
2025-11-07 10:16:12,570 - scraper.selenium_scraper - INFO - Scraped tournament 19: BARAMATI CUP 2025 SEASON - 03
2025-11-07 10:16:13,251 - scraper.selenium_scraper - INFO - Scraped tournament 20: SSPL Season 4
2025-11-07 10:16:13,251 - root - INFO - Successfully scraped 20 tournaments
2025-11-07 10:16:13,251 - root - INFO - Saved scraped data to /home/runner/work/super-player-auction-scraper/super-player-auction-scraper/data/tournament_data_20251107-101613.json
2025-11-07 10:16:13,251 - root - INFO - Initializing Graph API
2025-11-07 10:16:13,252 - excel.graph_api - INFO - Extracted file ID: 9e836ed5-f58f-4dc7-a969-3c62b255f3ea
2025-11-07 10:16:13,252 - excel.graph_api - INFO - Extracted site ID: CorpDevaaf94619130d4a79af9f3aeae502bdb5
2025-11-07 10:16:13,252 - root - INFO - Authenticating with Microsoft Graph API
2025-11-07 10:16:13,484 - excel.graph_api - INFO - Authentication successful
2025-11-07 10:16:13,484 - root - INFO - Updating Excel sheet with scraped data
2025-11-07 10:16:13,960 - excel.graph_api - INFO - Retrieved drive ID: b!MXUqfmBgAkyqAi_g7J1PO_6yKSWnHbZCs3mpe4EkYuX6d8izcdJxRb78S6OW5SIB
2025-11-07 10:16:15,183 - excel.graph_api - INFO - Retrieved 716 rows from Excel
2025-11-07 10:16:15,955 - excel.graph_api - INFO - Updating range A718:M720 with 3 new entries
2025-11-07 10:16:16,977 - excel.graph_api - INFO - Successfully added 3 new tournaments to Excel
2025-11-07 10:16:16,979 - root - INFO - Excel sheet updated successfully
2025-11-07 10:16:17,046 - scraper.selenium_scraper - INFO - Chrome driver closed
2025-11-07 10:16:17,046 - root - INFO - Selenium driver closed
2025-11-07 10:16:17,047 - root - INFO - Script execution completed
