2026-05-21 12:39:28,284 - root - INFO - Logger initialized successfully
2026-05-21 12:39:28,284 - root - INFO - Log file: /home/runner/work/super-player-auction-scraper/super-player-auction-scraper/logs/scraper_20260521_123928.log
2026-05-21 12:39:28,284 - root - INFO - Starting Super Player Auction scraper
2026-05-21 12:39:28,285 - utils.config - INFO - Credentials loaded from environment variables
2026-05-21 12:39:28,285 - utils.config - INFO - Settings loaded successfully
2026-05-21 12:39:28,285 - root - INFO - Initializing Selenium scraper
2026-05-21 12:39:28,285 - scraper.selenium_scraper - INFO - Running in GitHub Actions environment
2026-05-21 12:39:29,827 - selenium.webdriver.common.selenium_manager - WARNING - The chromedriver version (148.0.7778.167) detected in PATH at /usr/bin/chromedriver might not be compatible with the detected chrome version (148.0.7778.167); currently, chromedriver 148.0.7778.178 is recommended for chrome 148.*, so it is advised to delete the driver in PATH and retry
2026-05-21 12:39:34,889 - scraper.selenium_scraper - INFO - Chrome driver initialized successfully
2026-05-21 12:39:34,889 - root - INFO - Scraping tournament data
2026-05-21 12:39:34,889 - scraper.selenium_scraper - INFO - Starting to scrape tournament data
2026-05-21 12:39:35,697 - scraper.selenium_scraper - INFO - Waiting for page to load...
2026-05-21 12:39:40,701 - scraper.selenium_scraper - INFO - Scrolling to load all auction cards...
2026-05-21 12:39:52,863 - scraper.selenium_scraper - INFO - Saved page screenshot to /home/runner/work/super-player-auction-scraper/super-player-auction-scraper/logs/screenshots/page_loaded_20260521123952.png
2026-05-21 12:39:52,863 - scraper.selenium_scraper - INFO - Looking for auction cards...
2026-05-21 12:39:52,885 - scraper.selenium_scraper - INFO - Found 20 auction cards
2026-05-21 12:39:53,598 - scraper.selenium_scraper - INFO - Scraped tournament 1: Nexion Pickleball Premier League
2026-05-21 12:39:54,273 - scraper.selenium_scraper - INFO - Scraped tournament 2: Hariprabodham Cricket League Season 4.0
2026-05-21 12:39:54,950 - scraper.selenium_scraper - INFO - Scraped tournament 3: ROHAT PREMIER LEAGUE
2026-05-21 12:39:55,662 - scraper.selenium_scraper - INFO - Scraped tournament 4: Tekari Premier League
2026-05-21 12:39:56,335 - scraper.selenium_scraper - INFO - Scraped tournament 5: DB CUP
2026-05-21 12:39:57,010 - scraper.selenium_scraper - INFO - Scraped tournament 6: CBBL 6 AUCTION
2026-05-21 12:39:57,683 - scraper.selenium_scraper - INFO - Scraped tournament 7: SUPER FOOTBALL CHAMPIONSHIP
2026-05-21 12:39:58,356 - scraper.selenium_scraper - INFO - Scraped tournament 8: REPUBLIC CUP 2.0
2026-05-21 12:39:59,032 - scraper.selenium_scraper - INFO - Scraped tournament 9: Auction Demo Jodi
2026-05-21 12:39:59,704 - scraper.selenium_scraper - INFO - Scraped tournament 10: Super Cricket League
2026-05-21 12:40:00,385 - scraper.selenium_scraper - INFO - Scraped tournament 11: SIKAR PREMIER LEAGUE 2025
2026-05-21 12:40:01,059 - scraper.selenium_scraper - INFO - Scraped tournament 12: BJP
2026-05-21 12:40:01,734 - scraper.selenium_scraper - INFO - Scraped tournament 13: SUPER LEAGUE GROUP
2026-05-21 12:40:02,408 - scraper.selenium_scraper - INFO - Scraped tournament 14: SUPER CRICKET LEAGUE
2026-05-21 12:40:03,084 - scraper.selenium_scraper - INFO - Scraped tournament 15: સલડી પાટીદાર પ્રીમિયર લીગ 1.0
2026-05-21 12:40:03,760 - scraper.selenium_scraper - INFO - Scraped tournament 16: JOGALSAR PREMIER LEAGUE SEASON 5
2026-05-21 12:40:04,436 - scraper.selenium_scraper - INFO - Scraped tournament 17: MANORANJAN CUP 2026 BADMINTON MEN
2026-05-21 12:40:05,108 - scraper.selenium_scraper - INFO - Scraped tournament 18: MANORANJAN CUP 2026 BADMINTON WOMEN
2026-05-21 12:40:05,791 - scraper.selenium_scraper - INFO - Scraped tournament 19: MANORANJAN CUP 2026 BADMINTON KIDS
2026-05-21 12:40:06,463 - scraper.selenium_scraper - INFO - Scraped tournament 20: RSPL 2026
2026-05-21 12:40:06,463 - root - INFO - Successfully scraped 20 tournaments
2026-05-21 12:40:06,463 - root - INFO - Saved scraped data to /home/runner/work/super-player-auction-scraper/super-player-auction-scraper/data/tournament_data_20260521-124006.json
2026-05-21 12:40:06,464 - root - INFO - Initializing Graph API
2026-05-21 12:40:06,464 - excel.graph_api - INFO - Extracted file ID: 9e836ed5-f58f-4dc7-a969-3c62b255f3ea
2026-05-21 12:40:06,464 - excel.graph_api - INFO - Extracted site ID: CorpDevaaf94619130d4a79af9f3aeae502bdb5
2026-05-21 12:40:06,464 - root - INFO - Authenticating with Microsoft Graph API
2026-05-21 12:40:06,713 - excel.graph_api - INFO - Authentication successful
2026-05-21 12:40:06,713 - root - INFO - Updating Excel sheet with scraped data
2026-05-21 12:40:07,541 - excel.graph_api - INFO - Retrieved drive ID: b!MXUqfmBgAkyqAi_g7J1PO_6yKSWnHbZCs3mpe4EkYuX6d8izcdJxRb78S6OW5SIB
2026-05-21 12:40:09,090 - excel.graph_api - INFO - Retrieved 1619 rows from Excel
2026-05-21 12:40:10,048 - excel.graph_api - INFO - No new tournaments to add
2026-05-21 12:40:10,049 - root - INFO - Excel sheet updated successfully
2026-05-21 12:40:10,114 - scraper.selenium_scraper - INFO - Chrome driver closed
2026-05-21 12:40:10,114 - root - INFO - Selenium driver closed
2026-05-21 12:40:10,114 - root - INFO - Script execution completed
