2026-06-11 18:07:37,262 - root - INFO - Logger initialized successfully
2026-06-11 18:07:37,262 - root - INFO - Log file: /home/runner/work/super-player-auction-scraper/super-player-auction-scraper/logs/scraper_20260611_180737.log
2026-06-11 18:07:37,262 - root - INFO - Starting Super Player Auction scraper
2026-06-11 18:07:37,262 - utils.config - INFO - Credentials loaded from environment variables
2026-06-11 18:07:37,262 - utils.config - INFO - Settings loaded successfully
2026-06-11 18:07:37,262 - root - INFO - Initializing Selenium scraper
2026-06-11 18:07:37,263 - scraper.selenium_scraper - INFO - Running in GitHub Actions environment
2026-06-11 18:07:41,974 - selenium.webdriver.common.selenium_manager - WARNING - The chromedriver version (149.0.7827.54) detected in PATH at /usr/bin/chromedriver might not be compatible with the detected chrome version (149.0.7827.53); currently, chromedriver 149.0.7827.55 is recommended for chrome 149.*, so it is advised to delete the driver in PATH and retry
2026-06-11 18:08:01,048 - scraper.selenium_scraper - INFO - Chrome driver initialized successfully
2026-06-11 18:08:01,048 - root - INFO - Scraping tournament data
2026-06-11 18:08:01,048 - scraper.selenium_scraper - INFO - Starting to scrape tournament data
2026-06-11 18:08:03,172 - scraper.selenium_scraper - INFO - Waiting for page to load...
2026-06-11 18:08:08,177 - scraper.selenium_scraper - INFO - Scrolling to load all auction cards...
2026-06-11 18:08:20,446 - scraper.selenium_scraper - INFO - Saved page screenshot to /home/runner/work/super-player-auction-scraper/super-player-auction-scraper/logs/screenshots/page_loaded_20260611180820.png
2026-06-11 18:08:20,447 - scraper.selenium_scraper - INFO - Looking for auction cards...
2026-06-11 18:08:20,483 - scraper.selenium_scraper - INFO - Found 20 auction cards
2026-06-11 18:08:21,203 - scraper.selenium_scraper - INFO - Scraped tournament 1: MALAPPURAM PREMIER LEAGUE S3 (RIYADH, KSA - 03 July 2026)
2026-06-11 18:08:21,873 - scraper.selenium_scraper - INFO - Scraped tournament 2: RRC - JEET KI JUNG
2026-06-11 18:08:22,621 - scraper.selenium_scraper - INFO - Scraped tournament 3: SUPER FOOTBALL CHAMPIONSHIP
2026-06-11 18:08:23,290 - scraper.selenium_scraper - INFO - Scraped tournament 4: पोकरण प्रीमियर लीग
2026-06-11 18:08:23,961 - scraper.selenium_scraper - INFO - Scraped tournament 5: DB CUP
2026-06-11 18:08:24,631 - scraper.selenium_scraper - INFO - Scraped tournament 6: Dream UTT Juniors Season 2
2026-06-11 18:08:25,299 - scraper.selenium_scraper - INFO - Scraped tournament 7: REPUBLIC CUP 2.0
2026-06-11 18:08:25,967 - scraper.selenium_scraper - INFO - Scraped tournament 8: Auction Demo Jodi
2026-06-11 18:08:26,637 - scraper.selenium_scraper - INFO - Scraped tournament 9: Super Cricket League
2026-06-11 18:08:27,306 - scraper.selenium_scraper - INFO - Scraped tournament 10: SIKAR PREMIER LEAGUE 2025
2026-06-11 18:08:27,983 - scraper.selenium_scraper - INFO - Scraped tournament 11: BJP
2026-06-11 18:08:28,652 - scraper.selenium_scraper - INFO - Scraped tournament 12: SUPER LEAGUE GROUP
2026-06-11 18:08:29,321 - scraper.selenium_scraper - INFO - Scraped tournament 13: SUPER CRICKET LEAGUE
2026-06-11 18:08:29,988 - scraper.selenium_scraper - INFO - Scraped tournament 14: ANNANUR PREMIER LEAGUE (APL)SEASON -3(2026)
2026-06-11 18:08:30,657 - scraper.selenium_scraper - INFO - Scraped tournament 15: KPL 2026
2026-06-11 18:08:31,326 - scraper.selenium_scraper - INFO - Scraped tournament 16: PALAKKAD CRICKET LEAGUE SEASON 2 - 2026
2026-06-11 18:08:31,999 - scraper.selenium_scraper - INFO - Scraped tournament 17: ELITETANK SPORTS PRESENT SHIRSAT SPORTS WOMEN PREMIER LEAGUE 2026
2026-06-11 18:08:32,666 - scraper.selenium_scraper - INFO - Scraped tournament 18: TOLIYASAR PREMIER LEAGUE (TPL) SEASON 3
2026-06-11 18:08:33,333 - scraper.selenium_scraper - INFO - Scraped tournament 19: JITO Pitch × Profit Powered By Sharp Ply
2026-06-11 18:08:34,011 - scraper.selenium_scraper - INFO - Scraped tournament 20: Himachal Tennis Cricket League T10
2026-06-11 18:08:34,011 - root - INFO - Successfully scraped 20 tournaments
2026-06-11 18:08:34,011 - root - INFO - Saved scraped data to /home/runner/work/super-player-auction-scraper/super-player-auction-scraper/data/tournament_data_20260611-180834.json
2026-06-11 18:08:34,011 - root - INFO - Initializing Graph API
2026-06-11 18:08:34,012 - excel.graph_api - INFO - Extracted file ID: 9e836ed5-f58f-4dc7-a969-3c62b255f3ea
2026-06-11 18:08:34,012 - excel.graph_api - INFO - Extracted site ID: CorpDevaaf94619130d4a79af9f3aeae502bdb5
2026-06-11 18:08:34,012 - root - INFO - Authenticating with Microsoft Graph API
2026-06-11 18:08:34,381 - excel.graph_api - INFO - Authentication successful
2026-06-11 18:08:34,381 - root - INFO - Updating Excel sheet with scraped data
2026-06-11 18:08:35,339 - excel.graph_api - INFO - Retrieved drive ID: b!MXUqfmBgAkyqAi_g7J1PO_6yKSWnHbZCs3mpe4EkYuX6d8izcdJxRb78S6OW5SIB
2026-06-11 18:08:38,292 - excel.graph_api - INFO - Retrieved 1682 rows from Excel
2026-06-11 18:08:39,886 - excel.graph_api - INFO - No new tournaments to add
2026-06-11 18:08:39,888 - root - INFO - Excel sheet updated successfully
2026-06-11 18:08:39,953 - scraper.selenium_scraper - INFO - Chrome driver closed
2026-06-11 18:08:39,953 - root - INFO - Selenium driver closed
2026-06-11 18:08:39,953 - root - INFO - Script execution completed
