2025-10-07 15:14:12,112 - root - INFO - Logger initialized successfully
2025-10-07 15:14:12,112 - root - INFO - Log file: /home/runner/work/super-player-auction-scraper/super-player-auction-scraper/logs/scraper_20251007_151412.log
2025-10-07 15:14:12,113 - root - INFO - Starting Super Player Auction scraper
2025-10-07 15:14:12,113 - utils.config - INFO - Credentials loaded from environment variables
2025-10-07 15:14:12,113 - utils.config - INFO - Settings loaded successfully
2025-10-07 15:14:12,113 - root - INFO - Initializing Selenium scraper
2025-10-07 15:14:12,113 - scraper.selenium_scraper - INFO - Running in GitHub Actions environment
2025-10-07 15:14:19,176 - scraper.selenium_scraper - INFO - Chrome driver initialized successfully
2025-10-07 15:14:19,176 - root - INFO - Scraping tournament data
2025-10-07 15:14:19,176 - scraper.selenium_scraper - INFO - Starting to scrape tournament data
2025-10-07 15:14:19,936 - scraper.selenium_scraper - INFO - Waiting for page to load...
2025-10-07 15:14:24,942 - scraper.selenium_scraper - INFO - Scrolling to load all auction cards...
2025-10-07 15:14:37,056 - scraper.selenium_scraper - INFO - Saved page screenshot to /home/runner/work/super-player-auction-scraper/super-player-auction-scraper/logs/screenshots/page_loaded_20251007151437.png
2025-10-07 15:14:37,056 - scraper.selenium_scraper - INFO - Looking for auction cards...
2025-10-07 15:14:37,084 - scraper.selenium_scraper - INFO - Found 20 auction cards
2025-10-07 15:14:37,806 - scraper.selenium_scraper - INFO - Scraped tournament 1: BHAGALPUR CRICKET LEAGUE
2025-10-07 15:14:38,489 - scraper.selenium_scraper - INFO - Scraped tournament 2: THE DTC PREMIER LEAGUE SEASON -5
2025-10-07 15:14:39,172 - scraper.selenium_scraper - INFO - Scraped tournament 3: HALBITOLA PREMIER LEAGUE-3
2025-10-07 15:14:39,854 - scraper.selenium_scraper - INFO - Scraped tournament 4: United Premier League (Father's)
2025-10-07 15:14:40,536 - scraper.selenium_scraper - INFO - Scraped tournament 5: United Premier League Womens
2025-10-07 15:14:41,219 - scraper.selenium_scraper - INFO - Scraped tournament 6: ANCHOR PREMIER LEAGUE - MALE
2025-10-07 15:14:41,903 - scraper.selenium_scraper - INFO - Scraped tournament 7: ANCHOR PREMIER LEAGUE - FEMALE
2025-10-07 15:14:42,587 - scraper.selenium_scraper - INFO - Scraped tournament 8: Pond Premier League - Whispering Palms Season 1
2025-10-07 15:14:43,273 - scraper.selenium_scraper - INFO - Scraped tournament 9: FCCL SEASON 5 MALE
2025-10-07 15:14:43,952 - scraper.selenium_scraper - INFO - Scraped tournament 10: SmashIT v7 2025
2025-10-07 15:14:44,632 - scraper.selenium_scraper - INFO - Scraped tournament 11: KASRODIANS PREMIER LEAGUE SEASON -5
2025-10-07 15:14:45,319 - scraper.selenium_scraper - INFO - Scraped tournament 12: Dambab Premier League 2025
2025-10-07 15:14:45,998 - scraper.selenium_scraper - INFO - Scraped tournament 13: DDS PREMIER LEAGUE SEASON 3
2025-10-07 15:14:46,677 - scraper.selenium_scraper - INFO - Scraped tournament 14: TENNIS PREMIER LEAGUE
2025-10-07 15:14:47,359 - scraper.selenium_scraper - INFO - Scraped tournament 15: RAJASTHAN CUP SEASON 2
2025-10-07 15:14:48,037 - scraper.selenium_scraper - INFO - Scraped tournament 16: Ador Premier League Season 6
2025-10-07 15:14:48,717 - scraper.selenium_scraper - INFO - Scraped tournament 17: FRIENDS CRICKET PREMIER LEAGUE SEASON-3
2025-10-07 15:14:49,398 - scraper.selenium_scraper - INFO - Scraped tournament 18: VPL 2.0
2025-10-07 15:14:50,075 - scraper.selenium_scraper - INFO - Scraped tournament 19: PUSHKARNA PREMIER LEAGUE
2025-10-07 15:14:50,762 - scraper.selenium_scraper - INFO - Scraped tournament 20: CHAMPIONS CRICKET LEAGUE SEASON 2
2025-10-07 15:14:50,763 - root - INFO - Successfully scraped 20 tournaments
2025-10-07 15:14:50,763 - root - INFO - Saved scraped data to /home/runner/work/super-player-auction-scraper/super-player-auction-scraper/data/tournament_data_20251007-151450.json
2025-10-07 15:14:50,763 - root - INFO - Initializing Graph API
2025-10-07 15:14:50,764 - excel.graph_api - INFO - Extracted file ID: 9e836ed5-f58f-4dc7-a969-3c62b255f3ea
2025-10-07 15:14:50,764 - excel.graph_api - INFO - Extracted site ID: CorpDevaaf94619130d4a79af9f3aeae502bdb5
2025-10-07 15:14:50,764 - root - INFO - Authenticating with Microsoft Graph API
2025-10-07 15:14:50,925 - excel.graph_api - INFO - Authentication successful
2025-10-07 15:14:50,925 - root - INFO - Updating Excel sheet with scraped data
2025-10-07 15:14:51,357 - excel.graph_api - INFO - Retrieved drive ID: b!MXUqfmBgAkyqAi_g7J1PO_6yKSWnHbZCs3mpe4EkYuX6d8izcdJxRb78S6OW5SIB
2025-10-07 15:14:52,982 - excel.graph_api - INFO - Retrieved 599 rows from Excel
2025-10-07 15:14:53,930 - excel.graph_api - INFO - No new tournaments to add
2025-10-07 15:14:53,932 - root - INFO - Excel sheet updated successfully
2025-10-07 15:14:53,999 - scraper.selenium_scraper - INFO - Chrome driver closed
2025-10-07 15:14:53,999 - root - INFO - Selenium driver closed
2025-10-07 15:14:53,999 - root - INFO - Script execution completed
