2025-09-13 10:12:03,324 - root - INFO - Logger initialized successfully
2025-09-13 10:12:03,324 - root - INFO - Log file: /home/runner/work/super-player-auction-scraper/super-player-auction-scraper/logs/scraper_20250913_101203.log
2025-09-13 10:12:03,324 - root - INFO - Starting Super Player Auction scraper
2025-09-13 10:12:03,324 - utils.config - INFO - Credentials loaded from environment variables
2025-09-13 10:12:03,324 - utils.config - INFO - Settings loaded successfully
2025-09-13 10:12:03,324 - root - INFO - Initializing Selenium scraper
2025-09-13 10:12:03,325 - scraper.selenium_scraper - INFO - Running in GitHub Actions environment
2025-09-13 10:12:05,245 - selenium.webdriver.common.selenium_manager - WARNING - The chromedriver version (140.0.7339.80) detected in PATH at /usr/bin/chromedriver might not be compatible with the detected chrome version (140.0.7339.80); currently, chromedriver 140.0.7339.82 is recommended for chrome 140.*, so it is advised to delete the driver in PATH and retry
2025-09-13 10:12:14,555 - scraper.selenium_scraper - INFO - Chrome driver initialized successfully
2025-09-13 10:12:14,555 - root - INFO - Scraping tournament data
2025-09-13 10:12:14,555 - scraper.selenium_scraper - INFO - Starting to scrape tournament data
2025-09-13 10:12:15,364 - scraper.selenium_scraper - INFO - Waiting for page to load...
2025-09-13 10:12:20,369 - scraper.selenium_scraper - INFO - Scrolling to load all auction cards...
2025-09-13 10:12:32,477 - scraper.selenium_scraper - INFO - Saved page screenshot to /home/runner/work/super-player-auction-scraper/super-player-auction-scraper/logs/screenshots/page_loaded_20250913101232.png
2025-09-13 10:12:32,478 - scraper.selenium_scraper - INFO - Looking for auction cards...
2025-09-13 10:12:32,506 - scraper.selenium_scraper - INFO - Found 20 auction cards
2025-09-13 10:12:33,228 - scraper.selenium_scraper - INFO - Scraped tournament 1: Sarsangan U19 Boys & Girls Cricket Series 2025-26
2025-09-13 10:12:33,965 - scraper.selenium_scraper - INFO - Scraped tournament 2: Sarsangan +40 Cricket Series 2025-26
2025-09-13 10:12:34,651 - scraper.selenium_scraper - INFO - Scraped tournament 3: Sarsangan +45 Veterans Cricket Series 2025-26
2025-09-13 10:12:35,340 - scraper.selenium_scraper - INFO - Scraped tournament 4: Sarsangan Super Series Cricket 2025-26
2025-09-13 10:12:36,031 - scraper.selenium_scraper - INFO - Scraped tournament 5: Mali Premier League Balotra
2025-09-13 10:12:36,731 - scraper.selenium_scraper - INFO - Scraped tournament 6: ANANDRATHI T20 CRICKET LEAGUE SEASON 5
2025-09-13 10:12:37,434 - scraper.selenium_scraper - INFO - Scraped tournament 7: NATIONAL DAY SUPER CUP 2025
2025-09-13 10:12:38,127 - scraper.selenium_scraper - INFO - Scraped tournament 8: MEDICAL CRICKET LEAGUE
2025-09-13 10:12:38,812 - scraper.selenium_scraper - INFO - Scraped tournament 9: KABIR NAGAR KHEL SAMITI PROSOFT SESSION - 2025
2025-09-13 10:12:39,494 - scraper.selenium_scraper - INFO - Scraped tournament 10: JAIN PREMIER LEAGUE 4
2025-09-13 10:12:40,189 - scraper.selenium_scraper - INFO - Scraped tournament 11: KVSC Tournament 4 Sponser by UNISTONE
2025-09-13 10:12:40,871 - scraper.selenium_scraper - INFO - Scraped tournament 12: Monsoon Box League Season 3
2025-09-13 10:12:41,551 - scraper.selenium_scraper - INFO - Scraped tournament 13: BHAGALPUR CRICKET LEAGUE
2025-09-13 10:12:42,236 - scraper.selenium_scraper - INFO - Scraped tournament 14: NPL Titan Cup
2025-09-13 10:12:42,918 - scraper.selenium_scraper - INFO - Scraped tournament 15: IIA-IYC KALCO CUP
2025-09-13 10:12:43,601 - scraper.selenium_scraper - INFO - Scraped tournament 16: ICL SEASON 3
2025-09-13 10:12:44,286 - scraper.selenium_scraper - INFO - Scraped tournament 17: BEAT THE HEAT SEASON 4
2025-09-13 10:12:44,977 - scraper.selenium_scraper - INFO - Scraped tournament 18: SIDDHIVINAYAK PROFESSIONAL LEAGUE - 2025(Season - 2)
2025-09-13 10:12:45,657 - scraper.selenium_scraper - INFO - Scraped tournament 19: GONDA SINDHI PREMIER LEAGUE -3
2025-09-13 10:12:46,346 - scraper.selenium_scraper - INFO - Scraped tournament 20: DMCA BIG BASH 2025 Season-2
2025-09-13 10:12:46,346 - root - INFO - Successfully scraped 20 tournaments
2025-09-13 10:12:46,346 - root - INFO - Saved scraped data to /home/runner/work/super-player-auction-scraper/super-player-auction-scraper/data/tournament_data_20250913-101246.json
2025-09-13 10:12:46,346 - root - INFO - Initializing Graph API
2025-09-13 10:12:46,347 - excel.graph_api - INFO - Extracted file ID: 9e836ed5-f58f-4dc7-a969-3c62b255f3ea
2025-09-13 10:12:46,347 - excel.graph_api - INFO - Extracted site ID: CorpDevaaf94619130d4a79af9f3aeae502bdb5
2025-09-13 10:12:46,347 - root - INFO - Authenticating with Microsoft Graph API
2025-09-13 10:12:46,823 - excel.graph_api - INFO - Authentication successful
2025-09-13 10:12:46,823 - root - INFO - Updating Excel sheet with scraped data
2025-09-13 10:12:47,313 - excel.graph_api - INFO - Retrieved drive ID: b!MXUqfmBgAkyqAi_g7J1PO_6yKSWnHbZCs3mpe4EkYuX6d8izcdJxRb78S6OW5SIB
2025-09-13 10:12:48,380 - excel.graph_api - INFO - Retrieved 492 rows from Excel
2025-09-13 10:12:48,937 - excel.graph_api - INFO - Updating range A494:M497 with 4 new entries
2025-09-13 10:12:49,870 - excel.graph_api - INFO - Successfully added 4 new tournaments to Excel
2025-09-13 10:12:49,872 - root - INFO - Excel sheet updated successfully
2025-09-13 10:12:49,940 - scraper.selenium_scraper - INFO - Chrome driver closed
2025-09-13 10:12:49,940 - root - INFO - Selenium driver closed
2025-09-13 10:12:49,940 - root - INFO - Script execution completed
