2026-05-07 16:44:23,202 - root - INFO - Logger initialized successfully
2026-05-07 16:44:23,203 - root - INFO - Log file: /home/runner/work/super-player-auction-scraper/super-player-auction-scraper/logs/scraper_20260507_164423.log
2026-05-07 16:44:23,203 - root - INFO - Starting Super Player Auction scraper
2026-05-07 16:44:23,203 - utils.config - INFO - Credentials loaded from environment variables
2026-05-07 16:44:23,203 - utils.config - INFO - Settings loaded successfully
2026-05-07 16:44:23,203 - root - INFO - Initializing Selenium scraper
2026-05-07 16:44:23,203 - scraper.selenium_scraper - INFO - Running in GitHub Actions environment
2026-05-07 16:44:23,573 - selenium.webdriver.common.selenium_manager - WARNING - The chromedriver version (147.0.7727.56) detected in PATH at /usr/bin/chromedriver might not be compatible with the detected chrome version (147.0.7727.55); currently, chromedriver 147.0.7727.117 is recommended for chrome 147.*, so it is advised to delete the driver in PATH and retry
2026-05-07 16:44:24,733 - scraper.selenium_scraper - INFO - Chrome driver initialized successfully
2026-05-07 16:44:24,733 - root - INFO - Scraping tournament data
2026-05-07 16:44:24,733 - scraper.selenium_scraper - INFO - Starting to scrape tournament data
2026-05-07 16:44:25,112 - scraper.selenium_scraper - INFO - Waiting for page to load...
2026-05-07 16:44:30,117 - scraper.selenium_scraper - INFO - Scrolling to load all auction cards...
2026-05-07 16:44:42,222 - scraper.selenium_scraper - INFO - Saved page screenshot to /home/runner/work/super-player-auction-scraper/super-player-auction-scraper/logs/screenshots/page_loaded_20260507164442.png
2026-05-07 16:44:42,222 - scraper.selenium_scraper - INFO - Looking for auction cards...
2026-05-07 16:44:42,245 - scraper.selenium_scraper - INFO - Found 20 auction cards
2026-05-07 16:44:42,975 - scraper.selenium_scraper - INFO - Scraped tournament 1: Angara House Distribution
2026-05-07 16:44:43,666 - scraper.selenium_scraper - INFO - Scraped tournament 2: MANA TENNIS LEAUGE (Season 1)
2026-05-07 16:44:44,366 - scraper.selenium_scraper - INFO - Scraped tournament 3: SPL 3
2026-05-07 16:44:45,059 - scraper.selenium_scraper - INFO - Scraped tournament 4: SCL MANALI
2026-05-07 16:44:45,748 - scraper.selenium_scraper - INFO - Scraped tournament 5: Hariprabodham Cricket League Season 4.0
2026-05-07 16:44:46,435 - scraper.selenium_scraper - INFO - Scraped tournament 6: SUPER FOOTBALL CHAMPIONSHIP
2026-05-07 16:44:47,124 - scraper.selenium_scraper - INFO - Scraped tournament 7: REPUBLIC CUP 2.0
2026-05-07 16:44:47,810 - scraper.selenium_scraper - INFO - Scraped tournament 8: Auction Demo Jodi
2026-05-07 16:44:48,496 - scraper.selenium_scraper - INFO - Scraped tournament 9: Super Cricket League
2026-05-07 16:44:49,189 - scraper.selenium_scraper - INFO - Scraped tournament 10: SIKAR PREMIER LEAGUE 2025
2026-05-07 16:44:49,883 - scraper.selenium_scraper - INFO - Scraped tournament 11: BJP
2026-05-07 16:44:50,569 - scraper.selenium_scraper - INFO - Scraped tournament 12: SUPER LEAGUE GROUP
2026-05-07 16:44:51,254 - scraper.selenium_scraper - INFO - Scraped tournament 13: SUPER CRICKET LEAGUE
2026-05-07 16:44:51,940 - scraper.selenium_scraper - INFO - Scraped tournament 14: CHIP & PUTT LEAGUE
2026-05-07 16:44:52,626 - scraper.selenium_scraper - INFO - Scraped tournament 15: Ispat Super Prosoft League
2026-05-07 16:44:53,317 - scraper.selenium_scraper - INFO - Scraped tournament 16: राजलदेसर का IPL
2026-05-07 16:44:54,004 - scraper.selenium_scraper - INFO - Scraped tournament 17: JYJ FEMALE PREMIER LEAGUE
2026-05-07 16:44:54,694 - scraper.selenium_scraper - INFO - Scraped tournament 18: JYJ PREMIER LEAGUE
2026-05-07 16:44:55,389 - scraper.selenium_scraper - INFO - Scraped tournament 19: SWARNAKAR PREMIER LEAGUE
2026-05-07 16:44:56,074 - scraper.selenium_scraper - INFO - Scraped tournament 20: KESHKAL PREMIER LEAGUE SEASON - 2
2026-05-07 16:44:56,074 - root - INFO - Successfully scraped 20 tournaments
2026-05-07 16:44:56,074 - root - INFO - Saved scraped data to /home/runner/work/super-player-auction-scraper/super-player-auction-scraper/data/tournament_data_20260507-164456.json
2026-05-07 16:44:56,074 - root - INFO - Initializing Graph API
2026-05-07 16:44:56,075 - excel.graph_api - INFO - Extracted file ID: 9e836ed5-f58f-4dc7-a969-3c62b255f3ea
2026-05-07 16:44:56,075 - excel.graph_api - INFO - Extracted site ID: CorpDevaaf94619130d4a79af9f3aeae502bdb5
2026-05-07 16:44:56,075 - root - INFO - Authenticating with Microsoft Graph API
2026-05-07 16:44:56,438 - excel.graph_api - INFO - Authentication successful
2026-05-07 16:44:56,438 - root - INFO - Updating Excel sheet with scraped data
2026-05-07 16:44:57,318 - excel.graph_api - INFO - Retrieved drive ID: b!MXUqfmBgAkyqAi_g7J1PO_6yKSWnHbZCs3mpe4EkYuX6d8izcdJxRb78S6OW5SIB
2026-05-07 16:44:59,513 - excel.graph_api - INFO - Retrieved 1574 rows from Excel
2026-05-07 16:45:00,644 - excel.graph_api - INFO - No new tournaments to add
2026-05-07 16:45:00,646 - root - INFO - Excel sheet updated successfully
2026-05-07 16:45:00,722 - scraper.selenium_scraper - INFO - Chrome driver closed
2026-05-07 16:45:00,722 - root - INFO - Selenium driver closed
2026-05-07 16:45:00,722 - root - INFO - Script execution completed
