2026-04-12 10:32:38,860 - root - INFO - Logger initialized successfully
2026-04-12 10:32:38,861 - root - INFO - Log file: /home/runner/work/super-player-auction-scraper/super-player-auction-scraper/logs/scraper_20260412_103238.log
2026-04-12 10:32:38,861 - root - INFO - Starting Super Player Auction scraper
2026-04-12 10:32:38,861 - utils.config - INFO - Credentials loaded from environment variables
2026-04-12 10:32:38,861 - utils.config - INFO - Settings loaded successfully
2026-04-12 10:32:38,861 - root - INFO - Initializing Selenium scraper
2026-04-12 10:32:38,861 - scraper.selenium_scraper - INFO - Running in GitHub Actions environment
2026-04-12 10:32:48,274 - scraper.selenium_scraper - INFO - Chrome driver initialized successfully
2026-04-12 10:32:48,274 - root - INFO - Scraping tournament data
2026-04-12 10:32:48,274 - scraper.selenium_scraper - INFO - Starting to scrape tournament data
2026-04-12 10:32:49,001 - scraper.selenium_scraper - INFO - Waiting for page to load...
2026-04-12 10:32:54,007 - scraper.selenium_scraper - INFO - Scrolling to load all auction cards...
2026-04-12 10:33:06,211 - scraper.selenium_scraper - INFO - Saved page screenshot to /home/runner/work/super-player-auction-scraper/super-player-auction-scraper/logs/screenshots/page_loaded_20260412103306.png
2026-04-12 10:33:06,211 - scraper.selenium_scraper - INFO - Looking for auction cards...
2026-04-12 10:33:06,239 - scraper.selenium_scraper - INFO - Found 20 auction cards
2026-04-12 10:33:07,003 - scraper.selenium_scraper - INFO - Scraped tournament 1: MGPL CRICKET TOURNAMENT
2026-04-12 10:33:07,744 - scraper.selenium_scraper - INFO - Scraped tournament 2: Nashik Women's Premier League
2026-04-12 10:33:08,451 - scraper.selenium_scraper - INFO - Scraped tournament 3: AHILYANAGAR PREMIER LEAGUE U/16 (season 2)
2026-04-12 10:33:09,143 - scraper.selenium_scraper - INFO - Scraped tournament 4: WOMENS AHILYANAGAR PREMIER LEAGUE
2026-04-12 10:33:09,840 - scraper.selenium_scraper - INFO - Scraped tournament 5: CAPL - Season 2
2026-04-12 10:33:10,546 - scraper.selenium_scraper - INFO - Scraped tournament 6: Vagad Football League 2026
2026-04-12 10:33:11,254 - scraper.selenium_scraper - INFO - Scraped tournament 7: SmashIT v8, 2026
2026-04-12 10:33:11,948 - scraper.selenium_scraper - INFO - Scraped tournament 8: Chhattisgarh Cricket Champions League T20
2026-04-12 10:33:12,639 - scraper.selenium_scraper - INFO - Scraped tournament 9: ROHAT PREMIER LEAGUE
2026-04-12 10:33:13,326 - scraper.selenium_scraper - INFO - Scraped tournament 10: SUPER FOOTBALL CHAMPIONSHIP
2026-04-12 10:33:14,029 - scraper.selenium_scraper - INFO - Scraped tournament 11: Auction Demo Jodi
2026-04-12 10:33:14,724 - scraper.selenium_scraper - INFO - Scraped tournament 12: Super Cricket League
2026-04-12 10:33:15,405 - scraper.selenium_scraper - INFO - Scraped tournament 13: SIKAR PREMIER LEAGUE 2025
2026-04-12 10:33:16,093 - scraper.selenium_scraper - INFO - Scraped tournament 14: BJP
2026-04-12 10:33:16,778 - scraper.selenium_scraper - INFO - Scraped tournament 15: SUPER LEAGUE GROUP
2026-04-12 10:33:17,463 - scraper.selenium_scraper - INFO - Scraped tournament 16: SUPER CRICKET LEAGUE
2026-04-12 10:33:18,153 - scraper.selenium_scraper - INFO - Scraped tournament 17: KMPL SEASON 4
2026-04-12 10:33:18,850 - scraper.selenium_scraper - INFO - Scraped tournament 18: SEPL TURF Tournament 2026
2026-04-12 10:33:19,560 - scraper.selenium_scraper - INFO - Scraped tournament 19: Mohba Bazar Premier League Season 14
2026-04-12 10:33:20,244 - scraper.selenium_scraper - INFO - Scraped tournament 20: SILVER STAR LEAGUE
2026-04-12 10:33:20,244 - root - INFO - Successfully scraped 20 tournaments
2026-04-12 10:33:20,245 - root - INFO - Saved scraped data to /home/runner/work/super-player-auction-scraper/super-player-auction-scraper/data/tournament_data_20260412-103320.json
2026-04-12 10:33:20,245 - root - INFO - Initializing Graph API
2026-04-12 10:33:20,246 - excel.graph_api - INFO - Extracted file ID: 9e836ed5-f58f-4dc7-a969-3c62b255f3ea
2026-04-12 10:33:20,246 - excel.graph_api - INFO - Extracted site ID: CorpDevaaf94619130d4a79af9f3aeae502bdb5
2026-04-12 10:33:20,246 - root - INFO - Authenticating with Microsoft Graph API
2026-04-12 10:33:20,430 - excel.graph_api - INFO - Authentication successful
2026-04-12 10:33:20,430 - root - INFO - Updating Excel sheet with scraped data
2026-04-12 10:33:21,201 - excel.graph_api - INFO - Retrieved drive ID: b!MXUqfmBgAkyqAi_g7J1PO_6yKSWnHbZCs3mpe4EkYuX6d8izcdJxRb78S6OW5SIB
2026-04-12 10:33:25,412 - excel.graph_api - INFO - Retrieved 1466 rows from Excel
2026-04-12 10:33:29,394 - excel.graph_api - INFO - Updating range A1468:P1468 with 1 new entries
2026-04-12 10:33:32,577 - excel.graph_api - INFO - Successfully added 1 new tournaments to Excel
2026-04-12 10:33:32,579 - root - INFO - Excel sheet updated successfully
2026-04-12 10:33:32,647 - scraper.selenium_scraper - INFO - Chrome driver closed
2026-04-12 10:33:32,648 - root - INFO - Selenium driver closed
2026-04-12 10:33:32,648 - root - INFO - Script execution completed
