2026-06-09 17:18:57,384 - root - INFO - Logger initialized successfully
2026-06-09 17:18:57,384 - root - INFO - Log file: /home/runner/work/super-player-auction-scraper/super-player-auction-scraper/logs/scraper_20260609_171857.log
2026-06-09 17:18:57,384 - root - INFO - Starting Super Player Auction scraper
2026-06-09 17:18:57,384 - utils.config - INFO - Credentials loaded from environment variables
2026-06-09 17:18:57,384 - utils.config - INFO - Settings loaded successfully
2026-06-09 17:18:57,384 - root - INFO - Initializing Selenium scraper
2026-06-09 17:18:57,384 - scraper.selenium_scraper - INFO - Running in GitHub Actions environment
2026-06-09 17:19:03,619 - scraper.selenium_scraper - INFO - Chrome driver initialized successfully
2026-06-09 17:19:03,619 - root - INFO - Scraping tournament data
2026-06-09 17:19:03,620 - scraper.selenium_scraper - INFO - Starting to scrape tournament data
2026-06-09 17:19:04,310 - scraper.selenium_scraper - INFO - Waiting for page to load...
2026-06-09 17:19:09,315 - scraper.selenium_scraper - INFO - Scrolling to load all auction cards...
2026-06-09 17:19:21,439 - scraper.selenium_scraper - INFO - Saved page screenshot to /home/runner/work/super-player-auction-scraper/super-player-auction-scraper/logs/screenshots/page_loaded_20260609171921.png
2026-06-09 17:19:21,439 - scraper.selenium_scraper - INFO - Looking for auction cards...
2026-06-09 17:19:21,468 - scraper.selenium_scraper - INFO - Found 20 auction cards
2026-06-09 17:19:22,203 - scraper.selenium_scraper - INFO - Scraped tournament 1: CBL Season 6
2026-06-09 17:19:22,896 - scraper.selenium_scraper - INFO - Scraped tournament 2: MALAPPURAM PREMIER LEAGUE S3 (RIYADH, KSA - 03 July 2026)
2026-06-09 17:19:23,627 - scraper.selenium_scraper - INFO - Scraped tournament 3: HEERAPUR PREMIER LEAGUE SEASON - 2
2026-06-09 17:19:24,319 - scraper.selenium_scraper - INFO - Scraped tournament 4: RRC - JEET KI JUNG
2026-06-09 17:19:25,009 - scraper.selenium_scraper - INFO - Scraped tournament 5: SUPER FOOTBALL CHAMPIONSHIP
2026-06-09 17:19:25,701 - scraper.selenium_scraper - INFO - Scraped tournament 6: DB CUP
2026-06-09 17:19:26,388 - scraper.selenium_scraper - INFO - Scraped tournament 7: REPUBLIC CUP 2.0
2026-06-09 17:19:27,079 - scraper.selenium_scraper - INFO - Scraped tournament 8: Auction Demo Jodi
2026-06-09 17:19:27,772 - scraper.selenium_scraper - INFO - Scraped tournament 9: Super Cricket League
2026-06-09 17:19:28,469 - scraper.selenium_scraper - INFO - Scraped tournament 10: SIKAR PREMIER LEAGUE 2025
2026-06-09 17:19:29,157 - scraper.selenium_scraper - INFO - Scraped tournament 11: BJP
2026-06-09 17:19:29,848 - scraper.selenium_scraper - INFO - Scraped tournament 12: SUPER LEAGUE GROUP
2026-06-09 17:19:30,544 - scraper.selenium_scraper - INFO - Scraped tournament 13: SUPER CRICKET LEAGUE
2026-06-09 17:19:31,235 - scraper.selenium_scraper - INFO - Scraped tournament 14: Battle Box season -3
2026-06-09 17:19:31,929 - scraper.selenium_scraper - INFO - Scraped tournament 15: ANNANUR PREMIER LEAGUE (APL)SEASON -3(2026)
2026-06-09 17:19:32,621 - scraper.selenium_scraper - INFO - Scraped tournament 16: ELITETANK SPORTS PRESENT SHIRSAT SPORTS WOMEN PREMIER LEAGUE 2026
2026-06-09 17:19:33,308 - scraper.selenium_scraper - INFO - Scraped tournament 17: PALAKKAD CRICKET LEAGUE SEASON 2 - 2026
2026-06-09 17:19:34,030 - scraper.selenium_scraper - INFO - Scraped tournament 18: KPL 2026
2026-06-09 17:19:34,719 - scraper.selenium_scraper - INFO - Scraped tournament 19: TOLIYASAR PREMIER LEAGUE (TPL) SEASON 3
2026-06-09 17:19:35,410 - scraper.selenium_scraper - INFO - Scraped tournament 20: JITO Pitch × Profit Powered By Sharp Ply
2026-06-09 17:19:35,410 - root - INFO - Successfully scraped 20 tournaments
2026-06-09 17:19:35,411 - root - INFO - Saved scraped data to /home/runner/work/super-player-auction-scraper/super-player-auction-scraper/data/tournament_data_20260609-171935.json
2026-06-09 17:19:35,411 - root - INFO - Initializing Graph API
2026-06-09 17:19:35,411 - excel.graph_api - INFO - Extracted file ID: 9e836ed5-f58f-4dc7-a969-3c62b255f3ea
2026-06-09 17:19:35,411 - excel.graph_api - INFO - Extracted site ID: CorpDevaaf94619130d4a79af9f3aeae502bdb5
2026-06-09 17:19:35,411 - root - INFO - Authenticating with Microsoft Graph API
2026-06-09 17:19:35,592 - excel.graph_api - INFO - Authentication successful
2026-06-09 17:19:35,592 - root - INFO - Updating Excel sheet with scraped data
2026-06-09 17:19:35,862 - excel.graph_api - INFO - Retrieved drive ID: b!MXUqfmBgAkyqAi_g7J1PO_6yKSWnHbZCs3mpe4EkYuX6d8izcdJxRb78S6OW5SIB
2026-06-09 17:19:38,316 - excel.graph_api - INFO - Retrieved 1681 rows from Excel
2026-06-09 17:19:39,786 - excel.graph_api - INFO - No new tournaments to add
2026-06-09 17:19:39,788 - root - INFO - Excel sheet updated successfully
2026-06-09 17:19:39,868 - scraper.selenium_scraper - INFO - Chrome driver closed
2026-06-09 17:19:39,868 - root - INFO - Selenium driver closed
2026-06-09 17:19:39,868 - root - INFO - Script execution completed
