2026-04-25 10:37:21,758 - root - INFO - Logger initialized successfully
2026-04-25 10:37:21,758 - root - INFO - Log file: /home/runner/work/super-player-auction-scraper/super-player-auction-scraper/logs/scraper_20260425_103721.log
2026-04-25 10:37:21,758 - root - INFO - Starting Super Player Auction scraper
2026-04-25 10:37:21,758 - utils.config - INFO - Credentials loaded from environment variables
2026-04-25 10:37:21,758 - utils.config - INFO - Settings loaded successfully
2026-04-25 10:37:21,759 - root - INFO - Initializing Selenium scraper
2026-04-25 10:37:21,759 - scraper.selenium_scraper - INFO - Running in GitHub Actions environment
2026-04-25 10:37:22,298 - selenium.webdriver.common.selenium_manager - WARNING - The chromedriver version (147.0.7727.56) detected in PATH at /usr/bin/chromedriver might not be compatible with the detected chrome version (147.0.7727.55); currently, chromedriver 147.0.7727.117 is recommended for chrome 147.*, so it is advised to delete the driver in PATH and retry
2026-04-25 10:37:23,288 - scraper.selenium_scraper - INFO - Chrome driver initialized successfully
2026-04-25 10:37:23,288 - root - INFO - Scraping tournament data
2026-04-25 10:37:23,288 - scraper.selenium_scraper - INFO - Starting to scrape tournament data
2026-04-25 10:37:23,705 - scraper.selenium_scraper - INFO - Waiting for page to load...
2026-04-25 10:37:28,710 - scraper.selenium_scraper - INFO - Scrolling to load all auction cards...
2026-04-25 10:37:40,816 - scraper.selenium_scraper - INFO - Saved page screenshot to /home/runner/work/super-player-auction-scraper/super-player-auction-scraper/logs/screenshots/page_loaded_20260425103740.png
2026-04-25 10:37:40,816 - scraper.selenium_scraper - INFO - Looking for auction cards...
2026-04-25 10:37:40,834 - scraper.selenium_scraper - INFO - Found 20 auction cards
2026-04-25 10:37:41,559 - scraper.selenium_scraper - INFO - Scraped tournament 1: Raghuvanshi Premier League - MEN
2026-04-25 10:37:42,250 - scraper.selenium_scraper - INFO - Scraped tournament 2: Raghuvanshi Premier League - WOMEN
2026-04-25 10:37:42,941 - scraper.selenium_scraper - INFO - Scraped tournament 3: PRESTIGE SPORTS CARNIVAL WOMEN'S CRICKET LEAGUE 2026
2026-04-25 10:37:43,629 - scraper.selenium_scraper - INFO - Scraped tournament 4: Jashn-E-Rally Padel Tournament 2026
2026-04-25 10:37:44,318 - scraper.selenium_scraper - INFO - Scraped tournament 5: AJMER PREMIER LEAGUE
2026-04-25 10:37:45,005 - scraper.selenium_scraper - INFO - Scraped tournament 6: SPL 3
2026-04-25 10:37:45,698 - scraper.selenium_scraper - INFO - Scraped tournament 7: KABIR DHARAMDAS VANSHAVALI PREMIER LEAGUE
2026-04-25 10:37:46,384 - scraper.selenium_scraper - INFO - Scraped tournament 8: SmashIT v8, 2026
2026-04-25 10:37:47,070 - scraper.selenium_scraper - INFO - Scraped tournament 9: Chhattisgarh Cricket Champions League T20
2026-04-25 10:37:47,751 - scraper.selenium_scraper - INFO - Scraped tournament 10: SUPER FOOTBALL CHAMPIONSHIP
2026-04-25 10:37:48,435 - scraper.selenium_scraper - INFO - Scraped tournament 11: Auction Demo Jodi
2026-04-25 10:37:49,127 - scraper.selenium_scraper - INFO - Scraped tournament 12: Super Cricket League
2026-04-25 10:37:49,810 - scraper.selenium_scraper - INFO - Scraped tournament 13: SIKAR PREMIER LEAGUE 2025
2026-04-25 10:37:50,493 - scraper.selenium_scraper - INFO - Scraped tournament 14: BJP
2026-04-25 10:37:51,179 - scraper.selenium_scraper - INFO - Scraped tournament 15: SUPER LEAGUE GROUP
2026-04-25 10:37:51,864 - scraper.selenium_scraper - INFO - Scraped tournament 16: SUPER CRICKET LEAGUE
2026-04-25 10:37:52,550 - scraper.selenium_scraper - INFO - Scraped tournament 17: DAMAN MUSLIM LEAGUE 2026
2026-04-25 10:37:53,240 - scraper.selenium_scraper - INFO - Scraped tournament 18: Bafna Cup 2026
2026-04-25 10:37:53,923 - scraper.selenium_scraper - INFO - Scraped tournament 19: JEYPORE TENNIS LEAGUE
2026-04-25 10:37:54,614 - scraper.selenium_scraper - INFO - Scraped tournament 20: Depalpur Vidhansabha Trophy 2026 organised by Star cricket club banedia
2026-04-25 10:37:54,614 - root - INFO - Successfully scraped 20 tournaments
2026-04-25 10:37:54,614 - root - INFO - Saved scraped data to /home/runner/work/super-player-auction-scraper/super-player-auction-scraper/data/tournament_data_20260425-103754.json
2026-04-25 10:37:54,614 - root - INFO - Initializing Graph API
2026-04-25 10:37:54,615 - excel.graph_api - INFO - Extracted file ID: 9e836ed5-f58f-4dc7-a969-3c62b255f3ea
2026-04-25 10:37:54,615 - excel.graph_api - INFO - Extracted site ID: CorpDevaaf94619130d4a79af9f3aeae502bdb5
2026-04-25 10:37:54,615 - root - INFO - Authenticating with Microsoft Graph API
2026-04-25 10:37:54,796 - excel.graph_api - INFO - Authentication successful
2026-04-25 10:37:54,796 - root - INFO - Updating Excel sheet with scraped data
2026-04-25 10:37:55,209 - excel.graph_api - INFO - Retrieved drive ID: b!MXUqfmBgAkyqAi_g7J1PO_6yKSWnHbZCs3mpe4EkYuX6d8izcdJxRb78S6OW5SIB
2026-04-25 10:37:57,071 - excel.graph_api - INFO - Retrieved 1514 rows from Excel
2026-04-25 10:37:58,328 - excel.graph_api - INFO - Updating range A1516:Y1519 with 4 new entries
2026-04-25 10:37:59,566 - excel.graph_api - INFO - Successfully added 4 new tournaments to Excel
2026-04-25 10:37:59,568 - root - INFO - Excel sheet updated successfully
2026-04-25 10:37:59,646 - scraper.selenium_scraper - INFO - Chrome driver closed
2026-04-25 10:37:59,646 - root - INFO - Selenium driver closed
2026-04-25 10:37:59,646 - root - INFO - Script execution completed
