2026-01-20 10:20:50,089 - root - INFO - Logger initialized successfully
2026-01-20 10:20:50,089 - root - INFO - Log file: /home/runner/work/super-player-auction-scraper/super-player-auction-scraper/logs/scraper_20260120_102050.log
2026-01-20 10:20:50,089 - root - INFO - Starting Super Player Auction scraper
2026-01-20 10:20:50,089 - utils.config - INFO - Credentials loaded from environment variables
2026-01-20 10:20:50,089 - utils.config - INFO - Settings loaded successfully
2026-01-20 10:20:50,089 - root - INFO - Initializing Selenium scraper
2026-01-20 10:20:50,089 - scraper.selenium_scraper - INFO - Running in GitHub Actions environment
2026-01-20 10:20:56,488 - scraper.selenium_scraper - INFO - Chrome driver initialized successfully
2026-01-20 10:20:56,489 - root - INFO - Scraping tournament data
2026-01-20 10:20:56,489 - scraper.selenium_scraper - INFO - Starting to scrape tournament data
2026-01-20 10:20:57,179 - scraper.selenium_scraper - INFO - Waiting for page to load...
2026-01-20 10:21:02,184 - scraper.selenium_scraper - INFO - Scrolling to load all auction cards...
2026-01-20 10:21:14,303 - scraper.selenium_scraper - INFO - Saved page screenshot to /home/runner/work/super-player-auction-scraper/super-player-auction-scraper/logs/screenshots/page_loaded_20260120102114.png
2026-01-20 10:21:14,304 - scraper.selenium_scraper - INFO - Looking for auction cards...
2026-01-20 10:21:14,330 - scraper.selenium_scraper - INFO - Found 20 auction cards
2026-01-20 10:21:15,054 - scraper.selenium_scraper - INFO - Scraped tournament 1: ABPL - Season 5 | 2026 | Auction
2026-01-20 10:21:15,773 - scraper.selenium_scraper - INFO - Scraped tournament 2: SUBIC SRILANKAN PREMIER LEAGUE - SEASON 4 - 2026
2026-01-20 10:21:16,464 - scraper.selenium_scraper - INFO - Scraped tournament 3: MCPL 2026
2026-01-20 10:21:17,163 - scraper.selenium_scraper - INFO - Scraped tournament 4: SUPER FOOTBALL CHAMPIONSHIP
2026-01-20 10:21:17,851 - scraper.selenium_scraper - INFO - Scraped tournament 5: Calicut Premier League
2026-01-20 10:21:18,544 - scraper.selenium_scraper - INFO - Scraped tournament 6: ASHIRWAD GROUP PRESENTS ’DHAMAKA BIG BASH’
2026-01-20 10:21:19,234 - scraper.selenium_scraper - INFO - Scraped tournament 7: MPL SEASON- 5
2026-01-20 10:21:19,922 - scraper.selenium_scraper - INFO - Scraped tournament 8: मेघवाल समाज आक्शन प्रीमियर लीग खिवाड़ा
2026-01-20 10:21:20,610 - scraper.selenium_scraper - INFO - Scraped tournament 9: Zoroastrian Volleyball Premier League
2026-01-20 10:21:21,303 - scraper.selenium_scraper - INFO - Scraped tournament 10: SHREE JASNATH JI CRICKET CUP-06
2026-01-20 10:21:21,995 - scraper.selenium_scraper - INFO - Scraped tournament 11: KNPL
2026-01-20 10:21:22,690 - scraper.selenium_scraper - INFO - Scraped tournament 12: Shabab Premier League S2
2026-01-20 10:21:23,378 - scraper.selenium_scraper - INFO - Scraped tournament 13: Simga Tennis Cricket League
2026-01-20 10:21:24,065 - scraper.selenium_scraper - INFO - Scraped tournament 14: SPL SEASON 3
2026-01-20 10:21:24,757 - scraper.selenium_scraper - INFO - Scraped tournament 15: Karneshwar premiere leauge (KPL- 3) karnawad
2026-01-20 10:21:25,443 - scraper.selenium_scraper - INFO - Scraped tournament 16: Friends Cup
2026-01-20 10:21:26,138 - scraper.selenium_scraper - INFO - Scraped tournament 17: JAIN PREMIER LEAGUE SEASON - 14
2026-01-20 10:21:26,844 - scraper.selenium_scraper - INFO - Scraped tournament 18: Sanguem Premier League - Season 8
2026-01-20 10:21:27,536 - scraper.selenium_scraper - INFO - Scraped tournament 19: T-20 Cup Seniors
2026-01-20 10:21:28,237 - scraper.selenium_scraper - INFO - Scraped tournament 20: Physio Cricket League 2026
2026-01-20 10:21:28,237 - root - INFO - Successfully scraped 20 tournaments
2026-01-20 10:21:28,237 - root - INFO - Saved scraped data to /home/runner/work/super-player-auction-scraper/super-player-auction-scraper/data/tournament_data_20260120-102128.json
2026-01-20 10:21:28,237 - root - INFO - Initializing Graph API
2026-01-20 10:21:28,238 - excel.graph_api - INFO - Extracted file ID: 9e836ed5-f58f-4dc7-a969-3c62b255f3ea
2026-01-20 10:21:28,238 - excel.graph_api - INFO - Extracted site ID: CorpDevaaf94619130d4a79af9f3aeae502bdb5
2026-01-20 10:21:28,238 - root - INFO - Authenticating with Microsoft Graph API
2026-01-20 10:21:28,713 - excel.graph_api - INFO - Authentication successful
2026-01-20 10:21:28,713 - root - INFO - Updating Excel sheet with scraped data
2026-01-20 10:21:28,985 - excel.graph_api - INFO - Retrieved drive ID: b!MXUqfmBgAkyqAi_g7J1PO_6yKSWnHbZCs3mpe4EkYuX6d8izcdJxRb78S6OW5SIB
2026-01-20 10:21:31,105 - excel.graph_api - INFO - Retrieved 1105 rows from Excel
2026-01-20 10:21:32,565 - excel.graph_api - INFO - Updating range A1107:M1109 with 3 new entries
2026-01-20 10:21:34,851 - excel.graph_api - INFO - Successfully added 3 new tournaments to Excel
2026-01-20 10:21:34,853 - root - INFO - Excel sheet updated successfully
2026-01-20 10:21:34,920 - scraper.selenium_scraper - INFO - Chrome driver closed
2026-01-20 10:21:34,920 - root - INFO - Selenium driver closed
2026-01-20 10:21:34,920 - root - INFO - Script execution completed
