2025-12-31 15:14:15,897 - root - INFO - Logger initialized successfully
2025-12-31 15:14:15,897 - root - INFO - Log file: /home/runner/work/super-player-auction-scraper/super-player-auction-scraper/logs/scraper_20251231_151415.log
2025-12-31 15:14:15,897 - root - INFO - Starting Super Player Auction scraper
2025-12-31 15:14:15,897 - utils.config - INFO - Credentials loaded from environment variables
2025-12-31 15:14:15,898 - utils.config - INFO - Settings loaded successfully
2025-12-31 15:14:15,898 - root - INFO - Initializing Selenium scraper
2025-12-31 15:14:15,898 - scraper.selenium_scraper - INFO - Running in GitHub Actions environment
2025-12-31 15:14:17,138 - selenium.webdriver.common.selenium_manager - WARNING - The chromedriver version (143.0.7499.42) detected in PATH at /usr/bin/chromedriver might not be compatible with the detected chrome version (143.0.7499.109); currently, chromedriver 143.0.7499.169 is recommended for chrome 143.*, so it is advised to delete the driver in PATH and retry
2025-12-31 15:14:21,906 - scraper.selenium_scraper - INFO - Chrome driver initialized successfully
2025-12-31 15:14:21,906 - root - INFO - Scraping tournament data
2025-12-31 15:14:21,906 - scraper.selenium_scraper - INFO - Starting to scrape tournament data
2025-12-31 15:14:22,809 - scraper.selenium_scraper - INFO - Waiting for page to load...
2025-12-31 15:14:27,814 - scraper.selenium_scraper - INFO - Scrolling to load all auction cards...
2025-12-31 15:14:39,934 - scraper.selenium_scraper - INFO - Saved page screenshot to /home/runner/work/super-player-auction-scraper/super-player-auction-scraper/logs/screenshots/page_loaded_20251231151439.png
2025-12-31 15:14:39,934 - scraper.selenium_scraper - INFO - Looking for auction cards...
2025-12-31 15:14:39,956 - scraper.selenium_scraper - INFO - Found 20 auction cards
2025-12-31 15:14:40,668 - scraper.selenium_scraper - INFO - Scraped tournament 1: PARAKRAM 7.0
2025-12-31 15:14:41,375 - scraper.selenium_scraper - INFO - Scraped tournament 2: JPL Season 6
2025-12-31 15:14:42,060 - scraper.selenium_scraper - INFO - Scraped tournament 3: DPL 2026
2025-12-31 15:14:42,737 - scraper.selenium_scraper - INFO - Scraped tournament 4: Bong Cricket Carnival Season 3
2025-12-31 15:14:43,413 - scraper.selenium_scraper - INFO - Scraped tournament 5: KTPL Football Tournament Season 4
2025-12-31 15:14:44,097 - scraper.selenium_scraper - INFO - Scraped tournament 6: BPL 2026
2025-12-31 15:14:44,773 - scraper.selenium_scraper - INFO - Scraped tournament 7: Sindhi Premier League 6.0
2025-12-31 15:14:45,450 - scraper.selenium_scraper - INFO - Scraped tournament 8: SIKAR PREMIER LEAGUE 2025
2025-12-31 15:14:46,127 - scraper.selenium_scraper - INFO - Scraped tournament 9: SUPER FOOTBALL CHAMPIONSHIP
2025-12-31 15:14:46,805 - scraper.selenium_scraper - INFO - Scraped tournament 10: EPL SEASON -6
2025-12-31 15:14:47,488 - scraper.selenium_scraper - INFO - Scraped tournament 11: GNPL SEASON - 4
2025-12-31 15:14:48,170 - scraper.selenium_scraper - INFO - Scraped tournament 12: ACG Inspection Cricket Tournament 2026
2025-12-31 15:14:48,853 - scraper.selenium_scraper - INFO - Scraped tournament 13: BPL SEASON-2
2025-12-31 15:14:49,535 - scraper.selenium_scraper - INFO - Scraped tournament 14: Amarante Premier League S - 9
2025-12-31 15:14:50,211 - scraper.selenium_scraper - INFO - Scraped tournament 15: Siyana Rudra Cup
2025-12-31 15:14:50,886 - scraper.selenium_scraper - INFO - Scraped tournament 16: Canvas Warriors Legendary League, Season 1,2026
2025-12-31 15:14:51,569 - scraper.selenium_scraper - INFO - Scraped tournament 17: Thakur Dwar Cricket League
2025-12-31 15:14:52,258 - scraper.selenium_scraper - INFO - Scraped tournament 18: Mana Premier League Season3
2025-12-31 15:14:52,935 - scraper.selenium_scraper - INFO - Scraped tournament 19: Zoroastrian Volleyball Premier League
2025-12-31 15:14:53,618 - scraper.selenium_scraper - INFO - Scraped tournament 20: BPL
2025-12-31 15:14:53,618 - root - INFO - Successfully scraped 20 tournaments
2025-12-31 15:14:53,618 - root - INFO - Saved scraped data to /home/runner/work/super-player-auction-scraper/super-player-auction-scraper/data/tournament_data_20251231-151453.json
2025-12-31 15:14:53,618 - root - INFO - Initializing Graph API
2025-12-31 15:14:53,619 - excel.graph_api - INFO - Extracted file ID: 9e836ed5-f58f-4dc7-a969-3c62b255f3ea
2025-12-31 15:14:53,619 - excel.graph_api - INFO - Extracted site ID: CorpDevaaf94619130d4a79af9f3aeae502bdb5
2025-12-31 15:14:53,619 - root - INFO - Authenticating with Microsoft Graph API
2025-12-31 15:14:54,116 - excel.graph_api - INFO - Authentication successful
2025-12-31 15:14:54,116 - root - INFO - Updating Excel sheet with scraped data
2025-12-31 15:14:54,940 - excel.graph_api - INFO - Retrieved drive ID: b!MXUqfmBgAkyqAi_g7J1PO_6yKSWnHbZCs3mpe4EkYuX6d8izcdJxRb78S6OW5SIB
2025-12-31 15:14:56,471 - excel.graph_api - INFO - Retrieved 971 rows from Excel
2025-12-31 15:14:57,491 - excel.graph_api - INFO - Updating range A973:M973 with 1 new entries
2025-12-31 15:14:58,645 - excel.graph_api - INFO - Successfully added 1 new tournaments to Excel
2025-12-31 15:14:58,646 - root - INFO - Excel sheet updated successfully
2025-12-31 15:14:58,707 - scraper.selenium_scraper - INFO - Chrome driver closed
2025-12-31 15:14:58,707 - root - INFO - Selenium driver closed
2025-12-31 15:14:58,707 - root - INFO - Script execution completed
