2026-02-09 10:51:08,149 - root - INFO - Logger initialized successfully
2026-02-09 10:51:08,149 - root - INFO - Log file: /home/runner/work/super-player-auction-scraper/super-player-auction-scraper/logs/scraper_20260209_105108.log
2026-02-09 10:51:08,149 - root - INFO - Starting Super Player Auction scraper
2026-02-09 10:51:08,149 - utils.config - INFO - Credentials loaded from environment variables
2026-02-09 10:51:08,150 - utils.config - INFO - Settings loaded successfully
2026-02-09 10:51:08,150 - root - INFO - Initializing Selenium scraper
2026-02-09 10:51:08,150 - scraper.selenium_scraper - INFO - Running in GitHub Actions environment
2026-02-09 10:51:09,760 - selenium.webdriver.common.selenium_manager - WARNING - The chromedriver version (144.0.7559.109) detected in PATH at /usr/bin/chromedriver might not be compatible with the detected chrome version (144.0.7559.109); currently, chromedriver 144.0.7559.133 is recommended for chrome 144.*, so it is advised to delete the driver in PATH and retry
2026-02-09 10:51:15,795 - scraper.selenium_scraper - INFO - Chrome driver initialized successfully
2026-02-09 10:51:15,795 - root - INFO - Scraping tournament data
2026-02-09 10:51:15,795 - scraper.selenium_scraper - INFO - Starting to scrape tournament data
2026-02-09 10:51:16,818 - scraper.selenium_scraper - INFO - Waiting for page to load...
2026-02-09 10:51:21,822 - scraper.selenium_scraper - INFO - Scrolling to load all auction cards...
2026-02-09 10:51:33,943 - scraper.selenium_scraper - INFO - Saved page screenshot to /home/runner/work/super-player-auction-scraper/super-player-auction-scraper/logs/screenshots/page_loaded_20260209105133.png
2026-02-09 10:51:33,943 - scraper.selenium_scraper - INFO - Looking for auction cards...
2026-02-09 10:51:33,967 - scraper.selenium_scraper - INFO - Found 20 auction cards
2026-02-09 10:51:34,693 - scraper.selenium_scraper - INFO - Scraped tournament 1: TNPL SEASON 2
2026-02-09 10:51:35,438 - scraper.selenium_scraper - INFO - Scraped tournament 2: Calicut premier league Qatar
2026-02-09 10:51:36,145 - scraper.selenium_scraper - INFO - Scraped tournament 3: Slough Family League
2026-02-09 10:51:36,841 - scraper.selenium_scraper - INFO - Scraped tournament 4: SUBIC SRILANKAN PREMIER LEAGUE - SEASON 4 - 2026
2026-02-09 10:51:37,535 - scraper.selenium_scraper - INFO - Scraped tournament 5: PH2 Cricket League
2026-02-09 10:51:38,228 - scraper.selenium_scraper - INFO - Scraped tournament 6: KEYSTONE SMART GLASS MCL - 7
2026-02-09 10:51:38,920 - scraper.selenium_scraper - INFO - Scraped tournament 7: Marquise Premier League Season 5
2026-02-09 10:51:39,613 - scraper.selenium_scraper - INFO - Scraped tournament 8: SRPL 2026
2026-02-09 10:51:40,310 - scraper.selenium_scraper - INFO - Scraped tournament 9: Hind Sporting Premier League
2026-02-09 10:51:40,999 - scraper.selenium_scraper - INFO - Scraped tournament 10: RELIANCE SPL 2026
2026-02-09 10:51:41,686 - scraper.selenium_scraper - INFO - Scraped tournament 11: MCPL 2026
2026-02-09 10:51:42,381 - scraper.selenium_scraper - INFO - Scraped tournament 12: SIKAR PREMIER LEAGUE 2025
2026-02-09 10:51:43,071 - scraper.selenium_scraper - INFO - Scraped tournament 13: SUPER FOOTBALL CHAMPIONSHIP
2026-02-09 10:51:43,757 - scraper.selenium_scraper - INFO - Scraped tournament 14: REPUBLIC CUP 2.0
2026-02-09 10:51:44,449 - scraper.selenium_scraper - INFO - Scraped tournament 15: NPL
2026-02-09 10:51:45,138 - scraper.selenium_scraper - INFO - Scraped tournament 16: BJP
2026-02-09 10:51:45,827 - scraper.selenium_scraper - INFO - Scraped tournament 17: Sunday TPL 2026
2026-02-09 10:51:46,517 - scraper.selenium_scraper - INFO - Scraped tournament 18: LIONS PREMIER LEAGUE
2026-02-09 10:51:47,209 - scraper.selenium_scraper - INFO - Scraped tournament 19: DARK BROWN PREMIER LEAGUE - 5
2026-02-09 10:51:47,907 - scraper.selenium_scraper - INFO - Scraped tournament 20: KALAL PREMIER LEAGUE - 5
2026-02-09 10:51:47,907 - root - INFO - Successfully scraped 20 tournaments
2026-02-09 10:51:47,908 - root - INFO - Saved scraped data to /home/runner/work/super-player-auction-scraper/super-player-auction-scraper/data/tournament_data_20260209-105147.json
2026-02-09 10:51:47,908 - root - INFO - Initializing Graph API
2026-02-09 10:51:47,908 - excel.graph_api - INFO - Extracted file ID: 9e836ed5-f58f-4dc7-a969-3c62b255f3ea
2026-02-09 10:51:47,908 - excel.graph_api - INFO - Extracted site ID: CorpDevaaf94619130d4a79af9f3aeae502bdb5
2026-02-09 10:51:47,908 - root - INFO - Authenticating with Microsoft Graph API
2026-02-09 10:51:48,445 - excel.graph_api - INFO - Authentication successful
2026-02-09 10:51:48,446 - root - INFO - Updating Excel sheet with scraped data
2026-02-09 10:51:48,795 - excel.graph_api - INFO - Retrieved drive ID: b!MXUqfmBgAkyqAi_g7J1PO_6yKSWnHbZCs3mpe4EkYuX6d8izcdJxRb78S6OW5SIB
2026-02-09 10:51:50,118 - excel.graph_api - INFO - Retrieved 1204 rows from Excel
2026-02-09 10:51:51,547 - excel.graph_api - INFO - Updating range A1206:M1209 with 4 new entries
2026-02-09 10:51:53,548 - excel.graph_api - INFO - Successfully added 4 new tournaments to Excel
2026-02-09 10:51:53,550 - root - INFO - Excel sheet updated successfully
2026-02-09 10:51:53,626 - scraper.selenium_scraper - INFO - Chrome driver closed
2026-02-09 10:51:53,626 - root - INFO - Selenium driver closed
2026-02-09 10:51:53,626 - root - INFO - Script execution completed
