2025-11-02 10:12:39,921 - root - INFO - Logger initialized successfully
2025-11-02 10:12:39,921 - root - INFO - Log file: /home/runner/work/super-player-auction-scraper/super-player-auction-scraper/logs/scraper_20251102_101239.log
2025-11-02 10:12:39,921 - root - INFO - Starting Super Player Auction scraper
2025-11-02 10:12:39,921 - utils.config - INFO - Credentials loaded from environment variables
2025-11-02 10:12:39,921 - utils.config - INFO - Settings loaded successfully
2025-11-02 10:12:39,921 - root - INFO - Initializing Selenium scraper
2025-11-02 10:12:39,921 - scraper.selenium_scraper - INFO - Running in GitHub Actions environment
2025-11-02 10:13:20,993 - scraper.selenium_scraper - INFO - Chrome driver initialized successfully
2025-11-02 10:13:20,993 - root - INFO - Scraping tournament data
2025-11-02 10:13:20,993 - scraper.selenium_scraper - INFO - Starting to scrape tournament data
2025-11-02 10:13:24,282 - scraper.selenium_scraper - INFO - Waiting for page to load...
2025-11-02 10:13:29,288 - scraper.selenium_scraper - INFO - Scrolling to load all auction cards...
2025-11-02 10:13:41,592 - scraper.selenium_scraper - INFO - Saved page screenshot to /home/runner/work/super-player-auction-scraper/super-player-auction-scraper/logs/screenshots/page_loaded_20251102101341.png
2025-11-02 10:13:41,592 - scraper.selenium_scraper - INFO - Looking for auction cards...
2025-11-02 10:13:41,708 - scraper.selenium_scraper - INFO - Found 20 auction cards
2025-11-02 10:13:42,438 - scraper.selenium_scraper - INFO - Scraped tournament 1: DDS PREMIER LEAGUE SEASON 3
2025-11-02 10:13:43,426 - scraper.selenium_scraper - INFO - Scraped tournament 2: NORTH INDIA CORPORATE CRICKET LEAGUE SEASON 1
2025-11-02 10:13:44,107 - scraper.selenium_scraper - INFO - Scraped tournament 3: GOA VETERANS CRICKET ASSOCIATION
2025-11-02 10:13:44,792 - scraper.selenium_scraper - INFO - Scraped tournament 4: SUR PREMIER LEAGUE SEASON - 3
2025-11-02 10:13:45,472 - scraper.selenium_scraper - INFO - Scraped tournament 5: SUPER 100
2025-11-02 10:13:46,151 - scraper.selenium_scraper - INFO - Scraped tournament 6: KATEEL PREMIER LEAGUE 2025
2025-11-02 10:13:46,831 - scraper.selenium_scraper - INFO - Scraped tournament 7: नीमच क्रिकेट लीग 2025
2025-11-02 10:13:47,518 - scraper.selenium_scraper - INFO - Scraped tournament 8: ICCPL Men's Auction 2025
2025-11-02 10:13:48,194 - scraper.selenium_scraper - INFO - Scraped tournament 9: ICCPL Women's Auction 2025
2025-11-02 10:13:48,874 - scraper.selenium_scraper - INFO - Scraped tournament 10: ArjunDMUP
2025-11-02 10:13:49,556 - scraper.selenium_scraper - INFO - Scraped tournament 11: ABSA BUNTS CUP 4TH EDITION
2025-11-02 10:13:50,231 - scraper.selenium_scraper - INFO - Scraped tournament 12: JPL-season-1
2025-11-02 10:13:50,906 - scraper.selenium_scraper - INFO - Scraped tournament 13: NAYTA PATEL TROPHY JETPURA
2025-11-02 10:13:51,583 - scraper.selenium_scraper - INFO - Scraped tournament 14: Vardhamanpura Premier League 14
2025-11-02 10:13:52,259 - scraper.selenium_scraper - INFO - Scraped tournament 15: BIKANER PREMIER LEAGUE 2025
2025-11-02 10:13:53,096 - scraper.selenium_scraper - INFO - Scraped tournament 16: BHANDARI PREMIER LEAGUE 2026
2025-11-02 10:13:53,775 - scraper.selenium_scraper - INFO - Scraped tournament 17: VANJARI PREMIER LEAGUE 2025 "SEASON 4"
2025-11-02 10:13:54,450 - scraper.selenium_scraper - INFO - Scraped tournament 18: BARAMATI CUP 2025 SEASON - 03
2025-11-02 10:13:55,133 - scraper.selenium_scraper - INFO - Scraped tournament 19: NUTRAJ Premier League
2025-11-02 10:13:55,809 - scraper.selenium_scraper - INFO - Scraped tournament 20: Dhandhar Super League
2025-11-02 10:13:55,810 - root - INFO - Successfully scraped 20 tournaments
2025-11-02 10:13:55,810 - root - INFO - Saved scraped data to /home/runner/work/super-player-auction-scraper/super-player-auction-scraper/data/tournament_data_20251102-101355.json
2025-11-02 10:13:55,810 - root - INFO - Initializing Graph API
2025-11-02 10:13:55,811 - excel.graph_api - INFO - Extracted file ID: 9e836ed5-f58f-4dc7-a969-3c62b255f3ea
2025-11-02 10:13:55,811 - excel.graph_api - INFO - Extracted site ID: CorpDevaaf94619130d4a79af9f3aeae502bdb5
2025-11-02 10:13:55,811 - root - INFO - Authenticating with Microsoft Graph API
2025-11-02 10:13:56,095 - excel.graph_api - INFO - Authentication successful
2025-11-02 10:13:56,095 - root - INFO - Updating Excel sheet with scraped data
2025-11-02 10:13:56,510 - excel.graph_api - INFO - Retrieved drive ID: b!MXUqfmBgAkyqAi_g7J1PO_6yKSWnHbZCs3mpe4EkYuX6d8izcdJxRb78S6OW5SIB
2025-11-02 10:13:58,347 - excel.graph_api - INFO - Retrieved 691 rows from Excel
2025-11-02 10:13:59,444 - excel.graph_api - INFO - Updating range A693:M699 with 7 new entries
2025-11-02 10:14:00,734 - excel.graph_api - INFO - Successfully added 7 new tournaments to Excel
2025-11-02 10:14:00,735 - root - INFO - Excel sheet updated successfully
2025-11-02 10:14:00,807 - scraper.selenium_scraper - INFO - Chrome driver closed
2025-11-02 10:14:00,807 - root - INFO - Selenium driver closed
2025-11-02 10:14:00,807 - root - INFO - Script execution completed
