2026-05-01 11:02:36,089 - root - INFO - Logger initialized successfully
2026-05-01 11:02:36,089 - root - INFO - Log file: /home/runner/work/super-player-auction-scraper/super-player-auction-scraper/logs/scraper_20260501_110236.log
2026-05-01 11:02:36,089 - root - INFO - Starting Super Player Auction scraper
2026-05-01 11:02:36,089 - utils.config - INFO - Credentials loaded from environment variables
2026-05-01 11:02:36,089 - utils.config - INFO - Settings loaded successfully
2026-05-01 11:02:36,089 - root - INFO - Initializing Selenium scraper
2026-05-01 11:02:36,089 - scraper.selenium_scraper - INFO - Running in GitHub Actions environment
2026-05-01 11:02:38,904 - selenium.webdriver.common.selenium_manager - WARNING - The chromedriver version (147.0.7727.56) detected in PATH at /usr/bin/chromedriver might not be compatible with the detected chrome version (147.0.7727.55); currently, chromedriver 147.0.7727.117 is recommended for chrome 147.*, so it is advised to delete the driver in PATH and retry
2026-05-01 11:02:47,625 - scraper.selenium_scraper - INFO - Chrome driver initialized successfully
2026-05-01 11:02:47,625 - root - INFO - Scraping tournament data
2026-05-01 11:02:47,625 - scraper.selenium_scraper - INFO - Starting to scrape tournament data
2026-05-01 11:02:48,751 - scraper.selenium_scraper - INFO - Waiting for page to load...
2026-05-01 11:02:53,756 - scraper.selenium_scraper - INFO - Scrolling to load all auction cards...
2026-05-01 11:03:05,899 - scraper.selenium_scraper - INFO - Saved page screenshot to /home/runner/work/super-player-auction-scraper/super-player-auction-scraper/logs/screenshots/page_loaded_20260501110305.png
2026-05-01 11:03:05,900 - scraper.selenium_scraper - INFO - Looking for auction cards...
2026-05-01 11:03:05,926 - scraper.selenium_scraper - INFO - Found 20 auction cards
2026-05-01 11:03:06,674 - scraper.selenium_scraper - INFO - Scraped tournament 1: ⁠JYS Pickle Ball Championship - 2026
2026-05-01 11:03:07,454 - scraper.selenium_scraper - INFO - Scraped tournament 2: DIGNITY CUP SEASON IV
2026-05-01 11:03:08,141 - scraper.selenium_scraper - INFO - Scraped tournament 3: SEPL TURF Tournament 2026
2026-05-01 11:03:08,832 - scraper.selenium_scraper - INFO - Scraped tournament 4: MSRS Premier League Season 1
2026-05-01 11:03:09,521 - scraper.selenium_scraper - INFO - Scraped tournament 5: Kerala Premier League Season-5 Dammam KSA
2026-05-01 11:03:10,215 - scraper.selenium_scraper - INFO - Scraped tournament 6: JYS Volleyball 2026
2026-05-01 11:03:10,911 - scraper.selenium_scraper - INFO - Scraped tournament 7: JSGPL
2026-05-01 11:03:11,605 - scraper.selenium_scraper - INFO - Scraped tournament 8: ALUMNI PREMIER LEAGUE - SEASON 6
2026-05-01 11:03:12,304 - scraper.selenium_scraper - INFO - Scraped tournament 9: SPL 3
2026-05-01 11:03:12,994 - scraper.selenium_scraper - INFO - Scraped tournament 10: SUPER FOOTBALL CHAMPIONSHIP
2026-05-01 11:03:13,687 - scraper.selenium_scraper - INFO - Scraped tournament 11: REPUBLIC CUP 2.0
2026-05-01 11:03:14,377 - scraper.selenium_scraper - INFO - Scraped tournament 12: Auction Demo Jodi
2026-05-01 11:03:15,085 - scraper.selenium_scraper - INFO - Scraped tournament 13: Super Cricket League
2026-05-01 11:03:15,778 - scraper.selenium_scraper - INFO - Scraped tournament 14: SIKAR PREMIER LEAGUE 2025
2026-05-01 11:03:16,471 - scraper.selenium_scraper - INFO - Scraped tournament 15: BJP
2026-05-01 11:03:17,169 - scraper.selenium_scraper - INFO - Scraped tournament 16: SUPER LEAGUE GROUP
2026-05-01 11:03:17,863 - scraper.selenium_scraper - INFO - Scraped tournament 17: SUPER CRICKET LEAGUE
2026-05-01 11:03:18,549 - scraper.selenium_scraper - INFO - Scraped tournament 18: VPL 2026
2026-05-01 11:03:19,250 - scraper.selenium_scraper - INFO - Scraped tournament 19: One League Endless Glory
2026-05-01 11:03:19,939 - scraper.selenium_scraper - INFO - Scraped tournament 20: Amara Mens Big Bash League Season - 03
2026-05-01 11:03:19,939 - root - INFO - Successfully scraped 20 tournaments
2026-05-01 11:03:19,940 - root - INFO - Saved scraped data to /home/runner/work/super-player-auction-scraper/super-player-auction-scraper/data/tournament_data_20260501-110319.json
2026-05-01 11:03:19,940 - root - INFO - Initializing Graph API
2026-05-01 11:03:19,940 - excel.graph_api - INFO - Extracted file ID: 9e836ed5-f58f-4dc7-a969-3c62b255f3ea
2026-05-01 11:03:19,940 - excel.graph_api - INFO - Extracted site ID: CorpDevaaf94619130d4a79af9f3aeae502bdb5
2026-05-01 11:03:19,940 - root - INFO - Authenticating with Microsoft Graph API
2026-05-01 11:03:20,285 - excel.graph_api - INFO - Authentication successful
2026-05-01 11:03:20,285 - root - INFO - Updating Excel sheet with scraped data
2026-05-01 11:03:20,727 - excel.graph_api - INFO - Retrieved drive ID: b!MXUqfmBgAkyqAi_g7J1PO_6yKSWnHbZCs3mpe4EkYuX6d8izcdJxRb78S6OW5SIB
2026-05-01 11:03:21,995 - excel.graph_api - INFO - Retrieved 1541 rows from Excel
2026-05-01 11:03:23,010 - excel.graph_api - INFO - Updating range A1543:Y1545 with 3 new entries
2026-05-01 11:03:24,021 - excel.graph_api - INFO - Successfully added 3 new tournaments to Excel
2026-05-01 11:03:24,023 - root - INFO - Excel sheet updated successfully
2026-05-01 11:03:24,103 - scraper.selenium_scraper - INFO - Chrome driver closed
2026-05-01 11:03:24,104 - root - INFO - Selenium driver closed
2026-05-01 11:03:24,104 - root - INFO - Script execution completed
