2025-10-20 10:15:13,528 - root - INFO - Logger initialized successfully
2025-10-20 10:15:13,528 - root - INFO - Log file: /home/runner/work/super-player-auction-scraper/super-player-auction-scraper/logs/scraper_20251020_101513.log
2025-10-20 10:15:13,528 - root - INFO - Starting Super Player Auction scraper
2025-10-20 10:15:13,528 - utils.config - INFO - Credentials loaded from environment variables
2025-10-20 10:15:13,528 - utils.config - INFO - Settings loaded successfully
2025-10-20 10:15:13,528 - root - INFO - Initializing Selenium scraper
2025-10-20 10:15:13,528 - scraper.selenium_scraper - INFO - Running in GitHub Actions environment
2025-10-20 10:15:22,973 - scraper.selenium_scraper - INFO - Chrome driver initialized successfully
2025-10-20 10:15:22,973 - root - INFO - Scraping tournament data
2025-10-20 10:15:22,973 - scraper.selenium_scraper - INFO - Starting to scrape tournament data
2025-10-20 10:15:24,166 - scraper.selenium_scraper - INFO - Waiting for page to load...
2025-10-20 10:15:29,171 - scraper.selenium_scraper - INFO - Scrolling to load all auction cards...
2025-10-20 10:15:41,293 - scraper.selenium_scraper - INFO - Saved page screenshot to /home/runner/work/super-player-auction-scraper/super-player-auction-scraper/logs/screenshots/page_loaded_20251020101541.png
2025-10-20 10:15:41,293 - scraper.selenium_scraper - INFO - Looking for auction cards...
2025-10-20 10:15:41,337 - scraper.selenium_scraper - INFO - Found 20 auction cards
2025-10-20 10:15:42,080 - scraper.selenium_scraper - INFO - Scraped tournament 1: Dambab Premier League 2025
2025-10-20 10:15:42,896 - scraper.selenium_scraper - INFO - Scraped tournament 2: DDS PREMIER LEAGUE SEASON 3
2025-10-20 10:15:43,599 - scraper.selenium_scraper - INFO - Scraped tournament 3: Goan Premier League 2025
2025-10-20 10:15:44,299 - scraper.selenium_scraper - INFO - Scraped tournament 4: SIXR 2025
2025-10-20 10:15:44,996 - scraper.selenium_scraper - INFO - Scraped tournament 5: LEATHERHEAD PREMIER LEAGUE 3.0
2025-10-20 10:15:45,700 - scraper.selenium_scraper - INFO - Scraped tournament 6: KADUGODI PREMIER LEAGUE SEASON -6
2025-10-20 10:15:46,396 - scraper.selenium_scraper - INFO - Scraped tournament 7: TTSL Northeast
2025-10-20 10:15:47,088 - scraper.selenium_scraper - INFO - Scraped tournament 8: QIFF Easaka Memorial 7s Football Tournament
2025-10-20 10:15:47,775 - scraper.selenium_scraper - INFO - Scraped tournament 9: Chemist Cricket League
2025-10-20 10:15:48,471 - scraper.selenium_scraper - INFO - Scraped tournament 10: Shirur Champions Trophy
2025-10-20 10:15:49,160 - scraper.selenium_scraper - INFO - Scraped tournament 11: SUPER 100
2025-10-20 10:15:49,865 - scraper.selenium_scraper - INFO - Scraped tournament 12: NORTH INDIA CORPORATE CRICKET LEAGUE SEASON 1
2025-10-20 10:15:50,551 - scraper.selenium_scraper - INFO - Scraped tournament 13: Ador Premier League Season 6
2025-10-20 10:15:51,247 - scraper.selenium_scraper - INFO - Scraped tournament 14: Pathanamthitta Cricket League
2025-10-20 10:15:51,945 - scraper.selenium_scraper - INFO - Scraped tournament 15: Phoenix Cricket Cup
2025-10-20 10:15:52,636 - scraper.selenium_scraper - INFO - Scraped tournament 16: EMIRATES PREMIER LEAGUE SEASON. 5
2025-10-20 10:15:53,330 - scraper.selenium_scraper - INFO - Scraped tournament 17: Kumbhar Premier league
2025-10-20 10:15:54,014 - scraper.selenium_scraper - INFO - Scraped tournament 18: VANJARI PREMIER LEAGUE 2025 "SEASON 4"
2025-10-20 10:15:54,703 - scraper.selenium_scraper - INFO - Scraped tournament 19: GHAZIABAD PREMIER LEAGUE 2025 "SEASON - 4"
2025-10-20 10:15:55,409 - scraper.selenium_scraper - INFO - Scraped tournament 20: KSPL 4
2025-10-20 10:15:55,409 - root - INFO - Successfully scraped 20 tournaments
2025-10-20 10:15:55,410 - root - INFO - Saved scraped data to /home/runner/work/super-player-auction-scraper/super-player-auction-scraper/data/tournament_data_20251020-101555.json
2025-10-20 10:15:55,410 - root - INFO - Initializing Graph API
2025-10-20 10:15:55,410 - excel.graph_api - INFO - Extracted file ID: 9e836ed5-f58f-4dc7-a969-3c62b255f3ea
2025-10-20 10:15:55,410 - excel.graph_api - INFO - Extracted site ID: CorpDevaaf94619130d4a79af9f3aeae502bdb5
2025-10-20 10:15:55,410 - root - INFO - Authenticating with Microsoft Graph API
2025-10-20 10:15:55,646 - excel.graph_api - INFO - Authentication successful
2025-10-20 10:15:55,646 - root - INFO - Updating Excel sheet with scraped data
2025-10-20 10:15:56,141 - excel.graph_api - INFO - Retrieved drive ID: b!MXUqfmBgAkyqAi_g7J1PO_6yKSWnHbZCs3mpe4EkYuX6d8izcdJxRb78S6OW5SIB
2025-10-20 10:15:57,320 - excel.graph_api - INFO - Retrieved 654 rows from Excel
2025-10-20 10:15:58,001 - excel.graph_api - INFO - Updating range A656:M657 with 2 new entries
2025-10-20 10:15:58,867 - excel.graph_api - INFO - Successfully added 2 new tournaments to Excel
2025-10-20 10:15:58,868 - root - INFO - Excel sheet updated successfully
2025-10-20 10:15:58,939 - scraper.selenium_scraper - INFO - Chrome driver closed
2025-10-20 10:15:58,939 - root - INFO - Selenium driver closed
2025-10-20 10:15:58,939 - root - INFO - Script execution completed
