2025-10-03 10:14:05,111 - root - INFO - Logger initialized successfully
2025-10-03 10:14:05,111 - root - INFO - Log file: /home/runner/work/super-player-auction-scraper/super-player-auction-scraper/logs/scraper_20251003_101405.log
2025-10-03 10:14:05,112 - root - INFO - Starting Super Player Auction scraper
2025-10-03 10:14:05,112 - utils.config - INFO - Credentials loaded from environment variables
2025-10-03 10:14:05,112 - utils.config - INFO - Settings loaded successfully
2025-10-03 10:14:05,112 - root - INFO - Initializing Selenium scraper
2025-10-03 10:14:05,112 - scraper.selenium_scraper - INFO - Running in GitHub Actions environment
2025-10-03 10:14:07,865 - selenium.webdriver.common.selenium_manager - WARNING - The chromedriver version (140.0.7339.185) detected in PATH at /usr/bin/chromedriver might not be compatible with the detected chrome version (140.0.7339.185); currently, chromedriver 140.0.7339.207 is recommended for chrome 140.*, so it is advised to delete the driver in PATH and retry
2025-10-03 10:14:18,038 - scraper.selenium_scraper - INFO - Chrome driver initialized successfully
2025-10-03 10:14:18,038 - root - INFO - Scraping tournament data
2025-10-03 10:14:18,038 - scraper.selenium_scraper - INFO - Starting to scrape tournament data
2025-10-03 10:14:19,475 - scraper.selenium_scraper - INFO - Waiting for page to load...
2025-10-03 10:14:24,480 - scraper.selenium_scraper - INFO - Scrolling to load all auction cards...
2025-10-03 10:14:36,584 - scraper.selenium_scraper - INFO - Saved page screenshot to /home/runner/work/super-player-auction-scraper/super-player-auction-scraper/logs/screenshots/page_loaded_20251003101436.png
2025-10-03 10:14:36,584 - scraper.selenium_scraper - INFO - Looking for auction cards...
2025-10-03 10:14:36,618 - scraper.selenium_scraper - INFO - Found 20 auction cards
2025-10-03 10:14:37,330 - scraper.selenium_scraper - INFO - Scraped tournament 1: JOI Premier League Auction Female
2025-10-03 10:14:38,058 - scraper.selenium_scraper - INFO - Scraped tournament 2: JOI Premier League Auction Male
2025-10-03 10:14:38,732 - scraper.selenium_scraper - INFO - Scraped tournament 3: CAMBRIDGE ALUMNI CRICKET CHAMPIONSHIP 2025-26
2025-10-03 10:14:39,406 - scraper.selenium_scraper - INFO - Scraped tournament 4: UPL SEASON 6
2025-10-03 10:14:40,079 - scraper.selenium_scraper - INFO - Scraped tournament 5: Ananda premiere league
2025-10-03 10:14:40,756 - scraper.selenium_scraper - INFO - Scraped tournament 6: JOI Premier League Kids Auction
2025-10-03 10:14:41,433 - scraper.selenium_scraper - INFO - Scraped tournament 7: SR PREMIER LEAGUE SEASON - 1
2025-10-03 10:14:42,104 - scraper.selenium_scraper - INFO - Scraped tournament 8: 2N_DESIGNER'S PREMIER LEAGUE SEASON IV
2025-10-03 10:14:42,824 - scraper.selenium_scraper - INFO - Scraped tournament 9: SHIMOGA PREMIER BADMINTON LEAGUE 2.O
2025-10-03 10:14:43,499 - scraper.selenium_scraper - INFO - Scraped tournament 10: Monsoon Box League Season 3
2025-10-03 10:14:44,174 - scraper.selenium_scraper - INFO - Scraped tournament 11: CHHATTISGARH LEAGUE OF LEGENDS
2025-10-03 10:14:44,848 - scraper.selenium_scraper - INFO - Scraped tournament 12: RANUJ GAM CRICKET LEAGUE
2025-10-03 10:14:45,519 - scraper.selenium_scraper - INFO - Scraped tournament 13: K. PATEL - SSPS CRICKET LEAGUE SEASON 8
2025-10-03 10:14:46,194 - scraper.selenium_scraper - INFO - Scraped tournament 14: JUNIOR PREMIER LEAGUE 2025
2025-10-03 10:14:46,875 - scraper.selenium_scraper - INFO - Scraped tournament 15: MPL
2025-10-03 10:14:47,549 - scraper.selenium_scraper - INFO - Scraped tournament 16: BHAGALPUR CRICKET LEAGUE
2025-10-03 10:14:48,226 - scraper.selenium_scraper - INFO - Scraped tournament 17: United Premier League (Father's)
2025-10-03 10:14:49,055 - scraper.selenium_scraper - INFO - Scraped tournament 18: United Premier League Womens
2025-10-03 10:14:49,729 - scraper.selenium_scraper - INFO - Scraped tournament 19: Pond Premier League - Whispering Palms Season 1
2025-10-03 10:14:50,406 - scraper.selenium_scraper - INFO - Scraped tournament 20: SmashIT v7 2025
2025-10-03 10:14:50,406 - root - INFO - Successfully scraped 20 tournaments
2025-10-03 10:14:50,407 - root - INFO - Saved scraped data to /home/runner/work/super-player-auction-scraper/super-player-auction-scraper/data/tournament_data_20251003-101450.json
2025-10-03 10:14:50,407 - root - INFO - Initializing Graph API
2025-10-03 10:14:50,407 - excel.graph_api - INFO - Extracted file ID: 9e836ed5-f58f-4dc7-a969-3c62b255f3ea
2025-10-03 10:14:50,407 - excel.graph_api - INFO - Extracted site ID: CorpDevaaf94619130d4a79af9f3aeae502bdb5
2025-10-03 10:14:50,407 - root - INFO - Authenticating with Microsoft Graph API
2025-10-03 10:14:50,634 - excel.graph_api - INFO - Authentication successful
2025-10-03 10:14:50,634 - root - INFO - Updating Excel sheet with scraped data
2025-10-03 10:14:50,877 - excel.graph_api - INFO - Retrieved drive ID: b!MXUqfmBgAkyqAi_g7J1PO_6yKSWnHbZCs3mpe4EkYuX6d8izcdJxRb78S6OW5SIB
2025-10-03 10:14:52,009 - excel.graph_api - INFO - Retrieved 576 rows from Excel
2025-10-03 10:14:52,652 - excel.graph_api - INFO - No new tournaments to add
2025-10-03 10:14:52,652 - root - INFO - Excel sheet updated successfully
2025-10-03 10:14:52,719 - scraper.selenium_scraper - INFO - Chrome driver closed
2025-10-03 10:14:52,719 - root - INFO - Selenium driver closed
2025-10-03 10:14:52,719 - root - INFO - Script execution completed
