2025-07-26 10:14:05,312 - root - INFO - Logger initialized successfully
2025-07-26 10:14:05,313 - root - INFO - Log file: /home/runner/work/super-player-auction-scraper/super-player-auction-scraper/logs/scraper_20250726_101405.log
2025-07-26 10:14:05,313 - root - INFO - Starting Super Player Auction scraper
2025-07-26 10:14:05,313 - utils.config - INFO - Credentials loaded from environment variables
2025-07-26 10:14:05,313 - utils.config - INFO - Settings loaded successfully
2025-07-26 10:14:05,313 - root - INFO - Initializing Selenium scraper
2025-07-26 10:14:05,313 - scraper.selenium_scraper - INFO - Running in GitHub Actions environment
2025-07-26 10:14:06,755 - selenium.webdriver.common.selenium_manager - WARNING - The chromedriver version (138.0.7204.157) detected in PATH at /usr/bin/chromedriver might not be compatible with the detected chrome version (138.0.7204.157); currently, chromedriver 138.0.7204.168 is recommended for chrome 138.*, so it is advised to delete the driver in PATH and retry
2025-07-26 10:14:12,224 - scraper.selenium_scraper - INFO - Chrome driver initialized successfully
2025-07-26 10:14:12,224 - root - INFO - Scraping tournament data
2025-07-26 10:14:12,224 - scraper.selenium_scraper - INFO - Starting to scrape tournament data
2025-07-26 10:14:12,919 - scraper.selenium_scraper - INFO - Waiting for page to load...
2025-07-26 10:14:17,923 - scraper.selenium_scraper - INFO - Scrolling to load all auction cards...
2025-07-26 10:14:30,036 - scraper.selenium_scraper - INFO - Saved page screenshot to /home/runner/work/super-player-auction-scraper/super-player-auction-scraper/logs/screenshots/page_loaded_20250726101429.png
2025-07-26 10:14:30,036 - scraper.selenium_scraper - INFO - Looking for auction cards...
2025-07-26 10:14:30,063 - scraper.selenium_scraper - INFO - Found 20 auction cards
2025-07-26 10:14:30,786 - scraper.selenium_scraper - INFO - Scraped tournament 1: HEALTH CARD
2025-07-26 10:14:31,482 - scraper.selenium_scraper - INFO - Scraped tournament 2: ArjunDMUP
2025-07-26 10:14:32,237 - scraper.selenium_scraper - INFO - Scraped tournament 3: OSAIMI INTERNAL CRICKET TOURNAMENT
2025-07-26 10:14:32,933 - scraper.selenium_scraper - INFO - Scraped tournament 4: CMA ALUMNI CRICKET LEAGUE-4
2025-07-26 10:14:33,623 - scraper.selenium_scraper - INFO - Scraped tournament 5: NPL Series 2
2025-07-26 10:14:34,318 - scraper.selenium_scraper - INFO - Scraped tournament 6: BPL SEASON 3
2025-07-26 10:14:35,013 - scraper.selenium_scraper - INFO - Scraped tournament 7: Canvas Warriors Cricket Carnival (CWCC),Season 1,2025
2025-07-26 10:14:35,715 - scraper.selenium_scraper - INFO - Scraped tournament 8: MVV & MK PREMIER LEAGUE
2025-07-26 10:14:36,408 - scraper.selenium_scraper - INFO - Scraped tournament 9: T-10 BTI SILVER LEAGUE SEASON-1
2025-07-26 10:14:37,103 - scraper.selenium_scraper - INFO - Scraped tournament 10: GRAMIN PREMIER LEAGUE SEASON 3
2025-07-26 10:14:37,808 - scraper.selenium_scraper - INFO - Scraped tournament 11: Jain Premier League 3
2025-07-26 10:14:38,512 - scraper.selenium_scraper - INFO - Scraped tournament 12: अर्जुनभैय्या राऊत मोदीखाना प्रिमियर लिग 2025
2025-07-26 10:14:39,203 - scraper.selenium_scraper - INFO - Scraped tournament 13: MARK10 FREEDOM CUP 2.0
2025-07-26 10:14:39,896 - scraper.selenium_scraper - INFO - Scraped tournament 14: KANNUR CHAMPIONS LEAGUE QATAR EDITION
2025-07-26 10:14:40,585 - scraper.selenium_scraper - INFO - Scraped tournament 15: CLT10
2025-07-26 10:14:41,277 - scraper.selenium_scraper - INFO - Scraped tournament 16: RPL
2025-07-26 10:14:41,970 - scraper.selenium_scraper - INFO - Scraped tournament 17: THE UNITY CUP CHHURA SEASON 1
2025-07-26 10:14:42,668 - scraper.selenium_scraper - INFO - Scraped tournament 18: Karnataka Rajatha Cup 2025
2025-07-26 10:14:43,368 - scraper.selenium_scraper - INFO - Scraped tournament 19: SANDALWOOD PREMIER LEAGUE
2025-07-26 10:14:44,058 - scraper.selenium_scraper - INFO - Scraped tournament 20: Aanjana premier League Sardarpura (Rana)
2025-07-26 10:14:44,059 - root - INFO - Successfully scraped 20 tournaments
2025-07-26 10:14:44,059 - root - INFO - Saved scraped data to /home/runner/work/super-player-auction-scraper/super-player-auction-scraper/data/tournament_data_20250726-101444.json
2025-07-26 10:14:44,059 - root - INFO - Initializing Graph API
2025-07-26 10:14:44,060 - excel.graph_api - INFO - Extracted file ID: 9e836ed5-f58f-4dc7-a969-3c62b255f3ea
2025-07-26 10:14:44,060 - excel.graph_api - INFO - Extracted site ID: CorpDevaaf94619130d4a79af9f3aeae502bdb5
2025-07-26 10:14:44,060 - root - INFO - Authenticating with Microsoft Graph API
2025-07-26 10:14:44,283 - excel.graph_api - INFO - Authentication successful
2025-07-26 10:14:44,283 - root - INFO - Updating Excel sheet with scraped data
2025-07-26 10:14:44,741 - excel.graph_api - INFO - Retrieved drive ID: b!MXUqfmBgAkyqAi_g7J1PO_6yKSWnHbZCs3mpe4EkYuX6d8izcdJxRb78S6OW5SIB
2025-07-26 10:14:45,953 - excel.graph_api - INFO - Retrieved 328 rows from Excel
2025-07-26 10:14:47,541 - excel.graph_api - INFO - Updating range A330:M332 with 3 new entries
2025-07-26 10:14:48,535 - excel.graph_api - INFO - Successfully added 3 new tournaments to Excel
2025-07-26 10:14:48,536 - root - INFO - Excel sheet updated successfully
2025-07-26 10:14:48,604 - scraper.selenium_scraper - INFO - Chrome driver closed
2025-07-26 10:14:48,604 - root - INFO - Selenium driver closed
2025-07-26 10:14:48,604 - root - INFO - Script execution completed
