2025-12-17 10:17:13,163 - root - INFO - Logger initialized successfully
2025-12-17 10:17:13,163 - root - INFO - Log file: /home/runner/work/super-player-auction-scraper/super-player-auction-scraper/logs/scraper_20251217_101713.log
2025-12-17 10:17:13,163 - root - INFO - Starting Super Player Auction scraper
2025-12-17 10:17:13,163 - utils.config - INFO - Credentials loaded from environment variables
2025-12-17 10:17:13,163 - utils.config - INFO - Settings loaded successfully
2025-12-17 10:17:13,163 - root - INFO - Initializing Selenium scraper
2025-12-17 10:17:13,163 - scraper.selenium_scraper - INFO - Running in GitHub Actions environment
2025-12-17 10:17:14,950 - selenium.webdriver.common.selenium_manager - WARNING - The chromedriver version (143.0.7499.40) detected in PATH at /usr/bin/chromedriver might not be compatible with the detected chrome version (143.0.7499.40); currently, chromedriver 143.0.7499.146 is recommended for chrome 143.*, so it is advised to delete the driver in PATH and retry
2025-12-17 10:17:20,899 - scraper.selenium_scraper - INFO - Chrome driver initialized successfully
2025-12-17 10:17:20,899 - root - INFO - Scraping tournament data
2025-12-17 10:17:20,899 - scraper.selenium_scraper - INFO - Starting to scrape tournament data
2025-12-17 10:17:21,559 - scraper.selenium_scraper - INFO - Waiting for page to load...
2025-12-17 10:17:26,565 - scraper.selenium_scraper - INFO - Scrolling to load all auction cards...
2025-12-17 10:17:38,711 - scraper.selenium_scraper - INFO - Saved page screenshot to /home/runner/work/super-player-auction-scraper/super-player-auction-scraper/logs/screenshots/page_loaded_20251217101738.png
2025-12-17 10:17:38,711 - scraper.selenium_scraper - INFO - Looking for auction cards...
2025-12-17 10:17:38,735 - scraper.selenium_scraper - INFO - Found 20 auction cards
2025-12-17 10:17:39,458 - scraper.selenium_scraper - INFO - Scraped tournament 1: SHIRUR PREMIER LEAGUE 2026
2025-12-17 10:17:40,194 - scraper.selenium_scraper - INFO - Scraped tournament 2: SMBS 2025
2025-12-17 10:17:40,894 - scraper.selenium_scraper - INFO - Scraped tournament 3: APL Season 5 - Mens
2025-12-17 10:17:41,587 - scraper.selenium_scraper - INFO - Scraped tournament 4: APL Season 5 - Womens
2025-12-17 10:17:42,275 - scraper.selenium_scraper - INFO - Scraped tournament 5: COASTAL STAR TROPHY 2025
2025-12-17 10:17:42,968 - scraper.selenium_scraper - INFO - Scraped tournament 6: Lawn Tennis Premier League
2025-12-17 10:17:43,669 - scraper.selenium_scraper - INFO - Scraped tournament 7: BANKURA MARWARI PREMIER LEAGUE
2025-12-17 10:17:44,357 - scraper.selenium_scraper - INFO - Scraped tournament 8: 45+ T20 Cricket League Season 8 2026
2025-12-17 10:17:45,048 - scraper.selenium_scraper - INFO - Scraped tournament 9: GVPL - 4
2025-12-17 10:17:45,737 - scraper.selenium_scraper - INFO - Scraped tournament 10: Sindhi Premier League 6.0
2025-12-17 10:17:46,435 - scraper.selenium_scraper - INFO - Scraped tournament 11: Sangam Sarees presents MYMCL-14
2025-12-17 10:17:47,120 - scraper.selenium_scraper - INFO - Scraped tournament 12: DPL
2025-12-17 10:17:47,805 - scraper.selenium_scraper - INFO - Scraped tournament 13: SCL
2025-12-17 10:17:48,492 - scraper.selenium_scraper - INFO - Scraped tournament 14: YELLAM PREMIER LEAGUE
2025-12-17 10:17:49,181 - scraper.selenium_scraper - INFO - Scraped tournament 15: Delta Football League
2025-12-17 10:17:49,868 - scraper.selenium_scraper - INFO - Scraped tournament 16: TPL 2026
2025-12-17 10:17:50,560 - scraper.selenium_scraper - INFO - Scraped tournament 17: SIKAR PREMIER LEAGUE 2025
2025-12-17 10:17:51,260 - scraper.selenium_scraper - INFO - Scraped tournament 18: SUPER FOOTBALL CHAMPIONSHIP
2025-12-17 10:17:51,958 - scraper.selenium_scraper - INFO - Scraped tournament 19: Arjun DEMO
2025-12-17 10:17:52,645 - scraper.selenium_scraper - INFO - Scraped tournament 20: MADHURAWADA SUPER LEAGUE SEASON - 1
2025-12-17 10:17:52,645 - root - INFO - Successfully scraped 20 tournaments
2025-12-17 10:17:52,646 - root - INFO - Saved scraped data to /home/runner/work/super-player-auction-scraper/super-player-auction-scraper/data/tournament_data_20251217-101752.json
2025-12-17 10:17:52,646 - root - INFO - Initializing Graph API
2025-12-17 10:17:52,646 - excel.graph_api - INFO - Extracted file ID: 9e836ed5-f58f-4dc7-a969-3c62b255f3ea
2025-12-17 10:17:52,646 - excel.graph_api - INFO - Extracted site ID: CorpDevaaf94619130d4a79af9f3aeae502bdb5
2025-12-17 10:17:52,646 - root - INFO - Authenticating with Microsoft Graph API
2025-12-17 10:17:52,994 - excel.graph_api - INFO - Authentication successful
2025-12-17 10:17:52,995 - root - INFO - Updating Excel sheet with scraped data
2025-12-17 10:17:53,748 - excel.graph_api - INFO - Retrieved drive ID: b!MXUqfmBgAkyqAi_g7J1PO_6yKSWnHbZCs3mpe4EkYuX6d8izcdJxRb78S6OW5SIB
2025-12-17 10:17:55,237 - excel.graph_api - INFO - Retrieved 881 rows from Excel
2025-12-17 10:17:56,715 - excel.graph_api - INFO - Updating range A883:M884 with 2 new entries
2025-12-17 10:17:57,830 - excel.graph_api - INFO - Successfully added 2 new tournaments to Excel
2025-12-17 10:17:57,831 - root - INFO - Excel sheet updated successfully
2025-12-17 10:17:57,900 - scraper.selenium_scraper - INFO - Chrome driver closed
2025-12-17 10:17:57,900 - root - INFO - Selenium driver closed
2025-12-17 10:17:57,900 - root - INFO - Script execution completed
