2026-03-06 10:27:54,002 - root - INFO - Logger initialized successfully
2026-03-06 10:27:54,003 - root - INFO - Log file: /home/runner/work/super-player-auction-scraper/super-player-auction-scraper/logs/scraper_20260306_102754.log
2026-03-06 10:27:54,003 - root - INFO - Starting Super Player Auction scraper
2026-03-06 10:27:54,003 - utils.config - INFO - Credentials loaded from environment variables
2026-03-06 10:27:54,003 - utils.config - INFO - Settings loaded successfully
2026-03-06 10:27:54,003 - root - INFO - Initializing Selenium scraper
2026-03-06 10:27:54,003 - scraper.selenium_scraper - INFO - Running in GitHub Actions environment
2026-03-06 10:28:03,839 - scraper.selenium_scraper - INFO - Chrome driver initialized successfully
2026-03-06 10:28:03,839 - root - INFO - Scraping tournament data
2026-03-06 10:28:03,840 - scraper.selenium_scraper - INFO - Starting to scrape tournament data
2026-03-06 10:28:04,571 - scraper.selenium_scraper - INFO - Waiting for page to load...
2026-03-06 10:28:09,577 - scraper.selenium_scraper - INFO - Scrolling to load all auction cards...
2026-03-06 10:28:21,726 - scraper.selenium_scraper - INFO - Saved page screenshot to /home/runner/work/super-player-auction-scraper/super-player-auction-scraper/logs/screenshots/page_loaded_20260306102821.png
2026-03-06 10:28:21,726 - scraper.selenium_scraper - INFO - Looking for auction cards...
2026-03-06 10:28:21,749 - scraper.selenium_scraper - INFO - Found 20 auction cards
2026-03-06 10:28:22,480 - scraper.selenium_scraper - INFO - Scraped tournament 1: Hind Sporting Premier League
2026-03-06 10:28:23,235 - scraper.selenium_scraper - INFO - Scraped tournament 2: RELIANCE SPL 2026
2026-03-06 10:28:23,929 - scraper.selenium_scraper - INFO - Scraped tournament 3: SPL-2
2026-03-06 10:28:24,620 - scraper.selenium_scraper - INFO - Scraped tournament 4: MCPL 2026
2026-03-06 10:28:25,311 - scraper.selenium_scraper - INFO - Scraped tournament 5: NOTANDAS PREMIER LEAGUE (NPL)
2026-03-06 10:28:26,003 - scraper.selenium_scraper - INFO - Scraped tournament 6: UNITY CUP SEASON 3 [2026-27]
2026-03-06 10:28:26,696 - scraper.selenium_scraper - INFO - Scraped tournament 7: SIKAR PREMIER LEAGUE 2025
2026-03-06 10:28:27,385 - scraper.selenium_scraper - INFO - Scraped tournament 8: ROHAT PREMIER LEAGUE
2026-03-06 10:28:28,082 - scraper.selenium_scraper - INFO - Scraped tournament 9: SUPER FOOTBALL CHAMPIONSHIP
2026-03-06 10:28:28,780 - scraper.selenium_scraper - INFO - Scraped tournament 10: REPUBLIC CUP 2.0
2026-03-06 10:28:29,470 - scraper.selenium_scraper - INFO - Scraped tournament 11: NPL
2026-03-06 10:28:30,161 - scraper.selenium_scraper - INFO - Scraped tournament 12: BJP
2026-03-06 10:28:30,847 - scraper.selenium_scraper - INFO - Scraped tournament 13: SUPER CRICKRT LEAGUE - MAHIPAL
2026-03-06 10:28:31,537 - scraper.selenium_scraper - INFO - Scraped tournament 14: MARWADI PREMIER LEAGUE - 4
2026-03-06 10:28:32,230 - scraper.selenium_scraper - INFO - Scraped tournament 15: TMCC T10 Cricket Tournament 9th Edition
2026-03-06 10:28:32,926 - scraper.selenium_scraper - INFO - Scraped tournament 16: PRAHAR PREMIER LEAGUE 2026
2026-03-06 10:28:33,618 - scraper.selenium_scraper - INFO - Scraped tournament 17: WINNERS PREMIER LEAGUE, AYYAMPUZHA, SEASON 5
2026-03-06 10:28:34,332 - scraper.selenium_scraper - INFO - Scraped tournament 18: SUMMER SUPER LEAGUE SEASON-2
2026-03-06 10:28:35,024 - scraper.selenium_scraper - INFO - Scraped tournament 19: WANTRAG PREMIER LEAGUE
2026-03-06 10:28:35,713 - scraper.selenium_scraper - INFO - Scraped tournament 20: Zoroastrian Volleyball Premier League
2026-03-06 10:28:35,713 - root - INFO - Successfully scraped 20 tournaments
2026-03-06 10:28:35,714 - root - INFO - Saved scraped data to /home/runner/work/super-player-auction-scraper/super-player-auction-scraper/data/tournament_data_20260306-102835.json
2026-03-06 10:28:35,714 - root - INFO - Initializing Graph API
2026-03-06 10:28:35,714 - excel.graph_api - INFO - Extracted file ID: 9e836ed5-f58f-4dc7-a969-3c62b255f3ea
2026-03-06 10:28:35,714 - excel.graph_api - INFO - Extracted site ID: CorpDevaaf94619130d4a79af9f3aeae502bdb5
2026-03-06 10:28:35,714 - root - INFO - Authenticating with Microsoft Graph API
2026-03-06 10:28:36,034 - excel.graph_api - INFO - Authentication successful
2026-03-06 10:28:36,034 - root - INFO - Updating Excel sheet with scraped data
2026-03-06 10:28:36,761 - excel.graph_api - INFO - Retrieved drive ID: b!MXUqfmBgAkyqAi_g7J1PO_6yKSWnHbZCs3mpe4EkYuX6d8izcdJxRb78S6OW5SIB
2026-03-06 10:28:38,450 - excel.graph_api - INFO - Retrieved 1304 rows from Excel
2026-03-06 10:28:40,414 - excel.graph_api - INFO - Updating range A1306:M1308 with 3 new entries
2026-03-06 10:28:41,555 - excel.graph_api - INFO - Successfully added 3 new tournaments to Excel
2026-03-06 10:28:41,557 - root - INFO - Excel sheet updated successfully
2026-03-06 10:28:41,635 - scraper.selenium_scraper - INFO - Chrome driver closed
2026-03-06 10:28:41,635 - root - INFO - Selenium driver closed
2026-03-06 10:28:41,635 - root - INFO - Script execution completed
