2026-02-28 10:16:52,699 - root - INFO - Logger initialized successfully
2026-02-28 10:16:52,699 - root - INFO - Log file: /home/runner/work/super-player-auction-scraper/super-player-auction-scraper/logs/scraper_20260228_101652.log
2026-02-28 10:16:52,699 - root - INFO - Starting Super Player Auction scraper
2026-02-28 10:16:52,700 - utils.config - INFO - Credentials loaded from environment variables
2026-02-28 10:16:52,700 - utils.config - INFO - Settings loaded successfully
2026-02-28 10:16:52,700 - root - INFO - Initializing Selenium scraper
2026-02-28 10:16:52,700 - scraper.selenium_scraper - INFO - Running in GitHub Actions environment
2026-02-28 10:16:58,844 - scraper.selenium_scraper - INFO - Chrome driver initialized successfully
2026-02-28 10:16:58,845 - root - INFO - Scraping tournament data
2026-02-28 10:16:58,845 - scraper.selenium_scraper - INFO - Starting to scrape tournament data
2026-02-28 10:16:59,429 - scraper.selenium_scraper - INFO - Waiting for page to load...
2026-02-28 10:17:04,434 - scraper.selenium_scraper - INFO - Scrolling to load all auction cards...
2026-02-28 10:17:16,666 - scraper.selenium_scraper - INFO - Saved page screenshot to /home/runner/work/super-player-auction-scraper/super-player-auction-scraper/logs/screenshots/page_loaded_20260228101716.png
2026-02-28 10:17:16,666 - scraper.selenium_scraper - INFO - Looking for auction cards...
2026-02-28 10:17:16,688 - scraper.selenium_scraper - INFO - Found 20 auction cards
2026-02-28 10:17:17,412 - scraper.selenium_scraper - INFO - Scraped tournament 1: PPL 2026
2026-02-28 10:17:18,155 - scraper.selenium_scraper - INFO - Scraped tournament 2: KOB T 10 SEASON 3
2026-02-28 10:17:18,847 - scraper.selenium_scraper - INFO - Scraped tournament 3: RAJ RATTAN ANPL CRICKET TOURNAMENT 2026 SEASON 3
2026-02-28 10:17:19,543 - scraper.selenium_scraper - INFO - Scraped tournament 4: Marwari premier league - season 4
2026-02-28 10:17:20,235 - scraper.selenium_scraper - INFO - Scraped tournament 5: TEN X FOOTBALL LEAGUE
2026-02-28 10:17:20,927 - scraper.selenium_scraper - INFO - Scraped tournament 6: KPL SEASON -4
2026-02-28 10:17:21,628 - scraper.selenium_scraper - INFO - Scraped tournament 7: TPL 2.0
2026-02-28 10:17:22,320 - scraper.selenium_scraper - INFO - Scraped tournament 8: U-14 Veerbhoomi Mahoba Cricket Championship Tropy 2026
2026-02-28 10:17:23,011 - scraper.selenium_scraper - INFO - Scraped tournament 9: RELIANCE SPL 2026
2026-02-28 10:17:23,700 - scraper.selenium_scraper - INFO - Scraped tournament 10: Hind Sporting Premier League
2026-02-28 10:17:24,390 - scraper.selenium_scraper - INFO - Scraped tournament 11: MCPL 2026
2026-02-28 10:17:25,086 - scraper.selenium_scraper - INFO - Scraped tournament 12: SIKAR PREMIER LEAGUE 2025
2026-02-28 10:17:25,776 - scraper.selenium_scraper - INFO - Scraped tournament 13: ROHAT PREMIER LEAGUE
2026-02-28 10:17:26,472 - scraper.selenium_scraper - INFO - Scraped tournament 14: SUPER FOOTBALL CHAMPIONSHIP
2026-02-28 10:17:27,166 - scraper.selenium_scraper - INFO - Scraped tournament 15: REPUBLIC CUP 2.0
2026-02-28 10:17:27,860 - scraper.selenium_scraper - INFO - Scraped tournament 16: NPL
2026-02-28 10:17:28,551 - scraper.selenium_scraper - INFO - Scraped tournament 17: BJP
2026-02-28 10:17:29,247 - scraper.selenium_scraper - INFO - Scraped tournament 18: SUPER CRICKRT LEAGUE - MAHIPAL
2026-02-28 10:17:29,934 - scraper.selenium_scraper - INFO - Scraped tournament 19: Kalkere Panchayat Premier League 01
2026-02-28 10:17:30,631 - scraper.selenium_scraper - INFO - Scraped tournament 20: FEARLESS FIGHTERS CRICKET PREMIER LEAGUE.
2026-02-28 10:17:30,632 - root - INFO - Successfully scraped 20 tournaments
2026-02-28 10:17:30,632 - root - INFO - Saved scraped data to /home/runner/work/super-player-auction-scraper/super-player-auction-scraper/data/tournament_data_20260228-101730.json
2026-02-28 10:17:30,632 - root - INFO - Initializing Graph API
2026-02-28 10:17:30,633 - excel.graph_api - INFO - Extracted file ID: 9e836ed5-f58f-4dc7-a969-3c62b255f3ea
2026-02-28 10:17:30,633 - excel.graph_api - INFO - Extracted site ID: CorpDevaaf94619130d4a79af9f3aeae502bdb5
2026-02-28 10:17:30,633 - root - INFO - Authenticating with Microsoft Graph API
2026-02-28 10:17:31,089 - excel.graph_api - INFO - Authentication successful
2026-02-28 10:17:31,089 - root - INFO - Updating Excel sheet with scraped data
2026-02-28 10:17:31,401 - excel.graph_api - INFO - Retrieved drive ID: b!MXUqfmBgAkyqAi_g7J1PO_6yKSWnHbZCs3mpe4EkYuX6d8izcdJxRb78S6OW5SIB
2026-02-28 10:17:33,483 - excel.graph_api - INFO - Retrieved 1279 rows from Excel
2026-02-28 10:17:34,879 - excel.graph_api - INFO - Updating range A1281:M1286 with 6 new entries
2026-02-28 10:17:36,260 - excel.graph_api - INFO - Successfully added 6 new tournaments to Excel
2026-02-28 10:17:36,261 - root - INFO - Excel sheet updated successfully
2026-02-28 10:17:36,339 - scraper.selenium_scraper - INFO - Chrome driver closed
2026-02-28 10:17:36,340 - root - INFO - Selenium driver closed
2026-02-28 10:17:36,340 - root - INFO - Script execution completed
