2025-10-25 15:11:16,749 - root - INFO - Logger initialized successfully
2025-10-25 15:11:16,749 - root - INFO - Log file: /home/runner/work/super-player-auction-scraper/super-player-auction-scraper/logs/scraper_20251025_151116.log
2025-10-25 15:11:16,749 - root - INFO - Starting Super Player Auction scraper
2025-10-25 15:11:16,750 - utils.config - INFO - Credentials loaded from environment variables
2025-10-25 15:11:16,750 - utils.config - INFO - Settings loaded successfully
2025-10-25 15:11:16,750 - root - INFO - Initializing Selenium scraper
2025-10-25 15:11:16,750 - scraper.selenium_scraper - INFO - Running in GitHub Actions environment
2025-10-25 15:11:32,971 - scraper.selenium_scraper - INFO - Chrome driver initialized successfully
2025-10-25 15:11:32,972 - root - INFO - Scraping tournament data
2025-10-25 15:11:32,972 - scraper.selenium_scraper - INFO - Starting to scrape tournament data
2025-10-25 15:11:34,538 - scraper.selenium_scraper - INFO - Waiting for page to load...
2025-10-25 15:11:39,543 - scraper.selenium_scraper - INFO - Scrolling to load all auction cards...
2025-10-25 15:11:51,710 - scraper.selenium_scraper - INFO - Saved page screenshot to /home/runner/work/super-player-auction-scraper/super-player-auction-scraper/logs/screenshots/page_loaded_20251025151151.png
2025-10-25 15:11:51,710 - scraper.selenium_scraper - INFO - Looking for auction cards...
2025-10-25 15:11:51,746 - scraper.selenium_scraper - INFO - Found 20 auction cards
2025-10-25 15:11:52,473 - scraper.selenium_scraper - INFO - Scraped tournament 1: DDS PREMIER LEAGUE SEASON 3
2025-10-25 15:11:53,277 - scraper.selenium_scraper - INFO - Scraped tournament 2: Phoenix Cricket Cup
2025-10-25 15:11:53,978 - scraper.selenium_scraper - INFO - Scraped tournament 3: OPL Season 5
2025-10-25 15:11:54,655 - scraper.selenium_scraper - INFO - Scraped tournament 4: TCC Premier Leage - Season 6
2025-10-25 15:11:55,333 - scraper.selenium_scraper - INFO - Scraped tournament 5: JAIN PREMIER LEAUGE NAWAPARA RAJIM -3
2025-10-25 15:11:56,030 - scraper.selenium_scraper - INFO - Scraped tournament 6: PANJIM GYMKHANA MEMBERS LEAGUE 2025
2025-10-25 15:11:56,711 - scraper.selenium_scraper - INFO - Scraped tournament 7: Goan Premier League 2025
2025-10-25 15:11:57,388 - scraper.selenium_scraper - INFO - Scraped tournament 8: ArjunDMUP
2025-10-25 15:11:58,064 - scraper.selenium_scraper - INFO - Scraped tournament 9: Chemist Cricket League
2025-10-25 15:11:58,748 - scraper.selenium_scraper - INFO - Scraped tournament 10: NORTH INDIA CORPORATE CRICKET LEAGUE SEASON 1
2025-10-25 15:11:59,423 - scraper.selenium_scraper - INFO - Scraped tournament 11: MALKANGIRI PREMIER LEAGUE - 2025
2025-10-25 15:12:00,104 - scraper.selenium_scraper - INFO - Scraped tournament 12: EMIRATES PREMIER LEAGUE SEASON. 5
2025-10-25 15:12:00,777 - scraper.selenium_scraper - INFO - Scraped tournament 13: NUTRAJ Premier League
2025-10-25 15:12:01,473 - scraper.selenium_scraper - INFO - Scraped tournament 14: Kumbhar Premier league
2025-10-25 15:12:02,152 - scraper.selenium_scraper - INFO - Scraped tournament 15: GHAZIABAD PREMIER LEAGUE 2025 "SEASON - 4"
2025-10-25 15:12:02,830 - scraper.selenium_scraper - INFO - Scraped tournament 16: VANJARI PREMIER LEAGUE 2025 "SEASON 4"
2025-10-25 15:12:03,515 - scraper.selenium_scraper - INFO - Scraped tournament 17: KSPL 4
2025-10-25 15:12:04,193 - scraper.selenium_scraper - INFO - Scraped tournament 18: LOKHANDWALA CHAMPIONS LEAGUE
2025-10-25 15:12:04,867 - scraper.selenium_scraper - INFO - Scraped tournament 19: BPPL Cricket Tournament 2025 - Season 2
2025-10-25 15:12:05,540 - scraper.selenium_scraper - INFO - Scraped tournament 20: BARAMATI CUP 2025 SEASON - 03
2025-10-25 15:12:05,541 - root - INFO - Successfully scraped 20 tournaments
2025-10-25 15:12:05,541 - root - INFO - Saved scraped data to /home/runner/work/super-player-auction-scraper/super-player-auction-scraper/data/tournament_data_20251025-151205.json
2025-10-25 15:12:05,541 - root - INFO - Initializing Graph API
2025-10-25 15:12:05,541 - excel.graph_api - INFO - Extracted file ID: 9e836ed5-f58f-4dc7-a969-3c62b255f3ea
2025-10-25 15:12:05,541 - excel.graph_api - INFO - Extracted site ID: CorpDevaaf94619130d4a79af9f3aeae502bdb5
2025-10-25 15:12:05,541 - root - INFO - Authenticating with Microsoft Graph API
2025-10-25 15:12:06,000 - excel.graph_api - INFO - Authentication successful
2025-10-25 15:12:06,000 - root - INFO - Updating Excel sheet with scraped data
2025-10-25 15:12:06,260 - excel.graph_api - INFO - Retrieved drive ID: b!MXUqfmBgAkyqAi_g7J1PO_6yKSWnHbZCs3mpe4EkYuX6d8izcdJxRb78S6OW5SIB
2025-10-25 15:12:07,575 - excel.graph_api - INFO - Retrieved 668 rows from Excel
2025-10-25 15:12:08,449 - excel.graph_api - INFO - No new tournaments to add
2025-10-25 15:12:08,450 - root - INFO - Excel sheet updated successfully
2025-10-25 15:12:08,511 - scraper.selenium_scraper - INFO - Chrome driver closed
2025-10-25 15:12:08,511 - root - INFO - Selenium driver closed
2025-10-25 15:12:08,511 - root - INFO - Script execution completed
