2026-02-01 10:18:30,736 - root - INFO - Logger initialized successfully
2026-02-01 10:18:30,736 - root - INFO - Log file: /home/runner/work/super-player-auction-scraper/super-player-auction-scraper/logs/scraper_20260201_101830.log
2026-02-01 10:18:30,736 - root - INFO - Starting Super Player Auction scraper
2026-02-01 10:18:30,736 - utils.config - INFO - Credentials loaded from environment variables
2026-02-01 10:18:30,736 - utils.config - INFO - Settings loaded successfully
2026-02-01 10:18:30,736 - root - INFO - Initializing Selenium scraper
2026-02-01 10:18:30,737 - scraper.selenium_scraper - INFO - Running in GitHub Actions environment
2026-02-01 10:18:32,802 - selenium.webdriver.common.selenium_manager - WARNING - The chromedriver version (144.0.7559.96) detected in PATH at /usr/bin/chromedriver might not be compatible with the detected chrome version (144.0.7559.96); currently, chromedriver 144.0.7559.109 is recommended for chrome 144.*, so it is advised to delete the driver in PATH and retry
2026-02-01 10:18:40,197 - scraper.selenium_scraper - INFO - Chrome driver initialized successfully
2026-02-01 10:18:40,197 - root - INFO - Scraping tournament data
2026-02-01 10:18:40,197 - scraper.selenium_scraper - INFO - Starting to scrape tournament data
2026-02-01 10:18:41,388 - scraper.selenium_scraper - INFO - Waiting for page to load...
2026-02-01 10:18:46,394 - scraper.selenium_scraper - INFO - Scrolling to load all auction cards...
2026-02-01 10:18:58,541 - scraper.selenium_scraper - INFO - Saved page screenshot to /home/runner/work/super-player-auction-scraper/super-player-auction-scraper/logs/screenshots/page_loaded_20260201101858.png
2026-02-01 10:18:58,541 - scraper.selenium_scraper - INFO - Looking for auction cards...
2026-02-01 10:18:58,577 - scraper.selenium_scraper - INFO - Found 20 auction cards
2026-02-01 10:18:59,315 - scraper.selenium_scraper - INFO - Scraped tournament 1: Calicut premier league Qatar
2026-02-01 10:19:00,092 - scraper.selenium_scraper - INFO - Scraped tournament 2: PGCL 2.O
2026-02-01 10:19:00,794 - scraper.selenium_scraper - INFO - Scraped tournament 3: SUBIC SRILANKAN PREMIER LEAGUE - SEASON 4 - 2026
2026-02-01 10:19:01,498 - scraper.selenium_scraper - INFO - Scraped tournament 4: MCPL 2026
2026-02-01 10:19:02,190 - scraper.selenium_scraper - INFO - Scraped tournament 5: SIKAR PREMIER LEAGUE 2025
2026-02-01 10:19:02,885 - scraper.selenium_scraper - INFO - Scraped tournament 6: SUPER FOOTBALL CHAMPIONSHIP
2026-02-01 10:19:03,586 - scraper.selenium_scraper - INFO - Scraped tournament 7: Zoroastrian Volleyball Premier League
2026-02-01 10:19:04,280 - scraper.selenium_scraper - INFO - Scraped tournament 8: URKURA T10 CRICKET
2026-02-01 10:19:04,981 - scraper.selenium_scraper - INFO - Scraped tournament 9: Goichi League 2026
2026-02-01 10:19:05,676 - scraper.selenium_scraper - INFO - Scraped tournament 10: MYM 5.0 CRICKET TOURNAMENT Sponsored By HANUMANTA FOODS
2026-02-01 10:19:06,450 - scraper.selenium_scraper - INFO - Scraped tournament 11: QIFF EASAKA MEMORIAL 7S FOOTBALL TOURNAMENT
2026-02-01 10:19:07,162 - scraper.selenium_scraper - INFO - Scraped tournament 12: BHILAI STEEL PLANT PREMIER LEAGUE
2026-02-01 10:19:07,862 - scraper.selenium_scraper - INFO - Scraped tournament 13: Skyhawks Premier League - 3
2026-02-01 10:19:08,561 - scraper.selenium_scraper - INFO - Scraped tournament 14: Calicut Premier League
2026-02-01 10:19:09,251 - scraper.selenium_scraper - INFO - Scraped tournament 15: KPCJAA SPORTS LEAGUE 2026
2026-02-01 10:19:09,942 - scraper.selenium_scraper - INFO - Scraped tournament 16: मेघवाल प्रीमियर लीग जयपुर आक्शन
2026-02-01 10:19:10,631 - scraper.selenium_scraper - INFO - Scraped tournament 17: DJPL Season 8
2026-02-01 10:19:11,321 - scraper.selenium_scraper - INFO - Scraped tournament 18: KSPL
2026-02-01 10:19:12,012 - scraper.selenium_scraper - INFO - Scraped tournament 19: SINDHI PREMIER LEAGUE-5
2026-02-01 10:19:12,713 - scraper.selenium_scraper - INFO - Scraped tournament 20: GARHWAL CRICKET LEAGUE
2026-02-01 10:19:12,713 - root - INFO - Successfully scraped 20 tournaments
2026-02-01 10:19:12,713 - root - INFO - Saved scraped data to /home/runner/work/super-player-auction-scraper/super-player-auction-scraper/data/tournament_data_20260201-101912.json
2026-02-01 10:19:12,713 - root - INFO - Initializing Graph API
2026-02-01 10:19:12,714 - excel.graph_api - INFO - Extracted file ID: 9e836ed5-f58f-4dc7-a969-3c62b255f3ea
2026-02-01 10:19:12,714 - excel.graph_api - INFO - Extracted site ID: CorpDevaaf94619130d4a79af9f3aeae502bdb5
2026-02-01 10:19:12,714 - root - INFO - Authenticating with Microsoft Graph API
2026-02-01 10:19:12,909 - excel.graph_api - INFO - Authentication successful
2026-02-01 10:19:12,910 - root - INFO - Updating Excel sheet with scraped data
2026-02-01 10:19:13,311 - excel.graph_api - INFO - Retrieved drive ID: b!MXUqfmBgAkyqAi_g7J1PO_6yKSWnHbZCs3mpe4EkYuX6d8izcdJxRb78S6OW5SIB
2026-02-01 10:19:14,571 - excel.graph_api - INFO - Retrieved 1161 rows from Excel
2026-02-01 10:19:15,458 - excel.graph_api - INFO - Updating range A1163:M1171 with 9 new entries
2026-02-01 10:19:17,458 - excel.graph_api - INFO - Successfully added 9 new tournaments to Excel
2026-02-01 10:19:17,460 - root - INFO - Excel sheet updated successfully
2026-02-01 10:19:17,538 - scraper.selenium_scraper - INFO - Chrome driver closed
2026-02-01 10:19:17,538 - root - INFO - Selenium driver closed
2026-02-01 10:19:17,538 - root - INFO - Script execution completed
