2025-05-21 11:54:28,483 - root - INFO - Logger initialized successfully
2025-05-21 11:54:28,483 - root - INFO - Log file: /home/runner/work/super-player-auction-scraper/super-player-auction-scraper/logs/scraper_20250521_115428.log
2025-05-21 11:54:28,483 - root - INFO - Starting Super Player Auction scraper
2025-05-21 11:54:28,483 - utils.config - INFO - Credentials loaded successfully from environment variables
2025-05-21 11:54:28,484 - utils.config - INFO - Settings loaded successfully
2025-05-21 11:54:28,484 - root - INFO - Initializing Selenium scraper
2025-05-21 11:54:28,484 - scraper.selenium_scraper - INFO - Running in GitHub Actions environment
2025-05-21 11:54:28,676 - selenium.webdriver.common.selenium_manager - WARNING - The chromedriver version (136.0.7103.92) detected in PATH at /usr/bin/chromedriver might not be compatible with the detected chrome version (136.0.7103.92); currently, chromedriver 136.0.7103.94 is recommended for chrome 136.*, so it is advised to delete the driver in PATH and retry
2025-05-21 11:54:29,899 - scraper.selenium_scraper - INFO - Chrome driver initialized successfully
2025-05-21 11:54:29,900 - root - INFO - Scraping tournament data
2025-05-21 11:54:29,900 - scraper.selenium_scraper - INFO - Starting to scrape tournament data
2025-05-21 11:54:30,345 - scraper.selenium_scraper - INFO - Waiting for page to load...
2025-05-21 11:54:35,351 - scraper.selenium_scraper - INFO - Scrolling to load all auction cards...
2025-05-21 11:54:47,864 - scraper.selenium_scraper - INFO - Saved page screenshot to /home/runner/work/super-player-auction-scraper/super-player-auction-scraper/logs/screenshots/page_loaded_20250521115447.png
2025-05-21 11:54:47,864 - scraper.selenium_scraper - INFO - Looking for auction cards...
2025-05-21 11:54:47,884 - scraper.selenium_scraper - INFO - Found 20 auction cards
2025-05-21 11:54:48,605 - scraper.selenium_scraper - INFO - Scraped tournament 1: Hariprabodham Premier League
2025-05-21 11:54:49,298 - scraper.selenium_scraper - INFO - Scraped tournament 2: MARC Malappuram Premier league S2
2025-05-21 11:54:50,018 - scraper.selenium_scraper - INFO - Scraped tournament 3: ArjunDMUP
2025-05-21 11:54:50,710 - scraper.selenium_scraper - INFO - Scraped tournament 4: PALAKKAD CRICKET LEAGUE
2025-05-21 11:54:51,403 - scraper.selenium_scraper - INFO - Scraped tournament 5: EᒪITE ᑕᖇIᑕKET ᑕᕼᗩᗰᑭIOᑎᔕᕼIᑭ
2025-05-21 11:54:52,096 - scraper.selenium_scraper - INFO - Scraped tournament 6: Hariprabodham Parivar Cricket League
2025-05-21 11:54:52,791 - scraper.selenium_scraper - INFO - Scraped tournament 7: JSG Elite Multi-Sports
2025-05-21 11:54:53,490 - scraper.selenium_scraper - INFO - Scraped tournament 8: RJ54 CRICKET LEAGUE SEASON 2
2025-05-21 11:54:54,183 - scraper.selenium_scraper - INFO - Scraped tournament 9: APL 2025
2025-05-21 11:54:54,875 - scraper.selenium_scraper - INFO - Scraped tournament 10: PKPPL Season 06
2025-05-21 11:54:55,566 - scraper.selenium_scraper - INFO - Scraped tournament 11: MPL Mega Auction
2025-05-21 11:54:56,258 - scraper.selenium_scraper - INFO - Scraped tournament 12: Bhatgram Premier League
2025-05-21 11:54:56,962 - scraper.selenium_scraper - INFO - Scraped tournament 13: TITAN LEAGUE GRAND SEASON 3
2025-05-21 11:54:57,652 - scraper.selenium_scraper - INFO - Scraped tournament 14: SUPER LEAGUE
2025-05-21 11:54:58,342 - scraper.selenium_scraper - INFO - Scraped tournament 15: TITAN LEAGUE GRAND SEASON 3
2025-05-21 11:54:59,035 - scraper.selenium_scraper - INFO - Scraped tournament 16: Indian Premier League Auction 2025
2025-05-21 11:54:59,728 - scraper.selenium_scraper - INFO - Scraped tournament 17: Amar Ujala Premier League
2025-05-21 11:55:00,420 - scraper.selenium_scraper - INFO - Scraped tournament 18: Kakina Super League-2025
2025-05-21 11:55:01,120 - scraper.selenium_scraper - INFO - Scraped tournament 19: Hpl
2025-05-21 11:55:01,810 - scraper.selenium_scraper - INFO - Scraped tournament 20: FABLEAGUE PREMIER
2025-05-21 11:55:01,810 - root - INFO - Successfully scraped 20 tournaments
2025-05-21 11:55:01,810 - root - INFO - Saved scraped data to /home/runner/work/super-player-auction-scraper/super-player-auction-scraper/data/tournament_data_20250521-115501.json
2025-05-21 11:55:01,810 - root - INFO - Initializing Graph API
2025-05-21 11:55:01,810 - root - ERROR - An error occurred: GraphAPI.__init__() missing 1 required positional argument: 'worksheet_name'
2025-05-21 11:55:01,878 - scraper.selenium_scraper - INFO - Chrome driver closed
2025-05-21 11:55:01,878 - root - INFO - Selenium driver closed
2025-05-21 11:55:01,879 - root - INFO - Script execution completed
