2026-03-22 10:20:26,311 - root - INFO - Logger initialized successfully
2026-03-22 10:20:26,311 - root - INFO - Log file: /home/runner/work/super-player-auction-scraper/super-player-auction-scraper/logs/scraper_20260322_102026.log
2026-03-22 10:20:26,311 - root - INFO - Starting Super Player Auction scraper
2026-03-22 10:20:26,311 - utils.config - INFO - Credentials loaded from environment variables
2026-03-22 10:20:26,311 - utils.config - INFO - Settings loaded successfully
2026-03-22 10:20:26,311 - root - INFO - Initializing Selenium scraper
2026-03-22 10:20:26,312 - scraper.selenium_scraper - INFO - Running in GitHub Actions environment
2026-03-22 10:20:32,787 - scraper.selenium_scraper - INFO - Chrome driver initialized successfully
2026-03-22 10:20:32,787 - root - INFO - Scraping tournament data
2026-03-22 10:20:32,787 - scraper.selenium_scraper - INFO - Starting to scrape tournament data
2026-03-22 10:20:33,703 - scraper.selenium_scraper - INFO - Waiting for page to load...
2026-03-22 10:20:38,708 - scraper.selenium_scraper - INFO - Scrolling to load all auction cards...
2026-03-22 10:20:50,819 - scraper.selenium_scraper - INFO - Saved page screenshot to /home/runner/work/super-player-auction-scraper/super-player-auction-scraper/logs/screenshots/page_loaded_20260322102050.png
2026-03-22 10:20:50,820 - scraper.selenium_scraper - INFO - Looking for auction cards...
2026-03-22 10:20:50,842 - scraper.selenium_scraper - INFO - Found 20 auction cards
2026-03-22 10:20:51,557 - scraper.selenium_scraper - INFO - Scraped tournament 1: BSA League - 1
2026-03-22 10:20:52,300 - scraper.selenium_scraper - INFO - Scraped tournament 2: DADA CUP
2026-03-22 10:20:52,986 - scraper.selenium_scraper - INFO - Scraped tournament 3: MPL Cup 2026
2026-03-22 10:20:53,673 - scraper.selenium_scraper - INFO - Scraped tournament 4: UNITY CUP Season 3 [2026-27]
2026-03-22 10:20:54,358 - scraper.selenium_scraper - INFO - Scraped tournament 5: Chhattisgarh Cricket Champions League T20
2026-03-22 10:20:55,043 - scraper.selenium_scraper - INFO - Scraped tournament 6: Super Cricket League
2026-03-22 10:20:55,729 - scraper.selenium_scraper - INFO - Scraped tournament 7: SIKAR PREMIER LEAGUE 2025
2026-03-22 10:20:56,415 - scraper.selenium_scraper - INFO - Scraped tournament 8: ROHAT PREMIER LEAGUE
2026-03-22 10:20:57,106 - scraper.selenium_scraper - INFO - Scraped tournament 9: SUPER FOOTBALL CHAMPIONSHIP
2026-03-22 10:20:57,791 - scraper.selenium_scraper - INFO - Scraped tournament 10: REPUBLIC CUP 2.0
2026-03-22 10:20:58,475 - scraper.selenium_scraper - INFO - Scraped tournament 11: Super Cricket League
2026-03-22 10:20:59,159 - scraper.selenium_scraper - INFO - Scraped tournament 12: BJP
2026-03-22 10:20:59,842 - scraper.selenium_scraper - INFO - Scraped tournament 13: SUPER CRICKRT LEAGUE - MAHIPAL
2026-03-22 10:21:00,524 - scraper.selenium_scraper - INFO - Scraped tournament 14: YBCL SEASON 5
2026-03-22 10:21:01,212 - scraper.selenium_scraper - INFO - Scraped tournament 15: CHAMPIONS PREMIER LEAGUE 2026 Season 02
2026-03-22 10:21:01,892 - scraper.selenium_scraper - INFO - Scraped tournament 16: CHARTERED ACCOUNTANT PREMIER LEAGUE
2026-03-22 10:21:02,573 - scraper.selenium_scraper - INFO - Scraped tournament 17: IPRA Cricket League
2026-03-22 10:21:03,268 - scraper.selenium_scraper - INFO - Scraped tournament 18: FINISHER T10 LEAGUE SEASON - 5
2026-03-22 10:21:03,952 - scraper.selenium_scraper - INFO - Scraped tournament 19: RANUJ GAM CRICKET LEAGUE
2026-03-22 10:21:04,633 - scraper.selenium_scraper - INFO - Scraped tournament 20: SAMEER BHAU KAMBLE CHASHAK 2026
2026-03-22 10:21:04,633 - root - INFO - Successfully scraped 20 tournaments
2026-03-22 10:21:04,633 - root - INFO - Saved scraped data to /home/runner/work/super-player-auction-scraper/super-player-auction-scraper/data/tournament_data_20260322-102104.json
2026-03-22 10:21:04,633 - root - INFO - Initializing Graph API
2026-03-22 10:21:04,634 - excel.graph_api - INFO - Extracted file ID: 9e836ed5-f58f-4dc7-a969-3c62b255f3ea
2026-03-22 10:21:04,634 - excel.graph_api - INFO - Extracted site ID: CorpDevaaf94619130d4a79af9f3aeae502bdb5
2026-03-22 10:21:04,634 - root - INFO - Authenticating with Microsoft Graph API
2026-03-22 10:21:05,133 - excel.graph_api - INFO - Authentication successful
2026-03-22 10:21:05,133 - root - INFO - Updating Excel sheet with scraped data
2026-03-22 10:21:05,994 - excel.graph_api - INFO - Retrieved drive ID: b!MXUqfmBgAkyqAi_g7J1PO_6yKSWnHbZCs3mpe4EkYuX6d8izcdJxRb78S6OW5SIB
2026-03-22 10:21:07,816 - excel.graph_api - INFO - Retrieved 1372 rows from Excel
2026-03-22 10:21:09,097 - excel.graph_api - INFO - Updating range A1374:M1377 with 4 new entries
2026-03-22 10:21:10,495 - excel.graph_api - INFO - Successfully added 4 new tournaments to Excel
2026-03-22 10:21:10,497 - root - INFO - Excel sheet updated successfully
2026-03-22 10:21:10,562 - scraper.selenium_scraper - INFO - Chrome driver closed
2026-03-22 10:21:10,562 - root - INFO - Selenium driver closed
2026-03-22 10:21:10,562 - root - INFO - Script execution completed
