2025-12-14 15:12:47,794 - root - INFO - Logger initialized successfully
2025-12-14 15:12:47,795 - root - INFO - Log file: /home/runner/work/super-player-auction-scraper/super-player-auction-scraper/logs/scraper_20251214_151247.log
2025-12-14 15:12:47,795 - root - INFO - Starting Super Player Auction scraper
2025-12-14 15:12:47,795 - utils.config - INFO - Credentials loaded from environment variables
2025-12-14 15:12:47,795 - utils.config - INFO - Settings loaded successfully
2025-12-14 15:12:47,795 - root - INFO - Initializing Selenium scraper
2025-12-14 15:12:47,795 - scraper.selenium_scraper - INFO - Running in GitHub Actions environment
2025-12-14 15:12:48,925 - selenium.webdriver.common.selenium_manager - WARNING - The chromedriver version (143.0.7499.40) detected in PATH at /usr/bin/chromedriver might not be compatible with the detected chrome version (143.0.7499.40); currently, chromedriver 143.0.7499.42 is recommended for chrome 143.*, so it is advised to delete the driver in PATH and retry
2025-12-14 15:12:53,596 - scraper.selenium_scraper - INFO - Chrome driver initialized successfully
2025-12-14 15:12:53,596 - root - INFO - Scraping tournament data
2025-12-14 15:12:53,596 - scraper.selenium_scraper - INFO - Starting to scrape tournament data
2025-12-14 15:12:54,546 - scraper.selenium_scraper - INFO - Waiting for page to load...
2025-12-14 15:12:59,551 - scraper.selenium_scraper - INFO - Scrolling to load all auction cards...
2025-12-14 15:13:11,679 - scraper.selenium_scraper - INFO - Saved page screenshot to /home/runner/work/super-player-auction-scraper/super-player-auction-scraper/logs/screenshots/page_loaded_20251214151311.png
2025-12-14 15:13:11,679 - scraper.selenium_scraper - INFO - Looking for auction cards...
2025-12-14 15:13:11,700 - scraper.selenium_scraper - INFO - Found 20 auction cards
2025-12-14 15:13:12,420 - scraper.selenium_scraper - INFO - Scraped tournament 1: LIONS CLUB JAIPUR GREEN
2025-12-14 15:13:13,134 - scraper.selenium_scraper - INFO - Scraped tournament 2: RAJNANDGAON FOOTBALL LEAGUE 2026
2025-12-14 15:13:13,823 - scraper.selenium_scraper - INFO - Scraped tournament 3: SHIRUR PREMIER LEAGUE 2026
2025-12-14 15:13:14,509 - scraper.selenium_scraper - INFO - Scraped tournament 4: Rajpurohit Cricket League - Surat (RCL- 2026)
2025-12-14 15:13:15,196 - scraper.selenium_scraper - INFO - Scraped tournament 5: Durga Mechatronics MWE Box Cricket League 2025-2026
2025-12-14 15:13:15,885 - scraper.selenium_scraper - INFO - Scraped tournament 6: Sindhi Premier League 6.0
2025-12-14 15:13:16,572 - scraper.selenium_scraper - INFO - Scraped tournament 7: DPL
2025-12-14 15:13:17,257 - scraper.selenium_scraper - INFO - Scraped tournament 8: YELLAM PREMIER LEAGUE
2025-12-14 15:13:17,940 - scraper.selenium_scraper - INFO - Scraped tournament 9: Delta Football League
2025-12-14 15:13:18,626 - scraper.selenium_scraper - INFO - Scraped tournament 10: TPL 2026
2025-12-14 15:13:19,319 - scraper.selenium_scraper - INFO - Scraped tournament 11: SIKAR PREMIER LEAGUE 2025
2025-12-14 15:13:20,003 - scraper.selenium_scraper - INFO - Scraped tournament 12: SUPER FOOTBALL CHAMPIONSHIP
2025-12-14 15:13:20,689 - scraper.selenium_scraper - INFO - Scraped tournament 13: Arjun DEMO
2025-12-14 15:13:21,375 - scraper.selenium_scraper - INFO - Scraped tournament 14: TNPL PREMIER LEAGUE SEASON 4
2025-12-14 15:13:22,059 - scraper.selenium_scraper - INFO - Scraped tournament 15: DURG PREMIER LEAGUE-9
2025-12-14 15:13:22,746 - scraper.selenium_scraper - INFO - Scraped tournament 16: MANANESHWAR PREMIER LEAGUE SHILARU
2025-12-14 15:13:23,432 - scraper.selenium_scraper - INFO - Scraped tournament 17: VIMAN NAGAR PREMIER LEAGUE SEASON 2
2025-12-14 15:13:24,123 - scraper.selenium_scraper - INFO - Scraped tournament 18: Malegaon Cricket Mahotsav 2026
2025-12-14 15:13:24,815 - scraper.selenium_scraper - INFO - Scraped tournament 19: CJPL
2025-12-14 15:13:25,502 - scraper.selenium_scraper - INFO - Scraped tournament 20: ABS PREMIER LEAGUE - 4
2025-12-14 15:13:25,502 - root - INFO - Successfully scraped 20 tournaments
2025-12-14 15:13:25,503 - root - INFO - Saved scraped data to /home/runner/work/super-player-auction-scraper/super-player-auction-scraper/data/tournament_data_20251214-151325.json
2025-12-14 15:13:25,503 - root - INFO - Initializing Graph API
2025-12-14 15:13:25,503 - excel.graph_api - INFO - Extracted file ID: 9e836ed5-f58f-4dc7-a969-3c62b255f3ea
2025-12-14 15:13:25,503 - excel.graph_api - INFO - Extracted site ID: CorpDevaaf94619130d4a79af9f3aeae502bdb5
2025-12-14 15:13:25,503 - root - INFO - Authenticating with Microsoft Graph API
2025-12-14 15:13:26,008 - excel.graph_api - INFO - Authentication successful
2025-12-14 15:13:26,008 - root - INFO - Updating Excel sheet with scraped data
2025-12-14 15:13:26,514 - excel.graph_api - INFO - Retrieved drive ID: b!MXUqfmBgAkyqAi_g7J1PO_6yKSWnHbZCs3mpe4EkYuX6d8izcdJxRb78S6OW5SIB
2025-12-14 15:13:27,525 - excel.graph_api - INFO - Retrieved 862 rows from Excel
2025-12-14 15:13:28,206 - excel.graph_api - INFO - Updating range A864:M866 with 3 new entries
2025-12-14 15:13:29,170 - excel.graph_api - INFO - Successfully added 3 new tournaments to Excel
2025-12-14 15:13:29,172 - root - INFO - Excel sheet updated successfully
2025-12-14 15:13:29,239 - scraper.selenium_scraper - INFO - Chrome driver closed
2025-12-14 15:13:29,239 - root - INFO - Selenium driver closed
2025-12-14 15:13:29,239 - root - INFO - Script execution completed
