2026-04-03 15:34:10,721 - root - INFO - Logger initialized successfully
2026-04-03 15:34:10,721 - root - INFO - Log file: /home/runner/work/super-player-auction-scraper/super-player-auction-scraper/logs/scraper_20260403_153410.log
2026-04-03 15:34:10,721 - root - INFO - Starting Super Player Auction scraper
2026-04-03 15:34:10,721 - utils.config - INFO - Credentials loaded from environment variables
2026-04-03 15:34:10,721 - utils.config - INFO - Settings loaded successfully
2026-04-03 15:34:10,721 - root - INFO - Initializing Selenium scraper
2026-04-03 15:34:10,721 - scraper.selenium_scraper - INFO - Running in GitHub Actions environment
2026-04-03 15:34:11,948 - selenium.webdriver.common.selenium_manager - WARNING - The chromedriver version (146.0.7680.153) detected in PATH at /usr/bin/chromedriver might not be compatible with the detected chrome version (146.0.7680.153); currently, chromedriver 146.0.7680.165 is recommended for chrome 146.*, so it is advised to delete the driver in PATH and retry
2026-04-03 15:34:16,402 - scraper.selenium_scraper - INFO - Chrome driver initialized successfully
2026-04-03 15:34:16,402 - root - INFO - Scraping tournament data
2026-04-03 15:34:16,402 - scraper.selenium_scraper - INFO - Starting to scrape tournament data
2026-04-03 15:34:17,264 - scraper.selenium_scraper - INFO - Waiting for page to load...
2026-04-03 15:34:22,269 - scraper.selenium_scraper - INFO - Scrolling to load all auction cards...
2026-04-03 15:34:34,412 - scraper.selenium_scraper - INFO - Saved page screenshot to /home/runner/work/super-player-auction-scraper/super-player-auction-scraper/logs/screenshots/page_loaded_20260403153434.png
2026-04-03 15:34:34,412 - scraper.selenium_scraper - INFO - Looking for auction cards...
2026-04-03 15:34:34,438 - scraper.selenium_scraper - INFO - Found 20 auction cards
2026-04-03 15:34:35,173 - scraper.selenium_scraper - INFO - Scraped tournament 1: Wala & Team Present Open Leather Ball Cricket Tournament
2026-04-03 15:34:35,905 - scraper.selenium_scraper - INFO - Scraped tournament 2: EPL Season - 2
2026-04-03 15:34:36,598 - scraper.selenium_scraper - INFO - Scraped tournament 3: Kurar Premier League
2026-04-03 15:34:37,292 - scraper.selenium_scraper - INFO - Scraped tournament 4: HariPrabodham Premier League 2026
2026-04-03 15:34:37,985 - scraper.selenium_scraper - INFO - Scraped tournament 5: GOGAON PREMIER LEAGUE SEASON - 08
2026-04-03 15:34:38,685 - scraper.selenium_scraper - INFO - Scraped tournament 6: SMBCL 2026
2026-04-03 15:34:39,378 - scraper.selenium_scraper - INFO - Scraped tournament 7: AIKYA CUP 2026
2026-04-03 15:34:40,069 - scraper.selenium_scraper - INFO - Scraped tournament 8: JCL 6
2026-04-03 15:34:40,761 - scraper.selenium_scraper - INFO - Scraped tournament 9: HPL TURF CRICKET LEAGUE
2026-04-03 15:34:41,454 - scraper.selenium_scraper - INFO - Scraped tournament 10: SIKAR PREMIER LEAGUE 2025
2026-04-03 15:34:42,155 - scraper.selenium_scraper - INFO - Scraped tournament 11: Mochi Premier League 5.0
2026-04-03 15:34:42,849 - scraper.selenium_scraper - INFO - Scraped tournament 12: ROHAT PREMIER LEAGUE
2026-04-03 15:34:43,541 - scraper.selenium_scraper - INFO - Scraped tournament 13: SUPER FOOTBALL CHAMPIONSHIP
2026-04-03 15:34:44,235 - scraper.selenium_scraper - INFO - Scraped tournament 14: REPUBLIC CUP 2.0
2026-04-03 15:34:44,928 - scraper.selenium_scraper - INFO - Scraped tournament 15: Super Cricket League
2026-04-03 15:34:45,624 - scraper.selenium_scraper - INFO - Scraped tournament 16: BJP
2026-04-03 15:34:46,317 - scraper.selenium_scraper - INFO - Scraped tournament 17: CHAMPIONS PREMIER LEAGUE 2026 Season 02
2026-04-03 15:34:47,002 - scraper.selenium_scraper - INFO - Scraped tournament 18: Godhra Premier League
2026-04-03 15:34:47,707 - scraper.selenium_scraper - INFO - Scraped tournament 19: APL -2
2026-04-03 15:34:48,401 - scraper.selenium_scraper - INFO - Scraped tournament 20: KMPL SEASON 4
2026-04-03 15:34:48,401 - root - INFO - Successfully scraped 20 tournaments
2026-04-03 15:34:48,402 - root - INFO - Saved scraped data to /home/runner/work/super-player-auction-scraper/super-player-auction-scraper/data/tournament_data_20260403-153448.json
2026-04-03 15:34:48,402 - root - INFO - Initializing Graph API
2026-04-03 15:34:48,402 - excel.graph_api - INFO - Extracted file ID: 9e836ed5-f58f-4dc7-a969-3c62b255f3ea
2026-04-03 15:34:48,402 - excel.graph_api - INFO - Extracted site ID: CorpDevaaf94619130d4a79af9f3aeae502bdb5
2026-04-03 15:34:48,402 - root - INFO - Authenticating with Microsoft Graph API
2026-04-03 15:34:48,873 - excel.graph_api - INFO - Authentication successful
2026-04-03 15:34:48,873 - root - INFO - Updating Excel sheet with scraped data
2026-04-03 15:34:49,528 - excel.graph_api - INFO - Retrieved drive ID: b!MXUqfmBgAkyqAi_g7J1PO_6yKSWnHbZCs3mpe4EkYuX6d8izcdJxRb78S6OW5SIB
2026-04-03 15:34:51,363 - excel.graph_api - INFO - Retrieved 1425 rows from Excel
2026-04-03 15:34:52,630 - excel.graph_api - INFO - Updating range A1427:P1427 with 1 new entries
2026-04-03 15:34:53,937 - excel.graph_api - INFO - Successfully added 1 new tournaments to Excel
2026-04-03 15:34:53,938 - root - INFO - Excel sheet updated successfully
2026-04-03 15:34:54,017 - scraper.selenium_scraper - INFO - Chrome driver closed
2026-04-03 15:34:54,017 - root - INFO - Selenium driver closed
2026-04-03 15:34:54,017 - root - INFO - Script execution completed
