2026-03-08 10:18:27,068 - root - INFO - Logger initialized successfully
2026-03-08 10:18:27,068 - root - INFO - Log file: /home/runner/work/super-player-auction-scraper/super-player-auction-scraper/logs/scraper_20260308_101827.log
2026-03-08 10:18:27,068 - root - INFO - Starting Super Player Auction scraper
2026-03-08 10:18:27,068 - utils.config - INFO - Credentials loaded from environment variables
2026-03-08 10:18:27,068 - utils.config - INFO - Settings loaded successfully
2026-03-08 10:18:27,068 - root - INFO - Initializing Selenium scraper
2026-03-08 10:18:27,068 - scraper.selenium_scraper - INFO - Running in GitHub Actions environment
2026-03-08 10:18:35,426 - scraper.selenium_scraper - INFO - Chrome driver initialized successfully
2026-03-08 10:18:35,426 - root - INFO - Scraping tournament data
2026-03-08 10:18:35,426 - scraper.selenium_scraper - INFO - Starting to scrape tournament data
2026-03-08 10:18:36,575 - scraper.selenium_scraper - INFO - Waiting for page to load...
2026-03-08 10:18:41,580 - scraper.selenium_scraper - INFO - Scrolling to load all auction cards...
2026-03-08 10:18:53,732 - scraper.selenium_scraper - INFO - Saved page screenshot to /home/runner/work/super-player-auction-scraper/super-player-auction-scraper/logs/screenshots/page_loaded_20260308101853.png
2026-03-08 10:18:53,732 - scraper.selenium_scraper - INFO - Looking for auction cards...
2026-03-08 10:18:53,766 - scraper.selenium_scraper - INFO - Found 20 auction cards
2026-03-08 10:18:54,471 - scraper.selenium_scraper - INFO - Scraped tournament 1: NIRLON SUPER LEAGUE 3.0
2026-03-08 10:18:55,237 - scraper.selenium_scraper - INFO - Scraped tournament 2: SPL-2
2026-03-08 10:18:55,920 - scraper.selenium_scraper - INFO - Scraped tournament 3: RELIANCE SPL 2026
2026-03-08 10:18:56,597 - scraper.selenium_scraper - INFO - Scraped tournament 4: MCPL 2026
2026-03-08 10:18:57,275 - scraper.selenium_scraper - INFO - Scraped tournament 5: NOTANDAS PREMIER LEAGUE (NPL)
2026-03-08 10:18:57,953 - scraper.selenium_scraper - INFO - Scraped tournament 6: UNITY CUP Season 3 [2026-27]
2026-03-08 10:18:58,633 - scraper.selenium_scraper - INFO - Scraped tournament 7: SIKAR PREMIER LEAGUE 2025
2026-03-08 10:18:59,309 - scraper.selenium_scraper - INFO - Scraped tournament 8: ROHAT PREMIER LEAGUE
2026-03-08 10:18:59,992 - scraper.selenium_scraper - INFO - Scraped tournament 9: SUPER FOOTBALL CHAMPIONSHIP
2026-03-08 10:19:00,672 - scraper.selenium_scraper - INFO - Scraped tournament 10: REPUBLIC CUP 2.0
2026-03-08 10:19:01,349 - scraper.selenium_scraper - INFO - Scraped tournament 11: NPL
2026-03-08 10:19:02,027 - scraper.selenium_scraper - INFO - Scraped tournament 12: BJP
2026-03-08 10:19:02,704 - scraper.selenium_scraper - INFO - Scraped tournament 13: SUPER CRICKRT LEAGUE - MAHIPAL
2026-03-08 10:19:03,380 - scraper.selenium_scraper - INFO - Scraped tournament 14: Zoroastrian Volleyball Premier League
2026-03-08 10:19:04,060 - scraper.selenium_scraper - INFO - Scraped tournament 15: ELAVA PREMIER LEAGUE
2026-03-08 10:19:04,741 - scraper.selenium_scraper - INFO - Scraped tournament 16: BOTAD PREMIER LEAGUE 3
2026-03-08 10:19:05,417 - scraper.selenium_scraper - INFO - Scraped tournament 17: BHAGATRAM BCI
2026-03-08 10:19:06,107 - scraper.selenium_scraper - INFO - Scraped tournament 18: JITO CRICKET LEAGUE 3.0
2026-03-08 10:19:06,783 - scraper.selenium_scraper - INFO - Scraped tournament 19: LONI PREMIER LEAGUE NAMDAR CUP 2026
2026-03-08 10:19:07,459 - scraper.selenium_scraper - INFO - Scraped tournament 20: KARAIKAL CHAMPIONS LEAGUE
2026-03-08 10:19:07,459 - root - INFO - Successfully scraped 20 tournaments
2026-03-08 10:19:07,459 - root - INFO - Saved scraped data to /home/runner/work/super-player-auction-scraper/super-player-auction-scraper/data/tournament_data_20260308-101907.json
2026-03-08 10:19:07,459 - root - INFO - Initializing Graph API
2026-03-08 10:19:07,460 - excel.graph_api - INFO - Extracted file ID: 9e836ed5-f58f-4dc7-a969-3c62b255f3ea
2026-03-08 10:19:07,460 - excel.graph_api - INFO - Extracted site ID: CorpDevaaf94619130d4a79af9f3aeae502bdb5
2026-03-08 10:19:07,460 - root - INFO - Authenticating with Microsoft Graph API
2026-03-08 10:19:07,864 - excel.graph_api - INFO - Authentication successful
2026-03-08 10:19:07,864 - root - INFO - Updating Excel sheet with scraped data
2026-03-08 10:19:08,276 - excel.graph_api - INFO - Retrieved drive ID: b!MXUqfmBgAkyqAi_g7J1PO_6yKSWnHbZCs3mpe4EkYuX6d8izcdJxRb78S6OW5SIB
2026-03-08 10:19:09,586 - excel.graph_api - INFO - Retrieved 1312 rows from Excel
2026-03-08 10:19:11,733 - excel.graph_api - INFO - Updating range A1314:M1316 with 3 new entries
2026-03-08 10:19:12,956 - excel.graph_api - INFO - Successfully added 3 new tournaments to Excel
2026-03-08 10:19:12,958 - root - INFO - Excel sheet updated successfully
2026-03-08 10:19:13,024 - scraper.selenium_scraper - INFO - Chrome driver closed
2026-03-08 10:19:13,025 - root - INFO - Selenium driver closed
2026-03-08 10:19:13,025 - root - INFO - Script execution completed
