2026-06-09 12:31:27,520 - root - INFO - Logger initialized successfully
2026-06-09 12:31:27,521 - root - INFO - Log file: /home/runner/work/super-player-auction-scraper/super-player-auction-scraper/logs/scraper_20260609_123127.log
2026-06-09 12:31:27,521 - root - INFO - Starting Super Player Auction scraper
2026-06-09 12:31:27,521 - utils.config - INFO - Credentials loaded from environment variables
2026-06-09 12:31:27,521 - utils.config - INFO - Settings loaded successfully
2026-06-09 12:31:27,521 - root - INFO - Initializing Selenium scraper
2026-06-09 12:31:27,521 - scraper.selenium_scraper - INFO - Running in GitHub Actions environment
2026-06-09 12:31:35,707 - scraper.selenium_scraper - INFO - Chrome driver initialized successfully
2026-06-09 12:31:35,707 - root - INFO - Scraping tournament data
2026-06-09 12:31:35,707 - scraper.selenium_scraper - INFO - Starting to scrape tournament data
2026-06-09 12:31:36,494 - scraper.selenium_scraper - INFO - Waiting for page to load...
2026-06-09 12:31:41,497 - scraper.selenium_scraper - INFO - Scrolling to load all auction cards...
2026-06-09 12:31:53,649 - scraper.selenium_scraper - INFO - Saved page screenshot to /home/runner/work/super-player-auction-scraper/super-player-auction-scraper/logs/screenshots/page_loaded_20260609123153.png
2026-06-09 12:31:53,649 - scraper.selenium_scraper - INFO - Looking for auction cards...
2026-06-09 12:31:53,679 - scraper.selenium_scraper - INFO - Found 20 auction cards
2026-06-09 12:31:54,415 - scraper.selenium_scraper - INFO - Scraped tournament 1: CBL Season 6
2026-06-09 12:31:55,111 - scraper.selenium_scraper - INFO - Scraped tournament 2: MALAPPURAM PREMIER LEAGUE S3 (RIYADH, KSA - 03 July 2026)
2026-06-09 12:31:55,840 - scraper.selenium_scraper - INFO - Scraped tournament 3: HEERAPUR PREMIER LEAGUE SEASON - 2
2026-06-09 12:31:56,533 - scraper.selenium_scraper - INFO - Scraped tournament 4: RRC - JEET KI JUNG
2026-06-09 12:31:57,231 - scraper.selenium_scraper - INFO - Scraped tournament 5: SUPER FOOTBALL CHAMPIONSHIP
2026-06-09 12:31:57,921 - scraper.selenium_scraper - INFO - Scraped tournament 6: DB CUP
2026-06-09 12:31:58,609 - scraper.selenium_scraper - INFO - Scraped tournament 7: REPUBLIC CUP 2.0
2026-06-09 12:31:59,294 - scraper.selenium_scraper - INFO - Scraped tournament 8: Auction Demo Jodi
2026-06-09 12:31:59,985 - scraper.selenium_scraper - INFO - Scraped tournament 9: Super Cricket League
2026-06-09 12:32:00,675 - scraper.selenium_scraper - INFO - Scraped tournament 10: SIKAR PREMIER LEAGUE 2025
2026-06-09 12:32:01,367 - scraper.selenium_scraper - INFO - Scraped tournament 11: BJP
2026-06-09 12:32:02,066 - scraper.selenium_scraper - INFO - Scraped tournament 12: SUPER LEAGUE GROUP
2026-06-09 12:32:02,756 - scraper.selenium_scraper - INFO - Scraped tournament 13: SUPER CRICKET LEAGUE
2026-06-09 12:32:03,444 - scraper.selenium_scraper - INFO - Scraped tournament 14: Battle Box season -3
2026-06-09 12:32:04,135 - scraper.selenium_scraper - INFO - Scraped tournament 15: ANNANUR PREMIER LEAGUE (APL)SEASON -3(2026)
2026-06-09 12:32:04,823 - scraper.selenium_scraper - INFO - Scraped tournament 16: ELITETANK SPORTS PRESENT SHIRSAT SPORTS WOMEN PREMIER LEAGUE 2026
2026-06-09 12:32:05,515 - scraper.selenium_scraper - INFO - Scraped tournament 17: KPL 2026
2026-06-09 12:32:06,209 - scraper.selenium_scraper - INFO - Scraped tournament 18: PALAKKAD CRICKET LEAGUE SEASON 2 - 2026
2026-06-09 12:32:06,897 - scraper.selenium_scraper - INFO - Scraped tournament 19: JITO Pitch × Profit Powered By Sharp Ply
2026-06-09 12:32:07,596 - scraper.selenium_scraper - INFO - Scraped tournament 20: TOLIYASAR PREMIER LEAGUE (TPL) SEASON 3
2026-06-09 12:32:07,596 - root - INFO - Successfully scraped 20 tournaments
2026-06-09 12:32:07,597 - root - INFO - Saved scraped data to /home/runner/work/super-player-auction-scraper/super-player-auction-scraper/data/tournament_data_20260609-123207.json
2026-06-09 12:32:07,597 - root - INFO - Initializing Graph API
2026-06-09 12:32:07,597 - excel.graph_api - INFO - Extracted file ID: 9e836ed5-f58f-4dc7-a969-3c62b255f3ea
2026-06-09 12:32:07,597 - excel.graph_api - INFO - Extracted site ID: CorpDevaaf94619130d4a79af9f3aeae502bdb5
2026-06-09 12:32:07,597 - root - INFO - Authenticating with Microsoft Graph API
2026-06-09 12:32:07,733 - excel.graph_api - INFO - Authentication successful
2026-06-09 12:32:07,733 - root - INFO - Updating Excel sheet with scraped data
2026-06-09 12:32:15,745 - excel.graph_api - INFO - Retrieved drive ID: b!MXUqfmBgAkyqAi_g7J1PO_6yKSWnHbZCs3mpe4EkYuX6d8izcdJxRb78S6OW5SIB
2026-06-09 12:32:17,347 - excel.graph_api - INFO - Retrieved 1679 rows from Excel
2026-06-09 12:32:18,611 - excel.graph_api - INFO - Updating range A1681:Z1682 with 2 new entries
2026-06-09 12:32:19,746 - excel.graph_api - INFO - Successfully added 2 new tournaments to Excel
2026-06-09 12:32:19,748 - root - INFO - Excel sheet updated successfully
2026-06-09 12:32:19,825 - scraper.selenium_scraper - INFO - Chrome driver closed
2026-06-09 12:32:19,825 - root - INFO - Selenium driver closed
2026-06-09 12:32:19,825 - root - INFO - Script execution completed
