2026-03-22 15:18:57,925 - root - INFO - Logger initialized successfully
2026-03-22 15:18:57,925 - root - INFO - Log file: /home/runner/work/super-player-auction-scraper/super-player-auction-scraper/logs/scraper_20260322_151857.log
2026-03-22 15:18:57,925 - root - INFO - Starting Super Player Auction scraper
2026-03-22 15:18:57,925 - utils.config - INFO - Credentials loaded from environment variables
2026-03-22 15:18:57,925 - utils.config - INFO - Settings loaded successfully
2026-03-22 15:18:57,925 - root - INFO - Initializing Selenium scraper
2026-03-22 15:18:57,925 - scraper.selenium_scraper - INFO - Running in GitHub Actions environment
2026-03-22 15:19:09,054 - scraper.selenium_scraper - INFO - Chrome driver initialized successfully
2026-03-22 15:19:09,054 - root - INFO - Scraping tournament data
2026-03-22 15:19:09,054 - scraper.selenium_scraper - INFO - Starting to scrape tournament data
2026-03-22 15:19:09,949 - scraper.selenium_scraper - INFO - Waiting for page to load...
2026-03-22 15:19:14,955 - scraper.selenium_scraper - INFO - Scrolling to load all auction cards...
2026-03-22 15:19:27,108 - scraper.selenium_scraper - INFO - Saved page screenshot to /home/runner/work/super-player-auction-scraper/super-player-auction-scraper/logs/screenshots/page_loaded_20260322151927.png
2026-03-22 15:19:27,108 - scraper.selenium_scraper - INFO - Looking for auction cards...
2026-03-22 15:19:27,142 - scraper.selenium_scraper - INFO - Found 20 auction cards
2026-03-22 15:19:27,865 - scraper.selenium_scraper - INFO - Scraped tournament 1: BSA League - 1
2026-03-22 15:19:28,677 - scraper.selenium_scraper - INFO - Scraped tournament 2: DADA CUP
2026-03-22 15:19:29,365 - scraper.selenium_scraper - INFO - Scraped tournament 3: MPL Cup 2026
2026-03-22 15:19:30,052 - scraper.selenium_scraper - INFO - Scraped tournament 4: UNITY CUP Season 3 [2026-27]
2026-03-22 15:19:30,737 - scraper.selenium_scraper - INFO - Scraped tournament 5: Chhattisgarh Cricket Champions League T20
2026-03-22 15:19:31,432 - scraper.selenium_scraper - INFO - Scraped tournament 6: Super Cricket League
2026-03-22 15:19:32,129 - scraper.selenium_scraper - INFO - Scraped tournament 7: SIKAR PREMIER LEAGUE 2025
2026-03-22 15:19:32,817 - scraper.selenium_scraper - INFO - Scraped tournament 8: ROHAT PREMIER LEAGUE
2026-03-22 15:19:33,515 - scraper.selenium_scraper - INFO - Scraped tournament 9: SUPER FOOTBALL CHAMPIONSHIP
2026-03-22 15:19:34,203 - scraper.selenium_scraper - INFO - Scraped tournament 10: REPUBLIC CUP 2.0
2026-03-22 15:19:34,889 - scraper.selenium_scraper - INFO - Scraped tournament 11: Super Cricket League
2026-03-22 15:19:35,580 - scraper.selenium_scraper - INFO - Scraped tournament 12: BJP
2026-03-22 15:19:36,271 - scraper.selenium_scraper - INFO - Scraped tournament 13: SUPER CRICKRT LEAGUE - MAHIPAL
2026-03-22 15:19:36,956 - scraper.selenium_scraper - INFO - Scraped tournament 14: YBCL SEASON 5
2026-03-22 15:19:37,644 - scraper.selenium_scraper - INFO - Scraped tournament 15: CHAMPIONS PREMIER LEAGUE 2026 Season 02
2026-03-22 15:19:38,332 - scraper.selenium_scraper - INFO - Scraped tournament 16: CHARTERED ACCOUNTANT PREMIER LEAGUE
2026-03-22 15:19:39,015 - scraper.selenium_scraper - INFO - Scraped tournament 17: IPRA Cricket League
2026-03-22 15:19:39,708 - scraper.selenium_scraper - INFO - Scraped tournament 18: FINISHER T10 LEAGUE SEASON - 5
2026-03-22 15:19:40,393 - scraper.selenium_scraper - INFO - Scraped tournament 19: RANUJ GAM CRICKET LEAGUE
2026-03-22 15:19:41,078 - scraper.selenium_scraper - INFO - Scraped tournament 20: SAMEER BHAU KAMBLE CHASHAK 2026
2026-03-22 15:19:41,078 - root - INFO - Successfully scraped 20 tournaments
2026-03-22 15:19:41,079 - root - INFO - Saved scraped data to /home/runner/work/super-player-auction-scraper/super-player-auction-scraper/data/tournament_data_20260322-151941.json
2026-03-22 15:19:41,079 - root - INFO - Initializing Graph API
2026-03-22 15:19:41,079 - excel.graph_api - INFO - Extracted file ID: 9e836ed5-f58f-4dc7-a969-3c62b255f3ea
2026-03-22 15:19:41,079 - excel.graph_api - INFO - Extracted site ID: CorpDevaaf94619130d4a79af9f3aeae502bdb5
2026-03-22 15:19:41,079 - root - INFO - Authenticating with Microsoft Graph API
2026-03-22 15:19:41,553 - excel.graph_api - INFO - Authentication successful
2026-03-22 15:19:41,554 - root - INFO - Updating Excel sheet with scraped data
2026-03-22 15:19:42,070 - excel.graph_api - INFO - Retrieved drive ID: b!MXUqfmBgAkyqAi_g7J1PO_6yKSWnHbZCs3mpe4EkYuX6d8izcdJxRb78S6OW5SIB
2026-03-22 15:19:44,000 - excel.graph_api - INFO - Retrieved 1376 rows from Excel
2026-03-22 15:19:45,445 - excel.graph_api - INFO - No new tournaments to add
2026-03-22 15:19:45,446 - root - INFO - Excel sheet updated successfully
2026-03-22 15:19:45,526 - scraper.selenium_scraper - INFO - Chrome driver closed
2026-03-22 15:19:45,526 - root - INFO - Selenium driver closed
2026-03-22 15:19:45,526 - root - INFO - Script execution completed
