2026-04-26 15:35:55,830 - root - INFO - Logger initialized successfully
2026-04-26 15:35:55,830 - root - INFO - Log file: /home/runner/work/super-player-auction-scraper/super-player-auction-scraper/logs/scraper_20260426_153555.log
2026-04-26 15:35:55,830 - root - INFO - Starting Super Player Auction scraper
2026-04-26 15:35:55,830 - utils.config - INFO - Credentials loaded from environment variables
2026-04-26 15:35:55,830 - utils.config - INFO - Settings loaded successfully
2026-04-26 15:35:55,830 - root - INFO - Initializing Selenium scraper
2026-04-26 15:35:55,830 - scraper.selenium_scraper - INFO - Running in GitHub Actions environment
2026-04-26 15:35:57,271 - selenium.webdriver.common.selenium_manager - WARNING - The chromedriver version (147.0.7727.56) detected in PATH at /usr/bin/chromedriver might not be compatible with the detected chrome version (147.0.7727.55); currently, chromedriver 147.0.7727.117 is recommended for chrome 147.*, so it is advised to delete the driver in PATH and retry
2026-04-26 15:36:11,316 - scraper.selenium_scraper - INFO - Chrome driver initialized successfully
2026-04-26 15:36:11,316 - root - INFO - Scraping tournament data
2026-04-26 15:36:11,316 - scraper.selenium_scraper - INFO - Starting to scrape tournament data
2026-04-26 15:36:12,717 - scraper.selenium_scraper - INFO - Waiting for page to load...
2026-04-26 15:36:17,722 - scraper.selenium_scraper - INFO - Scrolling to load all auction cards...
2026-04-26 15:36:29,847 - scraper.selenium_scraper - INFO - Saved page screenshot to /home/runner/work/super-player-auction-scraper/super-player-auction-scraper/logs/screenshots/page_loaded_20260426153629.png
2026-04-26 15:36:29,847 - scraper.selenium_scraper - INFO - Looking for auction cards...
2026-04-26 15:36:29,873 - scraper.selenium_scraper - INFO - Found 20 auction cards
2026-04-26 15:36:30,672 - scraper.selenium_scraper - INFO - Scraped tournament 1: AJMER PREMIER LEAGUE
2026-04-26 15:36:31,447 - scraper.selenium_scraper - INFO - Scraped tournament 2: Jashn-E-Rally Padel Tournament 2026
2026-04-26 15:36:32,134 - scraper.selenium_scraper - INFO - Scraped tournament 3: SPL 3
2026-04-26 15:36:32,818 - scraper.selenium_scraper - INFO - Scraped tournament 4: KABIR DHARAMDAS VANSHAVALI PREMIER LEAGUE
2026-04-26 15:36:33,505 - scraper.selenium_scraper - INFO - Scraped tournament 5: SmashIT v8, 2026
2026-04-26 15:36:34,192 - scraper.selenium_scraper - INFO - Scraped tournament 6: Chhattisgarh Cricket Champions League T20
2026-04-26 15:36:34,876 - scraper.selenium_scraper - INFO - Scraped tournament 7: खारवी प्रीमियर लीग २०२६ पर्व ७
2026-04-26 15:36:35,559 - scraper.selenium_scraper - INFO - Scraped tournament 8: SUPER FOOTBALL CHAMPIONSHIP
2026-04-26 15:36:36,241 - scraper.selenium_scraper - INFO - Scraped tournament 9: Auction Demo Jodi
2026-04-26 15:36:36,923 - scraper.selenium_scraper - INFO - Scraped tournament 10: Super Cricket League
2026-04-26 15:36:37,615 - scraper.selenium_scraper - INFO - Scraped tournament 11: SIKAR PREMIER LEAGUE 2025
2026-04-26 15:36:38,295 - scraper.selenium_scraper - INFO - Scraped tournament 12: BJP
2026-04-26 15:36:38,976 - scraper.selenium_scraper - INFO - Scraped tournament 13: SUPER LEAGUE GROUP
2026-04-26 15:36:39,662 - scraper.selenium_scraper - INFO - Scraped tournament 14: SUPER CRICKET LEAGUE
2026-04-26 15:36:40,352 - scraper.selenium_scraper - INFO - Scraped tournament 15: Kerala Premier League Season-5 Dammam KSA
2026-04-26 15:36:41,036 - scraper.selenium_scraper - INFO - Scraped tournament 16: SS CRICKET PREMIER LEAGUE - 1
2026-04-26 15:36:41,718 - scraper.selenium_scraper - INFO - Scraped tournament 17: UNIVERSAL CUP SEASON 7
2026-04-26 15:36:42,399 - scraper.selenium_scraper - INFO - Scraped tournament 18: Jain Premier League Toronto
2026-04-26 15:36:43,094 - scraper.selenium_scraper - INFO - Scraped tournament 19: Reda Night Premier League Season-01
2026-04-26 15:36:43,778 - scraper.selenium_scraper - INFO - Scraped tournament 20: Connectivity Cricket Cup 2.0
2026-04-26 15:36:43,779 - root - INFO - Successfully scraped 20 tournaments
2026-04-26 15:36:43,779 - root - INFO - Saved scraped data to /home/runner/work/super-player-auction-scraper/super-player-auction-scraper/data/tournament_data_20260426-153643.json
2026-04-26 15:36:43,779 - root - INFO - Initializing Graph API
2026-04-26 15:36:43,779 - excel.graph_api - INFO - Extracted file ID: 9e836ed5-f58f-4dc7-a969-3c62b255f3ea
2026-04-26 15:36:43,780 - excel.graph_api - INFO - Extracted site ID: CorpDevaaf94619130d4a79af9f3aeae502bdb5
2026-04-26 15:36:43,780 - root - INFO - Authenticating with Microsoft Graph API
2026-04-26 15:36:43,968 - excel.graph_api - INFO - Authentication successful
2026-04-26 15:36:43,968 - root - INFO - Updating Excel sheet with scraped data
2026-04-26 15:36:44,513 - excel.graph_api - INFO - Retrieved drive ID: b!MXUqfmBgAkyqAi_g7J1PO_6yKSWnHbZCs3mpe4EkYuX6d8izcdJxRb78S6OW5SIB
2026-04-26 15:36:46,514 - excel.graph_api - INFO - Retrieved 1523 rows from Excel
2026-04-26 15:36:47,892 - excel.graph_api - INFO - No new tournaments to add
2026-04-26 15:36:47,894 - root - INFO - Excel sheet updated successfully
2026-04-26 15:36:47,970 - scraper.selenium_scraper - INFO - Chrome driver closed
2026-04-26 15:36:47,970 - root - INFO - Selenium driver closed
2026-04-26 15:36:47,970 - root - INFO - Script execution completed
