2026-04-25 15:33:25,563 - root - INFO - Logger initialized successfully
2026-04-25 15:33:25,563 - root - INFO - Log file: /home/runner/work/super-player-auction-scraper/super-player-auction-scraper/logs/scraper_20260425_153325.log
2026-04-25 15:33:25,563 - root - INFO - Starting Super Player Auction scraper
2026-04-25 15:33:25,563 - utils.config - INFO - Credentials loaded from environment variables
2026-04-25 15:33:25,563 - utils.config - INFO - Settings loaded successfully
2026-04-25 15:33:25,563 - root - INFO - Initializing Selenium scraper
2026-04-25 15:33:25,563 - scraper.selenium_scraper - INFO - Running in GitHub Actions environment
2026-04-25 15:33:29,082 - selenium.webdriver.common.selenium_manager - WARNING - The chromedriver version (147.0.7727.56) detected in PATH at /usr/bin/chromedriver might not be compatible with the detected chrome version (147.0.7727.55); currently, chromedriver 147.0.7727.117 is recommended for chrome 147.*, so it is advised to delete the driver in PATH and retry
2026-04-25 15:33:39,664 - scraper.selenium_scraper - INFO - Chrome driver initialized successfully
2026-04-25 15:33:39,664 - root - INFO - Scraping tournament data
2026-04-25 15:33:39,665 - scraper.selenium_scraper - INFO - Starting to scrape tournament data
2026-04-25 15:33:40,645 - scraper.selenium_scraper - INFO - Waiting for page to load...
2026-04-25 15:33:45,650 - scraper.selenium_scraper - INFO - Scrolling to load all auction cards...
2026-04-25 15:33:57,927 - scraper.selenium_scraper - INFO - Saved page screenshot to /home/runner/work/super-player-auction-scraper/super-player-auction-scraper/logs/screenshots/page_loaded_20260425153357.png
2026-04-25 15:33:57,928 - scraper.selenium_scraper - INFO - Looking for auction cards...
2026-04-25 15:33:57,969 - scraper.selenium_scraper - INFO - Found 20 auction cards
2026-04-25 15:33:58,675 - scraper.selenium_scraper - INFO - Scraped tournament 1: Raghuvanshi Premier League - MEN
2026-04-25 15:33:59,485 - scraper.selenium_scraper - INFO - Scraped tournament 2: Raghuvanshi Premier League - WOMEN
2026-04-25 15:34:00,158 - scraper.selenium_scraper - INFO - Scraped tournament 3: PRESTIGE SPORTS CARNIVAL WOMEN'S CRICKET LEAGUE 2026
2026-04-25 15:34:00,829 - scraper.selenium_scraper - INFO - Scraped tournament 4: Jashn-E-Rally Padel Tournament 2026
2026-04-25 15:34:01,500 - scraper.selenium_scraper - INFO - Scraped tournament 5: AJMER PREMIER LEAGUE
2026-04-25 15:34:02,175 - scraper.selenium_scraper - INFO - Scraped tournament 6: SPL 3
2026-04-25 15:34:02,847 - scraper.selenium_scraper - INFO - Scraped tournament 7: KABIR DHARAMDAS VANSHAVALI PREMIER LEAGUE
2026-04-25 15:34:03,517 - scraper.selenium_scraper - INFO - Scraped tournament 8: SmashIT v8, 2026
2026-04-25 15:34:04,189 - scraper.selenium_scraper - INFO - Scraped tournament 9: Chhattisgarh Cricket Champions League T20
2026-04-25 15:34:04,859 - scraper.selenium_scraper - INFO - Scraped tournament 10: SUPER FOOTBALL CHAMPIONSHIP
2026-04-25 15:34:05,538 - scraper.selenium_scraper - INFO - Scraped tournament 11: Auction Demo Jodi
2026-04-25 15:34:06,208 - scraper.selenium_scraper - INFO - Scraped tournament 12: Super Cricket League
2026-04-25 15:34:06,878 - scraper.selenium_scraper - INFO - Scraped tournament 13: SIKAR PREMIER LEAGUE 2025
2026-04-25 15:34:07,550 - scraper.selenium_scraper - INFO - Scraped tournament 14: BJP
2026-04-25 15:34:08,222 - scraper.selenium_scraper - INFO - Scraped tournament 15: SUPER LEAGUE GROUP
2026-04-25 15:34:08,895 - scraper.selenium_scraper - INFO - Scraped tournament 16: SUPER CRICKET LEAGUE
2026-04-25 15:34:09,564 - scraper.selenium_scraper - INFO - Scraped tournament 17: DAMAN MUSLIM LEAGUE 2026
2026-04-25 15:34:10,236 - scraper.selenium_scraper - INFO - Scraped tournament 18: Bafna Cup 2026
2026-04-25 15:34:10,915 - scraper.selenium_scraper - INFO - Scraped tournament 19: JEYPORE TENNIS LEAGUE
2026-04-25 15:34:11,585 - scraper.selenium_scraper - INFO - Scraped tournament 20: Depalpur Vidhansabha Trophy 2026 organised by Star cricket club banedia
2026-04-25 15:34:11,585 - root - INFO - Successfully scraped 20 tournaments
2026-04-25 15:34:11,586 - root - INFO - Saved scraped data to /home/runner/work/super-player-auction-scraper/super-player-auction-scraper/data/tournament_data_20260425-153411.json
2026-04-25 15:34:11,586 - root - INFO - Initializing Graph API
2026-04-25 15:34:11,586 - excel.graph_api - INFO - Extracted file ID: 9e836ed5-f58f-4dc7-a969-3c62b255f3ea
2026-04-25 15:34:11,586 - excel.graph_api - INFO - Extracted site ID: CorpDevaaf94619130d4a79af9f3aeae502bdb5
2026-04-25 15:34:11,586 - root - INFO - Authenticating with Microsoft Graph API
2026-04-25 15:34:11,878 - excel.graph_api - INFO - Authentication successful
2026-04-25 15:34:11,878 - root - INFO - Updating Excel sheet with scraped data
2026-04-25 15:34:12,285 - excel.graph_api - INFO - Retrieved drive ID: b!MXUqfmBgAkyqAi_g7J1PO_6yKSWnHbZCs3mpe4EkYuX6d8izcdJxRb78S6OW5SIB
2026-04-25 15:34:13,974 - excel.graph_api - INFO - Retrieved 1518 rows from Excel
2026-04-25 15:34:15,401 - excel.graph_api - INFO - No new tournaments to add
2026-04-25 15:34:15,402 - root - INFO - Excel sheet updated successfully
2026-04-25 15:34:15,468 - scraper.selenium_scraper - INFO - Chrome driver closed
2026-04-25 15:34:15,468 - root - INFO - Selenium driver closed
2026-04-25 15:34:15,468 - root - INFO - Script execution completed
