2026-01-29 15:28:24,668 - root - INFO - Logger initialized successfully
2026-01-29 15:28:24,668 - root - INFO - Log file: /home/runner/work/super-player-auction-scraper/super-player-auction-scraper/logs/scraper_20260129_152824.log
2026-01-29 15:28:24,668 - root - INFO - Starting Super Player Auction scraper
2026-01-29 15:28:24,668 - utils.config - INFO - Credentials loaded from environment variables
2026-01-29 15:28:24,668 - utils.config - INFO - Settings loaded successfully
2026-01-29 15:28:24,668 - root - INFO - Initializing Selenium scraper
2026-01-29 15:28:24,668 - scraper.selenium_scraper - INFO - Running in GitHub Actions environment
2026-01-29 15:28:28,343 - selenium.webdriver.common.selenium_manager - WARNING - The chromedriver version (144.0.7559.96) detected in PATH at /usr/bin/chromedriver might not be compatible with the detected chrome version (144.0.7559.96); currently, chromedriver 144.0.7559.109 is recommended for chrome 144.*, so it is advised to delete the driver in PATH and retry
2026-01-29 15:28:43,056 - scraper.selenium_scraper - INFO - Chrome driver initialized successfully
2026-01-29 15:28:43,056 - root - INFO - Scraping tournament data
2026-01-29 15:28:43,056 - scraper.selenium_scraper - INFO - Starting to scrape tournament data
2026-01-29 15:28:44,520 - scraper.selenium_scraper - INFO - Waiting for page to load...
2026-01-29 15:28:49,525 - scraper.selenium_scraper - INFO - Scrolling to load all auction cards...
2026-01-29 15:29:01,683 - scraper.selenium_scraper - INFO - Saved page screenshot to /home/runner/work/super-player-auction-scraper/super-player-auction-scraper/logs/screenshots/page_loaded_20260129152901.png
2026-01-29 15:29:01,683 - scraper.selenium_scraper - INFO - Looking for auction cards...
2026-01-29 15:29:01,717 - scraper.selenium_scraper - INFO - Found 20 auction cards
2026-01-29 15:29:02,451 - scraper.selenium_scraper - INFO - Scraped tournament 1: RAJU MEMORIAL TROPHY - 2026 (SEASON - 4)
2026-01-29 15:29:03,268 - scraper.selenium_scraper - INFO - Scraped tournament 2: Area 7 Premier League Season 2
2026-01-29 15:29:03,961 - scraper.selenium_scraper - INFO - Scraped tournament 3: NASHIK PREMIER LEAGUE SEASON VIII
2026-01-29 15:29:04,660 - scraper.selenium_scraper - INFO - Scraped tournament 4: CHAMARDI PREMIER LEAGUE 2026
2026-01-29 15:29:05,352 - scraper.selenium_scraper - INFO - Scraped tournament 5: Lucknow Cricket League 2026
2026-01-29 15:29:06,048 - scraper.selenium_scraper - INFO - Scraped tournament 6: ABPL - Season 5 | 2026 | Auction
2026-01-29 15:29:06,745 - scraper.selenium_scraper - INFO - Scraped tournament 7: SCG SEASON 4.0
2026-01-29 15:29:07,440 - scraper.selenium_scraper - INFO - Scraped tournament 8: Calicut premier league Qatar
2026-01-29 15:29:08,136 - scraper.selenium_scraper - INFO - Scraped tournament 9: PGCL 2.O
2026-01-29 15:29:08,831 - scraper.selenium_scraper - INFO - Scraped tournament 10: SUBIC SRILANKAN PREMIER LEAGUE - SEASON 4 - 2026
2026-01-29 15:29:09,531 - scraper.selenium_scraper - INFO - Scraped tournament 11: MCPL 2026
2026-01-29 15:29:10,233 - scraper.selenium_scraper - INFO - Scraped tournament 12: SIKAR PREMIER LEAGUE 2025
2026-01-29 15:29:10,938 - scraper.selenium_scraper - INFO - Scraped tournament 13: SUPER FOOTBALL CHAMPIONSHIP
2026-01-29 15:29:11,643 - scraper.selenium_scraper - INFO - Scraped tournament 14: MTPL 8
2026-01-29 15:29:12,346 - scraper.selenium_scraper - INFO - Scraped tournament 15: KNPL
2026-01-29 15:29:13,046 - scraper.selenium_scraper - INFO - Scraped tournament 16: RAMADAN PREMIER LEAGUE
2026-01-29 15:29:13,771 - scraper.selenium_scraper - INFO - Scraped tournament 17: Steelbird Cricket League T-21 Season 12 - 2026
2026-01-29 15:29:14,466 - scraper.selenium_scraper - INFO - Scraped tournament 18: SRPL
2026-01-29 15:29:15,169 - scraper.selenium_scraper - INFO - Scraped tournament 19: DOCTORS PREMIER LEAGUE - 4
2026-01-29 15:29:15,867 - scraper.selenium_scraper - INFO - Scraped tournament 20: Balasaheb Thorat Premier League
2026-01-29 15:29:15,867 - root - INFO - Successfully scraped 20 tournaments
2026-01-29 15:29:15,868 - root - INFO - Saved scraped data to /home/runner/work/super-player-auction-scraper/super-player-auction-scraper/data/tournament_data_20260129-152915.json
2026-01-29 15:29:15,868 - root - INFO - Initializing Graph API
2026-01-29 15:29:15,868 - excel.graph_api - INFO - Extracted file ID: 9e836ed5-f58f-4dc7-a969-3c62b255f3ea
2026-01-29 15:29:15,868 - excel.graph_api - INFO - Extracted site ID: CorpDevaaf94619130d4a79af9f3aeae502bdb5
2026-01-29 15:29:15,868 - root - INFO - Authenticating with Microsoft Graph API
2026-01-29 15:29:16,228 - excel.graph_api - INFO - Authentication successful
2026-01-29 15:29:16,228 - root - INFO - Updating Excel sheet with scraped data
2026-01-29 15:29:16,678 - excel.graph_api - INFO - Retrieved drive ID: b!MXUqfmBgAkyqAi_g7J1PO_6yKSWnHbZCs3mpe4EkYuX6d8izcdJxRb78S6OW5SIB
2026-01-29 15:29:18,410 - excel.graph_api - INFO - Retrieved 1151 rows from Excel
2026-01-29 15:29:19,532 - excel.graph_api - INFO - Updating range A1153:M1153 with 1 new entries
2026-01-29 15:29:20,872 - excel.graph_api - INFO - Successfully added 1 new tournaments to Excel
2026-01-29 15:29:20,873 - root - INFO - Excel sheet updated successfully
2026-01-29 15:29:20,952 - scraper.selenium_scraper - INFO - Chrome driver closed
2026-01-29 15:29:20,952 - root - INFO - Selenium driver closed
2026-01-29 15:29:20,952 - root - INFO - Script execution completed
