2026-05-30 11:14:44,201 - root - INFO - Logger initialized successfully
2026-05-30 11:14:44,201 - root - INFO - Log file: /home/runner/work/super-player-auction-scraper/super-player-auction-scraper/logs/scraper_20260530_111444.log
2026-05-30 11:14:44,202 - root - INFO - Starting Super Player Auction scraper
2026-05-30 11:14:44,202 - utils.config - INFO - Credentials loaded from environment variables
2026-05-30 11:14:44,202 - utils.config - INFO - Settings loaded successfully
2026-05-30 11:14:44,202 - root - INFO - Initializing Selenium scraper
2026-05-30 11:14:44,202 - scraper.selenium_scraper - INFO - Running in GitHub Actions environment
2026-05-30 11:14:53,684 - scraper.selenium_scraper - INFO - Chrome driver initialized successfully
2026-05-30 11:14:53,684 - root - INFO - Scraping tournament data
2026-05-30 11:14:53,684 - scraper.selenium_scraper - INFO - Starting to scrape tournament data
2026-05-30 11:14:54,578 - scraper.selenium_scraper - INFO - Waiting for page to load...
2026-05-30 11:14:59,583 - scraper.selenium_scraper - INFO - Scrolling to load all auction cards...
2026-05-30 11:15:11,882 - scraper.selenium_scraper - INFO - Saved page screenshot to /home/runner/work/super-player-auction-scraper/super-player-auction-scraper/logs/screenshots/page_loaded_20260530111511.png
2026-05-30 11:15:11,882 - scraper.selenium_scraper - INFO - Looking for auction cards...
2026-05-30 11:15:11,913 - scraper.selenium_scraper - INFO - Found 20 auction cards
2026-05-30 11:15:12,662 - scraper.selenium_scraper - INFO - Scraped tournament 1: SIGMA PREMIER LEAGUE
2026-05-30 11:15:13,353 - scraper.selenium_scraper - INFO - Scraped tournament 2: JASWANTGARH PREMIER LEAGUE SEASON 1
2026-05-30 11:15:14,140 - scraper.selenium_scraper - INFO - Scraped tournament 3: 40+ Legend League
2026-05-30 11:15:14,827 - scraper.selenium_scraper - INFO - Scraped tournament 4: UPL 2026
2026-05-30 11:15:15,517 - scraper.selenium_scraper - INFO - Scraped tournament 5: CBBL 6 AUCTION
2026-05-30 11:15:16,210 - scraper.selenium_scraper - INFO - Scraped tournament 6: Dream UTT Juniors Season 2
2026-05-30 11:15:16,897 - scraper.selenium_scraper - INFO - Scraped tournament 7: SUPER FOOTBALL CHAMPIONSHIP
2026-05-30 11:15:17,585 - scraper.selenium_scraper - INFO - Scraped tournament 8: DB CUP
2026-05-30 11:15:18,274 - scraper.selenium_scraper - INFO - Scraped tournament 9: REPUBLIC CUP 2.0
2026-05-30 11:15:18,969 - scraper.selenium_scraper - INFO - Scraped tournament 10: Auction Demo Jodi
2026-05-30 11:15:19,658 - scraper.selenium_scraper - INFO - Scraped tournament 11: Super Cricket League
2026-05-30 11:15:20,344 - scraper.selenium_scraper - INFO - Scraped tournament 12: SIKAR PREMIER LEAGUE 2025
2026-05-30 11:15:21,034 - scraper.selenium_scraper - INFO - Scraped tournament 13: BJP
2026-05-30 11:15:21,720 - scraper.selenium_scraper - INFO - Scraped tournament 14: SUPER LEAGUE GROUP
2026-05-30 11:15:22,409 - scraper.selenium_scraper - INFO - Scraped tournament 15: SUPER CRICKET LEAGUE
2026-05-30 11:15:23,109 - scraper.selenium_scraper - INFO - Scraped tournament 16: ROHAT PREMIER LEAGUE
2026-05-30 11:15:23,795 - scraper.selenium_scraper - INFO - Scraped tournament 17: TCL MINI 4.0
2026-05-30 11:15:24,495 - scraper.selenium_scraper - INFO - Scraped tournament 18: DURGA GROUND CHAMPIONSHIP
2026-05-30 11:15:25,182 - scraper.selenium_scraper - INFO - Scraped tournament 19: APL - 6 INAYA SPORT NIGHT TOURNAMENT
2026-05-30 11:15:25,869 - scraper.selenium_scraper - INFO - Scraped tournament 20: MALAPPURAM PREMIER LEAGUE S3 (RIYADH, KSA - 03 July 2026)
2026-05-30 11:15:25,869 - root - INFO - Successfully scraped 20 tournaments
2026-05-30 11:15:25,870 - root - INFO - Saved scraped data to /home/runner/work/super-player-auction-scraper/super-player-auction-scraper/data/tournament_data_20260530-111525.json
2026-05-30 11:15:25,870 - root - INFO - Initializing Graph API
2026-05-30 11:15:25,870 - excel.graph_api - INFO - Extracted file ID: 9e836ed5-f58f-4dc7-a969-3c62b255f3ea
2026-05-30 11:15:25,870 - excel.graph_api - INFO - Extracted site ID: CorpDevaaf94619130d4a79af9f3aeae502bdb5
2026-05-30 11:15:25,870 - root - INFO - Authenticating with Microsoft Graph API
2026-05-30 11:15:26,248 - excel.graph_api - INFO - Authentication successful
2026-05-30 11:15:26,249 - root - INFO - Updating Excel sheet with scraped data
2026-05-30 11:15:26,771 - excel.graph_api - INFO - Retrieved drive ID: b!MXUqfmBgAkyqAi_g7J1PO_6yKSWnHbZCs3mpe4EkYuX6d8izcdJxRb78S6OW5SIB
2026-05-30 11:15:28,455 - excel.graph_api - INFO - Retrieved 1652 rows from Excel
2026-05-30 11:15:29,703 - excel.graph_api - INFO - Updating range A1654:Y1655 with 2 new entries
2026-05-30 11:15:30,871 - excel.graph_api - INFO - Successfully added 2 new tournaments to Excel
2026-05-30 11:15:30,872 - root - INFO - Excel sheet updated successfully
2026-05-30 11:15:30,952 - scraper.selenium_scraper - INFO - Chrome driver closed
2026-05-30 11:15:30,952 - root - INFO - Selenium driver closed
2026-05-30 11:15:30,952 - root - INFO - Script execution completed
