2026-05-13 17:09:55,037 - root - INFO - Logger initialized successfully
2026-05-13 17:09:55,037 - root - INFO - Log file: /home/runner/work/super-player-auction-scraper/super-player-auction-scraper/logs/scraper_20260513_170955.log
2026-05-13 17:09:55,037 - root - INFO - Starting Super Player Auction scraper
2026-05-13 17:09:55,038 - utils.config - INFO - Credentials loaded from environment variables
2026-05-13 17:09:55,038 - utils.config - INFO - Settings loaded successfully
2026-05-13 17:09:55,038 - root - INFO - Initializing Selenium scraper
2026-05-13 17:09:55,038 - scraper.selenium_scraper - INFO - Running in GitHub Actions environment
2026-05-13 17:09:58,310 - selenium.webdriver.common.selenium_manager - WARNING - The chromedriver version (147.0.7727.56) detected in PATH at /usr/bin/chromedriver might not be compatible with the detected chrome version (147.0.7727.55); currently, chromedriver 147.0.7727.117 is recommended for chrome 147.*, so it is advised to delete the driver in PATH and retry
2026-05-13 17:10:10,324 - scraper.selenium_scraper - INFO - Chrome driver initialized successfully
2026-05-13 17:10:10,325 - root - INFO - Scraping tournament data
2026-05-13 17:10:10,325 - scraper.selenium_scraper - INFO - Starting to scrape tournament data
2026-05-13 17:10:11,635 - scraper.selenium_scraper - INFO - Waiting for page to load...
2026-05-13 17:10:16,641 - scraper.selenium_scraper - INFO - Scrolling to load all auction cards...
2026-05-13 17:10:28,807 - scraper.selenium_scraper - INFO - Saved page screenshot to /home/runner/work/super-player-auction-scraper/super-player-auction-scraper/logs/screenshots/page_loaded_20260513171028.png
2026-05-13 17:10:28,807 - scraper.selenium_scraper - INFO - Looking for auction cards...
2026-05-13 17:10:28,838 - scraper.selenium_scraper - INFO - Found 20 auction cards
2026-05-13 17:10:29,632 - scraper.selenium_scraper - INFO - Scraped tournament 1: SPL 3
2026-05-13 17:10:30,373 - scraper.selenium_scraper - INFO - Scraped tournament 2: SCL MANALI
2026-05-13 17:10:31,064 - scraper.selenium_scraper - INFO - Scraped tournament 3: Inside Edge Premier League Season -1
2026-05-13 17:10:31,752 - scraper.selenium_scraper - INFO - Scraped tournament 4: Hariprabodham Cricket League Season 4.0
2026-05-13 17:10:32,445 - scraper.selenium_scraper - INFO - Scraped tournament 5: Nexion Pickleball Premier League
2026-05-13 17:10:33,134 - scraper.selenium_scraper - INFO - Scraped tournament 6: DPL 6
2026-05-13 17:10:33,828 - scraper.selenium_scraper - INFO - Scraped tournament 7: SUPER FOOTBALL CHAMPIONSHIP
2026-05-13 17:10:34,514 - scraper.selenium_scraper - INFO - Scraped tournament 8: REPUBLIC CUP 2.0
2026-05-13 17:10:35,200 - scraper.selenium_scraper - INFO - Scraped tournament 9: Auction Demo Jodi
2026-05-13 17:10:35,890 - scraper.selenium_scraper - INFO - Scraped tournament 10: Super Cricket League
2026-05-13 17:10:36,584 - scraper.selenium_scraper - INFO - Scraped tournament 11: SIKAR PREMIER LEAGUE 2025
2026-05-13 17:10:37,270 - scraper.selenium_scraper - INFO - Scraped tournament 12: BJP
2026-05-13 17:10:37,961 - scraper.selenium_scraper - INFO - Scraped tournament 13: SUPER LEAGUE GROUP
2026-05-13 17:10:38,650 - scraper.selenium_scraper - INFO - Scraped tournament 14: SUPER CRICKET LEAGUE
2026-05-13 17:10:39,338 - scraper.selenium_scraper - INFO - Scraped tournament 15: Komi Ekta Box CRICKET Tournament
2026-05-13 17:10:40,031 - scraper.selenium_scraper - INFO - Scraped tournament 16: GRAMIN PREMIER LEAGUE (GPL) -2026 SHAKTINAGAR
2026-05-13 17:10:40,718 - scraper.selenium_scraper - INFO - Scraped tournament 17: ANA PREMIER LEAGUE-2
2026-05-13 17:10:41,411 - scraper.selenium_scraper - INFO - Scraped tournament 18: मेघवाल प्रीमियर लीग जयपुर आक्शन
2026-05-13 17:10:42,110 - scraper.selenium_scraper - INFO - Scraped tournament 19: ಉಗನವಾಡಿ ಪ್ರೀಮಿಯರ್ ಲೀಗ್ -2026 ಸೀಸನ್- 2 ಮಹೇಶ್ ಸಿರವರ ಸವಿ ನೆನಪಿನಲ್ಲಿ
2026-05-13 17:10:42,795 - scraper.selenium_scraper - INFO - Scraped tournament 20: Puttur premier league - 11
2026-05-13 17:10:42,795 - root - INFO - Successfully scraped 20 tournaments
2026-05-13 17:10:42,796 - root - INFO - Saved scraped data to /home/runner/work/super-player-auction-scraper/super-player-auction-scraper/data/tournament_data_20260513-171042.json
2026-05-13 17:10:42,796 - root - INFO - Initializing Graph API
2026-05-13 17:10:42,796 - excel.graph_api - INFO - Extracted file ID: 9e836ed5-f58f-4dc7-a969-3c62b255f3ea
2026-05-13 17:10:42,796 - excel.graph_api - INFO - Extracted site ID: CorpDevaaf94619130d4a79af9f3aeae502bdb5
2026-05-13 17:10:42,796 - root - INFO - Authenticating with Microsoft Graph API
2026-05-13 17:10:42,990 - excel.graph_api - INFO - Authentication successful
2026-05-13 17:10:42,990 - root - INFO - Updating Excel sheet with scraped data
2026-05-13 17:10:43,301 - excel.graph_api - INFO - Retrieved drive ID: b!MXUqfmBgAkyqAi_g7J1PO_6yKSWnHbZCs3mpe4EkYuX6d8izcdJxRb78S6OW5SIB
2026-05-13 17:10:45,419 - excel.graph_api - INFO - Retrieved 1595 rows from Excel
2026-05-13 17:10:47,233 - excel.graph_api - INFO - No new tournaments to add
2026-05-13 17:10:47,235 - root - INFO - Excel sheet updated successfully
2026-05-13 17:10:47,315 - scraper.selenium_scraper - INFO - Chrome driver closed
2026-05-13 17:10:47,315 - root - INFO - Selenium driver closed
2026-05-13 17:10:47,315 - root - INFO - Script execution completed
