2025-11-20 15:14:01,901 - root - INFO - Logger initialized successfully
2025-11-20 15:14:01,901 - root - INFO - Log file: /home/runner/work/super-player-auction-scraper/super-player-auction-scraper/logs/scraper_20251120_151401.log
2025-11-20 15:14:01,901 - root - INFO - Starting Super Player Auction scraper
2025-11-20 15:14:01,901 - utils.config - INFO - Credentials loaded from environment variables
2025-11-20 15:14:01,902 - utils.config - INFO - Settings loaded successfully
2025-11-20 15:14:01,902 - root - INFO - Initializing Selenium scraper
2025-11-20 15:14:01,902 - scraper.selenium_scraper - INFO - Running in GitHub Actions environment
2025-11-20 15:14:04,177 - selenium.webdriver.common.selenium_manager - WARNING - The chromedriver version (142.0.7444.162) detected in PATH at /usr/bin/chromedriver might not be compatible with the detected chrome version (142.0.7444.162); currently, chromedriver 142.0.7444.175 is recommended for chrome 142.*, so it is advised to delete the driver in PATH and retry
2025-11-20 15:14:11,389 - scraper.selenium_scraper - INFO - Chrome driver initialized successfully
2025-11-20 15:14:11,389 - root - INFO - Scraping tournament data
2025-11-20 15:14:11,389 - scraper.selenium_scraper - INFO - Starting to scrape tournament data
2025-11-20 15:14:12,108 - scraper.selenium_scraper - INFO - Waiting for page to load...
2025-11-20 15:14:17,113 - scraper.selenium_scraper - INFO - Scrolling to load all auction cards...
2025-11-20 15:14:29,250 - scraper.selenium_scraper - INFO - Saved page screenshot to /home/runner/work/super-player-auction-scraper/super-player-auction-scraper/logs/screenshots/page_loaded_20251120151429.png
2025-11-20 15:14:29,250 - scraper.selenium_scraper - INFO - Looking for auction cards...
2025-11-20 15:14:29,280 - scraper.selenium_scraper - INFO - Found 20 auction cards
2025-11-20 15:14:30,000 - scraper.selenium_scraper - INFO - Scraped tournament 1: MDPL 2025 Season 4
2025-11-20 15:14:30,714 - scraper.selenium_scraper - INFO - Scraped tournament 2: VM CPL S-4
2025-11-20 15:14:31,402 - scraper.selenium_scraper - INFO - Scraped tournament 3: Trivandrum Premier League - 5
2025-11-20 15:14:32,090 - scraper.selenium_scraper - INFO - Scraped tournament 4: NPL
2025-11-20 15:14:32,777 - scraper.selenium_scraper - INFO - Scraped tournament 5: YCC Leather Championship 2025 - Season 6
2025-11-20 15:14:33,465 - scraper.selenium_scraper - INFO - Scraped tournament 6: ICCPL Men's Auction 2025
2025-11-20 15:14:34,152 - scraper.selenium_scraper - INFO - Scraped tournament 7: ICCPL Women's Auction 2025
2025-11-20 15:14:34,838 - scraper.selenium_scraper - INFO - Scraped tournament 8: Sind Society Premier League 8.0
2025-11-20 15:14:35,527 - scraper.selenium_scraper - INFO - Scraped tournament 9: TenX Premier League - Season 3 (KIDS)
2025-11-20 15:14:36,213 - scraper.selenium_scraper - INFO - Scraped tournament 10: TNPL PREMIER LEAGUE SEASON 4
2025-11-20 15:14:36,898 - scraper.selenium_scraper - INFO - Scraped tournament 11: TenX Premier League - Season 3 (MENS 17+)
2025-11-20 15:14:37,588 - scraper.selenium_scraper - INFO - Scraped tournament 12: TenX Premier League - Season 3 (MENS 40+)
2025-11-20 15:14:38,272 - scraper.selenium_scraper - INFO - Scraped tournament 13: TenX Premier League - Season 3 (WOMENS 17+)
2025-11-20 15:14:38,955 - scraper.selenium_scraper - INFO - Scraped tournament 14: BCL SEASON 3
2025-11-20 15:14:39,643 - scraper.selenium_scraper - INFO - Scraped tournament 15: MTF Premier League Season 4
2025-11-20 15:14:40,329 - scraper.selenium_scraper - INFO - Scraped tournament 16: LEAGUE OF CHAMPIONS-1
2025-11-20 15:14:41,021 - scraper.selenium_scraper - INFO - Scraped tournament 17: Arjun DEMO
2025-11-20 15:14:41,727 - scraper.selenium_scraper - INFO - Scraped tournament 18: ABSA BUNTS CUP 4TH EDITION
2025-11-20 15:14:42,411 - scraper.selenium_scraper - INFO - Scraped tournament 19: Streamify Cup Silver Category
2025-11-20 15:14:43,096 - scraper.selenium_scraper - INFO - Scraped tournament 20: Streamify Cup Open Category
2025-11-20 15:14:43,096 - root - INFO - Successfully scraped 20 tournaments
2025-11-20 15:14:43,096 - root - INFO - Saved scraped data to /home/runner/work/super-player-auction-scraper/super-player-auction-scraper/data/tournament_data_20251120-151443.json
2025-11-20 15:14:43,096 - root - INFO - Initializing Graph API
2025-11-20 15:14:43,097 - excel.graph_api - INFO - Extracted file ID: 9e836ed5-f58f-4dc7-a969-3c62b255f3ea
2025-11-20 15:14:43,097 - excel.graph_api - INFO - Extracted site ID: CorpDevaaf94619130d4a79af9f3aeae502bdb5
2025-11-20 15:14:43,097 - root - INFO - Authenticating with Microsoft Graph API
2025-11-20 15:14:43,313 - excel.graph_api - ERROR - Authentication failed: AADSTS7000222: The provided client secret keys for app 'f45467f0-629b-4712-a029-cd1289854747' are expired. Visit the Azure portal to create new keys for your app: https://aka.ms/NewClientSecret, or consider using certificate credentials for added security: https://aka.ms/certCreds. Trace ID: 7bd19b87-49c8-4b65-96b4-da6abac4b700 Correlation ID: 3d3435b3-fbdd-410c-ad45-4dfe827f4b75 Timestamp: 2025-11-20 15:14:43Z
2025-11-20 15:14:43,313 - root - ERROR - Failed to authenticate with Microsoft Graph API
2025-11-20 15:14:43,382 - scraper.selenium_scraper - INFO - Chrome driver closed
2025-11-20 15:14:43,382 - root - INFO - Selenium driver closed
2025-11-20 15:14:43,382 - root - INFO - Script execution completed
