2026-02-21 10:19:01,816 - root - INFO - Logger initialized successfully
2026-02-21 10:19:01,816 - root - INFO - Log file: /home/runner/work/super-player-auction-scraper/super-player-auction-scraper/logs/scraper_20260221_101901.log
2026-02-21 10:19:01,816 - root - INFO - Starting Super Player Auction scraper
2026-02-21 10:19:01,816 - utils.config - INFO - Credentials loaded from environment variables
2026-02-21 10:19:01,816 - utils.config - INFO - Settings loaded successfully
2026-02-21 10:19:01,817 - root - INFO - Initializing Selenium scraper
2026-02-21 10:19:01,817 - scraper.selenium_scraper - INFO - Running in GitHub Actions environment
2026-02-21 10:19:03,385 - selenium.webdriver.common.selenium_manager - WARNING - The chromedriver version (144.0.7559.109) detected in PATH at /usr/bin/chromedriver might not be compatible with the detected chrome version (144.0.7559.109); currently, chromedriver 144.0.7559.133 is recommended for chrome 144.*, so it is advised to delete the driver in PATH and retry
2026-02-21 10:19:08,729 - scraper.selenium_scraper - INFO - Chrome driver initialized successfully
2026-02-21 10:19:08,729 - root - INFO - Scraping tournament data
2026-02-21 10:19:08,729 - scraper.selenium_scraper - INFO - Starting to scrape tournament data
2026-02-21 10:19:09,447 - scraper.selenium_scraper - INFO - Waiting for page to load...
2026-02-21 10:19:14,452 - scraper.selenium_scraper - INFO - Scrolling to load all auction cards...
2026-02-21 10:19:26,591 - scraper.selenium_scraper - INFO - Saved page screenshot to /home/runner/work/super-player-auction-scraper/super-player-auction-scraper/logs/screenshots/page_loaded_20260221101926.png
2026-02-21 10:19:26,591 - scraper.selenium_scraper - INFO - Looking for auction cards...
2026-02-21 10:19:26,613 - scraper.selenium_scraper - INFO - Found 20 auction cards
2026-02-21 10:19:27,339 - scraper.selenium_scraper - INFO - Scraped tournament 1: NPL
2026-02-21 10:19:28,096 - scraper.selenium_scraper - INFO - Scraped tournament 2: ACPL-2
2026-02-21 10:19:28,788 - scraper.selenium_scraper - INFO - Scraped tournament 3: COSCO PREMIER LEAGUE
2026-02-21 10:19:29,476 - scraper.selenium_scraper - INFO - Scraped tournament 4: WCL 2026
2026-02-21 10:19:30,160 - scraper.selenium_scraper - INFO - Scraped tournament 5: SURBHI PREMIER LEAGUE
2026-02-21 10:19:30,851 - scraper.selenium_scraper - INFO - Scraped tournament 6: Hind Sporting Premier League
2026-02-21 10:19:31,536 - scraper.selenium_scraper - INFO - Scraped tournament 7: YPL 2.O
2026-02-21 10:19:32,221 - scraper.selenium_scraper - INFO - Scraped tournament 8: RELIANCE SPL 2026
2026-02-21 10:19:32,907 - scraper.selenium_scraper - INFO - Scraped tournament 9: MCPL 2026
2026-02-21 10:19:33,602 - scraper.selenium_scraper - INFO - Scraped tournament 10: SIKAR PREMIER LEAGUE 2025
2026-02-21 10:19:34,288 - scraper.selenium_scraper - INFO - Scraped tournament 11: ROHAT PREMIER LEAGUE
2026-02-21 10:19:34,971 - scraper.selenium_scraper - INFO - Scraped tournament 12: REPUBLIC CUP 2.0
2026-02-21 10:19:35,655 - scraper.selenium_scraper - INFO - Scraped tournament 13: BJP
2026-02-21 10:19:36,339 - scraper.selenium_scraper - INFO - Scraped tournament 14: SUPER CRICKRT LEAGUE - MAHIPAL
2026-02-21 10:19:37,026 - scraper.selenium_scraper - INFO - Scraped tournament 15: BROTHERS PREMIER LEAGUE 2026 - 1
2026-02-21 10:19:37,715 - scraper.selenium_scraper - INFO - Scraped tournament 16: BANJARA PREMIERE LEAGUE SEASON 3
2026-02-21 10:19:38,400 - scraper.selenium_scraper - INFO - Scraped tournament 17: SIWANA PREMIER LEAGUE SEASON - 3
2026-02-21 10:19:39,107 - scraper.selenium_scraper - INFO - Scraped tournament 18: APL Season-3 (2026)
2026-02-21 10:19:39,790 - scraper.selenium_scraper - INFO - Scraped tournament 19: QIFF EASAKA MEMORIAL 7S FOOTBALL TOURNAMENT
2026-02-21 10:19:40,472 - scraper.selenium_scraper - INFO - Scraped tournament 20: MSPL - 3
2026-02-21 10:19:40,472 - root - INFO - Successfully scraped 20 tournaments
2026-02-21 10:19:40,472 - root - INFO - Saved scraped data to /home/runner/work/super-player-auction-scraper/super-player-auction-scraper/data/tournament_data_20260221-101940.json
2026-02-21 10:19:40,472 - root - INFO - Initializing Graph API
2026-02-21 10:19:40,473 - excel.graph_api - INFO - Extracted file ID: 9e836ed5-f58f-4dc7-a969-3c62b255f3ea
2026-02-21 10:19:40,473 - excel.graph_api - INFO - Extracted site ID: CorpDevaaf94619130d4a79af9f3aeae502bdb5
2026-02-21 10:19:40,473 - root - INFO - Authenticating with Microsoft Graph API
2026-02-21 10:19:40,665 - excel.graph_api - INFO - Authentication successful
2026-02-21 10:19:40,665 - root - INFO - Updating Excel sheet with scraped data
2026-02-21 10:19:41,067 - excel.graph_api - INFO - Retrieved drive ID: b!MXUqfmBgAkyqAi_g7J1PO_6yKSWnHbZCs3mpe4EkYuX6d8izcdJxRb78S6OW5SIB
2026-02-21 10:19:42,817 - excel.graph_api - INFO - Retrieved 1255 rows from Excel
2026-02-21 10:19:43,757 - excel.graph_api - INFO - Updating range A1257:M1258 with 2 new entries
2026-02-21 10:19:48,861 - excel.graph_api - INFO - Successfully added 2 new tournaments to Excel
2026-02-21 10:19:48,862 - root - INFO - Excel sheet updated successfully
2026-02-21 10:19:48,941 - scraper.selenium_scraper - INFO - Chrome driver closed
2026-02-21 10:19:48,941 - root - INFO - Selenium driver closed
2026-02-21 10:19:48,941 - root - INFO - Script execution completed
