2026-04-02 10:44:58,904 - root - INFO - Logger initialized successfully
2026-04-02 10:44:58,904 - root - INFO - Log file: /home/runner/work/super-player-auction-scraper/super-player-auction-scraper/logs/scraper_20260402_104458.log
2026-04-02 10:44:58,904 - root - INFO - Starting Super Player Auction scraper
2026-04-02 10:44:58,904 - utils.config - INFO - Credentials loaded from environment variables
2026-04-02 10:44:58,904 - utils.config - INFO - Settings loaded successfully
2026-04-02 10:44:58,904 - root - INFO - Initializing Selenium scraper
2026-04-02 10:44:58,904 - scraper.selenium_scraper - INFO - Running in GitHub Actions environment
2026-04-02 10:45:15,068 - scraper.selenium_scraper - INFO - Chrome driver initialized successfully
2026-04-02 10:45:15,068 - root - INFO - Scraping tournament data
2026-04-02 10:45:15,068 - scraper.selenium_scraper - INFO - Starting to scrape tournament data
2026-04-02 10:45:15,910 - scraper.selenium_scraper - INFO - Waiting for page to load...
2026-04-02 10:45:20,915 - scraper.selenium_scraper - INFO - Scrolling to load all auction cards...
2026-04-02 10:45:33,148 - scraper.selenium_scraper - INFO - Saved page screenshot to /home/runner/work/super-player-auction-scraper/super-player-auction-scraper/logs/screenshots/page_loaded_20260402104533.png
2026-04-02 10:45:33,148 - scraper.selenium_scraper - INFO - Looking for auction cards...
2026-04-02 10:45:33,196 - scraper.selenium_scraper - INFO - Found 20 auction cards
2026-04-02 10:45:34,068 - scraper.selenium_scraper - INFO - Scraped tournament 1: Patidar Cricket League 2026
2026-04-02 10:45:34,757 - scraper.selenium_scraper - INFO - Scraped tournament 2: Gymkhana Premier Tennis League 2026
2026-04-02 10:45:35,444 - scraper.selenium_scraper - INFO - Scraped tournament 3: HariPrabodham Premier League 2026
2026-04-02 10:45:36,133 - scraper.selenium_scraper - INFO - Scraped tournament 4: Kurar Premier League
2026-04-02 10:45:36,822 - scraper.selenium_scraper - INFO - Scraped tournament 5: HPL TURF CRICKET LEAGUE
2026-04-02 10:45:37,514 - scraper.selenium_scraper - INFO - Scraped tournament 6: Emerald Premier League 3.0
2026-04-02 10:45:38,203 - scraper.selenium_scraper - INFO - Scraped tournament 7: SIKAR PREMIER LEAGUE 2025
2026-04-02 10:45:38,890 - scraper.selenium_scraper - INFO - Scraped tournament 8: Mochi Premier League 5.0
2026-04-02 10:45:39,582 - scraper.selenium_scraper - INFO - Scraped tournament 9: ROHAT PREMIER LEAGUE
2026-04-02 10:45:40,268 - scraper.selenium_scraper - INFO - Scraped tournament 10: SUPER FOOTBALL CHAMPIONSHIP
2026-04-02 10:45:40,964 - scraper.selenium_scraper - INFO - Scraped tournament 11: REPUBLIC CUP 2.0
2026-04-02 10:45:41,652 - scraper.selenium_scraper - INFO - Scraped tournament 12: Super Cricket League
2026-04-02 10:45:42,349 - scraper.selenium_scraper - INFO - Scraped tournament 13: BJP
2026-04-02 10:45:43,039 - scraper.selenium_scraper - INFO - Scraped tournament 14: SUPER CRICKRT LEAGUE - MAHIPAL
2026-04-02 10:45:43,731 - scraper.selenium_scraper - INFO - Scraped tournament 15: Amerikan Cup JPL-6
2026-04-02 10:45:44,424 - scraper.selenium_scraper - INFO - Scraped tournament 16: CGCPL
2026-04-02 10:45:45,119 - scraper.selenium_scraper - INFO - Scraped tournament 17: MPL
2026-04-02 10:45:45,813 - scraper.selenium_scraper - INFO - Scraped tournament 18: Wala & Team Present Open Leather Ball Cricket Tournament
2026-04-02 10:45:46,518 - scraper.selenium_scraper - INFO - Scraped tournament 19: CHAMPIONS PREMIER LEAGUE 2026 Season 02
2026-04-02 10:45:47,206 - scraper.selenium_scraper - INFO - Scraped tournament 20: APL -2
2026-04-02 10:45:47,207 - root - INFO - Successfully scraped 20 tournaments
2026-04-02 10:45:47,207 - root - INFO - Saved scraped data to /home/runner/work/super-player-auction-scraper/super-player-auction-scraper/data/tournament_data_20260402-104547.json
2026-04-02 10:45:47,207 - root - INFO - Initializing Graph API
2026-04-02 10:45:47,207 - excel.graph_api - INFO - Extracted file ID: 9e836ed5-f58f-4dc7-a969-3c62b255f3ea
2026-04-02 10:45:47,207 - excel.graph_api - INFO - Extracted site ID: CorpDevaaf94619130d4a79af9f3aeae502bdb5
2026-04-02 10:45:47,208 - root - INFO - Authenticating with Microsoft Graph API
2026-04-02 10:45:47,431 - excel.graph_api - INFO - Authentication successful
2026-04-02 10:45:47,431 - root - INFO - Updating Excel sheet with scraped data
2026-04-02 10:45:48,173 - excel.graph_api - INFO - Retrieved drive ID: b!MXUqfmBgAkyqAi_g7J1PO_6yKSWnHbZCs3mpe4EkYuX6d8izcdJxRb78S6OW5SIB
2026-04-02 10:45:50,200 - excel.graph_api - INFO - Retrieved 1418 rows from Excel
2026-04-02 10:45:51,661 - excel.graph_api - INFO - Updating range A1420:P1421 with 2 new entries
2026-04-02 10:45:53,286 - excel.graph_api - INFO - Successfully added 2 new tournaments to Excel
2026-04-02 10:45:53,287 - root - INFO - Excel sheet updated successfully
2026-04-02 10:45:53,366 - scraper.selenium_scraper - INFO - Chrome driver closed
2026-04-02 10:45:53,366 - root - INFO - Selenium driver closed
2026-04-02 10:45:53,366 - root - INFO - Script execution completed
