2026-01-13 10:17:40,939 - root - INFO - Logger initialized successfully
2026-01-13 10:17:40,939 - root - INFO - Log file: /home/runner/work/super-player-auction-scraper/super-player-auction-scraper/logs/scraper_20260113_101740.log
2026-01-13 10:17:40,939 - root - INFO - Starting Super Player Auction scraper
2026-01-13 10:17:40,939 - utils.config - INFO - Credentials loaded from environment variables
2026-01-13 10:17:40,939 - utils.config - INFO - Settings loaded successfully
2026-01-13 10:17:40,939 - root - INFO - Initializing Selenium scraper
2026-01-13 10:17:40,939 - scraper.selenium_scraper - INFO - Running in GitHub Actions environment
2026-01-13 10:17:42,386 - selenium.webdriver.common.selenium_manager - WARNING - The chromedriver version (143.0.7499.169) detected in PATH at /usr/bin/chromedriver might not be compatible with the detected chrome version (143.0.7499.169); currently, chromedriver 143.0.7499.192 is recommended for chrome 143.*, so it is advised to delete the driver in PATH and retry
2026-01-13 10:17:48,110 - scraper.selenium_scraper - INFO - Chrome driver initialized successfully
2026-01-13 10:17:48,110 - root - INFO - Scraping tournament data
2026-01-13 10:17:48,110 - scraper.selenium_scraper - INFO - Starting to scrape tournament data
2026-01-13 10:17:48,630 - scraper.selenium_scraper - INFO - Waiting for page to load...
2026-01-13 10:17:53,635 - scraper.selenium_scraper - INFO - Scrolling to load all auction cards...
2026-01-13 10:18:05,756 - scraper.selenium_scraper - INFO - Saved page screenshot to /home/runner/work/super-player-auction-scraper/super-player-auction-scraper/logs/screenshots/page_loaded_20260113101805.png
2026-01-13 10:18:05,756 - scraper.selenium_scraper - INFO - Looking for auction cards...
2026-01-13 10:18:05,778 - scraper.selenium_scraper - INFO - Found 20 auction cards
2026-01-13 10:18:06,500 - scraper.selenium_scraper - INFO - Scraped tournament 1: Muslim Premier League Bhilai Season 1
2026-01-13 10:18:07,191 - scraper.selenium_scraper - INFO - Scraped tournament 2: SPSV Cricket League 2026
2026-01-13 10:18:07,922 - scraper.selenium_scraper - INFO - Scraped tournament 3: Jolly Premier League-2026
2026-01-13 10:18:08,609 - scraper.selenium_scraper - INFO - Scraped tournament 4: ABPL - Season 5 | 2026 | Auction
2026-01-13 10:18:09,299 - scraper.selenium_scraper - INFO - Scraped tournament 5: MCPL 2026
2026-01-13 10:18:09,987 - scraper.selenium_scraper - INFO - Scraped tournament 6: SIKAR PREMIER LEAGUE 2025
2026-01-13 10:18:10,675 - scraper.selenium_scraper - INFO - Scraped tournament 7: SUPER FOOTBALL CHAMPIONSHIP
2026-01-13 10:18:11,362 - scraper.selenium_scraper - INFO - Scraped tournament 8: SANGAHARSH CRICKET PREMIER LEAGUE DEWALGAON
2026-01-13 10:18:12,049 - scraper.selenium_scraper - INFO - Scraped tournament 9: TPL '26
2026-01-13 10:18:12,756 - scraper.selenium_scraper - INFO - Scraped tournament 10: SCL - 2
2026-01-13 10:18:13,452 - scraper.selenium_scraper - INFO - Scraped tournament 11: REPUBLIC CUP 2.0
2026-01-13 10:18:14,139 - scraper.selenium_scraper - INFO - Scraped tournament 12: CCL 6
2026-01-13 10:18:14,827 - scraper.selenium_scraper - INFO - Scraped tournament 13: Jizan Premier league -3
2026-01-13 10:18:15,515 - scraper.selenium_scraper - INFO - Scraped tournament 14: Jizan Premier league -3 ICON
2026-01-13 10:18:16,204 - scraper.selenium_scraper - INFO - Scraped tournament 15: KPL
2026-01-13 10:18:16,892 - scraper.selenium_scraper - INFO - Scraped tournament 16: Mira Bhayandar Premier League - Season 7
2026-01-13 10:18:17,579 - scraper.selenium_scraper - INFO - Scraped tournament 17: AFTAB PREMIER LEAGUE
2026-01-13 10:18:18,265 - scraper.selenium_scraper - INFO - Scraped tournament 18: PHOENIX - GOLDEN EAGLES CRICKET CARNIVAL SEASON 5
2026-01-13 10:18:18,959 - scraper.selenium_scraper - INFO - Scraped tournament 19: LOYOLA ALUMNI PREMIER LEAGUE
2026-01-13 10:18:19,646 - scraper.selenium_scraper - INFO - Scraped tournament 20: BCPL SEASON 1
2026-01-13 10:18:19,646 - root - INFO - Successfully scraped 20 tournaments
2026-01-13 10:18:19,647 - root - INFO - Saved scraped data to /home/runner/work/super-player-auction-scraper/super-player-auction-scraper/data/tournament_data_20260113-101819.json
2026-01-13 10:18:19,647 - root - INFO - Initializing Graph API
2026-01-13 10:18:19,647 - excel.graph_api - INFO - Extracted file ID: 9e836ed5-f58f-4dc7-a969-3c62b255f3ea
2026-01-13 10:18:19,647 - excel.graph_api - INFO - Extracted site ID: CorpDevaaf94619130d4a79af9f3aeae502bdb5
2026-01-13 10:18:19,647 - root - INFO - Authenticating with Microsoft Graph API
2026-01-13 10:18:19,831 - excel.graph_api - INFO - Authentication successful
2026-01-13 10:18:19,831 - root - INFO - Updating Excel sheet with scraped data
2026-01-13 10:18:20,316 - excel.graph_api - INFO - Retrieved drive ID: b!MXUqfmBgAkyqAi_g7J1PO_6yKSWnHbZCs3mpe4EkYuX6d8izcdJxRb78S6OW5SIB
2026-01-13 10:18:21,769 - excel.graph_api - INFO - Retrieved 1059 rows from Excel
2026-01-13 10:18:23,063 - excel.graph_api - INFO - Updating range A1061:M1062 with 2 new entries
2026-01-13 10:18:24,287 - excel.graph_api - INFO - Successfully added 2 new tournaments to Excel
2026-01-13 10:18:24,288 - root - INFO - Excel sheet updated successfully
2026-01-13 10:18:24,350 - scraper.selenium_scraper - INFO - Chrome driver closed
2026-01-13 10:18:24,350 - root - INFO - Selenium driver closed
2026-01-13 10:18:24,350 - root - INFO - Script execution completed
