2026-01-18 10:15:08,320 - root - INFO - Logger initialized successfully
2026-01-18 10:15:08,320 - root - INFO - Log file: /home/runner/work/super-player-auction-scraper/super-player-auction-scraper/logs/scraper_20260118_101508.log
2026-01-18 10:15:08,320 - root - INFO - Starting Super Player Auction scraper
2026-01-18 10:15:08,320 - utils.config - INFO - Credentials loaded from environment variables
2026-01-18 10:15:08,320 - utils.config - INFO - Settings loaded successfully
2026-01-18 10:15:08,320 - root - INFO - Initializing Selenium scraper
2026-01-18 10:15:08,320 - scraper.selenium_scraper - INFO - Running in GitHub Actions environment
2026-01-18 10:15:15,155 - scraper.selenium_scraper - INFO - Chrome driver initialized successfully
2026-01-18 10:15:15,155 - root - INFO - Scraping tournament data
2026-01-18 10:15:15,155 - scraper.selenium_scraper - INFO - Starting to scrape tournament data
2026-01-18 10:15:16,178 - scraper.selenium_scraper - INFO - Waiting for page to load...
2026-01-18 10:15:21,182 - scraper.selenium_scraper - INFO - Scrolling to load all auction cards...
2026-01-18 10:15:33,342 - scraper.selenium_scraper - INFO - Saved page screenshot to /home/runner/work/super-player-auction-scraper/super-player-auction-scraper/logs/screenshots/page_loaded_20260118101533.png
2026-01-18 10:15:33,342 - scraper.selenium_scraper - INFO - Looking for auction cards...
2026-01-18 10:15:33,365 - scraper.selenium_scraper - INFO - Found 20 auction cards
2026-01-18 10:15:34,075 - scraper.selenium_scraper - INFO - Scraped tournament 1: ABPL - Season 5 | 2026 | Auction
2026-01-18 10:15:34,782 - scraper.selenium_scraper - INFO - Scraped tournament 2: SUBIC SRILANKAN PREMIER LEAGUE - SEASON 4 - 2026
2026-01-18 10:15:35,461 - scraper.selenium_scraper - INFO - Scraped tournament 3: MCPL 2026
2026-01-18 10:15:36,140 - scraper.selenium_scraper - INFO - Scraped tournament 4: SIKAR PREMIER LEAGUE 2025
2026-01-18 10:15:36,818 - scraper.selenium_scraper - INFO - Scraped tournament 5: SUPER FOOTBALL CHAMPIONSHIP
2026-01-18 10:15:37,518 - scraper.selenium_scraper - INFO - Scraped tournament 6: NPL 4.0
2026-01-18 10:15:38,197 - scraper.selenium_scraper - INFO - Scraped tournament 7: Zoroastrian Volleyball Premier League
2026-01-18 10:15:38,874 - scraper.selenium_scraper - INFO - Scraped tournament 8: REPUBLIC CUP 2.0
2026-01-18 10:15:39,552 - scraper.selenium_scraper - INFO - Scraped tournament 9: Sobha Premier League - 2026
2026-01-18 10:15:40,233 - scraper.selenium_scraper - INFO - Scraped tournament 10: One Day Vollyball Tournament
2026-01-18 10:15:40,923 - scraper.selenium_scraper - INFO - Scraped tournament 11: Ambikapur champions league
2026-01-18 10:15:41,599 - scraper.selenium_scraper - INFO - Scraped tournament 12: MALI PREMIER LEAGUE - 15
2026-01-18 10:15:42,279 - scraper.selenium_scraper - INFO - Scraped tournament 13: Calicut Premier League
2026-01-18 10:15:42,962 - scraper.selenium_scraper - INFO - Scraped tournament 14: Simga Tennis Cricket League
2026-01-18 10:15:43,639 - scraper.selenium_scraper - INFO - Scraped tournament 15: मेघवाल समाज आक्शन प्रीमियर लीग खिवाड़ा
2026-01-18 10:15:44,318 - scraper.selenium_scraper - INFO - Scraped tournament 16: Karneshwar premiere leauge (KPL- 3) karnawad
2026-01-18 10:15:44,996 - scraper.selenium_scraper - INFO - Scraped tournament 17: Shabab Premier League S2
2026-01-18 10:15:45,684 - scraper.selenium_scraper - INFO - Scraped tournament 18: Sanguem Premier League - Season 8
2026-01-18 10:15:46,363 - scraper.selenium_scraper - INFO - Scraped tournament 19: Friends Cup
2026-01-18 10:15:47,048 - scraper.selenium_scraper - INFO - Scraped tournament 20: SPL SEASON 3
2026-01-18 10:15:47,048 - root - INFO - Successfully scraped 20 tournaments
2026-01-18 10:15:47,049 - root - INFO - Saved scraped data to /home/runner/work/super-player-auction-scraper/super-player-auction-scraper/data/tournament_data_20260118-101547.json
2026-01-18 10:15:47,049 - root - INFO - Initializing Graph API
2026-01-18 10:15:47,049 - excel.graph_api - INFO - Extracted file ID: 9e836ed5-f58f-4dc7-a969-3c62b255f3ea
2026-01-18 10:15:47,049 - excel.graph_api - INFO - Extracted site ID: CorpDevaaf94619130d4a79af9f3aeae502bdb5
2026-01-18 10:15:47,049 - root - INFO - Authenticating with Microsoft Graph API
2026-01-18 10:15:47,250 - excel.graph_api - INFO - Authentication successful
2026-01-18 10:15:47,250 - root - INFO - Updating Excel sheet with scraped data
2026-01-18 10:15:47,878 - excel.graph_api - INFO - Retrieved drive ID: b!MXUqfmBgAkyqAi_g7J1PO_6yKSWnHbZCs3mpe4EkYuX6d8izcdJxRb78S6OW5SIB
2026-01-18 10:15:49,273 - excel.graph_api - INFO - Retrieved 1089 rows from Excel
2026-01-18 10:15:50,251 - excel.graph_api - INFO - Updating range A1091:M1100 with 10 new entries
2026-01-18 10:15:51,297 - excel.graph_api - INFO - Successfully added 10 new tournaments to Excel
2026-01-18 10:15:51,298 - root - INFO - Excel sheet updated successfully
2026-01-18 10:15:51,359 - scraper.selenium_scraper - INFO - Chrome driver closed
2026-01-18 10:15:51,359 - root - INFO - Selenium driver closed
2026-01-18 10:15:51,359 - root - INFO - Script execution completed
