2025-08-13 10:15:45,301 - root - INFO - Logger initialized successfully
2025-08-13 10:15:45,301 - root - INFO - Log file: /home/runner/work/super-player-auction-scraper/super-player-auction-scraper/logs/scraper_20250813_101545.log
2025-08-13 10:15:45,301 - root - INFO - Starting Super Player Auction scraper
2025-08-13 10:15:45,301 - utils.config - INFO - Credentials loaded from environment variables
2025-08-13 10:15:45,302 - utils.config - INFO - Settings loaded successfully
2025-08-13 10:15:45,302 - root - INFO - Initializing Selenium scraper
2025-08-13 10:15:45,302 - scraper.selenium_scraper - INFO - Running in GitHub Actions environment
2025-08-13 10:15:46,781 - scraper.selenium_scraper - INFO - Chrome driver initialized successfully
2025-08-13 10:15:46,782 - root - INFO - Scraping tournament data
2025-08-13 10:15:46,782 - scraper.selenium_scraper - INFO - Starting to scrape tournament data
2025-08-13 10:15:49,750 - scraper.selenium_scraper - INFO - Waiting for page to load...
2025-08-13 10:15:54,753 - scraper.selenium_scraper - INFO - Scrolling to load all auction cards...
2025-08-13 10:16:06,866 - scraper.selenium_scraper - INFO - Saved page screenshot to /home/runner/work/super-player-auction-scraper/super-player-auction-scraper/logs/screenshots/page_loaded_20250813101606.png
2025-08-13 10:16:06,866 - scraper.selenium_scraper - INFO - Looking for auction cards...
2025-08-13 10:16:06,884 - scraper.selenium_scraper - INFO - Found 20 auction cards
2025-08-13 10:16:07,600 - scraper.selenium_scraper - INFO - Scraped tournament 1: CMA ALUMNI CRICKET LEAGUE-4
2025-08-13 10:16:08,287 - scraper.selenium_scraper - INFO - Scraped tournament 2: RAJANA CUP , RAJALDESAR 2025
2025-08-13 10:16:08,983 - scraper.selenium_scraper - INFO - Scraped tournament 3: MPL SEASON- 2
2025-08-13 10:16:09,673 - scraper.selenium_scraper - INFO - Scraped tournament 4: UNITY CUP Series Season 2 (2025-26)
2025-08-13 10:16:10,357 - scraper.selenium_scraper - INFO - Scraped tournament 5: NPL Titan Cup
2025-08-13 10:16:11,043 - scraper.selenium_scraper - INFO - Scraped tournament 6: Canvas Warriors Cricket Carnival (CWCC),Season 1,2025
2025-08-13 10:16:11,734 - scraper.selenium_scraper - INFO - Scraped tournament 7: BPL SEASON 3
2025-08-13 10:16:12,417 - scraper.selenium_scraper - INFO - Scraped tournament 8: ArjunDMUP
2025-08-13 10:16:13,102 - scraper.selenium_scraper - INFO - Scraped tournament 9: WHIZBANG SEASON 12
2025-08-13 10:16:13,787 - scraper.selenium_scraper - INFO - Scraped tournament 10: BIG BASH LEAGUE
2025-08-13 10:16:14,472 - scraper.selenium_scraper - INFO - Scraped tournament 11: SANDALWOOD PREMIER LEAGUE
2025-08-13 10:16:15,154 - scraper.selenium_scraper - INFO - Scraped tournament 12: ODA Kasliwal Trophy Squash Premier League
2025-08-13 10:16:15,839 - scraper.selenium_scraper - INFO - Scraped tournament 13: LPL SEASON 4
2025-08-13 10:16:16,529 - scraper.selenium_scraper - INFO - Scraped tournament 14: SPORTS CORNER LEAGUE (SEASON-2)
2025-08-13 10:16:17,215 - scraper.selenium_scraper - INFO - Scraped tournament 15: Friendship Cup Season 6
2025-08-13 10:16:17,903 - scraper.selenium_scraper - INFO - Scraped tournament 16: Sikar Ka IPL 2025
2025-08-13 10:16:18,587 - scraper.selenium_scraper - INFO - Scraped tournament 17: Aanjana premier League Sardarpura (Rana)
2025-08-13 10:16:19,268 - scraper.selenium_scraper - INFO - Scraped tournament 18: Karnataka Rajatha Cup 2025
2025-08-13 10:16:19,953 - scraper.selenium_scraper - INFO - Scraped tournament 19: JPL-1 (JETAWADA PREMIER LEAGUE-1)
2025-08-13 10:16:20,640 - scraper.selenium_scraper - INFO - Scraped tournament 20: Petlurivaripalm Premier League Season -1
2025-08-13 10:16:20,640 - root - INFO - Successfully scraped 20 tournaments
2025-08-13 10:16:20,641 - root - INFO - Saved scraped data to /home/runner/work/super-player-auction-scraper/super-player-auction-scraper/data/tournament_data_20250813-101620.json
2025-08-13 10:16:20,641 - root - INFO - Initializing Graph API
2025-08-13 10:16:20,641 - excel.graph_api - INFO - Extracted file ID: 9e836ed5-f58f-4dc7-a969-3c62b255f3ea
2025-08-13 10:16:20,641 - excel.graph_api - INFO - Extracted site ID: CorpDevaaf94619130d4a79af9f3aeae502bdb5
2025-08-13 10:16:20,641 - root - INFO - Authenticating with Microsoft Graph API
2025-08-13 10:16:20,823 - excel.graph_api - INFO - Authentication successful
2025-08-13 10:16:20,824 - root - INFO - Updating Excel sheet with scraped data
2025-08-13 10:16:21,272 - excel.graph_api - INFO - Retrieved drive ID: b!MXUqfmBgAkyqAi_g7J1PO_6yKSWnHbZCs3mpe4EkYuX6d8izcdJxRb78S6OW5SIB
2025-08-13 10:16:23,508 - excel.graph_api - INFO - Retrieved 377 rows from Excel
2025-08-13 10:16:24,211 - excel.graph_api - INFO - Updating range A379:M380 with 2 new entries
2025-08-13 10:16:25,126 - excel.graph_api - INFO - Successfully added 2 new tournaments to Excel
2025-08-13 10:16:25,127 - root - INFO - Excel sheet updated successfully
2025-08-13 10:16:25,196 - scraper.selenium_scraper - INFO - Chrome driver closed
2025-08-13 10:16:25,196 - root - INFO - Selenium driver closed
2025-08-13 10:16:25,196 - root - INFO - Script execution completed
