2025-05-22 10:44:10,582 - root - INFO - Logger initialized successfully
2025-05-22 10:44:10,582 - root - INFO - Log file: /home/runner/work/super-player-auction-scraper/super-player-auction-scraper/logs/scraper_20250522_104410.log
2025-05-22 10:44:10,582 - root - INFO - Starting Super Player Auction scraper
2025-05-22 10:44:10,583 - utils.config - INFO - Credentials loaded from environment variables
2025-05-22 10:44:10,583 - utils.config - INFO - Settings loaded successfully
2025-05-22 10:44:10,583 - root - INFO - Initializing Selenium scraper
2025-05-22 10:44:10,583 - scraper.selenium_scraper - INFO - Running in GitHub Actions environment
2025-05-22 10:44:12,002 - selenium.webdriver.common.selenium_manager - WARNING - The chromedriver version (136.0.7103.92) detected in PATH at /usr/bin/chromedriver might not be compatible with the detected chrome version (136.0.7103.92); currently, chromedriver 136.0.7103.113 is recommended for chrome 136.*, so it is advised to delete the driver in PATH and retry
2025-05-22 10:44:18,397 - scraper.selenium_scraper - INFO - Chrome driver initialized successfully
2025-05-22 10:44:18,397 - root - INFO - Scraping tournament data
2025-05-22 10:44:18,397 - scraper.selenium_scraper - INFO - Starting to scrape tournament data
2025-05-22 10:44:22,498 - scraper.selenium_scraper - INFO - Waiting for page to load...
2025-05-22 10:44:27,504 - scraper.selenium_scraper - INFO - Scrolling to load all auction cards...
2025-05-22 10:44:40,052 - scraper.selenium_scraper - INFO - Saved page screenshot to /home/runner/work/super-player-auction-scraper/super-player-auction-scraper/logs/screenshots/page_loaded_20250522104439.png
2025-05-22 10:44:40,052 - scraper.selenium_scraper - INFO - Looking for auction cards...
2025-05-22 10:44:40,085 - scraper.selenium_scraper - INFO - Found 20 auction cards
2025-05-22 10:44:40,807 - scraper.selenium_scraper - INFO - Scraped tournament 1: Hariprabodham Parivar Cricket League
2025-05-22 10:44:41,501 - scraper.selenium_scraper - INFO - Scraped tournament 2: Hariprabodham Premier League
2025-05-22 10:44:42,253 - scraper.selenium_scraper - INFO - Scraped tournament 3: APL 2025
2025-05-22 10:44:42,944 - scraper.selenium_scraper - INFO - Scraped tournament 4: ArjunDMUP
2025-05-22 10:44:43,636 - scraper.selenium_scraper - INFO - Scraped tournament 5: MARC Malappuram Premier league S2
2025-05-22 10:44:44,328 - scraper.selenium_scraper - INFO - Scraped tournament 6: PALAKKAD CRICKET LEAGUE
2025-05-22 10:44:45,022 - scraper.selenium_scraper - INFO - Scraped tournament 7: Marhama Premiere League
2025-05-22 10:44:45,720 - scraper.selenium_scraper - INFO - Scraped tournament 8: EᒪITE ᑕᖇIᑕKET ᑕᕼᗩᗰᑭIOᑎᔕᕼIᑭ
2025-05-22 10:44:46,414 - scraper.selenium_scraper - INFO - Scraped tournament 9: JSG Elite Multi-Sports
2025-05-22 10:44:47,108 - scraper.selenium_scraper - INFO - Scraped tournament 10: RJ54 CRICKET LEAGUE SEASON 2
2025-05-22 10:44:47,802 - scraper.selenium_scraper - INFO - Scraped tournament 11: PKPPL Season 06
2025-05-22 10:44:48,493 - scraper.selenium_scraper - INFO - Scraped tournament 12: Bhatgram Premier League
2025-05-22 10:44:49,202 - scraper.selenium_scraper - INFO - Scraped tournament 13: TITAN LEAGUE GRAND SEASON 3
2025-05-22 10:44:49,889 - scraper.selenium_scraper - INFO - Scraped tournament 14: SUPER LEAGUE
2025-05-22 10:44:50,577 - scraper.selenium_scraper - INFO - Scraped tournament 15: TITAN LEAGUE GRAND SEASON 3
2025-05-22 10:44:51,267 - scraper.selenium_scraper - INFO - Scraped tournament 16: Indian Premier League Auction 2025
2025-05-22 10:44:51,954 - scraper.selenium_scraper - INFO - Scraped tournament 17: Amar Ujala Premier League
2025-05-22 10:44:52,658 - scraper.selenium_scraper - INFO - Scraped tournament 18: Kakina Super League-2025
2025-05-22 10:44:53,382 - scraper.selenium_scraper - INFO - Scraped tournament 19: Hpl
2025-05-22 10:44:54,068 - scraper.selenium_scraper - INFO - Scraped tournament 20: FABLEAGUE PREMIER
2025-05-22 10:44:54,068 - root - INFO - Successfully scraped 20 tournaments
2025-05-22 10:44:54,068 - root - INFO - Saved scraped data to /home/runner/work/super-player-auction-scraper/super-player-auction-scraper/data/tournament_data_20250522-104454.json
2025-05-22 10:44:54,068 - root - INFO - Initializing Graph API
2025-05-22 10:44:54,069 - excel.graph_api - INFO - Extracted file ID: 9e836ed5-f58f-4dc7-a969-3c62b255f3ea
2025-05-22 10:44:54,069 - excel.graph_api - INFO - Extracted site ID: CorpDevaaf94619130d4a79af9f3aeae502bdb5
2025-05-22 10:44:54,069 - root - INFO - Authenticating with Microsoft Graph API
2025-05-22 10:44:54,334 - excel.graph_api - INFO - Authentication successful
2025-05-22 10:44:54,334 - root - INFO - Updating Excel sheet with scraped data
2025-05-22 10:44:54,585 - excel.graph_api - INFO - Retrieved drive ID: b!MXUqfmBgAkyqAi_g7J1PO_6yKSWnHbZCs3mpe4EkYuX6d8izcdJxRb78S6OW5SIB
2025-05-22 10:44:56,332 - excel.graph_api - INFO - Retrieved 190 rows from Excel
2025-05-22 10:44:57,492 - excel.graph_api - INFO - No new tournaments to add
2025-05-22 10:44:57,493 - root - INFO - Excel sheet updated successfully
2025-05-22 10:44:57,561 - scraper.selenium_scraper - INFO - Chrome driver closed
2025-05-22 10:44:57,561 - root - INFO - Selenium driver closed
2025-05-22 10:44:57,561 - root - INFO - Script execution completed
