2026-03-26 16:05:02,227 - root - INFO - Logger initialized successfully
2026-03-26 16:05:02,227 - root - INFO - Log file: /home/runner/work/super-player-auction-scraper/super-player-auction-scraper/logs/scraper_20260326_160502.log
2026-03-26 16:05:02,227 - root - INFO - Starting Super Player Auction scraper
2026-03-26 16:05:02,227 - utils.config - INFO - Credentials loaded from environment variables
2026-03-26 16:05:02,227 - utils.config - INFO - Settings loaded successfully
2026-03-26 16:05:02,228 - root - INFO - Initializing Selenium scraper
2026-03-26 16:05:02,228 - scraper.selenium_scraper - INFO - Running in GitHub Actions environment
2026-03-26 16:05:05,274 - selenium.webdriver.common.selenium_manager - WARNING - The chromedriver version (146.0.7680.153) detected in PATH at /usr/bin/chromedriver might not be compatible with the detected chrome version (146.0.7680.153); currently, chromedriver 146.0.7680.165 is recommended for chrome 146.*, so it is advised to delete the driver in PATH and retry
2026-03-26 16:05:14,085 - scraper.selenium_scraper - INFO - Chrome driver initialized successfully
2026-03-26 16:05:14,085 - root - INFO - Scraping tournament data
2026-03-26 16:05:14,085 - scraper.selenium_scraper - INFO - Starting to scrape tournament data
2026-03-26 16:05:14,842 - scraper.selenium_scraper - INFO - Waiting for page to load...
2026-03-26 16:05:19,842 - scraper.selenium_scraper - INFO - Scrolling to load all auction cards...
2026-03-26 16:05:32,015 - scraper.selenium_scraper - INFO - Saved page screenshot to /home/runner/work/super-player-auction-scraper/super-player-auction-scraper/logs/screenshots/page_loaded_20260326160531.png
2026-03-26 16:05:32,015 - scraper.selenium_scraper - INFO - Looking for auction cards...
2026-03-26 16:05:32,057 - scraper.selenium_scraper - INFO - Found 20 auction cards
2026-03-26 16:05:32,783 - scraper.selenium_scraper - INFO - Scraped tournament 1: SSJ SOUNDS PRESENTS
2026-03-26 16:05:33,528 - scraper.selenium_scraper - INFO - Scraped tournament 2: DHARMVEER PREMIER LEAGUE
2026-03-26 16:05:34,208 - scraper.selenium_scraper - INFO - Scraped tournament 3: UNITY CUP Season 3 [2026-27]
2026-03-26 16:05:34,891 - scraper.selenium_scraper - INFO - Scraped tournament 4: Chhattisgarh Cricket Champions League T20
2026-03-26 16:05:35,566 - scraper.selenium_scraper - INFO - Scraped tournament 5: Super Cricket League
2026-03-26 16:05:36,250 - scraper.selenium_scraper - INFO - Scraped tournament 6: SIKAR PREMIER LEAGUE 2025
2026-03-26 16:05:36,934 - scraper.selenium_scraper - INFO - Scraped tournament 7: ROHAT PREMIER LEAGUE
2026-03-26 16:05:37,618 - scraper.selenium_scraper - INFO - Scraped tournament 8: SUPER FOOTBALL CHAMPIONSHIP
2026-03-26 16:05:38,295 - scraper.selenium_scraper - INFO - Scraped tournament 9: REPUBLIC CUP 2.0
2026-03-26 16:05:38,972 - scraper.selenium_scraper - INFO - Scraped tournament 10: Super Cricket League
2026-03-26 16:05:39,655 - scraper.selenium_scraper - INFO - Scraped tournament 11: BJP
2026-03-26 16:05:40,329 - scraper.selenium_scraper - INFO - Scraped tournament 12: SUPER CRICKRT LEAGUE - MAHIPAL
2026-03-26 16:05:41,004 - scraper.selenium_scraper - INFO - Scraped tournament 13: 7am Rising Stars Summer Grandslam 6.0 - KIDS
2026-03-26 16:05:41,678 - scraper.selenium_scraper - INFO - Scraped tournament 14: Maheshwari Young Business Cricket League
2026-03-26 16:05:42,356 - scraper.selenium_scraper - INFO - Scraped tournament 15: BRITAIN KASROTTAR KPL SEASON 2 - 2026
2026-03-26 16:05:43,032 - scraper.selenium_scraper - INFO - Scraped tournament 16: Prestige Premier League - Season 6
2026-03-26 16:05:43,708 - scraper.selenium_scraper - INFO - Scraped tournament 17: DUCL SEASON - 2
2026-03-26 16:05:44,383 - scraper.selenium_scraper - INFO - Scraped tournament 18: ठाणगाव प्रीमियर लीग Auction
2026-03-26 16:05:45,067 - scraper.selenium_scraper - INFO - Scraped tournament 19: Banswara Premier league - 7
2026-03-26 16:05:45,740 - scraper.selenium_scraper - INFO - Scraped tournament 20: BHILAI SUMMER LEAGUE
2026-03-26 16:05:45,740 - root - INFO - Successfully scraped 20 tournaments
2026-03-26 16:05:45,740 - root - INFO - Saved scraped data to /home/runner/work/super-player-auction-scraper/super-player-auction-scraper/data/tournament_data_20260326-160545.json
2026-03-26 16:05:45,740 - root - INFO - Initializing Graph API
2026-03-26 16:05:45,741 - excel.graph_api - INFO - Extracted file ID: 9e836ed5-f58f-4dc7-a969-3c62b255f3ea
2026-03-26 16:05:45,741 - excel.graph_api - INFO - Extracted site ID: CorpDevaaf94619130d4a79af9f3aeae502bdb5
2026-03-26 16:05:45,741 - root - INFO - Authenticating with Microsoft Graph API
2026-03-26 16:05:45,951 - excel.graph_api - INFO - Authentication successful
2026-03-26 16:05:45,951 - root - INFO - Updating Excel sheet with scraped data
2026-03-26 16:05:46,817 - excel.graph_api - INFO - Retrieved drive ID: b!MXUqfmBgAkyqAi_g7J1PO_6yKSWnHbZCs3mpe4EkYuX6d8izcdJxRb78S6OW5SIB
2026-03-26 16:05:49,608 - excel.graph_api - INFO - Retrieved 1394 rows from Excel
2026-03-26 16:05:52,212 - excel.graph_api - INFO - No new tournaments to add
2026-03-26 16:05:52,213 - root - INFO - Excel sheet updated successfully
2026-03-26 16:05:52,279 - scraper.selenium_scraper - INFO - Chrome driver closed
2026-03-26 16:05:52,280 - root - INFO - Selenium driver closed
2026-03-26 16:05:52,280 - root - INFO - Script execution completed
