2025-08-31 10:12:08,496 - root - INFO - Logger initialized successfully
2025-08-31 10:12:08,496 - root - INFO - Log file: /home/runner/work/super-player-auction-scraper/super-player-auction-scraper/logs/scraper_20250831_101208.log
2025-08-31 10:12:08,496 - root - INFO - Starting Super Player Auction scraper
2025-08-31 10:12:08,496 - utils.config - INFO - Credentials loaded from environment variables
2025-08-31 10:12:08,496 - utils.config - INFO - Settings loaded successfully
2025-08-31 10:12:08,496 - root - INFO - Initializing Selenium scraper
2025-08-31 10:12:08,496 - scraper.selenium_scraper - INFO - Running in GitHub Actions environment
2025-08-31 10:12:10,849 - selenium.webdriver.common.selenium_manager - WARNING - The chromedriver version (139.0.7258.138) detected in PATH at /usr/bin/chromedriver might not be compatible with the detected chrome version (139.0.7258.138); currently, chromedriver 139.0.7258.154 is recommended for chrome 139.*, so it is advised to delete the driver in PATH and retry
2025-08-31 10:12:18,625 - scraper.selenium_scraper - INFO - Chrome driver initialized successfully
2025-08-31 10:12:18,625 - root - INFO - Scraping tournament data
2025-08-31 10:12:18,625 - scraper.selenium_scraper - INFO - Starting to scrape tournament data
2025-08-31 10:12:21,547 - scraper.selenium_scraper - INFO - Waiting for page to load...
2025-08-31 10:12:26,552 - scraper.selenium_scraper - INFO - Scrolling to load all auction cards...
2025-08-31 10:12:38,692 - scraper.selenium_scraper - INFO - Saved page screenshot to /home/runner/work/super-player-auction-scraper/super-player-auction-scraper/logs/screenshots/page_loaded_20250831101238.png
2025-08-31 10:12:38,692 - scraper.selenium_scraper - INFO - Looking for auction cards...
2025-08-31 10:12:38,759 - scraper.selenium_scraper - INFO - Found 20 auction cards
2025-08-31 10:12:39,468 - scraper.selenium_scraper - INFO - Scraped tournament 1: SURA HBL SEASON VI
2025-08-31 10:12:40,153 - scraper.selenium_scraper - INFO - Scraped tournament 2: Masters Premier League Season 2025-26
2025-08-31 10:12:40,929 - scraper.selenium_scraper - INFO - Scraped tournament 3: DDL T10 PREMIER LEAGUE DEVGADH BARIA
2025-08-31 10:12:41,613 - scraper.selenium_scraper - INFO - Scraped tournament 4: Sarsangan Super Series Cricket 2025-26
2025-08-31 10:12:42,297 - scraper.selenium_scraper - INFO - Scraped tournament 5: Mali Premier League Balotra
2025-08-31 10:12:42,979 - scraper.selenium_scraper - INFO - Scraped tournament 6: Sarsangan +45 Veterans Cricket Series 2025-26
2025-08-31 10:12:43,661 - scraper.selenium_scraper - INFO - Scraped tournament 7: Sarsangan +40 Cricket Series 2025-26
2025-08-31 10:12:44,345 - scraper.selenium_scraper - INFO - Scraped tournament 8: Sarsangan U19 Boys & Girls Cricket Series 2025-26
2025-08-31 10:12:45,027 - scraper.selenium_scraper - INFO - Scraped tournament 9: NPL Titan Cup
2025-08-31 10:12:45,708 - scraper.selenium_scraper - INFO - Scraped tournament 10: PLAI PREMIER LEAGUE
2025-08-31 10:12:46,395 - scraper.selenium_scraper - INFO - Scraped tournament 11: PALEJ PREMIER LEAGUE
2025-08-31 10:12:47,075 - scraper.selenium_scraper - INFO - Scraped tournament 12: RENSA BSPL -2
2025-08-31 10:12:47,757 - scraper.selenium_scraper - INFO - Scraped tournament 13: KOB T10
2025-08-31 10:12:48,440 - scraper.selenium_scraper - INFO - Scraped tournament 14: SANDALWOOD PREMIER LEAGUE
2025-08-31 10:12:49,140 - scraper.selenium_scraper - INFO - Scraped tournament 15: ગઢવી પ્રીમીયર લીગ
2025-08-31 10:12:49,821 - scraper.selenium_scraper - INFO - Scraped tournament 16: Karnataka Rajatha Cup 2025
2025-08-31 10:12:50,503 - scraper.selenium_scraper - INFO - Scraped tournament 17: Sukma premier league season 6
2025-08-31 10:12:51,183 - scraper.selenium_scraper - INFO - Scraped tournament 18: RAIPUR SILVER PREMIER LEAGUE
2025-08-31 10:12:51,871 - scraper.selenium_scraper - INFO - Scraped tournament 19: FRIMA GOLF LEAGUE 2025
2025-08-31 10:12:52,552 - scraper.selenium_scraper - INFO - Scraped tournament 20: Kerala Premier League
2025-08-31 10:12:52,553 - root - INFO - Successfully scraped 20 tournaments
2025-08-31 10:12:52,553 - root - INFO - Saved scraped data to /home/runner/work/super-player-auction-scraper/super-player-auction-scraper/data/tournament_data_20250831-101252.json
2025-08-31 10:12:52,553 - root - INFO - Initializing Graph API
2025-08-31 10:12:52,553 - excel.graph_api - INFO - Extracted file ID: 9e836ed5-f58f-4dc7-a969-3c62b255f3ea
2025-08-31 10:12:52,554 - excel.graph_api - INFO - Extracted site ID: CorpDevaaf94619130d4a79af9f3aeae502bdb5
2025-08-31 10:12:52,554 - root - INFO - Authenticating with Microsoft Graph API
2025-08-31 10:12:52,845 - excel.graph_api - INFO - Authentication successful
2025-08-31 10:12:52,845 - root - INFO - Updating Excel sheet with scraped data
2025-08-31 10:12:53,242 - excel.graph_api - INFO - Retrieved drive ID: b!MXUqfmBgAkyqAi_g7J1PO_6yKSWnHbZCs3mpe4EkYuX6d8izcdJxRb78S6OW5SIB
2025-08-31 10:12:54,057 - excel.graph_api - INFO - Retrieved 437 rows from Excel
2025-08-31 10:12:54,620 - excel.graph_api - INFO - Updating range A439:M441 with 3 new entries
2025-08-31 10:12:55,493 - excel.graph_api - INFO - Successfully added 3 new tournaments to Excel
2025-08-31 10:12:55,495 - root - INFO - Excel sheet updated successfully
2025-08-31 10:12:55,562 - scraper.selenium_scraper - INFO - Chrome driver closed
2025-08-31 10:12:55,562 - root - INFO - Selenium driver closed
2025-08-31 10:12:55,562 - root - INFO - Script execution completed
