2026-03-02 15:34:47,242 - root - INFO - Logger initialized successfully
2026-03-02 15:34:47,242 - root - INFO - Log file: /home/runner/work/super-player-auction-scraper/super-player-auction-scraper/logs/scraper_20260302_153447.log
2026-03-02 15:34:47,242 - root - INFO - Starting Super Player Auction scraper
2026-03-02 15:34:47,242 - utils.config - INFO - Credentials loaded from environment variables
2026-03-02 15:34:47,242 - utils.config - INFO - Settings loaded successfully
2026-03-02 15:34:47,243 - root - INFO - Initializing Selenium scraper
2026-03-02 15:34:47,243 - scraper.selenium_scraper - INFO - Running in GitHub Actions environment
2026-03-02 15:35:02,426 - scraper.selenium_scraper - INFO - Chrome driver initialized successfully
2026-03-02 15:35:02,426 - root - INFO - Scraping tournament data
2026-03-02 15:35:02,426 - scraper.selenium_scraper - INFO - Starting to scrape tournament data
2026-03-02 15:35:03,618 - scraper.selenium_scraper - INFO - Waiting for page to load...
2026-03-02 15:35:08,622 - scraper.selenium_scraper - INFO - Scrolling to load all auction cards...
2026-03-02 15:35:20,867 - scraper.selenium_scraper - INFO - Saved page screenshot to /home/runner/work/super-player-auction-scraper/super-player-auction-scraper/logs/screenshots/page_loaded_20260302153520.png
2026-03-02 15:35:20,867 - scraper.selenium_scraper - INFO - Looking for auction cards...
2026-03-02 15:35:20,889 - scraper.selenium_scraper - INFO - Found 20 auction cards
2026-03-02 15:35:21,627 - scraper.selenium_scraper - INFO - Scraped tournament 1: Callebaut Cricket Premier League
2026-03-02 15:35:22,384 - scraper.selenium_scraper - INFO - Scraped tournament 2: Hind Sporting Premier League
2026-03-02 15:35:23,079 - scraper.selenium_scraper - INFO - Scraped tournament 3: MCPL 2026
2026-03-02 15:35:23,774 - scraper.selenium_scraper - INFO - Scraped tournament 4: SIKAR PREMIER LEAGUE 2025
2026-03-02 15:35:24,463 - scraper.selenium_scraper - INFO - Scraped tournament 5: ROHAT PREMIER LEAGUE
2026-03-02 15:35:25,155 - scraper.selenium_scraper - INFO - Scraped tournament 6: SUPER FOOTBALL CHAMPIONSHIP
2026-03-02 15:35:25,851 - scraper.selenium_scraper - INFO - Scraped tournament 7: REPUBLIC CUP 2.0
2026-03-02 15:35:26,545 - scraper.selenium_scraper - INFO - Scraped tournament 8: NPL
2026-03-02 15:35:27,242 - scraper.selenium_scraper - INFO - Scraped tournament 9: BJP
2026-03-02 15:35:27,937 - scraper.selenium_scraper - INFO - Scraped tournament 10: SUPER CRICKRT LEAGUE - MAHIPAL
2026-03-02 15:35:28,637 - scraper.selenium_scraper - INFO - Scraped tournament 11: छत्रपती करंडक 2026
2026-03-02 15:35:29,326 - scraper.selenium_scraper - INFO - Scraped tournament 12: Maharashtra Doctor Vollyball League
2026-03-02 15:35:30,019 - scraper.selenium_scraper - INFO - Scraped tournament 13: Ichapuram Premier League Organized By ICC
2026-03-02 15:35:30,717 - scraper.selenium_scraper - INFO - Scraped tournament 14: TMCC T10 Cricket Tournament 9th Edition
2026-03-02 15:35:31,418 - scraper.selenium_scraper - INFO - Scraped tournament 15: JITO CRICKET LEAGUE 3.0
2026-03-02 15:35:32,109 - scraper.selenium_scraper - INFO - Scraped tournament 16: PRAHAR PREMIER LEAGUE 2026
2026-03-02 15:35:32,806 - scraper.selenium_scraper - INFO - Scraped tournament 17: WINNERS PREMIER LEAGUE, AYYAMPUZHA, SEASON 5
2026-03-02 15:35:33,507 - scraper.selenium_scraper - INFO - Scraped tournament 18: WANTRAG PREMIER LEAGUE
2026-03-02 15:35:34,202 - scraper.selenium_scraper - INFO - Scraped tournament 19: Zoroastrian Volleyball Premier League
2026-03-02 15:35:34,897 - scraper.selenium_scraper - INFO - Scraped tournament 20: BOTAD PREMIER LEAGUE 3
2026-03-02 15:35:34,897 - root - INFO - Successfully scraped 20 tournaments
2026-03-02 15:35:34,898 - root - INFO - Saved scraped data to /home/runner/work/super-player-auction-scraper/super-player-auction-scraper/data/tournament_data_20260302-153534.json
2026-03-02 15:35:34,898 - root - INFO - Initializing Graph API
2026-03-02 15:35:34,898 - excel.graph_api - INFO - Extracted file ID: 9e836ed5-f58f-4dc7-a969-3c62b255f3ea
2026-03-02 15:35:34,898 - excel.graph_api - INFO - Extracted site ID: CorpDevaaf94619130d4a79af9f3aeae502bdb5
2026-03-02 15:35:34,898 - root - INFO - Authenticating with Microsoft Graph API
2026-03-02 15:35:35,037 - excel.graph_api - INFO - Authentication successful
2026-03-02 15:35:35,037 - root - INFO - Updating Excel sheet with scraped data
2026-03-02 15:35:35,578 - excel.graph_api - INFO - Retrieved drive ID: b!MXUqfmBgAkyqAi_g7J1PO_6yKSWnHbZCs3mpe4EkYuX6d8izcdJxRb78S6OW5SIB
2026-03-02 15:35:38,641 - excel.graph_api - INFO - Retrieved 1298 rows from Excel
2026-03-02 15:35:41,390 - excel.graph_api - INFO - Updating range A1300:M1300 with 1 new entries
2026-03-02 15:35:43,901 - excel.graph_api - INFO - Successfully added 1 new tournaments to Excel
2026-03-02 15:35:43,903 - root - INFO - Excel sheet updated successfully
2026-03-02 15:35:43,980 - scraper.selenium_scraper - INFO - Chrome driver closed
2026-03-02 15:35:43,980 - root - INFO - Selenium driver closed
2026-03-02 15:35:43,980 - root - INFO - Script execution completed
