2025-07-04 10:15:07,095 - root - INFO - Logger initialized successfully
2025-07-04 10:15:07,095 - root - INFO - Log file: /home/runner/work/super-player-auction-scraper/super-player-auction-scraper/logs/scraper_20250704_101507.log
2025-07-04 10:15:07,095 - root - INFO - Starting Super Player Auction scraper
2025-07-04 10:15:07,095 - utils.config - INFO - Credentials loaded from environment variables
2025-07-04 10:15:07,095 - utils.config - INFO - Settings loaded successfully
2025-07-04 10:15:07,095 - root - INFO - Initializing Selenium scraper
2025-07-04 10:15:07,095 - scraper.selenium_scraper - INFO - Running in GitHub Actions environment
2025-07-04 10:15:14,685 - scraper.selenium_scraper - INFO - Chrome driver initialized successfully
2025-07-04 10:15:14,685 - root - INFO - Scraping tournament data
2025-07-04 10:15:14,685 - scraper.selenium_scraper - INFO - Starting to scrape tournament data
2025-07-04 10:15:15,217 - scraper.selenium_scraper - INFO - Waiting for page to load...
2025-07-04 10:15:20,223 - scraper.selenium_scraper - INFO - Scrolling to load all auction cards...
2025-07-04 10:15:32,354 - scraper.selenium_scraper - INFO - Saved page screenshot to /home/runner/work/super-player-auction-scraper/super-player-auction-scraper/logs/screenshots/page_loaded_20250704101532.png
2025-07-04 10:15:32,354 - scraper.selenium_scraper - INFO - Looking for auction cards...
2025-07-04 10:15:32,382 - scraper.selenium_scraper - INFO - Found 20 auction cards
2025-07-04 10:15:33,102 - scraper.selenium_scraper - INFO - Scraped tournament 1: PRO GOVINDA LEAGUE 2025
2025-07-04 10:15:33,799 - scraper.selenium_scraper - INFO - Scraped tournament 2: Palm Olympia Women Cricket Premiere League Season 2
2025-07-04 10:15:34,539 - scraper.selenium_scraper - INFO - Scraped tournament 3: Palm Olympia Senior Citizen Premium League Season 2
2025-07-04 10:15:35,234 - scraper.selenium_scraper - INFO - Scraped tournament 4: Tekri Premier League
2025-07-04 10:15:35,927 - scraper.selenium_scraper - INFO - Scraped tournament 5: RANA PREMIER LEAGUE SEASON 1
2025-07-04 10:15:36,634 - scraper.selenium_scraper - INFO - Scraped tournament 6: Gujarati Premium League 5a Side Football Tournament
2025-07-04 10:15:37,340 - scraper.selenium_scraper - INFO - Scraped tournament 7: Karnataka Rajatha Cup 2025
2025-07-04 10:15:38,044 - scraper.selenium_scraper - INFO - Scraped tournament 8: RALLY TO WIN BADMINTON PRO LEAGUE 2025 - SEASON 4
2025-07-04 10:15:38,740 - scraper.selenium_scraper - INFO - Scraped tournament 9: GRAMIN PREMIER LEAGUE SEASON 3
2025-07-04 10:15:39,437 - scraper.selenium_scraper - INFO - Scraped tournament 10: SUPER CRICKET LEAGUE
2025-07-04 10:15:40,144 - scraper.selenium_scraper - INFO - Scraped tournament 11: Padubidri Premier League - 2025
2025-07-04 10:15:40,836 - scraper.selenium_scraper - INFO - Scraped tournament 12: Deedar Premier League
2025-07-04 10:15:41,527 - scraper.selenium_scraper - INFO - Scraped tournament 13: ArjunDMUP
2025-07-04 10:15:42,225 - scraper.selenium_scraper - INFO - Scraped tournament 14: TOLIYASAR PREMIER LEAGUE (TPL) SEASON 2
2025-07-04 10:15:42,920 - scraper.selenium_scraper - INFO - Scraped tournament 15: BPL SEASON 3
2025-07-04 10:15:43,617 - scraper.selenium_scraper - INFO - Scraped tournament 16: Petlurivaripalm Premier League Season -1
2025-07-04 10:15:44,314 - scraper.selenium_scraper - INFO - Scraped tournament 17: Dholi Samaj Premiere League Sisseion-2
2025-07-04 10:15:45,017 - scraper.selenium_scraper - INFO - Scraped tournament 18: Nepali Premier League Melbourne
2025-07-04 10:15:45,714 - scraper.selenium_scraper - INFO - Scraped tournament 19: S3PL Season 5
2025-07-04 10:15:46,415 - scraper.selenium_scraper - INFO - Scraped tournament 20: HYNISH CRICKET PREMIER LEAGUE SEASON-4
2025-07-04 10:15:46,415 - root - INFO - Successfully scraped 20 tournaments
2025-07-04 10:15:46,415 - root - INFO - Saved scraped data to /home/runner/work/super-player-auction-scraper/super-player-auction-scraper/data/tournament_data_20250704-101546.json
2025-07-04 10:15:46,415 - root - INFO - Initializing Graph API
2025-07-04 10:15:46,416 - excel.graph_api - INFO - Extracted file ID: 9e836ed5-f58f-4dc7-a969-3c62b255f3ea
2025-07-04 10:15:46,416 - excel.graph_api - INFO - Extracted site ID: CorpDevaaf94619130d4a79af9f3aeae502bdb5
2025-07-04 10:15:46,416 - root - INFO - Authenticating with Microsoft Graph API
2025-07-04 10:15:46,898 - excel.graph_api - INFO - Authentication successful
2025-07-04 10:15:46,899 - root - INFO - Updating Excel sheet with scraped data
2025-07-04 10:15:47,533 - excel.graph_api - INFO - Retrieved drive ID: b!MXUqfmBgAkyqAi_g7J1PO_6yKSWnHbZCs3mpe4EkYuX6d8izcdJxRb78S6OW5SIB
2025-07-04 10:15:48,660 - excel.graph_api - INFO - Retrieved 262 rows from Excel
2025-07-04 10:15:49,377 - excel.graph_api - INFO - Updating range A264:M264 with 1 new entries
2025-07-04 10:15:50,345 - excel.graph_api - INFO - Successfully added 1 new tournaments to Excel
2025-07-04 10:15:50,347 - root - INFO - Excel sheet updated successfully
2025-07-04 10:15:50,416 - scraper.selenium_scraper - INFO - Chrome driver closed
2025-07-04 10:15:50,416 - root - INFO - Selenium driver closed
2025-07-04 10:15:50,416 - root - INFO - Script execution completed
