2026-05-17 10:59:10,361 - root - INFO - Logger initialized successfully
2026-05-17 10:59:10,361 - root - INFO - Log file: /home/runner/work/super-player-auction-scraper/super-player-auction-scraper/logs/scraper_20260517_105910.log
2026-05-17 10:59:10,361 - root - INFO - Starting Super Player Auction scraper
2026-05-17 10:59:10,361 - utils.config - INFO - Credentials loaded from environment variables
2026-05-17 10:59:10,361 - utils.config - INFO - Settings loaded successfully
2026-05-17 10:59:10,361 - root - INFO - Initializing Selenium scraper
2026-05-17 10:59:10,361 - scraper.selenium_scraper - INFO - Running in GitHub Actions environment
2026-05-17 10:59:22,063 - scraper.selenium_scraper - INFO - Chrome driver initialized successfully
2026-05-17 10:59:22,063 - root - INFO - Scraping tournament data
2026-05-17 10:59:22,063 - scraper.selenium_scraper - INFO - Starting to scrape tournament data
2026-05-17 10:59:23,076 - scraper.selenium_scraper - INFO - Waiting for page to load...
2026-05-17 10:59:28,081 - scraper.selenium_scraper - INFO - Scrolling to load all auction cards...
2026-05-17 10:59:40,281 - scraper.selenium_scraper - INFO - Saved page screenshot to /home/runner/work/super-player-auction-scraper/super-player-auction-scraper/logs/screenshots/page_loaded_20260517105940.png
2026-05-17 10:59:40,281 - scraper.selenium_scraper - INFO - Looking for auction cards...
2026-05-17 10:59:40,320 - scraper.selenium_scraper - INFO - Found 20 auction cards
2026-05-17 10:59:41,068 - scraper.selenium_scraper - INFO - Scraped tournament 1: Inside Edge Premier League Season -1
2026-05-17 10:59:41,767 - scraper.selenium_scraper - INFO - Scraped tournament 2: PKSD RPL- ROHRU KA APNA IPL
2026-05-17 10:59:42,463 - scraper.selenium_scraper - INFO - Scraped tournament 3: Tekari Premier League
2026-05-17 10:59:43,228 - scraper.selenium_scraper - INFO - Scraped tournament 4: Nexion Pickleball Premier League
2026-05-17 10:59:43,922 - scraper.selenium_scraper - INFO - Scraped tournament 5: Hariprabodham Cricket League Season 4.0
2026-05-17 10:59:44,618 - scraper.selenium_scraper - INFO - Scraped tournament 6: DPL 6
2026-05-17 10:59:45,313 - scraper.selenium_scraper - INFO - Scraped tournament 7: DB CUP
2026-05-17 10:59:46,011 - scraper.selenium_scraper - INFO - Scraped tournament 8: SUPER FOOTBALL CHAMPIONSHIP
2026-05-17 10:59:46,703 - scraper.selenium_scraper - INFO - Scraped tournament 9: REPUBLIC CUP 2.0
2026-05-17 10:59:47,396 - scraper.selenium_scraper - INFO - Scraped tournament 10: Auction Demo Jodi
2026-05-17 10:59:48,095 - scraper.selenium_scraper - INFO - Scraped tournament 11: Super Cricket League
2026-05-17 10:59:48,804 - scraper.selenium_scraper - INFO - Scraped tournament 12: SIKAR PREMIER LEAGUE 2025
2026-05-17 10:59:49,502 - scraper.selenium_scraper - INFO - Scraped tournament 13: BJP
2026-05-17 10:59:50,197 - scraper.selenium_scraper - INFO - Scraped tournament 14: SUPER LEAGUE GROUP
2026-05-17 10:59:50,903 - scraper.selenium_scraper - INFO - Scraped tournament 15: SUPER CRICKET LEAGUE
2026-05-17 10:59:51,602 - scraper.selenium_scraper - INFO - Scraped tournament 16: NARLAI GRAMIN AUCTION CRICKET LEAGUE 2026
2026-05-17 10:59:52,301 - scraper.selenium_scraper - INFO - Scraped tournament 17: Resham Industries Pvt Ltd Presents - MYMCL 15
2026-05-17 10:59:53,003 - scraper.selenium_scraper - INFO - Scraped tournament 18: DURGA GROUND CHAMPIONSHIP
2026-05-17 10:59:53,702 - scraper.selenium_scraper - INFO - Scraped tournament 19: NJM Family Box Cricket Cup 2026 - Season 04
2026-05-17 10:59:54,413 - scraper.selenium_scraper - INFO - Scraped tournament 20: JOGALSAR PREMIER LEAGUE SEASON 5
2026-05-17 10:59:54,413 - root - INFO - Successfully scraped 20 tournaments
2026-05-17 10:59:54,414 - root - INFO - Saved scraped data to /home/runner/work/super-player-auction-scraper/super-player-auction-scraper/data/tournament_data_20260517-105954.json
2026-05-17 10:59:54,414 - root - INFO - Initializing Graph API
2026-05-17 10:59:54,414 - excel.graph_api - INFO - Extracted file ID: 9e836ed5-f58f-4dc7-a969-3c62b255f3ea
2026-05-17 10:59:54,414 - excel.graph_api - INFO - Extracted site ID: CorpDevaaf94619130d4a79af9f3aeae502bdb5
2026-05-17 10:59:54,414 - root - INFO - Authenticating with Microsoft Graph API
2026-05-17 10:59:54,565 - excel.graph_api - INFO - Authentication successful
2026-05-17 10:59:54,565 - root - INFO - Updating Excel sheet with scraped data
2026-05-17 10:59:55,089 - excel.graph_api - INFO - Retrieved drive ID: b!MXUqfmBgAkyqAi_g7J1PO_6yKSWnHbZCs3mpe4EkYuX6d8izcdJxRb78S6OW5SIB
2026-05-17 10:59:56,546 - excel.graph_api - INFO - Retrieved 1605 rows from Excel
2026-05-17 10:59:57,471 - excel.graph_api - INFO - Updating range A1607:Y1612 with 6 new entries
2026-05-17 10:59:59,317 - excel.graph_api - INFO - Successfully added 6 new tournaments to Excel
2026-05-17 10:59:59,319 - root - INFO - Excel sheet updated successfully
2026-05-17 10:59:59,401 - scraper.selenium_scraper - INFO - Chrome driver closed
2026-05-17 10:59:59,401 - root - INFO - Selenium driver closed
2026-05-17 10:59:59,401 - root - INFO - Script execution completed
