2026-02-02 15:32:07,458 - root - INFO - Logger initialized successfully
2026-02-02 15:32:07,458 - root - INFO - Log file: /home/runner/work/super-player-auction-scraper/super-player-auction-scraper/logs/scraper_20260202_153207.log
2026-02-02 15:32:07,458 - root - INFO - Starting Super Player Auction scraper
2026-02-02 15:32:07,458 - utils.config - INFO - Credentials loaded from environment variables
2026-02-02 15:32:07,458 - utils.config - INFO - Settings loaded successfully
2026-02-02 15:32:07,458 - root - INFO - Initializing Selenium scraper
2026-02-02 15:32:07,459 - scraper.selenium_scraper - INFO - Running in GitHub Actions environment
2026-02-02 15:32:09,174 - selenium.webdriver.common.selenium_manager - WARNING - The chromedriver version (144.0.7559.96) detected in PATH at /usr/bin/chromedriver might not be compatible with the detected chrome version (144.0.7559.96); currently, chromedriver 144.0.7559.109 is recommended for chrome 144.*, so it is advised to delete the driver in PATH and retry
2026-02-02 15:32:14,459 - scraper.selenium_scraper - INFO - Chrome driver initialized successfully
2026-02-02 15:32:14,459 - root - INFO - Scraping tournament data
2026-02-02 15:32:14,459 - scraper.selenium_scraper - INFO - Starting to scrape tournament data
2026-02-02 15:32:15,181 - scraper.selenium_scraper - INFO - Waiting for page to load...
2026-02-02 15:32:20,186 - scraper.selenium_scraper - INFO - Scrolling to load all auction cards...
2026-02-02 15:32:32,319 - scraper.selenium_scraper - INFO - Saved page screenshot to /home/runner/work/super-player-auction-scraper/super-player-auction-scraper/logs/screenshots/page_loaded_20260202153232.png
2026-02-02 15:32:32,319 - scraper.selenium_scraper - INFO - Looking for auction cards...
2026-02-02 15:32:32,344 - scraper.selenium_scraper - INFO - Found 20 auction cards
2026-02-02 15:32:33,081 - scraper.selenium_scraper - INFO - Scraped tournament 1: PGCL 2.O
2026-02-02 15:32:33,826 - scraper.selenium_scraper - INFO - Scraped tournament 2: Calicut premier league Qatar
2026-02-02 15:32:34,537 - scraper.selenium_scraper - INFO - Scraped tournament 3: SUBIC SRILANKAN PREMIER LEAGUE - SEASON 4 - 2026
2026-02-02 15:32:35,249 - scraper.selenium_scraper - INFO - Scraped tournament 4: MCPL 2026
2026-02-02 15:32:35,950 - scraper.selenium_scraper - INFO - Scraped tournament 5: SIKAR PREMIER LEAGUE 2025
2026-02-02 15:32:36,702 - scraper.selenium_scraper - INFO - Scraped tournament 6: SUPER FOOTBALL CHAMPIONSHIP
2026-02-02 15:32:37,412 - scraper.selenium_scraper - INFO - Scraped tournament 7: BALAR PARIVAR PREMIER LEAGUE 2.0
2026-02-02 15:32:38,117 - scraper.selenium_scraper - INFO - Scraped tournament 8: Sspl
2026-02-02 15:32:38,817 - scraper.selenium_scraper - INFO - Scraped tournament 9: Goichi League 2026
2026-02-02 15:32:39,519 - scraper.selenium_scraper - INFO - Scraped tournament 10: MYM 5.0 CRICKET TOURNAMENT Sponsored By HANUMANTA FOODS
2026-02-02 15:32:40,230 - scraper.selenium_scraper - INFO - Scraped tournament 11: QIFF EASAKA MEMORIAL 7S FOOTBALL TOURNAMENT
2026-02-02 15:32:40,927 - scraper.selenium_scraper - INFO - Scraped tournament 12: BHILAI STEEL PLANT PREMIER LEAGUE
2026-02-02 15:32:41,632 - scraper.selenium_scraper - INFO - Scraped tournament 13: Skyhawks Premier League - 3
2026-02-02 15:32:42,338 - scraper.selenium_scraper - INFO - Scraped tournament 14: Calicut Premier League
2026-02-02 15:32:43,039 - scraper.selenium_scraper - INFO - Scraped tournament 15: KPCJAA SPORTS LEAGUE 2026
2026-02-02 15:32:43,740 - scraper.selenium_scraper - INFO - Scraped tournament 16: मेघवाल प्रीमियर लीग जयपुर आक्शन
2026-02-02 15:32:44,445 - scraper.selenium_scraper - INFO - Scraped tournament 17: DJPL Season 8
2026-02-02 15:32:45,143 - scraper.selenium_scraper - INFO - Scraped tournament 18: KSPL
2026-02-02 15:32:45,844 - scraper.selenium_scraper - INFO - Scraped tournament 19: SINDHI PREMIER LEAGUE-5
2026-02-02 15:32:46,541 - scraper.selenium_scraper - INFO - Scraped tournament 20: GARHWAL CRICKET LEAGUE
2026-02-02 15:32:46,542 - root - INFO - Successfully scraped 20 tournaments
2026-02-02 15:32:46,542 - root - INFO - Saved scraped data to /home/runner/work/super-player-auction-scraper/super-player-auction-scraper/data/tournament_data_20260202-153246.json
2026-02-02 15:32:46,542 - root - INFO - Initializing Graph API
2026-02-02 15:32:46,543 - excel.graph_api - INFO - Extracted file ID: 9e836ed5-f58f-4dc7-a969-3c62b255f3ea
2026-02-02 15:32:46,543 - excel.graph_api - INFO - Extracted site ID: CorpDevaaf94619130d4a79af9f3aeae502bdb5
2026-02-02 15:32:46,543 - root - INFO - Authenticating with Microsoft Graph API
2026-02-02 15:32:46,720 - excel.graph_api - INFO - Authentication successful
2026-02-02 15:32:46,720 - root - INFO - Updating Excel sheet with scraped data
2026-02-02 15:32:47,390 - excel.graph_api - INFO - Retrieved drive ID: b!MXUqfmBgAkyqAi_g7J1PO_6yKSWnHbZCs3mpe4EkYuX6d8izcdJxRb78S6OW5SIB
2026-02-02 15:32:49,395 - excel.graph_api - INFO - Retrieved 1173 rows from Excel
2026-02-02 15:32:50,778 - excel.graph_api - INFO - Updating range A1175:M1175 with 1 new entries
2026-02-02 15:32:52,098 - excel.graph_api - INFO - Successfully added 1 new tournaments to Excel
2026-02-02 15:32:52,099 - root - INFO - Excel sheet updated successfully
2026-02-02 15:32:52,178 - scraper.selenium_scraper - INFO - Chrome driver closed
2026-02-02 15:32:52,178 - root - INFO - Selenium driver closed
2026-02-02 15:32:52,178 - root - INFO - Script execution completed
