2026-02-01 15:17:25,186 - root - INFO - Logger initialized successfully
2026-02-01 15:17:25,186 - root - INFO - Log file: /home/runner/work/super-player-auction-scraper/super-player-auction-scraper/logs/scraper_20260201_151725.log
2026-02-01 15:17:25,186 - root - INFO - Starting Super Player Auction scraper
2026-02-01 15:17:25,186 - utils.config - INFO - Credentials loaded from environment variables
2026-02-01 15:17:25,187 - utils.config - INFO - Settings loaded successfully
2026-02-01 15:17:25,187 - root - INFO - Initializing Selenium scraper
2026-02-01 15:17:25,187 - scraper.selenium_scraper - INFO - Running in GitHub Actions environment
2026-02-01 15:17:27,508 - selenium.webdriver.common.selenium_manager - WARNING - The chromedriver version (144.0.7559.96) detected in PATH at /usr/bin/chromedriver might not be compatible with the detected chrome version (144.0.7559.96); currently, chromedriver 144.0.7559.109 is recommended for chrome 144.*, so it is advised to delete the driver in PATH and retry
2026-02-01 15:17:41,382 - scraper.selenium_scraper - INFO - Chrome driver initialized successfully
2026-02-01 15:17:41,382 - root - INFO - Scraping tournament data
2026-02-01 15:17:41,382 - scraper.selenium_scraper - INFO - Starting to scrape tournament data
2026-02-01 15:17:43,044 - scraper.selenium_scraper - INFO - Waiting for page to load...
2026-02-01 15:17:48,050 - scraper.selenium_scraper - INFO - Scrolling to load all auction cards...
2026-02-01 15:18:00,229 - scraper.selenium_scraper - INFO - Saved page screenshot to /home/runner/work/super-player-auction-scraper/super-player-auction-scraper/logs/screenshots/page_loaded_20260201151800.png
2026-02-01 15:18:00,229 - scraper.selenium_scraper - INFO - Looking for auction cards...
2026-02-01 15:18:00,252 - scraper.selenium_scraper - INFO - Found 20 auction cards
2026-02-01 15:18:00,973 - scraper.selenium_scraper - INFO - Scraped tournament 1: Calicut premier league Qatar
2026-02-01 15:18:01,707 - scraper.selenium_scraper - INFO - Scraped tournament 2: MPL
2026-02-01 15:18:02,395 - scraper.selenium_scraper - INFO - Scraped tournament 3: PGCL 2.O
2026-02-01 15:18:03,077 - scraper.selenium_scraper - INFO - Scraped tournament 4: SUBIC SRILANKAN PREMIER LEAGUE - SEASON 4 - 2026
2026-02-01 15:18:03,764 - scraper.selenium_scraper - INFO - Scraped tournament 5: MCPL 2026
2026-02-01 15:18:04,446 - scraper.selenium_scraper - INFO - Scraped tournament 6: SIKAR PREMIER LEAGUE 2025
2026-02-01 15:18:05,127 - scraper.selenium_scraper - INFO - Scraped tournament 7: SUPER FOOTBALL CHAMPIONSHIP
2026-02-01 15:18:05,808 - scraper.selenium_scraper - INFO - Scraped tournament 8: Zoroastrian Volleyball Premier League
2026-02-01 15:18:06,495 - scraper.selenium_scraper - INFO - Scraped tournament 9: URKURA T10 CRICKET
2026-02-01 15:18:07,189 - scraper.selenium_scraper - INFO - Scraped tournament 10: RAJESWARI MEMORIAL CRICKET TOURNAMENT
2026-02-01 15:18:07,874 - scraper.selenium_scraper - INFO - Scraped tournament 11: Goichi League 2026
2026-02-01 15:18:08,559 - scraper.selenium_scraper - INFO - Scraped tournament 12: MYM 5.0 CRICKET TOURNAMENT Sponsored By HANUMANTA FOODS
2026-02-01 15:18:09,240 - scraper.selenium_scraper - INFO - Scraped tournament 13: QIFF EASAKA MEMORIAL 7S FOOTBALL TOURNAMENT
2026-02-01 15:18:09,915 - scraper.selenium_scraper - INFO - Scraped tournament 14: BHILAI STEEL PLANT PREMIER LEAGUE
2026-02-01 15:18:10,595 - scraper.selenium_scraper - INFO - Scraped tournament 15: Skyhawks Premier League - 3
2026-02-01 15:18:11,273 - scraper.selenium_scraper - INFO - Scraped tournament 16: Calicut Premier League
2026-02-01 15:18:11,952 - scraper.selenium_scraper - INFO - Scraped tournament 17: KPCJAA SPORTS LEAGUE 2026
2026-02-01 15:18:12,645 - scraper.selenium_scraper - INFO - Scraped tournament 18: मेघवाल प्रीमियर लीग जयपुर आक्शन
2026-02-01 15:18:13,340 - scraper.selenium_scraper - INFO - Scraped tournament 19: DJPL Season 8
2026-02-01 15:18:14,025 - scraper.selenium_scraper - INFO - Scraped tournament 20: KSPL
2026-02-01 15:18:14,025 - root - INFO - Successfully scraped 20 tournaments
2026-02-01 15:18:14,025 - root - INFO - Saved scraped data to /home/runner/work/super-player-auction-scraper/super-player-auction-scraper/data/tournament_data_20260201-151814.json
2026-02-01 15:18:14,025 - root - INFO - Initializing Graph API
2026-02-01 15:18:14,026 - excel.graph_api - INFO - Extracted file ID: 9e836ed5-f58f-4dc7-a969-3c62b255f3ea
2026-02-01 15:18:14,026 - excel.graph_api - INFO - Extracted site ID: CorpDevaaf94619130d4a79af9f3aeae502bdb5
2026-02-01 15:18:14,026 - root - INFO - Authenticating with Microsoft Graph API
2026-02-01 15:18:14,479 - excel.graph_api - INFO - Authentication successful
2026-02-01 15:18:14,479 - root - INFO - Updating Excel sheet with scraped data
2026-02-01 15:18:15,152 - excel.graph_api - INFO - Retrieved drive ID: b!MXUqfmBgAkyqAi_g7J1PO_6yKSWnHbZCs3mpe4EkYuX6d8izcdJxRb78S6OW5SIB
2026-02-01 15:18:16,676 - excel.graph_api - INFO - Retrieved 1170 rows from Excel
2026-02-01 15:18:17,659 - excel.graph_api - INFO - Updating range A1172:M1172 with 1 new entries
2026-02-01 15:18:18,749 - excel.graph_api - INFO - Successfully added 1 new tournaments to Excel
2026-02-01 15:18:18,750 - root - INFO - Excel sheet updated successfully
2026-02-01 15:18:18,826 - scraper.selenium_scraper - INFO - Chrome driver closed
2026-02-01 15:18:18,826 - root - INFO - Selenium driver closed
2026-02-01 15:18:18,826 - root - INFO - Script execution completed
