2025-11-09 15:11:09,636 - root - INFO - Logger initialized successfully
2025-11-09 15:11:09,637 - root - INFO - Log file: /home/runner/work/super-player-auction-scraper/super-player-auction-scraper/logs/scraper_20251109_151109.log
2025-11-09 15:11:09,637 - root - INFO - Starting Super Player Auction scraper
2025-11-09 15:11:09,637 - utils.config - INFO - Credentials loaded from environment variables
2025-11-09 15:11:09,637 - utils.config - INFO - Settings loaded successfully
2025-11-09 15:11:09,637 - root - INFO - Initializing Selenium scraper
2025-11-09 15:11:09,637 - scraper.selenium_scraper - INFO - Running in GitHub Actions environment
2025-11-09 15:11:15,764 - selenium.webdriver.common.selenium_manager - WARNING - The chromedriver version (142.0.7444.59) detected in PATH at /usr/bin/chromedriver might not be compatible with the detected chrome version (142.0.7444.59); currently, chromedriver 142.0.7444.61 is recommended for chrome 142.*, so it is advised to delete the driver in PATH and retry
2025-11-09 15:11:43,894 - scraper.selenium_scraper - INFO - Chrome driver initialized successfully
2025-11-09 15:11:43,894 - root - INFO - Scraping tournament data
2025-11-09 15:11:43,894 - scraper.selenium_scraper - INFO - Starting to scrape tournament data
2025-11-09 15:11:46,372 - scraper.selenium_scraper - INFO - Waiting for page to load...
2025-11-09 15:11:51,377 - scraper.selenium_scraper - INFO - Scrolling to load all auction cards...
2025-11-09 15:12:03,612 - scraper.selenium_scraper - INFO - Saved page screenshot to /home/runner/work/super-player-auction-scraper/super-player-auction-scraper/logs/screenshots/page_loaded_20251109151203.png
2025-11-09 15:12:03,612 - scraper.selenium_scraper - INFO - Looking for auction cards...
2025-11-09 15:12:03,673 - scraper.selenium_scraper - INFO - Found 20 auction cards
2025-11-09 15:12:04,412 - scraper.selenium_scraper - INFO - Scraped tournament 1: Indoor Premier League 2025
2025-11-09 15:12:05,105 - scraper.selenium_scraper - INFO - Scraped tournament 2: HJPL SEASON -13
2025-11-09 15:12:05,798 - scraper.selenium_scraper - INFO - Scraped tournament 3: नीमच क्रिकेट लीग 2025
2025-11-09 15:12:06,491 - scraper.selenium_scraper - INFO - Scraped tournament 4: TNPL PREMIER LEAGUE SEASON 4
2025-11-09 15:12:07,180 - scraper.selenium_scraper - INFO - Scraped tournament 5: DDS PREMIER LEAGUE SEASON 3
2025-11-09 15:12:07,877 - scraper.selenium_scraper - INFO - Scraped tournament 6: ICCPL Men's Auction 2025
2025-11-09 15:12:08,573 - scraper.selenium_scraper - INFO - Scraped tournament 7: ICCPL Women's Auction 2025
2025-11-09 15:12:09,262 - scraper.selenium_scraper - INFO - Scraped tournament 8: Arjun DEMO
2025-11-09 15:12:09,958 - scraper.selenium_scraper - INFO - Scraped tournament 9: ABSA BUNTS CUP 4TH EDITION
2025-11-09 15:12:10,647 - scraper.selenium_scraper - INFO - Scraped tournament 10: CCL 2.0 PREMIER LEAGUE SEASON 1
2025-11-09 15:12:11,338 - scraper.selenium_scraper - INFO - Scraped tournament 11: Padmavati Premier League Season 1
2025-11-09 15:12:12,031 - scraper.selenium_scraper - INFO - Scraped tournament 12: Builders Premier League 2.0
2025-11-09 15:12:12,719 - scraper.selenium_scraper - INFO - Scraped tournament 13: Healthcare Professional Cricket league 2025-26
2025-11-09 15:12:13,407 - scraper.selenium_scraper - INFO - Scraped tournament 14: Healthcare Professional Cricket league 2025-26 (Doctor)
2025-11-09 15:12:14,095 - scraper.selenium_scraper - INFO - Scraped tournament 15: VANJARI PREMIER LEAGUE 2025 "SEASON 4"
2025-11-09 15:12:14,787 - scraper.selenium_scraper - INFO - Scraped tournament 16: ARAB DREAMS BRC FOOTBALL LEAGUE
2025-11-09 15:12:15,484 - scraper.selenium_scraper - INFO - Scraped tournament 17: JPL-season-1
2025-11-09 15:12:16,171 - scraper.selenium_scraper - INFO - Scraped tournament 18: Yuva Maratha Chashak Players Registration
2025-11-09 15:12:16,856 - scraper.selenium_scraper - INFO - Scraped tournament 19: Dholi n Nayak Samaj Premiere League Sisseion-2
2025-11-09 15:12:17,552 - scraper.selenium_scraper - INFO - Scraped tournament 20: MUMBAI ODISHA CRICKET LEAGUE - 2026
2025-11-09 15:12:17,552 - root - INFO - Successfully scraped 20 tournaments
2025-11-09 15:12:17,553 - root - INFO - Saved scraped data to /home/runner/work/super-player-auction-scraper/super-player-auction-scraper/data/tournament_data_20251109-151217.json
2025-11-09 15:12:17,553 - root - INFO - Initializing Graph API
2025-11-09 15:12:17,553 - excel.graph_api - INFO - Extracted file ID: 9e836ed5-f58f-4dc7-a969-3c62b255f3ea
2025-11-09 15:12:17,553 - excel.graph_api - INFO - Extracted site ID: CorpDevaaf94619130d4a79af9f3aeae502bdb5
2025-11-09 15:12:17,553 - root - INFO - Authenticating with Microsoft Graph API
2025-11-09 15:12:18,068 - excel.graph_api - INFO - Authentication successful
2025-11-09 15:12:18,069 - root - INFO - Updating Excel sheet with scraped data
2025-11-09 15:12:18,333 - excel.graph_api - INFO - Retrieved drive ID: b!MXUqfmBgAkyqAi_g7J1PO_6yKSWnHbZCs3mpe4EkYuX6d8izcdJxRb78S6OW5SIB
2025-11-09 15:12:19,914 - excel.graph_api - INFO - Retrieved 733 rows from Excel
2025-11-09 15:12:21,015 - excel.graph_api - INFO - No new tournaments to add
2025-11-09 15:12:21,016 - root - INFO - Excel sheet updated successfully
2025-11-09 15:12:21,087 - scraper.selenium_scraper - INFO - Chrome driver closed
2025-11-09 15:12:21,087 - root - INFO - Selenium driver closed
2025-11-09 15:12:21,087 - root - INFO - Script execution completed
