2025-09-06 10:11:53,846 - root - INFO - Logger initialized successfully
2025-09-06 10:11:53,846 - root - INFO - Log file: /home/runner/work/super-player-auction-scraper/super-player-auction-scraper/logs/scraper_20250906_101153.log
2025-09-06 10:11:53,846 - root - INFO - Starting Super Player Auction scraper
2025-09-06 10:11:53,846 - utils.config - INFO - Credentials loaded from environment variables
2025-09-06 10:11:53,846 - utils.config - INFO - Settings loaded successfully
2025-09-06 10:11:53,846 - root - INFO - Initializing Selenium scraper
2025-09-06 10:11:53,846 - scraper.selenium_scraper - INFO - Running in GitHub Actions environment
2025-09-06 10:12:00,497 - scraper.selenium_scraper - INFO - Chrome driver initialized successfully
2025-09-06 10:12:00,497 - root - INFO - Scraping tournament data
2025-09-06 10:12:00,497 - scraper.selenium_scraper - INFO - Starting to scrape tournament data
2025-09-06 10:12:01,158 - scraper.selenium_scraper - INFO - Waiting for page to load...
2025-09-06 10:12:06,164 - scraper.selenium_scraper - INFO - Scrolling to load all auction cards...
2025-09-06 10:12:18,286 - scraper.selenium_scraper - INFO - Saved page screenshot to /home/runner/work/super-player-auction-scraper/super-player-auction-scraper/logs/screenshots/page_loaded_20250906101218.png
2025-09-06 10:12:18,286 - scraper.selenium_scraper - INFO - Looking for auction cards...
2025-09-06 10:12:18,312 - scraper.selenium_scraper - INFO - Found 20 auction cards
2025-09-06 10:12:19,027 - scraper.selenium_scraper - INFO - Scraped tournament 1: Masters Premier League Season 2025-26
2025-09-06 10:12:19,718 - scraper.selenium_scraper - INFO - Scraped tournament 2: RISING CRICKET LEAGUE - 2
2025-09-06 10:12:20,467 - scraper.selenium_scraper - INFO - Scraped tournament 3: CHAMPIONS LEAGUE RAIPUR - SEASON 14
2025-09-06 10:12:21,158 - scraper.selenium_scraper - INFO - Scraped tournament 4: Sarsangan Super Series Cricket 2025-26
2025-09-06 10:12:21,845 - scraper.selenium_scraper - INFO - Scraped tournament 5: Mali Premier League Balotra
2025-09-06 10:12:22,535 - scraper.selenium_scraper - INFO - Scraped tournament 6: Sarsangan +45 Veterans Cricket Series 2025-26
2025-09-06 10:12:23,225 - scraper.selenium_scraper - INFO - Scraped tournament 7: Sarsangan U19 Boys & Girls Cricket Series 2025-26
2025-09-06 10:12:23,909 - scraper.selenium_scraper - INFO - Scraped tournament 8: Sarsangan +40 Cricket Series 2025-26
2025-09-06 10:12:24,596 - scraper.selenium_scraper - INFO - Scraped tournament 9: JAIN PREMIER LEAGUE 4
2025-09-06 10:12:25,283 - scraper.selenium_scraper - INFO - Scraped tournament 10: NPL Titan Cup
2025-09-06 10:12:25,976 - scraper.selenium_scraper - INFO - Scraped tournament 11: DDL T10 PREMIER LEAGUE DEVGADH BARIA
2025-09-06 10:12:26,663 - scraper.selenium_scraper - INFO - Scraped tournament 12: Balotra Cricket League
2025-09-06 10:12:27,347 - scraper.selenium_scraper - INFO - Scraped tournament 13: Sukma premier league season 6
2025-09-06 10:12:28,036 - scraper.selenium_scraper - INFO - Scraped tournament 14: Karnataka Rajatha Cup 2025
2025-09-06 10:12:28,727 - scraper.selenium_scraper - INFO - Scraped tournament 15: SANDALWOOD PREMIER LEAGUE
2025-09-06 10:12:29,415 - scraper.selenium_scraper - INFO - Scraped tournament 16: ગઢવી પ્રીમીયર લીગ
2025-09-06 10:12:30,112 - scraper.selenium_scraper - INFO - Scraped tournament 17: RPL Season 3
2025-09-06 10:12:30,797 - scraper.selenium_scraper - INFO - Scraped tournament 18: THE PATH TO GLORY
2025-09-06 10:12:31,482 - scraper.selenium_scraper - INFO - Scraped tournament 19: FRIMA GOLF LEAGUE 2025
2025-09-06 10:12:32,179 - scraper.selenium_scraper - INFO - Scraped tournament 20: Agar Cricket League
2025-09-06 10:12:32,179 - root - INFO - Successfully scraped 20 tournaments
2025-09-06 10:12:32,180 - root - INFO - Saved scraped data to /home/runner/work/super-player-auction-scraper/super-player-auction-scraper/data/tournament_data_20250906-101232.json
2025-09-06 10:12:32,180 - root - INFO - Initializing Graph API
2025-09-06 10:12:32,180 - excel.graph_api - INFO - Extracted file ID: 9e836ed5-f58f-4dc7-a969-3c62b255f3ea
2025-09-06 10:12:32,180 - excel.graph_api - INFO - Extracted site ID: CorpDevaaf94619130d4a79af9f3aeae502bdb5
2025-09-06 10:12:32,180 - root - INFO - Authenticating with Microsoft Graph API
2025-09-06 10:12:32,338 - excel.graph_api - INFO - Authentication successful
2025-09-06 10:12:32,339 - root - INFO - Updating Excel sheet with scraped data
2025-09-06 10:12:32,812 - excel.graph_api - INFO - Retrieved drive ID: b!MXUqfmBgAkyqAi_g7J1PO_6yKSWnHbZCs3mpe4EkYuX6d8izcdJxRb78S6OW5SIB
2025-09-06 10:12:33,633 - excel.graph_api - INFO - Retrieved 460 rows from Excel
2025-09-06 10:12:34,142 - excel.graph_api - INFO - Updating range A462:M462 with 1 new entries
2025-09-06 10:12:34,958 - excel.graph_api - INFO - Successfully added 1 new tournaments to Excel
2025-09-06 10:12:34,959 - root - INFO - Excel sheet updated successfully
2025-09-06 10:12:35,026 - scraper.selenium_scraper - INFO - Chrome driver closed
2025-09-06 10:12:35,027 - root - INFO - Selenium driver closed
2025-09-06 10:12:35,027 - root - INFO - Script execution completed
