2025-10-04 10:12:18,751 - root - INFO - Logger initialized successfully
2025-10-04 10:12:18,751 - root - INFO - Log file: /home/runner/work/super-player-auction-scraper/super-player-auction-scraper/logs/scraper_20251004_101218.log
2025-10-04 10:12:18,751 - root - INFO - Starting Super Player Auction scraper
2025-10-04 10:12:18,751 - utils.config - INFO - Credentials loaded from environment variables
2025-10-04 10:12:18,751 - utils.config - INFO - Settings loaded successfully
2025-10-04 10:12:18,751 - root - INFO - Initializing Selenium scraper
2025-10-04 10:12:18,751 - scraper.selenium_scraper - INFO - Running in GitHub Actions environment
2025-10-04 10:12:43,759 - scraper.selenium_scraper - INFO - Chrome driver initialized successfully
2025-10-04 10:12:43,759 - root - INFO - Scraping tournament data
2025-10-04 10:12:43,759 - scraper.selenium_scraper - INFO - Starting to scrape tournament data
2025-10-04 10:12:45,247 - scraper.selenium_scraper - INFO - Waiting for page to load...
2025-10-04 10:12:50,250 - scraper.selenium_scraper - INFO - Scrolling to load all auction cards...
2025-10-04 10:13:02,444 - scraper.selenium_scraper - INFO - Saved page screenshot to /home/runner/work/super-player-auction-scraper/super-player-auction-scraper/logs/screenshots/page_loaded_20251004101302.png
2025-10-04 10:13:02,444 - scraper.selenium_scraper - INFO - Looking for auction cards...
2025-10-04 10:13:02,504 - scraper.selenium_scraper - INFO - Found 20 auction cards
2025-10-04 10:13:03,248 - scraper.selenium_scraper - INFO - Scraped tournament 1: 2N_DESIGNER'S PREMIER LEAGUE SEASON IV
2025-10-04 10:13:04,180 - scraper.selenium_scraper - INFO - Scraped tournament 2: SHIMOGA PREMIER BADMINTON LEAGUE 2.O
2025-10-04 10:13:04,857 - scraper.selenium_scraper - INFO - Scraped tournament 3: Monsoon Box League Season 3
2025-10-04 10:13:05,536 - scraper.selenium_scraper - INFO - Scraped tournament 4: CHHATTISGARH LEAGUE OF LEGENDS
2025-10-04 10:13:06,214 - scraper.selenium_scraper - INFO - Scraped tournament 5: RANUJ GAM CRICKET LEAGUE
2025-10-04 10:13:06,892 - scraper.selenium_scraper - INFO - Scraped tournament 6: DPL SEASON 6 AUCTION
2025-10-04 10:13:07,570 - scraper.selenium_scraper - INFO - Scraped tournament 7: K. PATEL - SSPS CRICKET LEAGUE SEASON 8
2025-10-04 10:13:08,246 - scraper.selenium_scraper - INFO - Scraped tournament 8: Apna Gally Cricket League 2025
2025-10-04 10:13:08,923 - scraper.selenium_scraper - INFO - Scraped tournament 9: JUNIOR PREMIER LEAGUE 2025
2025-10-04 10:13:09,599 - scraper.selenium_scraper - INFO - Scraped tournament 10: MPL
2025-10-04 10:13:10,282 - scraper.selenium_scraper - INFO - Scraped tournament 11: GUJARAT PANCHAYAT LEAGUE SEASON-7 MEHSANA
2025-10-04 10:13:10,959 - scraper.selenium_scraper - INFO - Scraped tournament 12: BHAGALPUR CRICKET LEAGUE
2025-10-04 10:13:11,636 - scraper.selenium_scraper - INFO - Scraped tournament 13: United Premier League (Father's)
2025-10-04 10:13:12,316 - scraper.selenium_scraper - INFO - Scraped tournament 14: United Premier League Womens
2025-10-04 10:13:12,993 - scraper.selenium_scraper - INFO - Scraped tournament 15: Pond Premier League - Whispering Palms Season 1
2025-10-04 10:13:13,672 - scraper.selenium_scraper - INFO - Scraped tournament 16: SmashIT v7 2025
2025-10-04 10:13:14,522 - scraper.selenium_scraper - INFO - Scraped tournament 17: KASRODIANS PREMIER LEAGUE SEASON -5
2025-10-04 10:13:15,198 - scraper.selenium_scraper - INFO - Scraped tournament 18: Dambab Premier League 2025
2025-10-04 10:13:15,882 - scraper.selenium_scraper - INFO - Scraped tournament 19: NPL Titan Cup
2025-10-04 10:13:16,558 - scraper.selenium_scraper - INFO - Scraped tournament 20: NB TROPHY SEASON 4
2025-10-04 10:13:16,558 - root - INFO - Successfully scraped 20 tournaments
2025-10-04 10:13:16,559 - root - INFO - Saved scraped data to /home/runner/work/super-player-auction-scraper/super-player-auction-scraper/data/tournament_data_20251004-101316.json
2025-10-04 10:13:16,559 - root - INFO - Initializing Graph API
2025-10-04 10:13:16,559 - excel.graph_api - INFO - Extracted file ID: 9e836ed5-f58f-4dc7-a969-3c62b255f3ea
2025-10-04 10:13:16,559 - excel.graph_api - INFO - Extracted site ID: CorpDevaaf94619130d4a79af9f3aeae502bdb5
2025-10-04 10:13:16,559 - root - INFO - Authenticating with Microsoft Graph API
2025-10-04 10:13:16,750 - excel.graph_api - INFO - Authentication successful
2025-10-04 10:13:16,750 - root - INFO - Updating Excel sheet with scraped data
2025-10-04 10:13:17,387 - excel.graph_api - INFO - Retrieved drive ID: b!MXUqfmBgAkyqAi_g7J1PO_6yKSWnHbZCs3mpe4EkYuX6d8izcdJxRb78S6OW5SIB
2025-10-04 10:13:18,981 - excel.graph_api - INFO - Retrieved 579 rows from Excel
2025-10-04 10:13:20,174 - excel.graph_api - INFO - Updating range A581:M583 with 3 new entries
2025-10-04 10:13:21,544 - excel.graph_api - INFO - Successfully added 3 new tournaments to Excel
2025-10-04 10:13:21,546 - root - INFO - Excel sheet updated successfully
2025-10-04 10:13:21,613 - scraper.selenium_scraper - INFO - Chrome driver closed
2025-10-04 10:13:21,613 - root - INFO - Selenium driver closed
2025-10-04 10:13:21,613 - root - INFO - Script execution completed
