2025-05-21 12:20:43,354 - root - INFO - Logger initialized successfully
2025-05-21 12:20:43,354 - root - INFO - Log file: /home/runner/work/super-player-auction-scraper/super-player-auction-scraper/logs/scraper_20250521_122043.log
2025-05-21 12:20:43,354 - root - INFO - Starting Super Player Auction scraper
2025-05-21 12:20:43,354 - utils.config - INFO - Credentials loaded successfully from environment variables
2025-05-21 12:20:43,355 - utils.config - INFO - Settings loaded successfully
2025-05-21 12:20:43,355 - root - INFO - Initializing Selenium scraper
2025-05-21 12:20:43,355 - scraper.selenium_scraper - INFO - Running in GitHub Actions environment
2025-05-21 12:20:45,217 - selenium.webdriver.common.selenium_manager - WARNING - The chromedriver version (136.0.7103.92) detected in PATH at /usr/bin/chromedriver might not be compatible with the detected chrome version (136.0.7103.92); currently, chromedriver 136.0.7103.94 is recommended for chrome 136.*, so it is advised to delete the driver in PATH and retry
2025-05-21 12:20:53,508 - scraper.selenium_scraper - INFO - Chrome driver initialized successfully
2025-05-21 12:20:53,508 - root - INFO - Scraping tournament data
2025-05-21 12:20:53,508 - scraper.selenium_scraper - INFO - Starting to scrape tournament data
2025-05-21 12:20:54,521 - scraper.selenium_scraper - INFO - Waiting for page to load...
2025-05-21 12:20:59,524 - scraper.selenium_scraper - INFO - Scrolling to load all auction cards...
2025-05-21 12:21:12,065 - scraper.selenium_scraper - INFO - Saved page screenshot to /home/runner/work/super-player-auction-scraper/super-player-auction-scraper/logs/screenshots/page_loaded_20250521122111.png
2025-05-21 12:21:12,065 - scraper.selenium_scraper - INFO - Looking for auction cards...
2025-05-21 12:21:12,093 - scraper.selenium_scraper - INFO - Found 20 auction cards
2025-05-21 12:21:12,814 - scraper.selenium_scraper - INFO - Scraped tournament 1: Hariprabodham Premier League
2025-05-21 12:21:13,505 - scraper.selenium_scraper - INFO - Scraped tournament 2: MARC Malappuram Premier league S2
2025-05-21 12:21:14,317 - scraper.selenium_scraper - INFO - Scraped tournament 3: ArjunDMUP
2025-05-21 12:21:15,009 - scraper.selenium_scraper - INFO - Scraped tournament 4: PALAKKAD CRICKET LEAGUE
2025-05-21 12:21:15,696 - scraper.selenium_scraper - INFO - Scraped tournament 5: EᒪITE ᑕᖇIᑕKET ᑕᕼᗩᗰᑭIOᑎᔕᕼIᑭ
2025-05-21 12:21:16,384 - scraper.selenium_scraper - INFO - Scraped tournament 6: Hariprabodham Parivar Cricket League
2025-05-21 12:21:17,076 - scraper.selenium_scraper - INFO - Scraped tournament 7: JSG Elite Multi-Sports
2025-05-21 12:21:17,775 - scraper.selenium_scraper - INFO - Scraped tournament 8: RJ54 CRICKET LEAGUE SEASON 2
2025-05-21 12:21:18,462 - scraper.selenium_scraper - INFO - Scraped tournament 9: APL 2025
2025-05-21 12:21:19,151 - scraper.selenium_scraper - INFO - Scraped tournament 10: PKPPL Season 06
2025-05-21 12:21:19,841 - scraper.selenium_scraper - INFO - Scraped tournament 11: MPL Mega Auction
2025-05-21 12:21:20,529 - scraper.selenium_scraper - INFO - Scraped tournament 12: Bhatgram Premier League
2025-05-21 12:21:21,225 - scraper.selenium_scraper - INFO - Scraped tournament 13: TITAN LEAGUE GRAND SEASON 3
2025-05-21 12:21:21,917 - scraper.selenium_scraper - INFO - Scraped tournament 14: SUPER LEAGUE
2025-05-21 12:21:22,609 - scraper.selenium_scraper - INFO - Scraped tournament 15: TITAN LEAGUE GRAND SEASON 3
2025-05-21 12:21:23,309 - scraper.selenium_scraper - INFO - Scraped tournament 16: Indian Premier League Auction 2025
2025-05-21 12:21:24,002 - scraper.selenium_scraper - INFO - Scraped tournament 17: Amar Ujala Premier League
2025-05-21 12:21:24,688 - scraper.selenium_scraper - INFO - Scraped tournament 18: Kakina Super League-2025
2025-05-21 12:21:25,377 - scraper.selenium_scraper - INFO - Scraped tournament 19: Hpl
2025-05-21 12:21:26,066 - scraper.selenium_scraper - INFO - Scraped tournament 20: FABLEAGUE PREMIER
2025-05-21 12:21:26,066 - root - INFO - Successfully scraped 20 tournaments
2025-05-21 12:21:26,067 - root - INFO - Saved scraped data to /home/runner/work/super-player-auction-scraper/super-player-auction-scraper/data/tournament_data_20250521-122126.json
2025-05-21 12:21:26,067 - root - INFO - Initializing Graph API
2025-05-21 12:21:26,068 - excel.graph_api - INFO - Extracted file ID: 9e836ed5-f58f-4dc7-a969-3c62b255f3ea
2025-05-21 12:21:26,068 - excel.graph_api - INFO - Extracted site ID: CorpDevaaf94619130d4a79af9f3aeae502bdb5
2025-05-21 12:21:26,068 - root - INFO - Authenticating with Microsoft Graph API
2025-05-21 12:21:26,273 - excel.graph_api - ERROR - Authentication failed: AADSTS7000215: Invalid client secret provided. Ensure the secret being sent in the request is the client secret value, not the client secret ID, for a secret added to app 'f45467f0-629b-4712-a029-cd1289854747'. Trace ID: b44b0461-c898-4deb-ac1c-0f109a5c9100 Correlation ID: 18e9b03b-dd8b-4344-8dd1-6463db038927 Timestamp: 2025-05-21 12:21:26Z
2025-05-21 12:21:26,273 - root - ERROR - Failed to authenticate with Microsoft Graph API
2025-05-21 12:21:26,345 - scraper.selenium_scraper - INFO - Chrome driver closed
2025-05-21 12:21:26,345 - root - INFO - Selenium driver closed
2025-05-21 12:21:26,345 - root - INFO - Script execution completed
