2025-11-18 15:15:21,491 - root - INFO - Logger initialized successfully
2025-11-18 15:15:21,492 - root - INFO - Log file: /home/runner/work/super-player-auction-scraper/super-player-auction-scraper/logs/scraper_20251118_151521.log
2025-11-18 15:15:21,492 - root - INFO - Starting Super Player Auction scraper
2025-11-18 15:15:21,492 - utils.config - INFO - Credentials loaded from environment variables
2025-11-18 15:15:21,492 - utils.config - INFO - Settings loaded successfully
2025-11-18 15:15:21,492 - root - INFO - Initializing Selenium scraper
2025-11-18 15:15:21,492 - scraper.selenium_scraper - INFO - Running in GitHub Actions environment
2025-11-18 15:15:26,552 - selenium.webdriver.common.selenium_manager - WARNING - The chromedriver version (142.0.7444.162) detected in PATH at /usr/bin/chromedriver might not be compatible with the detected chrome version (142.0.7444.162); currently, chromedriver 142.0.7444.175 is recommended for chrome 142.*, so it is advised to delete the driver in PATH and retry
2025-11-18 15:15:44,565 - scraper.selenium_scraper - INFO - Chrome driver initialized successfully
2025-11-18 15:15:44,565 - root - INFO - Scraping tournament data
2025-11-18 15:15:44,565 - scraper.selenium_scraper - INFO - Starting to scrape tournament data
2025-11-18 15:15:46,696 - scraper.selenium_scraper - INFO - Waiting for page to load...
2025-11-18 15:15:51,701 - scraper.selenium_scraper - INFO - Scrolling to load all auction cards...
2025-11-18 15:16:03,886 - scraper.selenium_scraper - INFO - Saved page screenshot to /home/runner/work/super-player-auction-scraper/super-player-auction-scraper/logs/screenshots/page_loaded_20251118151603.png
2025-11-18 15:16:03,886 - scraper.selenium_scraper - INFO - Looking for auction cards...
2025-11-18 15:16:03,967 - scraper.selenium_scraper - INFO - Found 20 auction cards
2025-11-18 15:16:04,685 - scraper.selenium_scraper - INFO - Scraped tournament 1: THOUCENTRIC BADMINTON CHAMPIONS 2026
2025-11-18 15:16:05,503 - scraper.selenium_scraper - INFO - Scraped tournament 2: BENARAS CLUB BASKETBALL TOURNAMENT
2025-11-18 15:16:06,188 - scraper.selenium_scraper - INFO - Scraped tournament 3: MWPL Season 2
2025-11-18 15:16:06,876 - scraper.selenium_scraper - INFO - Scraped tournament 4: MDPL 2025 Season 4
2025-11-18 15:16:07,560 - scraper.selenium_scraper - INFO - Scraped tournament 5: Trivandrum Premier League - 5
2025-11-18 15:16:08,250 - scraper.selenium_scraper - INFO - Scraped tournament 6: Sind Society Premier League 8.0
2025-11-18 15:16:08,933 - scraper.selenium_scraper - INFO - Scraped tournament 7: TenX Premier League - Season 3 (KIDS)
2025-11-18 15:16:09,618 - scraper.selenium_scraper - INFO - Scraped tournament 8: TNPL PREMIER LEAGUE SEASON 4
2025-11-18 15:16:10,305 - scraper.selenium_scraper - INFO - Scraped tournament 9: TenX Premier League - Season 3 (MENS 17+)
2025-11-18 15:16:10,988 - scraper.selenium_scraper - INFO - Scraped tournament 10: TenX Premier League - Season 3 (MENS 40+)
2025-11-18 15:16:11,672 - scraper.selenium_scraper - INFO - Scraped tournament 11: TenX Premier League - Season 3 (WOMENS 17+)
2025-11-18 15:16:12,362 - scraper.selenium_scraper - INFO - Scraped tournament 12: LEAGUE OF CHAMPIONS-1
2025-11-18 15:16:13,046 - scraper.selenium_scraper - INFO - Scraped tournament 13: Arjun DEMO
2025-11-18 15:16:13,730 - scraper.selenium_scraper - INFO - Scraped tournament 14: ABSA BUNTS CUP 4TH EDITION
2025-11-18 15:16:14,414 - scraper.selenium_scraper - INFO - Scraped tournament 15: Streamify Cup Silver Category
2025-11-18 15:16:15,097 - scraper.selenium_scraper - INFO - Scraped tournament 16: Streamify Cup Open Category
2025-11-18 15:16:15,786 - scraper.selenium_scraper - INFO - Scraped tournament 17: CCL 2.0 PREMIER LEAGUE SEASON 1
2025-11-18 15:16:16,469 - scraper.selenium_scraper - INFO - Scraped tournament 18: Bhatkal Premier League - 2026
2025-11-18 15:16:17,153 - scraper.selenium_scraper - INFO - Scraped tournament 19: Sindhi Premier League 6.0
2025-11-18 15:16:17,845 - scraper.selenium_scraper - INFO - Scraped tournament 20: Delta Football League
2025-11-18 15:16:17,845 - root - INFO - Successfully scraped 20 tournaments
2025-11-18 15:16:17,845 - root - INFO - Saved scraped data to /home/runner/work/super-player-auction-scraper/super-player-auction-scraper/data/tournament_data_20251118-151617.json
2025-11-18 15:16:17,846 - root - INFO - Initializing Graph API
2025-11-18 15:16:17,846 - excel.graph_api - INFO - Extracted file ID: 9e836ed5-f58f-4dc7-a969-3c62b255f3ea
2025-11-18 15:16:17,846 - excel.graph_api - INFO - Extracted site ID: CorpDevaaf94619130d4a79af9f3aeae502bdb5
2025-11-18 15:16:17,846 - root - INFO - Authenticating with Microsoft Graph API
2025-11-18 15:16:18,096 - excel.graph_api - ERROR - Authentication failed: AADSTS7000222: The provided client secret keys for app 'f45467f0-629b-4712-a029-cd1289854747' are expired. Visit the Azure portal to create new keys for your app: https://aka.ms/NewClientSecret, or consider using certificate credentials for added security: https://aka.ms/certCreds. Trace ID: 77aac3ee-b2cb-4d5f-8864-5c6d54267a00 Correlation ID: 98ed5ff4-b115-4418-9899-b6c751fd07c2 Timestamp: 2025-11-18 15:16:18Z
2025-11-18 15:16:18,096 - root - ERROR - Failed to authenticate with Microsoft Graph API
2025-11-18 15:16:18,163 - scraper.selenium_scraper - INFO - Chrome driver closed
2025-11-18 15:16:18,163 - root - INFO - Selenium driver closed
2025-11-18 15:16:18,163 - root - INFO - Script execution completed
