2025-11-05 15:14:35,850 - root - INFO - Logger initialized successfully
2025-11-05 15:14:35,850 - root - INFO - Log file: /home/runner/work/super-player-auction-scraper/super-player-auction-scraper/logs/scraper_20251105_151435.log
2025-11-05 15:14:35,850 - root - INFO - Starting Super Player Auction scraper
2025-11-05 15:14:35,850 - utils.config - INFO - Credentials loaded from environment variables
2025-11-05 15:14:35,850 - utils.config - INFO - Settings loaded successfully
2025-11-05 15:14:35,850 - root - INFO - Initializing Selenium scraper
2025-11-05 15:14:35,850 - scraper.selenium_scraper - INFO - Running in GitHub Actions environment
2025-11-05 15:14:59,418 - scraper.selenium_scraper - INFO - Chrome driver initialized successfully
2025-11-05 15:14:59,418 - root - INFO - Scraping tournament data
2025-11-05 15:14:59,418 - scraper.selenium_scraper - INFO - Starting to scrape tournament data
2025-11-05 15:15:00,856 - scraper.selenium_scraper - INFO - Waiting for page to load...
2025-11-05 15:15:05,861 - scraper.selenium_scraper - INFO - Scrolling to load all auction cards...
2025-11-05 15:15:18,004 - scraper.selenium_scraper - INFO - Saved page screenshot to /home/runner/work/super-player-auction-scraper/super-player-auction-scraper/logs/screenshots/page_loaded_20251105151517.png
2025-11-05 15:15:18,004 - scraper.selenium_scraper - INFO - Looking for auction cards...
2025-11-05 15:15:18,076 - scraper.selenium_scraper - INFO - Found 20 auction cards
2025-11-05 15:15:18,840 - scraper.selenium_scraper - INFO - Scraped tournament 1: SUR PREMIER LEAGUE SEASON - 3
2025-11-05 15:15:19,696 - scraper.selenium_scraper - INFO - Scraped tournament 2: Alpha Grep Sports League 2025 Bangalore
2025-11-05 15:15:20,383 - scraper.selenium_scraper - INFO - Scraped tournament 3: KATEEL PREMIER LEAGUE 2025
2025-11-05 15:15:21,072 - scraper.selenium_scraper - INFO - Scraped tournament 4: DEORI PREMIER LEAGUE
2025-11-05 15:15:21,758 - scraper.selenium_scraper - INFO - Scraped tournament 5: The Yellow Elephant Interiors SPL S2
2025-11-05 15:15:22,447 - scraper.selenium_scraper - INFO - Scraped tournament 6: FCC Champions League-8
2025-11-05 15:15:23,139 - scraper.selenium_scraper - INFO - Scraped tournament 7: नीमच क्रिकेट लीग 2025
2025-11-05 15:15:23,822 - scraper.selenium_scraper - INFO - Scraped tournament 8: ICCPL Men's Auction 2025
2025-11-05 15:15:24,508 - scraper.selenium_scraper - INFO - Scraped tournament 9: ICCPL Women's Auction 2025
2025-11-05 15:15:25,196 - scraper.selenium_scraper - INFO - Scraped tournament 10: Arjun DEMO
2025-11-05 15:15:25,887 - scraper.selenium_scraper - INFO - Scraped tournament 11: ABSA BUNTS CUP 4TH EDITION
2025-11-05 15:15:26,571 - scraper.selenium_scraper - INFO - Scraped tournament 12: Jain Champions League
2025-11-05 15:15:27,260 - scraper.selenium_scraper - INFO - Scraped tournament 13: K P L SESSION 1
2025-11-05 15:15:27,944 - scraper.selenium_scraper - INFO - Scraped tournament 14: SHINE BADMINTON LEAGUE
2025-11-05 15:15:28,627 - scraper.selenium_scraper - INFO - Scraped tournament 15: BARAMATI CUP 2025 SEASON - 03
2025-11-05 15:15:29,313 - scraper.selenium_scraper - INFO - Scraped tournament 16: NUTRAJ Premier League
2025-11-05 15:15:30,076 - scraper.selenium_scraper - INFO - Scraped tournament 17: VANJARI PREMIER LEAGUE 2025 "SEASON 4"
2025-11-05 15:15:30,759 - scraper.selenium_scraper - INFO - Scraped tournament 18: BHANDARI PREMIER LEAGUE 2026
2025-11-05 15:15:31,454 - scraper.selenium_scraper - INFO - Scraped tournament 19: VICTORIOUS PREMIER LEAGUE
2025-11-05 15:15:32,141 - scraper.selenium_scraper - INFO - Scraped tournament 20: Vakharia Cup 2026
2025-11-05 15:15:32,141 - root - INFO - Successfully scraped 20 tournaments
2025-11-05 15:15:32,142 - root - INFO - Saved scraped data to /home/runner/work/super-player-auction-scraper/super-player-auction-scraper/data/tournament_data_20251105-151532.json
2025-11-05 15:15:32,142 - root - INFO - Initializing Graph API
2025-11-05 15:15:32,142 - excel.graph_api - INFO - Extracted file ID: 9e836ed5-f58f-4dc7-a969-3c62b255f3ea
2025-11-05 15:15:32,142 - excel.graph_api - INFO - Extracted site ID: CorpDevaaf94619130d4a79af9f3aeae502bdb5
2025-11-05 15:15:32,142 - root - INFO - Authenticating with Microsoft Graph API
2025-11-05 15:15:32,317 - excel.graph_api - INFO - Authentication successful
2025-11-05 15:15:32,317 - root - INFO - Updating Excel sheet with scraped data
2025-11-05 15:15:32,839 - excel.graph_api - INFO - Retrieved drive ID: b!MXUqfmBgAkyqAi_g7J1PO_6yKSWnHbZCs3mpe4EkYuX6d8izcdJxRb78S6OW5SIB
2025-11-05 15:15:34,416 - excel.graph_api - INFO - Retrieved 710 rows from Excel
2025-11-05 15:15:35,581 - excel.graph_api - INFO - Updating range A712:M714 with 3 new entries
2025-11-05 15:15:36,993 - excel.graph_api - INFO - Successfully added 3 new tournaments to Excel
2025-11-05 15:15:36,995 - root - INFO - Excel sheet updated successfully
2025-11-05 15:15:37,063 - scraper.selenium_scraper - INFO - Chrome driver closed
2025-11-05 15:15:37,063 - root - INFO - Selenium driver closed
2025-11-05 15:15:37,063 - root - INFO - Script execution completed
