2025-08-03 10:14:25,508 - root - INFO - Logger initialized successfully
2025-08-03 10:14:25,508 - root - INFO - Log file: /home/runner/work/super-player-auction-scraper/super-player-auction-scraper/logs/scraper_20250803_101425.log
2025-08-03 10:14:25,508 - root - INFO - Starting Super Player Auction scraper
2025-08-03 10:14:25,508 - utils.config - INFO - Credentials loaded from environment variables
2025-08-03 10:14:25,508 - utils.config - INFO - Settings loaded successfully
2025-08-03 10:14:25,508 - root - INFO - Initializing Selenium scraper
2025-08-03 10:14:25,508 - scraper.selenium_scraper - INFO - Running in GitHub Actions environment
2025-08-03 10:14:25,843 - selenium.webdriver.common.selenium_manager - WARNING - The chromedriver version (138.0.7204.168) detected in PATH at /usr/bin/chromedriver might not be compatible with the detected chrome version (138.0.7204.168); currently, chromedriver 138.0.7204.183 is recommended for chrome 138.*, so it is advised to delete the driver in PATH and retry
2025-08-03 10:14:30,791 - scraper.selenium_scraper - INFO - Chrome driver initialized successfully
2025-08-03 10:14:30,791 - root - INFO - Scraping tournament data
2025-08-03 10:14:30,792 - scraper.selenium_scraper - INFO - Starting to scrape tournament data
2025-08-03 10:14:33,890 - scraper.selenium_scraper - INFO - Waiting for page to load...
2025-08-03 10:14:38,895 - scraper.selenium_scraper - INFO - Scrolling to load all auction cards...
2025-08-03 10:14:51,038 - scraper.selenium_scraper - INFO - Saved page screenshot to /home/runner/work/super-player-auction-scraper/super-player-auction-scraper/logs/screenshots/page_loaded_20250803101450.png
2025-08-03 10:14:51,038 - scraper.selenium_scraper - INFO - Looking for auction cards...
2025-08-03 10:14:51,066 - scraper.selenium_scraper - INFO - Found 20 auction cards
2025-08-03 10:14:51,781 - scraper.selenium_scraper - INFO - Scraped tournament 1: CMA ALUMNI CRICKET LEAGUE-4
2025-08-03 10:14:52,521 - scraper.selenium_scraper - INFO - Scraped tournament 2: NPL Series 2
2025-08-03 10:14:53,252 - scraper.selenium_scraper - INFO - Scraped tournament 3: UNITY CUP Series Season 2 (2025-26)
2025-08-03 10:14:53,946 - scraper.selenium_scraper - INFO - Scraped tournament 4: ArjunDMUP
2025-08-03 10:14:54,634 - scraper.selenium_scraper - INFO - Scraped tournament 5: Canvas Warriors Cricket Carnival (CWCC),Season 1,2025
2025-08-03 10:14:55,331 - scraper.selenium_scraper - INFO - Scraped tournament 6: BPL SEASON 3
2025-08-03 10:14:56,032 - scraper.selenium_scraper - INFO - Scraped tournament 7: MAYUR CUP 2025 SEASON 3
2025-08-03 10:14:56,719 - scraper.selenium_scraper - INFO - Scraped tournament 8: CNN Riyad Season 1
2025-08-03 10:14:57,426 - scraper.selenium_scraper - INFO - Scraped tournament 9: Tekri Premier League
2025-08-03 10:14:58,116 - scraper.selenium_scraper - INFO - Scraped tournament 10: SANDALWOOD PREMIER LEAGUE
2025-08-03 10:14:58,815 - scraper.selenium_scraper - INFO - Scraped tournament 11: RAJANA CUP , RAJALDESAR 2025
2025-08-03 10:14:59,502 - scraper.selenium_scraper - INFO - Scraped tournament 12: SPORTS CORNER LEAGUE (SEASON-2)
2025-08-03 10:15:00,192 - scraper.selenium_scraper - INFO - Scraped tournament 13: Aanjana premier League Sardarpura (Rana)
2025-08-03 10:15:00,883 - scraper.selenium_scraper - INFO - Scraped tournament 14: Karnataka Rajatha Cup 2025
2025-08-03 10:15:01,572 - scraper.selenium_scraper - INFO - Scraped tournament 15: KASROD PREMIER LEAGUE FOOTBALL TOURNAMENT "2025" SEASON - 1
2025-08-03 10:15:02,263 - scraper.selenium_scraper - INFO - Scraped tournament 16: Petlurivaripalm Premier League Season -1
2025-08-03 10:15:02,956 - scraper.selenium_scraper - INFO - Scraped tournament 17: Dholi Samaj Premiere League Sisseion-2
2025-08-03 10:15:03,643 - scraper.selenium_scraper - INFO - Scraped tournament 18: SNUPL
2025-08-03 10:15:04,330 - scraper.selenium_scraper - INFO - Scraped tournament 19: KPL 12
2025-08-03 10:15:05,057 - scraper.selenium_scraper - INFO - Scraped tournament 20: SNUPL
2025-08-03 10:15:05,057 - root - INFO - Successfully scraped 20 tournaments
2025-08-03 10:15:05,058 - root - INFO - Saved scraped data to /home/runner/work/super-player-auction-scraper/super-player-auction-scraper/data/tournament_data_20250803-101505.json
2025-08-03 10:15:05,058 - root - INFO - Initializing Graph API
2025-08-03 10:15:05,059 - excel.graph_api - INFO - Extracted file ID: 9e836ed5-f58f-4dc7-a969-3c62b255f3ea
2025-08-03 10:15:05,059 - excel.graph_api - INFO - Extracted site ID: CorpDevaaf94619130d4a79af9f3aeae502bdb5
2025-08-03 10:15:05,059 - root - INFO - Authenticating with Microsoft Graph API
2025-08-03 10:15:05,271 - excel.graph_api - INFO - Authentication successful
2025-08-03 10:15:05,272 - root - INFO - Updating Excel sheet with scraped data
2025-08-03 10:15:06,460 - excel.graph_api - INFO - Retrieved drive ID: b!MXUqfmBgAkyqAi_g7J1PO_6yKSWnHbZCs3mpe4EkYuX6d8izcdJxRb78S6OW5SIB
2025-08-03 10:15:07,628 - excel.graph_api - INFO - Retrieved 355 rows from Excel
2025-08-03 10:15:08,293 - excel.graph_api - INFO - No new tournaments to add
2025-08-03 10:15:08,295 - root - INFO - Excel sheet updated successfully
2025-08-03 10:15:08,362 - scraper.selenium_scraper - INFO - Chrome driver closed
2025-08-03 10:15:08,362 - root - INFO - Selenium driver closed
2025-08-03 10:15:08,362 - root - INFO - Script execution completed
