2026-02-08 10:19:55,062 - root - INFO - Logger initialized successfully
2026-02-08 10:19:55,062 - root - INFO - Log file: /home/runner/work/super-player-auction-scraper/super-player-auction-scraper/logs/scraper_20260208_101955.log
2026-02-08 10:19:55,062 - root - INFO - Starting Super Player Auction scraper
2026-02-08 10:19:55,062 - utils.config - INFO - Credentials loaded from environment variables
2026-02-08 10:19:55,062 - utils.config - INFO - Settings loaded successfully
2026-02-08 10:19:55,062 - root - INFO - Initializing Selenium scraper
2026-02-08 10:19:55,062 - scraper.selenium_scraper - INFO - Running in GitHub Actions environment
2026-02-08 10:19:56,792 - selenium.webdriver.common.selenium_manager - WARNING - The chromedriver version (144.0.7559.109) detected in PATH at /usr/bin/chromedriver might not be compatible with the detected chrome version (144.0.7559.109); currently, chromedriver 144.0.7559.133 is recommended for chrome 144.*, so it is advised to delete the driver in PATH and retry
2026-02-08 10:20:02,164 - scraper.selenium_scraper - INFO - Chrome driver initialized successfully
2026-02-08 10:20:02,164 - root - INFO - Scraping tournament data
2026-02-08 10:20:02,164 - scraper.selenium_scraper - INFO - Starting to scrape tournament data
2026-02-08 10:20:03,112 - scraper.selenium_scraper - INFO - Waiting for page to load...
2026-02-08 10:20:08,118 - scraper.selenium_scraper - INFO - Scrolling to load all auction cards...
2026-02-08 10:20:20,279 - scraper.selenium_scraper - INFO - Saved page screenshot to /home/runner/work/super-player-auction-scraper/super-player-auction-scraper/logs/screenshots/page_loaded_20260208102020.png
2026-02-08 10:20:20,280 - scraper.selenium_scraper - INFO - Looking for auction cards...
2026-02-08 10:20:20,303 - scraper.selenium_scraper - INFO - Found 20 auction cards
2026-02-08 10:20:21,024 - scraper.selenium_scraper - INFO - Scraped tournament 1: VISTA PREMIER LEAGUE SEASON 2
2026-02-08 10:20:21,762 - scraper.selenium_scraper - INFO - Scraped tournament 2: Bhaskar premier league season 9
2026-02-08 10:20:22,453 - scraper.selenium_scraper - INFO - Scraped tournament 3: TNPL SEASON 2
2026-02-08 10:20:23,141 - scraper.selenium_scraper - INFO - Scraped tournament 4: Calicut premier league Qatar
2026-02-08 10:20:23,832 - scraper.selenium_scraper - INFO - Scraped tournament 5: Slough Family League
2026-02-08 10:20:24,528 - scraper.selenium_scraper - INFO - Scraped tournament 6: SUBIC SRILANKAN PREMIER LEAGUE - SEASON 4 - 2026
2026-02-08 10:20:25,217 - scraper.selenium_scraper - INFO - Scraped tournament 7: PH2 Cricket League
2026-02-08 10:20:25,907 - scraper.selenium_scraper - INFO - Scraped tournament 8: SRPL 2026
2026-02-08 10:20:26,594 - scraper.selenium_scraper - INFO - Scraped tournament 9: Hind Sporting Premier League
2026-02-08 10:20:27,282 - scraper.selenium_scraper - INFO - Scraped tournament 10: RELIANCE SPL 2026
2026-02-08 10:20:27,975 - scraper.selenium_scraper - INFO - Scraped tournament 11: MCPL 2026
2026-02-08 10:20:28,663 - scraper.selenium_scraper - INFO - Scraped tournament 12: SIKAR PREMIER LEAGUE 2025
2026-02-08 10:20:29,349 - scraper.selenium_scraper - INFO - Scraped tournament 13: SUPER FOOTBALL CHAMPIONSHIP
2026-02-08 10:20:30,039 - scraper.selenium_scraper - INFO - Scraped tournament 14: Variya Prajapat Premier League
2026-02-08 10:20:30,725 - scraper.selenium_scraper - INFO - Scraped tournament 15: Valmiki Premier League
2026-02-08 10:20:31,413 - scraper.selenium_scraper - INFO - Scraped tournament 16: Sunday TPL 2026
2026-02-08 10:20:32,103 - scraper.selenium_scraper - INFO - Scraped tournament 17: QIFF EASAKA MEMORIAL 7S FOOTBALL TOURNAMENT
2026-02-08 10:20:32,789 - scraper.selenium_scraper - INFO - Scraped tournament 18: JPL Season - 1st
2026-02-08 10:20:33,474 - scraper.selenium_scraper - INFO - Scraped tournament 19: PATRAPALI PREMIUM LEAGUE
2026-02-08 10:20:34,170 - scraper.selenium_scraper - INFO - Scraped tournament 20: KASROTTAR FOOTBALL
2026-02-08 10:20:34,170 - root - INFO - Successfully scraped 20 tournaments
2026-02-08 10:20:34,171 - root - INFO - Saved scraped data to /home/runner/work/super-player-auction-scraper/super-player-auction-scraper/data/tournament_data_20260208-102034.json
2026-02-08 10:20:34,171 - root - INFO - Initializing Graph API
2026-02-08 10:20:34,171 - excel.graph_api - INFO - Extracted file ID: 9e836ed5-f58f-4dc7-a969-3c62b255f3ea
2026-02-08 10:20:34,171 - excel.graph_api - INFO - Extracted site ID: CorpDevaaf94619130d4a79af9f3aeae502bdb5
2026-02-08 10:20:34,171 - root - INFO - Authenticating with Microsoft Graph API
2026-02-08 10:20:34,552 - excel.graph_api - INFO - Authentication successful
2026-02-08 10:20:34,552 - root - INFO - Updating Excel sheet with scraped data
2026-02-08 10:20:35,329 - excel.graph_api - INFO - Retrieved drive ID: b!MXUqfmBgAkyqAi_g7J1PO_6yKSWnHbZCs3mpe4EkYuX6d8izcdJxRb78S6OW5SIB
2026-02-08 10:20:36,615 - excel.graph_api - INFO - Retrieved 1196 rows from Excel
2026-02-08 10:20:37,440 - excel.graph_api - INFO - Updating range A1198:M1203 with 6 new entries
2026-02-08 10:20:38,315 - excel.graph_api - INFO - Successfully added 6 new tournaments to Excel
2026-02-08 10:20:38,317 - root - INFO - Excel sheet updated successfully
2026-02-08 10:20:38,393 - scraper.selenium_scraper - INFO - Chrome driver closed
2026-02-08 10:20:38,393 - root - INFO - Selenium driver closed
2026-02-08 10:20:38,393 - root - INFO - Script execution completed
