2025-05-20 14:34:05,431 - root - INFO - Logger initialized successfully
2025-05-20 14:34:05,431 - root - INFO - Log file: C:\Users\darsh\OneDrive\Desktop\Selenium testing\chromedriver-win64 (1)\chromedriver-win64\super-player-auction-scraper\logs\scraper_20250520_143405.log
2025-05-20 14:34:05,431 - root - INFO - Starting Super Player Auction scraper
2025-05-20 14:34:05,431 - utils.config - INFO - Using credentials from alternate path: c:\Users\darsh\OneDrive\Desktop\Selenium testing\chromedriver-win64 (1)\chromedriver-win64\Scapper_superplayer\id.txt
2025-05-20 14:34:05,442 - utils.config - INFO - Credentials loaded successfully
2025-05-20 14:34:05,442 - utils.config - INFO - Settings loaded successfully
2025-05-20 14:34:05,442 - root - INFO - Initializing Selenium scraper
2025-05-20 14:34:05,444 - WDM - INFO - ====== WebDriver manager ======
2025-05-20 14:34:06,563 - WDM - INFO - Get LATEST chromedriver version for google-chrome
2025-05-20 14:34:06,843 - WDM - INFO - Get LATEST chromedriver version for google-chrome
2025-05-20 14:34:07,069 - WDM - INFO - Driver [C:\Users\darsh\.wdm\drivers\chromedriver\win64\136.0.7103.94\chromedriver-win32/chromedriver.exe] found in cache
2025-05-20 14:34:08,292 - scraper.selenium_scraper - INFO - Chrome driver initialized successfully
2025-05-20 14:34:08,292 - root - INFO - Scraping tournament data
2025-05-20 14:34:08,293 - scraper.selenium_scraper - INFO - Starting to scrape tournament data
2025-05-20 14:34:11,426 - scraper.selenium_scraper - INFO - Waiting for page to load...
2025-05-20 14:34:16,433 - scraper.selenium_scraper - INFO - Scrolling to load all auction cards...
2025-05-20 14:34:29,092 - scraper.selenium_scraper - INFO - Saved page screenshot to C:\Users\darsh\OneDrive\Desktop\Selenium testing\chromedriver-win64 (1)\chromedriver-win64\super-player-auction-scraper\logs\screenshots\page_loaded_20250520143428.png
2025-05-20 14:34:29,092 - scraper.selenium_scraper - INFO - Looking for auction cards...
2025-05-20 14:34:29,121 - scraper.selenium_scraper - INFO - Found 20 auction cards
2025-05-20 14:34:29,824 - scraper.selenium_scraper - INFO - Scraped tournament 1: Hariprabodham Premier League
2025-05-20 14:34:30,511 - scraper.selenium_scraper - INFO - Scraped tournament 2: MARC Malappuram Premier league S2
2025-05-20 14:34:31,255 - scraper.selenium_scraper - INFO - Scraped tournament 3: ArjunDMUP
2025-05-20 14:34:31,983 - scraper.selenium_scraper - INFO - Scraped tournament 4: PALAKKAD CRICKET LEAGUE
2025-05-20 14:34:32,656 - scraper.selenium_scraper - INFO - Scraped tournament 5: Elite Cricket Championship
2025-05-20 14:34:33,345 - scraper.selenium_scraper - INFO - Scraped tournament 6: Hariprabodham Parivar Cricket League
2025-05-20 14:34:34,020 - scraper.selenium_scraper - INFO - Scraped tournament 7: RJ54 CRICKET LEAGUE SEASON 2
2025-05-20 14:34:34,683 - scraper.selenium_scraper - INFO - Scraped tournament 8: PKPPL Season 06
2025-05-20 14:34:35,344 - scraper.selenium_scraper - INFO - Scraped tournament 9: Naresh Cup
2025-05-20 14:34:36,001 - scraper.selenium_scraper - INFO - Scraped tournament 10: TAGARAPUVALASA PREMIER LEAGUE
2025-05-20 14:34:36,691 - scraper.selenium_scraper - INFO - Scraped tournament 11: Bhatgram Premier League
2025-05-20 14:34:37,377 - scraper.selenium_scraper - INFO - Scraped tournament 12: TITAN LEAGUE GRAND SEASON 3
2025-05-20 14:34:38,057 - scraper.selenium_scraper - INFO - Scraped tournament 13: SUPER LEAGUE
2025-05-20 14:34:38,719 - scraper.selenium_scraper - INFO - Scraped tournament 14: TITAN LEAGUE GRAND SEASON 3
2025-05-20 14:34:39,403 - scraper.selenium_scraper - INFO - Scraped tournament 15: Indian Premier League Auction 2025
2025-05-20 14:34:40,082 - scraper.selenium_scraper - INFO - Scraped tournament 16: Kakina Super League-2025
2025-05-20 14:34:40,753 - scraper.selenium_scraper - INFO - Scraped tournament 17: Amar Ujala Premier League
2025-05-20 14:34:41,409 - scraper.selenium_scraper - INFO - Scraped tournament 18: Hpl
2025-05-20 14:34:42,081 - scraper.selenium_scraper - INFO - Scraped tournament 19: FABLEAGUE PREMIER
2025-05-20 14:34:42,745 - scraper.selenium_scraper - INFO - Scraped tournament 20: dt test
2025-05-20 14:34:42,747 - root - INFO - Successfully scraped 20 tournaments
2025-05-20 14:34:42,748 - root - INFO - Saved scraped data to C:\Users\darsh\OneDrive\Desktop\Selenium testing\chromedriver-win64 (1)\chromedriver-win64\super-player-auction-scraper\data\tournament_data_20250520-143442.json
2025-05-20 14:34:42,748 - root - INFO - Initializing Graph API
2025-05-20 14:34:42,748 - excel.graph_api - INFO - Extracted file ID: 9e836ed5-f58f-4dc7-a969-3c62b255f3ea
2025-05-20 14:34:42,748 - excel.graph_api - INFO - Extracted site ID: CorpDevaaf94619130d4a79af9f3aeae502bdb5
2025-05-20 14:34:42,748 - root - INFO - Authenticating with Microsoft Graph API
2025-05-20 14:34:44,009 - excel.graph_api - INFO - Authentication successful
2025-05-20 14:34:44,009 - root - INFO - Updating Excel sheet with scraped data
2025-05-20 14:34:44,769 - excel.graph_api - INFO - Retrieved drive ID: b!MXUqfmBgAkyqAi_g7J1PO_6yKSWnHbZCs3mpe4EkYuX6d8izcdJxRb78S6OW5SIB
2025-05-20 14:34:48,774 - excel.graph_api - INFO - Retrieved 164 rows from Excel
2025-05-20 14:34:51,856 - excel.graph_api - INFO - Updating range A166:L184 with 19 new entries
2025-05-20 14:34:55,384 - excel.graph_api - INFO - Successfully added 19 new tournaments to Excel
2025-05-20 14:34:55,384 - root - INFO - Excel sheet updated successfully
2025-05-20 14:34:57,711 - scraper.selenium_scraper - INFO - Chrome driver closed
2025-05-20 14:34:57,711 - root - INFO - Selenium driver closed
2025-05-20 14:34:57,711 - root - INFO - Script execution completed
