2026-02-03 15:41:28,464 - root - INFO - Logger initialized successfully
2026-02-03 15:41:28,464 - root - INFO - Log file: /home/runner/work/super-player-auction-scraper/super-player-auction-scraper/logs/scraper_20260203_154128.log
2026-02-03 15:41:28,464 - root - INFO - Starting Super Player Auction scraper
2026-02-03 15:41:28,464 - utils.config - INFO - Credentials loaded from environment variables
2026-02-03 15:41:28,464 - utils.config - INFO - Settings loaded successfully
2026-02-03 15:41:28,464 - root - INFO - Initializing Selenium scraper
2026-02-03 15:41:28,464 - scraper.selenium_scraper - INFO - Running in GitHub Actions environment
2026-02-03 15:41:30,536 - selenium.webdriver.common.selenium_manager - WARNING - The chromedriver version (144.0.7559.96) detected in PATH at /usr/bin/chromedriver might not be compatible with the detected chrome version (144.0.7559.96); currently, chromedriver 144.0.7559.109 is recommended for chrome 144.*, so it is advised to delete the driver in PATH and retry
2026-02-03 15:41:39,169 - scraper.selenium_scraper - INFO - Chrome driver initialized successfully
2026-02-03 15:41:39,170 - root - INFO - Scraping tournament data
2026-02-03 15:41:39,170 - scraper.selenium_scraper - INFO - Starting to scrape tournament data
2026-02-03 15:41:41,194 - scraper.selenium_scraper - INFO - Waiting for page to load...
2026-02-03 15:41:46,199 - scraper.selenium_scraper - INFO - Scrolling to load all auction cards...
2026-02-03 15:41:58,329 - scraper.selenium_scraper - INFO - Saved page screenshot to /home/runner/work/super-player-auction-scraper/super-player-auction-scraper/logs/screenshots/page_loaded_20260203154158.png
2026-02-03 15:41:58,329 - scraper.selenium_scraper - INFO - Looking for auction cards...
2026-02-03 15:41:58,355 - scraper.selenium_scraper - INFO - Found 20 auction cards
2026-02-03 15:41:59,089 - scraper.selenium_scraper - INFO - Scraped tournament 1: PGCL 2.O
2026-02-03 15:41:59,850 - scraper.selenium_scraper - INFO - Scraped tournament 2: TPL 2026
2026-02-03 15:42:00,546 - scraper.selenium_scraper - INFO - Scraped tournament 3: Calicut premier league Qatar
2026-02-03 15:42:01,238 - scraper.selenium_scraper - INFO - Scraped tournament 4: Slough Family League
2026-02-03 15:42:01,939 - scraper.selenium_scraper - INFO - Scraped tournament 5: SUBIC SRILANKAN PREMIER LEAGUE - SEASON 4 - 2026
2026-02-03 15:42:02,634 - scraper.selenium_scraper - INFO - Scraped tournament 6: Hind Sporting Premier League
2026-02-03 15:42:03,337 - scraper.selenium_scraper - INFO - Scraped tournament 7: MCPL 2026
2026-02-03 15:42:04,027 - scraper.selenium_scraper - INFO - Scraped tournament 8: SIKAR PREMIER LEAGUE 2025
2026-02-03 15:42:04,720 - scraper.selenium_scraper - INFO - Scraped tournament 9: SUPER FOOTBALL CHAMPIONSHIP
2026-02-03 15:42:05,426 - scraper.selenium_scraper - INFO - Scraped tournament 10: BALAR PARIVAR PREMIER LEAGUE 2.0
2026-02-03 15:42:06,119 - scraper.selenium_scraper - INFO - Scraped tournament 11: Mundhwa Goan Premier League (MGPL) - 2026
2026-02-03 15:42:06,811 - scraper.selenium_scraper - INFO - Scraped tournament 12: Sspl
2026-02-03 15:42:07,503 - scraper.selenium_scraper - INFO - Scraped tournament 13: Goichi League 2026
2026-02-03 15:42:08,207 - scraper.selenium_scraper - INFO - Scraped tournament 14: MYM 5.0 CRICKET TOURNAMENT Sponsored By HANUMANTA FOODS
2026-02-03 15:42:08,904 - scraper.selenium_scraper - INFO - Scraped tournament 15: QIFF EASAKA MEMORIAL 7S FOOTBALL TOURNAMENT
2026-02-03 15:42:09,601 - scraper.selenium_scraper - INFO - Scraped tournament 16: Skyhawks Premier League - 3
2026-02-03 15:42:10,300 - scraper.selenium_scraper - INFO - Scraped tournament 17: CDS Doctor Cricket League 2026 Season - 2
2026-02-03 15:42:11,000 - scraper.selenium_scraper - INFO - Scraped tournament 18: Calicut Premier League
2026-02-03 15:42:11,691 - scraper.selenium_scraper - INFO - Scraped tournament 19: BHILAI STEEL PLANT PREMIER LEAGUE
2026-02-03 15:42:12,382 - scraper.selenium_scraper - INFO - Scraped tournament 20: KPCJAA SPORTS LEAGUE 2026
2026-02-03 15:42:12,383 - root - INFO - Successfully scraped 20 tournaments
2026-02-03 15:42:12,383 - root - INFO - Saved scraped data to /home/runner/work/super-player-auction-scraper/super-player-auction-scraper/data/tournament_data_20260203-154212.json
2026-02-03 15:42:12,383 - root - INFO - Initializing Graph API
2026-02-03 15:42:12,383 - excel.graph_api - INFO - Extracted file ID: 9e836ed5-f58f-4dc7-a969-3c62b255f3ea
2026-02-03 15:42:12,383 - excel.graph_api - INFO - Extracted site ID: CorpDevaaf94619130d4a79af9f3aeae502bdb5
2026-02-03 15:42:12,383 - root - INFO - Authenticating with Microsoft Graph API
2026-02-03 15:42:12,730 - excel.graph_api - INFO - Authentication successful
2026-02-03 15:42:12,730 - root - INFO - Updating Excel sheet with scraped data
2026-02-03 15:42:13,577 - excel.graph_api - INFO - Retrieved drive ID: b!MXUqfmBgAkyqAi_g7J1PO_6yKSWnHbZCs3mpe4EkYuX6d8izcdJxRb78S6OW5SIB
2026-02-03 15:42:15,695 - excel.graph_api - INFO - Retrieved 1176 rows from Excel
2026-02-03 15:42:16,456 - excel.graph_api - INFO - Updating range A1178:M1179 with 2 new entries
2026-02-03 15:42:17,507 - excel.graph_api - INFO - Successfully added 2 new tournaments to Excel
2026-02-03 15:42:17,508 - root - INFO - Excel sheet updated successfully
2026-02-03 15:42:17,587 - scraper.selenium_scraper - INFO - Chrome driver closed
2026-02-03 15:42:17,587 - root - INFO - Selenium driver closed
2026-02-03 15:42:17,587 - root - INFO - Script execution completed
