2025-06-12 10:46:51,591 - root - INFO - Logger initialized successfully
2025-06-12 10:46:51,591 - root - INFO - Log file: /home/runner/work/super-player-auction-scraper/super-player-auction-scraper/logs/scraper_20250612_104651.log
2025-06-12 10:46:51,591 - root - INFO - Starting Super Player Auction scraper
2025-06-12 10:46:51,591 - utils.config - INFO - Credentials loaded from environment variables
2025-06-12 10:46:51,591 - utils.config - INFO - Settings loaded successfully
2025-06-12 10:46:51,591 - root - INFO - Initializing Selenium scraper
2025-06-12 10:46:51,591 - scraper.selenium_scraper - INFO - Running in GitHub Actions environment
2025-06-12 10:46:54,419 - selenium.webdriver.common.selenium_manager - WARNING - The chromedriver version (137.0.7151.68) detected in PATH at /usr/bin/chromedriver might not be compatible with the detected chrome version (137.0.7151.68); currently, chromedriver 137.0.7151.70 is recommended for chrome 137.*, so it is advised to delete the driver in PATH and retry
2025-06-12 10:47:04,607 - scraper.selenium_scraper - INFO - Chrome driver initialized successfully
2025-06-12 10:47:04,608 - root - INFO - Scraping tournament data
2025-06-12 10:47:04,608 - scraper.selenium_scraper - INFO - Starting to scrape tournament data
2025-06-12 10:47:05,447 - scraper.selenium_scraper - INFO - Waiting for page to load...
2025-06-12 10:47:10,453 - scraper.selenium_scraper - INFO - Scrolling to load all auction cards...
2025-06-12 10:47:22,594 - scraper.selenium_scraper - INFO - Saved page screenshot to /home/runner/work/super-player-auction-scraper/super-player-auction-scraper/logs/screenshots/page_loaded_20250612104722.png
2025-06-12 10:47:22,594 - scraper.selenium_scraper - INFO - Looking for auction cards...
2025-06-12 10:47:22,626 - scraper.selenium_scraper - INFO - Found 20 auction cards
2025-06-12 10:47:23,363 - scraper.selenium_scraper - INFO - Scraped tournament 1: PALAKKAD CRICKET LEAGUE
2025-06-12 10:47:24,079 - scraper.selenium_scraper - INFO - Scraped tournament 2: Khel-o-Utsav
2025-06-12 10:47:24,870 - scraper.selenium_scraper - INFO - Scraped tournament 3: ArjunDMUP
2025-06-12 10:47:25,587 - scraper.selenium_scraper - INFO - Scraped tournament 4: Dholi Samaj Premiere League Sisseion-2
2025-06-12 10:47:26,302 - scraper.selenium_scraper - INFO - Scraped tournament 5: GAIL CHAMPIONS LEAGUE III
2025-06-12 10:47:27,008 - scraper.selenium_scraper - INFO - Scraped tournament 6: GVPL
2025-06-12 10:47:27,713 - scraper.selenium_scraper - INFO - Scraped tournament 7: Petlurivaripalm Premier League Season -1
2025-06-12 10:47:28,430 - scraper.selenium_scraper - INFO - Scraped tournament 8: MPL
2025-06-12 10:47:29,139 - scraper.selenium_scraper - INFO - Scraped tournament 9: Trendz Badminton League
2025-06-12 10:47:29,845 - scraper.selenium_scraper - INFO - Scraped tournament 10: PPSPL 3.O
2025-06-12 10:47:30,554 - scraper.selenium_scraper - INFO - Scraped tournament 11: SUPER SEVEN LEAGUE SEASON-2
2025-06-12 10:47:31,262 - scraper.selenium_scraper - INFO - Scraped tournament 12: GRFA Rooling Trophy Tournament
2025-06-12 10:47:31,961 - scraper.selenium_scraper - INFO - Scraped tournament 13: Academos Students League [ASL]
2025-06-12 10:47:32,666 - scraper.selenium_scraper - INFO - Scraped tournament 14: HALPATI SAMAJ PRIMIER LEAGUE
2025-06-12 10:47:33,375 - scraper.selenium_scraper - INFO - Scraped tournament 15: Box Premier League U-25 Auction
2025-06-12 10:47:34,088 - scraper.selenium_scraper - INFO - Scraped tournament 16: Devmanpur Premier League
2025-06-12 10:47:34,792 - scraper.selenium_scraper - INFO - Scraped tournament 17: Washington T10 Cricket Cup - 2025
2025-06-12 10:47:35,497 - scraper.selenium_scraper - INFO - Scraped tournament 18: CRICKET STARS TOURNAMENT
2025-06-12 10:47:36,211 - scraper.selenium_scraper - INFO - Scraped tournament 19: Zafaryab PVT LTD
2025-06-12 10:47:36,922 - scraper.selenium_scraper - INFO - Scraped tournament 20: National premier league season 3 Player Auction
2025-06-12 10:47:36,922 - root - INFO - Successfully scraped 20 tournaments
2025-06-12 10:47:36,923 - root - INFO - Saved scraped data to /home/runner/work/super-player-auction-scraper/super-player-auction-scraper/data/tournament_data_20250612-104736.json
2025-06-12 10:47:36,923 - root - INFO - Initializing Graph API
2025-06-12 10:47:36,923 - excel.graph_api - INFO - Extracted file ID: 9e836ed5-f58f-4dc7-a969-3c62b255f3ea
2025-06-12 10:47:36,923 - excel.graph_api - INFO - Extracted site ID: CorpDevaaf94619130d4a79af9f3aeae502bdb5
2025-06-12 10:47:36,924 - root - INFO - Authenticating with Microsoft Graph API
2025-06-12 10:47:37,199 - excel.graph_api - INFO - Authentication successful
2025-06-12 10:47:37,200 - root - INFO - Updating Excel sheet with scraped data
2025-06-12 10:47:37,790 - excel.graph_api - INFO - Retrieved drive ID: b!MXUqfmBgAkyqAi_g7J1PO_6yKSWnHbZCs3mpe4EkYuX6d8izcdJxRb78S6OW5SIB
2025-06-12 10:47:38,884 - excel.graph_api - INFO - Retrieved 202 rows from Excel
2025-06-12 10:47:39,735 - excel.graph_api - INFO - Updating range A204:M206 with 3 new entries
2025-06-12 10:47:40,835 - excel.graph_api - INFO - Successfully added 3 new tournaments to Excel
2025-06-12 10:47:40,836 - root - INFO - Excel sheet updated successfully
2025-06-12 10:47:40,907 - scraper.selenium_scraper - INFO - Chrome driver closed
2025-06-12 10:47:40,907 - root - INFO - Selenium driver closed
2025-06-12 10:47:40,907 - root - INFO - Script execution completed
