2025-09-08 10:14:44,017 - root - INFO - Logger initialized successfully
2025-09-08 10:14:44,018 - root - INFO - Log file: /home/runner/work/super-player-auction-scraper/super-player-auction-scraper/logs/scraper_20250908_101444.log
2025-09-08 10:14:44,018 - root - INFO - Starting Super Player Auction scraper
2025-09-08 10:14:44,018 - utils.config - INFO - Credentials loaded from environment variables
2025-09-08 10:14:44,018 - utils.config - INFO - Settings loaded successfully
2025-09-08 10:14:44,018 - root - INFO - Initializing Selenium scraper
2025-09-08 10:14:44,018 - scraper.selenium_scraper - INFO - Running in GitHub Actions environment
2025-09-08 10:14:54,082 - scraper.selenium_scraper - INFO - Chrome driver initialized successfully
2025-09-08 10:14:54,082 - root - INFO - Scraping tournament data
2025-09-08 10:14:54,082 - scraper.selenium_scraper - INFO - Starting to scrape tournament data
2025-09-08 10:14:57,212 - scraper.selenium_scraper - INFO - Waiting for page to load...
2025-09-08 10:15:02,217 - scraper.selenium_scraper - INFO - Scrolling to load all auction cards...
2025-09-08 10:15:14,389 - scraper.selenium_scraper - INFO - Saved page screenshot to /home/runner/work/super-player-auction-scraper/super-player-auction-scraper/logs/screenshots/page_loaded_20250908101514.png
2025-09-08 10:15:14,389 - scraper.selenium_scraper - INFO - Looking for auction cards...
2025-09-08 10:15:14,421 - scraper.selenium_scraper - INFO - Found 20 auction cards
2025-09-08 10:15:15,150 - scraper.selenium_scraper - INFO - Scraped tournament 1: Mali Premier League Balotra
2025-09-08 10:15:15,849 - scraper.selenium_scraper - INFO - Scraped tournament 2: T20 CRICKET LEAGUE SEASON 5
2025-09-08 10:15:16,606 - scraper.selenium_scraper - INFO - Scraped tournament 3: Sarsangan Super Series Cricket 2025-26
2025-09-08 10:15:17,310 - scraper.selenium_scraper - INFO - Scraped tournament 4: Sarsangan +45 Veterans Cricket Series 2025-26
2025-09-08 10:15:18,002 - scraper.selenium_scraper - INFO - Scraped tournament 5: Sarsangan +40 Cricket Series 2025-26
2025-09-08 10:15:18,714 - scraper.selenium_scraper - INFO - Scraped tournament 6: Sarsangan U19 Boys & Girls Cricket Series 2025-26
2025-09-08 10:15:19,411 - scraper.selenium_scraper - INFO - Scraped tournament 7: JAIN PREMIER LEAGUE 4
2025-09-08 10:15:20,111 - scraper.selenium_scraper - INFO - Scraped tournament 8: BHAGALPUR CRICKET LEAGUE
2025-09-08 10:15:20,810 - scraper.selenium_scraper - INFO - Scraped tournament 9: NPL Titan Cup
2025-09-08 10:15:21,506 - scraper.selenium_scraper - INFO - Scraped tournament 10: Karnataka Rajatha Cup 2025
2025-09-08 10:15:22,209 - scraper.selenium_scraper - INFO - Scraped tournament 11: KEFR SUPER LIGA 2.0(KSL 2.0)
2025-09-08 10:15:22,905 - scraper.selenium_scraper - INFO - Scraped tournament 12: KOLAKATA LADIES PICKLEBALL LEAGUE 2025
2025-09-08 10:15:23,594 - scraper.selenium_scraper - INFO - Scraped tournament 13: KOLKATA PICKLEBALL LEAGUE 2025
2025-09-08 10:15:24,284 - scraper.selenium_scraper - INFO - Scraped tournament 14: NAIGAON PREMIER LEAGUE SEASON - 6
2025-09-08 10:15:24,972 - scraper.selenium_scraper - INFO - Scraped tournament 15: GONDA SINDHI PREMIER LEAGUE -3
2025-09-08 10:15:25,664 - scraper.selenium_scraper - INFO - Scraped tournament 16: UPL CHAPTER 3.0 CRICKET TOURNAMENT
2025-09-08 10:15:26,358 - scraper.selenium_scraper - INFO - Scraped tournament 17: Kerala Premier League
2025-09-08 10:15:27,046 - scraper.selenium_scraper - INFO - Scraped tournament 18: Gorakhpur T10 Champions league
2025-09-08 10:15:27,742 - scraper.selenium_scraper - INFO - Scraped tournament 19: Gogasar Premier League Season 4
2025-09-08 10:15:28,435 - scraper.selenium_scraper - INFO - Scraped tournament 20: MVV DUSSEHRA CRICKET TOURNAMENT
2025-09-08 10:15:28,435 - root - INFO - Successfully scraped 20 tournaments
2025-09-08 10:15:28,436 - root - INFO - Saved scraped data to /home/runner/work/super-player-auction-scraper/super-player-auction-scraper/data/tournament_data_20250908-101528.json
2025-09-08 10:15:28,436 - root - INFO - Initializing Graph API
2025-09-08 10:15:28,436 - excel.graph_api - INFO - Extracted file ID: 9e836ed5-f58f-4dc7-a969-3c62b255f3ea
2025-09-08 10:15:28,436 - excel.graph_api - INFO - Extracted site ID: CorpDevaaf94619130d4a79af9f3aeae502bdb5
2025-09-08 10:15:28,436 - root - INFO - Authenticating with Microsoft Graph API
2025-09-08 10:15:28,948 - excel.graph_api - INFO - Authentication successful
2025-09-08 10:15:28,948 - root - INFO - Updating Excel sheet with scraped data
2025-09-08 10:15:29,204 - excel.graph_api - INFO - Retrieved drive ID: b!MXUqfmBgAkyqAi_g7J1PO_6yKSWnHbZCs3mpe4EkYuX6d8izcdJxRb78S6OW5SIB
2025-09-08 10:15:30,461 - excel.graph_api - INFO - Retrieved 470 rows from Excel
2025-09-08 10:15:31,168 - excel.graph_api - INFO - Updating range A472:M475 with 4 new entries
2025-09-08 10:15:32,156 - excel.graph_api - INFO - Successfully added 4 new tournaments to Excel
2025-09-08 10:15:32,157 - root - INFO - Excel sheet updated successfully
2025-09-08 10:15:32,227 - scraper.selenium_scraper - INFO - Chrome driver closed
2025-09-08 10:15:32,227 - root - INFO - Selenium driver closed
2025-09-08 10:15:32,227 - root - INFO - Script execution completed
