2026-02-16 15:34:28,462 - root - INFO - Logger initialized successfully
2026-02-16 15:34:28,462 - root - INFO - Log file: /home/runner/work/super-player-auction-scraper/super-player-auction-scraper/logs/scraper_20260216_153428.log
2026-02-16 15:34:28,462 - root - INFO - Starting Super Player Auction scraper
2026-02-16 15:34:28,462 - utils.config - INFO - Credentials loaded from environment variables
2026-02-16 15:34:28,462 - utils.config - INFO - Settings loaded successfully
2026-02-16 15:34:28,462 - root - INFO - Initializing Selenium scraper
2026-02-16 15:34:28,462 - scraper.selenium_scraper - INFO - Running in GitHub Actions environment
2026-02-16 15:34:35,190 - scraper.selenium_scraper - INFO - Chrome driver initialized successfully
2026-02-16 15:34:35,190 - root - INFO - Scraping tournament data
2026-02-16 15:34:35,190 - scraper.selenium_scraper - INFO - Starting to scrape tournament data
2026-02-16 15:34:35,931 - scraper.selenium_scraper - INFO - Waiting for page to load...
2026-02-16 15:34:40,936 - scraper.selenium_scraper - INFO - Scrolling to load all auction cards...
2026-02-16 15:34:53,078 - scraper.selenium_scraper - INFO - Saved page screenshot to /home/runner/work/super-player-auction-scraper/super-player-auction-scraper/logs/screenshots/page_loaded_20260216153453.png
2026-02-16 15:34:53,078 - scraper.selenium_scraper - INFO - Looking for auction cards...
2026-02-16 15:34:53,102 - scraper.selenium_scraper - INFO - Found 20 auction cards
2026-02-16 15:34:53,820 - scraper.selenium_scraper - INFO - Scraped tournament 1: HARIPRABODHAM PREMIER LEAGUE
2026-02-16 15:34:54,540 - scraper.selenium_scraper - INFO - Scraped tournament 2: RAJASTHAN TRAVEL TRADE CRICKET LEAGUE 2.0
2026-02-16 15:34:55,230 - scraper.selenium_scraper - INFO - Scraped tournament 3: SRPL 2026
2026-02-16 15:34:55,916 - scraper.selenium_scraper - INFO - Scraped tournament 4: Hind Sporting Premier League
2026-02-16 15:34:56,599 - scraper.selenium_scraper - INFO - Scraped tournament 5: RELIANCE SPL 2026
2026-02-16 15:34:57,291 - scraper.selenium_scraper - INFO - Scraped tournament 6: MCPL 2026
2026-02-16 15:34:57,976 - scraper.selenium_scraper - INFO - Scraped tournament 7: SIKAR PREMIER LEAGUE 2025
2026-02-16 15:34:58,660 - scraper.selenium_scraper - INFO - Scraped tournament 8: NPL
2026-02-16 15:34:59,342 - scraper.selenium_scraper - INFO - Scraped tournament 9: BJP
2026-02-16 15:35:00,027 - scraper.selenium_scraper - INFO - Scraped tournament 10: SUPER CRICKRT LEAGUE - MAHIPAL
2026-02-16 15:35:00,719 - scraper.selenium_scraper - INFO - Scraped tournament 11: JCPL SEASON 7 Auction
2026-02-16 15:35:01,403 - scraper.selenium_scraper - INFO - Scraped tournament 12: MATHILI SUPER LEAGUE- SEASON 2
2026-02-16 15:35:02,090 - scraper.selenium_scraper - INFO - Scraped tournament 13: सातारा ग्रामीण प्रिमियर लीग-२०२६
2026-02-16 15:35:02,783 - scraper.selenium_scraper - INFO - Scraped tournament 14: Champions Trophy Channasandra
2026-02-16 15:35:03,466 - scraper.selenium_scraper - INFO - Scraped tournament 15: BROTHERS PREMIER LEAGUE 2026 SEASON - 1
2026-02-16 15:35:04,150 - scraper.selenium_scraper - INFO - Scraped tournament 16: HINDU EKTA TENNIS CRICKET TOURNAMENT SEASON 2
2026-02-16 15:35:04,840 - scraper.selenium_scraper - INFO - Scraped tournament 17: BANJARA PREMIERE LEAGUE SEASON 3
2026-02-16 15:35:05,535 - scraper.selenium_scraper - INFO - Scraped tournament 18: QIFF EASAKA MEMORIAL 7S FOOTBALL TOURNAMENT
2026-02-16 15:35:06,219 - scraper.selenium_scraper - INFO - Scraped tournament 19: MSPL - 3
2026-02-16 15:35:06,910 - scraper.selenium_scraper - INFO - Scraped tournament 20: SURBHI PREMIER LEAGUE
2026-02-16 15:35:06,910 - root - INFO - Successfully scraped 20 tournaments
2026-02-16 15:35:06,911 - root - INFO - Saved scraped data to /home/runner/work/super-player-auction-scraper/super-player-auction-scraper/data/tournament_data_20260216-153506.json
2026-02-16 15:35:06,911 - root - INFO - Initializing Graph API
2026-02-16 15:35:06,911 - excel.graph_api - INFO - Extracted file ID: 9e836ed5-f58f-4dc7-a969-3c62b255f3ea
2026-02-16 15:35:06,911 - excel.graph_api - INFO - Extracted site ID: CorpDevaaf94619130d4a79af9f3aeae502bdb5
2026-02-16 15:35:06,911 - root - INFO - Authenticating with Microsoft Graph API
2026-02-16 15:35:07,381 - excel.graph_api - INFO - Authentication successful
2026-02-16 15:35:07,381 - root - INFO - Updating Excel sheet with scraped data
2026-02-16 15:35:07,887 - excel.graph_api - INFO - Retrieved drive ID: b!MXUqfmBgAkyqAi_g7J1PO_6yKSWnHbZCs3mpe4EkYuX6d8izcdJxRb78S6OW5SIB
2026-02-16 15:35:09,798 - excel.graph_api - INFO - Retrieved 1240 rows from Excel
2026-02-16 15:35:11,155 - excel.graph_api - INFO - Updating range A1242:M1242 with 1 new entries
2026-02-16 15:35:12,646 - excel.graph_api - INFO - Successfully added 1 new tournaments to Excel
2026-02-16 15:35:12,648 - root - INFO - Excel sheet updated successfully
2026-02-16 15:35:12,724 - scraper.selenium_scraper - INFO - Chrome driver closed
2026-02-16 15:35:12,724 - root - INFO - Selenium driver closed
2026-02-16 15:35:12,724 - root - INFO - Script execution completed
