2025-07-30 10:16:51,647 - root - INFO - Logger initialized successfully
2025-07-30 10:16:51,647 - root - INFO - Log file: /home/runner/work/super-player-auction-scraper/super-player-auction-scraper/logs/scraper_20250730_101651.log
2025-07-30 10:16:51,647 - root - INFO - Starting Super Player Auction scraper
2025-07-30 10:16:51,647 - utils.config - INFO - Credentials loaded from environment variables
2025-07-30 10:16:51,647 - utils.config - INFO - Settings loaded successfully
2025-07-30 10:16:51,647 - root - INFO - Initializing Selenium scraper
2025-07-30 10:16:51,647 - scraper.selenium_scraper - INFO - Running in GitHub Actions environment
2025-07-30 10:16:52,133 - selenium.webdriver.common.selenium_manager - WARNING - The chromedriver version (138.0.7204.157) detected in PATH at /usr/bin/chromedriver might not be compatible with the detected chrome version (138.0.7204.157); currently, chromedriver 138.0.7204.183 is recommended for chrome 138.*, so it is advised to delete the driver in PATH and retry
2025-07-30 10:16:53,316 - scraper.selenium_scraper - INFO - Chrome driver initialized successfully
2025-07-30 10:16:53,316 - root - INFO - Scraping tournament data
2025-07-30 10:16:53,316 - scraper.selenium_scraper - INFO - Starting to scrape tournament data
2025-07-30 10:16:57,344 - scraper.selenium_scraper - INFO - Waiting for page to load...
2025-07-30 10:17:02,346 - scraper.selenium_scraper - INFO - Scrolling to load all auction cards...
2025-07-30 10:17:14,447 - scraper.selenium_scraper - INFO - Saved page screenshot to /home/runner/work/super-player-auction-scraper/super-player-auction-scraper/logs/screenshots/page_loaded_20250730101714.png
2025-07-30 10:17:14,447 - scraper.selenium_scraper - INFO - Looking for auction cards...
2025-07-30 10:17:14,466 - scraper.selenium_scraper - INFO - Found 20 auction cards
2025-07-30 10:17:15,179 - scraper.selenium_scraper - INFO - Scraped tournament 1: CLT10
2025-07-30 10:17:15,876 - scraper.selenium_scraper - INFO - Scraped tournament 2: CBCL 2
2025-07-30 10:17:16,578 - scraper.selenium_scraper - INFO - Scraped tournament 3: OSAIMI INTERNAL CRICKET TOURNAMENT
2025-07-30 10:17:17,267 - scraper.selenium_scraper - INFO - Scraped tournament 4: T-10 BTI SILVER LEAGUE SEASON-1
2025-07-30 10:17:17,956 - scraper.selenium_scraper - INFO - Scraped tournament 5: UNITY CUP Series Season 2 (2025-26)
2025-07-30 10:17:18,647 - scraper.selenium_scraper - INFO - Scraped tournament 6: CMA ALUMNI CRICKET LEAGUE-4
2025-07-30 10:17:19,354 - scraper.selenium_scraper - INFO - Scraped tournament 7: NPL Series 2
2025-07-30 10:17:20,042 - scraper.selenium_scraper - INFO - Scraped tournament 8: BPL SEASON 3
2025-07-30 10:17:20,740 - scraper.selenium_scraper - INFO - Scraped tournament 9: Canvas Warriors Cricket Carnival (CWCC),Season 1,2025
2025-07-30 10:17:21,431 - scraper.selenium_scraper - INFO - Scraped tournament 10: ArjunDMUP
2025-07-30 10:17:22,132 - scraper.selenium_scraper - INFO - Scraped tournament 11: RPL
2025-07-30 10:17:22,823 - scraper.selenium_scraper - INFO - Scraped tournament 12: KANNUR CHAMPIONS LEAGUE QATAR EDITION
2025-07-30 10:17:23,519 - scraper.selenium_scraper - INFO - Scraped tournament 13: Karnataka Rajatha Cup 2025
2025-07-30 10:17:24,212 - scraper.selenium_scraper - INFO - Scraped tournament 14: SANDALWOOD PREMIER LEAGUE
2025-07-30 10:17:24,904 - scraper.selenium_scraper - INFO - Scraped tournament 15: Aanjana premier League Sardarpura (Rana)
2025-07-30 10:17:25,595 - scraper.selenium_scraper - INFO - Scraped tournament 16: Petlurivaripalm Premier League Season -1
2025-07-30 10:17:26,294 - scraper.selenium_scraper - INFO - Scraped tournament 17: Dholi Samaj Premiere League Sisseion-2
2025-07-30 10:17:26,986 - scraper.selenium_scraper - INFO - Scraped tournament 18: PANTHERS SUPER LEAGUE - 2025
2025-07-30 10:17:27,677 - scraper.selenium_scraper - INFO - Scraped tournament 19: KPL 12
2025-07-30 10:17:28,381 - scraper.selenium_scraper - INFO - Scraped tournament 20: VPL 2.0
2025-07-30 10:17:28,382 - root - INFO - Successfully scraped 20 tournaments
2025-07-30 10:17:28,382 - root - INFO - Saved scraped data to /home/runner/work/super-player-auction-scraper/super-player-auction-scraper/data/tournament_data_20250730-101728.json
2025-07-30 10:17:28,382 - root - INFO - Initializing Graph API
2025-07-30 10:17:28,383 - excel.graph_api - INFO - Extracted file ID: 9e836ed5-f58f-4dc7-a969-3c62b255f3ea
2025-07-30 10:17:28,383 - excel.graph_api - INFO - Extracted site ID: CorpDevaaf94619130d4a79af9f3aeae502bdb5
2025-07-30 10:17:28,383 - root - INFO - Authenticating with Microsoft Graph API
2025-07-30 10:17:28,591 - excel.graph_api - INFO - Authentication successful
2025-07-30 10:17:28,592 - root - INFO - Updating Excel sheet with scraped data
2025-07-30 10:17:28,953 - excel.graph_api - INFO - Retrieved drive ID: b!MXUqfmBgAkyqAi_g7J1PO_6yKSWnHbZCs3mpe4EkYuX6d8izcdJxRb78S6OW5SIB
2025-07-30 10:17:30,095 - excel.graph_api - INFO - Retrieved 342 rows from Excel
2025-07-30 10:17:30,697 - excel.graph_api - INFO - Updating range A344:M344 with 1 new entries
2025-07-30 10:17:31,664 - excel.graph_api - INFO - Successfully added 1 new tournaments to Excel
2025-07-30 10:17:31,666 - root - INFO - Excel sheet updated successfully
2025-07-30 10:17:31,734 - scraper.selenium_scraper - INFO - Chrome driver closed
2025-07-30 10:17:31,734 - root - INFO - Selenium driver closed
2025-07-30 10:17:31,734 - root - INFO - Script execution completed
