2026-05-12 11:48:38,968 - root - INFO - Logger initialized successfully
2026-05-12 11:48:38,968 - root - INFO - Log file: /home/runner/work/super-player-auction-scraper/super-player-auction-scraper/logs/scraper_20260512_114838.log
2026-05-12 11:48:38,968 - root - INFO - Starting Super Player Auction scraper
2026-05-12 11:48:38,969 - utils.config - INFO - Credentials loaded from environment variables
2026-05-12 11:48:38,969 - utils.config - INFO - Settings loaded successfully
2026-05-12 11:48:38,969 - root - INFO - Initializing Selenium scraper
2026-05-12 11:48:38,969 - scraper.selenium_scraper - INFO - Running in GitHub Actions environment
2026-05-12 11:48:40,296 - selenium.webdriver.common.selenium_manager - WARNING - The chromedriver version (147.0.7727.56) detected in PATH at /usr/bin/chromedriver might not be compatible with the detected chrome version (147.0.7727.55); currently, chromedriver 147.0.7727.117 is recommended for chrome 147.*, so it is advised to delete the driver in PATH and retry
2026-05-12 11:48:44,487 - scraper.selenium_scraper - INFO - Chrome driver initialized successfully
2026-05-12 11:48:44,487 - root - INFO - Scraping tournament data
2026-05-12 11:48:44,487 - scraper.selenium_scraper - INFO - Starting to scrape tournament data
2026-05-12 11:48:45,238 - scraper.selenium_scraper - INFO - Waiting for page to load...
2026-05-12 11:48:50,243 - scraper.selenium_scraper - INFO - Scrolling to load all auction cards...
2026-05-12 11:49:02,698 - scraper.selenium_scraper - INFO - Saved page screenshot to /home/runner/work/super-player-auction-scraper/super-player-auction-scraper/logs/screenshots/page_loaded_20260512114902.png
2026-05-12 11:49:02,698 - scraper.selenium_scraper - INFO - Looking for auction cards...
2026-05-12 11:49:02,720 - scraper.selenium_scraper - INFO - Found 20 auction cards
2026-05-12 11:49:03,447 - scraper.selenium_scraper - INFO - Scraped tournament 1: SPL 3
2026-05-12 11:49:04,167 - scraper.selenium_scraper - INFO - Scraped tournament 2: SCL MANALI
2026-05-12 11:49:04,856 - scraper.selenium_scraper - INFO - Scraped tournament 3: Hariprabodham Cricket League Season 4.0
2026-05-12 11:49:05,545 - scraper.selenium_scraper - INFO - Scraped tournament 4: DPL 6
2026-05-12 11:49:06,231 - scraper.selenium_scraper - INFO - Scraped tournament 5: SUPER FOOTBALL CHAMPIONSHIP
2026-05-12 11:49:06,918 - scraper.selenium_scraper - INFO - Scraped tournament 6: REPUBLIC CUP 2.0
2026-05-12 11:49:07,606 - scraper.selenium_scraper - INFO - Scraped tournament 7: Auction Demo Jodi
2026-05-12 11:49:08,289 - scraper.selenium_scraper - INFO - Scraped tournament 8: Super Cricket League
2026-05-12 11:49:08,984 - scraper.selenium_scraper - INFO - Scraped tournament 9: SIKAR PREMIER LEAGUE 2025
2026-05-12 11:49:09,669 - scraper.selenium_scraper - INFO - Scraped tournament 10: BJP
2026-05-12 11:49:10,355 - scraper.selenium_scraper - INFO - Scraped tournament 11: SUPER LEAGUE GROUP
2026-05-12 11:49:11,040 - scraper.selenium_scraper - INFO - Scraped tournament 12: SUPER CRICKET LEAGUE
2026-05-12 11:49:11,726 - scraper.selenium_scraper - INFO - Scraped tournament 13: Nexion Pickleball Premier League
2026-05-12 11:49:12,414 - scraper.selenium_scraper - INFO - Scraped tournament 14: Vault Premier League 2.0
2026-05-12 11:49:13,100 - scraper.selenium_scraper - INFO - Scraped tournament 15: Komi Ekta Box CRICKET Tournament
2026-05-12 11:49:13,787 - scraper.selenium_scraper - INFO - Scraped tournament 16: GRAMIN PREMIER LEAGUE (GPL) -2026 SHAKTINAGAR
2026-05-12 11:49:14,470 - scraper.selenium_scraper - INFO - Scraped tournament 17: ANA PREMIER LEAGUE-2
2026-05-12 11:49:15,153 - scraper.selenium_scraper - INFO - Scraped tournament 18: मेघवाल प्रीमियर लीग जयपुर आक्शन
2026-05-12 11:49:15,849 - scraper.selenium_scraper - INFO - Scraped tournament 19: Puttur premier league - 11
2026-05-12 11:49:16,532 - scraper.selenium_scraper - INFO - Scraped tournament 20: Devbhoomi JBRJ Cricket League
2026-05-12 11:49:16,532 - root - INFO - Successfully scraped 20 tournaments
2026-05-12 11:49:16,532 - root - INFO - Saved scraped data to /home/runner/work/super-player-auction-scraper/super-player-auction-scraper/data/tournament_data_20260512-114916.json
2026-05-12 11:49:16,532 - root - INFO - Initializing Graph API
2026-05-12 11:49:16,533 - excel.graph_api - INFO - Extracted file ID: 9e836ed5-f58f-4dc7-a969-3c62b255f3ea
2026-05-12 11:49:16,533 - excel.graph_api - INFO - Extracted site ID: CorpDevaaf94619130d4a79af9f3aeae502bdb5
2026-05-12 11:49:16,533 - root - INFO - Authenticating with Microsoft Graph API
2026-05-12 11:49:16,904 - excel.graph_api - INFO - Authentication successful
2026-05-12 11:49:16,905 - root - INFO - Updating Excel sheet with scraped data
2026-05-12 11:49:17,827 - excel.graph_api - INFO - Retrieved drive ID: b!MXUqfmBgAkyqAi_g7J1PO_6yKSWnHbZCs3mpe4EkYuX6d8izcdJxRb78S6OW5SIB
2026-05-12 11:49:19,537 - excel.graph_api - INFO - Retrieved 1590 rows from Excel
2026-05-12 11:49:20,585 - excel.graph_api - INFO - Updating range A1592:Y1594 with 3 new entries
2026-05-12 11:49:21,492 - excel.graph_api - INFO - Successfully added 3 new tournaments to Excel
2026-05-12 11:49:21,494 - root - INFO - Excel sheet updated successfully
2026-05-12 11:49:22,570 - scraper.selenium_scraper - INFO - Chrome driver closed
2026-05-12 11:49:22,570 - root - INFO - Selenium driver closed
2026-05-12 11:49:22,570 - root - INFO - Script execution completed
