2026-02-20 15:31:21,806 - root - INFO - Logger initialized successfully
2026-02-20 15:31:21,806 - root - INFO - Log file: /home/runner/work/super-player-auction-scraper/super-player-auction-scraper/logs/scraper_20260220_153121.log
2026-02-20 15:31:21,806 - root - INFO - Starting Super Player Auction scraper
2026-02-20 15:31:21,807 - utils.config - INFO - Credentials loaded from environment variables
2026-02-20 15:31:21,807 - utils.config - INFO - Settings loaded successfully
2026-02-20 15:31:21,807 - root - INFO - Initializing Selenium scraper
2026-02-20 15:31:21,807 - scraper.selenium_scraper - INFO - Running in GitHub Actions environment
2026-02-20 15:31:24,324 - selenium.webdriver.common.selenium_manager - WARNING - The chromedriver version (144.0.7559.109) detected in PATH at /usr/bin/chromedriver might not be compatible with the detected chrome version (144.0.7559.109); currently, chromedriver 144.0.7559.133 is recommended for chrome 144.*, so it is advised to delete the driver in PATH and retry
2026-02-20 15:31:32,569 - scraper.selenium_scraper - INFO - Chrome driver initialized successfully
2026-02-20 15:31:32,569 - root - INFO - Scraping tournament data
2026-02-20 15:31:32,569 - scraper.selenium_scraper - INFO - Starting to scrape tournament data
2026-02-20 15:31:33,561 - scraper.selenium_scraper - INFO - Waiting for page to load...
2026-02-20 15:31:38,566 - scraper.selenium_scraper - INFO - Scrolling to load all auction cards...
2026-02-20 15:31:50,711 - scraper.selenium_scraper - INFO - Saved page screenshot to /home/runner/work/super-player-auction-scraper/super-player-auction-scraper/logs/screenshots/page_loaded_20260220153150.png
2026-02-20 15:31:50,711 - scraper.selenium_scraper - INFO - Looking for auction cards...
2026-02-20 15:31:50,754 - scraper.selenium_scraper - INFO - Found 20 auction cards
2026-02-20 15:31:51,482 - scraper.selenium_scraper - INFO - Scraped tournament 1: NPL
2026-02-20 15:31:52,269 - scraper.selenium_scraper - INFO - Scraped tournament 2: सातारा ग्रामीण प्रिमियर लीग-२०२६
2026-02-20 15:31:52,966 - scraper.selenium_scraper - INFO - Scraped tournament 3: SRPL 2026
2026-02-20 15:31:53,653 - scraper.selenium_scraper - INFO - Scraped tournament 4: SALEKASA PREMIER LEAGUE
2026-02-20 15:31:54,354 - scraper.selenium_scraper - INFO - Scraped tournament 5: ACPL-2
2026-02-20 15:31:55,064 - scraper.selenium_scraper - INFO - Scraped tournament 6: COSCO PREMIER LEAGUE
2026-02-20 15:31:55,760 - scraper.selenium_scraper - INFO - Scraped tournament 7: WCL 2026
2026-02-20 15:31:56,461 - scraper.selenium_scraper - INFO - Scraped tournament 8: SURBHI PREMIER LEAGUE
2026-02-20 15:31:57,170 - scraper.selenium_scraper - INFO - Scraped tournament 9: Hind Sporting Premier League
2026-02-20 15:31:57,867 - scraper.selenium_scraper - INFO - Scraped tournament 10: YPL 2.O
2026-02-20 15:31:58,578 - scraper.selenium_scraper - INFO - Scraped tournament 11: RELIANCE SPL 2026
2026-02-20 15:31:59,273 - scraper.selenium_scraper - INFO - Scraped tournament 12: MCPL 2026
2026-02-20 15:31:59,962 - scraper.selenium_scraper - INFO - Scraped tournament 13: SIKAR PREMIER LEAGUE 2025
2026-02-20 15:32:00,653 - scraper.selenium_scraper - INFO - Scraped tournament 14: ROHAT PREMIER LEAGUE
2026-02-20 15:32:01,367 - scraper.selenium_scraper - INFO - Scraped tournament 15: REPUBLIC CUP 2.0
2026-02-20 15:32:02,061 - scraper.selenium_scraper - INFO - Scraped tournament 16: BJP
2026-02-20 15:32:02,754 - scraper.selenium_scraper - INFO - Scraped tournament 17: SUPER CRICKRT LEAGUE - MAHIPAL
2026-02-20 15:32:03,444 - scraper.selenium_scraper - INFO - Scraped tournament 18: Champions Trophy Channasandra
2026-02-20 15:32:04,173 - scraper.selenium_scraper - INFO - Scraped tournament 19: SATKAR SAMITI PREMIER LEAGUE 3.O
2026-02-20 15:32:04,868 - scraper.selenium_scraper - INFO - Scraped tournament 20: BANJARA PREMIERE LEAGUE SEASON 3
2026-02-20 15:32:04,868 - root - INFO - Successfully scraped 20 tournaments
2026-02-20 15:32:04,869 - root - INFO - Saved scraped data to /home/runner/work/super-player-auction-scraper/super-player-auction-scraper/data/tournament_data_20260220-153204.json
2026-02-20 15:32:04,869 - root - INFO - Initializing Graph API
2026-02-20 15:32:04,869 - excel.graph_api - INFO - Extracted file ID: 9e836ed5-f58f-4dc7-a969-3c62b255f3ea
2026-02-20 15:32:04,869 - excel.graph_api - INFO - Extracted site ID: CorpDevaaf94619130d4a79af9f3aeae502bdb5
2026-02-20 15:32:04,869 - root - INFO - Authenticating with Microsoft Graph API
2026-02-20 15:32:05,236 - excel.graph_api - INFO - Authentication successful
2026-02-20 15:32:05,236 - root - INFO - Updating Excel sheet with scraped data
2026-02-20 15:32:05,989 - excel.graph_api - INFO - Retrieved drive ID: b!MXUqfmBgAkyqAi_g7J1PO_6yKSWnHbZCs3mpe4EkYuX6d8izcdJxRb78S6OW5SIB
2026-02-20 15:32:08,348 - excel.graph_api - INFO - Retrieved 1255 rows from Excel
2026-02-20 15:32:09,533 - excel.graph_api - INFO - No new tournaments to add
2026-02-20 15:32:09,535 - root - INFO - Excel sheet updated successfully
2026-02-20 15:32:09,601 - scraper.selenium_scraper - INFO - Chrome driver closed
2026-02-20 15:32:09,601 - root - INFO - Selenium driver closed
2026-02-20 15:32:09,601 - root - INFO - Script execution completed
