2026-05-23 11:04:39,557 - root - INFO - Logger initialized successfully
2026-05-23 11:04:39,558 - root - INFO - Log file: /home/runner/work/super-player-auction-scraper/super-player-auction-scraper/logs/scraper_20260523_110439.log
2026-05-23 11:04:39,558 - root - INFO - Starting Super Player Auction scraper
2026-05-23 11:04:39,558 - utils.config - INFO - Credentials loaded from environment variables
2026-05-23 11:04:39,558 - utils.config - INFO - Settings loaded successfully
2026-05-23 11:04:39,558 - root - INFO - Initializing Selenium scraper
2026-05-23 11:04:39,558 - scraper.selenium_scraper - INFO - Running in GitHub Actions environment
2026-05-23 11:04:45,190 - selenium.webdriver.common.selenium_manager - WARNING - The chromedriver version (148.0.7778.167) detected in PATH at /usr/bin/chromedriver might not be compatible with the detected chrome version (148.0.7778.167); currently, chromedriver 148.0.7778.178 is recommended for chrome 148.*, so it is advised to delete the driver in PATH and retry
2026-05-23 11:05:07,299 - scraper.selenium_scraper - INFO - Chrome driver initialized successfully
2026-05-23 11:05:07,299 - root - INFO - Scraping tournament data
2026-05-23 11:05:07,299 - scraper.selenium_scraper - INFO - Starting to scrape tournament data
2026-05-23 11:05:09,680 - scraper.selenium_scraper - INFO - Waiting for page to load...
2026-05-23 11:05:14,685 - scraper.selenium_scraper - INFO - Scrolling to load all auction cards...
2026-05-23 11:05:27,042 - scraper.selenium_scraper - INFO - Saved page screenshot to /home/runner/work/super-player-auction-scraper/super-player-auction-scraper/logs/screenshots/page_loaded_20260523110526.png
2026-05-23 11:05:27,042 - scraper.selenium_scraper - INFO - Looking for auction cards...
2026-05-23 11:05:27,067 - scraper.selenium_scraper - INFO - Found 20 auction cards
2026-05-23 11:05:27,799 - scraper.selenium_scraper - INFO - Scraped tournament 1: Chirala Football Club
2026-05-23 11:05:28,492 - scraper.selenium_scraper - INFO - Scraped tournament 2: SouthCity Cricket Club
2026-05-23 11:05:29,432 - scraper.selenium_scraper - INFO - Scraped tournament 3: Yuva Agrawal Sammelan Trust Present YAPL 2026
2026-05-23 11:05:30,120 - scraper.selenium_scraper - INFO - Scraped tournament 4: Summer League Tarpongi
2026-05-23 11:05:30,810 - scraper.selenium_scraper - INFO - Scraped tournament 5: ROHAT PREMIER LEAGUE
2026-05-23 11:05:31,498 - scraper.selenium_scraper - INFO - Scraped tournament 6: DB CUP
2026-05-23 11:05:32,185 - scraper.selenium_scraper - INFO - Scraped tournament 7: Dream UTT Juniors Season 2
2026-05-23 11:05:32,871 - scraper.selenium_scraper - INFO - Scraped tournament 8: SIGMA PREMIER LEAGUE
2026-05-23 11:05:33,558 - scraper.selenium_scraper - INFO - Scraped tournament 9: CBBL 6 AUCTION
2026-05-23 11:05:34,245 - scraper.selenium_scraper - INFO - Scraped tournament 10: SUPER FOOTBALL CHAMPIONSHIP
2026-05-23 11:05:34,931 - scraper.selenium_scraper - INFO - Scraped tournament 11: REPUBLIC CUP 2.0
2026-05-23 11:05:35,630 - scraper.selenium_scraper - INFO - Scraped tournament 12: Auction Demo Jodi
2026-05-23 11:05:36,317 - scraper.selenium_scraper - INFO - Scraped tournament 13: Super Cricket League
2026-05-23 11:05:37,002 - scraper.selenium_scraper - INFO - Scraped tournament 14: SIKAR PREMIER LEAGUE 2025
2026-05-23 11:05:37,690 - scraper.selenium_scraper - INFO - Scraped tournament 15: BJP
2026-05-23 11:05:38,377 - scraper.selenium_scraper - INFO - Scraped tournament 16: SUPER LEAGUE GROUP
2026-05-23 11:05:39,068 - scraper.selenium_scraper - INFO - Scraped tournament 17: SUPER CRICKET LEAGUE
2026-05-23 11:05:39,754 - scraper.selenium_scraper - INFO - Scraped tournament 18: MANORANJAN CUP 2026 BADMINTON
2026-05-23 11:05:40,446 - scraper.selenium_scraper - INFO - Scraped tournament 19: NJM Family Box Cricket Kothari Cup 2026 - Season 04
2026-05-23 11:05:41,136 - scraper.selenium_scraper - INFO - Scraped tournament 20: JOGALSAR PREMIER LEAGUE SEASON 5
2026-05-23 11:05:41,136 - root - INFO - Successfully scraped 20 tournaments
2026-05-23 11:05:41,137 - root - INFO - Saved scraped data to /home/runner/work/super-player-auction-scraper/super-player-auction-scraper/data/tournament_data_20260523-110541.json
2026-05-23 11:05:41,137 - root - INFO - Initializing Graph API
2026-05-23 11:05:41,137 - excel.graph_api - INFO - Extracted file ID: 9e836ed5-f58f-4dc7-a969-3c62b255f3ea
2026-05-23 11:05:41,137 - excel.graph_api - INFO - Extracted site ID: CorpDevaaf94619130d4a79af9f3aeae502bdb5
2026-05-23 11:05:41,137 - root - INFO - Authenticating with Microsoft Graph API
2026-05-23 11:05:41,474 - excel.graph_api - INFO - Authentication successful
2026-05-23 11:05:41,474 - root - INFO - Updating Excel sheet with scraped data
2026-05-23 11:05:42,684 - excel.graph_api - INFO - Retrieved drive ID: b!MXUqfmBgAkyqAi_g7J1PO_6yKSWnHbZCs3mpe4EkYuX6d8izcdJxRb78S6OW5SIB
2026-05-23 11:05:44,487 - excel.graph_api - INFO - Retrieved 1628 rows from Excel
2026-05-23 11:05:45,424 - excel.graph_api - INFO - No new tournaments to add
2026-05-23 11:05:45,426 - root - INFO - Excel sheet updated successfully
2026-05-23 11:05:45,505 - scraper.selenium_scraper - INFO - Chrome driver closed
2026-05-23 11:05:45,506 - root - INFO - Selenium driver closed
2026-05-23 11:05:45,506 - root - INFO - Script execution completed
