2026-02-22 15:17:31,847 - root - INFO - Logger initialized successfully
2026-02-22 15:17:31,847 - root - INFO - Log file: /home/runner/work/super-player-auction-scraper/super-player-auction-scraper/logs/scraper_20260222_151731.log
2026-02-22 15:17:31,848 - root - INFO - Starting Super Player Auction scraper
2026-02-22 15:17:31,848 - utils.config - INFO - Credentials loaded from environment variables
2026-02-22 15:17:31,848 - utils.config - INFO - Settings loaded successfully
2026-02-22 15:17:31,848 - root - INFO - Initializing Selenium scraper
2026-02-22 15:17:31,848 - scraper.selenium_scraper - INFO - Running in GitHub Actions environment
2026-02-22 15:17:33,270 - selenium.webdriver.common.selenium_manager - WARNING - The chromedriver version (144.0.7559.109) detected in PATH at /usr/bin/chromedriver might not be compatible with the detected chrome version (144.0.7559.109); currently, chromedriver 144.0.7559.133 is recommended for chrome 144.*, so it is advised to delete the driver in PATH and retry
2026-02-22 15:17:39,085 - scraper.selenium_scraper - INFO - Chrome driver initialized successfully
2026-02-22 15:17:39,085 - root - INFO - Scraping tournament data
2026-02-22 15:17:39,085 - scraper.selenium_scraper - INFO - Starting to scrape tournament data
2026-02-22 15:17:39,740 - scraper.selenium_scraper - INFO - Waiting for page to load...
2026-02-22 15:17:44,746 - scraper.selenium_scraper - INFO - Scrolling to load all auction cards...
2026-02-22 15:17:56,892 - scraper.selenium_scraper - INFO - Saved page screenshot to /home/runner/work/super-player-auction-scraper/super-player-auction-scraper/logs/screenshots/page_loaded_20260222151756.png
2026-02-22 15:17:56,893 - scraper.selenium_scraper - INFO - Looking for auction cards...
2026-02-22 15:17:56,916 - scraper.selenium_scraper - INFO - Found 20 auction cards
2026-02-22 15:17:57,655 - scraper.selenium_scraper - INFO - Scraped tournament 1: SWARNKAR PREMIER LEAGUE JAIPUR SPL100
2026-02-22 15:17:58,402 - scraper.selenium_scraper - INFO - Scraped tournament 2: WCL 2026
2026-02-22 15:17:59,099 - scraper.selenium_scraper - INFO - Scraped tournament 3: NOTANDAS PREMIER LEAGUE (NPL)
2026-02-22 15:17:59,796 - scraper.selenium_scraper - INFO - Scraped tournament 4: Hind Sporting Premier League
2026-02-22 15:18:00,497 - scraper.selenium_scraper - INFO - Scraped tournament 5: YPL 2.O
2026-02-22 15:18:01,202 - scraper.selenium_scraper - INFO - Scraped tournament 6: RELIANCE SPL 2026
2026-02-22 15:18:01,908 - scraper.selenium_scraper - INFO - Scraped tournament 7: MCPL 2026
2026-02-22 15:18:02,603 - scraper.selenium_scraper - INFO - Scraped tournament 8: SIKAR PREMIER LEAGUE 2025
2026-02-22 15:18:03,308 - scraper.selenium_scraper - INFO - Scraped tournament 9: ROHAT PREMIER LEAGUE
2026-02-22 15:18:04,006 - scraper.selenium_scraper - INFO - Scraped tournament 10: REPUBLIC CUP 2.0
2026-02-22 15:18:04,707 - scraper.selenium_scraper - INFO - Scraped tournament 11: NPL
2026-02-22 15:18:05,414 - scraper.selenium_scraper - INFO - Scraped tournament 12: BJP
2026-02-22 15:18:06,108 - scraper.selenium_scraper - INFO - Scraped tournament 13: SUPER CRICKRT LEAGUE - MAHIPAL
2026-02-22 15:18:06,800 - scraper.selenium_scraper - INFO - Scraped tournament 14: QIFF EASAKA MEMORIAL 7S FOOTBALL TOURNAMENT
2026-02-22 15:18:07,506 - scraper.selenium_scraper - INFO - Scraped tournament 15: MSPL - 3
2026-02-22 15:18:08,207 - scraper.selenium_scraper - INFO - Scraped tournament 16: HALVAD PREMIER LEAGUE 2026
2026-02-22 15:18:08,910 - scraper.selenium_scraper - INFO - Scraped tournament 17: ZAPABAR RAMZAN CUP
2026-02-22 15:18:09,608 - scraper.selenium_scraper - INFO - Scraped tournament 18: HINDU EKTA TENNIS CRICKET TOURNAMENT SEASON 2
2026-02-22 15:18:10,299 - scraper.selenium_scraper - INFO - Scraped tournament 19: STPL SEASON-5 PLAYER AUCTION
2026-02-22 15:18:11,005 - scraper.selenium_scraper - INFO - Scraped tournament 20: मेघवाल समाज आक्शन प्रीमियर लीग खिवाड़ा
2026-02-22 15:18:11,005 - root - INFO - Successfully scraped 20 tournaments
2026-02-22 15:18:11,006 - root - INFO - Saved scraped data to /home/runner/work/super-player-auction-scraper/super-player-auction-scraper/data/tournament_data_20260222-151811.json
2026-02-22 15:18:11,006 - root - INFO - Initializing Graph API
2026-02-22 15:18:11,006 - excel.graph_api - INFO - Extracted file ID: 9e836ed5-f58f-4dc7-a969-3c62b255f3ea
2026-02-22 15:18:11,006 - excel.graph_api - INFO - Extracted site ID: CorpDevaaf94619130d4a79af9f3aeae502bdb5
2026-02-22 15:18:11,007 - root - INFO - Authenticating with Microsoft Graph API
2026-02-22 15:18:11,177 - excel.graph_api - INFO - Authentication successful
2026-02-22 15:18:11,178 - root - INFO - Updating Excel sheet with scraped data
2026-02-22 15:18:11,590 - excel.graph_api - INFO - Retrieved drive ID: b!MXUqfmBgAkyqAi_g7J1PO_6yKSWnHbZCs3mpe4EkYuX6d8izcdJxRb78S6OW5SIB
2026-02-22 15:18:13,209 - excel.graph_api - INFO - Retrieved 1262 rows from Excel
2026-02-22 15:18:14,361 - excel.graph_api - INFO - No new tournaments to add
2026-02-22 15:18:14,363 - root - INFO - Excel sheet updated successfully
2026-02-22 15:18:14,440 - scraper.selenium_scraper - INFO - Chrome driver closed
2026-02-22 15:18:14,440 - root - INFO - Selenium driver closed
2026-02-22 15:18:14,440 - root - INFO - Script execution completed
