2026-02-06 10:32:49,739 - root - INFO - Logger initialized successfully
2026-02-06 10:32:49,739 - root - INFO - Log file: /home/runner/work/super-player-auction-scraper/super-player-auction-scraper/logs/scraper_20260206_103249.log
2026-02-06 10:32:49,739 - root - INFO - Starting Super Player Auction scraper
2026-02-06 10:32:49,739 - utils.config - INFO - Credentials loaded from environment variables
2026-02-06 10:32:49,740 - utils.config - INFO - Settings loaded successfully
2026-02-06 10:32:49,740 - root - INFO - Initializing Selenium scraper
2026-02-06 10:32:49,740 - scraper.selenium_scraper - INFO - Running in GitHub Actions environment
2026-02-06 10:32:51,267 - selenium.webdriver.common.selenium_manager - WARNING - The chromedriver version (144.0.7559.109) detected in PATH at /usr/bin/chromedriver might not be compatible with the detected chrome version (144.0.7559.109); currently, chromedriver 144.0.7559.133 is recommended for chrome 144.*, so it is advised to delete the driver in PATH and retry
2026-02-06 10:32:56,602 - scraper.selenium_scraper - INFO - Chrome driver initialized successfully
2026-02-06 10:32:56,602 - root - INFO - Scraping tournament data
2026-02-06 10:32:56,602 - scraper.selenium_scraper - INFO - Starting to scrape tournament data
2026-02-06 10:32:57,784 - scraper.selenium_scraper - INFO - Waiting for page to load...
2026-02-06 10:33:02,789 - scraper.selenium_scraper - INFO - Scrolling to load all auction cards...
2026-02-06 10:33:14,918 - scraper.selenium_scraper - INFO - Saved page screenshot to /home/runner/work/super-player-auction-scraper/super-player-auction-scraper/logs/screenshots/page_loaded_20260206103314.png
2026-02-06 10:33:14,918 - scraper.selenium_scraper - INFO - Looking for auction cards...
2026-02-06 10:33:14,941 - scraper.selenium_scraper - INFO - Found 20 auction cards
2026-02-06 10:33:15,668 - scraper.selenium_scraper - INFO - Scraped tournament 1: Calicut Premier League
2026-02-06 10:33:16,407 - scraper.selenium_scraper - INFO - Scraped tournament 2: PGCL 2.O
2026-02-06 10:33:17,110 - scraper.selenium_scraper - INFO - Scraped tournament 3: ⁠Husky Cricket Club x Seattle Orcas
2026-02-06 10:33:17,802 - scraper.selenium_scraper - INFO - Scraped tournament 4: DJPL Season 8
2026-02-06 10:33:18,494 - scraper.selenium_scraper - INFO - Scraped tournament 5: TPL 2026 - MEN
2026-02-06 10:33:19,195 - scraper.selenium_scraper - INFO - Scraped tournament 6: SAI Premier League
2026-02-06 10:33:19,889 - scraper.selenium_scraper - INFO - Scraped tournament 7: ELITE PREMIER LEAGUE
2026-02-06 10:33:20,582 - scraper.selenium_scraper - INFO - Scraped tournament 8: VISTA PREMIER LEAGUE SEASON 2
2026-02-06 10:33:21,279 - scraper.selenium_scraper - INFO - Scraped tournament 9: TNPL SEASON 2
2026-02-06 10:33:21,976 - scraper.selenium_scraper - INFO - Scraped tournament 10: JSG Elite Draft
2026-02-06 10:33:22,670 - scraper.selenium_scraper - INFO - Scraped tournament 11: Calicut premier league Qatar
2026-02-06 10:33:23,369 - scraper.selenium_scraper - INFO - Scraped tournament 12: Slough Family League
2026-02-06 10:33:24,062 - scraper.selenium_scraper - INFO - Scraped tournament 13: SUBIC SRILANKAN PREMIER LEAGUE - SEASON 4 - 2026
2026-02-06 10:33:24,757 - scraper.selenium_scraper - INFO - Scraped tournament 14: PH2 Cricket League
2026-02-06 10:33:25,452 - scraper.selenium_scraper - INFO - Scraped tournament 15: Hind Sporting Premier League
2026-02-06 10:33:26,150 - scraper.selenium_scraper - INFO - Scraped tournament 16: MCPL 2026
2026-02-06 10:33:26,871 - scraper.selenium_scraper - INFO - Scraped tournament 17: SIKAR PREMIER LEAGUE 2025
2026-02-06 10:33:27,571 - scraper.selenium_scraper - INFO - Scraped tournament 18: SUPER FOOTBALL CHAMPIONSHIP
2026-02-06 10:33:28,261 - scraper.selenium_scraper - INFO - Scraped tournament 19: BHILAI STEEL PLANT PREMIER LEAGUE
2026-02-06 10:33:28,963 - scraper.selenium_scraper - INFO - Scraped tournament 20: RAMADAN PREMIER LEAGUE SEASON 24
2026-02-06 10:33:28,963 - root - INFO - Successfully scraped 20 tournaments
2026-02-06 10:33:28,964 - root - INFO - Saved scraped data to /home/runner/work/super-player-auction-scraper/super-player-auction-scraper/data/tournament_data_20260206-103328.json
2026-02-06 10:33:28,964 - root - INFO - Initializing Graph API
2026-02-06 10:33:28,964 - excel.graph_api - INFO - Extracted file ID: 9e836ed5-f58f-4dc7-a969-3c62b255f3ea
2026-02-06 10:33:28,964 - excel.graph_api - INFO - Extracted site ID: CorpDevaaf94619130d4a79af9f3aeae502bdb5
2026-02-06 10:33:28,965 - root - INFO - Authenticating with Microsoft Graph API
2026-02-06 10:33:29,425 - excel.graph_api - INFO - Authentication successful
2026-02-06 10:33:29,426 - root - INFO - Updating Excel sheet with scraped data
2026-02-06 10:33:30,073 - excel.graph_api - INFO - Retrieved drive ID: b!MXUqfmBgAkyqAi_g7J1PO_6yKSWnHbZCs3mpe4EkYuX6d8izcdJxRb78S6OW5SIB
2026-02-06 10:33:32,380 - excel.graph_api - INFO - Retrieved 1185 rows from Excel
2026-02-06 10:33:33,910 - excel.graph_api - INFO - Updating range A1187:M1191 with 5 new entries
2026-02-06 10:33:35,421 - excel.graph_api - INFO - Successfully added 5 new tournaments to Excel
2026-02-06 10:33:35,422 - root - INFO - Excel sheet updated successfully
2026-02-06 10:33:35,500 - scraper.selenium_scraper - INFO - Chrome driver closed
2026-02-06 10:33:35,500 - root - INFO - Selenium driver closed
2026-02-06 10:33:35,500 - root - INFO - Script execution completed
