2025-07-29 10:16:18,948 - root - INFO - Logger initialized successfully
2025-07-29 10:16:18,948 - root - INFO - Log file: /home/runner/work/super-player-auction-scraper/super-player-auction-scraper/logs/scraper_20250729_101618.log
2025-07-29 10:16:18,948 - root - INFO - Starting Super Player Auction scraper
2025-07-29 10:16:18,948 - utils.config - INFO - Credentials loaded from environment variables
2025-07-29 10:16:18,949 - utils.config - INFO - Settings loaded successfully
2025-07-29 10:16:18,949 - root - INFO - Initializing Selenium scraper
2025-07-29 10:16:18,949 - scraper.selenium_scraper - INFO - Running in GitHub Actions environment
2025-07-29 10:16:20,642 - selenium.webdriver.common.selenium_manager - WARNING - The chromedriver version (138.0.7204.157) detected in PATH at /usr/bin/chromedriver might not be compatible with the detected chrome version (138.0.7204.157); currently, chromedriver 138.0.7204.168 is recommended for chrome 138.*, so it is advised to delete the driver in PATH and retry
2025-07-29 10:16:28,280 - scraper.selenium_scraper - INFO - Chrome driver initialized successfully
2025-07-29 10:16:28,280 - root - INFO - Scraping tournament data
2025-07-29 10:16:28,280 - scraper.selenium_scraper - INFO - Starting to scrape tournament data
2025-07-29 10:16:29,086 - scraper.selenium_scraper - INFO - Waiting for page to load...
2025-07-29 10:16:34,091 - scraper.selenium_scraper - INFO - Scrolling to load all auction cards...
2025-07-29 10:16:46,236 - scraper.selenium_scraper - INFO - Saved page screenshot to /home/runner/work/super-player-auction-scraper/super-player-auction-scraper/logs/screenshots/page_loaded_20250729101646.png
2025-07-29 10:16:46,236 - scraper.selenium_scraper - INFO - Looking for auction cards...
2025-07-29 10:16:46,267 - scraper.selenium_scraper - INFO - Found 20 auction cards
2025-07-29 10:16:46,982 - scraper.selenium_scraper - INFO - Scraped tournament 1: ArjunDMUP
2025-07-29 10:16:47,675 - scraper.selenium_scraper - INFO - Scraped tournament 2: OSAIMI INTERNAL CRICKET TOURNAMENT
2025-07-29 10:16:48,430 - scraper.selenium_scraper - INFO - Scraped tournament 3: T-10 BTI SILVER LEAGUE SEASON-1
2025-07-29 10:16:49,121 - scraper.selenium_scraper - INFO - Scraped tournament 4: UNITY CUP Series Season 2 (2025-26)
2025-07-29 10:16:49,811 - scraper.selenium_scraper - INFO - Scraped tournament 5: CMA ALUMNI CRICKET LEAGUE-4
2025-07-29 10:16:50,503 - scraper.selenium_scraper - INFO - Scraped tournament 6: NPL Series 2
2025-07-29 10:16:51,201 - scraper.selenium_scraper - INFO - Scraped tournament 7: BPL SEASON 3
2025-07-29 10:16:51,894 - scraper.selenium_scraper - INFO - Scraped tournament 8: Canvas Warriors Cricket Carnival (CWCC),Season 1,2025
2025-07-29 10:16:52,585 - scraper.selenium_scraper - INFO - Scraped tournament 9: KANNUR CHAMPIONS LEAGUE QATAR EDITION
2025-07-29 10:16:53,274 - scraper.selenium_scraper - INFO - Scraped tournament 10: PCA NIGHT CRICKET TOURNAMENT
2025-07-29 10:16:53,978 - scraper.selenium_scraper - INFO - Scraped tournament 11: BOSS Cricket League 2025
2025-07-29 10:16:54,666 - scraper.selenium_scraper - INFO - Scraped tournament 12: RPL
2025-07-29 10:16:55,353 - scraper.selenium_scraper - INFO - Scraped tournament 13: CLT10
2025-07-29 10:16:56,047 - scraper.selenium_scraper - INFO - Scraped tournament 14: THE UNITY CUP CHHURA SEASON 1
2025-07-29 10:16:56,736 - scraper.selenium_scraper - INFO - Scraped tournament 15: Karnataka Rajatha Cup 2025
2025-07-29 10:16:57,425 - scraper.selenium_scraper - INFO - Scraped tournament 16: SANDALWOOD PREMIER LEAGUE
2025-07-29 10:16:58,119 - scraper.selenium_scraper - INFO - Scraped tournament 17: Aanjana premier League Sardarpura (Rana)
2025-07-29 10:16:58,820 - scraper.selenium_scraper - INFO - Scraped tournament 18: Petlurivaripalm Premier League Season -1
2025-07-29 10:16:59,521 - scraper.selenium_scraper - INFO - Scraped tournament 19: Dholi Samaj Premiere League Sisseion-2
2025-07-29 10:17:00,210 - scraper.selenium_scraper - INFO - Scraped tournament 20: PCL3
2025-07-29 10:17:00,210 - root - INFO - Successfully scraped 20 tournaments
2025-07-29 10:17:00,211 - root - INFO - Saved scraped data to /home/runner/work/super-player-auction-scraper/super-player-auction-scraper/data/tournament_data_20250729-101700.json
2025-07-29 10:17:00,211 - root - INFO - Initializing Graph API
2025-07-29 10:17:00,211 - excel.graph_api - INFO - Extracted file ID: 9e836ed5-f58f-4dc7-a969-3c62b255f3ea
2025-07-29 10:17:00,212 - excel.graph_api - INFO - Extracted site ID: CorpDevaaf94619130d4a79af9f3aeae502bdb5
2025-07-29 10:17:00,212 - root - INFO - Authenticating with Microsoft Graph API
2025-07-29 10:17:00,581 - excel.graph_api - INFO - Authentication successful
2025-07-29 10:17:00,581 - root - INFO - Updating Excel sheet with scraped data
2025-07-29 10:17:01,067 - excel.graph_api - INFO - Retrieved drive ID: b!MXUqfmBgAkyqAi_g7J1PO_6yKSWnHbZCs3mpe4EkYuX6d8izcdJxRb78S6OW5SIB
2025-07-29 10:17:02,152 - excel.graph_api - INFO - Retrieved 338 rows from Excel
2025-07-29 10:17:02,774 - excel.graph_api - INFO - Updating range A340:M343 with 4 new entries
2025-07-29 10:17:03,655 - excel.graph_api - INFO - Successfully added 4 new tournaments to Excel
2025-07-29 10:17:03,656 - root - INFO - Excel sheet updated successfully
2025-07-29 10:17:03,724 - scraper.selenium_scraper - INFO - Chrome driver closed
2025-07-29 10:17:03,724 - root - INFO - Selenium driver closed
2025-07-29 10:17:03,724 - root - INFO - Script execution completed
