2026-05-11 17:19:53,102 - root - INFO - Logger initialized successfully
2026-05-11 17:19:53,102 - root - INFO - Log file: /home/runner/work/super-player-auction-scraper/super-player-auction-scraper/logs/scraper_20260511_171953.log
2026-05-11 17:19:53,102 - root - INFO - Starting Super Player Auction scraper
2026-05-11 17:19:53,102 - utils.config - INFO - Credentials loaded from environment variables
2026-05-11 17:19:53,102 - utils.config - INFO - Settings loaded successfully
2026-05-11 17:19:53,103 - root - INFO - Initializing Selenium scraper
2026-05-11 17:19:53,103 - scraper.selenium_scraper - INFO - Running in GitHub Actions environment
2026-05-11 17:19:54,933 - selenium.webdriver.common.selenium_manager - WARNING - The chromedriver version (147.0.7727.56) detected in PATH at /usr/bin/chromedriver might not be compatible with the detected chrome version (147.0.7727.55); currently, chromedriver 147.0.7727.117 is recommended for chrome 147.*, so it is advised to delete the driver in PATH and retry
2026-05-11 17:20:02,775 - scraper.selenium_scraper - INFO - Chrome driver initialized successfully
2026-05-11 17:20:02,775 - root - INFO - Scraping tournament data
2026-05-11 17:20:02,775 - scraper.selenium_scraper - INFO - Starting to scrape tournament data
2026-05-11 17:20:03,432 - scraper.selenium_scraper - INFO - Waiting for page to load...
2026-05-11 17:20:08,437 - scraper.selenium_scraper - INFO - Scrolling to load all auction cards...
2026-05-11 17:20:20,563 - scraper.selenium_scraper - INFO - Saved page screenshot to /home/runner/work/super-player-auction-scraper/super-player-auction-scraper/logs/screenshots/page_loaded_20260511172020.png
2026-05-11 17:20:20,563 - scraper.selenium_scraper - INFO - Looking for auction cards...
2026-05-11 17:20:20,587 - scraper.selenium_scraper - INFO - Found 20 auction cards
2026-05-11 17:20:21,317 - scraper.selenium_scraper - INFO - Scraped tournament 1: SPL 3
2026-05-11 17:20:22,054 - scraper.selenium_scraper - INFO - Scraped tournament 2: SCL MANALI
2026-05-11 17:20:22,743 - scraper.selenium_scraper - INFO - Scraped tournament 3: Hariprabodham Cricket League Season 4.0
2026-05-11 17:20:23,433 - scraper.selenium_scraper - INFO - Scraped tournament 4: SUPER FOOTBALL CHAMPIONSHIP
2026-05-11 17:20:24,126 - scraper.selenium_scraper - INFO - Scraped tournament 5: REPUBLIC CUP 2.0
2026-05-11 17:20:24,818 - scraper.selenium_scraper - INFO - Scraped tournament 6: Auction Demo Jodi
2026-05-11 17:20:25,508 - scraper.selenium_scraper - INFO - Scraped tournament 7: Super Cricket League
2026-05-11 17:20:26,197 - scraper.selenium_scraper - INFO - Scraped tournament 8: SIKAR PREMIER LEAGUE 2025
2026-05-11 17:20:26,885 - scraper.selenium_scraper - INFO - Scraped tournament 9: BJP
2026-05-11 17:20:27,575 - scraper.selenium_scraper - INFO - Scraped tournament 10: SUPER LEAGUE GROUP
2026-05-11 17:20:28,273 - scraper.selenium_scraper - INFO - Scraped tournament 11: SUPER CRICKET LEAGUE
2026-05-11 17:20:28,963 - scraper.selenium_scraper - INFO - Scraped tournament 12: JITO PICKLE BALL TOURNAMENT 2026
2026-05-11 17:20:29,652 - scraper.selenium_scraper - INFO - Scraped tournament 13: Himachal Tennis Cricket League T10
2026-05-11 17:20:30,343 - scraper.selenium_scraper - INFO - Scraped tournament 14: SATARA DISTRICT PREMIER LEAGUE
2026-05-11 17:20:31,035 - scraper.selenium_scraper - INFO - Scraped tournament 15: NAHAR BHAVAN CUP 2026
2026-05-11 17:20:31,728 - scraper.selenium_scraper - INFO - Scraped tournament 16: Nexion Pickleball Premier League
2026-05-11 17:20:32,420 - scraper.selenium_scraper - INFO - Scraped tournament 17: Komi Ekta Box CRICKET Tournament
2026-05-11 17:20:33,111 - scraper.selenium_scraper - INFO - Scraped tournament 18: GRAMIN PREMIER LEAGUE (GPL) -2026 SHAKTINAGAR
2026-05-11 17:20:33,812 - scraper.selenium_scraper - INFO - Scraped tournament 19: मेघवाल प्रीमियर लीग जयपुर आक्शन
2026-05-11 17:20:34,501 - scraper.selenium_scraper - INFO - Scraped tournament 20: ANA PREMIER LEAGUE-2
2026-05-11 17:20:34,501 - root - INFO - Successfully scraped 20 tournaments
2026-05-11 17:20:34,502 - root - INFO - Saved scraped data to /home/runner/work/super-player-auction-scraper/super-player-auction-scraper/data/tournament_data_20260511-172034.json
2026-05-11 17:20:34,502 - root - INFO - Initializing Graph API
2026-05-11 17:20:34,502 - excel.graph_api - INFO - Extracted file ID: 9e836ed5-f58f-4dc7-a969-3c62b255f3ea
2026-05-11 17:20:34,502 - excel.graph_api - INFO - Extracted site ID: CorpDevaaf94619130d4a79af9f3aeae502bdb5
2026-05-11 17:20:34,502 - root - INFO - Authenticating with Microsoft Graph API
2026-05-11 17:20:34,661 - excel.graph_api - INFO - Authentication successful
2026-05-11 17:20:34,661 - root - INFO - Updating Excel sheet with scraped data
2026-05-11 17:20:35,255 - excel.graph_api - INFO - Retrieved drive ID: b!MXUqfmBgAkyqAi_g7J1PO_6yKSWnHbZCs3mpe4EkYuX6d8izcdJxRb78S6OW5SIB
2026-05-11 17:20:37,570 - excel.graph_api - INFO - Retrieved 1590 rows from Excel
2026-05-11 17:20:38,822 - excel.graph_api - INFO - No new tournaments to add
2026-05-11 17:20:38,824 - root - INFO - Excel sheet updated successfully
2026-05-11 17:20:38,903 - scraper.selenium_scraper - INFO - Chrome driver closed
2026-05-11 17:20:38,904 - root - INFO - Selenium driver closed
2026-05-11 17:20:38,904 - root - INFO - Script execution completed
