2025-05-26 10:46:58,779 - root - INFO - Logger initialized successfully
2025-05-26 10:46:58,779 - root - INFO - Log file: /home/runner/work/super-player-auction-scraper/super-player-auction-scraper/logs/scraper_20250526_104658.log
2025-05-26 10:46:58,779 - root - INFO - Starting Super Player Auction scraper
2025-05-26 10:46:58,779 - utils.config - INFO - Credentials loaded from environment variables
2025-05-26 10:46:58,780 - utils.config - INFO - Settings loaded successfully
2025-05-26 10:46:58,780 - root - INFO - Initializing Selenium scraper
2025-05-26 10:46:58,780 - scraper.selenium_scraper - INFO - Running in GitHub Actions environment
2025-05-26 10:47:00,757 - selenium.webdriver.common.selenium_manager - WARNING - The chromedriver version (136.0.7103.92) detected in PATH at /usr/bin/chromedriver might not be compatible with the detected chrome version (136.0.7103.92); currently, chromedriver 136.0.7103.113 is recommended for chrome 136.*, so it is advised to delete the driver in PATH and retry
2025-05-26 10:47:08,774 - scraper.selenium_scraper - INFO - Chrome driver initialized successfully
2025-05-26 10:47:08,775 - root - INFO - Scraping tournament data
2025-05-26 10:47:08,775 - scraper.selenium_scraper - INFO - Starting to scrape tournament data
2025-05-26 10:47:09,480 - scraper.selenium_scraper - INFO - Waiting for page to load...
2025-05-26 10:47:14,486 - scraper.selenium_scraper - INFO - Scrolling to load all auction cards...
2025-05-26 10:47:27,059 - scraper.selenium_scraper - INFO - Saved page screenshot to /home/runner/work/super-player-auction-scraper/super-player-auction-scraper/logs/screenshots/page_loaded_20250526104726.png
2025-05-26 10:47:27,060 - scraper.selenium_scraper - INFO - Looking for auction cards...
2025-05-26 10:47:27,088 - scraper.selenium_scraper - INFO - Found 20 auction cards
2025-05-26 10:47:27,815 - scraper.selenium_scraper - INFO - Scraped tournament 1: MARC Malappuram Premier league S2
2025-05-26 10:47:28,512 - scraper.selenium_scraper - INFO - Scraped tournament 2: PALAKKAD CRICKET LEAGUE
2025-05-26 10:47:29,299 - scraper.selenium_scraper - INFO - Scraped tournament 3: ArjunDMUP
2025-05-26 10:47:29,993 - scraper.selenium_scraper - INFO - Scraped tournament 4: RJ54 CRICKET LEAGUE SEASON 2
2025-05-26 10:47:30,692 - scraper.selenium_scraper - INFO - Scraped tournament 5: PKPPL Season 06
2025-05-26 10:47:31,386 - scraper.selenium_scraper - INFO - Scraped tournament 6: SCLPS league
2025-05-26 10:47:32,090 - scraper.selenium_scraper - INFO - Scraped tournament 7: FABLEAGUE PREMIER
2025-05-26 10:47:32,782 - scraper.selenium_scraper - INFO - Scraped tournament 8: Acharya premier league s1
2025-05-26 10:47:33,475 - scraper.selenium_scraper - INFO - Scraped tournament 9: dt test
2025-05-26 10:47:34,168 - scraper.selenium_scraper - INFO - Scraped tournament 10: THE CAPITAL PREMIER LEAGUE
2025-05-26 10:47:34,858 - scraper.selenium_scraper - INFO - Scraped tournament 11: Prestige Premier League - Season 5
2025-05-26 10:47:35,549 - scraper.selenium_scraper - INFO - Scraped tournament 12: Parisara Premi Premiere League
2025-05-26 10:47:36,239 - scraper.selenium_scraper - INFO - Scraped tournament 13: Sports Hub Football League
2025-05-26 10:47:36,928 - scraper.selenium_scraper - INFO - Scraped tournament 14: Sanganer Auction
2025-05-26 10:47:37,635 - scraper.selenium_scraper - INFO - Scraped tournament 15: PPL SEASON 1
2025-05-26 10:47:38,323 - scraper.selenium_scraper - INFO - Scraped tournament 16: simhagharjane cup ಸಿಂಹಘರ್ಜನೆ ಕಪ್
2025-05-26 10:47:39,015 - scraper.selenium_scraper - INFO - Scraped tournament 17: Kabaddi
2025-05-26 10:47:39,708 - scraper.selenium_scraper - INFO - Scraped tournament 18: PPL Challengers Series 1.0
2025-05-26 10:47:40,395 - scraper.selenium_scraper - INFO - Scraped tournament 19: Hpl
2025-05-26 10:47:41,094 - scraper.selenium_scraper - INFO - Scraped tournament 20: MBT - II
2025-05-26 10:47:41,095 - root - INFO - Successfully scraped 20 tournaments
2025-05-26 10:47:41,095 - root - INFO - Saved scraped data to /home/runner/work/super-player-auction-scraper/super-player-auction-scraper/data/tournament_data_20250526-104741.json
2025-05-26 10:47:41,095 - root - INFO - Initializing Graph API
2025-05-26 10:47:41,096 - excel.graph_api - INFO - Extracted file ID: 9e836ed5-f58f-4dc7-a969-3c62b255f3ea
2025-05-26 10:47:41,096 - excel.graph_api - INFO - Extracted site ID: CorpDevaaf94619130d4a79af9f3aeae502bdb5
2025-05-26 10:47:41,096 - root - INFO - Authenticating with Microsoft Graph API
2025-05-26 10:47:41,482 - excel.graph_api - INFO - Authentication successful
2025-05-26 10:47:41,482 - root - INFO - Updating Excel sheet with scraped data
2025-05-26 10:47:42,068 - excel.graph_api - INFO - Retrieved drive ID: b!MXUqfmBgAkyqAi_g7J1PO_6yKSWnHbZCs3mpe4EkYuX6d8izcdJxRb78S6OW5SIB
2025-05-26 10:47:42,853 - excel.graph_api - INFO - Retrieved 192 rows from Excel
2025-05-26 10:47:43,381 - excel.graph_api - INFO - Updating range A194:M196 with 3 new entries
2025-05-26 10:47:44,168 - excel.graph_api - INFO - Successfully added 3 new tournaments to Excel
2025-05-26 10:47:44,169 - root - INFO - Excel sheet updated successfully
2025-05-26 10:47:44,237 - scraper.selenium_scraper - INFO - Chrome driver closed
2025-05-26 10:47:44,237 - root - INFO - Selenium driver closed
2025-05-26 10:47:44,237 - root - INFO - Script execution completed
