2025-05-20 15:06:16,197 - root - INFO - Logger initialized successfully
2025-05-20 15:06:16,197 - root - INFO - Log file: C:\Users\darsh\OneDrive\Desktop\Selenium testing\chromedriver-win64 (1)\chromedriver-win64\super-player-auction-scraper\logs\scraper_20250520_150616.log
2025-05-20 15:06:16,197 - root - INFO - Starting Super Player Auction scraper
2025-05-20 15:06:16,197 - utils.config - INFO - Using credentials from alternate path: c:\Users\darsh\OneDrive\Desktop\Selenium testing\chromedriver-win64 (1)\chromedriver-win64\Scapper_superplayer\id.txt
2025-05-20 15:06:16,197 - utils.config - INFO - Credentials loaded successfully
2025-05-20 15:06:16,203 - utils.config - INFO - Settings loaded successfully
2025-05-20 15:06:16,203 - root - INFO - Initializing Selenium scraper
2025-05-20 15:06:16,203 - WDM - INFO - ====== WebDriver manager ======
2025-05-20 15:06:17,224 - WDM - INFO - Get LATEST chromedriver version for google-chrome
2025-05-20 15:06:17,432 - WDM - INFO - Get LATEST chromedriver version for google-chrome
2025-05-20 15:06:17,632 - WDM - INFO - Driver [C:\Users\darsh\.wdm\drivers\chromedriver\win64\136.0.7103.94\chromedriver-win32/chromedriver.exe] found in cache
2025-05-20 15:06:18,772 - scraper.selenium_scraper - INFO - Chrome driver initialized successfully
2025-05-20 15:06:18,773 - root - INFO - Scraping tournament data
2025-05-20 15:06:18,773 - scraper.selenium_scraper - INFO - Starting to scrape tournament data
2025-05-20 15:06:20,919 - scraper.selenium_scraper - INFO - Waiting for page to load...
2025-05-20 15:06:25,930 - scraper.selenium_scraper - INFO - Scrolling to load all auction cards...
2025-05-20 15:06:38,474 - scraper.selenium_scraper - INFO - Saved page screenshot to C:\Users\darsh\OneDrive\Desktop\Selenium testing\chromedriver-win64 (1)\chromedriver-win64\super-player-auction-scraper\logs\screenshots\page_loaded_20250520150638.png
2025-05-20 15:06:38,475 - scraper.selenium_scraper - INFO - Looking for auction cards...
2025-05-20 15:06:38,500 - scraper.selenium_scraper - INFO - Found 20 auction cards
2025-05-20 15:06:39,219 - scraper.selenium_scraper - INFO - Scraped tournament 1: Hariprabodham Premier League
2025-05-20 15:06:39,900 - scraper.selenium_scraper - INFO - Scraped tournament 2: MARC Malappuram Premier league S2
2025-05-20 15:06:40,649 - scraper.selenium_scraper - INFO - Scraped tournament 3: ArjunDMUP
2025-05-20 15:06:41,336 - scraper.selenium_scraper - INFO - Scraped tournament 4: PALAKKAD CRICKET LEAGUE
2025-05-20 15:06:42,008 - scraper.selenium_scraper - INFO - Scraped tournament 5: Elite Cricket Championship
2025-05-20 15:06:42,683 - scraper.selenium_scraper - INFO - Scraped tournament 6: Hariprabodham Parivar Cricket League
2025-05-20 15:06:43,353 - scraper.selenium_scraper - INFO - Scraped tournament 7: RJ54 CRICKET LEAGUE SEASON 2
2025-05-20 15:06:44,025 - scraper.selenium_scraper - INFO - Scraped tournament 8: PKPPL Season 06
2025-05-20 15:06:44,684 - scraper.selenium_scraper - INFO - Scraped tournament 9: Naresh Cup
2025-05-20 15:06:45,374 - scraper.selenium_scraper - INFO - Scraped tournament 10: TAGARAPUVALASA PREMIER LEAGUE
2025-05-20 15:06:46,047 - scraper.selenium_scraper - INFO - Scraped tournament 11: Bhatgram Premier League
2025-05-20 15:06:46,715 - scraper.selenium_scraper - INFO - Scraped tournament 12: TITAN LEAGUE GRAND SEASON 3
2025-05-20 15:06:47,375 - scraper.selenium_scraper - INFO - Scraped tournament 13: SUPER LEAGUE
2025-05-20 15:06:48,049 - scraper.selenium_scraper - INFO - Scraped tournament 14: TITAN LEAGUE GRAND SEASON 3
2025-05-20 15:06:48,750 - scraper.selenium_scraper - INFO - Scraped tournament 15: Indian Premier League Auction 2025
2025-05-20 15:06:49,414 - scraper.selenium_scraper - INFO - Scraped tournament 16: Kakina Super League-2025
2025-05-20 15:06:50,087 - scraper.selenium_scraper - INFO - Scraped tournament 17: Amar Ujala Premier League
2025-05-20 15:06:50,755 - scraper.selenium_scraper - INFO - Scraped tournament 18: Hpl
2025-05-20 15:06:51,444 - scraper.selenium_scraper - INFO - Scraped tournament 19: FABLEAGUE PREMIER
2025-05-20 15:06:52,113 - scraper.selenium_scraper - INFO - Scraped tournament 20: dt test
2025-05-20 15:06:52,114 - root - INFO - Successfully scraped 20 tournaments
2025-05-20 15:06:52,116 - root - INFO - Saved scraped data to C:\Users\darsh\OneDrive\Desktop\Selenium testing\chromedriver-win64 (1)\chromedriver-win64\super-player-auction-scraper\data\tournament_data_20250520-150652.json
2025-05-20 15:06:52,116 - root - INFO - Initializing Graph API
2025-05-20 15:06:52,117 - excel.graph_api - INFO - Extracted file ID: 9e836ed5-f58f-4dc7-a969-3c62b255f3ea
2025-05-20 15:06:52,117 - excel.graph_api - INFO - Extracted site ID: CorpDevaaf94619130d4a79af9f3aeae502bdb5
2025-05-20 15:06:52,117 - root - INFO - Authenticating with Microsoft Graph API
2025-05-20 15:06:53,789 - excel.graph_api - INFO - Authentication successful
2025-05-20 15:06:53,789 - root - INFO - Updating Excel sheet with scraped data
2025-05-20 15:06:54,227 - excel.graph_api - INFO - Retrieved drive ID: b!MXUqfmBgAkyqAi_g7J1PO_6yKSWnHbZCs3mpe4EkYuX6d8izcdJxRb78S6OW5SIB
2025-05-20 15:06:56,487 - excel.graph_api - INFO - Retrieved 164 rows from Excel
2025-05-20 15:06:58,253 - excel.graph_api - INFO - Updating range A166:M184 with 19 new entries
2025-05-20 15:07:01,808 - excel.graph_api - INFO - Successfully added 19 new tournaments to Excel
2025-05-20 15:07:01,808 - root - INFO - Excel sheet updated successfully
2025-05-20 15:07:04,164 - scraper.selenium_scraper - INFO - Chrome driver closed
2025-05-20 15:07:04,164 - root - INFO - Selenium driver closed
2025-05-20 15:07:04,164 - root - INFO - Script execution completed
