2026-03-07 10:17:07,096 - root - INFO - Logger initialized successfully
2026-03-07 10:17:07,096 - root - INFO - Log file: /home/runner/work/super-player-auction-scraper/super-player-auction-scraper/logs/scraper_20260307_101707.log
2026-03-07 10:17:07,096 - root - INFO - Starting Super Player Auction scraper
2026-03-07 10:17:07,096 - utils.config - INFO - Credentials loaded from environment variables
2026-03-07 10:17:07,096 - utils.config - INFO - Settings loaded successfully
2026-03-07 10:17:07,096 - root - INFO - Initializing Selenium scraper
2026-03-07 10:17:07,096 - scraper.selenium_scraper - INFO - Running in GitHub Actions environment
2026-03-07 10:17:15,215 - scraper.selenium_scraper - INFO - Chrome driver initialized successfully
2026-03-07 10:17:15,215 - root - INFO - Scraping tournament data
2026-03-07 10:17:15,215 - scraper.selenium_scraper - INFO - Starting to scrape tournament data
2026-03-07 10:17:15,959 - scraper.selenium_scraper - INFO - Waiting for page to load...
2026-03-07 10:17:20,964 - scraper.selenium_scraper - INFO - Scrolling to load all auction cards...
2026-03-07 10:17:33,096 - scraper.selenium_scraper - INFO - Saved page screenshot to /home/runner/work/super-player-auction-scraper/super-player-auction-scraper/logs/screenshots/page_loaded_20260307101733.png
2026-03-07 10:17:33,096 - scraper.selenium_scraper - INFO - Looking for auction cards...
2026-03-07 10:17:33,119 - scraper.selenium_scraper - INFO - Found 20 auction cards
2026-03-07 10:17:33,840 - scraper.selenium_scraper - INFO - Scraped tournament 1: Hind Sporting Premier League
2026-03-07 10:17:34,572 - scraper.selenium_scraper - INFO - Scraped tournament 2: TMCC T10 Cricket Tournament 9th Edition
2026-03-07 10:17:35,261 - scraper.selenium_scraper - INFO - Scraped tournament 3: SUMMER SUPER LEAGUE SEASON-2
2026-03-07 10:17:35,949 - scraper.selenium_scraper - INFO - Scraped tournament 4: RELIANCE SPL 2026
2026-03-07 10:17:36,636 - scraper.selenium_scraper - INFO - Scraped tournament 5: SPL-2
2026-03-07 10:17:37,323 - scraper.selenium_scraper - INFO - Scraped tournament 6: MCPL 2026
2026-03-07 10:17:38,014 - scraper.selenium_scraper - INFO - Scraped tournament 7: NOTANDAS PREMIER LEAGUE (NPL)
2026-03-07 10:17:38,705 - scraper.selenium_scraper - INFO - Scraped tournament 8: UNITY CUP SEASON 3 [2026-27]
2026-03-07 10:17:39,394 - scraper.selenium_scraper - INFO - Scraped tournament 9: SIKAR PREMIER LEAGUE 2025
2026-03-07 10:17:40,087 - scraper.selenium_scraper - INFO - Scraped tournament 10: ROHAT PREMIER LEAGUE
2026-03-07 10:17:40,775 - scraper.selenium_scraper - INFO - Scraped tournament 11: SUPER FOOTBALL CHAMPIONSHIP
2026-03-07 10:17:41,466 - scraper.selenium_scraper - INFO - Scraped tournament 12: REPUBLIC CUP 2.0
2026-03-07 10:17:42,155 - scraper.selenium_scraper - INFO - Scraped tournament 13: NPL
2026-03-07 10:17:42,843 - scraper.selenium_scraper - INFO - Scraped tournament 14: BJP
2026-03-07 10:17:43,531 - scraper.selenium_scraper - INFO - Scraped tournament 15: SUPER CRICKRT LEAGUE - MAHIPAL
2026-03-07 10:17:44,218 - scraper.selenium_scraper - INFO - Scraped tournament 16: PRAHAR PREMIER LEAGUE 2026
2026-03-07 10:17:44,910 - scraper.selenium_scraper - INFO - Scraped tournament 17: WINNERS PREMIER LEAGUE, AYYAMPUZHA, SEASON 5
2026-03-07 10:17:45,602 - scraper.selenium_scraper - INFO - Scraped tournament 18: JSCA BOX CRICKET LEAGUE 2026 - MENS
2026-03-07 10:17:46,289 - scraper.selenium_scraper - INFO - Scraped tournament 19: JSCA BOX CRICKET LEAGUE 2026 - WOMENS
2026-03-07 10:17:46,983 - scraper.selenium_scraper - INFO - Scraped tournament 20: WANTRAG PREMIER LEAGUE
2026-03-07 10:17:46,983 - root - INFO - Successfully scraped 20 tournaments
2026-03-07 10:17:46,983 - root - INFO - Saved scraped data to /home/runner/work/super-player-auction-scraper/super-player-auction-scraper/data/tournament_data_20260307-101746.json
2026-03-07 10:17:46,983 - root - INFO - Initializing Graph API
2026-03-07 10:17:46,984 - excel.graph_api - INFO - Extracted file ID: 9e836ed5-f58f-4dc7-a969-3c62b255f3ea
2026-03-07 10:17:46,984 - excel.graph_api - INFO - Extracted site ID: CorpDevaaf94619130d4a79af9f3aeae502bdb5
2026-03-07 10:17:46,984 - root - INFO - Authenticating with Microsoft Graph API
2026-03-07 10:17:47,457 - excel.graph_api - INFO - Authentication successful
2026-03-07 10:17:47,457 - root - INFO - Updating Excel sheet with scraped data
2026-03-07 10:17:48,006 - excel.graph_api - INFO - Retrieved drive ID: b!MXUqfmBgAkyqAi_g7J1PO_6yKSWnHbZCs3mpe4EkYuX6d8izcdJxRb78S6OW5SIB
2026-03-07 10:17:50,164 - excel.graph_api - INFO - Retrieved 1309 rows from Excel
2026-03-07 10:17:51,511 - excel.graph_api - INFO - Updating range A1311:M1312 with 2 new entries
2026-03-07 10:17:52,931 - excel.graph_api - INFO - Successfully added 2 new tournaments to Excel
2026-03-07 10:17:52,933 - root - INFO - Excel sheet updated successfully
2026-03-07 10:17:53,010 - scraper.selenium_scraper - INFO - Chrome driver closed
2026-03-07 10:17:53,010 - root - INFO - Selenium driver closed
2026-03-07 10:17:53,010 - root - INFO - Script execution completed
