2025-11-26 15:12:59,340 - root - INFO - Logger initialized successfully
2025-11-26 15:12:59,340 - root - INFO - Log file: /home/runner/work/super-player-auction-scraper/super-player-auction-scraper/logs/scraper_20251126_151259.log
2025-11-26 15:12:59,340 - root - INFO - Starting Super Player Auction scraper
2025-11-26 15:12:59,340 - utils.config - INFO - Credentials loaded from environment variables
2025-11-26 15:12:59,340 - utils.config - INFO - Settings loaded successfully
2025-11-26 15:12:59,340 - root - INFO - Initializing Selenium scraper
2025-11-26 15:12:59,340 - scraper.selenium_scraper - INFO - Running in GitHub Actions environment
2025-11-26 15:13:00,816 - selenium.webdriver.common.selenium_manager - WARNING - The chromedriver version (142.0.7444.162) detected in PATH at /usr/bin/chromedriver might not be compatible with the detected chrome version (142.0.7444.162); currently, chromedriver 142.0.7444.175 is recommended for chrome 142.*, so it is advised to delete the driver in PATH and retry
2025-11-26 15:13:05,981 - scraper.selenium_scraper - INFO - Chrome driver initialized successfully
2025-11-26 15:13:05,981 - root - INFO - Scraping tournament data
2025-11-26 15:13:05,981 - scraper.selenium_scraper - INFO - Starting to scrape tournament data
2025-11-26 15:13:06,692 - scraper.selenium_scraper - INFO - Waiting for page to load...
2025-11-26 15:13:11,696 - scraper.selenium_scraper - INFO - Scrolling to load all auction cards...
2025-11-26 15:13:23,823 - scraper.selenium_scraper - INFO - Saved page screenshot to /home/runner/work/super-player-auction-scraper/super-player-auction-scraper/logs/screenshots/page_loaded_20251126151323.png
2025-11-26 15:13:23,823 - scraper.selenium_scraper - INFO - Looking for auction cards...
2025-11-26 15:13:23,850 - scraper.selenium_scraper - INFO - Found 20 auction cards
2025-11-26 15:13:24,572 - scraper.selenium_scraper - INFO - Scraped tournament 1: SARTHAK NIVESH PRESENTS JCI CHAMPIONS LEAGUE 2025
2025-11-26 15:13:25,279 - scraper.selenium_scraper - INFO - Scraped tournament 2: Arjun DEMO
2025-11-26 15:13:25,971 - scraper.selenium_scraper - INFO - Scraped tournament 3: Streamify Cup Silver Category
2025-11-26 15:13:26,660 - scraper.selenium_scraper - INFO - Scraped tournament 4: Streamify Cup Open Category
2025-11-26 15:13:27,347 - scraper.selenium_scraper - INFO - Scraped tournament 5: ABSA BUNTS CUP 4TH EDITION
2025-11-26 15:13:28,041 - scraper.selenium_scraper - INFO - Scraped tournament 6: CCL 2.0 PREMIER LEAGUE SEASON 1
2025-11-26 15:13:28,730 - scraper.selenium_scraper - INFO - Scraped tournament 7: Bhatkal Premier League - 2026
2025-11-26 15:13:29,419 - scraper.selenium_scraper - INFO - Scraped tournament 8: Sindhi Premier League 6.0
2025-11-26 15:13:30,108 - scraper.selenium_scraper - INFO - Scraped tournament 9: Brotherhood Youth Premier League Season-2 2025-26
2025-11-26 15:13:30,797 - scraper.selenium_scraper - INFO - Scraped tournament 10: CHAMPIONS LEAGUE FOOTBALL SEASON 4
2025-11-26 15:13:31,492 - scraper.selenium_scraper - INFO - Scraped tournament 11: Delta Football League
2025-11-26 15:13:32,182 - scraper.selenium_scraper - INFO - Scraped tournament 12: શ્રી સૌરાષ્ટ્ર લેઉઆ પટેલ યુવક મંડળ , નવસારી
2025-11-26 15:13:32,872 - scraper.selenium_scraper - INFO - Scraped tournament 13: MPL SEASON-8
2025-11-26 15:13:33,561 - scraper.selenium_scraper - INFO - Scraped tournament 14: CPL SESSION 2
2025-11-26 15:13:34,250 - scraper.selenium_scraper - INFO - Scraped tournament 15: BlackBeard Cricket League
2025-11-26 15:13:34,938 - scraper.selenium_scraper - INFO - Scraped tournament 16: CKPL - 2
2025-11-26 15:13:35,631 - scraper.selenium_scraper - INFO - Scraped tournament 17: Jain Legend Championships
2025-11-26 15:13:36,358 - scraper.selenium_scraper - INFO - Scraped tournament 18: Fighters Premier League
2025-11-26 15:13:37,049 - scraper.selenium_scraper - INFO - Scraped tournament 19: SSPL - 08
2025-11-26 15:13:37,740 - scraper.selenium_scraper - INFO - Scraped tournament 20: Player Draft Demo
2025-11-26 15:13:37,740 - root - INFO - Successfully scraped 20 tournaments
2025-11-26 15:13:37,741 - root - INFO - Saved scraped data to /home/runner/work/super-player-auction-scraper/super-player-auction-scraper/data/tournament_data_20251126-151337.json
2025-11-26 15:13:37,741 - root - INFO - Initializing Graph API
2025-11-26 15:13:37,741 - excel.graph_api - INFO - Extracted file ID: 9e836ed5-f58f-4dc7-a969-3c62b255f3ea
2025-11-26 15:13:37,741 - excel.graph_api - INFO - Extracted site ID: CorpDevaaf94619130d4a79af9f3aeae502bdb5
2025-11-26 15:13:37,741 - root - INFO - Authenticating with Microsoft Graph API
2025-11-26 15:13:37,897 - excel.graph_api - ERROR - Authentication failed: AADSTS7000222: The provided client secret keys for app 'f45467f0-629b-4712-a029-cd1289854747' are expired. Visit the Azure portal to create new keys for your app: https://aka.ms/NewClientSecret, or consider using certificate credentials for added security: https://aka.ms/certCreds. Trace ID: bb319d10-6b58-48da-9878-e0b5e65c2d01 Correlation ID: b4a6b2ed-cbd6-4adb-93af-127b89cf2f03 Timestamp: 2025-11-26 15:13:37Z
2025-11-26 15:13:37,897 - root - ERROR - Failed to authenticate with Microsoft Graph API
2025-11-26 15:13:37,968 - scraper.selenium_scraper - INFO - Chrome driver closed
2025-11-26 15:13:37,968 - root - INFO - Selenium driver closed
2025-11-26 15:13:37,968 - root - INFO - Script execution completed
