2025-06-27 10:15:05,264 - root - INFO - Logger initialized successfully
2025-06-27 10:15:05,264 - root - INFO - Log file: /home/runner/work/super-player-auction-scraper/super-player-auction-scraper/logs/scraper_20250627_101505.log
2025-06-27 10:15:05,264 - root - INFO - Starting Super Player Auction scraper
2025-06-27 10:15:05,264 - utils.config - INFO - Credentials loaded from environment variables
2025-06-27 10:15:05,264 - utils.config - INFO - Settings loaded successfully
2025-06-27 10:15:05,264 - root - INFO - Initializing Selenium scraper
2025-06-27 10:15:05,264 - scraper.selenium_scraper - INFO - Running in GitHub Actions environment
2025-06-27 10:15:07,163 - scraper.selenium_scraper - INFO - Chrome driver initialized successfully
2025-06-27 10:15:07,164 - root - INFO - Scraping tournament data
2025-06-27 10:15:07,164 - scraper.selenium_scraper - INFO - Starting to scrape tournament data
2025-06-27 10:15:07,579 - scraper.selenium_scraper - INFO - Waiting for page to load...
2025-06-27 10:15:12,585 - scraper.selenium_scraper - INFO - Scrolling to load all auction cards...
2025-06-27 10:15:24,701 - scraper.selenium_scraper - INFO - Saved page screenshot to /home/runner/work/super-player-auction-scraper/super-player-auction-scraper/logs/screenshots/page_loaded_20250627101524.png
2025-06-27 10:15:24,701 - scraper.selenium_scraper - INFO - Looking for auction cards...
2025-06-27 10:15:24,725 - scraper.selenium_scraper - INFO - Found 20 auction cards
2025-06-27 10:15:25,450 - scraper.selenium_scraper - INFO - Scraped tournament 1: Design Incredibowl
2025-06-27 10:15:26,148 - scraper.selenium_scraper - INFO - Scraped tournament 2: Tekri Premier League
2025-06-27 10:15:26,857 - scraper.selenium_scraper - INFO - Scraped tournament 3: PALAKKAD CRICKET LEAGUE
2025-06-27 10:15:27,549 - scraper.selenium_scraper - INFO - Scraped tournament 4: Surya Cup Season 7
2025-06-27 10:15:28,243 - scraper.selenium_scraper - INFO - Scraped tournament 5: ArjunDMUP
2025-06-27 10:15:28,935 - scraper.selenium_scraper - INFO - Scraped tournament 6: UiC - GULF LEAGUE 2025
2025-06-27 10:15:29,631 - scraper.selenium_scraper - INFO - Scraped tournament 7: NOPANY PREMIER LEAGUE INDOOR 2.0
2025-06-27 10:15:30,333 - scraper.selenium_scraper - INFO - Scraped tournament 8: Karnataka Rajatha Cup 2025
2025-06-27 10:15:31,059 - scraper.selenium_scraper - INFO - Scraped tournament 9: Surya Cup Silver Prosoft League
2025-06-27 10:15:31,750 - scraper.selenium_scraper - INFO - Scraped tournament 10: Padubidri Premier League - 2025
2025-06-27 10:15:32,445 - scraper.selenium_scraper - INFO - Scraped tournament 11: Deedar Premier League
2025-06-27 10:15:33,137 - scraper.selenium_scraper - INFO - Scraped tournament 12: TOLIYASAR PREMIER LEAGUE (TPL) SEASON 2
2025-06-27 10:15:33,838 - scraper.selenium_scraper - INFO - Scraped tournament 13: BPL SEASON 3
2025-06-27 10:15:34,527 - scraper.selenium_scraper - INFO - Scraped tournament 14: Petlurivaripalm Premier League Season -1
2025-06-27 10:15:35,217 - scraper.selenium_scraper - INFO - Scraped tournament 15: Dholi Samaj Premiere League Sisseion-2
2025-06-27 10:15:35,911 - scraper.selenium_scraper - INFO - Scraped tournament 16: CHERKALA CRICKET LEAGUE
2025-06-27 10:15:36,600 - scraper.selenium_scraper - INFO - Scraped tournament 17: Washington T10 Cricket Cup - 2025
2025-06-27 10:15:37,299 - scraper.selenium_scraper - INFO - Scraped tournament 18: MATINEE CRICKET LEAGUE - 4
2025-06-27 10:15:37,994 - scraper.selenium_scraper - INFO - Scraped tournament 19: CRICKET STARS TOURNAMENT
2025-06-27 10:15:38,684 - scraper.selenium_scraper - INFO - Scraped tournament 20: KPL
2025-06-27 10:15:38,684 - root - INFO - Successfully scraped 20 tournaments
2025-06-27 10:15:38,684 - root - INFO - Saved scraped data to /home/runner/work/super-player-auction-scraper/super-player-auction-scraper/data/tournament_data_20250627-101538.json
2025-06-27 10:15:38,685 - root - INFO - Initializing Graph API
2025-06-27 10:15:38,685 - excel.graph_api - INFO - Extracted file ID: 9e836ed5-f58f-4dc7-a969-3c62b255f3ea
2025-06-27 10:15:38,685 - excel.graph_api - INFO - Extracted site ID: CorpDevaaf94619130d4a79af9f3aeae502bdb5
2025-06-27 10:15:38,685 - root - INFO - Authenticating with Microsoft Graph API
2025-06-27 10:15:39,112 - excel.graph_api - INFO - Authentication successful
2025-06-27 10:15:39,112 - root - INFO - Updating Excel sheet with scraped data
2025-06-27 10:15:39,544 - excel.graph_api - INFO - Retrieved drive ID: b!MXUqfmBgAkyqAi_g7J1PO_6yKSWnHbZCs3mpe4EkYuX6d8izcdJxRb78S6OW5SIB
2025-06-27 10:15:40,335 - excel.graph_api - INFO - Retrieved 244 rows from Excel
2025-06-27 10:15:40,864 - excel.graph_api - INFO - Updating range A246:M247 with 2 new entries
2025-06-27 10:15:41,698 - excel.graph_api - INFO - Successfully added 2 new tournaments to Excel
2025-06-27 10:15:41,699 - root - INFO - Excel sheet updated successfully
2025-06-27 10:15:41,767 - scraper.selenium_scraper - INFO - Chrome driver closed
2025-06-27 10:15:41,767 - root - INFO - Selenium driver closed
2025-06-27 10:15:41,767 - root - INFO - Script execution completed
