2026-01-12 15:19:00,832 - root - INFO - Logger initialized successfully
2026-01-12 15:19:00,832 - root - INFO - Log file: /home/runner/work/super-player-auction-scraper/super-player-auction-scraper/logs/scraper_20260112_151900.log
2026-01-12 15:19:00,832 - root - INFO - Starting Super Player Auction scraper
2026-01-12 15:19:00,833 - utils.config - INFO - Credentials loaded from environment variables
2026-01-12 15:19:00,833 - utils.config - INFO - Settings loaded successfully
2026-01-12 15:19:00,833 - root - INFO - Initializing Selenium scraper
2026-01-12 15:19:00,833 - scraper.selenium_scraper - INFO - Running in GitHub Actions environment
2026-01-12 15:19:02,219 - selenium.webdriver.common.selenium_manager - WARNING - The chromedriver version (143.0.7499.169) detected in PATH at /usr/bin/chromedriver might not be compatible with the detected chrome version (143.0.7499.169); currently, chromedriver 143.0.7499.192 is recommended for chrome 143.*, so it is advised to delete the driver in PATH and retry
2026-01-12 15:19:08,527 - scraper.selenium_scraper - INFO - Chrome driver initialized successfully
2026-01-12 15:19:08,527 - root - INFO - Scraping tournament data
2026-01-12 15:19:08,527 - scraper.selenium_scraper - INFO - Starting to scrape tournament data
2026-01-12 15:19:09,534 - scraper.selenium_scraper - INFO - Waiting for page to load...
2026-01-12 15:19:14,539 - scraper.selenium_scraper - INFO - Scrolling to load all auction cards...
2026-01-12 15:19:26,707 - scraper.selenium_scraper - INFO - Saved page screenshot to /home/runner/work/super-player-auction-scraper/super-player-auction-scraper/logs/screenshots/page_loaded_20260112151926.png
2026-01-12 15:19:26,707 - scraper.selenium_scraper - INFO - Looking for auction cards...
2026-01-12 15:19:26,728 - scraper.selenium_scraper - INFO - Found 20 auction cards
2026-01-12 15:19:27,451 - scraper.selenium_scraper - INFO - Scraped tournament 1: DI PUNE SEASON - 2
2026-01-12 15:19:28,183 - scraper.selenium_scraper - INFO - Scraped tournament 2: Vidya Jyothi Premier League
2026-01-12 15:19:28,876 - scraper.selenium_scraper - INFO - Scraped tournament 3: SPSV Cricket League 2026
2026-01-12 15:19:29,566 - scraper.selenium_scraper - INFO - Scraped tournament 4: Jolly Premier League-2026
2026-01-12 15:19:30,268 - scraper.selenium_scraper - INFO - Scraped tournament 5: ABPL - Season 5 | 2026 | Auction
2026-01-12 15:19:30,958 - scraper.selenium_scraper - INFO - Scraped tournament 6: SIKAR PREMIER LEAGUE 2025
2026-01-12 15:19:31,647 - scraper.selenium_scraper - INFO - Scraped tournament 7: SUPER FOOTBALL CHAMPIONSHIP
2026-01-12 15:19:32,334 - scraper.selenium_scraper - INFO - Scraped tournament 8: Muslim Premier League Bhilai Season 1
2026-01-12 15:19:33,026 - scraper.selenium_scraper - INFO - Scraped tournament 9: SANGAHARSH CRICKET PREMIER LEAGUE DEWALGAON
2026-01-12 15:19:33,712 - scraper.selenium_scraper - INFO - Scraped tournament 10: SCL - 2
2026-01-12 15:19:34,401 - scraper.selenium_scraper - INFO - Scraped tournament 11: REPUBLIC CUP 2.0
2026-01-12 15:19:35,096 - scraper.selenium_scraper - INFO - Scraped tournament 12: CCL 6
2026-01-12 15:19:35,784 - scraper.selenium_scraper - INFO - Scraped tournament 13: Jizan Premier league -3
2026-01-12 15:19:36,471 - scraper.selenium_scraper - INFO - Scraped tournament 14: Jizan Premier league -3 ICON
2026-01-12 15:19:37,160 - scraper.selenium_scraper - INFO - Scraped tournament 15: KPL
2026-01-12 15:19:37,847 - scraper.selenium_scraper - INFO - Scraped tournament 16: Mira Bhayandar Premier League - Season 7
2026-01-12 15:19:38,535 - scraper.selenium_scraper - INFO - Scraped tournament 17: AFTAB PREMIER LEAGUE
2026-01-12 15:19:39,224 - scraper.selenium_scraper - INFO - Scraped tournament 18: PHOENIX - GOLDEN EAGLES CRICKET CARNIVAL SEASON 5
2026-01-12 15:19:39,910 - scraper.selenium_scraper - INFO - Scraped tournament 19: LOYOLA ALUMNI PREMIER LEAGUE
2026-01-12 15:19:40,604 - scraper.selenium_scraper - INFO - Scraped tournament 20: BCPL SEASON 1
2026-01-12 15:19:40,604 - root - INFO - Successfully scraped 20 tournaments
2026-01-12 15:19:40,605 - root - INFO - Saved scraped data to /home/runner/work/super-player-auction-scraper/super-player-auction-scraper/data/tournament_data_20260112-151940.json
2026-01-12 15:19:40,605 - root - INFO - Initializing Graph API
2026-01-12 15:19:40,605 - excel.graph_api - INFO - Extracted file ID: 9e836ed5-f58f-4dc7-a969-3c62b255f3ea
2026-01-12 15:19:40,605 - excel.graph_api - INFO - Extracted site ID: CorpDevaaf94619130d4a79af9f3aeae502bdb5
2026-01-12 15:19:40,605 - root - INFO - Authenticating with Microsoft Graph API
2026-01-12 15:19:40,989 - excel.graph_api - INFO - Authentication successful
2026-01-12 15:19:40,989 - root - INFO - Updating Excel sheet with scraped data
2026-01-12 15:19:41,465 - excel.graph_api - INFO - Retrieved drive ID: b!MXUqfmBgAkyqAi_g7J1PO_6yKSWnHbZCs3mpe4EkYuX6d8izcdJxRb78S6OW5SIB
2026-01-12 15:19:42,918 - excel.graph_api - INFO - Retrieved 1057 rows from Excel
2026-01-12 15:19:43,884 - excel.graph_api - INFO - Updating range A1059:M1060 with 2 new entries
2026-01-12 15:19:45,014 - excel.graph_api - INFO - Successfully added 2 new tournaments to Excel
2026-01-12 15:19:45,015 - root - INFO - Excel sheet updated successfully
2026-01-12 15:19:45,085 - scraper.selenium_scraper - INFO - Chrome driver closed
2026-01-12 15:19:45,085 - root - INFO - Selenium driver closed
2026-01-12 15:19:45,085 - root - INFO - Script execution completed
