2026-04-07 10:49:38,939 - root - INFO - Logger initialized successfully
2026-04-07 10:49:38,939 - root - INFO - Log file: /home/runner/work/super-player-auction-scraper/super-player-auction-scraper/logs/scraper_20260407_104938.log
2026-04-07 10:49:38,939 - root - INFO - Starting Super Player Auction scraper
2026-04-07 10:49:38,939 - utils.config - INFO - Credentials loaded from environment variables
2026-04-07 10:49:38,939 - utils.config - INFO - Settings loaded successfully
2026-04-07 10:49:38,939 - root - INFO - Initializing Selenium scraper
2026-04-07 10:49:38,939 - scraper.selenium_scraper - INFO - Running in GitHub Actions environment
2026-04-07 10:49:52,627 - scraper.selenium_scraper - INFO - Chrome driver initialized successfully
2026-04-07 10:49:52,627 - root - INFO - Scraping tournament data
2026-04-07 10:49:52,627 - scraper.selenium_scraper - INFO - Starting to scrape tournament data
2026-04-07 10:49:53,627 - scraper.selenium_scraper - INFO - Waiting for page to load...
2026-04-07 10:49:58,629 - scraper.selenium_scraper - INFO - Scrolling to load all auction cards...
2026-04-07 10:50:10,876 - scraper.selenium_scraper - INFO - Saved page screenshot to /home/runner/work/super-player-auction-scraper/super-player-auction-scraper/logs/screenshots/page_loaded_20260407105010.png
2026-04-07 10:50:10,876 - scraper.selenium_scraper - INFO - Looking for auction cards...
2026-04-07 10:50:10,913 - scraper.selenium_scraper - INFO - Found 20 auction cards
2026-04-07 10:50:11,732 - scraper.selenium_scraper - INFO - Scraped tournament 1: Aroravansh Premier League
2026-04-07 10:50:12,420 - scraper.selenium_scraper - INFO - Scraped tournament 2: Malayalam Community Cricket League -2026
2026-04-07 10:50:13,107 - scraper.selenium_scraper - INFO - Scraped tournament 3: AHILYANAGAR PREMIER LEAGUE U/16 (season 2)
2026-04-07 10:50:13,796 - scraper.selenium_scraper - INFO - Scraped tournament 4: WOMENS AHILYANAGAR PREMIER LEAGUE
2026-04-07 10:50:14,483 - scraper.selenium_scraper - INFO - Scraped tournament 5: Vagad Football League 2026
2026-04-07 10:50:15,168 - scraper.selenium_scraper - INFO - Scraped tournament 6: SmashIT v8, 2026
2026-04-07 10:50:15,855 - scraper.selenium_scraper - INFO - Scraped tournament 7: Chhattisgarh Cricket Champions League T20
2026-04-07 10:50:16,538 - scraper.selenium_scraper - INFO - Scraped tournament 8: ROHAT PREMIER LEAGUE
2026-04-07 10:50:17,238 - scraper.selenium_scraper - INFO - Scraped tournament 9: SUPER FOOTBALL CHAMPIONSHIP
2026-04-07 10:50:17,928 - scraper.selenium_scraper - INFO - Scraped tournament 10: REPUBLIC CUP 2.0
2026-04-07 10:50:18,613 - scraper.selenium_scraper - INFO - Scraped tournament 11: Super Cricket League
2026-04-07 10:50:19,306 - scraper.selenium_scraper - INFO - Scraped tournament 12: SIKAR PREMIER LEAGUE 2025
2026-04-07 10:50:20,000 - scraper.selenium_scraper - INFO - Scraped tournament 13: BJP
2026-04-07 10:50:20,692 - scraper.selenium_scraper - INFO - Scraped tournament 14: SUPER CRICKET LEAGUE - MAHIPAL
2026-04-07 10:50:21,377 - scraper.selenium_scraper - INFO - Scraped tournament 15: UNIVERSAL CUP SEASON 7
2026-04-07 10:50:22,070 - scraper.selenium_scraper - INFO - Scraped tournament 16: TELUGU YUVA SAMITI LEAGUE
2026-04-07 10:50:22,753 - scraper.selenium_scraper - INFO - Scraped tournament 17: मेघवाल प्रीमियर लीग जयपुर आक्शन
2026-04-07 10:50:23,434 - scraper.selenium_scraper - INFO - Scraped tournament 18: ઢાંગલા પટેલ પ્રિમિયર લીગ સિજન ૦૩
2026-04-07 10:50:24,126 - scraper.selenium_scraper - INFO - Scraped tournament 19: PANTHERS CUP
2026-04-07 10:50:24,811 - scraper.selenium_scraper - INFO - Scraped tournament 20: Woods Premier League-2026 - Legends
2026-04-07 10:50:24,811 - root - INFO - Successfully scraped 20 tournaments
2026-04-07 10:50:24,812 - root - INFO - Saved scraped data to /home/runner/work/super-player-auction-scraper/super-player-auction-scraper/data/tournament_data_20260407-105024.json
2026-04-07 10:50:24,812 - root - INFO - Initializing Graph API
2026-04-07 10:50:24,812 - excel.graph_api - INFO - Extracted file ID: 9e836ed5-f58f-4dc7-a969-3c62b255f3ea
2026-04-07 10:50:24,812 - excel.graph_api - INFO - Extracted site ID: CorpDevaaf94619130d4a79af9f3aeae502bdb5
2026-04-07 10:50:24,812 - root - INFO - Authenticating with Microsoft Graph API
2026-04-07 10:50:24,998 - excel.graph_api - INFO - Authentication successful
2026-04-07 10:50:24,998 - root - INFO - Updating Excel sheet with scraped data
2026-04-07 10:50:25,607 - excel.graph_api - INFO - Retrieved drive ID: b!MXUqfmBgAkyqAi_g7J1PO_6yKSWnHbZCs3mpe4EkYuX6d8izcdJxRb78S6OW5SIB
2026-04-07 10:50:27,983 - excel.graph_api - INFO - Retrieved 1449 rows from Excel
2026-04-07 10:50:29,440 - excel.graph_api - INFO - Updating range A1451:P1453 with 3 new entries
2026-04-07 10:50:31,018 - excel.graph_api - INFO - Successfully added 3 new tournaments to Excel
2026-04-07 10:50:31,020 - root - INFO - Excel sheet updated successfully
2026-04-07 10:50:31,098 - scraper.selenium_scraper - INFO - Chrome driver closed
2026-04-07 10:50:31,098 - root - INFO - Selenium driver closed
2026-04-07 10:50:31,098 - root - INFO - Script execution completed
