2025-07-25 10:16:17,862 - root - INFO - Logger initialized successfully
2025-07-25 10:16:17,862 - root - INFO - Log file: /home/runner/work/super-player-auction-scraper/super-player-auction-scraper/logs/scraper_20250725_101617.log
2025-07-25 10:16:17,862 - root - INFO - Starting Super Player Auction scraper
2025-07-25 10:16:17,862 - utils.config - INFO - Credentials loaded from environment variables
2025-07-25 10:16:17,862 - utils.config - INFO - Settings loaded successfully
2025-07-25 10:16:17,862 - root - INFO - Initializing Selenium scraper
2025-07-25 10:16:17,862 - scraper.selenium_scraper - INFO - Running in GitHub Actions environment
2025-07-25 10:16:18,350 - selenium.webdriver.common.selenium_manager - WARNING - The chromedriver version (138.0.7204.157) detected in PATH at /usr/bin/chromedriver might not be compatible with the detected chrome version (138.0.7204.157); currently, chromedriver 138.0.7204.168 is recommended for chrome 138.*, so it is advised to delete the driver in PATH and retry
2025-07-25 10:16:19,769 - scraper.selenium_scraper - INFO - Chrome driver initialized successfully
2025-07-25 10:16:19,769 - root - INFO - Scraping tournament data
2025-07-25 10:16:19,769 - scraper.selenium_scraper - INFO - Starting to scrape tournament data
2025-07-25 10:16:20,334 - scraper.selenium_scraper - INFO - Waiting for page to load...
2025-07-25 10:16:25,339 - scraper.selenium_scraper - INFO - Scrolling to load all auction cards...
2025-07-25 10:16:37,475 - scraper.selenium_scraper - INFO - Saved page screenshot to /home/runner/work/super-player-auction-scraper/super-player-auction-scraper/logs/screenshots/page_loaded_20250725101637.png
2025-07-25 10:16:37,475 - scraper.selenium_scraper - INFO - Looking for auction cards...
2025-07-25 10:16:37,500 - scraper.selenium_scraper - INFO - Found 20 auction cards
2025-07-25 10:16:38,223 - scraper.selenium_scraper - INFO - Scraped tournament 1: FLICK BADMINTON LEAGUE JUNIORS -5
2025-07-25 10:16:38,918 - scraper.selenium_scraper - INFO - Scraped tournament 2: ArjunDMUP
2025-07-25 10:16:39,662 - scraper.selenium_scraper - INFO - Scraped tournament 3: OSAIMI INTERNAL CRICKET TOURNAMENT
2025-07-25 10:16:40,355 - scraper.selenium_scraper - INFO - Scraped tournament 4: CMA ALUMNI CRICKET LEAGUE-4
2025-07-25 10:16:41,045 - scraper.selenium_scraper - INFO - Scraped tournament 5: NPL Series 2
2025-07-25 10:16:41,737 - scraper.selenium_scraper - INFO - Scraped tournament 6: BPL SEASON 3
2025-07-25 10:16:42,449 - scraper.selenium_scraper - INFO - Scraped tournament 7: Canvas Warriors Cricket Carnival (CWCC),Season 1,2025
2025-07-25 10:16:43,140 - scraper.selenium_scraper - INFO - Scraped tournament 8: HEALTH CARD
2025-07-25 10:16:43,831 - scraper.selenium_scraper - INFO - Scraped tournament 9: T-10 BTI SILVER LEAGUE SEASON-1
2025-07-25 10:16:44,525 - scraper.selenium_scraper - INFO - Scraped tournament 10: MARK10 FREEDOM CUP 2.0
2025-07-25 10:16:45,230 - scraper.selenium_scraper - INFO - Scraped tournament 11: Jain Premier League 3
2025-07-25 10:16:45,921 - scraper.selenium_scraper - INFO - Scraped tournament 12: GRAMIN PREMIER LEAGUE SEASON 3
2025-07-25 10:16:46,611 - scraper.selenium_scraper - INFO - Scraped tournament 13: अर्जुनभैय्या राऊत मोदीखाना प्रिमियर लिग 2025
2025-07-25 10:16:47,301 - scraper.selenium_scraper - INFO - Scraped tournament 14: KANNUR CHAMPIONS LEAGUE QATAR EDITION
2025-07-25 10:16:47,992 - scraper.selenium_scraper - INFO - Scraped tournament 15: RPL
2025-07-25 10:16:48,682 - scraper.selenium_scraper - INFO - Scraped tournament 16: Karnataka Rajatha Cup 2025
2025-07-25 10:16:49,376 - scraper.selenium_scraper - INFO - Scraped tournament 17: SANDALWOOD PREMIER LEAGUE
2025-07-25 10:16:50,089 - scraper.selenium_scraper - INFO - Scraped tournament 18: Aanjana premier League Sardarpura (Rana)
2025-07-25 10:16:50,779 - scraper.selenium_scraper - INFO - Scraped tournament 19: Petlurivaripalm Premier League Season -1
2025-07-25 10:16:51,482 - scraper.selenium_scraper - INFO - Scraped tournament 20: Dholi Samaj Premiere League Sisseion-2
2025-07-25 10:16:51,482 - root - INFO - Successfully scraped 20 tournaments
2025-07-25 10:16:51,483 - root - INFO - Saved scraped data to /home/runner/work/super-player-auction-scraper/super-player-auction-scraper/data/tournament_data_20250725-101651.json
2025-07-25 10:16:51,483 - root - INFO - Initializing Graph API
2025-07-25 10:16:51,483 - excel.graph_api - INFO - Extracted file ID: 9e836ed5-f58f-4dc7-a969-3c62b255f3ea
2025-07-25 10:16:51,484 - excel.graph_api - INFO - Extracted site ID: CorpDevaaf94619130d4a79af9f3aeae502bdb5
2025-07-25 10:16:51,484 - root - INFO - Authenticating with Microsoft Graph API
2025-07-25 10:16:51,868 - excel.graph_api - INFO - Authentication successful
2025-07-25 10:16:51,868 - root - INFO - Updating Excel sheet with scraped data
2025-07-25 10:16:52,283 - excel.graph_api - INFO - Retrieved drive ID: b!MXUqfmBgAkyqAi_g7J1PO_6yKSWnHbZCs3mpe4EkYuX6d8izcdJxRb78S6OW5SIB
2025-07-25 10:16:53,645 - excel.graph_api - INFO - Retrieved 327 rows from Excel
2025-07-25 10:16:54,413 - excel.graph_api - INFO - Updating range A329:M329 with 1 new entries
2025-07-25 10:16:55,517 - excel.graph_api - INFO - Successfully added 1 new tournaments to Excel
2025-07-25 10:16:55,518 - root - INFO - Excel sheet updated successfully
2025-07-25 10:16:55,586 - scraper.selenium_scraper - INFO - Chrome driver closed
2025-07-25 10:16:55,586 - root - INFO - Selenium driver closed
2025-07-25 10:16:55,586 - root - INFO - Script execution completed
