2025-11-30 10:13:46,846 - root - INFO - Logger initialized successfully
2025-11-30 10:13:46,847 - root - INFO - Log file: /home/runner/work/super-player-auction-scraper/super-player-auction-scraper/logs/scraper_20251130_101346.log
2025-11-30 10:13:46,847 - root - INFO - Starting Super Player Auction scraper
2025-11-30 10:13:46,847 - utils.config - INFO - Credentials loaded from environment variables
2025-11-30 10:13:46,847 - utils.config - INFO - Settings loaded successfully
2025-11-30 10:13:46,847 - root - INFO - Initializing Selenium scraper
2025-11-30 10:13:46,847 - scraper.selenium_scraper - INFO - Running in GitHub Actions environment
2025-11-30 10:13:50,140 - selenium.webdriver.common.selenium_manager - WARNING - The chromedriver version (142.0.7444.162) detected in PATH at /usr/bin/chromedriver might not be compatible with the detected chrome version (142.0.7444.162); currently, chromedriver 142.0.7444.175 is recommended for chrome 142.*, so it is advised to delete the driver in PATH and retry
2025-11-30 10:14:02,101 - scraper.selenium_scraper - INFO - Chrome driver initialized successfully
2025-11-30 10:14:02,101 - root - INFO - Scraping tournament data
2025-11-30 10:14:02,101 - scraper.selenium_scraper - INFO - Starting to scrape tournament data
2025-11-30 10:14:04,433 - scraper.selenium_scraper - INFO - Waiting for page to load...
2025-11-30 10:14:09,434 - scraper.selenium_scraper - INFO - Scrolling to load all auction cards...
2025-11-30 10:14:21,570 - scraper.selenium_scraper - INFO - Saved page screenshot to /home/runner/work/super-player-auction-scraper/super-player-auction-scraper/logs/screenshots/page_loaded_20251130101421.png
2025-11-30 10:14:21,570 - scraper.selenium_scraper - INFO - Looking for auction cards...
2025-11-30 10:14:21,606 - scraper.selenium_scraper - INFO - Found 20 auction cards
2025-11-30 10:14:22,333 - scraper.selenium_scraper - INFO - Scraped tournament 1: ABSA BUNTS CUP 4TH EDITION
2025-11-30 10:14:23,094 - scraper.selenium_scraper - INFO - Scraped tournament 2: Parle Premier League Season 6 (Mens)
2025-11-30 10:14:23,797 - scraper.selenium_scraper - INFO - Scraped tournament 3: Parle Premier League Season 6 (Womens)
2025-11-30 10:14:24,493 - scraper.selenium_scraper - INFO - Scraped tournament 4: RCBP Pier Premier League 2025.
2025-11-30 10:14:25,190 - scraper.selenium_scraper - INFO - Scraped tournament 5: CCL 2.0 PREMIER LEAGUE SEASON 1
2025-11-30 10:14:25,893 - scraper.selenium_scraper - INFO - Scraped tournament 6: Chhattisgarh Legends Premier League - 2025
2025-11-30 10:14:26,593 - scraper.selenium_scraper - INFO - Scraped tournament 7: Bhatkal Premier League - 2026
2025-11-30 10:14:27,293 - scraper.selenium_scraper - INFO - Scraped tournament 8: Sindhi Premier League 6.0
2025-11-30 10:14:27,990 - scraper.selenium_scraper - INFO - Scraped tournament 9: Brotherhood Youth Premier League Season-2 2025-26
2025-11-30 10:14:28,686 - scraper.selenium_scraper - INFO - Scraped tournament 10: ⁠RTPL 7.0
2025-11-30 10:14:29,386 - scraper.selenium_scraper - INFO - Scraped tournament 11: CHERKALA CRICKET LEAGUE
2025-11-30 10:14:30,082 - scraper.selenium_scraper - INFO - Scraped tournament 12: MORNING PREMIER LEAGUE
2025-11-30 10:14:30,793 - scraper.selenium_scraper - INFO - Scraped tournament 13: Streamify Cup Open Category
2025-11-30 10:14:31,507 - scraper.selenium_scraper - INFO - Scraped tournament 14: CHAMPIONS LEAGUE FOOTBALL SEASON 4
2025-11-30 10:14:32,224 - scraper.selenium_scraper - INFO - Scraped tournament 15: Delta Football League
2025-11-30 10:14:32,915 - scraper.selenium_scraper - INFO - Scraped tournament 16: Amleshwar Big Bash Dhamaka
2025-11-30 10:14:33,613 - scraper.selenium_scraper - INFO - Scraped tournament 17: SUPER FOOTBALL CHAMPIONSHIP
2025-11-30 10:14:34,310 - scraper.selenium_scraper - INFO - Scraped tournament 18: Arjun DEMO
2025-11-30 10:14:35,007 - scraper.selenium_scraper - INFO - Scraped tournament 19: KHAMHRIA PREMIERE LEAGUE -2025 SEASON - 02
2025-11-30 10:14:35,717 - scraper.selenium_scraper - INFO - Scraped tournament 20: Gorakhpur T10 Champions league
2025-11-30 10:14:35,717 - root - INFO - Successfully scraped 20 tournaments
2025-11-30 10:14:35,717 - root - INFO - Saved scraped data to /home/runner/work/super-player-auction-scraper/super-player-auction-scraper/data/tournament_data_20251130-101435.json
2025-11-30 10:14:35,717 - root - INFO - Initializing Graph API
2025-11-30 10:14:35,718 - excel.graph_api - INFO - Extracted file ID: 9e836ed5-f58f-4dc7-a969-3c62b255f3ea
2025-11-30 10:14:35,718 - excel.graph_api - INFO - Extracted site ID: CorpDevaaf94619130d4a79af9f3aeae502bdb5
2025-11-30 10:14:35,718 - root - INFO - Authenticating with Microsoft Graph API
2025-11-30 10:14:35,925 - excel.graph_api - ERROR - Authentication failed: AADSTS7000222: The provided client secret keys for app 'f45467f0-629b-4712-a029-cd1289854747' are expired. Visit the Azure portal to create new keys for your app: https://aka.ms/NewClientSecret, or consider using certificate credentials for added security: https://aka.ms/certCreds. Trace ID: 9e807756-872f-4306-997d-d10a1f6f0401 Correlation ID: f9c795a9-3135-4630-ac81-a406de083942 Timestamp: 2025-11-30 10:14:35Z
2025-11-30 10:14:35,926 - root - ERROR - Failed to authenticate with Microsoft Graph API
2025-11-30 10:14:35,986 - scraper.selenium_scraper - INFO - Chrome driver closed
2025-11-30 10:14:35,986 - root - INFO - Selenium driver closed
2025-11-30 10:14:35,986 - root - INFO - Script execution completed
