2025-09-07 10:12:03,823 - root - INFO - Logger initialized successfully
2025-09-07 10:12:03,823 - root - INFO - Log file: /home/runner/work/super-player-auction-scraper/super-player-auction-scraper/logs/scraper_20250907_101203.log
2025-09-07 10:12:03,823 - root - INFO - Starting Super Player Auction scraper
2025-09-07 10:12:03,823 - utils.config - INFO - Credentials loaded from environment variables
2025-09-07 10:12:03,823 - utils.config - INFO - Settings loaded successfully
2025-09-07 10:12:03,823 - root - INFO - Initializing Selenium scraper
2025-09-07 10:12:03,824 - scraper.selenium_scraper - INFO - Running in GitHub Actions environment
2025-09-07 10:12:13,756 - scraper.selenium_scraper - INFO - Chrome driver initialized successfully
2025-09-07 10:12:13,756 - root - INFO - Scraping tournament data
2025-09-07 10:12:13,756 - scraper.selenium_scraper - INFO - Starting to scrape tournament data
2025-09-07 10:12:16,564 - scraper.selenium_scraper - INFO - Waiting for page to load...
2025-09-07 10:12:21,569 - scraper.selenium_scraper - INFO - Scrolling to load all auction cards...
2025-09-07 10:12:33,716 - scraper.selenium_scraper - INFO - Saved page screenshot to /home/runner/work/super-player-auction-scraper/super-player-auction-scraper/logs/screenshots/page_loaded_20250907101233.png
2025-09-07 10:12:33,716 - scraper.selenium_scraper - INFO - Looking for auction cards...
2025-09-07 10:12:33,748 - scraper.selenium_scraper - INFO - Found 20 auction cards
2025-09-07 10:12:34,499 - scraper.selenium_scraper - INFO - Scraped tournament 1: CHAMPIONS LEAGUE RAIPUR - SEASON 14
2025-09-07 10:12:35,222 - scraper.selenium_scraper - INFO - Scraped tournament 2: Sarsangan +45 Veterans Cricket Series 2025-26
2025-09-07 10:12:35,995 - scraper.selenium_scraper - INFO - Scraped tournament 3: Sarsangan +40 Cricket Series 2025-26
2025-09-07 10:12:36,716 - scraper.selenium_scraper - INFO - Scraped tournament 4: Mali Premier League Balotra
2025-09-07 10:12:37,432 - scraper.selenium_scraper - INFO - Scraped tournament 5: Sarsangan U19 Boys & Girls Cricket Series 2025-26
2025-09-07 10:12:38,142 - scraper.selenium_scraper - INFO - Scraped tournament 6: Sarsangan Super Series Cricket 2025-26
2025-09-07 10:12:38,851 - scraper.selenium_scraper - INFO - Scraped tournament 7: JAIN PREMIER LEAGUE 4
2025-09-07 10:12:39,574 - scraper.selenium_scraper - INFO - Scraped tournament 8: NPL Titan Cup
2025-09-07 10:12:40,299 - scraper.selenium_scraper - INFO - Scraped tournament 9: Gorakhpur T10 Champions league
2025-09-07 10:12:41,004 - scraper.selenium_scraper - INFO - Scraped tournament 10: Kerala Premier League
2025-09-07 10:12:41,717 - scraper.selenium_scraper - INFO - Scraped tournament 11: Karnataka Rajatha Cup 2025
2025-09-07 10:12:42,432 - scraper.selenium_scraper - INFO - Scraped tournament 12: KEFR SUPER LIGA 2.0(KSL 2.0)
2025-09-07 10:12:43,159 - scraper.selenium_scraper - INFO - Scraped tournament 13: NAIGAON PREMIER LEAGUE SEASON - 6
2025-09-07 10:12:43,877 - scraper.selenium_scraper - INFO - Scraped tournament 14: GONDA SINDHI PREMIER LEAGUE -3
2025-09-07 10:12:44,587 - scraper.selenium_scraper - INFO - Scraped tournament 15: MVV DUSSEHRA CRICKET TOURNAMENT
2025-09-07 10:12:45,296 - scraper.selenium_scraper - INFO - Scraped tournament 16: Gogasar Premier League Season 4
2025-09-07 10:12:46,002 - scraper.selenium_scraper - INFO - Scraped tournament 17: UPL CHAPTER 3.0 CRICKET TOURNAMENT
2025-09-07 10:12:46,715 - scraper.selenium_scraper - INFO - Scraped tournament 18: UDYAWAR PREMIER LEAGUE
2025-09-07 10:12:47,486 - scraper.selenium_scraper - INFO - Scraped tournament 19: SMN SMASHERS BELTHANGADY
2025-09-07 10:12:48,213 - scraper.selenium_scraper - INFO - Scraped tournament 20: JPL-1 (JETAWADA PREMIER LEAGUE-1)
2025-09-07 10:12:48,213 - root - INFO - Successfully scraped 20 tournaments
2025-09-07 10:12:48,214 - root - INFO - Saved scraped data to /home/runner/work/super-player-auction-scraper/super-player-auction-scraper/data/tournament_data_20250907-101248.json
2025-09-07 10:12:48,214 - root - INFO - Initializing Graph API
2025-09-07 10:12:48,214 - excel.graph_api - INFO - Extracted file ID: 9e836ed5-f58f-4dc7-a969-3c62b255f3ea
2025-09-07 10:12:48,215 - excel.graph_api - INFO - Extracted site ID: CorpDevaaf94619130d4a79af9f3aeae502bdb5
2025-09-07 10:12:48,215 - root - INFO - Authenticating with Microsoft Graph API
2025-09-07 10:12:48,376 - excel.graph_api - INFO - Authentication successful
2025-09-07 10:12:48,377 - root - INFO - Updating Excel sheet with scraped data
2025-09-07 10:12:48,914 - excel.graph_api - INFO - Retrieved drive ID: b!MXUqfmBgAkyqAi_g7J1PO_6yKSWnHbZCs3mpe4EkYuX6d8izcdJxRb78S6OW5SIB
2025-09-07 10:12:49,879 - excel.graph_api - INFO - Retrieved 461 rows from Excel
2025-09-07 10:12:50,433 - excel.graph_api - INFO - Updating range A463:M471 with 9 new entries
2025-09-07 10:12:51,369 - excel.graph_api - INFO - Successfully added 9 new tournaments to Excel
2025-09-07 10:12:51,370 - root - INFO - Excel sheet updated successfully
2025-09-07 10:12:51,437 - scraper.selenium_scraper - INFO - Chrome driver closed
2025-09-07 10:12:51,438 - root - INFO - Selenium driver closed
2025-09-07 10:12:51,438 - root - INFO - Script execution completed
