2025-10-10 10:14:41,690 - root - INFO - Logger initialized successfully
2025-10-10 10:14:41,690 - root - INFO - Log file: /home/runner/work/super-player-auction-scraper/super-player-auction-scraper/logs/scraper_20251010_101441.log
2025-10-10 10:14:41,690 - root - INFO - Starting Super Player Auction scraper
2025-10-10 10:14:41,690 - utils.config - INFO - Credentials loaded from environment variables
2025-10-10 10:14:41,690 - utils.config - INFO - Settings loaded successfully
2025-10-10 10:14:41,691 - root - INFO - Initializing Selenium scraper
2025-10-10 10:14:41,691 - scraper.selenium_scraper - INFO - Running in GitHub Actions environment
2025-10-10 10:14:47,879 - scraper.selenium_scraper - INFO - Chrome driver initialized successfully
2025-10-10 10:14:47,879 - root - INFO - Scraping tournament data
2025-10-10 10:14:47,879 - scraper.selenium_scraper - INFO - Starting to scrape tournament data
2025-10-10 10:14:48,606 - scraper.selenium_scraper - INFO - Waiting for page to load...
2025-10-10 10:14:53,611 - scraper.selenium_scraper - INFO - Scrolling to load all auction cards...
2025-10-10 10:15:05,816 - scraper.selenium_scraper - INFO - Saved page screenshot to /home/runner/work/super-player-auction-scraper/super-player-auction-scraper/logs/screenshots/page_loaded_20251010101505.png
2025-10-10 10:15:05,816 - scraper.selenium_scraper - INFO - Looking for auction cards...
2025-10-10 10:15:05,843 - scraper.selenium_scraper - INFO - Found 20 auction cards
2025-10-10 10:15:06,560 - scraper.selenium_scraper - INFO - Scraped tournament 1: VPL 2.0
2025-10-10 10:15:07,241 - scraper.selenium_scraper - INFO - Scraped tournament 2: WTPL SEASON 7
2025-10-10 10:15:07,922 - scraper.selenium_scraper - INFO - Scraped tournament 3: GARWARE SUPER LEAGUE
2025-10-10 10:15:08,600 - scraper.selenium_scraper - INFO - Scraped tournament 4: APL 2025
2025-10-10 10:15:09,278 - scraper.selenium_scraper - INFO - Scraped tournament 5: United Premier League Womens
2025-10-10 10:15:09,957 - scraper.selenium_scraper - INFO - Scraped tournament 6: ANCHOR PREMIER LEAGUE - MALE
2025-10-10 10:15:10,636 - scraper.selenium_scraper - INFO - Scraped tournament 7: ANCHOR PREMIER LEAGUE - FEMALE
2025-10-10 10:15:11,331 - scraper.selenium_scraper - INFO - Scraped tournament 8: Pond Premier League - Whispering Palms Season 1
2025-10-10 10:15:12,007 - scraper.selenium_scraper - INFO - Scraped tournament 9: FCCL SEASON 5 MALE
2025-10-10 10:15:12,693 - scraper.selenium_scraper - INFO - Scraped tournament 10: CHANDANA BHAKER PREMIER LEAGUE
2025-10-10 10:15:13,372 - scraper.selenium_scraper - INFO - Scraped tournament 11: SmashIT v7 2025
2025-10-10 10:15:14,050 - scraper.selenium_scraper - INFO - Scraped tournament 12: KASRODIANS PREMIER LEAGUE SEASON -5
2025-10-10 10:15:14,728 - scraper.selenium_scraper - INFO - Scraped tournament 13: Dambab Premier League 2025
2025-10-10 10:15:15,407 - scraper.selenium_scraper - INFO - Scraped tournament 14: DDS PREMIER LEAGUE SEASON 3
2025-10-10 10:15:16,086 - scraper.selenium_scraper - INFO - Scraped tournament 15: PUSHKARNA PREMIER LEAGUE
2025-10-10 10:15:16,763 - scraper.selenium_scraper - INFO - Scraped tournament 16: KCR CUP SEASON 1
2025-10-10 10:15:17,441 - scraper.selenium_scraper - INFO - Scraped tournament 17: MUMBAI ADVOCATES PREMIER LEAGUE
2025-10-10 10:15:18,126 - scraper.selenium_scraper - INFO - Scraped tournament 18: Pathanamthitta Cricket League
2025-10-10 10:15:18,802 - scraper.selenium_scraper - INFO - Scraped tournament 19: YOUNG BOYS
2025-10-10 10:15:19,478 - scraper.selenium_scraper - INFO - Scraped tournament 20: NCP Premier League
2025-10-10 10:15:19,478 - root - INFO - Successfully scraped 20 tournaments
2025-10-10 10:15:19,479 - root - INFO - Saved scraped data to /home/runner/work/super-player-auction-scraper/super-player-auction-scraper/data/tournament_data_20251010-101519.json
2025-10-10 10:15:19,479 - root - INFO - Initializing Graph API
2025-10-10 10:15:19,479 - excel.graph_api - INFO - Extracted file ID: 9e836ed5-f58f-4dc7-a969-3c62b255f3ea
2025-10-10 10:15:19,479 - excel.graph_api - INFO - Extracted site ID: CorpDevaaf94619130d4a79af9f3aeae502bdb5
2025-10-10 10:15:19,479 - root - INFO - Authenticating with Microsoft Graph API
2025-10-10 10:15:19,652 - excel.graph_api - INFO - Authentication successful
2025-10-10 10:15:19,652 - root - INFO - Updating Excel sheet with scraped data
2025-10-10 10:15:20,081 - excel.graph_api - INFO - Retrieved drive ID: b!MXUqfmBgAkyqAi_g7J1PO_6yKSWnHbZCs3mpe4EkYuX6d8izcdJxRb78S6OW5SIB
2025-10-10 10:15:21,872 - excel.graph_api - INFO - Retrieved 604 rows from Excel
2025-10-10 10:15:22,841 - excel.graph_api - INFO - Updating range A606:M608 with 3 new entries
2025-10-10 10:15:24,256 - excel.graph_api - INFO - Successfully added 3 new tournaments to Excel
2025-10-10 10:15:24,258 - root - INFO - Excel sheet updated successfully
2025-10-10 10:15:24,325 - scraper.selenium_scraper - INFO - Chrome driver closed
2025-10-10 10:15:24,325 - root - INFO - Selenium driver closed
2025-10-10 10:15:24,325 - root - INFO - Script execution completed
