2025-12-26 10:15:43,763 - root - INFO - Logger initialized successfully
2025-12-26 10:15:43,763 - root - INFO - Log file: /home/runner/work/super-player-auction-scraper/super-player-auction-scraper/logs/scraper_20251226_101543.log
2025-12-26 10:15:43,763 - root - INFO - Starting Super Player Auction scraper
2025-12-26 10:15:43,763 - utils.config - INFO - Credentials loaded from environment variables
2025-12-26 10:15:43,763 - utils.config - INFO - Settings loaded successfully
2025-12-26 10:15:43,764 - root - INFO - Initializing Selenium scraper
2025-12-26 10:15:43,764 - scraper.selenium_scraper - INFO - Running in GitHub Actions environment
2025-12-26 10:15:44,488 - selenium.webdriver.common.selenium_manager - WARNING - The chromedriver version (143.0.7499.42) detected in PATH at /usr/bin/chromedriver might not be compatible with the detected chrome version (143.0.7499.109); currently, chromedriver 143.0.7499.169 is recommended for chrome 143.*, so it is advised to delete the driver in PATH and retry
2025-12-26 10:15:50,478 - scraper.selenium_scraper - INFO - Chrome driver initialized successfully
2025-12-26 10:15:50,478 - root - INFO - Scraping tournament data
2025-12-26 10:15:50,478 - scraper.selenium_scraper - INFO - Starting to scrape tournament data
2025-12-26 10:15:51,426 - scraper.selenium_scraper - INFO - Waiting for page to load...
2025-12-26 10:15:56,431 - scraper.selenium_scraper - INFO - Scrolling to load all auction cards...
2025-12-26 10:16:08,569 - scraper.selenium_scraper - INFO - Saved page screenshot to /home/runner/work/super-player-auction-scraper/super-player-auction-scraper/logs/screenshots/page_loaded_20251226101608.png
2025-12-26 10:16:08,569 - scraper.selenium_scraper - INFO - Looking for auction cards...
2025-12-26 10:16:08,596 - scraper.selenium_scraper - INFO - Found 20 auction cards
2025-12-26 10:16:09,332 - scraper.selenium_scraper - INFO - Scraped tournament 1: PARAKRAM 7.0
2025-12-26 10:16:10,146 - scraper.selenium_scraper - INFO - Scraped tournament 2: SHIRUR PREMIER LEAGUE 2026
2025-12-26 10:16:10,841 - scraper.selenium_scraper - INFO - Scraped tournament 3: ઉજળવાવ પ્રિમયર લીગ-2026
2025-12-26 10:16:11,536 - scraper.selenium_scraper - INFO - Scraped tournament 4: Sindhi Premier League 6.0
2025-12-26 10:16:12,222 - scraper.selenium_scraper - INFO - Scraped tournament 5: LEGENDS PREMIER LEAGUE SEASON 3
2025-12-26 10:16:12,916 - scraper.selenium_scraper - INFO - Scraped tournament 6: Ayyampuzha Super League, Season 3
2025-12-26 10:16:13,609 - scraper.selenium_scraper - INFO - Scraped tournament 7: MPL Season 4 | Auction | Men's Open
2025-12-26 10:16:14,298 - scraper.selenium_scraper - INFO - Scraped tournament 8: Vivek Vihar Premier League 2026
2025-12-26 10:16:14,987 - scraper.selenium_scraper - INFO - Scraped tournament 9: Delta Football League
2025-12-26 10:16:15,682 - scraper.selenium_scraper - INFO - Scraped tournament 10: WALA & SALAMAT Muslim Samaj Tournament Godhra
2025-12-26 10:16:16,371 - scraper.selenium_scraper - INFO - Scraped tournament 11: JPL Season 6
2025-12-26 10:16:17,057 - scraper.selenium_scraper - INFO - Scraped tournament 12: SPL - 10
2025-12-26 10:16:17,746 - scraper.selenium_scraper - INFO - Scraped tournament 13: SIKAR PREMIER LEAGUE 2025
2025-12-26 10:16:18,440 - scraper.selenium_scraper - INFO - Scraped tournament 14: SUPER FOOTBALL CHAMPIONSHIP
2025-12-26 10:16:19,130 - scraper.selenium_scraper - INFO - Scraped tournament 15: Arjun DEMO
2025-12-26 10:16:19,821 - scraper.selenium_scraper - INFO - Scraped tournament 16: Festival Cup Juniors
2025-12-26 10:16:20,512 - scraper.selenium_scraper - INFO - Scraped tournament 17: WANTRAG PREMIER LEAGUE
2025-12-26 10:16:21,223 - scraper.selenium_scraper - INFO - Scraped tournament 18: Jamnagar VolleyBall Tournament
2025-12-26 10:16:21,909 - scraper.selenium_scraper - INFO - Scraped tournament 19: Mana Premier League Season3
2025-12-26 10:16:22,598 - scraper.selenium_scraper - INFO - Scraped tournament 20: MPL Season 4 | Auction | Under 16
2025-12-26 10:16:22,598 - root - INFO - Successfully scraped 20 tournaments
2025-12-26 10:16:22,598 - root - INFO - Saved scraped data to /home/runner/work/super-player-auction-scraper/super-player-auction-scraper/data/tournament_data_20251226-101622.json
2025-12-26 10:16:22,598 - root - INFO - Initializing Graph API
2025-12-26 10:16:22,599 - excel.graph_api - INFO - Extracted file ID: 9e836ed5-f58f-4dc7-a969-3c62b255f3ea
2025-12-26 10:16:22,599 - excel.graph_api - INFO - Extracted site ID: CorpDevaaf94619130d4a79af9f3aeae502bdb5
2025-12-26 10:16:22,599 - root - INFO - Authenticating with Microsoft Graph API
2025-12-26 10:16:22,809 - excel.graph_api - INFO - Authentication successful
2025-12-26 10:16:22,810 - root - INFO - Updating Excel sheet with scraped data
2025-12-26 10:16:23,508 - excel.graph_api - INFO - Retrieved drive ID: b!MXUqfmBgAkyqAi_g7J1PO_6yKSWnHbZCs3mpe4EkYuX6d8izcdJxRb78S6OW5SIB
2025-12-26 10:16:25,146 - excel.graph_api - INFO - Retrieved 944 rows from Excel
2025-12-26 10:16:26,308 - excel.graph_api - INFO - Updating range A946:M947 with 2 new entries
2025-12-26 10:16:27,567 - excel.graph_api - INFO - Successfully added 2 new tournaments to Excel
2025-12-26 10:16:27,568 - root - INFO - Excel sheet updated successfully
2025-12-26 10:16:27,638 - scraper.selenium_scraper - INFO - Chrome driver closed
2025-12-26 10:16:27,638 - root - INFO - Selenium driver closed
2025-12-26 10:16:27,638 - root - INFO - Script execution completed
