2025-12-25 15:14:02,537 - root - INFO - Logger initialized successfully
2025-12-25 15:14:02,537 - root - INFO - Log file: /home/runner/work/super-player-auction-scraper/super-player-auction-scraper/logs/scraper_20251225_151402.log
2025-12-25 15:14:02,537 - root - INFO - Starting Super Player Auction scraper
2025-12-25 15:14:02,537 - utils.config - INFO - Credentials loaded from environment variables
2025-12-25 15:14:02,538 - utils.config - INFO - Settings loaded successfully
2025-12-25 15:14:02,538 - root - INFO - Initializing Selenium scraper
2025-12-25 15:14:02,538 - scraper.selenium_scraper - INFO - Running in GitHub Actions environment
2025-12-25 15:14:03,553 - selenium.webdriver.common.selenium_manager - WARNING - The chromedriver version (143.0.7499.42) detected in PATH at /usr/bin/chromedriver might not be compatible with the detected chrome version (143.0.7499.109); currently, chromedriver 143.0.7499.169 is recommended for chrome 143.*, so it is advised to delete the driver in PATH and retry
2025-12-25 15:14:11,391 - scraper.selenium_scraper - INFO - Chrome driver initialized successfully
2025-12-25 15:14:11,391 - root - INFO - Scraping tournament data
2025-12-25 15:14:11,391 - scraper.selenium_scraper - INFO - Starting to scrape tournament data
2025-12-25 15:14:12,592 - scraper.selenium_scraper - INFO - Waiting for page to load...
2025-12-25 15:14:17,597 - scraper.selenium_scraper - INFO - Scrolling to load all auction cards...
2025-12-25 15:14:29,734 - scraper.selenium_scraper - INFO - Saved page screenshot to /home/runner/work/super-player-auction-scraper/super-player-auction-scraper/logs/screenshots/page_loaded_20251225151429.png
2025-12-25 15:14:29,734 - scraper.selenium_scraper - INFO - Looking for auction cards...
2025-12-25 15:14:29,759 - scraper.selenium_scraper - INFO - Found 20 auction cards
2025-12-25 15:14:30,497 - scraper.selenium_scraper - INFO - Scraped tournament 1: SHIRUR PREMIER LEAGUE 2026
2025-12-25 15:14:31,237 - scraper.selenium_scraper - INFO - Scraped tournament 2: ઉજળવાવ પ્રિમયર લીગ-2026
2025-12-25 15:14:31,923 - scraper.selenium_scraper - INFO - Scraped tournament 3: Sindhi Premier League 6.0
2025-12-25 15:14:32,608 - scraper.selenium_scraper - INFO - Scraped tournament 4: LEGENDS PREMIER LEAGUE SEASON 3
2025-12-25 15:14:33,294 - scraper.selenium_scraper - INFO - Scraped tournament 5: Ayyampuzha Super League, Season 3
2025-12-25 15:14:33,983 - scraper.selenium_scraper - INFO - Scraped tournament 6: MPL Season 4 | Auction | Men's Open
2025-12-25 15:14:34,671 - scraper.selenium_scraper - INFO - Scraped tournament 7: Vivek Vihar Premier League 2026
2025-12-25 15:14:35,357 - scraper.selenium_scraper - INFO - Scraped tournament 8: Delta Football League
2025-12-25 15:14:36,046 - scraper.selenium_scraper - INFO - Scraped tournament 9: JPL Season 6
2025-12-25 15:14:36,731 - scraper.selenium_scraper - INFO - Scraped tournament 10: SPL - 10
2025-12-25 15:14:37,417 - scraper.selenium_scraper - INFO - Scraped tournament 11: SIKAR PREMIER LEAGUE 2025
2025-12-25 15:14:38,102 - scraper.selenium_scraper - INFO - Scraped tournament 12: SUPER FOOTBALL CHAMPIONSHIP
2025-12-25 15:14:38,785 - scraper.selenium_scraper - INFO - Scraped tournament 13: Arjun DEMO
2025-12-25 15:14:39,469 - scraper.selenium_scraper - INFO - Scraped tournament 14: FRIENDS PICKLEBALL LEAGUE SEASON 2
2025-12-25 15:14:40,158 - scraper.selenium_scraper - INFO - Scraped tournament 15: PARIWAR PREMIER LEAGUE SEASON 3 - KIDS
2025-12-25 15:14:40,848 - scraper.selenium_scraper - INFO - Scraped tournament 16: PARIWAR PREMIER LEAGUE SEASON 3 - LADIES
2025-12-25 15:14:41,530 - scraper.selenium_scraper - INFO - Scraped tournament 17: PARIWAR PREMIER LEAGUE SEASON 3 - SENIOR (40+)
2025-12-25 15:14:42,220 - scraper.selenium_scraper - INFO - Scraped tournament 18: PARIWAR PREMIER LEAGUE SEASON 3 - YOUNGSTER
2025-12-25 15:14:42,902 - scraper.selenium_scraper - INFO - Scraped tournament 19: Festival Cup Juniors
2025-12-25 15:14:43,583 - scraper.selenium_scraper - INFO - Scraped tournament 20: WANTRAG PREMIER LEAGUE
2025-12-25 15:14:43,583 - root - INFO - Successfully scraped 20 tournaments
2025-12-25 15:14:43,584 - root - INFO - Saved scraped data to /home/runner/work/super-player-auction-scraper/super-player-auction-scraper/data/tournament_data_20251225-151443.json
2025-12-25 15:14:43,584 - root - INFO - Initializing Graph API
2025-12-25 15:14:43,584 - excel.graph_api - INFO - Extracted file ID: 9e836ed5-f58f-4dc7-a969-3c62b255f3ea
2025-12-25 15:14:43,584 - excel.graph_api - INFO - Extracted site ID: CorpDevaaf94619130d4a79af9f3aeae502bdb5
2025-12-25 15:14:43,584 - root - INFO - Authenticating with Microsoft Graph API
2025-12-25 15:14:43,842 - excel.graph_api - INFO - Authentication successful
2025-12-25 15:14:43,842 - root - INFO - Updating Excel sheet with scraped data
2025-12-25 15:14:44,094 - excel.graph_api - INFO - Retrieved drive ID: b!MXUqfmBgAkyqAi_g7J1PO_6yKSWnHbZCs3mpe4EkYuX6d8izcdJxRb78S6OW5SIB
2025-12-25 15:14:45,069 - excel.graph_api - INFO - Retrieved 944 rows from Excel
2025-12-25 15:14:46,290 - excel.graph_api - INFO - No new tournaments to add
2025-12-25 15:14:46,291 - root - INFO - Excel sheet updated successfully
2025-12-25 15:14:46,360 - scraper.selenium_scraper - INFO - Chrome driver closed
2025-12-25 15:14:46,360 - root - INFO - Selenium driver closed
2025-12-25 15:14:46,360 - root - INFO - Script execution completed
