2026-03-18 16:02:23,266 - root - INFO - Logger initialized successfully
2026-03-18 16:02:23,266 - root - INFO - Log file: /home/runner/work/super-player-auction-scraper/super-player-auction-scraper/logs/scraper_20260318_160223.log
2026-03-18 16:02:23,267 - root - INFO - Starting Super Player Auction scraper
2026-03-18 16:02:23,267 - utils.config - INFO - Credentials loaded from environment variables
2026-03-18 16:02:23,267 - utils.config - INFO - Settings loaded successfully
2026-03-18 16:02:23,267 - root - INFO - Initializing Selenium scraper
2026-03-18 16:02:23,267 - scraper.selenium_scraper - INFO - Running in GitHub Actions environment
2026-03-18 16:02:29,299 - scraper.selenium_scraper - INFO - Chrome driver initialized successfully
2026-03-18 16:02:29,299 - root - INFO - Scraping tournament data
2026-03-18 16:02:29,299 - scraper.selenium_scraper - INFO - Starting to scrape tournament data
2026-03-18 16:02:30,338 - scraper.selenium_scraper - INFO - Waiting for page to load...
2026-03-18 16:02:35,343 - scraper.selenium_scraper - INFO - Scrolling to load all auction cards...
2026-03-18 16:02:47,470 - scraper.selenium_scraper - INFO - Saved page screenshot to /home/runner/work/super-player-auction-scraper/super-player-auction-scraper/logs/screenshots/page_loaded_20260318160247.png
2026-03-18 16:02:47,470 - scraper.selenium_scraper - INFO - Looking for auction cards...
2026-03-18 16:02:47,492 - scraper.selenium_scraper - INFO - Found 20 auction cards
2026-03-18 16:02:48,208 - scraper.selenium_scraper - INFO - Scraped tournament 1: MCPL 2026
2026-03-18 16:02:48,936 - scraper.selenium_scraper - INFO - Scraped tournament 2: Nice Fantasy Auction
2026-03-18 16:02:49,615 - scraper.selenium_scraper - INFO - Scraped tournament 3: BSA League - 1
2026-03-18 16:02:50,295 - scraper.selenium_scraper - INFO - Scraped tournament 4: DADA CUP
2026-03-18 16:02:50,973 - scraper.selenium_scraper - INFO - Scraped tournament 5: MPL Cup 2026
2026-03-18 16:02:51,660 - scraper.selenium_scraper - INFO - Scraped tournament 6: UNITY CUP Season 3 [2026-27]
2026-03-18 16:02:52,338 - scraper.selenium_scraper - INFO - Scraped tournament 7: Super Cricket League
2026-03-18 16:02:53,031 - scraper.selenium_scraper - INFO - Scraped tournament 8: SIKAR PREMIER LEAGUE 2025
2026-03-18 16:02:53,732 - scraper.selenium_scraper - INFO - Scraped tournament 9: ROHAT PREMIER LEAGUE
2026-03-18 16:02:54,408 - scraper.selenium_scraper - INFO - Scraped tournament 10: SUPER FOOTBALL CHAMPIONSHIP
2026-03-18 16:02:55,091 - scraper.selenium_scraper - INFO - Scraped tournament 11: Super Cricket League
2026-03-18 16:02:55,767 - scraper.selenium_scraper - INFO - Scraped tournament 12: BJP
2026-03-18 16:02:56,443 - scraper.selenium_scraper - INFO - Scraped tournament 13: SUPER CRICKRT LEAGUE - MAHIPAL
2026-03-18 16:02:57,121 - scraper.selenium_scraper - INFO - Scraped tournament 14: NASHIK LAWions FOUNDATION TENNIS BALL CRICKET TOURNAMENT-2026
2026-03-18 16:02:57,801 - scraper.selenium_scraper - INFO - Scraped tournament 15: मेघवाल प्रीमियर लीग जयपुर आक्शन
2026-03-18 16:02:58,477 - scraper.selenium_scraper - INFO - Scraped tournament 16: BOTAD PREMIER LEAGUE 3
2026-03-18 16:02:59,155 - scraper.selenium_scraper - INFO - Scraped tournament 17: DAMAN PREMIER LEAGUE 2026
2026-03-18 16:02:59,838 - scraper.selenium_scraper - INFO - Scraped tournament 18: NMCL SEASON -1.0
2026-03-18 16:03:00,523 - scraper.selenium_scraper - INFO - Scraped tournament 19: KMPL SEASON 4
2026-03-18 16:03:01,197 - scraper.selenium_scraper - INFO - Scraped tournament 20: BBBL
2026-03-18 16:03:01,197 - root - INFO - Successfully scraped 20 tournaments
2026-03-18 16:03:01,198 - root - INFO - Saved scraped data to /home/runner/work/super-player-auction-scraper/super-player-auction-scraper/data/tournament_data_20260318-160301.json
2026-03-18 16:03:01,198 - root - INFO - Initializing Graph API
2026-03-18 16:03:01,198 - excel.graph_api - INFO - Extracted file ID: 9e836ed5-f58f-4dc7-a969-3c62b255f3ea
2026-03-18 16:03:01,198 - excel.graph_api - INFO - Extracted site ID: CorpDevaaf94619130d4a79af9f3aeae502bdb5
2026-03-18 16:03:01,199 - root - INFO - Authenticating with Microsoft Graph API
2026-03-18 16:03:01,656 - excel.graph_api - INFO - Authentication successful
2026-03-18 16:03:01,656 - root - INFO - Updating Excel sheet with scraped data
2026-03-18 16:03:02,173 - excel.graph_api - INFO - Retrieved drive ID: b!MXUqfmBgAkyqAi_g7J1PO_6yKSWnHbZCs3mpe4EkYuX6d8izcdJxRb78S6OW5SIB
2026-03-18 16:03:04,056 - excel.graph_api - INFO - Retrieved 1359 rows from Excel
2026-03-18 16:03:05,796 - excel.graph_api - INFO - Updating range A1361:M1361 with 1 new entries
2026-03-18 16:03:08,158 - excel.graph_api - INFO - Successfully added 1 new tournaments to Excel
2026-03-18 16:03:08,159 - root - INFO - Excel sheet updated successfully
2026-03-18 16:03:08,224 - scraper.selenium_scraper - INFO - Chrome driver closed
2026-03-18 16:03:08,224 - root - INFO - Selenium driver closed
2026-03-18 16:03:08,224 - root - INFO - Script execution completed
