2025-06-03 10:47:25,440 - root - INFO - Logger initialized successfully
2025-06-03 10:47:25,440 - root - INFO - Log file: /home/runner/work/super-player-auction-scraper/super-player-auction-scraper/logs/scraper_20250603_104725.log
2025-06-03 10:47:25,440 - root - INFO - Starting Super Player Auction scraper
2025-06-03 10:47:25,440 - utils.config - INFO - Credentials loaded from environment variables
2025-06-03 10:47:25,441 - utils.config - INFO - Settings loaded successfully
2025-06-03 10:47:25,441 - root - INFO - Initializing Selenium scraper
2025-06-03 10:47:25,441 - scraper.selenium_scraper - INFO - Running in GitHub Actions environment
2025-06-03 10:47:45,188 - scraper.selenium_scraper - INFO - Chrome driver initialized successfully
2025-06-03 10:47:45,188 - root - INFO - Scraping tournament data
2025-06-03 10:47:45,188 - scraper.selenium_scraper - INFO - Starting to scrape tournament data
2025-06-03 10:47:46,480 - scraper.selenium_scraper - INFO - Waiting for page to load...
2025-06-03 10:47:51,485 - scraper.selenium_scraper - INFO - Scrolling to load all auction cards...
2025-06-03 10:48:04,101 - scraper.selenium_scraper - INFO - Saved page screenshot to /home/runner/work/super-player-auction-scraper/super-player-auction-scraper/logs/screenshots/page_loaded_20250603104803.png
2025-06-03 10:48:04,101 - scraper.selenium_scraper - INFO - Looking for auction cards...
2025-06-03 10:48:04,200 - scraper.selenium_scraper - INFO - Found 20 auction cards
2025-06-03 10:48:04,923 - scraper.selenium_scraper - INFO - Scraped tournament 1: NEPACC Mini Cup
2025-06-03 10:48:05,617 - scraper.selenium_scraper - INFO - Scraped tournament 2: PALAKKAD CRICKET LEAGUE
2025-06-03 10:48:06,605 - scraper.selenium_scraper - INFO - Scraped tournament 3: ArjunDMUP
2025-06-03 10:48:07,296 - scraper.selenium_scraper - INFO - Scraped tournament 4: Gpl 2025
2025-06-03 10:48:07,989 - scraper.selenium_scraper - INFO - Scraped tournament 5: SCLPS league
2025-06-03 10:48:08,685 - scraper.selenium_scraper - INFO - Scraped tournament 6: SPL AHMEDABAD-2025
2025-06-03 10:48:09,380 - scraper.selenium_scraper - INFO - Scraped tournament 7: UDUPI PREMIER LEAGUE - SEASON 5
2025-06-03 10:48:10,083 - scraper.selenium_scraper - INFO - Scraped tournament 8: Dholi Samaj Premiere League Sisseion-2
2025-06-03 10:48:10,776 - scraper.selenium_scraper - INFO - Scraped tournament 9: Khel-o-Utsav
2025-06-03 10:48:11,470 - scraper.selenium_scraper - INFO - Scraped tournament 10: Bpl Auction
2025-06-03 10:48:12,164 - scraper.selenium_scraper - INFO - Scraped tournament 11: SCHOOL BOYS SUPER SEVEN LEAGUE
2025-06-03 10:48:12,860 - scraper.selenium_scraper - INFO - Scraped tournament 12: MBT - II
2025-06-03 10:48:13,552 - scraper.selenium_scraper - INFO - Scraped tournament 13: Zinipol Premier League
2025-06-03 10:48:14,247 - scraper.selenium_scraper - INFO - Scraped tournament 14: NARAYANPUR PREMIER LEAGUE SEASON 2
2025-06-03 10:48:14,941 - scraper.selenium_scraper - INFO - Scraped tournament 15: NPL NISCHINDAPUR PREMIER LEAGUE
2025-06-03 10:48:15,655 - scraper.selenium_scraper - INFO - Scraped tournament 16: VIVO HPL 2025
2025-06-03 10:48:16,345 - scraper.selenium_scraper - INFO - Scraped tournament 17: HAPPY PREMIERE LANGUAGE
2025-06-03 10:48:17,035 - scraper.selenium_scraper - INFO - Scraped tournament 18: Amar Ujala Premier League
2025-06-03 10:48:17,729 - scraper.selenium_scraper - INFO - Scraped tournament 19: Indian Premier League
2025-06-03 10:48:18,424 - scraper.selenium_scraper - INFO - Scraped tournament 20: PANCHAYAT PRIMER LINK(PPL)
2025-06-03 10:48:18,424 - root - INFO - Successfully scraped 20 tournaments
2025-06-03 10:48:18,425 - root - INFO - Saved scraped data to /home/runner/work/super-player-auction-scraper/super-player-auction-scraper/data/tournament_data_20250603-104818.json
2025-06-03 10:48:18,425 - root - INFO - Initializing Graph API
2025-06-03 10:48:18,425 - excel.graph_api - INFO - Extracted file ID: 9e836ed5-f58f-4dc7-a969-3c62b255f3ea
2025-06-03 10:48:18,426 - excel.graph_api - INFO - Extracted site ID: CorpDevaaf94619130d4a79af9f3aeae502bdb5
2025-06-03 10:48:18,426 - root - INFO - Authenticating with Microsoft Graph API
2025-06-03 10:48:18,796 - excel.graph_api - INFO - Authentication successful
2025-06-03 10:48:18,796 - root - INFO - Updating Excel sheet with scraped data
2025-06-03 10:48:19,519 - excel.graph_api - INFO - Retrieved drive ID: b!MXUqfmBgAkyqAi_g7J1PO_6yKSWnHbZCs3mpe4EkYuX6d8izcdJxRb78S6OW5SIB
2025-06-03 10:48:20,685 - excel.graph_api - INFO - Retrieved 224 rows from Excel
2025-06-03 10:48:21,451 - excel.graph_api - INFO - Updating range A226:M228 with 3 new entries
2025-06-03 10:48:22,621 - excel.graph_api - INFO - Successfully added 3 new tournaments to Excel
2025-06-03 10:48:22,623 - root - INFO - Excel sheet updated successfully
2025-06-03 10:48:22,694 - scraper.selenium_scraper - INFO - Chrome driver closed
2025-06-03 10:48:22,694 - root - INFO - Selenium driver closed
2025-06-03 10:48:22,694 - root - INFO - Script execution completed
