2026-01-23 15:18:28,778 - root - INFO - Logger initialized successfully
2026-01-23 15:18:28,778 - root - INFO - Log file: /home/runner/work/super-player-auction-scraper/super-player-auction-scraper/logs/scraper_20260123_151828.log
2026-01-23 15:18:28,778 - root - INFO - Starting Super Player Auction scraper
2026-01-23 15:18:28,778 - utils.config - INFO - Credentials loaded from environment variables
2026-01-23 15:18:28,779 - utils.config - INFO - Settings loaded successfully
2026-01-23 15:18:28,779 - root - INFO - Initializing Selenium scraper
2026-01-23 15:18:28,779 - scraper.selenium_scraper - INFO - Running in GitHub Actions environment
2026-01-23 15:18:30,382 - selenium.webdriver.common.selenium_manager - WARNING - The chromedriver version (144.0.7559.31) detected in PATH at /usr/bin/chromedriver might not be compatible with the detected chrome version (144.0.7559.59); currently, chromedriver 144.0.7559.96 is recommended for chrome 144.*, so it is advised to delete the driver in PATH and retry
2026-01-23 15:18:36,361 - scraper.selenium_scraper - INFO - Chrome driver initialized successfully
2026-01-23 15:18:36,362 - root - INFO - Scraping tournament data
2026-01-23 15:18:36,362 - scraper.selenium_scraper - INFO - Starting to scrape tournament data
2026-01-23 15:18:37,578 - scraper.selenium_scraper - INFO - Waiting for page to load...
2026-01-23 15:18:42,583 - scraper.selenium_scraper - INFO - Scrolling to load all auction cards...
2026-01-23 15:18:54,729 - scraper.selenium_scraper - INFO - Saved page screenshot to /home/runner/work/super-player-auction-scraper/super-player-auction-scraper/logs/screenshots/page_loaded_20260123151854.png
2026-01-23 15:18:54,730 - scraper.selenium_scraper - INFO - Looking for auction cards...
2026-01-23 15:18:54,753 - scraper.selenium_scraper - INFO - Found 20 auction cards
2026-01-23 15:18:55,497 - scraper.selenium_scraper - INFO - Scraped tournament 1: IDL 2026
2026-01-23 15:18:56,263 - scraper.selenium_scraper - INFO - Scraped tournament 2: Sanguem Premier League - Season 8
2026-01-23 15:18:56,980 - scraper.selenium_scraper - INFO - Scraped tournament 3: MPL SEASON- 5
2026-01-23 15:18:57,692 - scraper.selenium_scraper - INFO - Scraped tournament 4: Enterprise Premier League SEASON 4
2026-01-23 15:18:58,407 - scraper.selenium_scraper - INFO - Scraped tournament 5: Lucknow Cricket League 2026
2026-01-23 15:18:59,121 - scraper.selenium_scraper - INFO - Scraped tournament 6: ABPL - Season 5 | 2026 | Auction
2026-01-23 15:18:59,830 - scraper.selenium_scraper - INFO - Scraped tournament 7: Calicut premier league season 3 - Qatar
2026-01-23 15:19:00,534 - scraper.selenium_scraper - INFO - Scraped tournament 8: SUBIC SRILANKAN PREMIER LEAGUE - SEASON 4 - 2026
2026-01-23 15:19:01,254 - scraper.selenium_scraper - INFO - Scraped tournament 9: MCPL 2026
2026-01-23 15:19:01,970 - scraper.selenium_scraper - INFO - Scraped tournament 10: SUPER FOOTBALL CHAMPIONSHIP
2026-01-23 15:19:02,686 - scraper.selenium_scraper - INFO - Scraped tournament 11: NOWGAM PREMIER LEAGUE
2026-01-23 15:19:03,384 - scraper.selenium_scraper - INFO - Scraped tournament 12: Karneshwar premiere leauge (KPL- 3) karnawad
2026-01-23 15:19:04,091 - scraper.selenium_scraper - INFO - Scraped tournament 13: Shabab Premier League S2
2026-01-23 15:19:04,798 - scraper.selenium_scraper - INFO - Scraped tournament 14: Zoroastrian Volleyball Premier League
2026-01-23 15:19:05,503 - scraper.selenium_scraper - INFO - Scraped tournament 15: मेघवाल समाज आक्शन प्रीमियर लीग खिवाड़ा
2026-01-23 15:19:06,215 - scraper.selenium_scraper - INFO - Scraped tournament 16: Friends Cup
2026-01-23 15:19:06,937 - scraper.selenium_scraper - INFO - Scraped tournament 17: SPL SEASON 3
2026-01-23 15:19:07,652 - scraper.selenium_scraper - INFO - Scraped tournament 18: SHREE JASNATH JI CRICKET CUP-06
2026-01-23 15:19:08,377 - scraper.selenium_scraper - INFO - Scraped tournament 19: JAIN PREMIER LEAGUE SEASON - 14
2026-01-23 15:19:09,079 - scraper.selenium_scraper - INFO - Scraped tournament 20: Chettuwa Premier League 2026
2026-01-23 15:19:09,079 - root - INFO - Successfully scraped 20 tournaments
2026-01-23 15:19:09,080 - root - INFO - Saved scraped data to /home/runner/work/super-player-auction-scraper/super-player-auction-scraper/data/tournament_data_20260123-151909.json
2026-01-23 15:19:09,080 - root - INFO - Initializing Graph API
2026-01-23 15:19:09,080 - excel.graph_api - INFO - Extracted file ID: 9e836ed5-f58f-4dc7-a969-3c62b255f3ea
2026-01-23 15:19:09,080 - excel.graph_api - INFO - Extracted site ID: CorpDevaaf94619130d4a79af9f3aeae502bdb5
2026-01-23 15:19:09,080 - root - INFO - Authenticating with Microsoft Graph API
2026-01-23 15:19:09,224 - excel.graph_api - INFO - Authentication successful
2026-01-23 15:19:09,224 - root - INFO - Updating Excel sheet with scraped data
2026-01-23 15:19:09,985 - excel.graph_api - INFO - Retrieved drive ID: b!MXUqfmBgAkyqAi_g7J1PO_6yKSWnHbZCs3mpe4EkYuX6d8izcdJxRb78S6OW5SIB
2026-01-23 15:19:11,427 - excel.graph_api - INFO - Retrieved 1126 rows from Excel
2026-01-23 15:19:12,446 - excel.graph_api - INFO - No new tournaments to add
2026-01-23 15:19:12,448 - root - INFO - Excel sheet updated successfully
2026-01-23 15:19:12,529 - scraper.selenium_scraper - INFO - Chrome driver closed
2026-01-23 15:19:12,530 - root - INFO - Selenium driver closed
2026-01-23 15:19:12,530 - root - INFO - Script execution completed
