2025-10-11 10:12:17,807 - root - INFO - Logger initialized successfully
2025-10-11 10:12:17,807 - root - INFO - Log file: /home/runner/work/super-player-auction-scraper/super-player-auction-scraper/logs/scraper_20251011_101217.log
2025-10-11 10:12:17,807 - root - INFO - Starting Super Player Auction scraper
2025-10-11 10:12:17,807 - utils.config - INFO - Credentials loaded from environment variables
2025-10-11 10:12:17,807 - utils.config - INFO - Settings loaded successfully
2025-10-11 10:12:17,807 - root - INFO - Initializing Selenium scraper
2025-10-11 10:12:17,807 - scraper.selenium_scraper - INFO - Running in GitHub Actions environment
2025-10-11 10:12:20,320 - scraper.selenium_scraper - INFO - Chrome driver initialized successfully
2025-10-11 10:12:20,320 - root - INFO - Scraping tournament data
2025-10-11 10:12:20,320 - scraper.selenium_scraper - INFO - Starting to scrape tournament data
2025-10-11 10:12:20,590 - scraper.selenium_scraper - INFO - Waiting for page to load...
2025-10-11 10:12:25,595 - scraper.selenium_scraper - INFO - Scrolling to load all auction cards...
2025-10-11 10:12:37,698 - scraper.selenium_scraper - INFO - Saved page screenshot to /home/runner/work/super-player-auction-scraper/super-player-auction-scraper/logs/screenshots/page_loaded_20251011101237.png
2025-10-11 10:12:37,699 - scraper.selenium_scraper - INFO - Looking for auction cards...
2025-10-11 10:12:37,716 - scraper.selenium_scraper - INFO - Found 20 auction cards
2025-10-11 10:12:38,431 - scraper.selenium_scraper - INFO - Scraped tournament 1: United Premier League (Father's)
2025-10-11 10:12:39,136 - scraper.selenium_scraper - INFO - Scraped tournament 2: MBPL
2025-10-11 10:12:39,818 - scraper.selenium_scraper - INFO - Scraped tournament 3: United Premier League Womens
2025-10-11 10:12:40,504 - scraper.selenium_scraper - INFO - Scraped tournament 4: ANCHOR PREMIER LEAGUE - MALE
2025-10-11 10:12:41,182 - scraper.selenium_scraper - INFO - Scraped tournament 5: ANCHOR PREMIER LEAGUE - FEMALE
2025-10-11 10:12:41,867 - scraper.selenium_scraper - INFO - Scraped tournament 6: Pond Premier League - Whispering Palms Season 1
2025-10-11 10:12:42,547 - scraper.selenium_scraper - INFO - Scraped tournament 7: FCCL SEASON 5 MALE
2025-10-11 10:12:43,226 - scraper.selenium_scraper - INFO - Scraped tournament 8: FCCL SEASON 5 FEMALE
2025-10-11 10:12:43,903 - scraper.selenium_scraper - INFO - Scraped tournament 9: CHANDANA BHAKER PREMIER LEAGUE
2025-10-11 10:12:44,582 - scraper.selenium_scraper - INFO - Scraped tournament 10: INTER SECTOR CRICKET TOURNAMENT SEASON 4
2025-10-11 10:12:45,268 - scraper.selenium_scraper - INFO - Scraped tournament 11: BOA CRICKET TOURNAMENT
2025-10-11 10:12:45,946 - scraper.selenium_scraper - INFO - Scraped tournament 12: Allumini Premier League 2025
2025-10-11 10:12:46,631 - scraper.selenium_scraper - INFO - Scraped tournament 13: VIJAYTA CRICKET CUP-2025
2025-10-11 10:12:47,311 - scraper.selenium_scraper - INFO - Scraped tournament 14: SAMBHAJI NAGAR PREMIER LEAGUE
2025-10-11 10:12:47,989 - scraper.selenium_scraper - INFO - Scraped tournament 15: AUZ T20 BLAST - EDITION 3
2025-10-11 10:12:48,667 - scraper.selenium_scraper - INFO - Scraped tournament 16: SmashIT v7 2025
2025-10-11 10:12:49,351 - scraper.selenium_scraper - INFO - Scraped tournament 17: SUNDAY PREMIER LEAGUE
2025-10-11 10:12:50,027 - scraper.selenium_scraper - INFO - Scraped tournament 18: KASRODIANS PREMIER LEAGUE SEASON -5
2025-10-11 10:12:50,706 - scraper.selenium_scraper - INFO - Scraped tournament 19: Dambab Premier League 2025
2025-10-11 10:12:51,391 - scraper.selenium_scraper - INFO - Scraped tournament 20: DDS PREMIER LEAGUE SEASON 3
2025-10-11 10:12:51,392 - root - INFO - Successfully scraped 20 tournaments
2025-10-11 10:12:51,392 - root - INFO - Saved scraped data to /home/runner/work/super-player-auction-scraper/super-player-auction-scraper/data/tournament_data_20251011-101251.json
2025-10-11 10:12:51,392 - root - INFO - Initializing Graph API
2025-10-11 10:12:51,392 - excel.graph_api - INFO - Extracted file ID: 9e836ed5-f58f-4dc7-a969-3c62b255f3ea
2025-10-11 10:12:51,392 - excel.graph_api - INFO - Extracted site ID: CorpDevaaf94619130d4a79af9f3aeae502bdb5
2025-10-11 10:12:51,393 - root - INFO - Authenticating with Microsoft Graph API
2025-10-11 10:12:51,627 - excel.graph_api - INFO - Authentication successful
2025-10-11 10:12:51,627 - root - INFO - Updating Excel sheet with scraped data
2025-10-11 10:12:52,632 - excel.graph_api - INFO - Retrieved drive ID: b!MXUqfmBgAkyqAi_g7J1PO_6yKSWnHbZCs3mpe4EkYuX6d8izcdJxRb78S6OW5SIB
2025-10-11 10:12:54,256 - excel.graph_api - INFO - Retrieved 610 rows from Excel
2025-10-11 10:12:55,187 - excel.graph_api - INFO - Updating range A612:M616 with 5 new entries
2025-10-11 10:12:56,524 - excel.graph_api - INFO - Successfully added 5 new tournaments to Excel
2025-10-11 10:12:56,525 - root - INFO - Excel sheet updated successfully
2025-10-11 10:12:56,592 - scraper.selenium_scraper - INFO - Chrome driver closed
2025-10-11 10:12:56,593 - root - INFO - Selenium driver closed
2025-10-11 10:12:56,593 - root - INFO - Script execution completed
