2026-06-03 18:40:23,310 - root - INFO - Logger initialized successfully
2026-06-03 18:40:23,310 - root - INFO - Log file: /home/runner/work/super-player-auction-scraper/super-player-auction-scraper/logs/scraper_20260603_184023.log
2026-06-03 18:40:23,310 - root - INFO - Starting Super Player Auction scraper
2026-06-03 18:40:23,310 - utils.config - INFO - Credentials loaded from environment variables
2026-06-03 18:40:23,311 - utils.config - INFO - Settings loaded successfully
2026-06-03 18:40:23,311 - root - INFO - Initializing Selenium scraper
2026-06-03 18:40:23,311 - scraper.selenium_scraper - INFO - Running in GitHub Actions environment
2026-06-03 18:40:33,004 - scraper.selenium_scraper - INFO - Chrome driver initialized successfully
2026-06-03 18:40:33,004 - root - INFO - Scraping tournament data
2026-06-03 18:40:33,004 - scraper.selenium_scraper - INFO - Starting to scrape tournament data
2026-06-03 18:40:33,980 - scraper.selenium_scraper - INFO - Waiting for page to load...
2026-06-03 18:40:38,986 - scraper.selenium_scraper - INFO - Scrolling to load all auction cards...
2026-06-03 18:40:51,126 - scraper.selenium_scraper - INFO - Saved page screenshot to /home/runner/work/super-player-auction-scraper/super-player-auction-scraper/logs/screenshots/page_loaded_20260603184051.png
2026-06-03 18:40:51,126 - scraper.selenium_scraper - INFO - Looking for auction cards...
2026-06-03 18:40:51,160 - scraper.selenium_scraper - INFO - Found 20 auction cards
2026-06-03 18:40:51,933 - scraper.selenium_scraper - INFO - Scraped tournament 1: RBL - 4
2026-06-03 18:40:52,635 - scraper.selenium_scraper - INFO - Scraped tournament 2: UPL 2026
2026-06-03 18:40:53,335 - scraper.selenium_scraper - INFO - Scraped tournament 3: CBBL 6 AUCTION
2026-06-03 18:40:54,102 - scraper.selenium_scraper - INFO - Scraped tournament 4: Dream UTT Juniors Season 2
2026-06-03 18:40:54,795 - scraper.selenium_scraper - INFO - Scraped tournament 5: SUPER FOOTBALL CHAMPIONSHIP
2026-06-03 18:40:55,490 - scraper.selenium_scraper - INFO - Scraped tournament 6: REPUBLIC CUP 2.0
2026-06-03 18:40:56,184 - scraper.selenium_scraper - INFO - Scraped tournament 7: Auction Demo Jodi
2026-06-03 18:40:56,878 - scraper.selenium_scraper - INFO - Scraped tournament 8: Super Cricket League
2026-06-03 18:40:57,575 - scraper.selenium_scraper - INFO - Scraped tournament 9: SIKAR PREMIER LEAGUE 2025
2026-06-03 18:40:58,269 - scraper.selenium_scraper - INFO - Scraped tournament 10: BJP
2026-06-03 18:40:58,968 - scraper.selenium_scraper - INFO - Scraped tournament 11: SUPER LEAGUE GROUP
2026-06-03 18:40:59,671 - scraper.selenium_scraper - INFO - Scraped tournament 12: SUPER CRICKET LEAGUE
2026-06-03 18:41:00,362 - scraper.selenium_scraper - INFO - Scraped tournament 13: Dinks in the City
2026-06-03 18:41:01,051 - scraper.selenium_scraper - INFO - Scraped tournament 14: MALAPPURAM PREMIER LEAGUE S3 (RIYADH, KSA - 03 July 2026)
2026-06-03 18:41:01,752 - scraper.selenium_scraper - INFO - Scraped tournament 15: ENTREPRENEUR’S PREMIER LEAGUE 8.0 MEN
2026-06-03 18:41:02,459 - scraper.selenium_scraper - INFO - Scraped tournament 16: ENTREPRENEUR’S PREMIER LEAGUE 8.0 WOMEN
2026-06-03 18:41:03,154 - scraper.selenium_scraper - INFO - Scraped tournament 17: YESHWANT CLUB TENNIS PREMIER LEAGUE SEASON - 1.0
2026-06-03 18:41:03,848 - scraper.selenium_scraper - INFO - Scraped tournament 18: Sw Bheekh Singh Smrti RATIKALIN Kabddi PRATIYOGITA
2026-06-03 18:41:04,547 - scraper.selenium_scraper - INFO - Scraped tournament 19: CEYLON CRICKET LEAGUE
2026-06-03 18:41:05,251 - scraper.selenium_scraper - INFO - Scraped tournament 20: ELITETANK SPORTS PRESENT SHIRSAT SPORTS WOMEN PREMIER LEAGUE 2026
2026-06-03 18:41:05,251 - root - INFO - Successfully scraped 20 tournaments
2026-06-03 18:41:05,251 - root - INFO - Saved scraped data to /home/runner/work/super-player-auction-scraper/super-player-auction-scraper/data/tournament_data_20260603-184105.json
2026-06-03 18:41:05,251 - root - INFO - Initializing Graph API
2026-06-03 18:41:05,252 - excel.graph_api - INFO - Extracted file ID: 9e836ed5-f58f-4dc7-a969-3c62b255f3ea
2026-06-03 18:41:05,252 - excel.graph_api - INFO - Extracted site ID: CorpDevaaf94619130d4a79af9f3aeae502bdb5
2026-06-03 18:41:05,252 - root - INFO - Authenticating with Microsoft Graph API
2026-06-03 18:41:05,643 - excel.graph_api - INFO - Authentication successful
2026-06-03 18:41:05,643 - root - INFO - Updating Excel sheet with scraped data
2026-06-03 18:41:06,121 - excel.graph_api - INFO - Retrieved drive ID: b!MXUqfmBgAkyqAi_g7J1PO_6yKSWnHbZCs3mpe4EkYuX6d8izcdJxRb78S6OW5SIB
2026-06-03 18:41:07,887 - excel.graph_api - INFO - Retrieved 1664 rows from Excel
2026-06-03 18:41:09,195 - excel.graph_api - INFO - No new tournaments to add
2026-06-03 18:41:09,197 - root - INFO - Excel sheet updated successfully
2026-06-03 18:41:09,277 - scraper.selenium_scraper - INFO - Chrome driver closed
2026-06-03 18:41:09,278 - root - INFO - Selenium driver closed
2026-06-03 18:41:09,278 - root - INFO - Script execution completed
