2026-02-23 15:38:53,955 - root - INFO - Logger initialized successfully
2026-02-23 15:38:53,955 - root - INFO - Log file: /home/runner/work/super-player-auction-scraper/super-player-auction-scraper/logs/scraper_20260223_153853.log
2026-02-23 15:38:53,955 - root - INFO - Starting Super Player Auction scraper
2026-02-23 15:38:53,955 - utils.config - INFO - Credentials loaded from environment variables
2026-02-23 15:38:53,955 - utils.config - INFO - Settings loaded successfully
2026-02-23 15:38:53,955 - root - INFO - Initializing Selenium scraper
2026-02-23 15:38:53,955 - scraper.selenium_scraper - INFO - Running in GitHub Actions environment
2026-02-23 15:38:55,874 - selenium.webdriver.common.selenium_manager - WARNING - The chromedriver version (144.0.7559.109) detected in PATH at /usr/bin/chromedriver might not be compatible with the detected chrome version (144.0.7559.109); currently, chromedriver 144.0.7559.133 is recommended for chrome 144.*, so it is advised to delete the driver in PATH and retry
2026-02-23 15:39:04,041 - scraper.selenium_scraper - INFO - Chrome driver initialized successfully
2026-02-23 15:39:04,041 - root - INFO - Scraping tournament data
2026-02-23 15:39:04,041 - scraper.selenium_scraper - INFO - Starting to scrape tournament data
2026-02-23 15:39:04,850 - scraper.selenium_scraper - INFO - Waiting for page to load...
2026-02-23 15:39:09,855 - scraper.selenium_scraper - INFO - Scrolling to load all auction cards...
2026-02-23 15:39:21,997 - scraper.selenium_scraper - INFO - Saved page screenshot to /home/runner/work/super-player-auction-scraper/super-player-auction-scraper/logs/screenshots/page_loaded_20260223153921.png
2026-02-23 15:39:21,997 - scraper.selenium_scraper - INFO - Looking for auction cards...
2026-02-23 15:39:22,028 - scraper.selenium_scraper - INFO - Found 20 auction cards
2026-02-23 15:39:22,751 - scraper.selenium_scraper - INFO - Scraped tournament 1: HINDU EKTA TENNIS CRICKET TOURNAMENT SEASON 2
2026-02-23 15:39:23,493 - scraper.selenium_scraper - INFO - Scraped tournament 2: Hind Sporting Premier League
2026-02-23 15:39:24,182 - scraper.selenium_scraper - INFO - Scraped tournament 3: YPL 2.O
2026-02-23 15:39:24,872 - scraper.selenium_scraper - INFO - Scraped tournament 4: RELIANCE SPL 2026
2026-02-23 15:39:25,559 - scraper.selenium_scraper - INFO - Scraped tournament 5: MCPL 2026
2026-02-23 15:39:26,250 - scraper.selenium_scraper - INFO - Scraped tournament 6: SIKAR PREMIER LEAGUE 2025
2026-02-23 15:39:26,940 - scraper.selenium_scraper - INFO - Scraped tournament 7: ROHAT PREMIER LEAGUE
2026-02-23 15:39:27,626 - scraper.selenium_scraper - INFO - Scraped tournament 8: REPUBLIC CUP 2.0
2026-02-23 15:39:28,318 - scraper.selenium_scraper - INFO - Scraped tournament 9: NPL
2026-02-23 15:39:29,004 - scraper.selenium_scraper - INFO - Scraped tournament 10: BJP
2026-02-23 15:39:29,690 - scraper.selenium_scraper - INFO - Scraped tournament 11: SUPER CRICKRT LEAGUE - MAHIPAL
2026-02-23 15:39:30,383 - scraper.selenium_scraper - INFO - Scraped tournament 12: STPL SEASON-5 PLAYER AUCTION
2026-02-23 15:39:31,069 - scraper.selenium_scraper - INFO - Scraped tournament 13: मेघवाल समाज आक्शन प्रीमियर लीग खिवाड़ा
2026-02-23 15:39:31,754 - scraper.selenium_scraper - INFO - Scraped tournament 14: Talent Championship Cricket league (TCCL)
2026-02-23 15:39:32,442 - scraper.selenium_scraper - INFO - Scraped tournament 15: SIWANA PREMIER LEAGUE SEASON - 3
2026-02-23 15:39:33,129 - scraper.selenium_scraper - INFO - Scraped tournament 16: Awesome Premier League 2026 Season 10 Dhamaka Edition
2026-02-23 15:39:33,820 - scraper.selenium_scraper - INFO - Scraped tournament 17: Player Draft Demo
2026-02-23 15:39:34,520 - scraper.selenium_scraper - INFO - Scraped tournament 18: Sanvordem VollyBall League 2026
2026-02-23 15:39:35,205 - scraper.selenium_scraper - INFO - Scraped tournament 19: new auction
2026-02-23 15:39:35,902 - scraper.selenium_scraper - INFO - Scraped tournament 20: FEARLESS FIGHTERS CRICKET PREMIER LEAGUE.
2026-02-23 15:39:35,902 - root - INFO - Successfully scraped 20 tournaments
2026-02-23 15:39:35,903 - root - INFO - Saved scraped data to /home/runner/work/super-player-auction-scraper/super-player-auction-scraper/data/tournament_data_20260223-153935.json
2026-02-23 15:39:35,903 - root - INFO - Initializing Graph API
2026-02-23 15:39:35,903 - excel.graph_api - INFO - Extracted file ID: 9e836ed5-f58f-4dc7-a969-3c62b255f3ea
2026-02-23 15:39:35,903 - excel.graph_api - INFO - Extracted site ID: CorpDevaaf94619130d4a79af9f3aeae502bdb5
2026-02-23 15:39:35,903 - root - INFO - Authenticating with Microsoft Graph API
2026-02-23 15:39:36,245 - excel.graph_api - INFO - Authentication successful
2026-02-23 15:39:36,245 - root - INFO - Updating Excel sheet with scraped data
2026-02-23 15:39:37,336 - excel.graph_api - INFO - Retrieved drive ID: b!MXUqfmBgAkyqAi_g7J1PO_6yKSWnHbZCs3mpe4EkYuX6d8izcdJxRb78S6OW5SIB
2026-02-23 15:39:40,961 - excel.graph_api - INFO - Retrieved 1268 rows from Excel
2026-02-23 15:39:43,583 - excel.graph_api - INFO - No new tournaments to add
2026-02-23 15:39:43,584 - root - INFO - Excel sheet updated successfully
2026-02-23 15:39:43,664 - scraper.selenium_scraper - INFO - Chrome driver closed
2026-02-23 15:39:43,664 - root - INFO - Selenium driver closed
2026-02-23 15:39:43,664 - root - INFO - Script execution completed
