2026-05-29 18:07:53,669 - root - INFO - Logger initialized successfully
2026-05-29 18:07:53,669 - root - INFO - Log file: /home/runner/work/super-player-auction-scraper/super-player-auction-scraper/logs/scraper_20260529_180753.log
2026-05-29 18:07:53,669 - root - INFO - Starting Super Player Auction scraper
2026-05-29 18:07:53,669 - utils.config - INFO - Credentials loaded from environment variables
2026-05-29 18:07:53,670 - utils.config - INFO - Settings loaded successfully
2026-05-29 18:07:53,670 - root - INFO - Initializing Selenium scraper
2026-05-29 18:07:53,670 - scraper.selenium_scraper - INFO - Running in GitHub Actions environment
2026-05-29 18:08:04,246 - scraper.selenium_scraper - INFO - Chrome driver initialized successfully
2026-05-29 18:08:04,246 - root - INFO - Scraping tournament data
2026-05-29 18:08:04,246 - scraper.selenium_scraper - INFO - Starting to scrape tournament data
2026-05-29 18:08:05,512 - scraper.selenium_scraper - INFO - Waiting for page to load...
2026-05-29 18:08:10,517 - scraper.selenium_scraper - INFO - Scrolling to load all auction cards...
2026-05-29 18:08:22,732 - scraper.selenium_scraper - INFO - Saved page screenshot to /home/runner/work/super-player-auction-scraper/super-player-auction-scraper/logs/screenshots/page_loaded_20260529180822.png
2026-05-29 18:08:22,732 - scraper.selenium_scraper - INFO - Looking for auction cards...
2026-05-29 18:08:22,761 - scraper.selenium_scraper - INFO - Found 20 auction cards
2026-05-29 18:08:23,495 - scraper.selenium_scraper - INFO - Scraped tournament 1: Super Cricket League
2026-05-29 18:08:24,190 - scraper.selenium_scraper - INFO - Scraped tournament 2: CA CPL SEASON 10 HOSTED BY AGRA BRANCH OF CIRC
2026-05-29 18:08:24,879 - scraper.selenium_scraper - INFO - Scraped tournament 3: SIGMA PREMIER LEAGUE
2026-05-29 18:08:25,643 - scraper.selenium_scraper - INFO - Scraped tournament 4: ROHAT PREMIER LEAGUE
2026-05-29 18:08:26,330 - scraper.selenium_scraper - INFO - Scraped tournament 5: Tyrant Padle Premier League Season 2
2026-05-29 18:08:27,017 - scraper.selenium_scraper - INFO - Scraped tournament 6: 40+ Legend League
2026-05-29 18:08:27,708 - scraper.selenium_scraper - INFO - Scraped tournament 7: CBBL 6 AUCTION
2026-05-29 18:08:28,395 - scraper.selenium_scraper - INFO - Scraped tournament 8: SUPER FOOTBALL CHAMPIONSHIP
2026-05-29 18:08:29,085 - scraper.selenium_scraper - INFO - Scraped tournament 9: DB CUP
2026-05-29 18:08:29,773 - scraper.selenium_scraper - INFO - Scraped tournament 10: REPUBLIC CUP 2.0
2026-05-29 18:08:30,460 - scraper.selenium_scraper - INFO - Scraped tournament 11: Auction Demo Jodi
2026-05-29 18:08:31,147 - scraper.selenium_scraper - INFO - Scraped tournament 12: SIKAR PREMIER LEAGUE 2025
2026-05-29 18:08:31,843 - scraper.selenium_scraper - INFO - Scraped tournament 13: BJP
2026-05-29 18:08:32,529 - scraper.selenium_scraper - INFO - Scraped tournament 14: SUPER LEAGUE GROUP
2026-05-29 18:08:33,214 - scraper.selenium_scraper - INFO - Scraped tournament 15: SUPER CRICKET LEAGUE
2026-05-29 18:08:33,902 - scraper.selenium_scraper - INFO - Scraped tournament 16: Crown Padel League
2026-05-29 18:08:34,588 - scraper.selenium_scraper - INFO - Scraped tournament 17: TCL MINI 4.0
2026-05-29 18:08:35,273 - scraper.selenium_scraper - INFO - Scraped tournament 18: APL - 6 INAYA SPORT NIGHT TOURNAMENT
2026-05-29 18:08:35,963 - scraper.selenium_scraper - INFO - Scraped tournament 19: DURGA GROUND CHAMPIONSHIP
2026-05-29 18:08:36,653 - scraper.selenium_scraper - INFO - Scraped tournament 20: MALAPPURAM PREMIER LEAGUE S3 (RIYADH, KSA - 03 July 2026)
2026-05-29 18:08:36,653 - root - INFO - Successfully scraped 20 tournaments
2026-05-29 18:08:36,654 - root - INFO - Saved scraped data to /home/runner/work/super-player-auction-scraper/super-player-auction-scraper/data/tournament_data_20260529-180836.json
2026-05-29 18:08:36,654 - root - INFO - Initializing Graph API
2026-05-29 18:08:36,654 - excel.graph_api - INFO - Extracted file ID: 9e836ed5-f58f-4dc7-a969-3c62b255f3ea
2026-05-29 18:08:36,654 - excel.graph_api - INFO - Extracted site ID: CorpDevaaf94619130d4a79af9f3aeae502bdb5
2026-05-29 18:08:36,654 - root - INFO - Authenticating with Microsoft Graph API
2026-05-29 18:08:37,121 - excel.graph_api - INFO - Authentication successful
2026-05-29 18:08:37,121 - root - INFO - Updating Excel sheet with scraped data
2026-05-29 18:08:37,661 - excel.graph_api - INFO - Retrieved drive ID: b!MXUqfmBgAkyqAi_g7J1PO_6yKSWnHbZCs3mpe4EkYuX6d8izcdJxRb78S6OW5SIB
2026-05-29 18:08:39,345 - excel.graph_api - INFO - Retrieved 1651 rows from Excel
2026-05-29 18:08:40,942 - excel.graph_api - INFO - Updating range A1653:Y1653 with 1 new entries
2026-05-29 18:08:42,364 - excel.graph_api - INFO - Successfully added 1 new tournaments to Excel
2026-05-29 18:08:42,366 - root - INFO - Excel sheet updated successfully
2026-05-29 18:08:42,445 - scraper.selenium_scraper - INFO - Chrome driver closed
2026-05-29 18:08:42,445 - root - INFO - Selenium driver closed
2026-05-29 18:08:42,445 - root - INFO - Script execution completed
