2026-01-26 10:20:15,551 - root - INFO - Logger initialized successfully
2026-01-26 10:20:15,551 - root - INFO - Log file: /home/runner/work/super-player-auction-scraper/super-player-auction-scraper/logs/scraper_20260126_102015.log
2026-01-26 10:20:15,551 - root - INFO - Starting Super Player Auction scraper
2026-01-26 10:20:15,551 - utils.config - INFO - Credentials loaded from environment variables
2026-01-26 10:20:15,551 - utils.config - INFO - Settings loaded successfully
2026-01-26 10:20:15,551 - root - INFO - Initializing Selenium scraper
2026-01-26 10:20:15,551 - scraper.selenium_scraper - INFO - Running in GitHub Actions environment
2026-01-26 10:20:17,031 - selenium.webdriver.common.selenium_manager - WARNING - The chromedriver version (144.0.7559.31) detected in PATH at /usr/bin/chromedriver might not be compatible with the detected chrome version (144.0.7559.59); currently, chromedriver 144.0.7559.96 is recommended for chrome 144.*, so it is advised to delete the driver in PATH and retry
2026-01-26 10:20:22,525 - scraper.selenium_scraper - INFO - Chrome driver initialized successfully
2026-01-26 10:20:22,525 - root - INFO - Scraping tournament data
2026-01-26 10:20:22,525 - scraper.selenium_scraper - INFO - Starting to scrape tournament data
2026-01-26 10:20:23,629 - scraper.selenium_scraper - INFO - Waiting for page to load...
2026-01-26 10:20:28,634 - scraper.selenium_scraper - INFO - Scrolling to load all auction cards...
2026-01-26 10:20:40,761 - scraper.selenium_scraper - INFO - Saved page screenshot to /home/runner/work/super-player-auction-scraper/super-player-auction-scraper/logs/screenshots/page_loaded_20260126102040.png
2026-01-26 10:20:40,761 - scraper.selenium_scraper - INFO - Looking for auction cards...
2026-01-26 10:20:40,783 - scraper.selenium_scraper - INFO - Found 20 auction cards
2026-01-26 10:20:41,503 - scraper.selenium_scraper - INFO - Scraped tournament 1: NASHIK PREMIER LEAGUE SEASON VIII
2026-01-26 10:20:42,229 - scraper.selenium_scraper - INFO - Scraped tournament 2: Lucknow Cricket League 2026
2026-01-26 10:20:42,919 - scraper.selenium_scraper - INFO - Scraped tournament 3: ABPL - Season 5 | 2026 | Auction
2026-01-26 10:20:43,606 - scraper.selenium_scraper - INFO - Scraped tournament 4: Calicut premier league Qatar
2026-01-26 10:20:44,292 - scraper.selenium_scraper - INFO - Scraped tournament 5: PGCL 2.O
2026-01-26 10:20:44,985 - scraper.selenium_scraper - INFO - Scraped tournament 6: SUBIC SRILANKAN PREMIER LEAGUE - SEASON 4 - 2026
2026-01-26 10:20:45,671 - scraper.selenium_scraper - INFO - Scraped tournament 7: MCPL 2026
2026-01-26 10:20:46,357 - scraper.selenium_scraper - INFO - Scraped tournament 8: SUPER FOOTBALL CHAMPIONSHIP
2026-01-26 10:20:47,042 - scraper.selenium_scraper - INFO - Scraped tournament 9: WBGMDA CRICKET LEAGUE
2026-01-26 10:20:47,727 - scraper.selenium_scraper - INFO - Scraped tournament 10: MAHINDRA EMINENTE PREMIER LEAGUE
2026-01-26 10:20:48,420 - scraper.selenium_scraper - INFO - Scraped tournament 11: ACL-5
2026-01-26 10:20:49,110 - scraper.selenium_scraper - INFO - Scraped tournament 12: VBL 2026
2026-01-26 10:20:49,796 - scraper.selenium_scraper - INFO - Scraped tournament 13: Simga Tennis Cricket League
2026-01-26 10:20:50,484 - scraper.selenium_scraper - INFO - Scraped tournament 14: MORNING PREMIER LEAGUE SEASON 11
2026-01-26 10:20:51,169 - scraper.selenium_scraper - INFO - Scraped tournament 15: Karneshwar premiere leauge (KPL- 3) karnawad
2026-01-26 10:20:51,854 - scraper.selenium_scraper - INFO - Scraped tournament 16: TEEKLI Premier League
2026-01-26 10:20:52,541 - scraper.selenium_scraper - INFO - Scraped tournament 17: Friends Cup
2026-01-26 10:20:53,226 - scraper.selenium_scraper - INFO - Scraped tournament 18: TOYAGONDI SUPER LEAGUE
2026-01-26 10:20:53,910 - scraper.selenium_scraper - INFO - Scraped tournament 19: KNPL
2026-01-26 10:20:54,602 - scraper.selenium_scraper - INFO - Scraped tournament 20: Area 7 Premier League Season 2
2026-01-26 10:20:54,602 - root - INFO - Successfully scraped 20 tournaments
2026-01-26 10:20:54,603 - root - INFO - Saved scraped data to /home/runner/work/super-player-auction-scraper/super-player-auction-scraper/data/tournament_data_20260126-102054.json
2026-01-26 10:20:54,603 - root - INFO - Initializing Graph API
2026-01-26 10:20:54,604 - excel.graph_api - INFO - Extracted file ID: 9e836ed5-f58f-4dc7-a969-3c62b255f3ea
2026-01-26 10:20:54,604 - excel.graph_api - INFO - Extracted site ID: CorpDevaaf94619130d4a79af9f3aeae502bdb5
2026-01-26 10:20:54,604 - root - INFO - Authenticating with Microsoft Graph API
2026-01-26 10:20:54,843 - excel.graph_api - INFO - Authentication successful
2026-01-26 10:20:54,844 - root - INFO - Updating Excel sheet with scraped data
2026-01-26 10:20:55,231 - excel.graph_api - INFO - Retrieved drive ID: b!MXUqfmBgAkyqAi_g7J1PO_6yKSWnHbZCs3mpe4EkYuX6d8izcdJxRb78S6OW5SIB
2026-01-26 10:20:56,405 - excel.graph_api - INFO - Retrieved 1135 rows from Excel
2026-01-26 10:20:57,254 - excel.graph_api - INFO - Updating range A1137:M1141 with 5 new entries
2026-01-26 10:20:58,507 - excel.graph_api - INFO - Successfully added 5 new tournaments to Excel
2026-01-26 10:20:58,508 - root - INFO - Excel sheet updated successfully
2026-01-26 10:20:58,586 - scraper.selenium_scraper - INFO - Chrome driver closed
2026-01-26 10:20:58,586 - root - INFO - Selenium driver closed
2026-01-26 10:20:58,587 - root - INFO - Script execution completed
