2026-05-09 15:43:07,203 - root - INFO - Logger initialized successfully
2026-05-09 15:43:07,203 - root - INFO - Log file: /home/runner/work/super-player-auction-scraper/super-player-auction-scraper/logs/scraper_20260509_154307.log
2026-05-09 15:43:07,203 - root - INFO - Starting Super Player Auction scraper
2026-05-09 15:43:07,203 - utils.config - INFO - Credentials loaded from environment variables
2026-05-09 15:43:07,204 - utils.config - INFO - Settings loaded successfully
2026-05-09 15:43:07,204 - root - INFO - Initializing Selenium scraper
2026-05-09 15:43:07,204 - scraper.selenium_scraper - INFO - Running in GitHub Actions environment
2026-05-09 15:43:08,759 - selenium.webdriver.common.selenium_manager - WARNING - The chromedriver version (147.0.7727.56) detected in PATH at /usr/bin/chromedriver might not be compatible with the detected chrome version (147.0.7727.55); currently, chromedriver 147.0.7727.117 is recommended for chrome 147.*, so it is advised to delete the driver in PATH and retry
2026-05-09 15:43:14,905 - scraper.selenium_scraper - INFO - Chrome driver initialized successfully
2026-05-09 15:43:14,905 - root - INFO - Scraping tournament data
2026-05-09 15:43:14,905 - scraper.selenium_scraper - INFO - Starting to scrape tournament data
2026-05-09 15:43:15,683 - scraper.selenium_scraper - INFO - Waiting for page to load...
2026-05-09 15:43:20,689 - scraper.selenium_scraper - INFO - Scrolling to load all auction cards...
2026-05-09 15:43:32,829 - scraper.selenium_scraper - INFO - Saved page screenshot to /home/runner/work/super-player-auction-scraper/super-player-auction-scraper/logs/screenshots/page_loaded_20260509154332.png
2026-05-09 15:43:32,829 - scraper.selenium_scraper - INFO - Looking for auction cards...
2026-05-09 15:43:32,854 - scraper.selenium_scraper - INFO - Found 20 auction cards
2026-05-09 15:43:33,578 - scraper.selenium_scraper - INFO - Scraped tournament 1: MANA TENNIS LEAUGE (Season 1)
2026-05-09 15:43:34,328 - scraper.selenium_scraper - INFO - Scraped tournament 2: Rathod Cup 2026 - Male
2026-05-09 15:43:35,022 - scraper.selenium_scraper - INFO - Scraped tournament 3: Rathod Cup 2026 - Female
2026-05-09 15:43:35,712 - scraper.selenium_scraper - INFO - Scraped tournament 4: WEST WOODS PREMIER LEAGUE 4
2026-05-09 15:43:36,401 - scraper.selenium_scraper - INFO - Scraped tournament 5: DGCL 2026
2026-05-09 15:43:37,096 - scraper.selenium_scraper - INFO - Scraped tournament 6: Patidar Swajan Premiere League Season 3 (Men's)
2026-05-09 15:43:37,788 - scraper.selenium_scraper - INFO - Scraped tournament 7: Patidar Swajan Premiere League Season 3 (Women's)
2026-05-09 15:43:38,483 - scraper.selenium_scraper - INFO - Scraped tournament 8: SPL 3
2026-05-09 15:43:39,173 - scraper.selenium_scraper - INFO - Scraped tournament 9: SCL MANALI
2026-05-09 15:43:39,861 - scraper.selenium_scraper - INFO - Scraped tournament 10: Hariprabodham Cricket League Season 4.0
2026-05-09 15:43:40,563 - scraper.selenium_scraper - INFO - Scraped tournament 11: SUPER FOOTBALL CHAMPIONSHIP
2026-05-09 15:43:41,252 - scraper.selenium_scraper - INFO - Scraped tournament 12: REPUBLIC CUP 2.0
2026-05-09 15:43:41,940 - scraper.selenium_scraper - INFO - Scraped tournament 13: Auction Demo Jodi
2026-05-09 15:43:42,631 - scraper.selenium_scraper - INFO - Scraped tournament 14: Super Cricket League
2026-05-09 15:43:43,319 - scraper.selenium_scraper - INFO - Scraped tournament 15: SIKAR PREMIER LEAGUE 2025
2026-05-09 15:43:44,012 - scraper.selenium_scraper - INFO - Scraped tournament 16: BJP
2026-05-09 15:43:44,704 - scraper.selenium_scraper - INFO - Scraped tournament 17: SUPER LEAGUE GROUP
2026-05-09 15:43:45,392 - scraper.selenium_scraper - INFO - Scraped tournament 18: SUPER CRICKET LEAGUE
2026-05-09 15:43:46,087 - scraper.selenium_scraper - INFO - Scraped tournament 19: GLORIOUS PREMIER LEAGUE
2026-05-09 15:43:46,807 - scraper.selenium_scraper - INFO - Scraped tournament 20: Devbhoomi JBRJ Cricket League
2026-05-09 15:43:46,807 - root - INFO - Successfully scraped 20 tournaments
2026-05-09 15:43:46,807 - root - INFO - Saved scraped data to /home/runner/work/super-player-auction-scraper/super-player-auction-scraper/data/tournament_data_20260509-154346.json
2026-05-09 15:43:46,807 - root - INFO - Initializing Graph API
2026-05-09 15:43:46,808 - excel.graph_api - INFO - Extracted file ID: 9e836ed5-f58f-4dc7-a969-3c62b255f3ea
2026-05-09 15:43:46,808 - excel.graph_api - INFO - Extracted site ID: CorpDevaaf94619130d4a79af9f3aeae502bdb5
2026-05-09 15:43:46,808 - root - INFO - Authenticating with Microsoft Graph API
2026-05-09 15:43:47,174 - excel.graph_api - INFO - Authentication successful
2026-05-09 15:43:47,174 - root - INFO - Updating Excel sheet with scraped data
2026-05-09 15:43:47,897 - excel.graph_api - INFO - Retrieved drive ID: b!MXUqfmBgAkyqAi_g7J1PO_6yKSWnHbZCs3mpe4EkYuX6d8izcdJxRb78S6OW5SIB
2026-05-09 15:43:49,604 - excel.graph_api - INFO - Retrieved 1581 rows from Excel
2026-05-09 15:43:50,757 - excel.graph_api - INFO - No new tournaments to add
2026-05-09 15:43:50,758 - root - INFO - Excel sheet updated successfully
2026-05-09 15:43:50,836 - scraper.selenium_scraper - INFO - Chrome driver closed
2026-05-09 15:43:50,836 - root - INFO - Selenium driver closed
2026-05-09 15:43:50,836 - root - INFO - Script execution completed
