2026-01-09 15:15:46,384 - root - INFO - Logger initialized successfully
2026-01-09 15:15:46,384 - root - INFO - Log file: /home/runner/work/super-player-auction-scraper/super-player-auction-scraper/logs/scraper_20260109_151546.log
2026-01-09 15:15:46,384 - root - INFO - Starting Super Player Auction scraper
2026-01-09 15:15:46,384 - utils.config - INFO - Credentials loaded from environment variables
2026-01-09 15:15:46,385 - utils.config - INFO - Settings loaded successfully
2026-01-09 15:15:46,385 - root - INFO - Initializing Selenium scraper
2026-01-09 15:15:46,385 - scraper.selenium_scraper - INFO - Running in GitHub Actions environment
2026-01-09 15:15:48,263 - selenium.webdriver.common.selenium_manager - WARNING - The chromedriver version (143.0.7499.169) detected in PATH at /usr/bin/chromedriver might not be compatible with the detected chrome version (143.0.7499.169); currently, chromedriver 143.0.7499.192 is recommended for chrome 143.*, so it is advised to delete the driver in PATH and retry
2026-01-09 15:15:54,215 - scraper.selenium_scraper - INFO - Chrome driver initialized successfully
2026-01-09 15:15:54,215 - root - INFO - Scraping tournament data
2026-01-09 15:15:54,216 - scraper.selenium_scraper - INFO - Starting to scrape tournament data
2026-01-09 15:15:55,177 - scraper.selenium_scraper - INFO - Waiting for page to load...
2026-01-09 15:16:00,182 - scraper.selenium_scraper - INFO - Scrolling to load all auction cards...
2026-01-09 15:16:12,302 - scraper.selenium_scraper - INFO - Saved page screenshot to /home/runner/work/super-player-auction-scraper/super-player-auction-scraper/logs/screenshots/page_loaded_20260109151612.png
2026-01-09 15:16:12,302 - scraper.selenium_scraper - INFO - Looking for auction cards...
2026-01-09 15:16:12,323 - scraper.selenium_scraper - INFO - Found 20 auction cards
2026-01-09 15:16:13,047 - scraper.selenium_scraper - INFO - Scraped tournament 1: PARAKRAM 7.0
2026-01-09 15:16:13,791 - scraper.selenium_scraper - INFO - Scraped tournament 2: महात्मा फुले प्रीमियर लिग - 2026
2026-01-09 15:16:14,482 - scraper.selenium_scraper - INFO - Scraped tournament 3: ORCHID TURF LEAGUE SEASON 9
2026-01-09 15:16:15,171 - scraper.selenium_scraper - INFO - Scraped tournament 4: GPL 2026
2026-01-09 15:16:15,858 - scraper.selenium_scraper - INFO - Scraped tournament 5: BISHNOI SPORTS CLUB BANGALORE
2026-01-09 15:16:16,549 - scraper.selenium_scraper - INFO - Scraped tournament 6: Daitapati Premier League
2026-01-09 15:16:17,238 - scraper.selenium_scraper - INFO - Scraped tournament 7: SPL SEASON 4
2026-01-09 15:16:17,923 - scraper.selenium_scraper - INFO - Scraped tournament 8: Sindhi Premier League 6.0
2026-01-09 15:16:18,615 - scraper.selenium_scraper - INFO - Scraped tournament 9: APL 2026 SEASON 13
2026-01-09 15:16:19,306 - scraper.selenium_scraper - INFO - Scraped tournament 10: SPSV Cricket League 2026
2026-01-09 15:16:19,996 - scraper.selenium_scraper - INFO - Scraped tournament 11: Jolly Premier League-2026
2026-01-09 15:16:20,689 - scraper.selenium_scraper - INFO - Scraped tournament 12: ABPL - Season 5 | 2026 | Auction
2026-01-09 15:16:21,377 - scraper.selenium_scraper - INFO - Scraped tournament 13: SIKAR PREMIER LEAGUE 2025
2026-01-09 15:16:22,061 - scraper.selenium_scraper - INFO - Scraped tournament 14: SUPER FOOTBALL CHAMPIONSHIP
2026-01-09 15:16:22,749 - scraper.selenium_scraper - INFO - Scraped tournament 15: Wcl2026
2026-01-09 15:16:23,434 - scraper.selenium_scraper - INFO - Scraped tournament 16: GNPL SEASON - 4
2026-01-09 15:16:24,125 - scraper.selenium_scraper - INFO - Scraped tournament 17: Sanatan Dharm Premier League
2026-01-09 15:16:24,824 - scraper.selenium_scraper - INFO - Scraped tournament 18: SCL WOMEN'S
2026-01-09 15:16:25,517 - scraper.selenium_scraper - INFO - Scraped tournament 19: Nandanvan Premier League, Jodhpur
2026-01-09 15:16:26,214 - scraper.selenium_scraper - INFO - Scraped tournament 20: ROYAL PREMIER LEAGUE
2026-01-09 15:16:26,215 - root - INFO - Successfully scraped 20 tournaments
2026-01-09 15:16:26,215 - root - INFO - Saved scraped data to /home/runner/work/super-player-auction-scraper/super-player-auction-scraper/data/tournament_data_20260109-151626.json
2026-01-09 15:16:26,215 - root - INFO - Initializing Graph API
2026-01-09 15:16:26,215 - excel.graph_api - INFO - Extracted file ID: 9e836ed5-f58f-4dc7-a969-3c62b255f3ea
2026-01-09 15:16:26,215 - excel.graph_api - INFO - Extracted site ID: CorpDevaaf94619130d4a79af9f3aeae502bdb5
2026-01-09 15:16:26,216 - root - INFO - Authenticating with Microsoft Graph API
2026-01-09 15:16:26,629 - excel.graph_api - INFO - Authentication successful
2026-01-09 15:16:26,629 - root - INFO - Updating Excel sheet with scraped data
2026-01-09 15:16:27,278 - excel.graph_api - INFO - Retrieved drive ID: b!MXUqfmBgAkyqAi_g7J1PO_6yKSWnHbZCs3mpe4EkYuX6d8izcdJxRb78S6OW5SIB
2026-01-09 15:16:28,550 - excel.graph_api - INFO - Retrieved 1030 rows from Excel
2026-01-09 15:16:29,531 - excel.graph_api - INFO - Updating range A1032:M1032 with 1 new entries
2026-01-09 15:16:30,414 - excel.graph_api - INFO - Successfully added 1 new tournaments to Excel
2026-01-09 15:16:30,416 - root - INFO - Excel sheet updated successfully
2026-01-09 15:16:30,485 - scraper.selenium_scraper - INFO - Chrome driver closed
2026-01-09 15:16:30,485 - root - INFO - Selenium driver closed
2026-01-09 15:16:30,485 - root - INFO - Script execution completed
