2025-10-29 15:15:11,538 - root - INFO - Logger initialized successfully
2025-10-29 15:15:11,539 - root - INFO - Log file: /home/runner/work/super-player-auction-scraper/super-player-auction-scraper/logs/scraper_20251029_151511.log
2025-10-29 15:15:11,539 - root - INFO - Starting Super Player Auction scraper
2025-10-29 15:15:11,539 - utils.config - INFO - Credentials loaded from environment variables
2025-10-29 15:15:11,539 - utils.config - INFO - Settings loaded successfully
2025-10-29 15:15:11,539 - root - INFO - Initializing Selenium scraper
2025-10-29 15:15:11,539 - scraper.selenium_scraper - INFO - Running in GitHub Actions environment
2025-10-29 15:15:36,018 - scraper.selenium_scraper - INFO - Chrome driver initialized successfully
2025-10-29 15:15:36,018 - root - INFO - Scraping tournament data
2025-10-29 15:15:36,018 - scraper.selenium_scraper - INFO - Starting to scrape tournament data
2025-10-29 15:15:37,222 - scraper.selenium_scraper - INFO - Waiting for page to load...
2025-10-29 15:15:42,228 - scraper.selenium_scraper - INFO - Scrolling to load all auction cards...
2025-10-29 15:15:54,474 - scraper.selenium_scraper - INFO - Saved page screenshot to /home/runner/work/super-player-auction-scraper/super-player-auction-scraper/logs/screenshots/page_loaded_20251029151554.png
2025-10-29 15:15:54,475 - scraper.selenium_scraper - INFO - Looking for auction cards...
2025-10-29 15:15:54,620 - scraper.selenium_scraper - INFO - Found 20 auction cards
2025-10-29 15:15:55,367 - scraper.selenium_scraper - INFO - Scraped tournament 1: EMIRATES PREMIER LEAGUE SEASON. 5
2025-10-29 15:15:56,292 - scraper.selenium_scraper - INFO - Scraped tournament 2: YSL Season 6
2025-10-29 15:15:56,982 - scraper.selenium_scraper - INFO - Scraped tournament 3: JITO FAMILY TURF EVENT SEASON-8
2025-10-29 15:15:57,666 - scraper.selenium_scraper - INFO - Scraped tournament 4: OPL Season 5
2025-10-29 15:15:58,351 - scraper.selenium_scraper - INFO - Scraped tournament 5: Kumbhar Premier league
2025-10-29 15:15:59,036 - scraper.selenium_scraper - INFO - Scraped tournament 6: TCC Premier Leage - Season 6
2025-10-29 15:15:59,726 - scraper.selenium_scraper - INFO - Scraped tournament 7: Goan Premier League 2025
2025-10-29 15:16:00,409 - scraper.selenium_scraper - INFO - Scraped tournament 8: JUCL - 5
2025-10-29 15:16:01,093 - scraper.selenium_scraper - INFO - Scraped tournament 9: NAUGACHHIYA PREMIER LEAGUE
2025-10-29 15:16:01,785 - scraper.selenium_scraper - INFO - Scraped tournament 10: PANJIM GYMKHANA MEMBERS LEAGUE 2025
2025-10-29 15:16:02,470 - scraper.selenium_scraper - INFO - Scraped tournament 11: JAIN PREMIER LEAUGE NAWAPARA RAJIM -3
2025-10-29 15:16:03,152 - scraper.selenium_scraper - INFO - Scraped tournament 12: JYCC
2025-10-29 15:16:03,836 - scraper.selenium_scraper - INFO - Scraped tournament 13: DDS PREMIER LEAGUE SEASON 3
2025-10-29 15:16:04,544 - scraper.selenium_scraper - INFO - Scraped tournament 14: SUPER 100
2025-10-29 15:16:05,229 - scraper.selenium_scraper - INFO - Scraped tournament 15: ArjunDMUP
2025-10-29 15:16:05,918 - scraper.selenium_scraper - INFO - Scraped tournament 16: ABSA BUNTS CUP 4TH EDITION
2025-10-29 15:16:06,604 - scraper.selenium_scraper - INFO - Scraped tournament 17: AYODHYA CUP 2025
2025-10-29 15:16:07,294 - scraper.selenium_scraper - INFO - Scraped tournament 18: Battle for Glory - 2025
2025-10-29 15:16:07,977 - scraper.selenium_scraper - INFO - Scraped tournament 19: MALKANGIRI PREMIER LEAGUE - 2025
2025-10-29 15:16:08,658 - scraper.selenium_scraper - INFO - Scraped tournament 20: GHAZIABAD PREMIER LEAGUE 2025 "SEASON - 4"
2025-10-29 15:16:08,658 - root - INFO - Successfully scraped 20 tournaments
2025-10-29 15:16:08,659 - root - INFO - Saved scraped data to /home/runner/work/super-player-auction-scraper/super-player-auction-scraper/data/tournament_data_20251029-151608.json
2025-10-29 15:16:08,659 - root - INFO - Initializing Graph API
2025-10-29 15:16:08,659 - excel.graph_api - INFO - Extracted file ID: 9e836ed5-f58f-4dc7-a969-3c62b255f3ea
2025-10-29 15:16:08,660 - excel.graph_api - INFO - Extracted site ID: CorpDevaaf94619130d4a79af9f3aeae502bdb5
2025-10-29 15:16:08,660 - root - INFO - Authenticating with Microsoft Graph API
2025-10-29 15:16:08,850 - excel.graph_api - INFO - Authentication successful
2025-10-29 15:16:08,850 - root - INFO - Updating Excel sheet with scraped data
2025-10-29 15:16:09,706 - excel.graph_api - INFO - Retrieved drive ID: b!MXUqfmBgAkyqAi_g7J1PO_6yKSWnHbZCs3mpe4EkYuX6d8izcdJxRb78S6OW5SIB
2025-10-29 15:16:11,113 - excel.graph_api - INFO - Retrieved 679 rows from Excel
2025-10-29 15:16:12,588 - excel.graph_api - INFO - No new tournaments to add
2025-10-29 15:16:12,589 - root - INFO - Excel sheet updated successfully
2025-10-29 15:16:12,656 - scraper.selenium_scraper - INFO - Chrome driver closed
2025-10-29 15:16:12,656 - root - INFO - Selenium driver closed
2025-10-29 15:16:12,657 - root - INFO - Script execution completed
