2025-12-03 15:16:25,457 - root - INFO - Logger initialized successfully
2025-12-03 15:16:25,457 - root - INFO - Log file: /home/runner/work/super-player-auction-scraper/super-player-auction-scraper/logs/scraper_20251203_151625.log
2025-12-03 15:16:25,457 - root - INFO - Starting Super Player Auction scraper
2025-12-03 15:16:25,457 - utils.config - INFO - Credentials loaded from environment variables
2025-12-03 15:16:25,457 - utils.config - INFO - Settings loaded successfully
2025-12-03 15:16:25,457 - root - INFO - Initializing Selenium scraper
2025-12-03 15:16:25,457 - scraper.selenium_scraper - INFO - Running in GitHub Actions environment
2025-12-03 15:17:05,099 - scraper.selenium_scraper - INFO - Chrome driver initialized successfully
2025-12-03 15:17:05,099 - root - INFO - Scraping tournament data
2025-12-03 15:17:05,099 - scraper.selenium_scraper - INFO - Starting to scrape tournament data
2025-12-03 15:17:08,752 - scraper.selenium_scraper - INFO - Waiting for page to load...
2025-12-03 15:17:13,757 - scraper.selenium_scraper - INFO - Scrolling to load all auction cards...
2025-12-03 15:17:26,067 - scraper.selenium_scraper - INFO - Saved page screenshot to /home/runner/work/super-player-auction-scraper/super-player-auction-scraper/logs/screenshots/page_loaded_20251203151725.png
2025-12-03 15:17:26,067 - scraper.selenium_scraper - INFO - Looking for auction cards...
2025-12-03 15:17:26,144 - scraper.selenium_scraper - INFO - Found 20 auction cards
2025-12-03 15:17:26,863 - scraper.selenium_scraper - INFO - Scraped tournament 1: RCBP Pier Premier League 2025.
2025-12-03 15:17:27,791 - scraper.selenium_scraper - INFO - Scraped tournament 2: APCL SEASON 7 - MOTHERS
2025-12-03 15:17:28,484 - scraper.selenium_scraper - INFO - Scraped tournament 3: CCL 2.0 PREMIER LEAGUE SEASON 1
2025-12-03 15:17:29,170 - scraper.selenium_scraper - INFO - Scraped tournament 4: Kroll Premier League 2026 Men's
2025-12-03 15:17:29,854 - scraper.selenium_scraper - INFO - Scraped tournament 5: Kroll Premier League 2026 Women's
2025-12-03 15:17:30,543 - scraper.selenium_scraper - INFO - Scraped tournament 6: BHIMA KOREGAON SHAURYA CHASHAK
2025-12-03 15:17:31,232 - scraper.selenium_scraper - INFO - Scraped tournament 7: Chhattisgarh Legends Premier League - 2025
2025-12-03 15:17:31,918 - scraper.selenium_scraper - INFO - Scraped tournament 8: TPL 2026
2025-12-03 15:17:32,604 - scraper.selenium_scraper - INFO - Scraped tournament 9: LATUR BADMINTON LEAGUE SEASON 2
2025-12-03 15:17:33,291 - scraper.selenium_scraper - INFO - Scraped tournament 10: Bhatkal Premier League - 2026
2025-12-03 15:17:33,982 - scraper.selenium_scraper - INFO - Scraped tournament 11: Sindhi Premier League 6.0
2025-12-03 15:17:34,665 - scraper.selenium_scraper - INFO - Scraped tournament 12: Brotherhood Youth Premier League Season-2 2025-26
2025-12-03 15:17:35,346 - scraper.selenium_scraper - INFO - Scraped tournament 13: ⁠RTPL 7.0
2025-12-03 15:17:36,032 - scraper.selenium_scraper - INFO - Scraped tournament 14: CHERKALA CRICKET LEAGUE
2025-12-03 15:17:36,718 - scraper.selenium_scraper - INFO - Scraped tournament 15: MORNING PREMIER LEAGUE SEASON 11
2025-12-03 15:17:37,404 - scraper.selenium_scraper - INFO - Scraped tournament 16: ECPL 2026
2025-12-03 15:17:38,088 - scraper.selenium_scraper - INFO - Scraped tournament 17: Streamify Cup Open Category
2025-12-03 15:17:38,770 - scraper.selenium_scraper - INFO - Scraped tournament 18: CHAMPIONS LEAGUE FOOTBALL SEASON 4
2025-12-03 15:17:39,461 - scraper.selenium_scraper - INFO - Scraped tournament 19: IHCL MEN
2025-12-03 15:17:40,146 - scraper.selenium_scraper - INFO - Scraped tournament 20: IHCL WOMEN
2025-12-03 15:17:40,146 - root - INFO - Successfully scraped 20 tournaments
2025-12-03 15:17:40,146 - root - INFO - Saved scraped data to /home/runner/work/super-player-auction-scraper/super-player-auction-scraper/data/tournament_data_20251203-151740.json
2025-12-03 15:17:40,146 - root - INFO - Initializing Graph API
2025-12-03 15:17:40,147 - excel.graph_api - INFO - Extracted file ID: 9e836ed5-f58f-4dc7-a969-3c62b255f3ea
2025-12-03 15:17:40,147 - excel.graph_api - INFO - Extracted site ID: CorpDevaaf94619130d4a79af9f3aeae502bdb5
2025-12-03 15:17:40,147 - root - INFO - Authenticating with Microsoft Graph API
2025-12-03 15:17:40,757 - excel.graph_api - INFO - Authentication successful
2025-12-03 15:17:40,757 - root - INFO - Updating Excel sheet with scraped data
2025-12-03 15:17:41,154 - excel.graph_api - INFO - Retrieved drive ID: b!MXUqfmBgAkyqAi_g7J1PO_6yKSWnHbZCs3mpe4EkYuX6d8izcdJxRb78S6OW5SIB
2025-12-03 15:17:42,704 - excel.graph_api - INFO - Retrieved 794 rows from Excel
2025-12-03 15:17:43,616 - excel.graph_api - INFO - Updating range A796:M796 with 1 new entries
2025-12-03 15:17:44,592 - excel.graph_api - INFO - Successfully added 1 new tournaments to Excel
2025-12-03 15:17:44,593 - root - INFO - Excel sheet updated successfully
2025-12-03 15:17:44,664 - scraper.selenium_scraper - INFO - Chrome driver closed
2025-12-03 15:17:44,664 - root - INFO - Selenium driver closed
2025-12-03 15:17:44,664 - root - INFO - Script execution completed
