2025-05-21 12:53:58,049 - root - INFO - Logger initialized successfully
2025-05-21 12:53:58,049 - root - INFO - Log file: /home/runner/work/super-player-auction-scraper/super-player-auction-scraper/logs/scraper_20250521_125358.log
2025-05-21 12:53:58,049 - root - INFO - Starting Super Player Auction scraper
2025-05-21 12:53:58,049 - utils.config - INFO - Credentials loaded from environment variables
2025-05-21 12:53:58,049 - utils.config - INFO - Settings loaded successfully
2025-05-21 12:53:58,049 - root - INFO - Initializing Selenium scraper
2025-05-21 12:53:58,049 - scraper.selenium_scraper - INFO - Running in GitHub Actions environment
2025-05-21 12:54:00,051 - selenium.webdriver.common.selenium_manager - WARNING - The chromedriver version (136.0.7103.92) detected in PATH at /usr/bin/chromedriver might not be compatible with the detected chrome version (136.0.7103.92); currently, chromedriver 136.0.7103.94 is recommended for chrome 136.*, so it is advised to delete the driver in PATH and retry
2025-05-21 12:54:08,549 - scraper.selenium_scraper - INFO - Chrome driver initialized successfully
2025-05-21 12:54:08,549 - root - INFO - Scraping tournament data
2025-05-21 12:54:08,549 - scraper.selenium_scraper - INFO - Starting to scrape tournament data
2025-05-21 12:54:11,527 - scraper.selenium_scraper - INFO - Waiting for page to load...
2025-05-21 12:54:16,532 - scraper.selenium_scraper - INFO - Scrolling to load all auction cards...
2025-05-21 12:54:29,087 - scraper.selenium_scraper - INFO - Saved page screenshot to /home/runner/work/super-player-auction-scraper/super-player-auction-scraper/logs/screenshots/page_loaded_20250521125428.png
2025-05-21 12:54:29,087 - scraper.selenium_scraper - INFO - Looking for auction cards...
2025-05-21 12:54:29,124 - scraper.selenium_scraper - INFO - Found 20 auction cards
2025-05-21 12:54:29,845 - scraper.selenium_scraper - INFO - Scraped tournament 1: Hariprabodham Premier League
2025-05-21 12:54:30,539 - scraper.selenium_scraper - INFO - Scraped tournament 2: MARC Malappuram Premier league S2
2025-05-21 12:54:31,307 - scraper.selenium_scraper - INFO - Scraped tournament 3: ArjunDMUP
2025-05-21 12:54:31,998 - scraper.selenium_scraper - INFO - Scraped tournament 4: PALAKKAD CRICKET LEAGUE
2025-05-21 12:54:32,690 - scraper.selenium_scraper - INFO - Scraped tournament 5: EᒪITE ᑕᖇIᑕKET ᑕᕼᗩᗰᑭIOᑎᔕᕼIᑭ
2025-05-21 12:54:33,379 - scraper.selenium_scraper - INFO - Scraped tournament 6: Hariprabodham Parivar Cricket League
2025-05-21 12:54:34,070 - scraper.selenium_scraper - INFO - Scraped tournament 7: JSG Elite Multi-Sports
2025-05-21 12:54:34,761 - scraper.selenium_scraper - INFO - Scraped tournament 8: RJ54 CRICKET LEAGUE SEASON 2
2025-05-21 12:54:35,452 - scraper.selenium_scraper - INFO - Scraped tournament 9: APL 2025
2025-05-21 12:54:36,144 - scraper.selenium_scraper - INFO - Scraped tournament 10: PKPPL Season 06
2025-05-21 12:54:36,837 - scraper.selenium_scraper - INFO - Scraped tournament 11: MPL Mega Auction
2025-05-21 12:54:37,545 - scraper.selenium_scraper - INFO - Scraped tournament 12: Bhatgram Premier League
2025-05-21 12:54:38,239 - scraper.selenium_scraper - INFO - Scraped tournament 13: TITAN LEAGUE GRAND SEASON 3
2025-05-21 12:54:38,935 - scraper.selenium_scraper - INFO - Scraped tournament 14: SUPER LEAGUE
2025-05-21 12:54:39,627 - scraper.selenium_scraper - INFO - Scraped tournament 15: TITAN LEAGUE GRAND SEASON 3
2025-05-21 12:54:40,320 - scraper.selenium_scraper - INFO - Scraped tournament 16: Indian Premier League Auction 2025
2025-05-21 12:54:41,015 - scraper.selenium_scraper - INFO - Scraped tournament 17: Amar Ujala Premier League
2025-05-21 12:54:41,703 - scraper.selenium_scraper - INFO - Scraped tournament 18: Kakina Super League-2025
2025-05-21 12:54:42,390 - scraper.selenium_scraper - INFO - Scraped tournament 19: Hpl
2025-05-21 12:54:43,082 - scraper.selenium_scraper - INFO - Scraped tournament 20: FABLEAGUE PREMIER
2025-05-21 12:54:43,082 - root - INFO - Successfully scraped 20 tournaments
2025-05-21 12:54:43,083 - root - INFO - Saved scraped data to /home/runner/work/super-player-auction-scraper/super-player-auction-scraper/data/tournament_data_20250521-125443.json
2025-05-21 12:54:43,083 - root - INFO - Initializing Graph API
2025-05-21 12:54:43,083 - excel.graph_api - INFO - Extracted file ID: 9e836ed5-f58f-4dc7-a969-3c62b255f3ea
2025-05-21 12:54:43,084 - excel.graph_api - INFO - Extracted site ID: CorpDevaaf94619130d4a79af9f3aeae502bdb5
2025-05-21 12:54:43,084 - root - INFO - Authenticating with Microsoft Graph API
2025-05-21 12:54:43,343 - excel.graph_api - ERROR - Authentication failed: AADSTS7000215: Invalid client secret provided. Ensure the secret being sent in the request is the client secret value, not the client secret ID, for a secret added to app 'f45467f0-629b-4712-a029-cd1289854747'. Trace ID: 5530f50e-206c-487b-b3fd-6740554d6e00 Correlation ID: 1ac6e940-384a-4a3d-9e01-b6236077de08 Timestamp: 2025-05-21 12:54:43Z
2025-05-21 12:54:43,343 - root - ERROR - Failed to authenticate with Microsoft Graph API
2025-05-21 12:54:43,420 - scraper.selenium_scraper - INFO - Chrome driver closed
2025-05-21 12:54:43,420 - root - INFO - Selenium driver closed
2025-05-21 12:54:43,420 - root - INFO - Script execution completed
