2025-11-06 15:14:51,740 - root - INFO - Logger initialized successfully
2025-11-06 15:14:51,740 - root - INFO - Log file: /home/runner/work/super-player-auction-scraper/super-player-auction-scraper/logs/scraper_20251106_151451.log
2025-11-06 15:14:51,741 - root - INFO - Starting Super Player Auction scraper
2025-11-06 15:14:51,741 - utils.config - INFO - Credentials loaded from environment variables
2025-11-06 15:14:51,741 - utils.config - INFO - Settings loaded successfully
2025-11-06 15:14:51,741 - root - INFO - Initializing Selenium scraper
2025-11-06 15:14:51,741 - scraper.selenium_scraper - INFO - Running in GitHub Actions environment
2025-11-06 15:14:57,718 - scraper.selenium_scraper - INFO - Chrome driver initialized successfully
2025-11-06 15:14:57,718 - root - INFO - Scraping tournament data
2025-11-06 15:14:57,718 - scraper.selenium_scraper - INFO - Starting to scrape tournament data
2025-11-06 15:14:58,345 - scraper.selenium_scraper - INFO - Waiting for page to load...
2025-11-06 15:15:03,350 - scraper.selenium_scraper - INFO - Scrolling to load all auction cards...
2025-11-06 15:15:15,471 - scraper.selenium_scraper - INFO - Saved page screenshot to /home/runner/work/super-player-auction-scraper/super-player-auction-scraper/logs/screenshots/page_loaded_20251106151515.png
2025-11-06 15:15:15,471 - scraper.selenium_scraper - INFO - Looking for auction cards...
2025-11-06 15:15:15,496 - scraper.selenium_scraper - INFO - Found 20 auction cards
2025-11-06 15:15:16,210 - scraper.selenium_scraper - INFO - Scraped tournament 1: SUR PREMIER LEAGUE SEASON - 3
2025-11-06 15:15:16,890 - scraper.selenium_scraper - INFO - Scraped tournament 2: Alpha Grep Sports League 2025 Bangalore
2025-11-06 15:15:17,570 - scraper.selenium_scraper - INFO - Scraped tournament 3: Sarsangan U19 Boys & Girls Cricket Series 2025-26
2025-11-06 15:15:18,250 - scraper.selenium_scraper - INFO - Scraped tournament 4: KATEEL PREMIER LEAGUE 2025
2025-11-06 15:15:18,930 - scraper.selenium_scraper - INFO - Scraped tournament 5: DEORI PREMIER LEAGUE
2025-11-06 15:15:19,609 - scraper.selenium_scraper - INFO - Scraped tournament 6: The Yellow Elephant Interiors SPL S2
2025-11-06 15:15:20,290 - scraper.selenium_scraper - INFO - Scraped tournament 7: DIB Hyderabad S1
2025-11-06 15:15:20,969 - scraper.selenium_scraper - INFO - Scraped tournament 8: Plutus cup 2025-2026
2025-11-06 15:15:21,647 - scraper.selenium_scraper - INFO - Scraped tournament 9: FCC Champions League-8
2025-11-06 15:15:22,335 - scraper.selenium_scraper - INFO - Scraped tournament 10: HJPL SEASON -13
2025-11-06 15:15:23,016 - scraper.selenium_scraper - INFO - Scraped tournament 11: नीमच क्रिकेट लीग 2025
2025-11-06 15:15:23,694 - scraper.selenium_scraper - INFO - Scraped tournament 12: ICCPL Men's Auction 2025
2025-11-06 15:15:24,373 - scraper.selenium_scraper - INFO - Scraped tournament 13: ICCPL Women's Auction 2025
2025-11-06 15:15:25,052 - scraper.selenium_scraper - INFO - Scraped tournament 14: Arjun DEMO
2025-11-06 15:15:25,737 - scraper.selenium_scraper - INFO - Scraped tournament 15: ABSA BUNTS CUP 4TH EDITION
2025-11-06 15:15:26,412 - scraper.selenium_scraper - INFO - Scraped tournament 16: BARAMATI CUP 2025 SEASON - 03
2025-11-06 15:15:27,094 - scraper.selenium_scraper - INFO - Scraped tournament 17: NUTRAJ Premier League
2025-11-06 15:15:27,771 - scraper.selenium_scraper - INFO - Scraped tournament 18: VANJARI PREMIER LEAGUE 2025 "SEASON 4"
2025-11-06 15:15:28,447 - scraper.selenium_scraper - INFO - Scraped tournament 19: BHANDARI PREMIER LEAGUE 2026
2025-11-06 15:15:29,122 - scraper.selenium_scraper - INFO - Scraped tournament 20: VICTORIOUS PREMIER LEAGUE
2025-11-06 15:15:29,122 - root - INFO - Successfully scraped 20 tournaments
2025-11-06 15:15:29,122 - root - INFO - Saved scraped data to /home/runner/work/super-player-auction-scraper/super-player-auction-scraper/data/tournament_data_20251106-151529.json
2025-11-06 15:15:29,123 - root - INFO - Initializing Graph API
2025-11-06 15:15:29,123 - excel.graph_api - INFO - Extracted file ID: 9e836ed5-f58f-4dc7-a969-3c62b255f3ea
2025-11-06 15:15:29,123 - excel.graph_api - INFO - Extracted site ID: CorpDevaaf94619130d4a79af9f3aeae502bdb5
2025-11-06 15:15:29,123 - root - INFO - Authenticating with Microsoft Graph API
2025-11-06 15:15:29,328 - excel.graph_api - INFO - Authentication successful
2025-11-06 15:15:29,328 - root - INFO - Updating Excel sheet with scraped data
2025-11-06 15:15:29,681 - excel.graph_api - INFO - Retrieved drive ID: b!MXUqfmBgAkyqAi_g7J1PO_6yKSWnHbZCs3mpe4EkYuX6d8izcdJxRb78S6OW5SIB
2025-11-06 15:15:31,392 - excel.graph_api - INFO - Retrieved 715 rows from Excel
2025-11-06 15:15:33,122 - excel.graph_api - INFO - Updating range A717:M717 with 1 new entries
2025-11-06 15:15:34,432 - excel.graph_api - INFO - Successfully added 1 new tournaments to Excel
2025-11-06 15:15:34,433 - root - INFO - Excel sheet updated successfully
2025-11-06 15:15:34,504 - scraper.selenium_scraper - INFO - Chrome driver closed
2025-11-06 15:15:34,504 - root - INFO - Selenium driver closed
2025-11-06 15:15:34,504 - root - INFO - Script execution completed
