2025-09-28 15:10:58,934 - root - INFO - Logger initialized successfully
2025-09-28 15:10:58,934 - root - INFO - Log file: /home/runner/work/super-player-auction-scraper/super-player-auction-scraper/logs/scraper_20250928_151058.log
2025-09-28 15:10:58,934 - root - INFO - Starting Super Player Auction scraper
2025-09-28 15:10:58,934 - utils.config - INFO - Credentials loaded from environment variables
2025-09-28 15:10:58,934 - utils.config - INFO - Settings loaded successfully
2025-09-28 15:10:58,934 - root - INFO - Initializing Selenium scraper
2025-09-28 15:10:58,935 - scraper.selenium_scraper - INFO - Running in GitHub Actions environment
2025-09-28 15:11:03,237 - selenium.webdriver.common.selenium_manager - WARNING - The chromedriver version (140.0.7339.185) detected in PATH at /usr/bin/chromedriver might not be compatible with the detected chrome version (140.0.7339.185); currently, chromedriver 140.0.7339.207 is recommended for chrome 140.*, so it is advised to delete the driver in PATH and retry
2025-09-28 15:11:18,084 - scraper.selenium_scraper - INFO - Chrome driver initialized successfully
2025-09-28 15:11:18,084 - root - INFO - Scraping tournament data
2025-09-28 15:11:18,084 - scraper.selenium_scraper - INFO - Starting to scrape tournament data
2025-09-28 15:11:19,784 - scraper.selenium_scraper - INFO - Waiting for page to load...
2025-09-28 15:11:24,789 - scraper.selenium_scraper - INFO - Scrolling to load all auction cards...
2025-09-28 15:11:36,924 - scraper.selenium_scraper - INFO - Saved page screenshot to /home/runner/work/super-player-auction-scraper/super-player-auction-scraper/logs/screenshots/page_loaded_20250928151136.png
2025-09-28 15:11:36,924 - scraper.selenium_scraper - INFO - Looking for auction cards...
2025-09-28 15:11:37,008 - scraper.selenium_scraper - INFO - Found 20 auction cards
2025-09-28 15:11:37,720 - scraper.selenium_scraper - INFO - Scraped tournament 1: SmashIT v7 2025
2025-09-28 15:11:38,488 - scraper.selenium_scraper - INFO - Scraped tournament 2: Elements Premier League (EPL)
2025-09-28 15:11:39,170 - scraper.selenium_scraper - INFO - Scraped tournament 3: JOI Premier League Auction Female
2025-09-28 15:11:39,851 - scraper.selenium_scraper - INFO - Scraped tournament 4: JOI Premier League Auction Male
2025-09-28 15:11:40,529 - scraper.selenium_scraper - INFO - Scraped tournament 5: CAMBRIDGE ALUMNI CRICKET CHAMPIONSHIP 2025-26
2025-09-28 15:11:41,209 - scraper.selenium_scraper - INFO - Scraped tournament 6: UPL SEASON 6
2025-09-28 15:11:41,891 - scraper.selenium_scraper - INFO - Scraped tournament 7: Petlurivaripalm Premier League Season -1
2025-09-28 15:11:42,571 - scraper.selenium_scraper - INFO - Scraped tournament 8: 2N_DESIGNER'S PREMIER LEAGUE SEASON IV
2025-09-28 15:11:43,251 - scraper.selenium_scraper - INFO - Scraped tournament 9: SHIMOGA PREMIER BADMINTON LEAGUE 2.O
2025-09-28 15:11:43,930 - scraper.selenium_scraper - INFO - Scraped tournament 10: RANUJ GAM CRICKET LEAGUE
2025-09-28 15:11:44,615 - scraper.selenium_scraper - INFO - Scraped tournament 11: United Premier League (Father's)
2025-09-28 15:11:45,291 - scraper.selenium_scraper - INFO - Scraped tournament 12: United Premier League Womens
2025-09-28 15:11:45,970 - scraper.selenium_scraper - INFO - Scraped tournament 13: Dambab Premier League 2025
2025-09-28 15:11:46,649 - scraper.selenium_scraper - INFO - Scraped tournament 14: BHAGALPUR CRICKET LEAGUE
2025-09-28 15:11:47,327 - scraper.selenium_scraper - INFO - Scraped tournament 15: NPL Titan Cup
2025-09-28 15:11:48,009 - scraper.selenium_scraper - INFO - Scraped tournament 16: DPL
2025-09-28 15:11:48,688 - scraper.selenium_scraper - INFO - Scraped tournament 17: ArjunDMUP
2025-09-28 15:11:49,366 - scraper.selenium_scraper - INFO - Scraped tournament 18: RPL SEASON 1
2025-09-28 15:11:50,050 - scraper.selenium_scraper - INFO - Scraped tournament 19: BMCL SEASON-3
2025-09-28 15:11:50,727 - scraper.selenium_scraper - INFO - Scraped tournament 20: Ador Premier League Season 6
2025-09-28 15:11:50,727 - root - INFO - Successfully scraped 20 tournaments
2025-09-28 15:11:50,727 - root - INFO - Saved scraped data to /home/runner/work/super-player-auction-scraper/super-player-auction-scraper/data/tournament_data_20250928-151150.json
2025-09-28 15:11:50,727 - root - INFO - Initializing Graph API
2025-09-28 15:11:50,728 - excel.graph_api - INFO - Extracted file ID: 9e836ed5-f58f-4dc7-a969-3c62b255f3ea
2025-09-28 15:11:50,728 - excel.graph_api - INFO - Extracted site ID: CorpDevaaf94619130d4a79af9f3aeae502bdb5
2025-09-28 15:11:50,728 - root - INFO - Authenticating with Microsoft Graph API
2025-09-28 15:11:51,183 - excel.graph_api - INFO - Authentication successful
2025-09-28 15:11:51,183 - root - INFO - Updating Excel sheet with scraped data
2025-09-28 15:11:51,607 - excel.graph_api - INFO - Retrieved drive ID: b!MXUqfmBgAkyqAi_g7J1PO_6yKSWnHbZCs3mpe4EkYuX6d8izcdJxRb78S6OW5SIB
2025-09-28 15:11:53,657 - excel.graph_api - INFO - Retrieved 562 rows from Excel
2025-09-28 15:11:54,418 - excel.graph_api - INFO - Updating range A564:M564 with 1 new entries
2025-09-28 15:11:55,326 - excel.graph_api - INFO - Successfully added 1 new tournaments to Excel
2025-09-28 15:11:55,328 - root - INFO - Excel sheet updated successfully
2025-09-28 15:11:55,395 - scraper.selenium_scraper - INFO - Chrome driver closed
2025-09-28 15:11:55,395 - root - INFO - Selenium driver closed
2025-09-28 15:11:55,395 - root - INFO - Script execution completed
