2025-10-29 10:15:41,539 - root - INFO - Logger initialized successfully
2025-10-29 10:15:41,539 - root - INFO - Log file: /home/runner/work/super-player-auction-scraper/super-player-auction-scraper/logs/scraper_20251029_101541.log
2025-10-29 10:15:41,539 - root - INFO - Starting Super Player Auction scraper
2025-10-29 10:15:41,539 - utils.config - INFO - Credentials loaded from environment variables
2025-10-29 10:15:41,539 - utils.config - INFO - Settings loaded successfully
2025-10-29 10:15:41,539 - root - INFO - Initializing Selenium scraper
2025-10-29 10:15:41,540 - scraper.selenium_scraper - INFO - Running in GitHub Actions environment
2025-10-29 10:15:50,260 - scraper.selenium_scraper - INFO - Chrome driver initialized successfully
2025-10-29 10:15:50,260 - root - INFO - Scraping tournament data
2025-10-29 10:15:50,260 - scraper.selenium_scraper - INFO - Starting to scrape tournament data
2025-10-29 10:15:50,927 - scraper.selenium_scraper - INFO - Waiting for page to load...
2025-10-29 10:15:55,932 - scraper.selenium_scraper - INFO - Scrolling to load all auction cards...
2025-10-29 10:16:08,060 - scraper.selenium_scraper - INFO - Saved page screenshot to /home/runner/work/super-player-auction-scraper/super-player-auction-scraper/logs/screenshots/page_loaded_20251029101608.png
2025-10-29 10:16:08,060 - scraper.selenium_scraper - INFO - Looking for auction cards...
2025-10-29 10:16:08,088 - scraper.selenium_scraper - INFO - Found 20 auction cards
2025-10-29 10:16:08,803 - scraper.selenium_scraper - INFO - Scraped tournament 1: EMIRATES PREMIER LEAGUE SEASON. 5
2025-10-29 10:16:09,561 - scraper.selenium_scraper - INFO - Scraped tournament 2: YSL Season 6
2025-10-29 10:16:10,249 - scraper.selenium_scraper - INFO - Scraped tournament 3: JITO FAMILY TURF EVENT SEASON-8
2025-10-29 10:16:10,927 - scraper.selenium_scraper - INFO - Scraped tournament 4: OPL Season 5
2025-10-29 10:16:11,603 - scraper.selenium_scraper - INFO - Scraped tournament 5: Kumbhar Premier league
2025-10-29 10:16:12,282 - scraper.selenium_scraper - INFO - Scraped tournament 6: TCC Premier Leage - Season 6
2025-10-29 10:16:12,959 - scraper.selenium_scraper - INFO - Scraped tournament 7: Goan Premier League 2025
2025-10-29 10:16:13,635 - scraper.selenium_scraper - INFO - Scraped tournament 8: JUCL - 5
2025-10-29 10:16:14,314 - scraper.selenium_scraper - INFO - Scraped tournament 9: NAUGACHHIYA PREMIER LEAGUE
2025-10-29 10:16:14,998 - scraper.selenium_scraper - INFO - Scraped tournament 10: PANJIM GYMKHANA MEMBERS LEAGUE 2025
2025-10-29 10:16:15,686 - scraper.selenium_scraper - INFO - Scraped tournament 11: JAIN PREMIER LEAUGE NAWAPARA RAJIM -3
2025-10-29 10:16:16,363 - scraper.selenium_scraper - INFO - Scraped tournament 12: JYCC
2025-10-29 10:16:17,041 - scraper.selenium_scraper - INFO - Scraped tournament 13: DDS PREMIER LEAGUE SEASON 3
2025-10-29 10:16:17,721 - scraper.selenium_scraper - INFO - Scraped tournament 14: ArjunDMUP
2025-10-29 10:16:18,397 - scraper.selenium_scraper - INFO - Scraped tournament 15: ABSA BUNTS CUP 4TH EDITION
2025-10-29 10:16:19,077 - scraper.selenium_scraper - INFO - Scraped tournament 16: AYODHYA CUP 2025
2025-10-29 10:16:19,764 - scraper.selenium_scraper - INFO - Scraped tournament 17: Battle for Glory - 2025
2025-10-29 10:16:20,448 - scraper.selenium_scraper - INFO - Scraped tournament 18: MALKANGIRI PREMIER LEAGUE - 2025
2025-10-29 10:16:21,125 - scraper.selenium_scraper - INFO - Scraped tournament 19: GHAZIABAD PREMIER LEAGUE 2025 "SEASON - 4"
2025-10-29 10:16:21,803 - scraper.selenium_scraper - INFO - Scraped tournament 20: KARNATAKA SEERVI PREMIER LEAGUE -4
2025-10-29 10:16:21,803 - root - INFO - Successfully scraped 20 tournaments
2025-10-29 10:16:21,803 - root - INFO - Saved scraped data to /home/runner/work/super-player-auction-scraper/super-player-auction-scraper/data/tournament_data_20251029-101621.json
2025-10-29 10:16:21,803 - root - INFO - Initializing Graph API
2025-10-29 10:16:21,803 - excel.graph_api - INFO - Extracted file ID: 9e836ed5-f58f-4dc7-a969-3c62b255f3ea
2025-10-29 10:16:21,804 - excel.graph_api - INFO - Extracted site ID: CorpDevaaf94619130d4a79af9f3aeae502bdb5
2025-10-29 10:16:21,804 - root - INFO - Authenticating with Microsoft Graph API
2025-10-29 10:16:21,973 - excel.graph_api - INFO - Authentication successful
2025-10-29 10:16:21,973 - root - INFO - Updating Excel sheet with scraped data
2025-10-29 10:16:22,610 - excel.graph_api - INFO - Retrieved drive ID: b!MXUqfmBgAkyqAi_g7J1PO_6yKSWnHbZCs3mpe4EkYuX6d8izcdJxRb78S6OW5SIB
2025-10-29 10:16:24,470 - excel.graph_api - INFO - Retrieved 678 rows from Excel
2025-10-29 10:16:25,797 - excel.graph_api - INFO - Updating range A680:M680 with 1 new entries
2025-10-29 10:16:27,236 - excel.graph_api - INFO - Successfully added 1 new tournaments to Excel
2025-10-29 10:16:27,237 - root - INFO - Excel sheet updated successfully
2025-10-29 10:16:27,305 - scraper.selenium_scraper - INFO - Chrome driver closed
2025-10-29 10:16:27,305 - root - INFO - Selenium driver closed
2025-10-29 10:16:27,305 - root - INFO - Script execution completed
