2026-01-25 15:13:49,967 - root - INFO - Logger initialized successfully
2026-01-25 15:13:49,967 - root - INFO - Log file: /home/runner/work/super-player-auction-scraper/super-player-auction-scraper/logs/scraper_20260125_151349.log
2026-01-25 15:13:49,967 - root - INFO - Starting Super Player Auction scraper
2026-01-25 15:13:49,967 - utils.config - INFO - Credentials loaded from environment variables
2026-01-25 15:13:49,967 - utils.config - INFO - Settings loaded successfully
2026-01-25 15:13:49,967 - root - INFO - Initializing Selenium scraper
2026-01-25 15:13:49,968 - scraper.selenium_scraper - INFO - Running in GitHub Actions environment
2026-01-25 15:13:51,866 - selenium.webdriver.common.selenium_manager - WARNING - The chromedriver version (144.0.7559.31) detected in PATH at /usr/bin/chromedriver might not be compatible with the detected chrome version (144.0.7559.59); currently, chromedriver 144.0.7559.96 is recommended for chrome 144.*, so it is advised to delete the driver in PATH and retry
2026-01-25 15:13:58,596 - scraper.selenium_scraper - INFO - Chrome driver initialized successfully
2026-01-25 15:13:58,596 - root - INFO - Scraping tournament data
2026-01-25 15:13:58,596 - scraper.selenium_scraper - INFO - Starting to scrape tournament data
2026-01-25 15:13:59,400 - scraper.selenium_scraper - INFO - Waiting for page to load...
2026-01-25 15:14:04,405 - scraper.selenium_scraper - INFO - Scrolling to load all auction cards...
2026-01-25 15:14:16,557 - scraper.selenium_scraper - INFO - Saved page screenshot to /home/runner/work/super-player-auction-scraper/super-player-auction-scraper/logs/screenshots/page_loaded_20260125151416.png
2026-01-25 15:14:16,557 - scraper.selenium_scraper - INFO - Looking for auction cards...
2026-01-25 15:14:16,579 - scraper.selenium_scraper - INFO - Found 20 auction cards
2026-01-25 15:14:17,300 - scraper.selenium_scraper - INFO - Scraped tournament 1: Physio Cricket League 2026
2026-01-25 15:14:18,040 - scraper.selenium_scraper - INFO - Scraped tournament 2: GYM CRICKET LEAGUE
2026-01-25 15:14:18,727 - scraper.selenium_scraper - INFO - Scraped tournament 3: AJAZ KHAN CHASHAK - 4
2026-01-25 15:14:19,411 - scraper.selenium_scraper - INFO - Scraped tournament 4: NASHIK PREMIER LEAGUE SEASON VIII
2026-01-25 15:14:20,096 - scraper.selenium_scraper - INFO - Scraped tournament 5: Lucknow Cricket League 2026
2026-01-25 15:14:20,781 - scraper.selenium_scraper - INFO - Scraped tournament 6: ABPL - Season 5 | 2026 | Auction
2026-01-25 15:14:21,467 - scraper.selenium_scraper - INFO - Scraped tournament 7: Calicut premier league Qatar
2026-01-25 15:14:22,154 - scraper.selenium_scraper - INFO - Scraped tournament 8: SUBIC SRILANKAN PREMIER LEAGUE - SEASON 4 - 2026
2026-01-25 15:14:22,840 - scraper.selenium_scraper - INFO - Scraped tournament 9: MCPL 2026
2026-01-25 15:14:23,529 - scraper.selenium_scraper - INFO - Scraped tournament 10: SUPER FOOTBALL CHAMPIONSHIP
2026-01-25 15:14:24,221 - scraper.selenium_scraper - INFO - Scraped tournament 11: BHANDARI PREMIER LEAGUE 2026
2026-01-25 15:14:24,904 - scraper.selenium_scraper - INFO - Scraped tournament 12: T-20 Cup Seniors
2026-01-25 15:14:25,588 - scraper.selenium_scraper - INFO - Scraped tournament 13: NOIDA PREMIER LEAGUE
2026-01-25 15:14:26,273 - scraper.selenium_scraper - INFO - Scraped tournament 14: JAIN MORNING CRICKET CUP
2026-01-25 15:14:26,957 - scraper.selenium_scraper - INFO - Scraped tournament 15: MAHINDRA EMINENTE PREMIER LEAGUE
2026-01-25 15:14:27,642 - scraper.selenium_scraper - INFO - Scraped tournament 16: WBGMDA CRICKET LEAGUE
2026-01-25 15:14:28,327 - scraper.selenium_scraper - INFO - Scraped tournament 17: Karneshwar premiere leauge (KPL- 3) karnawad
2026-01-25 15:14:29,019 - scraper.selenium_scraper - INFO - Scraped tournament 18: MORNING PREMIER LEAGUE SEASON 11
2026-01-25 15:14:29,709 - scraper.selenium_scraper - INFO - Scraped tournament 19: Simga Tennis Cricket League
2026-01-25 15:14:30,394 - scraper.selenium_scraper - INFO - Scraped tournament 20: Friends Cup
2026-01-25 15:14:30,394 - root - INFO - Successfully scraped 20 tournaments
2026-01-25 15:14:30,395 - root - INFO - Saved scraped data to /home/runner/work/super-player-auction-scraper/super-player-auction-scraper/data/tournament_data_20260125-151430.json
2026-01-25 15:14:30,395 - root - INFO - Initializing Graph API
2026-01-25 15:14:30,395 - excel.graph_api - INFO - Extracted file ID: 9e836ed5-f58f-4dc7-a969-3c62b255f3ea
2026-01-25 15:14:30,395 - excel.graph_api - INFO - Extracted site ID: CorpDevaaf94619130d4a79af9f3aeae502bdb5
2026-01-25 15:14:30,395 - root - INFO - Authenticating with Microsoft Graph API
2026-01-25 15:14:30,580 - excel.graph_api - INFO - Authentication successful
2026-01-25 15:14:30,580 - root - INFO - Updating Excel sheet with scraped data
2026-01-25 15:14:31,792 - excel.graph_api - INFO - Retrieved drive ID: b!MXUqfmBgAkyqAi_g7J1PO_6yKSWnHbZCs3mpe4EkYuX6d8izcdJxRb78S6OW5SIB
2026-01-25 15:14:34,281 - excel.graph_api - INFO - Retrieved 1134 rows from Excel
2026-01-25 15:14:35,685 - excel.graph_api - INFO - Updating range A1136:M1136 with 1 new entries
2026-01-25 15:14:37,152 - excel.graph_api - INFO - Successfully added 1 new tournaments to Excel
2026-01-25 15:14:37,153 - root - INFO - Excel sheet updated successfully
2026-01-25 15:14:37,230 - scraper.selenium_scraper - INFO - Chrome driver closed
2026-01-25 15:14:37,230 - root - INFO - Selenium driver closed
2026-01-25 15:14:37,230 - root - INFO - Script execution completed
