2025-11-12 10:15:57,088 - root - INFO - Logger initialized successfully
2025-11-12 10:15:57,088 - root - INFO - Log file: /home/runner/work/super-player-auction-scraper/super-player-auction-scraper/logs/scraper_20251112_101557.log
2025-11-12 10:15:57,088 - root - INFO - Starting Super Player Auction scraper
2025-11-12 10:15:57,088 - utils.config - INFO - Credentials loaded from environment variables
2025-11-12 10:15:57,088 - utils.config - INFO - Settings loaded successfully
2025-11-12 10:15:57,089 - root - INFO - Initializing Selenium scraper
2025-11-12 10:15:57,089 - scraper.selenium_scraper - INFO - Running in GitHub Actions environment
2025-11-12 10:16:01,279 - selenium.webdriver.common.selenium_manager - WARNING - The chromedriver version (142.0.7444.59) detected in PATH at /usr/bin/chromedriver might not be compatible with the detected chrome version (142.0.7444.59); currently, chromedriver 142.0.7444.162 is recommended for chrome 142.*, so it is advised to delete the driver in PATH and retry
2025-11-12 10:16:19,132 - scraper.selenium_scraper - INFO - Chrome driver initialized successfully
2025-11-12 10:16:19,132 - root - INFO - Scraping tournament data
2025-11-12 10:16:19,132 - scraper.selenium_scraper - INFO - Starting to scrape tournament data
2025-11-12 10:16:21,097 - scraper.selenium_scraper - INFO - Waiting for page to load...
2025-11-12 10:16:26,103 - scraper.selenium_scraper - INFO - Scrolling to load all auction cards...
2025-11-12 10:16:38,295 - scraper.selenium_scraper - INFO - Saved page screenshot to /home/runner/work/super-player-auction-scraper/super-player-auction-scraper/logs/screenshots/page_loaded_20251112101638.png
2025-11-12 10:16:38,295 - scraper.selenium_scraper - INFO - Looking for auction cards...
2025-11-12 10:16:38,344 - scraper.selenium_scraper - INFO - Found 20 auction cards
2025-11-12 10:16:39,068 - scraper.selenium_scraper - INFO - Scraped tournament 1: WPL AUCTION
2025-11-12 10:16:39,918 - scraper.selenium_scraper - INFO - Scraped tournament 2: Indoor Premier League 2025
2025-11-12 10:16:40,608 - scraper.selenium_scraper - INFO - Scraped tournament 3: HJPL SEASON -13
2025-11-12 10:16:41,299 - scraper.selenium_scraper - INFO - Scraped tournament 4: NUTRAJ Premier League
2025-11-12 10:16:41,988 - scraper.selenium_scraper - INFO - Scraped tournament 5: VIJAYAWADA PICKLEBALL LEAGUE S1
2025-11-12 10:16:42,679 - scraper.selenium_scraper - INFO - Scraped tournament 6: नीमच क्रिकेट लीग 2025
2025-11-12 10:16:43,368 - scraper.selenium_scraper - INFO - Scraped tournament 7: TNPL PREMIER LEAGUE SEASON 4
2025-11-12 10:16:44,055 - scraper.selenium_scraper - INFO - Scraped tournament 8: Thonse premier league season VII
2025-11-12 10:16:44,744 - scraper.selenium_scraper - INFO - Scraped tournament 9: ICCPL Men's Auction 2025
2025-11-12 10:16:45,432 - scraper.selenium_scraper - INFO - Scraped tournament 10: ICCPL Women's Auction 2025
2025-11-12 10:16:46,128 - scraper.selenium_scraper - INFO - Scraped tournament 11: Arjun DEMO
2025-11-12 10:16:46,817 - scraper.selenium_scraper - INFO - Scraped tournament 12: ABSA BUNTS CUP 4TH EDITION
2025-11-12 10:16:47,506 - scraper.selenium_scraper - INFO - Scraped tournament 13: Bhatkal Premier League - 2026
2025-11-12 10:16:48,197 - scraper.selenium_scraper - INFO - Scraped tournament 14: CCL 2.0 PREMIER LEAGUE SEASON 1
2025-11-12 10:16:48,882 - scraper.selenium_scraper - INFO - Scraped tournament 15: Delta Football League
2025-11-12 10:16:49,569 - scraper.selenium_scraper - INFO - Scraped tournament 16: VANJARI PREMIER LEAGUE 2025 "SEASON 4"
2025-11-12 10:16:50,257 - scraper.selenium_scraper - INFO - Scraped tournament 17: THOUCENTRIC BADMINTON CHAMPIONS 2026
2025-11-12 10:16:50,943 - scraper.selenium_scraper - INFO - Scraped tournament 18: ARAB DREAMS BRC FOOTBALL LEAGUE
2025-11-12 10:16:51,638 - scraper.selenium_scraper - INFO - Scraped tournament 19: JPL-season-1
2025-11-12 10:16:52,325 - scraper.selenium_scraper - INFO - Scraped tournament 20: Yuva Maratha Chashak Players Registration
2025-11-12 10:16:52,325 - root - INFO - Successfully scraped 20 tournaments
2025-11-12 10:16:52,325 - root - INFO - Saved scraped data to /home/runner/work/super-player-auction-scraper/super-player-auction-scraper/data/tournament_data_20251112-101652.json
2025-11-12 10:16:52,325 - root - INFO - Initializing Graph API
2025-11-12 10:16:52,326 - excel.graph_api - INFO - Extracted file ID: 9e836ed5-f58f-4dc7-a969-3c62b255f3ea
2025-11-12 10:16:52,326 - excel.graph_api - INFO - Extracted site ID: CorpDevaaf94619130d4a79af9f3aeae502bdb5
2025-11-12 10:16:52,326 - root - INFO - Authenticating with Microsoft Graph API
2025-11-12 10:16:52,507 - excel.graph_api - INFO - Authentication successful
2025-11-12 10:16:52,508 - root - INFO - Updating Excel sheet with scraped data
2025-11-12 10:16:53,153 - excel.graph_api - INFO - Retrieved drive ID: b!MXUqfmBgAkyqAi_g7J1PO_6yKSWnHbZCs3mpe4EkYuX6d8izcdJxRb78S6OW5SIB
2025-11-12 10:16:54,951 - excel.graph_api - INFO - Retrieved 740 rows from Excel
2025-11-12 10:16:56,196 - excel.graph_api - INFO - Updating range A742:M742 with 1 new entries
2025-11-12 10:16:58,208 - excel.graph_api - INFO - Successfully added 1 new tournaments to Excel
2025-11-12 10:16:58,210 - root - INFO - Excel sheet updated successfully
2025-11-12 10:16:58,280 - scraper.selenium_scraper - INFO - Chrome driver closed
2025-11-12 10:16:58,280 - root - INFO - Selenium driver closed
2025-11-12 10:16:58,280 - root - INFO - Script execution completed
