2026-04-14 10:56:45,569 - root - INFO - Logger initialized successfully
2026-04-14 10:56:45,569 - root - INFO - Log file: /home/runner/work/super-player-auction-scraper/super-player-auction-scraper/logs/scraper_20260414_105645.log
2026-04-14 10:56:45,569 - root - INFO - Starting Super Player Auction scraper
2026-04-14 10:56:45,569 - utils.config - INFO - Credentials loaded from environment variables
2026-04-14 10:56:45,569 - utils.config - INFO - Settings loaded successfully
2026-04-14 10:56:45,569 - root - INFO - Initializing Selenium scraper
2026-04-14 10:56:45,569 - scraper.selenium_scraper - INFO - Running in GitHub Actions environment
2026-04-14 10:56:53,428 - scraper.selenium_scraper - INFO - Chrome driver initialized successfully
2026-04-14 10:56:53,428 - root - INFO - Scraping tournament data
2026-04-14 10:56:53,428 - scraper.selenium_scraper - INFO - Starting to scrape tournament data
2026-04-14 10:56:54,144 - scraper.selenium_scraper - INFO - Waiting for page to load...
2026-04-14 10:56:59,150 - scraper.selenium_scraper - INFO - Scrolling to load all auction cards...
2026-04-14 10:57:11,279 - scraper.selenium_scraper - INFO - Saved page screenshot to /home/runner/work/super-player-auction-scraper/super-player-auction-scraper/logs/screenshots/page_loaded_20260414105711.png
2026-04-14 10:57:11,279 - scraper.selenium_scraper - INFO - Looking for auction cards...
2026-04-14 10:57:11,304 - scraper.selenium_scraper - INFO - Found 20 auction cards
2026-04-14 10:57:12,030 - scraper.selenium_scraper - INFO - Scraped tournament 1: AHILYANAGAR PREMIER LEAGUE U/16 (season 2)
2026-04-14 10:57:12,748 - scraper.selenium_scraper - INFO - Scraped tournament 2: WOMENS AHILYANAGAR PREMIER LEAGUE
2026-04-14 10:57:13,440 - scraper.selenium_scraper - INFO - Scraped tournament 3: CAPL - Season 2
2026-04-14 10:57:14,135 - scraper.selenium_scraper - INFO - Scraped tournament 4: Vagad Football League 2026
2026-04-14 10:57:14,827 - scraper.selenium_scraper - INFO - Scraped tournament 5: MGPL CRICKET TOURNAMENT
2026-04-14 10:57:15,520 - scraper.selenium_scraper - INFO - Scraped tournament 6: SmashIT v8, 2026
2026-04-14 10:57:16,206 - scraper.selenium_scraper - INFO - Scraped tournament 7: Chhattisgarh Cricket Champions League T20
2026-04-14 10:57:16,892 - scraper.selenium_scraper - INFO - Scraped tournament 8: ROHAT PREMIER LEAGUE
2026-04-14 10:57:17,587 - scraper.selenium_scraper - INFO - Scraped tournament 9: SUPER FOOTBALL CHAMPIONSHIP
2026-04-14 10:57:18,274 - scraper.selenium_scraper - INFO - Scraped tournament 10: Auction Demo Jodi
2026-04-14 10:57:18,963 - scraper.selenium_scraper - INFO - Scraped tournament 11: Super Cricket League
2026-04-14 10:57:19,655 - scraper.selenium_scraper - INFO - Scraped tournament 12: SIKAR PREMIER LEAGUE 2025
2026-04-14 10:57:20,340 - scraper.selenium_scraper - INFO - Scraped tournament 13: BJP
2026-04-14 10:57:21,026 - scraper.selenium_scraper - INFO - Scraped tournament 14: SUPER LEAGUE GROUP
2026-04-14 10:57:21,720 - scraper.selenium_scraper - INFO - Scraped tournament 15: ALUMNI PREMIER LEAGUE - SEASON 6
2026-04-14 10:57:22,420 - scraper.selenium_scraper - INFO - Scraped tournament 16: PANTHERS CUP
2026-04-14 10:57:23,117 - scraper.selenium_scraper - INFO - Scraped tournament 17: PALOTTUPALLY CRICKET LEAGUE SEASON 1
2026-04-14 10:57:23,807 - scraper.selenium_scraper - INFO - Scraped tournament 18: VISAKHA PREMIER LEAGUE
2026-04-14 10:57:24,500 - scraper.selenium_scraper - INFO - Scraped tournament 19: Ador Premier League Season 6
2026-04-14 10:57:25,199 - scraper.selenium_scraper - INFO - Scraped tournament 20: UKPL 2026
2026-04-14 10:57:25,199 - root - INFO - Successfully scraped 20 tournaments
2026-04-14 10:57:25,200 - root - INFO - Saved scraped data to /home/runner/work/super-player-auction-scraper/super-player-auction-scraper/data/tournament_data_20260414-105725.json
2026-04-14 10:57:25,200 - root - INFO - Initializing Graph API
2026-04-14 10:57:25,200 - excel.graph_api - INFO - Extracted file ID: 9e836ed5-f58f-4dc7-a969-3c62b255f3ea
2026-04-14 10:57:25,200 - excel.graph_api - INFO - Extracted site ID: CorpDevaaf94619130d4a79af9f3aeae502bdb5
2026-04-14 10:57:25,200 - root - INFO - Authenticating with Microsoft Graph API
2026-04-14 10:57:25,602 - excel.graph_api - INFO - Authentication successful
2026-04-14 10:57:25,602 - root - INFO - Updating Excel sheet with scraped data
2026-04-14 10:57:26,082 - excel.graph_api - INFO - Retrieved drive ID: b!MXUqfmBgAkyqAi_g7J1PO_6yKSWnHbZCs3mpe4EkYuX6d8izcdJxRb78S6OW5SIB
2026-04-14 10:57:30,531 - excel.graph_api - INFO - Retrieved 1472 rows from Excel
2026-04-14 10:57:34,758 - excel.graph_api - INFO - Updating range A1474:P1477 with 4 new entries
2026-04-14 10:57:39,005 - excel.graph_api - INFO - Successfully added 4 new tournaments to Excel
2026-04-14 10:57:39,007 - root - INFO - Excel sheet updated successfully
2026-04-14 10:57:39,085 - scraper.selenium_scraper - INFO - Chrome driver closed
2026-04-14 10:57:39,085 - root - INFO - Selenium driver closed
2026-04-14 10:57:39,085 - root - INFO - Script execution completed
