2026-04-27 16:20:52,247 - root - INFO - Logger initialized successfully
2026-04-27 16:20:52,248 - root - INFO - Log file: /home/runner/work/super-player-auction-scraper/super-player-auction-scraper/logs/scraper_20260427_162052.log
2026-04-27 16:20:52,248 - root - INFO - Starting Super Player Auction scraper
2026-04-27 16:20:52,248 - utils.config - INFO - Credentials loaded from environment variables
2026-04-27 16:20:52,248 - utils.config - INFO - Settings loaded successfully
2026-04-27 16:20:52,248 - root - INFO - Initializing Selenium scraper
2026-04-27 16:20:52,248 - scraper.selenium_scraper - INFO - Running in GitHub Actions environment
2026-04-27 16:21:02,369 - scraper.selenium_scraper - INFO - Chrome driver initialized successfully
2026-04-27 16:21:02,369 - root - INFO - Scraping tournament data
2026-04-27 16:21:02,369 - scraper.selenium_scraper - INFO - Starting to scrape tournament data
2026-04-27 16:21:03,277 - scraper.selenium_scraper - INFO - Waiting for page to load...
2026-04-27 16:21:08,282 - scraper.selenium_scraper - INFO - Scrolling to load all auction cards...
2026-04-27 16:21:20,485 - scraper.selenium_scraper - INFO - Saved page screenshot to /home/runner/work/super-player-auction-scraper/super-player-auction-scraper/logs/screenshots/page_loaded_20260427162120.png
2026-04-27 16:21:20,485 - scraper.selenium_scraper - INFO - Looking for auction cards...
2026-04-27 16:21:20,511 - scraper.selenium_scraper - INFO - Found 20 auction cards
2026-04-27 16:21:21,265 - scraper.selenium_scraper - INFO - Scraped tournament 1: KHARIAR ROAD VOLLEYBALL LEAGUE
2026-04-27 16:21:22,048 - scraper.selenium_scraper - INFO - Scraped tournament 2: SmashIT v8, 2026
2026-04-27 16:21:22,752 - scraper.selenium_scraper - INFO - Scraped tournament 3: Chhattisgarh Cricket Champions League T20
2026-04-27 16:21:23,447 - scraper.selenium_scraper - INFO - Scraped tournament 4: KABIR DHARAMDAS VANSHAVALI PREMIER LEAGUE
2026-04-27 16:21:24,141 - scraper.selenium_scraper - INFO - Scraped tournament 5: खारवी प्रीमियर लीग २०२६ पर्व ७
2026-04-27 16:21:24,834 - scraper.selenium_scraper - INFO - Scraped tournament 6: DIGNITY CUP SEASON IV
2026-04-27 16:21:25,529 - scraper.selenium_scraper - INFO - Scraped tournament 7: SPL 3
2026-04-27 16:21:26,222 - scraper.selenium_scraper - INFO - Scraped tournament 8: SUPER FOOTBALL CHAMPIONSHIP
2026-04-27 16:21:26,913 - scraper.selenium_scraper - INFO - Scraped tournament 9: Auction Demo Jodi
2026-04-27 16:21:27,604 - scraper.selenium_scraper - INFO - Scraped tournament 10: Super Cricket League
2026-04-27 16:21:28,318 - scraper.selenium_scraper - INFO - Scraped tournament 11: SIKAR PREMIER LEAGUE 2025
2026-04-27 16:21:29,008 - scraper.selenium_scraper - INFO - Scraped tournament 12: BJP
2026-04-27 16:21:29,698 - scraper.selenium_scraper - INFO - Scraped tournament 13: SUPER LEAGUE GROUP
2026-04-27 16:21:30,388 - scraper.selenium_scraper - INFO - Scraped tournament 14: SUPER CRICKET LEAGUE
2026-04-27 16:21:31,080 - scraper.selenium_scraper - INFO - Scraped tournament 15: Connectivity Cricket Cup 2.0
2026-04-27 16:21:31,780 - scraper.selenium_scraper - INFO - Scraped tournament 16: Reda Night Premier League Season-01
2026-04-27 16:21:32,469 - scraper.selenium_scraper - INFO - Scraped tournament 17: NPL Titan Cup
2026-04-27 16:21:33,158 - scraper.selenium_scraper - INFO - Scraped tournament 18: KPL Season 4
2026-04-27 16:21:33,858 - scraper.selenium_scraper - INFO - Scraped tournament 19: HARSH CUP
2026-04-27 16:21:34,548 - scraper.selenium_scraper - INFO - Scraped tournament 20: AJMERI PREMIER LEAGUE SESSION:-2
2026-04-27 16:21:34,548 - root - INFO - Successfully scraped 20 tournaments
2026-04-27 16:21:34,549 - root - INFO - Saved scraped data to /home/runner/work/super-player-auction-scraper/super-player-auction-scraper/data/tournament_data_20260427-162134.json
2026-04-27 16:21:34,549 - root - INFO - Initializing Graph API
2026-04-27 16:21:34,549 - excel.graph_api - INFO - Extracted file ID: 9e836ed5-f58f-4dc7-a969-3c62b255f3ea
2026-04-27 16:21:34,550 - excel.graph_api - INFO - Extracted site ID: CorpDevaaf94619130d4a79af9f3aeae502bdb5
2026-04-27 16:21:34,550 - root - INFO - Authenticating with Microsoft Graph API
2026-04-27 16:21:34,758 - excel.graph_api - INFO - Authentication successful
2026-04-27 16:21:34,758 - root - INFO - Updating Excel sheet with scraped data
2026-04-27 16:21:35,459 - excel.graph_api - INFO - Retrieved drive ID: b!MXUqfmBgAkyqAi_g7J1PO_6yKSWnHbZCs3mpe4EkYuX6d8izcdJxRb78S6OW5SIB
2026-04-27 16:21:37,590 - excel.graph_api - INFO - Retrieved 1526 rows from Excel
2026-04-27 16:21:39,492 - excel.graph_api - INFO - Updating range A1528:Y1528 with 1 new entries
2026-04-27 16:21:42,172 - excel.graph_api - INFO - Successfully added 1 new tournaments to Excel
2026-04-27 16:21:42,174 - root - INFO - Excel sheet updated successfully
2026-04-27 16:21:42,251 - scraper.selenium_scraper - INFO - Chrome driver closed
2026-04-27 16:21:42,251 - root - INFO - Selenium driver closed
2026-04-27 16:21:42,251 - root - INFO - Script execution completed
