2025-11-24 15:15:43,731 - root - INFO - Logger initialized successfully
2025-11-24 15:15:43,731 - root - INFO - Log file: /home/runner/work/super-player-auction-scraper/super-player-auction-scraper/logs/scraper_20251124_151543.log
2025-11-24 15:15:43,731 - root - INFO - Starting Super Player Auction scraper
2025-11-24 15:15:43,731 - utils.config - INFO - Credentials loaded from environment variables
2025-11-24 15:15:43,731 - utils.config - INFO - Settings loaded successfully
2025-11-24 15:15:43,732 - root - INFO - Initializing Selenium scraper
2025-11-24 15:15:43,732 - scraper.selenium_scraper - INFO - Running in GitHub Actions environment
2025-11-24 15:15:45,288 - selenium.webdriver.common.selenium_manager - WARNING - The chromedriver version (142.0.7444.162) detected in PATH at /usr/bin/chromedriver might not be compatible with the detected chrome version (142.0.7444.162); currently, chromedriver 142.0.7444.175 is recommended for chrome 142.*, so it is advised to delete the driver in PATH and retry
2025-11-24 15:15:50,529 - scraper.selenium_scraper - INFO - Chrome driver initialized successfully
2025-11-24 15:15:50,530 - root - INFO - Scraping tournament data
2025-11-24 15:15:50,530 - scraper.selenium_scraper - INFO - Starting to scrape tournament data
2025-11-24 15:15:51,343 - scraper.selenium_scraper - INFO - Waiting for page to load...
2025-11-24 15:15:56,344 - scraper.selenium_scraper - INFO - Scrolling to load all auction cards...
2025-11-24 15:16:08,545 - scraper.selenium_scraper - INFO - Saved page screenshot to /home/runner/work/super-player-auction-scraper/super-player-auction-scraper/logs/screenshots/page_loaded_20251124151608.png
2025-11-24 15:16:08,545 - scraper.selenium_scraper - INFO - Looking for auction cards...
2025-11-24 15:16:08,578 - scraper.selenium_scraper - INFO - Found 20 auction cards
2025-11-24 15:16:09,317 - scraper.selenium_scraper - INFO - Scraped tournament 1: KARKALA BEDRA PREMIER LEAGUE 2025
2025-11-24 15:16:10,083 - scraper.selenium_scraper - INFO - Scraped tournament 2: LEAGUE OF CHAMPIONS-1
2025-11-24 15:16:10,796 - scraper.selenium_scraper - INFO - Scraped tournament 3: JCI CHAMPIONS LEAGUE 2025
2025-11-24 15:16:11,518 - scraper.selenium_scraper - INFO - Scraped tournament 4: Arjun DEMO
2025-11-24 15:16:12,237 - scraper.selenium_scraper - INFO - Scraped tournament 5: Streamify Cup Silver Category
2025-11-24 15:16:12,971 - scraper.selenium_scraper - INFO - Scraped tournament 6: Streamify Cup Open Category
2025-11-24 15:16:13,701 - scraper.selenium_scraper - INFO - Scraped tournament 7: ABSA BUNTS CUP 4TH EDITION
2025-11-24 15:16:14,417 - scraper.selenium_scraper - INFO - Scraped tournament 8: CCL 2.0 PREMIER LEAGUE SEASON 1
2025-11-24 15:16:15,142 - scraper.selenium_scraper - INFO - Scraped tournament 9: Bhatkal Premier League - 2026
2025-11-24 15:16:15,861 - scraper.selenium_scraper - INFO - Scraped tournament 10: Sindhi Premier League 6.0
2025-11-24 15:16:16,589 - scraper.selenium_scraper - INFO - Scraped tournament 11: Brotherhood Youth Premier League Season-2 2025-26
2025-11-24 15:16:17,309 - scraper.selenium_scraper - INFO - Scraped tournament 12: Delta Football League
2025-11-24 15:16:18,034 - scraper.selenium_scraper - INFO - Scraped tournament 13: SAKAL PREMIER LEAGUE 2025 (NASHIK)
2025-11-24 15:16:18,750 - scraper.selenium_scraper - INFO - Scraped tournament 14: MPL SEASON-8
2025-11-24 15:16:19,468 - scraper.selenium_scraper - INFO - Scraped tournament 15: Fighters Premier League
2025-11-24 15:16:20,201 - scraper.selenium_scraper - INFO - Scraped tournament 16: શ્રી સૌરાષ્ટ્ર લેઉઆ પટેલ યુવક મંડળ , નવસારી
2025-11-24 15:16:20,954 - scraper.selenium_scraper - INFO - Scraped tournament 17: CPL SESSION 2
2025-11-24 15:16:21,678 - scraper.selenium_scraper - INFO - Scraped tournament 18: CKPL - 2
2025-11-24 15:16:22,374 - scraper.selenium_scraper - INFO - Scraped tournament 19: Jain Legend Championships
2025-11-24 15:16:23,097 - scraper.selenium_scraper - INFO - Scraped tournament 20: Player Draft Demo
2025-11-24 15:16:23,097 - root - INFO - Successfully scraped 20 tournaments
2025-11-24 15:16:23,097 - root - INFO - Saved scraped data to /home/runner/work/super-player-auction-scraper/super-player-auction-scraper/data/tournament_data_20251124-151623.json
2025-11-24 15:16:23,097 - root - INFO - Initializing Graph API
2025-11-24 15:16:23,098 - excel.graph_api - INFO - Extracted file ID: 9e836ed5-f58f-4dc7-a969-3c62b255f3ea
2025-11-24 15:16:23,098 - excel.graph_api - INFO - Extracted site ID: CorpDevaaf94619130d4a79af9f3aeae502bdb5
2025-11-24 15:16:23,098 - root - INFO - Authenticating with Microsoft Graph API
2025-11-24 15:16:23,304 - excel.graph_api - ERROR - Authentication failed: AADSTS7000222: The provided client secret keys for app 'f45467f0-629b-4712-a029-cd1289854747' are expired. Visit the Azure portal to create new keys for your app: https://aka.ms/NewClientSecret, or consider using certificate credentials for added security: https://aka.ms/certCreds. Trace ID: 4e476a7b-27b5-49e8-bc2c-b618d4355200 Correlation ID: 5dda0510-4b6e-4d40-aa0a-4158e0f402e2 Timestamp: 2025-11-24 15:16:23Z
2025-11-24 15:16:23,304 - root - ERROR - Failed to authenticate with Microsoft Graph API
2025-11-24 15:16:23,375 - scraper.selenium_scraper - INFO - Chrome driver closed
2025-11-24 15:16:23,376 - root - INFO - Selenium driver closed
2025-11-24 15:16:23,376 - root - INFO - Script execution completed
