2026-02-24 15:50:13,935 - root - INFO - Logger initialized successfully
2026-02-24 15:50:13,936 - root - INFO - Log file: /home/runner/work/super-player-auction-scraper/super-player-auction-scraper/logs/scraper_20260224_155013.log
2026-02-24 15:50:13,936 - root - INFO - Starting Super Player Auction scraper
2026-02-24 15:50:13,936 - utils.config - INFO - Credentials loaded from environment variables
2026-02-24 15:50:13,936 - utils.config - INFO - Settings loaded successfully
2026-02-24 15:50:13,936 - root - INFO - Initializing Selenium scraper
2026-02-24 15:50:13,936 - scraper.selenium_scraper - INFO - Running in GitHub Actions environment
2026-02-24 15:50:17,052 - selenium.webdriver.common.selenium_manager - WARNING - The chromedriver version (144.0.7559.109) detected in PATH at /usr/bin/chromedriver might not be compatible with the detected chrome version (144.0.7559.109); currently, chromedriver 144.0.7559.133 is recommended for chrome 144.*, so it is advised to delete the driver in PATH and retry
2026-02-24 15:50:29,233 - scraper.selenium_scraper - INFO - Chrome driver initialized successfully
2026-02-24 15:50:29,233 - root - INFO - Scraping tournament data
2026-02-24 15:50:29,233 - scraper.selenium_scraper - INFO - Starting to scrape tournament data
2026-02-24 15:50:30,375 - scraper.selenium_scraper - INFO - Waiting for page to load...
2026-02-24 15:50:35,380 - scraper.selenium_scraper - INFO - Scrolling to load all auction cards...
2026-02-24 15:50:47,555 - scraper.selenium_scraper - INFO - Saved page screenshot to /home/runner/work/super-player-auction-scraper/super-player-auction-scraper/logs/screenshots/page_loaded_20260224155047.png
2026-02-24 15:50:47,555 - scraper.selenium_scraper - INFO - Looking for auction cards...
2026-02-24 15:50:47,580 - scraper.selenium_scraper - INFO - Found 20 auction cards
2026-02-24 15:50:48,310 - scraper.selenium_scraper - INFO - Scraped tournament 1: SUPER FOOTBALL CHAMPIONSHIP
2026-02-24 15:50:49,119 - scraper.selenium_scraper - INFO - Scraped tournament 2: मेघवाल समाज आक्शन प्रीमियर लीग खिवाड़ा
2026-02-24 15:50:49,816 - scraper.selenium_scraper - INFO - Scraped tournament 3: Hind Sporting Premier League
2026-02-24 15:50:50,509 - scraper.selenium_scraper - INFO - Scraped tournament 4: YPL 2.O
2026-02-24 15:50:51,204 - scraper.selenium_scraper - INFO - Scraped tournament 5: YI Premier League 2026
2026-02-24 15:50:51,898 - scraper.selenium_scraper - INFO - Scraped tournament 6: RELIANCE SPL 2026
2026-02-24 15:50:52,600 - scraper.selenium_scraper - INFO - Scraped tournament 7: MCPL 2026
2026-02-24 15:50:53,293 - scraper.selenium_scraper - INFO - Scraped tournament 8: SIKAR PREMIER LEAGUE 2025
2026-02-24 15:50:53,984 - scraper.selenium_scraper - INFO - Scraped tournament 9: ROHAT PREMIER LEAGUE
2026-02-24 15:50:54,675 - scraper.selenium_scraper - INFO - Scraped tournament 10: REPUBLIC CUP 2.0
2026-02-24 15:50:55,374 - scraper.selenium_scraper - INFO - Scraped tournament 11: NPL
2026-02-24 15:50:56,065 - scraper.selenium_scraper - INFO - Scraped tournament 12: BJP
2026-02-24 15:50:56,757 - scraper.selenium_scraper - INFO - Scraped tournament 13: SUPER CRICKRT LEAGUE - MAHIPAL
2026-02-24 15:50:57,454 - scraper.selenium_scraper - INFO - Scraped tournament 14: ZAPABAR RAMZAN CUP
2026-02-24 15:50:58,151 - scraper.selenium_scraper - INFO - Scraped tournament 15: SIWANA PREMIER LEAGUE SEASON - 3
2026-02-24 15:50:58,846 - scraper.selenium_scraper - INFO - Scraped tournament 16: Awesome Premier League 2026 Season 10 Dhamaka Edition
2026-02-24 15:50:59,543 - scraper.selenium_scraper - INFO - Scraped tournament 17: YLF Bowling Tournament 2026
2026-02-24 15:51:00,235 - scraper.selenium_scraper - INFO - Scraped tournament 18: Player Draft Demo
2026-02-24 15:51:00,939 - scraper.selenium_scraper - INFO - Scraped tournament 19: Sanvordem VollyBall League 2026
2026-02-24 15:51:01,632 - scraper.selenium_scraper - INFO - Scraped tournament 20: new auction
2026-02-24 15:51:01,632 - root - INFO - Successfully scraped 20 tournaments
2026-02-24 15:51:01,632 - root - INFO - Saved scraped data to /home/runner/work/super-player-auction-scraper/super-player-auction-scraper/data/tournament_data_20260224-155101.json
2026-02-24 15:51:01,632 - root - INFO - Initializing Graph API
2026-02-24 15:51:01,633 - excel.graph_api - INFO - Extracted file ID: 9e836ed5-f58f-4dc7-a969-3c62b255f3ea
2026-02-24 15:51:01,633 - excel.graph_api - INFO - Extracted site ID: CorpDevaaf94619130d4a79af9f3aeae502bdb5
2026-02-24 15:51:01,633 - root - INFO - Authenticating with Microsoft Graph API
2026-02-24 15:51:02,078 - excel.graph_api - INFO - Authentication successful
2026-02-24 15:51:02,078 - root - INFO - Updating Excel sheet with scraped data
2026-02-24 15:51:02,606 - excel.graph_api - INFO - Retrieved drive ID: b!MXUqfmBgAkyqAi_g7J1PO_6yKSWnHbZCs3mpe4EkYuX6d8izcdJxRb78S6OW5SIB
2026-02-24 15:51:04,263 - excel.graph_api - INFO - Retrieved 1270 rows from Excel
2026-02-24 15:51:05,186 - excel.graph_api - INFO - No new tournaments to add
2026-02-24 15:51:05,188 - root - INFO - Excel sheet updated successfully
2026-02-24 15:51:05,267 - scraper.selenium_scraper - INFO - Chrome driver closed
2026-02-24 15:51:05,267 - root - INFO - Selenium driver closed
2026-02-24 15:51:05,267 - root - INFO - Script execution completed
