2026-03-17 10:43:01,319 - root - INFO - Logger initialized successfully
2026-03-17 10:43:01,319 - root - INFO - Log file: /home/runner/work/super-player-auction-scraper/super-player-auction-scraper/logs/scraper_20260317_104301.log
2026-03-17 10:43:01,319 - root - INFO - Starting Super Player Auction scraper
2026-03-17 10:43:01,319 - utils.config - INFO - Credentials loaded from environment variables
2026-03-17 10:43:01,319 - utils.config - INFO - Settings loaded successfully
2026-03-17 10:43:01,320 - root - INFO - Initializing Selenium scraper
2026-03-17 10:43:01,320 - scraper.selenium_scraper - INFO - Running in GitHub Actions environment
2026-03-17 10:43:11,704 - scraper.selenium_scraper - INFO - Chrome driver initialized successfully
2026-03-17 10:43:11,704 - root - INFO - Scraping tournament data
2026-03-17 10:43:11,704 - scraper.selenium_scraper - INFO - Starting to scrape tournament data
2026-03-17 10:43:12,781 - scraper.selenium_scraper - INFO - Waiting for page to load...
2026-03-17 10:43:17,786 - scraper.selenium_scraper - INFO - Scrolling to load all auction cards...
2026-03-17 10:43:29,918 - scraper.selenium_scraper - INFO - Saved page screenshot to /home/runner/work/super-player-auction-scraper/super-player-auction-scraper/logs/screenshots/page_loaded_20260317104329.png
2026-03-17 10:43:29,918 - scraper.selenium_scraper - INFO - Looking for auction cards...
2026-03-17 10:43:29,950 - scraper.selenium_scraper - INFO - Found 20 auction cards
2026-03-17 10:43:30,671 - scraper.selenium_scraper - INFO - Scraped tournament 1: NPL
2026-03-17 10:43:31,457 - scraper.selenium_scraper - INFO - Scraped tournament 2: Jain Marwadi Champions League - 2
2026-03-17 10:43:32,153 - scraper.selenium_scraper - INFO - Scraped tournament 3: MCPL 2026
2026-03-17 10:43:32,841 - scraper.selenium_scraper - INFO - Scraped tournament 4: Nice Fantasy Auction
2026-03-17 10:43:33,527 - scraper.selenium_scraper - INFO - Scraped tournament 5: BSA League - 1
2026-03-17 10:43:34,222 - scraper.selenium_scraper - INFO - Scraped tournament 6: UNITY CUP Season 3 [2026-27]
2026-03-17 10:43:34,919 - scraper.selenium_scraper - INFO - Scraped tournament 7: Super Cricket League
2026-03-17 10:43:35,606 - scraper.selenium_scraper - INFO - Scraped tournament 8: SIKAR PREMIER LEAGUE 2025
2026-03-17 10:43:36,296 - scraper.selenium_scraper - INFO - Scraped tournament 9: ROHAT PREMIER LEAGUE
2026-03-17 10:43:36,984 - scraper.selenium_scraper - INFO - Scraped tournament 10: SUPER FOOTBALL CHAMPIONSHIP
2026-03-17 10:43:37,666 - scraper.selenium_scraper - INFO - Scraped tournament 11: BJP
2026-03-17 10:43:38,357 - scraper.selenium_scraper - INFO - Scraped tournament 12: SUPER CRICKRT LEAGUE - MAHIPAL
2026-03-17 10:43:39,041 - scraper.selenium_scraper - INFO - Scraped tournament 13: SKPPL 3
2026-03-17 10:43:39,720 - scraper.selenium_scraper - INFO - Scraped tournament 14: NASHIK LAWions FOUNDATION TENNIS BALL CRICKET TOURNAMENT-2026
2026-03-17 10:43:40,409 - scraper.selenium_scraper - INFO - Scraped tournament 15: मेघवाल प्रीमियर लीग जयपुर आक्शन
2026-03-17 10:43:41,097 - scraper.selenium_scraper - INFO - Scraped tournament 16: BOTAD PREMIER LEAGUE 3
2026-03-17 10:43:41,778 - scraper.selenium_scraper - INFO - Scraped tournament 17: DAMAN PREMIER LEAGUE 2026
2026-03-17 10:43:42,466 - scraper.selenium_scraper - INFO - Scraped tournament 18: NMCL SEASON -1.0
2026-03-17 10:43:43,155 - scraper.selenium_scraper - INFO - Scraped tournament 19: KMPL SEASON 4
2026-03-17 10:43:43,851 - scraper.selenium_scraper - INFO - Scraped tournament 20: BBBL
2026-03-17 10:43:43,851 - root - INFO - Successfully scraped 20 tournaments
2026-03-17 10:43:43,852 - root - INFO - Saved scraped data to /home/runner/work/super-player-auction-scraper/super-player-auction-scraper/data/tournament_data_20260317-104343.json
2026-03-17 10:43:43,852 - root - INFO - Initializing Graph API
2026-03-17 10:43:43,852 - excel.graph_api - INFO - Extracted file ID: 9e836ed5-f58f-4dc7-a969-3c62b255f3ea
2026-03-17 10:43:43,852 - excel.graph_api - INFO - Extracted site ID: CorpDevaaf94619130d4a79af9f3aeae502bdb5
2026-03-17 10:43:43,852 - root - INFO - Authenticating with Microsoft Graph API
2026-03-17 10:43:44,049 - excel.graph_api - INFO - Authentication successful
2026-03-17 10:43:44,049 - root - INFO - Updating Excel sheet with scraped data
2026-03-17 10:43:44,790 - excel.graph_api - INFO - Retrieved drive ID: b!MXUqfmBgAkyqAi_g7J1PO_6yKSWnHbZCs3mpe4EkYuX6d8izcdJxRb78S6OW5SIB
2026-03-17 10:43:46,090 - excel.graph_api - INFO - Retrieved 1354 rows from Excel
2026-03-17 10:43:52,186 - excel.graph_api - INFO - Updating range A1356:M1358 with 3 new entries
2026-03-17 10:43:53,505 - excel.graph_api - INFO - Successfully added 3 new tournaments to Excel
2026-03-17 10:43:53,507 - root - INFO - Excel sheet updated successfully
2026-03-17 10:43:53,572 - scraper.selenium_scraper - INFO - Chrome driver closed
2026-03-17 10:43:53,572 - root - INFO - Selenium driver closed
2026-03-17 10:43:53,572 - root - INFO - Script execution completed
