2025-11-17 15:15:40,512 - root - INFO - Logger initialized successfully
2025-11-17 15:15:40,512 - root - INFO - Log file: /home/runner/work/super-player-auction-scraper/super-player-auction-scraper/logs/scraper_20251117_151540.log
2025-11-17 15:15:40,512 - root - INFO - Starting Super Player Auction scraper
2025-11-17 15:15:40,512 - utils.config - INFO - Credentials loaded from environment variables
2025-11-17 15:15:40,512 - utils.config - INFO - Settings loaded successfully
2025-11-17 15:15:40,512 - root - INFO - Initializing Selenium scraper
2025-11-17 15:15:40,512 - scraper.selenium_scraper - INFO - Running in GitHub Actions environment
2025-11-17 15:15:42,132 - scraper.selenium_scraper - INFO - Chrome driver initialized successfully
2025-11-17 15:15:42,132 - root - INFO - Scraping tournament data
2025-11-17 15:15:42,132 - scraper.selenium_scraper - INFO - Starting to scrape tournament data
2025-11-17 15:15:42,797 - scraper.selenium_scraper - INFO - Waiting for page to load...
2025-11-17 15:15:47,802 - scraper.selenium_scraper - INFO - Scrolling to load all auction cards...
2025-11-17 15:15:59,901 - scraper.selenium_scraper - INFO - Saved page screenshot to /home/runner/work/super-player-auction-scraper/super-player-auction-scraper/logs/screenshots/page_loaded_20251117151559.png
2025-11-17 15:15:59,901 - scraper.selenium_scraper - INFO - Looking for auction cards...
2025-11-17 15:15:59,919 - scraper.selenium_scraper - INFO - Found 20 auction cards
2025-11-17 15:16:00,632 - scraper.selenium_scraper - INFO - Scraped tournament 1: CSC THE 50 CPL
2025-11-17 15:16:01,317 - scraper.selenium_scraper - INFO - Scraped tournament 2: Trivandrum Premier League - 5
2025-11-17 15:16:01,998 - scraper.selenium_scraper - INFO - Scraped tournament 3: Sind Society Premier League 8.0
2025-11-17 15:16:02,681 - scraper.selenium_scraper - INFO - Scraped tournament 4: TenX Premier League - Season 3 (KIDS)
2025-11-17 15:16:03,365 - scraper.selenium_scraper - INFO - Scraped tournament 5: TNPL PREMIER LEAGUE SEASON 4
2025-11-17 15:16:04,058 - scraper.selenium_scraper - INFO - Scraped tournament 6: TenX Premier League - Season 3 (MENS 17+)
2025-11-17 15:16:04,742 - scraper.selenium_scraper - INFO - Scraped tournament 7: TenX Premier League - Season 3 (MENS 40+)
2025-11-17 15:16:05,434 - scraper.selenium_scraper - INFO - Scraped tournament 8: TenX Premier League - Season 3 (WOMENS 17+)
2025-11-17 15:16:06,125 - scraper.selenium_scraper - INFO - Scraped tournament 9: LEAGUE OF CHAMPIONS-1
2025-11-17 15:16:06,813 - scraper.selenium_scraper - INFO - Scraped tournament 10: Arjun DEMO
2025-11-17 15:16:07,510 - scraper.selenium_scraper - INFO - Scraped tournament 11: ABSA BUNTS CUP 4TH EDITION
2025-11-17 15:16:08,191 - scraper.selenium_scraper - INFO - Scraped tournament 12: STREAMIFY
2025-11-17 15:16:08,877 - scraper.selenium_scraper - INFO - Scraped tournament 13: STREAMIFY
2025-11-17 15:16:09,556 - scraper.selenium_scraper - INFO - Scraped tournament 14: CCL 2.0 PREMIER LEAGUE SEASON 1
2025-11-17 15:16:10,235 - scraper.selenium_scraper - INFO - Scraped tournament 15: Bhatkal Premier League - 2026
2025-11-17 15:16:10,915 - scraper.selenium_scraper - INFO - Scraped tournament 16: Delta Football League
2025-11-17 15:16:11,593 - scraper.selenium_scraper - INFO - Scraped tournament 17: MAA SHITLA CUP CHHURA 2025
2025-11-17 15:16:12,270 - scraper.selenium_scraper - INFO - Scraped tournament 18: Daivadnya premier league(DPL) Season 2
2025-11-17 15:16:12,953 - scraper.selenium_scraper - INFO - Scraped tournament 19: Pirawa Premier League
2025-11-17 15:16:13,631 - scraper.selenium_scraper - INFO - Scraped tournament 20: THOUCENTRIC BADMINTON CHAMPIONS 2026
2025-11-17 15:16:13,631 - root - INFO - Successfully scraped 20 tournaments
2025-11-17 15:16:13,632 - root - INFO - Saved scraped data to /home/runner/work/super-player-auction-scraper/super-player-auction-scraper/data/tournament_data_20251117-151613.json
2025-11-17 15:16:13,632 - root - INFO - Initializing Graph API
2025-11-17 15:16:13,632 - excel.graph_api - INFO - Extracted file ID: 9e836ed5-f58f-4dc7-a969-3c62b255f3ea
2025-11-17 15:16:13,632 - excel.graph_api - INFO - Extracted site ID: CorpDevaaf94619130d4a79af9f3aeae502bdb5
2025-11-17 15:16:13,632 - root - INFO - Authenticating with Microsoft Graph API
2025-11-17 15:16:13,968 - excel.graph_api - INFO - Authentication successful
2025-11-17 15:16:13,968 - root - INFO - Updating Excel sheet with scraped data
2025-11-17 15:16:14,290 - excel.graph_api - INFO - Retrieved drive ID: b!MXUqfmBgAkyqAi_g7J1PO_6yKSWnHbZCs3mpe4EkYuX6d8izcdJxRb78S6OW5SIB
2025-11-17 15:16:15,427 - excel.graph_api - INFO - Retrieved 772 rows from Excel
2025-11-17 15:16:16,678 - excel.graph_api - INFO - Updating range A774:M777 with 4 new entries
2025-11-17 15:16:17,748 - excel.graph_api - INFO - Successfully added 4 new tournaments to Excel
2025-11-17 15:16:17,750 - root - INFO - Excel sheet updated successfully
2025-11-17 15:16:17,810 - scraper.selenium_scraper - INFO - Chrome driver closed
2025-11-17 15:16:17,810 - root - INFO - Selenium driver closed
2025-11-17 15:16:17,810 - root - INFO - Script execution completed
