2025-06-16 10:48:01,960 - root - INFO - Logger initialized successfully
2025-06-16 10:48:01,960 - root - INFO - Log file: /home/runner/work/super-player-auction-scraper/super-player-auction-scraper/logs/scraper_20250616_104801.log
2025-06-16 10:48:01,961 - root - INFO - Starting Super Player Auction scraper
2025-06-16 10:48:01,961 - utils.config - INFO - Credentials loaded from environment variables
2025-06-16 10:48:01,961 - utils.config - INFO - Settings loaded successfully
2025-06-16 10:48:01,961 - root - INFO - Initializing Selenium scraper
2025-06-16 10:48:01,961 - scraper.selenium_scraper - INFO - Running in GitHub Actions environment
2025-06-16 10:48:02,888 - selenium.webdriver.common.selenium_manager - WARNING - The chromedriver version (137.0.7151.68) detected in PATH at /usr/bin/chromedriver might not be compatible with the detected chrome version (137.0.7151.68); currently, chromedriver 137.0.7151.70 is recommended for chrome 137.*, so it is advised to delete the driver in PATH and retry
2025-06-16 10:48:10,650 - scraper.selenium_scraper - INFO - Chrome driver initialized successfully
2025-06-16 10:48:10,650 - root - INFO - Scraping tournament data
2025-06-16 10:48:10,650 - scraper.selenium_scraper - INFO - Starting to scrape tournament data
2025-06-16 10:48:12,179 - scraper.selenium_scraper - INFO - Waiting for page to load...
2025-06-16 10:48:17,183 - scraper.selenium_scraper - INFO - Scrolling to load all auction cards...
2025-06-16 10:48:29,333 - scraper.selenium_scraper - INFO - Saved page screenshot to /home/runner/work/super-player-auction-scraper/super-player-auction-scraper/logs/screenshots/page_loaded_20250616104829.png
2025-06-16 10:48:29,333 - scraper.selenium_scraper - INFO - Looking for auction cards...
2025-06-16 10:48:29,406 - scraper.selenium_scraper - INFO - Found 20 auction cards
2025-06-16 10:48:30,141 - scraper.selenium_scraper - INFO - Scraped tournament 1: Tekri Premier League
2025-06-16 10:48:30,848 - scraper.selenium_scraper - INFO - Scraped tournament 2: PALAKKAD CRICKET LEAGUE
2025-06-16 10:48:31,664 - scraper.selenium_scraper - INFO - Scraped tournament 3: ArjunDMUP
2025-06-16 10:48:32,386 - scraper.selenium_scraper - INFO - Scraped tournament 4: FGL - FCC GULF LEAGUE 2025
2025-06-16 10:48:33,087 - scraper.selenium_scraper - INFO - Scraped tournament 5: BlueRose Premier league
2025-06-16 10:48:33,796 - scraper.selenium_scraper - INFO - Scraped tournament 6: CCL 2025
2025-06-16 10:48:34,509 - scraper.selenium_scraper - INFO - Scraped tournament 7: Petlurivaripalm Premier League Season -1
2025-06-16 10:48:35,215 - scraper.selenium_scraper - INFO - Scraped tournament 8: Dholi Samaj Premiere League Sisseion-2
2025-06-16 10:48:35,927 - scraper.selenium_scraper - INFO - Scraped tournament 9: Turf Cricket Championship
2025-06-16 10:48:36,638 - scraper.selenium_scraper - INFO - Scraped tournament 10: Kpl 11
2025-06-16 10:48:37,369 - scraper.selenium_scraper - INFO - Scraped tournament 11: HALPATI SAMAJ PRIMIER LEAGUE
2025-06-16 10:48:38,078 - scraper.selenium_scraper - INFO - Scraped tournament 12: Box Premier League U-25 Auction
2025-06-16 10:48:38,812 - scraper.selenium_scraper - INFO - Scraped tournament 13: Devmanpur Premier League
2025-06-16 10:48:39,519 - scraper.selenium_scraper - INFO - Scraped tournament 14: Washington T10 Cricket Cup - 2025
2025-06-16 10:48:40,227 - scraper.selenium_scraper - INFO - Scraped tournament 15: CHERKALA CRICKET LEAGUE
2025-06-16 10:48:40,935 - scraper.selenium_scraper - INFO - Scraped tournament 16: CRICKET STARS TOURNAMENT
2025-06-16 10:48:41,639 - scraper.selenium_scraper - INFO - Scraped tournament 17: KPL
2025-06-16 10:48:42,340 - scraper.selenium_scraper - INFO - Scraped tournament 18: Zafaryab PVT LTD
2025-06-16 10:48:43,058 - scraper.selenium_scraper - INFO - Scraped tournament 19: Kpl Auction
2025-06-16 10:48:43,764 - scraper.selenium_scraper - INFO - Scraped tournament 20: Nepali Premier League Melbourne
2025-06-16 10:48:43,764 - root - INFO - Successfully scraped 20 tournaments
2025-06-16 10:48:43,764 - root - INFO - Saved scraped data to /home/runner/work/super-player-auction-scraper/super-player-auction-scraper/data/tournament_data_20250616-104843.json
2025-06-16 10:48:43,764 - root - INFO - Initializing Graph API
2025-06-16 10:48:43,765 - excel.graph_api - INFO - Extracted file ID: 9e836ed5-f58f-4dc7-a969-3c62b255f3ea
2025-06-16 10:48:43,765 - excel.graph_api - INFO - Extracted site ID: CorpDevaaf94619130d4a79af9f3aeae502bdb5
2025-06-16 10:48:43,765 - root - INFO - Authenticating with Microsoft Graph API
2025-06-16 10:48:43,916 - excel.graph_api - INFO - Authentication successful
2025-06-16 10:48:43,916 - root - INFO - Updating Excel sheet with scraped data
2025-06-16 10:48:44,142 - excel.graph_api - INFO - Retrieved drive ID: b!MXUqfmBgAkyqAi_g7J1PO_6yKSWnHbZCs3mpe4EkYuX6d8izcdJxRb78S6OW5SIB
2025-06-16 10:48:44,888 - excel.graph_api - INFO - Retrieved 215 rows from Excel
2025-06-16 10:48:45,383 - excel.graph_api - INFO - Updating range A217:M221 with 5 new entries
2025-06-16 10:48:46,094 - excel.graph_api - INFO - Successfully added 5 new tournaments to Excel
2025-06-16 10:48:46,096 - root - INFO - Excel sheet updated successfully
2025-06-16 10:48:46,170 - scraper.selenium_scraper - INFO - Chrome driver closed
2025-06-16 10:48:46,170 - root - INFO - Selenium driver closed
2025-06-16 10:48:46,170 - root - INFO - Script execution completed
