2025-09-30 15:11:46,786 - root - INFO - Logger initialized successfully
2025-09-30 15:11:46,786 - root - INFO - Log file: /home/runner/work/super-player-auction-scraper/super-player-auction-scraper/logs/scraper_20250930_151146.log
2025-09-30 15:11:46,786 - root - INFO - Starting Super Player Auction scraper
2025-09-30 15:11:46,786 - utils.config - INFO - Credentials loaded from environment variables
2025-09-30 15:11:46,786 - utils.config - INFO - Settings loaded successfully
2025-09-30 15:11:46,787 - root - INFO - Initializing Selenium scraper
2025-09-30 15:11:46,787 - scraper.selenium_scraper - INFO - Running in GitHub Actions environment
2025-09-30 15:11:52,054 - selenium.webdriver.common.selenium_manager - WARNING - The chromedriver version (140.0.7339.185) detected in PATH at /usr/bin/chromedriver might not be compatible with the detected chrome version (140.0.7339.185); currently, chromedriver 140.0.7339.207 is recommended for chrome 140.*, so it is advised to delete the driver in PATH and retry
2025-09-30 15:12:17,432 - scraper.selenium_scraper - INFO - Chrome driver initialized successfully
2025-09-30 15:12:17,432 - root - INFO - Scraping tournament data
2025-09-30 15:12:17,432 - scraper.selenium_scraper - INFO - Starting to scrape tournament data
2025-09-30 15:12:20,381 - scraper.selenium_scraper - INFO - Waiting for page to load...
2025-09-30 15:12:25,383 - scraper.selenium_scraper - INFO - Scrolling to load all auction cards...
2025-09-30 15:12:37,511 - scraper.selenium_scraper - INFO - Saved page screenshot to /home/runner/work/super-player-auction-scraper/super-player-auction-scraper/logs/screenshots/page_loaded_20250930151237.png
2025-09-30 15:12:37,511 - scraper.selenium_scraper - INFO - Looking for auction cards...
2025-09-30 15:12:37,577 - scraper.selenium_scraper - INFO - Found 20 auction cards
2025-09-30 15:12:38,322 - scraper.selenium_scraper - INFO - Scraped tournament 1: Elements Premier League (EPL)
2025-09-30 15:12:39,197 - scraper.selenium_scraper - INFO - Scraped tournament 2: Victoria Gardens Premier League 2025 Season 2
2025-09-30 15:12:39,901 - scraper.selenium_scraper - INFO - Scraped tournament 3: Petlurivaripalem Premier League Season -1
2025-09-30 15:12:40,606 - scraper.selenium_scraper - INFO - Scraped tournament 4: JOI Premier League Auction Female
2025-09-30 15:12:41,303 - scraper.selenium_scraper - INFO - Scraped tournament 5: JOI Premier League Auction Male
2025-09-30 15:12:42,004 - scraper.selenium_scraper - INFO - Scraped tournament 6: CAMBRIDGE ALUMNI CRICKET CHAMPIONSHIP 2025-26
2025-09-30 15:12:42,707 - scraper.selenium_scraper - INFO - Scraped tournament 7: Torpedoes Premier League 2025
2025-09-30 15:12:43,418 - scraper.selenium_scraper - INFO - Scraped tournament 8: UPL SEASON 6
2025-09-30 15:12:44,114 - scraper.selenium_scraper - INFO - Scraped tournament 9: 2N_DESIGNER'S PREMIER LEAGUE SEASON IV
2025-09-30 15:12:44,820 - scraper.selenium_scraper - INFO - Scraped tournament 10: SHIMOGA PREMIER BADMINTON LEAGUE 2.O
2025-09-30 15:12:45,517 - scraper.selenium_scraper - INFO - Scraped tournament 11: Monsoon Box League Season 3
2025-09-30 15:12:46,209 - scraper.selenium_scraper - INFO - Scraped tournament 12: CHHATTISGARH LEAGUE OF LEGENDS
2025-09-30 15:12:46,899 - scraper.selenium_scraper - INFO - Scraped tournament 13: RANUJ GAM CRICKET LEAGUE
2025-09-30 15:12:47,590 - scraper.selenium_scraper - INFO - Scraped tournament 14: United Premier League (Father's)
2025-09-30 15:12:48,276 - scraper.selenium_scraper - INFO - Scraped tournament 15: United Premier League Womens
2025-09-30 15:12:48,969 - scraper.selenium_scraper - INFO - Scraped tournament 16: Pond Premier League - Whispering Palms Season 1
2025-09-30 15:12:49,660 - scraper.selenium_scraper - INFO - Scraped tournament 17: SmashIT v7 2025
2025-09-30 15:12:50,347 - scraper.selenium_scraper - INFO - Scraped tournament 18: Dambab Premier League 2025
2025-09-30 15:12:51,043 - scraper.selenium_scraper - INFO - Scraped tournament 19: BHAGALPUR CRICKET LEAGUE
2025-09-30 15:12:51,736 - scraper.selenium_scraper - INFO - Scraped tournament 20: NPL Titan Cup
2025-09-30 15:12:51,736 - root - INFO - Successfully scraped 20 tournaments
2025-09-30 15:12:51,737 - root - INFO - Saved scraped data to /home/runner/work/super-player-auction-scraper/super-player-auction-scraper/data/tournament_data_20250930-151251.json
2025-09-30 15:12:51,737 - root - INFO - Initializing Graph API
2025-09-30 15:12:51,737 - excel.graph_api - INFO - Extracted file ID: 9e836ed5-f58f-4dc7-a969-3c62b255f3ea
2025-09-30 15:12:51,737 - excel.graph_api - INFO - Extracted site ID: CorpDevaaf94619130d4a79af9f3aeae502bdb5
2025-09-30 15:12:51,737 - root - INFO - Authenticating with Microsoft Graph API
2025-09-30 15:12:52,087 - excel.graph_api - INFO - Authentication successful
2025-09-30 15:12:52,087 - root - INFO - Updating Excel sheet with scraped data
2025-09-30 15:12:52,728 - excel.graph_api - INFO - Retrieved drive ID: b!MXUqfmBgAkyqAi_g7J1PO_6yKSWnHbZCs3mpe4EkYuX6d8izcdJxRb78S6OW5SIB
2025-09-30 15:12:54,060 - excel.graph_api - INFO - Retrieved 567 rows from Excel
2025-09-30 15:12:54,861 - excel.graph_api - INFO - Updating range A569:M570 with 2 new entries
2025-09-30 15:12:56,389 - excel.graph_api - INFO - Successfully added 2 new tournaments to Excel
2025-09-30 15:12:56,390 - root - INFO - Excel sheet updated successfully
2025-09-30 15:12:56,460 - scraper.selenium_scraper - INFO - Chrome driver closed
2025-09-30 15:12:56,460 - root - INFO - Selenium driver closed
2025-09-30 15:12:56,460 - root - INFO - Script execution completed
