2025-11-16 15:11:44,340 - root - INFO - Logger initialized successfully
2025-11-16 15:11:44,341 - root - INFO - Log file: /home/runner/work/super-player-auction-scraper/super-player-auction-scraper/logs/scraper_20251116_151144.log
2025-11-16 15:11:44,341 - root - INFO - Starting Super Player Auction scraper
2025-11-16 15:11:44,341 - utils.config - INFO - Credentials loaded from environment variables
2025-11-16 15:11:44,341 - utils.config - INFO - Settings loaded successfully
2025-11-16 15:11:44,341 - root - INFO - Initializing Selenium scraper
2025-11-16 15:11:44,341 - scraper.selenium_scraper - INFO - Running in GitHub Actions environment
2025-11-16 15:11:51,418 - scraper.selenium_scraper - INFO - Chrome driver initialized successfully
2025-11-16 15:11:51,418 - root - INFO - Scraping tournament data
2025-11-16 15:11:51,418 - scraper.selenium_scraper - INFO - Starting to scrape tournament data
2025-11-16 15:11:52,160 - scraper.selenium_scraper - INFO - Waiting for page to load...
2025-11-16 15:11:57,166 - scraper.selenium_scraper - INFO - Scrolling to load all auction cards...
2025-11-16 15:12:09,289 - scraper.selenium_scraper - INFO - Saved page screenshot to /home/runner/work/super-player-auction-scraper/super-player-auction-scraper/logs/screenshots/page_loaded_20251116151209.png
2025-11-16 15:12:09,289 - scraper.selenium_scraper - INFO - Looking for auction cards...
2025-11-16 15:12:09,321 - scraper.selenium_scraper - INFO - Found 20 auction cards
2025-11-16 15:12:10,095 - scraper.selenium_scraper - INFO - Scraped tournament 1: USL Corporate League Season-6
2025-11-16 15:12:10,881 - scraper.selenium_scraper - INFO - Scraped tournament 2: Trivandrum Premier League Season 5
2025-11-16 15:12:11,609 - scraper.selenium_scraper - INFO - Scraped tournament 3: TenX Premier League - Season 3 (KIDS)
2025-11-16 15:12:12,337 - scraper.selenium_scraper - INFO - Scraped tournament 4: TNPL PREMIER LEAGUE SEASON 4
2025-11-16 15:12:13,088 - scraper.selenium_scraper - INFO - Scraped tournament 5: TenX Premier League - Season 3 (MENS 17+)
2025-11-16 15:12:13,839 - scraper.selenium_scraper - INFO - Scraped tournament 6: TenX Premier League - Season 3 (MENS 40+)
2025-11-16 15:12:14,572 - scraper.selenium_scraper - INFO - Scraped tournament 7: TenX Premier League - Season 3 (WOMENS 17+)
2025-11-16 15:12:15,300 - scraper.selenium_scraper - INFO - Scraped tournament 8: Arjun DEMO
2025-11-16 15:12:16,042 - scraper.selenium_scraper - INFO - Scraped tournament 9: ABSA BUNTS CUP 4TH EDITION
2025-11-16 15:12:16,777 - scraper.selenium_scraper - INFO - Scraped tournament 10: Bhatkal Premier League - 2026
2025-11-16 15:12:17,522 - scraper.selenium_scraper - INFO - Scraped tournament 11: CCL 2.0 PREMIER LEAGUE SEASON 1
2025-11-16 15:12:18,250 - scraper.selenium_scraper - INFO - Scraped tournament 12: Delta Football League
2025-11-16 15:12:18,978 - scraper.selenium_scraper - INFO - Scraped tournament 13: શ્રી સૌરાષ્ટ્ર લેઉઆ પટેલ યુવક મંડળ , નવસારી
2025-11-16 15:12:19,718 - scraper.selenium_scraper - INFO - Scraped tournament 14: Municipal Cricket Cup 2025
2025-11-16 15:12:20,446 - scraper.selenium_scraper - INFO - Scraped tournament 15: MAA SHITLA CUP CHHURA 2025
2025-11-16 15:12:21,184 - scraper.selenium_scraper - INFO - Scraped tournament 16: Daivadnya premier league(DPL) Season 2
2025-11-16 15:12:21,944 - scraper.selenium_scraper - INFO - Scraped tournament 17: Pirawa Premier League
2025-11-16 15:12:22,688 - scraper.selenium_scraper - INFO - Scraped tournament 18: THOUCENTRIC BADMINTON CHAMPIONS 2026
2025-11-16 15:12:23,431 - scraper.selenium_scraper - INFO - Scraped tournament 19: BENARAS CLUB BASKETBALL TOURNAMENT
2025-11-16 15:12:24,163 - scraper.selenium_scraper - INFO - Scraped tournament 20: APL LEAGUE OF LEGENDS
2025-11-16 15:12:24,163 - root - INFO - Successfully scraped 20 tournaments
2025-11-16 15:12:24,163 - root - INFO - Saved scraped data to /home/runner/work/super-player-auction-scraper/super-player-auction-scraper/data/tournament_data_20251116-151224.json
2025-11-16 15:12:24,163 - root - INFO - Initializing Graph API
2025-11-16 15:12:24,164 - excel.graph_api - INFO - Extracted file ID: 9e836ed5-f58f-4dc7-a969-3c62b255f3ea
2025-11-16 15:12:24,164 - excel.graph_api - INFO - Extracted site ID: CorpDevaaf94619130d4a79af9f3aeae502bdb5
2025-11-16 15:12:24,164 - root - INFO - Authenticating with Microsoft Graph API
2025-11-16 15:12:24,679 - excel.graph_api - INFO - Authentication successful
2025-11-16 15:12:24,679 - root - INFO - Updating Excel sheet with scraped data
2025-11-16 15:12:25,060 - excel.graph_api - INFO - Retrieved drive ID: b!MXUqfmBgAkyqAi_g7J1PO_6yKSWnHbZCs3mpe4EkYuX6d8izcdJxRb78S6OW5SIB
2025-11-16 15:12:26,649 - excel.graph_api - INFO - Retrieved 766 rows from Excel
2025-11-16 15:12:27,824 - excel.graph_api - INFO - Updating range A768:M771 with 4 new entries
2025-11-16 15:12:29,197 - excel.graph_api - INFO - Successfully added 4 new tournaments to Excel
2025-11-16 15:12:29,198 - root - INFO - Excel sheet updated successfully
2025-11-16 15:12:29,271 - scraper.selenium_scraper - INFO - Chrome driver closed
2025-11-16 15:12:29,271 - root - INFO - Selenium driver closed
2025-11-16 15:12:29,271 - root - INFO - Script execution completed
