2026-03-29 10:25:48,618 - root - INFO - Logger initialized successfully
2026-03-29 10:25:48,618 - root - INFO - Log file: /home/runner/work/super-player-auction-scraper/super-player-auction-scraper/logs/scraper_20260329_102548.log
2026-03-29 10:25:48,618 - root - INFO - Starting Super Player Auction scraper
2026-03-29 10:25:48,618 - utils.config - INFO - Credentials loaded from environment variables
2026-03-29 10:25:48,619 - utils.config - INFO - Settings loaded successfully
2026-03-29 10:25:48,619 - root - INFO - Initializing Selenium scraper
2026-03-29 10:25:48,619 - scraper.selenium_scraper - INFO - Running in GitHub Actions environment
2026-03-29 10:25:50,361 - selenium.webdriver.common.selenium_manager - WARNING - The chromedriver version (146.0.7680.153) detected in PATH at /usr/bin/chromedriver might not be compatible with the detected chrome version (146.0.7680.153); currently, chromedriver 146.0.7680.165 is recommended for chrome 146.*, so it is advised to delete the driver in PATH and retry
2026-03-29 10:25:56,220 - scraper.selenium_scraper - INFO - Chrome driver initialized successfully
2026-03-29 10:25:56,221 - root - INFO - Scraping tournament data
2026-03-29 10:25:56,221 - scraper.selenium_scraper - INFO - Starting to scrape tournament data
2026-03-29 10:25:57,078 - scraper.selenium_scraper - INFO - Waiting for page to load...
2026-03-29 10:26:02,083 - scraper.selenium_scraper - INFO - Scrolling to load all auction cards...
2026-03-29 10:26:14,240 - scraper.selenium_scraper - INFO - Saved page screenshot to /home/runner/work/super-player-auction-scraper/super-player-auction-scraper/logs/screenshots/page_loaded_20260329102614.png
2026-03-29 10:26:14,240 - scraper.selenium_scraper - INFO - Looking for auction cards...
2026-03-29 10:26:14,294 - scraper.selenium_scraper - INFO - Found 20 auction cards
2026-03-29 10:26:15,100 - scraper.selenium_scraper - INFO - Scraped tournament 1: UNITY CUP Season 3 [2026-27]
2026-03-29 10:26:15,799 - scraper.selenium_scraper - INFO - Scraped tournament 2: Chhattisgarh Cricket Champions League T20
2026-03-29 10:26:16,493 - scraper.selenium_scraper - INFO - Scraped tournament 3: Banswara Premier league - 7
2026-03-29 10:26:17,189 - scraper.selenium_scraper - INFO - Scraped tournament 4: MOTA SAMADHIYALA PREMIER LEAGUE
2026-03-29 10:26:17,882 - scraper.selenium_scraper - INFO - Scraped tournament 5: Patidar Cricket League 2026
2026-03-29 10:26:18,579 - scraper.selenium_scraper - INFO - Scraped tournament 6: SIKAR PREMIER LEAGUE 2025
2026-03-29 10:26:19,276 - scraper.selenium_scraper - INFO - Scraped tournament 7: ROHAT PREMIER LEAGUE
2026-03-29 10:26:19,972 - scraper.selenium_scraper - INFO - Scraped tournament 8: SUPER FOOTBALL CHAMPIONSHIP
2026-03-29 10:26:20,669 - scraper.selenium_scraper - INFO - Scraped tournament 9: REPUBLIC CUP 2.0
2026-03-29 10:26:21,368 - scraper.selenium_scraper - INFO - Scraped tournament 10: Super Cricket League
2026-03-29 10:26:22,074 - scraper.selenium_scraper - INFO - Scraped tournament 11: BJP
2026-03-29 10:26:22,767 - scraper.selenium_scraper - INFO - Scraped tournament 12: SUPER CRICKRT LEAGUE - MAHIPAL
2026-03-29 10:26:23,461 - scraper.selenium_scraper - INFO - Scraped tournament 13: QIFF EASAKA MEMORIAL 7S FOOTBALL TOURNAMENT
2026-03-29 10:26:24,156 - scraper.selenium_scraper - INFO - Scraped tournament 14: Prajapati Premiere League
2026-03-29 10:26:24,853 - scraper.selenium_scraper - INFO - Scraped tournament 15: SAMEER BHAU KAMBLE CHASHAK 2026
2026-03-29 10:26:25,548 - scraper.selenium_scraper - INFO - Scraped tournament 16: Ozone Cricket Club
2026-03-29 10:26:26,243 - scraper.selenium_scraper - INFO - Scraped tournament 17: Chhura Champions League
2026-03-29 10:26:26,938 - scraper.selenium_scraper - INFO - Scraped tournament 18: Legend Cup T20
2026-03-29 10:26:27,642 - scraper.selenium_scraper - INFO - Scraped tournament 19: मेघवाल प्रीमियर लीग जयपुर आक्शन
2026-03-29 10:26:28,338 - scraper.selenium_scraper - INFO - Scraped tournament 20: VERINAG PREMIER LEAGUE
2026-03-29 10:26:28,338 - root - INFO - Successfully scraped 20 tournaments
2026-03-29 10:26:28,338 - root - INFO - Saved scraped data to /home/runner/work/super-player-auction-scraper/super-player-auction-scraper/data/tournament_data_20260329-102628.json
2026-03-29 10:26:28,338 - root - INFO - Initializing Graph API
2026-03-29 10:26:28,339 - excel.graph_api - INFO - Extracted file ID: 9e836ed5-f58f-4dc7-a969-3c62b255f3ea
2026-03-29 10:26:28,339 - excel.graph_api - INFO - Extracted site ID: CorpDevaaf94619130d4a79af9f3aeae502bdb5
2026-03-29 10:26:28,339 - root - INFO - Authenticating with Microsoft Graph API
2026-03-29 10:26:28,747 - excel.graph_api - INFO - Authentication successful
2026-03-29 10:26:28,748 - root - INFO - Updating Excel sheet with scraped data
2026-03-29 10:26:29,764 - excel.graph_api - INFO - Retrieved drive ID: b!MXUqfmBgAkyqAi_g7J1PO_6yKSWnHbZCs3mpe4EkYuX6d8izcdJxRb78S6OW5SIB
2026-03-29 10:26:31,019 - excel.graph_api - INFO - Retrieved 1402 rows from Excel
2026-03-29 10:26:31,985 - excel.graph_api - INFO - Updating range A1404:M1407 with 4 new entries
2026-03-29 10:26:56,697 - excel.graph_api - INFO - Successfully added 4 new tournaments to Excel
2026-03-29 10:26:56,699 - root - INFO - Excel sheet updated successfully
2026-03-29 10:26:56,785 - scraper.selenium_scraper - INFO - Chrome driver closed
2026-03-29 10:26:56,786 - root - INFO - Selenium driver closed
2026-03-29 10:26:56,786 - root - INFO - Script execution completed
