2026-01-05 10:18:37,591 - root - INFO - Logger initialized successfully
2026-01-05 10:18:37,591 - root - INFO - Log file: /home/runner/work/super-player-auction-scraper/super-player-auction-scraper/logs/scraper_20260105_101837.log
2026-01-05 10:18:37,591 - root - INFO - Starting Super Player Auction scraper
2026-01-05 10:18:37,591 - utils.config - INFO - Credentials loaded from environment variables
2026-01-05 10:18:37,591 - utils.config - INFO - Settings loaded successfully
2026-01-05 10:18:37,591 - root - INFO - Initializing Selenium scraper
2026-01-05 10:18:37,592 - scraper.selenium_scraper - INFO - Running in GitHub Actions environment
2026-01-05 10:18:39,311 - selenium.webdriver.common.selenium_manager - WARNING - The chromedriver version (143.0.7499.42) detected in PATH at /usr/bin/chromedriver might not be compatible with the detected chrome version (143.0.7499.109); currently, chromedriver 143.0.7499.169 is recommended for chrome 143.*, so it is advised to delete the driver in PATH and retry
2026-01-05 10:18:46,934 - scraper.selenium_scraper - INFO - Chrome driver initialized successfully
2026-01-05 10:18:46,934 - root - INFO - Scraping tournament data
2026-01-05 10:18:46,934 - scraper.selenium_scraper - INFO - Starting to scrape tournament data
2026-01-05 10:18:47,843 - scraper.selenium_scraper - INFO - Waiting for page to load...
2026-01-05 10:18:52,848 - scraper.selenium_scraper - INFO - Scrolling to load all auction cards...
2026-01-05 10:19:05,256 - scraper.selenium_scraper - INFO - Saved page screenshot to /home/runner/work/super-player-auction-scraper/super-player-auction-scraper/logs/screenshots/page_loaded_20260105101905.png
2026-01-05 10:19:05,256 - scraper.selenium_scraper - INFO - Looking for auction cards...
2026-01-05 10:19:05,321 - scraper.selenium_scraper - INFO - Found 20 auction cards
2026-01-05 10:19:06,051 - scraper.selenium_scraper - INFO - Scraped tournament 1: PARAKRAM 7.0
2026-01-05 10:19:06,901 - scraper.selenium_scraper - INFO - Scraped tournament 2: BHUSAWAL PREMIER LEAGUE SEASON-01
2026-01-05 10:19:07,630 - scraper.selenium_scraper - INFO - Scraped tournament 3: Ghatkopar Parivar Cup 2026
2026-01-05 10:19:08,341 - scraper.selenium_scraper - INFO - Scraped tournament 4: भंडारी प्रिमियर लीग २०२६ पर्व ३
2026-01-05 10:19:09,108 - scraper.selenium_scraper - INFO - Scraped tournament 5: Sindhi Premier League 6.0
2026-01-05 10:19:09,819 - scraper.selenium_scraper - INFO - Scraped tournament 6: KTPL Football Tournament Season 4
2026-01-05 10:19:10,519 - scraper.selenium_scraper - INFO - Scraped tournament 7: ABPL - Season 5 | 2026 | Auction
2026-01-05 10:19:11,226 - scraper.selenium_scraper - INFO - Scraped tournament 8: SIKAR PREMIER LEAGUE 2025
2026-01-05 10:19:11,924 - scraper.selenium_scraper - INFO - Scraped tournament 9: SUPER FOOTBALL CHAMPIONSHIP
2026-01-05 10:19:12,619 - scraper.selenium_scraper - INFO - Scraped tournament 10: SCL - 2
2026-01-05 10:19:13,328 - scraper.selenium_scraper - INFO - Scraped tournament 11: URULI KANCHAN NIGHT PREMIER LEAGUE 2026
2026-01-05 10:19:14,017 - scraper.selenium_scraper - INFO - Scraped tournament 12: Superstar's Premier League Season-1
2026-01-05 10:19:14,703 - scraper.selenium_scraper - INFO - Scraped tournament 13: Jhilwara Premier League
2026-01-05 10:19:15,393 - scraper.selenium_scraper - INFO - Scraped tournament 14: KCR CUP SILVER SEASON 01
2026-01-05 10:19:16,089 - scraper.selenium_scraper - INFO - Scraped tournament 15: Shabab Premier League S2
2026-01-05 10:19:16,777 - scraper.selenium_scraper - INFO - Scraped tournament 16: CS PREMIER LEAGUE Season 2
2026-01-05 10:19:17,486 - scraper.selenium_scraper - INFO - Scraped tournament 17: SCL WOMEN'S
2026-01-05 10:19:18,170 - scraper.selenium_scraper - INFO - Scraped tournament 18: ORCHID TURF LEAGUE SEASON 9
2026-01-05 10:19:18,857 - scraper.selenium_scraper - INFO - Scraped tournament 19: Gorakhpur T10 Champions league
2026-01-05 10:19:19,564 - scraper.selenium_scraper - INFO - Scraped tournament 20: SPL SEASON 4
2026-01-05 10:19:19,565 - root - INFO - Successfully scraped 20 tournaments
2026-01-05 10:19:19,565 - root - INFO - Saved scraped data to /home/runner/work/super-player-auction-scraper/super-player-auction-scraper/data/tournament_data_20260105-101919.json
2026-01-05 10:19:19,565 - root - INFO - Initializing Graph API
2026-01-05 10:19:19,566 - excel.graph_api - INFO - Extracted file ID: 9e836ed5-f58f-4dc7-a969-3c62b255f3ea
2026-01-05 10:19:19,566 - excel.graph_api - INFO - Extracted site ID: CorpDevaaf94619130d4a79af9f3aeae502bdb5
2026-01-05 10:19:19,566 - root - INFO - Authenticating with Microsoft Graph API
2026-01-05 10:19:19,881 - excel.graph_api - INFO - Authentication successful
2026-01-05 10:19:19,881 - root - INFO - Updating Excel sheet with scraped data
2026-01-05 10:19:20,650 - excel.graph_api - INFO - Retrieved drive ID: b!MXUqfmBgAkyqAi_g7J1PO_6yKSWnHbZCs3mpe4EkYuX6d8izcdJxRb78S6OW5SIB
2026-01-05 10:19:23,089 - excel.graph_api - INFO - Retrieved 1005 rows from Excel
2026-01-05 10:19:23,923 - excel.graph_api - INFO - Updating range A1007:M1008 with 2 new entries
2026-01-05 10:19:24,787 - excel.graph_api - INFO - Successfully added 2 new tournaments to Excel
2026-01-05 10:19:24,788 - root - INFO - Excel sheet updated successfully
2026-01-05 10:19:24,850 - scraper.selenium_scraper - INFO - Chrome driver closed
2026-01-05 10:19:24,850 - root - INFO - Selenium driver closed
2026-01-05 10:19:24,850 - root - INFO - Script execution completed
