2025-09-25 10:14:02,739 - root - INFO - Logger initialized successfully
2025-09-25 10:14:02,739 - root - INFO - Log file: /home/runner/work/super-player-auction-scraper/super-player-auction-scraper/logs/scraper_20250925_101402.log
2025-09-25 10:14:02,739 - root - INFO - Starting Super Player Auction scraper
2025-09-25 10:14:02,739 - utils.config - INFO - Credentials loaded from environment variables
2025-09-25 10:14:02,739 - utils.config - INFO - Settings loaded successfully
2025-09-25 10:14:02,739 - root - INFO - Initializing Selenium scraper
2025-09-25 10:14:02,739 - scraper.selenium_scraper - INFO - Running in GitHub Actions environment
2025-09-25 10:14:04,359 - selenium.webdriver.common.selenium_manager - WARNING - The chromedriver version (140.0.7339.185) detected in PATH at /usr/bin/chromedriver might not be compatible with the detected chrome version (140.0.7339.185); currently, chromedriver 140.0.7339.207 is recommended for chrome 140.*, so it is advised to delete the driver in PATH and retry
2025-09-25 10:14:12,777 - scraper.selenium_scraper - INFO - Chrome driver initialized successfully
2025-09-25 10:14:12,777 - root - INFO - Scraping tournament data
2025-09-25 10:14:12,777 - scraper.selenium_scraper - INFO - Starting to scrape tournament data
2025-09-25 10:14:16,840 - scraper.selenium_scraper - INFO - Waiting for page to load...
2025-09-25 10:14:21,843 - scraper.selenium_scraper - INFO - Scrolling to load all auction cards...
2025-09-25 10:14:33,956 - scraper.selenium_scraper - INFO - Saved page screenshot to /home/runner/work/super-player-auction-scraper/super-player-auction-scraper/logs/screenshots/page_loaded_20250925101433.png
2025-09-25 10:14:33,956 - scraper.selenium_scraper - INFO - Looking for auction cards...
2025-09-25 10:14:33,988 - scraper.selenium_scraper - INFO - Found 20 auction cards
2025-09-25 10:14:34,710 - scraper.selenium_scraper - INFO - Scraped tournament 1: SMN SMASHERS BELTHANGADY
2025-09-25 10:14:35,473 - scraper.selenium_scraper - INFO - Scraped tournament 2: UDYAWAR PREMIER LEAGUE
2025-09-25 10:14:36,156 - scraper.selenium_scraper - INFO - Scraped tournament 3: KCL-2 In memory of Lt. RAJU BHAI DHOLAKIA
2025-09-25 10:14:36,838 - scraper.selenium_scraper - INFO - Scraped tournament 4: Monsoon Box League Season 3
2025-09-25 10:14:37,519 - scraper.selenium_scraper - INFO - Scraped tournament 5: UPL CHAPTER 3.0 CRICKET TOURNAMENT
2025-09-25 10:14:38,202 - scraper.selenium_scraper - INFO - Scraped tournament 6: CENTRAL BIGBASH LEAGUE - SEASON 5
2025-09-25 10:14:38,885 - scraper.selenium_scraper - INFO - Scraped tournament 7: CHHATTISGARH LEAGUE OF LEGENDS
2025-09-25 10:14:39,567 - scraper.selenium_scraper - INFO - Scraped tournament 8: YPL Leather Champions Trophy Auction 2025
2025-09-25 10:14:40,246 - scraper.selenium_scraper - INFO - Scraped tournament 9: Elements Premier League (EPL)
2025-09-25 10:14:40,928 - scraper.selenium_scraper - INFO - Scraped tournament 10: JOI Premier League Auction Female
2025-09-25 10:14:41,615 - scraper.selenium_scraper - INFO - Scraped tournament 11: JOI Premier League Auction Male
2025-09-25 10:14:42,298 - scraper.selenium_scraper - INFO - Scraped tournament 12: CAMBRIDGE ALUMNI SPORTS MEET 2025
2025-09-25 10:14:42,979 - scraper.selenium_scraper - INFO - Scraped tournament 13: RANUJ GAM CRICKET LEAGUE
2025-09-25 10:14:43,661 - scraper.selenium_scraper - INFO - Scraped tournament 14: United Premier League (Father's)
2025-09-25 10:14:44,343 - scraper.selenium_scraper - INFO - Scraped tournament 15: United Premier League Womens
2025-09-25 10:14:45,023 - scraper.selenium_scraper - INFO - Scraped tournament 16: BHAGALPUR CRICKET LEAGUE
2025-09-25 10:14:45,709 - scraper.selenium_scraper - INFO - Scraped tournament 17: NPL Titan Cup
2025-09-25 10:14:46,389 - scraper.selenium_scraper - INFO - Scraped tournament 18: WCPL- 2 Player auction
2025-09-25 10:14:47,078 - scraper.selenium_scraper - INFO - Scraped tournament 19: JPL-1 (JETAWADA PREMIER LEAGUE-1)
2025-09-25 10:14:47,760 - scraper.selenium_scraper - INFO - Scraped tournament 20: ANCHOR PREMIER LEAGUE - MALE
2025-09-25 10:14:47,760 - root - INFO - Successfully scraped 20 tournaments
2025-09-25 10:14:47,761 - root - INFO - Saved scraped data to /home/runner/work/super-player-auction-scraper/super-player-auction-scraper/data/tournament_data_20250925-101447.json
2025-09-25 10:14:47,761 - root - INFO - Initializing Graph API
2025-09-25 10:14:47,761 - excel.graph_api - INFO - Extracted file ID: 9e836ed5-f58f-4dc7-a969-3c62b255f3ea
2025-09-25 10:14:47,761 - excel.graph_api - INFO - Extracted site ID: CorpDevaaf94619130d4a79af9f3aeae502bdb5
2025-09-25 10:14:47,761 - root - INFO - Authenticating with Microsoft Graph API
2025-09-25 10:14:47,918 - excel.graph_api - INFO - Authentication successful
2025-09-25 10:14:47,918 - root - INFO - Updating Excel sheet with scraped data
2025-09-25 10:14:48,498 - excel.graph_api - INFO - Retrieved drive ID: b!MXUqfmBgAkyqAi_g7J1PO_6yKSWnHbZCs3mpe4EkYuX6d8izcdJxRb78S6OW5SIB
2025-09-25 10:14:49,406 - excel.graph_api - INFO - Retrieved 551 rows from Excel
2025-09-25 10:14:50,008 - excel.graph_api - INFO - Updating range A553:M553 with 1 new entries
2025-09-25 10:14:50,871 - excel.graph_api - INFO - Successfully added 1 new tournaments to Excel
2025-09-25 10:14:50,872 - root - INFO - Excel sheet updated successfully
2025-09-25 10:14:50,939 - scraper.selenium_scraper - INFO - Chrome driver closed
2025-09-25 10:14:50,940 - root - INFO - Selenium driver closed
2025-09-25 10:14:50,940 - root - INFO - Script execution completed
