2025-08-08 10:16:03,746 - root - INFO - Logger initialized successfully
2025-08-08 10:16:03,746 - root - INFO - Log file: /home/runner/work/super-player-auction-scraper/super-player-auction-scraper/logs/scraper_20250808_101603.log
2025-08-08 10:16:03,746 - root - INFO - Starting Super Player Auction scraper
2025-08-08 10:16:03,746 - utils.config - INFO - Credentials loaded from environment variables
2025-08-08 10:16:03,746 - utils.config - INFO - Settings loaded successfully
2025-08-08 10:16:03,746 - root - INFO - Initializing Selenium scraper
2025-08-08 10:16:03,746 - scraper.selenium_scraper - INFO - Running in GitHub Actions environment
2025-08-08 10:16:04,978 - selenium.webdriver.common.selenium_manager - WARNING - The chromedriver version (138.0.7204.168) detected in PATH at /usr/bin/chromedriver might not be compatible with the detected chrome version (138.0.7204.168); currently, chromedriver 138.0.7204.183 is recommended for chrome 138.*, so it is advised to delete the driver in PATH and retry
2025-08-08 10:16:10,417 - scraper.selenium_scraper - INFO - Chrome driver initialized successfully
2025-08-08 10:16:10,417 - root - INFO - Scraping tournament data
2025-08-08 10:16:10,417 - scraper.selenium_scraper - INFO - Starting to scrape tournament data
2025-08-08 10:16:13,625 - scraper.selenium_scraper - INFO - Waiting for page to load...
2025-08-08 10:16:18,628 - scraper.selenium_scraper - INFO - Scrolling to load all auction cards...
2025-08-08 10:16:30,758 - scraper.selenium_scraper - INFO - Saved page screenshot to /home/runner/work/super-player-auction-scraper/super-player-auction-scraper/logs/screenshots/page_loaded_20250808101630.png
2025-08-08 10:16:30,758 - scraper.selenium_scraper - INFO - Looking for auction cards...
2025-08-08 10:16:30,812 - scraper.selenium_scraper - INFO - Found 20 auction cards
2025-08-08 10:16:31,539 - scraper.selenium_scraper - INFO - Scraped tournament 1: Professional Ground Cricket League Season 2
2025-08-08 10:16:32,234 - scraper.selenium_scraper - INFO - Scraped tournament 2: Tekri Premier League
2025-08-08 10:16:33,067 - scraper.selenium_scraper - INFO - Scraped tournament 3: JBCN CPL Season 4
2025-08-08 10:16:33,758 - scraper.selenium_scraper - INFO - Scraped tournament 4: CMA ALUMNI CRICKET LEAGUE-4
2025-08-08 10:16:34,451 - scraper.selenium_scraper - INFO - Scraped tournament 5: NPL Series 2
2025-08-08 10:16:35,146 - scraper.selenium_scraper - INFO - Scraped tournament 6: UNITY CUP Series Season 2 (2025-26)
2025-08-08 10:16:35,841 - scraper.selenium_scraper - INFO - Scraped tournament 7: ArjunDMUP
2025-08-08 10:16:36,541 - scraper.selenium_scraper - INFO - Scraped tournament 8: Canvas Warriors Cricket Carnival (CWCC),Season 1,2025
2025-08-08 10:16:37,249 - scraper.selenium_scraper - INFO - Scraped tournament 9: BPL SEASON 3
2025-08-08 10:16:37,940 - scraper.selenium_scraper - INFO - Scraped tournament 10: Bhatkal Pro Kabbadi League - DXB
2025-08-08 10:16:38,640 - scraper.selenium_scraper - INFO - Scraped tournament 11: BIG BASH LEAGUE
2025-08-08 10:16:39,335 - scraper.selenium_scraper - INFO - Scraped tournament 12: SANDALWOOD PREMIER LEAGUE
2025-08-08 10:16:40,044 - scraper.selenium_scraper - INFO - Scraped tournament 13: RAJANA CUP , RAJALDESAR 2025
2025-08-08 10:16:40,737 - scraper.selenium_scraper - INFO - Scraped tournament 14: LPL SEASON 4
2025-08-08 10:16:41,429 - scraper.selenium_scraper - INFO - Scraped tournament 15: SPORTS CORNER LEAGUE (SEASON-2)
2025-08-08 10:16:42,121 - scraper.selenium_scraper - INFO - Scraped tournament 16: Sikar Ka IPL 2025
2025-08-08 10:16:42,814 - scraper.selenium_scraper - INFO - Scraped tournament 17: Aanjana premier League Sardarpura (Rana)
2025-08-08 10:16:43,507 - scraper.selenium_scraper - INFO - Scraped tournament 18: Karnataka Rajatha Cup 2025
2025-08-08 10:16:44,205 - scraper.selenium_scraper - INFO - Scraped tournament 19: KASROD PREMIER LEAGUE FOOTBALL TOURNAMENT "2025" SEASON - 1
2025-08-08 10:16:44,893 - scraper.selenium_scraper - INFO - Scraped tournament 20: Petlurivaripalm Premier League Season -1
2025-08-08 10:16:44,893 - root - INFO - Successfully scraped 20 tournaments
2025-08-08 10:16:44,894 - root - INFO - Saved scraped data to /home/runner/work/super-player-auction-scraper/super-player-auction-scraper/data/tournament_data_20250808-101644.json
2025-08-08 10:16:44,894 - root - INFO - Initializing Graph API
2025-08-08 10:16:44,894 - excel.graph_api - INFO - Extracted file ID: 9e836ed5-f58f-4dc7-a969-3c62b255f3ea
2025-08-08 10:16:44,895 - excel.graph_api - INFO - Extracted site ID: CorpDevaaf94619130d4a79af9f3aeae502bdb5
2025-08-08 10:16:44,895 - root - INFO - Authenticating with Microsoft Graph API
2025-08-08 10:16:45,164 - excel.graph_api - INFO - Authentication successful
2025-08-08 10:16:45,164 - root - INFO - Updating Excel sheet with scraped data
2025-08-08 10:16:45,426 - excel.graph_api - INFO - Retrieved drive ID: b!MXUqfmBgAkyqAi_g7J1PO_6yKSWnHbZCs3mpe4EkYuX6d8izcdJxRb78S6OW5SIB
2025-08-08 10:16:46,440 - excel.graph_api - INFO - Retrieved 363 rows from Excel
2025-08-08 10:16:47,071 - excel.graph_api - INFO - No new tournaments to add
2025-08-08 10:16:47,072 - root - INFO - Excel sheet updated successfully
2025-08-08 10:16:47,140 - scraper.selenium_scraper - INFO - Chrome driver closed
2025-08-08 10:16:47,140 - root - INFO - Selenium driver closed
2025-08-08 10:16:47,140 - root - INFO - Script execution completed
