2025-10-05 15:10:51,828 - root - INFO - Logger initialized successfully
2025-10-05 15:10:51,828 - root - INFO - Log file: /home/runner/work/super-player-auction-scraper/super-player-auction-scraper/logs/scraper_20251005_151051.log
2025-10-05 15:10:51,828 - root - INFO - Starting Super Player Auction scraper
2025-10-05 15:10:51,828 - utils.config - INFO - Credentials loaded from environment variables
2025-10-05 15:10:51,828 - utils.config - INFO - Settings loaded successfully
2025-10-05 15:10:51,828 - root - INFO - Initializing Selenium scraper
2025-10-05 15:10:51,828 - scraper.selenium_scraper - INFO - Running in GitHub Actions environment
2025-10-05 15:11:04,993 - scraper.selenium_scraper - INFO - Chrome driver initialized successfully
2025-10-05 15:11:04,994 - root - INFO - Scraping tournament data
2025-10-05 15:11:04,994 - scraper.selenium_scraper - INFO - Starting to scrape tournament data
2025-10-05 15:11:06,042 - scraper.selenium_scraper - INFO - Waiting for page to load...
2025-10-05 15:11:11,048 - scraper.selenium_scraper - INFO - Scrolling to load all auction cards...
2025-10-05 15:11:23,170 - scraper.selenium_scraper - INFO - Saved page screenshot to /home/runner/work/super-player-auction-scraper/super-player-auction-scraper/logs/screenshots/page_loaded_20251005151123.png
2025-10-05 15:11:23,170 - scraper.selenium_scraper - INFO - Looking for auction cards...
2025-10-05 15:11:23,209 - scraper.selenium_scraper - INFO - Found 20 auction cards
2025-10-05 15:11:23,943 - scraper.selenium_scraper - INFO - Scraped tournament 1: BHAGALPUR CRICKET LEAGUE
2025-10-05 15:11:24,743 - scraper.selenium_scraper - INFO - Scraped tournament 2: United Premier League (Father's)
2025-10-05 15:11:25,434 - scraper.selenium_scraper - INFO - Scraped tournament 3: United Premier League Womens
2025-10-05 15:11:26,123 - scraper.selenium_scraper - INFO - Scraped tournament 4: FCCL SEASON 5 MALE
2025-10-05 15:11:26,811 - scraper.selenium_scraper - INFO - Scraped tournament 5: Pond Premier League - Whispering Palms Season 1
2025-10-05 15:11:27,503 - scraper.selenium_scraper - INFO - Scraped tournament 6: SmashIT v7 2025
2025-10-05 15:11:28,192 - scraper.selenium_scraper - INFO - Scraped tournament 7: KASRODIANS PREMIER LEAGUE SEASON -5
2025-10-05 15:11:28,877 - scraper.selenium_scraper - INFO - Scraped tournament 8: Dambab Premier League 2025
2025-10-05 15:11:29,563 - scraper.selenium_scraper - INFO - Scraped tournament 9: DOCTORS PREMIER LEAGUE 2025
2025-10-05 15:11:30,248 - scraper.selenium_scraper - INFO - Scraped tournament 10: TENNIS PREMIER LEAGUE
2025-10-05 15:11:30,944 - scraper.selenium_scraper - INFO - Scraped tournament 11: Bengals Winter 2025 Auction
2025-10-05 15:11:31,629 - scraper.selenium_scraper - INFO - Scraped tournament 12: FRIENDS CRICKET PREMIER LEAGUE SEASON-3
2025-10-05 15:11:32,315 - scraper.selenium_scraper - INFO - Scraped tournament 13: HALBITOLA PREMIER LEAGUE-3
2025-10-05 15:11:33,005 - scraper.selenium_scraper - INFO - Scraped tournament 14: Ador Premier League Season 6
2025-10-05 15:11:33,692 - scraper.selenium_scraper - INFO - Scraped tournament 15: VPL 2.0
2025-10-05 15:11:34,381 - scraper.selenium_scraper - INFO - Scraped tournament 16: PUSHKARNA PREMIER LEAGUE
2025-10-05 15:11:35,068 - scraper.selenium_scraper - INFO - Scraped tournament 17: FCCL SEASON 5 FEMALE
2025-10-05 15:11:35,755 - scraper.selenium_scraper - INFO - Scraped tournament 18: SIDDH SAMAJ CRICKET LEAUGE 2025
2025-10-05 15:11:36,448 - scraper.selenium_scraper - INFO - Scraped tournament 19: MVV DUSSEHRA CRICKET TOURNAMENT
2025-10-05 15:11:37,134 - scraper.selenium_scraper - INFO - Scraped tournament 20: YOUNG BOYS
2025-10-05 15:11:37,134 - root - INFO - Successfully scraped 20 tournaments
2025-10-05 15:11:37,134 - root - INFO - Saved scraped data to /home/runner/work/super-player-auction-scraper/super-player-auction-scraper/data/tournament_data_20251005-151137.json
2025-10-05 15:11:37,135 - root - INFO - Initializing Graph API
2025-10-05 15:11:37,135 - excel.graph_api - INFO - Extracted file ID: 9e836ed5-f58f-4dc7-a969-3c62b255f3ea
2025-10-05 15:11:37,135 - excel.graph_api - INFO - Extracted site ID: CorpDevaaf94619130d4a79af9f3aeae502bdb5
2025-10-05 15:11:37,135 - root - INFO - Authenticating with Microsoft Graph API
2025-10-05 15:11:37,456 - excel.graph_api - INFO - Authentication successful
2025-10-05 15:11:37,456 - root - INFO - Updating Excel sheet with scraped data
2025-10-05 15:11:38,184 - excel.graph_api - INFO - Retrieved drive ID: b!MXUqfmBgAkyqAi_g7J1PO_6yKSWnHbZCs3mpe4EkYuX6d8izcdJxRb78S6OW5SIB
2025-10-05 15:11:39,373 - excel.graph_api - INFO - Retrieved 590 rows from Excel
2025-10-05 15:11:40,113 - excel.graph_api - INFO - Updating range A592:M595 with 4 new entries
2025-10-05 15:11:41,940 - excel.graph_api - INFO - Successfully added 4 new tournaments to Excel
2025-10-05 15:11:41,941 - root - INFO - Excel sheet updated successfully
2025-10-05 15:11:42,009 - scraper.selenium_scraper - INFO - Chrome driver closed
2025-10-05 15:11:42,010 - root - INFO - Selenium driver closed
2025-10-05 15:11:42,010 - root - INFO - Script execution completed
