2026-01-27 15:23:43,783 - root - INFO - Logger initialized successfully
2026-01-27 15:23:43,783 - root - INFO - Log file: /home/runner/work/super-player-auction-scraper/super-player-auction-scraper/logs/scraper_20260127_152343.log
2026-01-27 15:23:43,783 - root - INFO - Starting Super Player Auction scraper
2026-01-27 15:23:43,783 - utils.config - INFO - Credentials loaded from environment variables
2026-01-27 15:23:43,783 - utils.config - INFO - Settings loaded successfully
2026-01-27 15:23:43,784 - root - INFO - Initializing Selenium scraper
2026-01-27 15:23:43,784 - scraper.selenium_scraper - INFO - Running in GitHub Actions environment
2026-01-27 15:23:44,519 - selenium.webdriver.common.selenium_manager - WARNING - The chromedriver version (144.0.7559.31) detected in PATH at /usr/bin/chromedriver might not be compatible with the detected chrome version (144.0.7559.59); currently, chromedriver 144.0.7559.96 is recommended for chrome 144.*, so it is advised to delete the driver in PATH and retry
2026-01-27 15:23:46,199 - scraper.selenium_scraper - INFO - Chrome driver initialized successfully
2026-01-27 15:23:46,200 - root - INFO - Scraping tournament data
2026-01-27 15:23:46,200 - scraper.selenium_scraper - INFO - Starting to scrape tournament data
2026-01-27 15:23:46,507 - scraper.selenium_scraper - INFO - Waiting for page to load...
2026-01-27 15:23:51,512 - scraper.selenium_scraper - INFO - Scrolling to load all auction cards...
2026-01-27 15:24:03,627 - scraper.selenium_scraper - INFO - Saved page screenshot to /home/runner/work/super-player-auction-scraper/super-player-auction-scraper/logs/screenshots/page_loaded_20260127152403.png
2026-01-27 15:24:03,627 - scraper.selenium_scraper - INFO - Looking for auction cards...
2026-01-27 15:24:03,645 - scraper.selenium_scraper - INFO - Found 20 auction cards
2026-01-27 15:24:04,375 - scraper.selenium_scraper - INFO - Scraped tournament 1: Karneshwar premiere leauge (KPL- 3) karnawad
2026-01-27 15:24:05,076 - scraper.selenium_scraper - INFO - Scraped tournament 2: TEEKLI Premier League
2026-01-27 15:24:05,767 - scraper.selenium_scraper - INFO - Scraped tournament 3: NASHIK PREMIER LEAGUE SEASON VIII
2026-01-27 15:24:06,459 - scraper.selenium_scraper - INFO - Scraped tournament 4: Lucknow Cricket League 2026
2026-01-27 15:24:07,154 - scraper.selenium_scraper - INFO - Scraped tournament 5: ABPL - Season 5 | 2026 | Auction
2026-01-27 15:24:07,854 - scraper.selenium_scraper - INFO - Scraped tournament 6: Calicut premier league Qatar
2026-01-27 15:24:08,545 - scraper.selenium_scraper - INFO - Scraped tournament 7: PGCL 2.O
2026-01-27 15:24:09,233 - scraper.selenium_scraper - INFO - Scraped tournament 8: SUBIC SRILANKAN PREMIER LEAGUE - SEASON 4 - 2026
2026-01-27 15:24:09,923 - scraper.selenium_scraper - INFO - Scraped tournament 9: MCPL 2026
2026-01-27 15:24:10,610 - scraper.selenium_scraper - INFO - Scraped tournament 10: SUPER FOOTBALL CHAMPIONSHIP
2026-01-27 15:24:11,308 - scraper.selenium_scraper - INFO - Scraped tournament 11: MORNING PREMIER LEAGUE SEASON 11
2026-01-27 15:24:11,996 - scraper.selenium_scraper - INFO - Scraped tournament 12: Simga Tennis Cricket League
2026-01-27 15:24:12,684 - scraper.selenium_scraper - INFO - Scraped tournament 13: Friends Cup
2026-01-27 15:24:13,373 - scraper.selenium_scraper - INFO - Scraped tournament 14: VBL 2026
2026-01-27 15:24:14,064 - scraper.selenium_scraper - INFO - Scraped tournament 15: TOYAGONDI SUPER LEAGUE
2026-01-27 15:24:14,757 - scraper.selenium_scraper - INFO - Scraped tournament 16: INSPIRE PREMIER LEAGUE - 2026
2026-01-27 15:24:15,448 - scraper.selenium_scraper - INFO - Scraped tournament 17: Area 7 Premier League Season 2
2026-01-27 15:24:16,143 - scraper.selenium_scraper - INFO - Scraped tournament 18: KNPL
2026-01-27 15:24:16,830 - scraper.selenium_scraper - INFO - Scraped tournament 19: RAMADAN PREMIER LEAGUE
2026-01-27 15:24:17,540 - scraper.selenium_scraper - INFO - Scraped tournament 20: Steelbird Cricket League T-21 Season 12 - 2026
2026-01-27 15:24:17,540 - root - INFO - Successfully scraped 20 tournaments
2026-01-27 15:24:17,541 - root - INFO - Saved scraped data to /home/runner/work/super-player-auction-scraper/super-player-auction-scraper/data/tournament_data_20260127-152417.json
2026-01-27 15:24:17,541 - root - INFO - Initializing Graph API
2026-01-27 15:24:17,542 - excel.graph_api - INFO - Extracted file ID: 9e836ed5-f58f-4dc7-a969-3c62b255f3ea
2026-01-27 15:24:17,542 - excel.graph_api - INFO - Extracted site ID: CorpDevaaf94619130d4a79af9f3aeae502bdb5
2026-01-27 15:24:17,542 - root - INFO - Authenticating with Microsoft Graph API
2026-01-27 15:24:17,750 - excel.graph_api - INFO - Authentication successful
2026-01-27 15:24:17,750 - root - INFO - Updating Excel sheet with scraped data
2026-01-27 15:24:18,571 - excel.graph_api - INFO - Retrieved drive ID: b!MXUqfmBgAkyqAi_g7J1PO_6yKSWnHbZCs3mpe4EkYuX6d8izcdJxRb78S6OW5SIB
2026-01-27 15:24:20,406 - excel.graph_api - INFO - Retrieved 1144 rows from Excel
2026-01-27 15:24:21,371 - excel.graph_api - INFO - Updating range A1146:M1146 with 1 new entries
2026-01-27 15:24:22,905 - excel.graph_api - INFO - Successfully added 1 new tournaments to Excel
2026-01-27 15:24:22,907 - root - INFO - Excel sheet updated successfully
2026-01-27 15:24:22,985 - scraper.selenium_scraper - INFO - Chrome driver closed
2026-01-27 15:24:22,985 - root - INFO - Selenium driver closed
2026-01-27 15:24:22,986 - root - INFO - Script execution completed
