2025-12-08 15:15:20,054 - root - INFO - Logger initialized successfully
2025-12-08 15:15:20,054 - root - INFO - Log file: /home/runner/work/super-player-auction-scraper/super-player-auction-scraper/logs/scraper_20251208_151520.log
2025-12-08 15:15:20,054 - root - INFO - Starting Super Player Auction scraper
2025-12-08 15:15:20,054 - utils.config - INFO - Credentials loaded from environment variables
2025-12-08 15:15:20,055 - utils.config - INFO - Settings loaded successfully
2025-12-08 15:15:20,055 - root - INFO - Initializing Selenium scraper
2025-12-08 15:15:20,055 - scraper.selenium_scraper - INFO - Running in GitHub Actions environment
2025-12-08 15:15:35,808 - scraper.selenium_scraper - INFO - Chrome driver initialized successfully
2025-12-08 15:15:35,808 - root - INFO - Scraping tournament data
2025-12-08 15:15:35,808 - scraper.selenium_scraper - INFO - Starting to scrape tournament data
2025-12-08 15:15:37,137 - scraper.selenium_scraper - INFO - Waiting for page to load...
2025-12-08 15:15:42,142 - scraper.selenium_scraper - INFO - Scrolling to load all auction cards...
2025-12-08 15:15:54,357 - scraper.selenium_scraper - INFO - Saved page screenshot to /home/runner/work/super-player-auction-scraper/super-player-auction-scraper/logs/screenshots/page_loaded_20251208151554.png
2025-12-08 15:15:54,357 - scraper.selenium_scraper - INFO - Looking for auction cards...
2025-12-08 15:15:54,422 - scraper.selenium_scraper - INFO - Found 20 auction cards
2025-12-08 15:15:55,142 - scraper.selenium_scraper - INFO - Scraped tournament 1: MONTE SOUTH PREMIER LEAGUE
2025-12-08 15:15:55,928 - scraper.selenium_scraper - INFO - Scraped tournament 2: Streamify Cup Open Category
2025-12-08 15:15:56,619 - scraper.selenium_scraper - INFO - Scraped tournament 3: CHAMPIONS LEAGUE FOOTBALL SEASON 4
2025-12-08 15:15:57,306 - scraper.selenium_scraper - INFO - Scraped tournament 4: MOBILE PREMIER LEAGUE - 4
2025-12-08 15:15:57,997 - scraper.selenium_scraper - INFO - Scraped tournament 5: ECPL 2026
2025-12-08 15:15:58,682 - scraper.selenium_scraper - INFO - Scraped tournament 6: JITO ATHLON -FOOTBALL
2025-12-08 15:15:59,369 - scraper.selenium_scraper - INFO - Scraped tournament 7: JITO ATHLON - FULL PITCH CRICKET
2025-12-08 15:16:00,055 - scraper.selenium_scraper - INFO - Scraped tournament 8: MIPL
2025-12-08 15:16:00,739 - scraper.selenium_scraper - INFO - Scraped tournament 9: IHCL MEN
2025-12-08 15:16:01,431 - scraper.selenium_scraper - INFO - Scraped tournament 10: IHCL WOMEN
2025-12-08 15:16:02,126 - scraper.selenium_scraper - INFO - Scraped tournament 11: SAPPHIRE PREMIER LEAGUE
2025-12-08 15:16:02,810 - scraper.selenium_scraper - INFO - Scraped tournament 12: MFCL Season 5
2025-12-08 15:16:03,494 - scraper.selenium_scraper - INFO - Scraped tournament 13: Panchal Premier League - 10 , Vadodara
2025-12-08 15:16:04,182 - scraper.selenium_scraper - INFO - Scraped tournament 14: Bandra Premier League Season 6
2025-12-08 15:16:04,867 - scraper.selenium_scraper - INFO - Scraped tournament 15: TNPL PREMIER LEAGUE SEASON 4
2025-12-08 15:16:05,554 - scraper.selenium_scraper - INFO - Scraped tournament 16: Sindhi Premier League 6.0
2025-12-08 15:16:06,240 - scraper.selenium_scraper - INFO - Scraped tournament 17: MULUMUDI PREMIER LEAGUE 2026 AUCTION
2025-12-08 15:16:06,933 - scraper.selenium_scraper - INFO - Scraped tournament 18: YELLAM PREMIER LEAGUE
2025-12-08 15:16:07,617 - scraper.selenium_scraper - INFO - Scraped tournament 19: Delta Football League
2025-12-08 15:16:08,301 - scraper.selenium_scraper - INFO - Scraped tournament 20: Amleshwar Big Bash Dhamaka
2025-12-08 15:16:08,302 - root - INFO - Successfully scraped 20 tournaments
2025-12-08 15:16:08,302 - root - INFO - Saved scraped data to /home/runner/work/super-player-auction-scraper/super-player-auction-scraper/data/tournament_data_20251208-151608.json
2025-12-08 15:16:08,302 - root - INFO - Initializing Graph API
2025-12-08 15:16:08,303 - excel.graph_api - INFO - Extracted file ID: 9e836ed5-f58f-4dc7-a969-3c62b255f3ea
2025-12-08 15:16:08,303 - excel.graph_api - INFO - Extracted site ID: CorpDevaaf94619130d4a79af9f3aeae502bdb5
2025-12-08 15:16:08,303 - root - INFO - Authenticating with Microsoft Graph API
2025-12-08 15:16:08,517 - excel.graph_api - INFO - Authentication successful
2025-12-08 15:16:08,517 - root - INFO - Updating Excel sheet with scraped data
2025-12-08 15:16:09,374 - excel.graph_api - INFO - Retrieved drive ID: b!MXUqfmBgAkyqAi_g7J1PO_6yKSWnHbZCs3mpe4EkYuX6d8izcdJxRb78S6OW5SIB
2025-12-08 15:16:10,817 - excel.graph_api - INFO - Retrieved 822 rows from Excel
2025-12-08 15:16:13,139 - excel.graph_api - INFO - Updating range A824:M826 with 3 new entries
2025-12-08 15:16:14,503 - excel.graph_api - INFO - Successfully added 3 new tournaments to Excel
2025-12-08 15:16:14,504 - root - INFO - Excel sheet updated successfully
2025-12-08 15:16:14,571 - scraper.selenium_scraper - INFO - Chrome driver closed
2025-12-08 15:16:14,571 - root - INFO - Selenium driver closed
2025-12-08 15:16:14,571 - root - INFO - Script execution completed
