2025-11-04 15:14:31,967 - root - INFO - Logger initialized successfully
2025-11-04 15:14:31,968 - root - INFO - Log file: /home/runner/work/super-player-auction-scraper/super-player-auction-scraper/logs/scraper_20251104_151431.log
2025-11-04 15:14:31,968 - root - INFO - Starting Super Player Auction scraper
2025-11-04 15:14:31,968 - utils.config - INFO - Credentials loaded from environment variables
2025-11-04 15:14:31,968 - utils.config - INFO - Settings loaded successfully
2025-11-04 15:14:31,968 - root - INFO - Initializing Selenium scraper
2025-11-04 15:14:31,968 - scraper.selenium_scraper - INFO - Running in GitHub Actions environment
2025-11-04 15:14:42,125 - scraper.selenium_scraper - INFO - Chrome driver initialized successfully
2025-11-04 15:14:42,125 - root - INFO - Scraping tournament data
2025-11-04 15:14:42,125 - scraper.selenium_scraper - INFO - Starting to scrape tournament data
2025-11-04 15:14:42,830 - scraper.selenium_scraper - INFO - Waiting for page to load...
2025-11-04 15:14:47,835 - scraper.selenium_scraper - INFO - Scrolling to load all auction cards...
2025-11-04 15:14:59,984 - scraper.selenium_scraper - INFO - Saved page screenshot to /home/runner/work/super-player-auction-scraper/super-player-auction-scraper/logs/screenshots/page_loaded_20251104151459.png
2025-11-04 15:14:59,984 - scraper.selenium_scraper - INFO - Looking for auction cards...
2025-11-04 15:15:00,023 - scraper.selenium_scraper - INFO - Found 20 auction cards
2025-11-04 15:15:00,839 - scraper.selenium_scraper - INFO - Scraped tournament 1: Vardhamanpura Premier League 14
2025-11-04 15:15:01,535 - scraper.selenium_scraper - INFO - Scraped tournament 2: SUR PREMIER LEAGUE SEASON - 3
2025-11-04 15:15:02,232 - scraper.selenium_scraper - INFO - Scraped tournament 3: SUPER 100
2025-11-04 15:15:02,925 - scraper.selenium_scraper - INFO - Scraped tournament 4: The Yellow Elephant Interiors SPL S2
2025-11-04 15:15:03,616 - scraper.selenium_scraper - INFO - Scraped tournament 5: KATEEL PREMIER LEAGUE 2025
2025-11-04 15:15:04,306 - scraper.selenium_scraper - INFO - Scraped tournament 6: FCC Champions League-8
2025-11-04 15:15:05,001 - scraper.selenium_scraper - INFO - Scraped tournament 7: नीमच क्रिकेट लीग 2025
2025-11-04 15:15:05,688 - scraper.selenium_scraper - INFO - Scraped tournament 8: ICCPL Men's Auction 2025
2025-11-04 15:15:06,374 - scraper.selenium_scraper - INFO - Scraped tournament 9: ICCPL Women's Auction 2025
2025-11-04 15:15:07,061 - scraper.selenium_scraper - INFO - Scraped tournament 10: Arjun DEMO
2025-11-04 15:15:07,750 - scraper.selenium_scraper - INFO - Scraped tournament 11: ABSA BUNTS CUP 4TH EDITION
2025-11-04 15:15:08,427 - scraper.selenium_scraper - INFO - Scraped tournament 12: BIKANER PREMIER LEAGUE 2025
2025-11-04 15:15:09,111 - scraper.selenium_scraper - INFO - Scraped tournament 13: SMASHERS PROFESSIONAL CUP
2025-11-04 15:15:09,797 - scraper.selenium_scraper - INFO - Scraped tournament 14: NAYTA PATEL TROPHY JETPURA
2025-11-04 15:15:10,484 - scraper.selenium_scraper - INFO - Scraped tournament 15: K P L SESSION 1
2025-11-04 15:15:11,182 - scraper.selenium_scraper - INFO - Scraped tournament 16: Jain Champions League
2025-11-04 15:15:11,862 - scraper.selenium_scraper - INFO - Scraped tournament 17: BHANDARI PREMIER LEAGUE 2026
2025-11-04 15:15:12,577 - scraper.selenium_scraper - INFO - Scraped tournament 18: VANJARI PREMIER LEAGUE 2025 "SEASON 4"
2025-11-04 15:15:13,274 - scraper.selenium_scraper - INFO - Scraped tournament 19: BARAMATI CUP 2025 SEASON - 03
2025-11-04 15:15:13,962 - scraper.selenium_scraper - INFO - Scraped tournament 20: NUTRAJ Premier League
2025-11-04 15:15:13,962 - root - INFO - Successfully scraped 20 tournaments
2025-11-04 15:15:13,963 - root - INFO - Saved scraped data to /home/runner/work/super-player-auction-scraper/super-player-auction-scraper/data/tournament_data_20251104-151513.json
2025-11-04 15:15:13,963 - root - INFO - Initializing Graph API
2025-11-04 15:15:13,963 - excel.graph_api - INFO - Extracted file ID: 9e836ed5-f58f-4dc7-a969-3c62b255f3ea
2025-11-04 15:15:13,963 - excel.graph_api - INFO - Extracted site ID: CorpDevaaf94619130d4a79af9f3aeae502bdb5
2025-11-04 15:15:13,963 - root - INFO - Authenticating with Microsoft Graph API
2025-11-04 15:15:14,332 - excel.graph_api - INFO - Authentication successful
2025-11-04 15:15:14,332 - root - INFO - Updating Excel sheet with scraped data
2025-11-04 15:15:15,229 - excel.graph_api - INFO - Retrieved drive ID: b!MXUqfmBgAkyqAi_g7J1PO_6yKSWnHbZCs3mpe4EkYuX6d8izcdJxRb78S6OW5SIB
2025-11-04 15:15:17,067 - excel.graph_api - INFO - Retrieved 706 rows from Excel
2025-11-04 15:15:18,305 - excel.graph_api - INFO - Updating range A708:M709 with 2 new entries
2025-11-04 15:15:19,594 - excel.graph_api - INFO - Successfully added 2 new tournaments to Excel
2025-11-04 15:15:19,596 - root - INFO - Excel sheet updated successfully
2025-11-04 15:15:19,657 - scraper.selenium_scraper - INFO - Chrome driver closed
2025-11-04 15:15:19,657 - root - INFO - Selenium driver closed
2025-11-04 15:15:19,657 - root - INFO - Script execution completed
