2026-04-13 11:11:52,004 - root - INFO - Logger initialized successfully
2026-04-13 11:11:52,004 - root - INFO - Log file: /home/runner/work/super-player-auction-scraper/super-player-auction-scraper/logs/scraper_20260413_111152.log
2026-04-13 11:11:52,004 - root - INFO - Starting Super Player Auction scraper
2026-04-13 11:11:52,004 - utils.config - INFO - Credentials loaded from environment variables
2026-04-13 11:11:52,004 - utils.config - INFO - Settings loaded successfully
2026-04-13 11:11:52,004 - root - INFO - Initializing Selenium scraper
2026-04-13 11:11:52,004 - scraper.selenium_scraper - INFO - Running in GitHub Actions environment
2026-04-13 11:11:58,676 - scraper.selenium_scraper - INFO - Chrome driver initialized successfully
2026-04-13 11:11:58,676 - root - INFO - Scraping tournament data
2026-04-13 11:11:58,676 - scraper.selenium_scraper - INFO - Starting to scrape tournament data
2026-04-13 11:11:59,301 - scraper.selenium_scraper - INFO - Waiting for page to load...
2026-04-13 11:12:04,306 - scraper.selenium_scraper - INFO - Scrolling to load all auction cards...
2026-04-13 11:12:16,448 - scraper.selenium_scraper - INFO - Saved page screenshot to /home/runner/work/super-player-auction-scraper/super-player-auction-scraper/logs/screenshots/page_loaded_20260413111216.png
2026-04-13 11:12:16,448 - scraper.selenium_scraper - INFO - Looking for auction cards...
2026-04-13 11:12:16,471 - scraper.selenium_scraper - INFO - Found 20 auction cards
2026-04-13 11:12:17,217 - scraper.selenium_scraper - INFO - Scraped tournament 1: Soni Premier League 3
2026-04-13 11:12:17,903 - scraper.selenium_scraper - INFO - Scraped tournament 2: MGPL CRICKET TOURNAMENT
2026-04-13 11:12:18,592 - scraper.selenium_scraper - INFO - Scraped tournament 3: Nashik Women's Premier League
2026-04-13 11:12:19,277 - scraper.selenium_scraper - INFO - Scraped tournament 4: J&C Memorial Cup 2026
2026-04-13 11:12:19,962 - scraper.selenium_scraper - INFO - Scraped tournament 5: AHILYANAGAR PREMIER LEAGUE U/16 (season 2)
2026-04-13 11:12:20,651 - scraper.selenium_scraper - INFO - Scraped tournament 6: WOMENS AHILYANAGAR PREMIER LEAGUE
2026-04-13 11:12:21,337 - scraper.selenium_scraper - INFO - Scraped tournament 7: CAPL - Season 2
2026-04-13 11:12:22,021 - scraper.selenium_scraper - INFO - Scraped tournament 8: Vagad Football League 2026
2026-04-13 11:12:22,717 - scraper.selenium_scraper - INFO - Scraped tournament 9: SmashIT v8, 2026
2026-04-13 11:12:23,401 - scraper.selenium_scraper - INFO - Scraped tournament 10: Chhattisgarh Cricket Champions League T20
2026-04-13 11:12:24,084 - scraper.selenium_scraper - INFO - Scraped tournament 11: ROHAT PREMIER LEAGUE
2026-04-13 11:12:24,775 - scraper.selenium_scraper - INFO - Scraped tournament 12: SUPER FOOTBALL CHAMPIONSHIP
2026-04-13 11:12:25,459 - scraper.selenium_scraper - INFO - Scraped tournament 13: Auction Demo Jodi
2026-04-13 11:12:26,142 - scraper.selenium_scraper - INFO - Scraped tournament 14: Super Cricket League
2026-04-13 11:12:26,830 - scraper.selenium_scraper - INFO - Scraped tournament 15: SIKAR PREMIER LEAGUE 2025
2026-04-13 11:12:27,514 - scraper.selenium_scraper - INFO - Scraped tournament 16: BJP
2026-04-13 11:12:28,208 - scraper.selenium_scraper - INFO - Scraped tournament 17: SUPER LEAGUE GROUP
2026-04-13 11:12:28,890 - scraper.selenium_scraper - INFO - Scraped tournament 18: SUPER CRICKET LEAGUE
2026-04-13 11:12:29,579 - scraper.selenium_scraper - INFO - Scraped tournament 19: SS CRICKET PREMIER LEAGUE - 1
2026-04-13 11:12:30,271 - scraper.selenium_scraper - INFO - Scraped tournament 20: Chemist Champion Trophy Season 3
2026-04-13 11:12:30,271 - root - INFO - Successfully scraped 20 tournaments
2026-04-13 11:12:30,272 - root - INFO - Saved scraped data to /home/runner/work/super-player-auction-scraper/super-player-auction-scraper/data/tournament_data_20260413-111230.json
2026-04-13 11:12:30,272 - root - INFO - Initializing Graph API
2026-04-13 11:12:30,272 - excel.graph_api - INFO - Extracted file ID: 9e836ed5-f58f-4dc7-a969-3c62b255f3ea
2026-04-13 11:12:30,272 - excel.graph_api - INFO - Extracted site ID: CorpDevaaf94619130d4a79af9f3aeae502bdb5
2026-04-13 11:12:30,272 - root - INFO - Authenticating with Microsoft Graph API
2026-04-13 11:12:30,447 - excel.graph_api - INFO - Authentication successful
2026-04-13 11:12:30,447 - root - INFO - Updating Excel sheet with scraped data
2026-04-13 11:12:30,966 - excel.graph_api - INFO - Retrieved drive ID: b!MXUqfmBgAkyqAi_g7J1PO_6yKSWnHbZCs3mpe4EkYuX6d8izcdJxRb78S6OW5SIB
2026-04-13 11:12:35,911 - excel.graph_api - INFO - Retrieved 1468 rows from Excel
2026-04-13 11:12:40,281 - excel.graph_api - INFO - Updating range A1470:P1472 with 3 new entries
2026-04-13 11:12:44,886 - excel.graph_api - INFO - Successfully added 3 new tournaments to Excel
2026-04-13 11:12:44,888 - root - INFO - Excel sheet updated successfully
2026-04-13 11:12:44,965 - scraper.selenium_scraper - INFO - Chrome driver closed
2026-04-13 11:12:44,965 - root - INFO - Selenium driver closed
2026-04-13 11:12:44,965 - root - INFO - Script execution completed
