2026-02-27 15:32:08,820 - root - INFO - Logger initialized successfully
2026-02-27 15:32:08,820 - root - INFO - Log file: /home/runner/work/super-player-auction-scraper/super-player-auction-scraper/logs/scraper_20260227_153208.log
2026-02-27 15:32:08,820 - root - INFO - Starting Super Player Auction scraper
2026-02-27 15:32:08,820 - utils.config - INFO - Credentials loaded from environment variables
2026-02-27 15:32:08,821 - utils.config - INFO - Settings loaded successfully
2026-02-27 15:32:08,821 - root - INFO - Initializing Selenium scraper
2026-02-27 15:32:08,821 - scraper.selenium_scraper - INFO - Running in GitHub Actions environment
2026-02-27 15:32:16,643 - scraper.selenium_scraper - INFO - Chrome driver initialized successfully
2026-02-27 15:32:16,643 - root - INFO - Scraping tournament data
2026-02-27 15:32:16,643 - scraper.selenium_scraper - INFO - Starting to scrape tournament data
2026-02-27 15:32:17,741 - scraper.selenium_scraper - INFO - Waiting for page to load...
2026-02-27 15:32:22,746 - scraper.selenium_scraper - INFO - Scrolling to load all auction cards...
2026-02-27 15:32:34,938 - scraper.selenium_scraper - INFO - Saved page screenshot to /home/runner/work/super-player-auction-scraper/super-player-auction-scraper/logs/screenshots/page_loaded_20260227153234.png
2026-02-27 15:32:34,938 - scraper.selenium_scraper - INFO - Looking for auction cards...
2026-02-27 15:32:34,987 - scraper.selenium_scraper - INFO - Found 20 auction cards
2026-02-27 15:32:35,710 - scraper.selenium_scraper - INFO - Scraped tournament 1: DVO TENNIS CRICKET LEAGUE 2026
2026-02-27 15:32:36,478 - scraper.selenium_scraper - INFO - Scraped tournament 2: Evoq Premier League - Season 3 - Male
2026-02-27 15:32:37,172 - scraper.selenium_scraper - INFO - Scraped tournament 3: Evoq Premier League - Season 3 - Female
2026-02-27 15:32:37,866 - scraper.selenium_scraper - INFO - Scraped tournament 4: RAJ RATTAN ANPL CRICKET TOURNAMENT 2026 SEASON 3
2026-02-27 15:32:38,556 - scraper.selenium_scraper - INFO - Scraped tournament 5: TEN X FOOTBALL LEAGUE
2026-02-27 15:32:39,249 - scraper.selenium_scraper - INFO - Scraped tournament 6: RELIANCE SPL 2026
2026-02-27 15:32:39,942 - scraper.selenium_scraper - INFO - Scraped tournament 7: MCPL 2026
2026-02-27 15:32:40,634 - scraper.selenium_scraper - INFO - Scraped tournament 8: KASROTTAR FOOTBALL
2026-02-27 15:32:41,330 - scraper.selenium_scraper - INFO - Scraped tournament 9: SIKAR PREMIER LEAGUE 2025
2026-02-27 15:32:42,020 - scraper.selenium_scraper - INFO - Scraped tournament 10: ROHAT PREMIER LEAGUE
2026-02-27 15:32:42,711 - scraper.selenium_scraper - INFO - Scraped tournament 11: SUPER FOOTBALL CHAMPIONSHIP
2026-02-27 15:32:43,400 - scraper.selenium_scraper - INFO - Scraped tournament 12: REPUBLIC CUP 2.0
2026-02-27 15:32:44,087 - scraper.selenium_scraper - INFO - Scraped tournament 13: NPL
2026-02-27 15:32:44,777 - scraper.selenium_scraper - INFO - Scraped tournament 14: BJP
2026-02-27 15:32:45,464 - scraper.selenium_scraper - INFO - Scraped tournament 15: SUPER CRICKRT LEAGUE - MAHIPAL
2026-02-27 15:32:46,161 - scraper.selenium_scraper - INFO - Scraped tournament 16: Player Draft Demo
2026-02-27 15:32:46,848 - scraper.selenium_scraper - INFO - Scraped tournament 17: Sanvordem VollyBall League 2026
2026-02-27 15:32:47,543 - scraper.selenium_scraper - INFO - Scraped tournament 18: new auction
2026-02-27 15:32:48,232 - scraper.selenium_scraper - INFO - Scraped tournament 19: OZONE TENNIS LEAGUE
2026-02-27 15:32:48,921 - scraper.selenium_scraper - INFO - Scraped tournament 20: MEWAD JAIN PREMIER LEAGUE
2026-02-27 15:32:48,921 - root - INFO - Successfully scraped 20 tournaments
2026-02-27 15:32:48,921 - root - INFO - Saved scraped data to /home/runner/work/super-player-auction-scraper/super-player-auction-scraper/data/tournament_data_20260227-153248.json
2026-02-27 15:32:48,921 - root - INFO - Initializing Graph API
2026-02-27 15:32:48,922 - excel.graph_api - INFO - Extracted file ID: 9e836ed5-f58f-4dc7-a969-3c62b255f3ea
2026-02-27 15:32:48,922 - excel.graph_api - INFO - Extracted site ID: CorpDevaaf94619130d4a79af9f3aeae502bdb5
2026-02-27 15:32:48,922 - root - INFO - Authenticating with Microsoft Graph API
2026-02-27 15:32:49,423 - excel.graph_api - INFO - Authentication successful
2026-02-27 15:32:49,423 - root - INFO - Updating Excel sheet with scraped data
2026-02-27 15:32:49,800 - excel.graph_api - INFO - Retrieved drive ID: b!MXUqfmBgAkyqAi_g7J1PO_6yKSWnHbZCs3mpe4EkYuX6d8izcdJxRb78S6OW5SIB
2026-02-27 15:32:52,148 - excel.graph_api - INFO - Retrieved 1277 rows from Excel
2026-02-27 15:32:53,317 - excel.graph_api - INFO - Updating range A1279:M1280 with 2 new entries
2026-02-27 15:32:54,933 - excel.graph_api - INFO - Successfully added 2 new tournaments to Excel
2026-02-27 15:32:54,934 - root - INFO - Excel sheet updated successfully
2026-02-27 15:32:55,012 - scraper.selenium_scraper - INFO - Chrome driver closed
2026-02-27 15:32:55,012 - root - INFO - Selenium driver closed
2026-02-27 15:32:55,012 - root - INFO - Script execution completed
