2026-01-19 10:21:32,481 - root - INFO - Logger initialized successfully
2026-01-19 10:21:32,482 - root - INFO - Log file: /home/runner/work/super-player-auction-scraper/super-player-auction-scraper/logs/scraper_20260119_102132.log
2026-01-19 10:21:32,482 - root - INFO - Starting Super Player Auction scraper
2026-01-19 10:21:32,482 - utils.config - INFO - Credentials loaded from environment variables
2026-01-19 10:21:32,482 - utils.config - INFO - Settings loaded successfully
2026-01-19 10:21:32,482 - root - INFO - Initializing Selenium scraper
2026-01-19 10:21:32,482 - scraper.selenium_scraper - INFO - Running in GitHub Actions environment
2026-01-19 10:21:43,670 - scraper.selenium_scraper - INFO - Chrome driver initialized successfully
2026-01-19 10:21:43,670 - root - INFO - Scraping tournament data
2026-01-19 10:21:43,670 - scraper.selenium_scraper - INFO - Starting to scrape tournament data
2026-01-19 10:21:44,676 - scraper.selenium_scraper - INFO - Waiting for page to load...
2026-01-19 10:21:49,682 - scraper.selenium_scraper - INFO - Scrolling to load all auction cards...
2026-01-19 10:22:01,838 - scraper.selenium_scraper - INFO - Saved page screenshot to /home/runner/work/super-player-auction-scraper/super-player-auction-scraper/logs/screenshots/page_loaded_20260119102201.png
2026-01-19 10:22:01,838 - scraper.selenium_scraper - INFO - Looking for auction cards...
2026-01-19 10:22:01,885 - scraper.selenium_scraper - INFO - Found 20 auction cards
2026-01-19 10:22:02,616 - scraper.selenium_scraper - INFO - Scraped tournament 1: ABPL - Season 5 | 2026 | Auction
2026-01-19 10:22:03,353 - scraper.selenium_scraper - INFO - Scraped tournament 2: SUBIC SRILANKAN PREMIER LEAGUE - SEASON 4 - 2026
2026-01-19 10:22:04,055 - scraper.selenium_scraper - INFO - Scraped tournament 3: MCPL 2026
2026-01-19 10:22:04,749 - scraper.selenium_scraper - INFO - Scraped tournament 4: SIKAR PREMIER LEAGUE 2025
2026-01-19 10:22:05,445 - scraper.selenium_scraper - INFO - Scraped tournament 5: SUPER FOOTBALL CHAMPIONSHIP
2026-01-19 10:22:06,143 - scraper.selenium_scraper - INFO - Scraped tournament 6: Sobha Premier League - 2026
2026-01-19 10:22:06,842 - scraper.selenium_scraper - INFO - Scraped tournament 7: MALI PREMIER LEAGUE - 15
2026-01-19 10:22:07,532 - scraper.selenium_scraper - INFO - Scraped tournament 8: Calicut Premier League
2026-01-19 10:22:08,231 - scraper.selenium_scraper - INFO - Scraped tournament 9: SPL SEASON 3
2026-01-19 10:22:08,929 - scraper.selenium_scraper - INFO - Scraped tournament 10: Shabab Premier League S2
2026-01-19 10:22:09,625 - scraper.selenium_scraper - INFO - Scraped tournament 11: Zoroastrian Volleyball Premier League
2026-01-19 10:22:10,325 - scraper.selenium_scraper - INFO - Scraped tournament 12: KNPL
2026-01-19 10:22:11,023 - scraper.selenium_scraper - INFO - Scraped tournament 13: मेघवाल समाज आक्शन प्रीमियर लीग खिवाड़ा
2026-01-19 10:22:11,713 - scraper.selenium_scraper - INFO - Scraped tournament 14: Simga Tennis Cricket League
2026-01-19 10:22:12,407 - scraper.selenium_scraper - INFO - Scraped tournament 15: Karneshwar premiere leauge (KPL- 3) karnawad
2026-01-19 10:22:13,106 - scraper.selenium_scraper - INFO - Scraped tournament 16: SHREE JASNATH JI CRICKET CUP-06
2026-01-19 10:22:13,798 - scraper.selenium_scraper - INFO - Scraped tournament 17: Sanguem Premier League - Season 8
2026-01-19 10:22:14,493 - scraper.selenium_scraper - INFO - Scraped tournament 18: Friends Cup
2026-01-19 10:22:15,184 - scraper.selenium_scraper - INFO - Scraped tournament 19: T-20 Cup Seniors
2026-01-19 10:22:15,884 - scraper.selenium_scraper - INFO - Scraped tournament 20: JAIN MORNING CRICKET CUP
2026-01-19 10:22:15,884 - root - INFO - Successfully scraped 20 tournaments
2026-01-19 10:22:15,885 - root - INFO - Saved scraped data to /home/runner/work/super-player-auction-scraper/super-player-auction-scraper/data/tournament_data_20260119-102215.json
2026-01-19 10:22:15,885 - root - INFO - Initializing Graph API
2026-01-19 10:22:15,885 - excel.graph_api - INFO - Extracted file ID: 9e836ed5-f58f-4dc7-a969-3c62b255f3ea
2026-01-19 10:22:15,885 - excel.graph_api - INFO - Extracted site ID: CorpDevaaf94619130d4a79af9f3aeae502bdb5
2026-01-19 10:22:15,885 - root - INFO - Authenticating with Microsoft Graph API
2026-01-19 10:22:16,245 - excel.graph_api - INFO - Authentication successful
2026-01-19 10:22:16,245 - root - INFO - Updating Excel sheet with scraped data
2026-01-19 10:22:16,496 - excel.graph_api - INFO - Retrieved drive ID: b!MXUqfmBgAkyqAi_g7J1PO_6yKSWnHbZCs3mpe4EkYuX6d8izcdJxRb78S6OW5SIB
2026-01-19 10:22:17,922 - excel.graph_api - INFO - Retrieved 1100 rows from Excel
2026-01-19 10:22:18,949 - excel.graph_api - INFO - Updating range A1102:M1105 with 4 new entries
2026-01-19 10:22:20,052 - excel.graph_api - INFO - Successfully added 4 new tournaments to Excel
2026-01-19 10:22:20,053 - root - INFO - Excel sheet updated successfully
2026-01-19 10:22:20,124 - scraper.selenium_scraper - INFO - Chrome driver closed
2026-01-19 10:22:20,125 - root - INFO - Selenium driver closed
2026-01-19 10:22:20,125 - root - INFO - Script execution completed
