2026-06-03 14:22:22,490 - root - INFO - Logger initialized successfully
2026-06-03 14:22:22,490 - root - INFO - Log file: /home/runner/work/super-player-auction-scraper/super-player-auction-scraper/logs/scraper_20260603_142222.log
2026-06-03 14:22:22,490 - root - INFO - Starting Super Player Auction scraper
2026-06-03 14:22:22,491 - utils.config - INFO - Credentials loaded from environment variables
2026-06-03 14:22:22,491 - utils.config - INFO - Settings loaded successfully
2026-06-03 14:22:22,491 - root - INFO - Initializing Selenium scraper
2026-06-03 14:22:22,491 - scraper.selenium_scraper - INFO - Running in GitHub Actions environment
2026-06-03 14:22:24,162 - scraper.selenium_scraper - INFO - Chrome driver initialized successfully
2026-06-03 14:22:24,162 - root - INFO - Scraping tournament data
2026-06-03 14:22:24,162 - scraper.selenium_scraper - INFO - Starting to scrape tournament data
2026-06-03 14:22:24,834 - scraper.selenium_scraper - INFO - Waiting for page to load...
2026-06-03 14:22:29,835 - scraper.selenium_scraper - INFO - Scrolling to load all auction cards...
2026-06-03 14:22:41,960 - scraper.selenium_scraper - INFO - Saved page screenshot to /home/runner/work/super-player-auction-scraper/super-player-auction-scraper/logs/screenshots/page_loaded_20260603142241.png
2026-06-03 14:22:41,960 - scraper.selenium_scraper - INFO - Looking for auction cards...
2026-06-03 14:22:41,980 - scraper.selenium_scraper - INFO - Found 20 auction cards
2026-06-03 14:22:42,713 - scraper.selenium_scraper - INFO - Scraped tournament 1: RBL - 4
2026-06-03 14:22:43,409 - scraper.selenium_scraper - INFO - Scraped tournament 2: UPL 2026
2026-06-03 14:22:44,112 - scraper.selenium_scraper - INFO - Scraped tournament 3: CBBL 6 AUCTION
2026-06-03 14:22:44,805 - scraper.selenium_scraper - INFO - Scraped tournament 4: Dream UTT Juniors Season 2
2026-06-03 14:22:45,497 - scraper.selenium_scraper - INFO - Scraped tournament 5: SUPER FOOTBALL CHAMPIONSHIP
2026-06-03 14:22:46,199 - scraper.selenium_scraper - INFO - Scraped tournament 6: REPUBLIC CUP 2.0
2026-06-03 14:22:46,891 - scraper.selenium_scraper - INFO - Scraped tournament 7: Auction Demo Jodi
2026-06-03 14:22:47,580 - scraper.selenium_scraper - INFO - Scraped tournament 8: Super Cricket League
2026-06-03 14:22:48,273 - scraper.selenium_scraper - INFO - Scraped tournament 9: SIKAR PREMIER LEAGUE 2025
2026-06-03 14:22:48,971 - scraper.selenium_scraper - INFO - Scraped tournament 10: BJP
2026-06-03 14:22:49,662 - scraper.selenium_scraper - INFO - Scraped tournament 11: SUPER LEAGUE GROUP
2026-06-03 14:22:50,350 - scraper.selenium_scraper - INFO - Scraped tournament 12: SUPER CRICKET LEAGUE
2026-06-03 14:22:51,045 - scraper.selenium_scraper - INFO - Scraped tournament 13: Dinks in the City
2026-06-03 14:22:51,738 - scraper.selenium_scraper - INFO - Scraped tournament 14: MALAPPURAM PREMIER LEAGUE S3 (RIYADH, KSA - 03 July 2026)
2026-06-03 14:22:52,431 - scraper.selenium_scraper - INFO - Scraped tournament 15: ENTREPRENEUR’S PREMIER LEAGUE 8.0 MEN
2026-06-03 14:22:53,125 - scraper.selenium_scraper - INFO - Scraped tournament 16: ENTREPRENEUR’S PREMIER LEAGUE 8.0 WOMEN
2026-06-03 14:22:53,815 - scraper.selenium_scraper - INFO - Scraped tournament 17: YESHWANT CLUB TENNIS PREMIER LEAGUE SEASON - 1.0
2026-06-03 14:22:54,519 - scraper.selenium_scraper - INFO - Scraped tournament 18: Sw Bheekh Singh Smrti RATIKALIN Kabddi PRATIYOGITA
2026-06-03 14:22:55,209 - scraper.selenium_scraper - INFO - Scraped tournament 19: CEYLON CRICKET LEAGUE
2026-06-03 14:22:55,899 - scraper.selenium_scraper - INFO - Scraped tournament 20: ELITETANK SPORTS PRESENT SHIRSAT SPORTS WOMEN PREMIER LEAGUE 2026
2026-06-03 14:22:55,899 - root - INFO - Successfully scraped 20 tournaments
2026-06-03 14:22:55,900 - root - INFO - Saved scraped data to /home/runner/work/super-player-auction-scraper/super-player-auction-scraper/data/tournament_data_20260603-142255.json
2026-06-03 14:22:55,900 - root - INFO - Initializing Graph API
2026-06-03 14:22:55,900 - excel.graph_api - INFO - Extracted file ID: 9e836ed5-f58f-4dc7-a969-3c62b255f3ea
2026-06-03 14:22:55,900 - excel.graph_api - INFO - Extracted site ID: CorpDevaaf94619130d4a79af9f3aeae502bdb5
2026-06-03 14:22:55,900 - root - INFO - Authenticating with Microsoft Graph API
2026-06-03 14:22:56,374 - excel.graph_api - INFO - Authentication successful
2026-06-03 14:22:56,374 - root - INFO - Updating Excel sheet with scraped data
2026-06-03 14:22:57,219 - excel.graph_api - INFO - Retrieved drive ID: b!MXUqfmBgAkyqAi_g7J1PO_6yKSWnHbZCs3mpe4EkYuX6d8izcdJxRb78S6OW5SIB
2026-06-03 14:23:00,542 - excel.graph_api - INFO - Retrieved 1662 rows from Excel
2026-06-03 14:23:02,496 - excel.graph_api - INFO - Updating range A1664:Y1665 with 2 new entries
2026-06-03 14:23:04,683 - excel.graph_api - INFO - Successfully added 2 new tournaments to Excel
2026-06-03 14:23:04,684 - root - INFO - Excel sheet updated successfully
2026-06-03 14:23:04,763 - scraper.selenium_scraper - INFO - Chrome driver closed
2026-06-03 14:23:04,763 - root - INFO - Selenium driver closed
2026-06-03 14:23:04,763 - root - INFO - Script execution completed
