2026-04-08 16:10:06,097 - root - INFO - Logger initialized successfully
2026-04-08 16:10:06,097 - root - INFO - Log file: /home/runner/work/super-player-auction-scraper/super-player-auction-scraper/logs/scraper_20260408_161006.log
2026-04-08 16:10:06,098 - root - INFO - Starting Super Player Auction scraper
2026-04-08 16:10:06,098 - utils.config - INFO - Credentials loaded from environment variables
2026-04-08 16:10:06,098 - utils.config - INFO - Settings loaded successfully
2026-04-08 16:10:06,098 - root - INFO - Initializing Selenium scraper
2026-04-08 16:10:06,098 - scraper.selenium_scraper - INFO - Running in GitHub Actions environment
2026-04-08 16:10:13,886 - scraper.selenium_scraper - INFO - Chrome driver initialized successfully
2026-04-08 16:10:13,886 - root - INFO - Scraping tournament data
2026-04-08 16:10:13,886 - scraper.selenium_scraper - INFO - Starting to scrape tournament data
2026-04-08 16:10:14,581 - scraper.selenium_scraper - INFO - Waiting for page to load...
2026-04-08 16:10:19,582 - scraper.selenium_scraper - INFO - Scrolling to load all auction cards...
2026-04-08 16:10:31,729 - scraper.selenium_scraper - INFO - Saved page screenshot to /home/runner/work/super-player-auction-scraper/super-player-auction-scraper/logs/screenshots/page_loaded_20260408161031.png
2026-04-08 16:10:31,729 - scraper.selenium_scraper - INFO - Looking for auction cards...
2026-04-08 16:10:31,756 - scraper.selenium_scraper - INFO - Found 20 auction cards
2026-04-08 16:10:32,545 - scraper.selenium_scraper - INFO - Scraped tournament 1: Malayalam Community Cricket League -2026
2026-04-08 16:10:33,247 - scraper.selenium_scraper - INFO - Scraped tournament 2: AHILYANAGAR PREMIER LEAGUE U/16 (season 2)
2026-04-08 16:10:33,947 - scraper.selenium_scraper - INFO - Scraped tournament 3: WOMENS AHILYANAGAR PREMIER LEAGUE
2026-04-08 16:10:34,644 - scraper.selenium_scraper - INFO - Scraped tournament 4: MGPL CRICKET TOURNAMENT
2026-04-08 16:10:35,356 - scraper.selenium_scraper - INFO - Scraped tournament 5: Vagad Football League 2026
2026-04-08 16:10:36,056 - scraper.selenium_scraper - INFO - Scraped tournament 6: SmashIT v8, 2026
2026-04-08 16:10:36,752 - scraper.selenium_scraper - INFO - Scraped tournament 7: Chhattisgarh Cricket Champions League T20
2026-04-08 16:10:37,448 - scraper.selenium_scraper - INFO - Scraped tournament 8: ROHAT PREMIER LEAGUE
2026-04-08 16:10:38,157 - scraper.selenium_scraper - INFO - Scraped tournament 9: SUPER FOOTBALL CHAMPIONSHIP
2026-04-08 16:10:38,853 - scraper.selenium_scraper - INFO - Scraped tournament 10: REPUBLIC CUP 2.0
2026-04-08 16:10:39,549 - scraper.selenium_scraper - INFO - Scraped tournament 11: Super Cricket League
2026-04-08 16:10:40,245 - scraper.selenium_scraper - INFO - Scraped tournament 12: SIKAR PREMIER LEAGUE 2025
2026-04-08 16:10:40,939 - scraper.selenium_scraper - INFO - Scraped tournament 13: BJP
2026-04-08 16:10:41,644 - scraper.selenium_scraper - INFO - Scraped tournament 14: SUPER CRICKET LEAGUE - MAHIPAL
2026-04-08 16:10:42,340 - scraper.selenium_scraper - INFO - Scraped tournament 15: मेघवाल प्रीमियर लीग जयपुर आक्शन
2026-04-08 16:10:43,035 - scraper.selenium_scraper - INFO - Scraped tournament 16: TELUGU YUVA SAMITI LEAGUE
2026-04-08 16:10:43,732 - scraper.selenium_scraper - INFO - Scraped tournament 17: PANTHERS CUP
2026-04-08 16:10:44,425 - scraper.selenium_scraper - INFO - Scraped tournament 18: Panchdevi Cricket Tournament Season 2
2026-04-08 16:10:45,145 - scraper.selenium_scraper - INFO - Scraped tournament 19: Woods Premier League-2026 - Mens
2026-04-08 16:10:45,856 - scraper.selenium_scraper - INFO - Scraped tournament 20: Woods Premier League-2026 - Womens
2026-04-08 16:10:45,856 - root - INFO - Successfully scraped 20 tournaments
2026-04-08 16:10:45,857 - root - INFO - Saved scraped data to /home/runner/work/super-player-auction-scraper/super-player-auction-scraper/data/tournament_data_20260408-161045.json
2026-04-08 16:10:45,857 - root - INFO - Initializing Graph API
2026-04-08 16:10:45,857 - excel.graph_api - INFO - Extracted file ID: 9e836ed5-f58f-4dc7-a969-3c62b255f3ea
2026-04-08 16:10:45,857 - excel.graph_api - INFO - Extracted site ID: CorpDevaaf94619130d4a79af9f3aeae502bdb5
2026-04-08 16:10:45,857 - root - INFO - Authenticating with Microsoft Graph API
2026-04-08 16:10:46,230 - excel.graph_api - INFO - Authentication successful
2026-04-08 16:10:46,230 - root - INFO - Updating Excel sheet with scraped data
2026-04-08 16:10:46,840 - excel.graph_api - INFO - Retrieved drive ID: b!MXUqfmBgAkyqAi_g7J1PO_6yKSWnHbZCs3mpe4EkYuX6d8izcdJxRb78S6OW5SIB
2026-04-08 16:10:53,813 - excel.graph_api - INFO - Retrieved 1452 rows from Excel
2026-04-08 16:10:58,583 - excel.graph_api - INFO - Updating range A1454:P1454 with 1 new entries
2026-04-08 16:11:06,193 - excel.graph_api - INFO - Successfully added 1 new tournaments to Excel
2026-04-08 16:11:06,195 - root - INFO - Excel sheet updated successfully
2026-04-08 16:11:06,272 - scraper.selenium_scraper - INFO - Chrome driver closed
2026-04-08 16:11:06,272 - root - INFO - Selenium driver closed
2026-04-08 16:11:06,272 - root - INFO - Script execution completed
