2026-01-30 15:26:24,759 - root - INFO - Logger initialized successfully
2026-01-30 15:26:24,759 - root - INFO - Log file: /home/runner/work/super-player-auction-scraper/super-player-auction-scraper/logs/scraper_20260130_152624.log
2026-01-30 15:26:24,759 - root - INFO - Starting Super Player Auction scraper
2026-01-30 15:26:24,759 - utils.config - INFO - Credentials loaded from environment variables
2026-01-30 15:26:24,759 - utils.config - INFO - Settings loaded successfully
2026-01-30 15:26:24,759 - root - INFO - Initializing Selenium scraper
2026-01-30 15:26:24,760 - scraper.selenium_scraper - INFO - Running in GitHub Actions environment
2026-01-30 15:26:26,225 - selenium.webdriver.common.selenium_manager - WARNING - The chromedriver version (144.0.7559.96) detected in PATH at /usr/bin/chromedriver might not be compatible with the detected chrome version (144.0.7559.96); currently, chromedriver 144.0.7559.109 is recommended for chrome 144.*, so it is advised to delete the driver in PATH and retry
2026-01-30 15:26:36,003 - scraper.selenium_scraper - INFO - Chrome driver initialized successfully
2026-01-30 15:26:36,003 - root - INFO - Scraping tournament data
2026-01-30 15:26:36,003 - scraper.selenium_scraper - INFO - Starting to scrape tournament data
2026-01-30 15:26:37,246 - scraper.selenium_scraper - INFO - Waiting for page to load...
2026-01-30 15:26:42,252 - scraper.selenium_scraper - INFO - Scrolling to load all auction cards...
2026-01-30 15:26:54,384 - scraper.selenium_scraper - INFO - Saved page screenshot to /home/runner/work/super-player-auction-scraper/super-player-auction-scraper/logs/screenshots/page_loaded_20260130152654.png
2026-01-30 15:26:54,384 - scraper.selenium_scraper - INFO - Looking for auction cards...
2026-01-30 15:26:54,423 - scraper.selenium_scraper - INFO - Found 20 auction cards
2026-01-30 15:26:55,147 - scraper.selenium_scraper - INFO - Scraped tournament 1: Steelbird Cricket League T-21 Season 12 - 2026
2026-01-30 15:26:55,918 - scraper.selenium_scraper - INFO - Scraped tournament 2: Lucknow Cricket League 2026
2026-01-30 15:26:56,607 - scraper.selenium_scraper - INFO - Scraped tournament 3: WORLD TOWERS PREMIER LEAGUE
2026-01-30 15:26:57,300 - scraper.selenium_scraper - INFO - Scraped tournament 4: ABPL - Season 5 | 2026 | Auction
2026-01-30 15:26:57,987 - scraper.selenium_scraper - INFO - Scraped tournament 5: SCG SEASON 4.0
2026-01-30 15:26:58,674 - scraper.selenium_scraper - INFO - Scraped tournament 6: APL
2026-01-30 15:26:59,367 - scraper.selenium_scraper - INFO - Scraped tournament 7: Calicut premier league Qatar
2026-01-30 15:27:00,055 - scraper.selenium_scraper - INFO - Scraped tournament 8: PGCL 2.O
2026-01-30 15:27:00,742 - scraper.selenium_scraper - INFO - Scraped tournament 9: SUBIC SRILANKAN PREMIER LEAGUE - SEASON 4 - 2026
2026-01-30 15:27:01,430 - scraper.selenium_scraper - INFO - Scraped tournament 10: MCPL 2026
2026-01-30 15:27:02,124 - scraper.selenium_scraper - INFO - Scraped tournament 11: SIKAR PREMIER LEAGUE 2025
2026-01-30 15:27:02,808 - scraper.selenium_scraper - INFO - Scraped tournament 12: SUPER FOOTBALL CHAMPIONSHIP
2026-01-30 15:27:03,492 - scraper.selenium_scraper - INFO - Scraped tournament 13: KNPL
2026-01-30 15:27:04,180 - scraper.selenium_scraper - INFO - Scraped tournament 14: RAMADAN PREMIER LEAGUE
2026-01-30 15:27:04,895 - scraper.selenium_scraper - INFO - Scraped tournament 15: NAOA season 7
2026-01-30 15:27:05,581 - scraper.selenium_scraper - INFO - Scraped tournament 16: SRPL
2026-01-30 15:27:06,266 - scraper.selenium_scraper - INFO - Scraped tournament 17: DOCTORS PREMIER LEAGUE - 4
2026-01-30 15:27:06,950 - scraper.selenium_scraper - INFO - Scraped tournament 18: KALERA PREMIER LEAGUE SEASON 1
2026-01-30 15:27:07,643 - scraper.selenium_scraper - INFO - Scraped tournament 19: FCC CUP SEASON 4
2026-01-30 15:27:08,328 - scraper.selenium_scraper - INFO - Scraped tournament 20: SINDHI PREMIER LEAGUE-5
2026-01-30 15:27:08,328 - root - INFO - Successfully scraped 20 tournaments
2026-01-30 15:27:08,328 - root - INFO - Saved scraped data to /home/runner/work/super-player-auction-scraper/super-player-auction-scraper/data/tournament_data_20260130-152708.json
2026-01-30 15:27:08,328 - root - INFO - Initializing Graph API
2026-01-30 15:27:08,329 - excel.graph_api - INFO - Extracted file ID: 9e836ed5-f58f-4dc7-a969-3c62b255f3ea
2026-01-30 15:27:08,329 - excel.graph_api - INFO - Extracted site ID: CorpDevaaf94619130d4a79af9f3aeae502bdb5
2026-01-30 15:27:08,329 - root - INFO - Authenticating with Microsoft Graph API
2026-01-30 15:27:08,798 - excel.graph_api - INFO - Authentication successful
2026-01-30 15:27:08,798 - root - INFO - Updating Excel sheet with scraped data
2026-01-30 15:27:09,231 - excel.graph_api - INFO - Retrieved drive ID: b!MXUqfmBgAkyqAi_g7J1PO_6yKSWnHbZCs3mpe4EkYuX6d8izcdJxRb78S6OW5SIB
2026-01-30 15:27:10,682 - excel.graph_api - INFO - Retrieved 1156 rows from Excel
2026-01-30 15:27:11,722 - excel.graph_api - INFO - Updating range A1158:M1159 with 2 new entries
2026-01-30 15:27:12,720 - excel.graph_api - INFO - Successfully added 2 new tournaments to Excel
2026-01-30 15:27:12,721 - root - INFO - Excel sheet updated successfully
2026-01-30 15:27:12,799 - scraper.selenium_scraper - INFO - Chrome driver closed
2026-01-30 15:27:12,799 - root - INFO - Selenium driver closed
2026-01-30 15:27:12,799 - root - INFO - Script execution completed
