2026-03-11 15:40:24,480 - root - INFO - Logger initialized successfully
2026-03-11 15:40:24,480 - root - INFO - Log file: /home/runner/work/super-player-auction-scraper/super-player-auction-scraper/logs/scraper_20260311_154024.log
2026-03-11 15:40:24,481 - root - INFO - Starting Super Player Auction scraper
2026-03-11 15:40:24,481 - utils.config - INFO - Credentials loaded from environment variables
2026-03-11 15:40:24,481 - utils.config - INFO - Settings loaded successfully
2026-03-11 15:40:24,481 - root - INFO - Initializing Selenium scraper
2026-03-11 15:40:24,481 - scraper.selenium_scraper - INFO - Running in GitHub Actions environment
2026-03-11 15:40:52,905 - scraper.selenium_scraper - INFO - Chrome driver initialized successfully
2026-03-11 15:40:52,905 - root - INFO - Scraping tournament data
2026-03-11 15:40:52,905 - scraper.selenium_scraper - INFO - Starting to scrape tournament data
2026-03-11 15:40:55,662 - scraper.selenium_scraper - INFO - Waiting for page to load...
2026-03-11 15:41:00,667 - scraper.selenium_scraper - INFO - Scrolling to load all auction cards...
2026-03-11 15:41:12,908 - scraper.selenium_scraper - INFO - Saved page screenshot to /home/runner/work/super-player-auction-scraper/super-player-auction-scraper/logs/screenshots/page_loaded_20260311154112.png
2026-03-11 15:41:12,908 - scraper.selenium_scraper - INFO - Looking for auction cards...
2026-03-11 15:41:12,955 - scraper.selenium_scraper - INFO - Found 20 auction cards
2026-03-11 15:41:13,823 - scraper.selenium_scraper - INFO - Scraped tournament 1: SPL-2
2026-03-11 15:41:14,662 - scraper.selenium_scraper - INFO - Scraped tournament 2: Butterfly TTSL Maharashtra 2026
2026-03-11 15:41:15,378 - scraper.selenium_scraper - INFO - Scraped tournament 3: RELIANCE SPL 2026
2026-03-11 15:41:16,104 - scraper.selenium_scraper - INFO - Scraped tournament 4: Exquisite Premier League- Men's
2026-03-11 15:41:16,821 - scraper.selenium_scraper - INFO - Scraped tournament 5: Exquisite Premier League- Seniors
2026-03-11 15:41:17,535 - scraper.selenium_scraper - INFO - Scraped tournament 6: Exquisite Premier League - Women's
2026-03-11 15:41:18,260 - scraper.selenium_scraper - INFO - Scraped tournament 7: DTC
2026-03-11 15:41:18,966 - scraper.selenium_scraper - INFO - Scraped tournament 8: Vardhamanpura Super League
2026-03-11 15:41:19,684 - scraper.selenium_scraper - INFO - Scraped tournament 9: MCPL 2026
2026-03-11 15:41:20,401 - scraper.selenium_scraper - INFO - Scraped tournament 10: BSA League - 1
2026-03-11 15:41:21,107 - scraper.selenium_scraper - INFO - Scraped tournament 11: UNITY CUP Season 3 [2026-27]
2026-03-11 15:41:21,825 - scraper.selenium_scraper - INFO - Scraped tournament 12: SIKAR PREMIER LEAGUE 2025
2026-03-11 15:41:22,541 - scraper.selenium_scraper - INFO - Scraped tournament 13: ROHAT PREMIER LEAGUE
2026-03-11 15:41:23,265 - scraper.selenium_scraper - INFO - Scraped tournament 14: SUPER FOOTBALL CHAMPIONSHIP
2026-03-11 15:41:24,006 - scraper.selenium_scraper - INFO - Scraped tournament 15: NPL
2026-03-11 15:41:24,748 - scraper.selenium_scraper - INFO - Scraped tournament 16: BJP
2026-03-11 15:41:25,466 - scraper.selenium_scraper - INFO - Scraped tournament 17: SUPER CRICKRT LEAGUE - MAHIPAL
2026-03-11 15:41:26,198 - scraper.selenium_scraper - INFO - Scraped tournament 18: KARAIKAL CHAMPIONS LEAGUE
2026-03-11 15:41:26,914 - scraper.selenium_scraper - INFO - Scraped tournament 19: DHANDAR PREMIER LEAGUE-3
2026-03-11 15:41:27,626 - scraper.selenium_scraper - INFO - Scraped tournament 20: THANE DISTRICT ADVOCATE PREMIER LEAGUE
2026-03-11 15:41:27,626 - root - INFO - Successfully scraped 20 tournaments
2026-03-11 15:41:27,627 - root - INFO - Saved scraped data to /home/runner/work/super-player-auction-scraper/super-player-auction-scraper/data/tournament_data_20260311-154127.json
2026-03-11 15:41:27,627 - root - INFO - Initializing Graph API
2026-03-11 15:41:27,627 - excel.graph_api - INFO - Extracted file ID: 9e836ed5-f58f-4dc7-a969-3c62b255f3ea
2026-03-11 15:41:27,627 - excel.graph_api - INFO - Extracted site ID: CorpDevaaf94619130d4a79af9f3aeae502bdb5
2026-03-11 15:41:27,627 - root - INFO - Authenticating with Microsoft Graph API
2026-03-11 15:41:28,010 - excel.graph_api - INFO - Authentication successful
2026-03-11 15:41:28,010 - root - INFO - Updating Excel sheet with scraped data
2026-03-11 15:41:28,277 - excel.graph_api - INFO - Retrieved drive ID: b!MXUqfmBgAkyqAi_g7J1PO_6yKSWnHbZCs3mpe4EkYuX6d8izcdJxRb78S6OW5SIB
2026-03-11 15:41:30,969 - excel.graph_api - INFO - Retrieved 1324 rows from Excel
2026-03-11 15:41:32,511 - excel.graph_api - INFO - Updating range A1326:M1329 with 4 new entries
2026-03-11 15:41:33,811 - excel.graph_api - INFO - Successfully added 4 new tournaments to Excel
2026-03-11 15:41:33,813 - root - INFO - Excel sheet updated successfully
2026-03-11 15:41:33,892 - scraper.selenium_scraper - INFO - Chrome driver closed
2026-03-11 15:41:33,892 - root - INFO - Selenium driver closed
2026-03-11 15:41:33,892 - root - INFO - Script execution completed
