2026-01-29 10:29:40,511 - root - INFO - Logger initialized successfully
2026-01-29 10:29:40,511 - root - INFO - Log file: /home/runner/work/super-player-auction-scraper/super-player-auction-scraper/logs/scraper_20260129_102940.log
2026-01-29 10:29:40,511 - root - INFO - Starting Super Player Auction scraper
2026-01-29 10:29:40,511 - utils.config - INFO - Credentials loaded from environment variables
2026-01-29 10:29:40,512 - utils.config - INFO - Settings loaded successfully
2026-01-29 10:29:40,512 - root - INFO - Initializing Selenium scraper
2026-01-29 10:29:40,512 - scraper.selenium_scraper - INFO - Running in GitHub Actions environment
2026-01-29 10:29:42,220 - selenium.webdriver.common.selenium_manager - WARNING - The chromedriver version (144.0.7559.96) detected in PATH at /usr/bin/chromedriver might not be compatible with the detected chrome version (144.0.7559.96); currently, chromedriver 144.0.7559.109 is recommended for chrome 144.*, so it is advised to delete the driver in PATH and retry
2026-01-29 10:29:53,532 - scraper.selenium_scraper - INFO - Chrome driver initialized successfully
2026-01-29 10:29:53,533 - root - INFO - Scraping tournament data
2026-01-29 10:29:53,533 - scraper.selenium_scraper - INFO - Starting to scrape tournament data
2026-01-29 10:29:54,555 - scraper.selenium_scraper - INFO - Waiting for page to load...
2026-01-29 10:29:59,560 - scraper.selenium_scraper - INFO - Scrolling to load all auction cards...
2026-01-29 10:30:11,744 - scraper.selenium_scraper - INFO - Saved page screenshot to /home/runner/work/super-player-auction-scraper/super-player-auction-scraper/logs/screenshots/page_loaded_20260129103011.png
2026-01-29 10:30:11,744 - scraper.selenium_scraper - INFO - Looking for auction cards...
2026-01-29 10:30:11,798 - scraper.selenium_scraper - INFO - Found 20 auction cards
2026-01-29 10:30:12,523 - scraper.selenium_scraper - INFO - Scraped tournament 1: RAJU MEMORIAL TROPHY - 2026 (SEASON - 4)
2026-01-29 10:30:13,321 - scraper.selenium_scraper - INFO - Scraped tournament 2: Area 7 Premier League Season 2
2026-01-29 10:30:14,013 - scraper.selenium_scraper - INFO - Scraped tournament 3: NASHIK PREMIER LEAGUE SEASON VIII
2026-01-29 10:30:14,706 - scraper.selenium_scraper - INFO - Scraped tournament 4: CHAMARDI PREMIER LEAGUE 2026
2026-01-29 10:30:15,401 - scraper.selenium_scraper - INFO - Scraped tournament 5: Lucknow Cricket League 2026
2026-01-29 10:30:16,099 - scraper.selenium_scraper - INFO - Scraped tournament 6: ABPL - Season 5 | 2026 | Auction
2026-01-29 10:30:16,793 - scraper.selenium_scraper - INFO - Scraped tournament 7: SCG SEASON 4.0
2026-01-29 10:30:17,486 - scraper.selenium_scraper - INFO - Scraped tournament 8: Calicut premier league Qatar
2026-01-29 10:30:18,241 - scraper.selenium_scraper - INFO - Scraped tournament 9: PGCL 2.O
2026-01-29 10:30:18,934 - scraper.selenium_scraper - INFO - Scraped tournament 10: SUBIC SRILANKAN PREMIER LEAGUE - SEASON 4 - 2026
2026-01-29 10:30:19,626 - scraper.selenium_scraper - INFO - Scraped tournament 11: MCPL 2026
2026-01-29 10:30:20,323 - scraper.selenium_scraper - INFO - Scraped tournament 12: SIKAR PREMIER LEAGUE 2025
2026-01-29 10:30:21,014 - scraper.selenium_scraper - INFO - Scraped tournament 13: SUPER FOOTBALL CHAMPIONSHIP
2026-01-29 10:30:21,711 - scraper.selenium_scraper - INFO - Scraped tournament 14: KNPL
2026-01-29 10:30:22,411 - scraper.selenium_scraper - INFO - Scraped tournament 15: RAMADAN PREMIER LEAGUE
2026-01-29 10:30:23,104 - scraper.selenium_scraper - INFO - Scraped tournament 16: Steelbird Cricket League T-21 Season 12 - 2026
2026-01-29 10:30:23,796 - scraper.selenium_scraper - INFO - Scraped tournament 17: SRPL
2026-01-29 10:30:24,484 - scraper.selenium_scraper - INFO - Scraped tournament 18: DOCTORS PREMIER LEAGUE - 4
2026-01-29 10:30:25,172 - scraper.selenium_scraper - INFO - Scraped tournament 19: Balasaheb Thorat Premier League
2026-01-29 10:30:25,902 - scraper.selenium_scraper - INFO - Scraped tournament 20: KALERA PREMIER LEAGUE SEASON 1
2026-01-29 10:30:25,902 - root - INFO - Successfully scraped 20 tournaments
2026-01-29 10:30:25,902 - root - INFO - Saved scraped data to /home/runner/work/super-player-auction-scraper/super-player-auction-scraper/data/tournament_data_20260129-103025.json
2026-01-29 10:30:25,902 - root - INFO - Initializing Graph API
2026-01-29 10:30:25,903 - excel.graph_api - INFO - Extracted file ID: 9e836ed5-f58f-4dc7-a969-3c62b255f3ea
2026-01-29 10:30:25,903 - excel.graph_api - INFO - Extracted site ID: CorpDevaaf94619130d4a79af9f3aeae502bdb5
2026-01-29 10:30:25,903 - root - INFO - Authenticating with Microsoft Graph API
2026-01-29 10:30:26,374 - excel.graph_api - INFO - Authentication successful
2026-01-29 10:30:26,374 - root - INFO - Updating Excel sheet with scraped data
2026-01-29 10:30:27,586 - excel.graph_api - INFO - Retrieved drive ID: b!MXUqfmBgAkyqAi_g7J1PO_6yKSWnHbZCs3mpe4EkYuX6d8izcdJxRb78S6OW5SIB
2026-01-29 10:30:29,633 - excel.graph_api - INFO - Retrieved 1147 rows from Excel
2026-01-29 10:30:31,017 - excel.graph_api - INFO - Updating range A1149:M1152 with 4 new entries
2026-01-29 10:30:33,133 - excel.graph_api - INFO - Successfully added 4 new tournaments to Excel
2026-01-29 10:30:33,135 - root - INFO - Excel sheet updated successfully
2026-01-29 10:30:33,212 - scraper.selenium_scraper - INFO - Chrome driver closed
2026-01-29 10:30:33,212 - root - INFO - Selenium driver closed
2026-01-29 10:30:33,212 - root - INFO - Script execution completed
