2025-05-25 10:39:31,013 - root - INFO - Logger initialized successfully
2025-05-25 10:39:31,013 - root - INFO - Log file: /home/runner/work/super-player-auction-scraper/super-player-auction-scraper/logs/scraper_20250525_103931.log
2025-05-25 10:39:31,013 - root - INFO - Starting Super Player Auction scraper
2025-05-25 10:39:31,013 - utils.config - INFO - Credentials loaded from environment variables
2025-05-25 10:39:31,013 - utils.config - INFO - Settings loaded successfully
2025-05-25 10:39:31,013 - root - INFO - Initializing Selenium scraper
2025-05-25 10:39:31,013 - scraper.selenium_scraper - INFO - Running in GitHub Actions environment
2025-05-25 10:39:31,209 - selenium.webdriver.common.selenium_manager - WARNING - The chromedriver version (136.0.7103.92) detected in PATH at /usr/bin/chromedriver might not be compatible with the detected chrome version (136.0.7103.92); currently, chromedriver 136.0.7103.113 is recommended for chrome 136.*, so it is advised to delete the driver in PATH and retry
2025-05-25 10:39:32,342 - scraper.selenium_scraper - INFO - Chrome driver initialized successfully
2025-05-25 10:39:32,343 - root - INFO - Scraping tournament data
2025-05-25 10:39:32,343 - scraper.selenium_scraper - INFO - Starting to scrape tournament data
2025-05-25 10:39:32,686 - scraper.selenium_scraper - INFO - Waiting for page to load...
2025-05-25 10:39:37,691 - scraper.selenium_scraper - INFO - Scrolling to load all auction cards...
2025-05-25 10:39:50,199 - scraper.selenium_scraper - INFO - Saved page screenshot to /home/runner/work/super-player-auction-scraper/super-player-auction-scraper/logs/screenshots/page_loaded_20250525103949.png
2025-05-25 10:39:50,199 - scraper.selenium_scraper - INFO - Looking for auction cards...
2025-05-25 10:39:50,218 - scraper.selenium_scraper - INFO - Found 20 auction cards
2025-05-25 10:39:50,933 - scraper.selenium_scraper - INFO - Scraped tournament 1: APL 2025
2025-05-25 10:39:51,626 - scraper.selenium_scraper - INFO - Scraped tournament 2: ArjunDMUP
2025-05-25 10:39:52,338 - scraper.selenium_scraper - INFO - Scraped tournament 3: MARC Malappuram Premier league S2
2025-05-25 10:39:53,022 - scraper.selenium_scraper - INFO - Scraped tournament 4: PALAKKAD CRICKET LEAGUE
2025-05-25 10:39:53,707 - scraper.selenium_scraper - INFO - Scraped tournament 5: RJ54 CRICKET LEAGUE SEASON 2
2025-05-25 10:39:54,391 - scraper.selenium_scraper - INFO - Scraped tournament 6: PKPPL Season 06
2025-05-25 10:39:55,079 - scraper.selenium_scraper - INFO - Scraped tournament 7: Amar Ujala Premier League
2025-05-25 10:39:55,775 - scraper.selenium_scraper - INFO - Scraped tournament 8: Kakina Super League-2025
2025-05-25 10:39:56,457 - scraper.selenium_scraper - INFO - Scraped tournament 9: FABLEAGUE PREMIER
2025-05-25 10:39:57,148 - scraper.selenium_scraper - INFO - Scraped tournament 10: Acharya premier league s1
2025-05-25 10:39:57,834 - scraper.selenium_scraper - INFO - Scraped tournament 11: dt test
2025-05-25 10:39:58,519 - scraper.selenium_scraper - INFO - Scraped tournament 12: THE CAPITAL PREMIER LEAGUE
2025-05-25 10:39:59,201 - scraper.selenium_scraper - INFO - Scraped tournament 13: PPL SEASON 1
2025-05-25 10:39:59,885 - scraper.selenium_scraper - INFO - Scraped tournament 14: Sanganer Auction
2025-05-25 10:40:00,572 - scraper.selenium_scraper - INFO - Scraped tournament 15: Sports Hub Football League
2025-05-25 10:40:01,268 - scraper.selenium_scraper - INFO - Scraped tournament 16: Parisara Premi Premiere League
2025-05-25 10:40:01,952 - scraper.selenium_scraper - INFO - Scraped tournament 17: simhagharjane cup ಸಿಂಹಘರ್ಜನೆ ಕಪ್
2025-05-25 10:40:02,636 - scraper.selenium_scraper - INFO - Scraped tournament 18: Prestige Premier League - Season 5
2025-05-25 10:40:03,322 - scraper.selenium_scraper - INFO - Scraped tournament 19: Kabaddi
2025-05-25 10:40:04,005 - scraper.selenium_scraper - INFO - Scraped tournament 20: Hpl
2025-05-25 10:40:04,005 - root - INFO - Successfully scraped 20 tournaments
2025-05-25 10:40:04,005 - root - INFO - Saved scraped data to /home/runner/work/super-player-auction-scraper/super-player-auction-scraper/data/tournament_data_20250525-104004.json
2025-05-25 10:40:04,005 - root - INFO - Initializing Graph API
2025-05-25 10:40:04,006 - excel.graph_api - INFO - Extracted file ID: 9e836ed5-f58f-4dc7-a969-3c62b255f3ea
2025-05-25 10:40:04,006 - excel.graph_api - INFO - Extracted site ID: CorpDevaaf94619130d4a79af9f3aeae502bdb5
2025-05-25 10:40:04,006 - root - INFO - Authenticating with Microsoft Graph API
2025-05-25 10:40:04,406 - excel.graph_api - INFO - Authentication successful
2025-05-25 10:40:04,406 - root - INFO - Updating Excel sheet with scraped data
2025-05-25 10:40:05,245 - excel.graph_api - INFO - Retrieved drive ID: b!MXUqfmBgAkyqAi_g7J1PO_6yKSWnHbZCs3mpe4EkYuX6d8izcdJxRb78S6OW5SIB
2025-05-25 10:40:06,367 - excel.graph_api - INFO - Retrieved 185 rows from Excel
2025-05-25 10:40:07,025 - excel.graph_api - INFO - Updating range A187:M193 with 7 new entries
2025-05-25 10:40:07,969 - excel.graph_api - INFO - Successfully added 7 new tournaments to Excel
2025-05-25 10:40:07,970 - root - INFO - Excel sheet updated successfully
2025-05-25 10:40:08,038 - scraper.selenium_scraper - INFO - Chrome driver closed
2025-05-25 10:40:08,038 - root - INFO - Selenium driver closed
2025-05-25 10:40:08,038 - root - INFO - Script execution completed
