2026-01-25 10:15:45,092 - root - INFO - Logger initialized successfully
2026-01-25 10:15:45,092 - root - INFO - Log file: /home/runner/work/super-player-auction-scraper/super-player-auction-scraper/logs/scraper_20260125_101545.log
2026-01-25 10:15:45,092 - root - INFO - Starting Super Player Auction scraper
2026-01-25 10:15:45,092 - utils.config - INFO - Credentials loaded from environment variables
2026-01-25 10:15:45,093 - utils.config - INFO - Settings loaded successfully
2026-01-25 10:15:45,093 - root - INFO - Initializing Selenium scraper
2026-01-25 10:15:45,093 - scraper.selenium_scraper - INFO - Running in GitHub Actions environment
2026-01-25 10:15:46,580 - selenium.webdriver.common.selenium_manager - WARNING - The chromedriver version (144.0.7559.31) detected in PATH at /usr/bin/chromedriver might not be compatible with the detected chrome version (144.0.7559.59); currently, chromedriver 144.0.7559.96 is recommended for chrome 144.*, so it is advised to delete the driver in PATH and retry
2026-01-25 10:15:52,957 - scraper.selenium_scraper - INFO - Chrome driver initialized successfully
2026-01-25 10:15:52,957 - root - INFO - Scraping tournament data
2026-01-25 10:15:52,957 - scraper.selenium_scraper - INFO - Starting to scrape tournament data
2026-01-25 10:15:54,012 - scraper.selenium_scraper - INFO - Waiting for page to load...
2026-01-25 10:15:59,016 - scraper.selenium_scraper - INFO - Scrolling to load all auction cards...
2026-01-25 10:16:11,137 - scraper.selenium_scraper - INFO - Saved page screenshot to /home/runner/work/super-player-auction-scraper/super-player-auction-scraper/logs/screenshots/page_loaded_20260125101611.png
2026-01-25 10:16:11,138 - scraper.selenium_scraper - INFO - Looking for auction cards...
2026-01-25 10:16:11,159 - scraper.selenium_scraper - INFO - Found 20 auction cards
2026-01-25 10:16:11,882 - scraper.selenium_scraper - INFO - Scraped tournament 1: Physio Cricket League 2026
2026-01-25 10:16:12,609 - scraper.selenium_scraper - INFO - Scraped tournament 2: NASHIK PREMIER LEAGUE SEASON VIII
2026-01-25 10:16:13,302 - scraper.selenium_scraper - INFO - Scraped tournament 3: Lucknow Cricket League 2026
2026-01-25 10:16:13,998 - scraper.selenium_scraper - INFO - Scraped tournament 4: ABPL - Season 5 | 2026 | Auction
2026-01-25 10:16:14,688 - scraper.selenium_scraper - INFO - Scraped tournament 5: Calicut premier league Qatar
2026-01-25 10:16:15,378 - scraper.selenium_scraper - INFO - Scraped tournament 6: SUBIC SRILANKAN PREMIER LEAGUE - SEASON 4 - 2026
2026-01-25 10:16:16,080 - scraper.selenium_scraper - INFO - Scraped tournament 7: MCPL 2026
2026-01-25 10:16:16,768 - scraper.selenium_scraper - INFO - Scraped tournament 8: SUPER FOOTBALL CHAMPIONSHIP
2026-01-25 10:16:17,456 - scraper.selenium_scraper - INFO - Scraped tournament 9: BHANDARI PREMIER LEAGUE 2026
2026-01-25 10:16:18,146 - scraper.selenium_scraper - INFO - Scraped tournament 10: T-20 Cup Seniors
2026-01-25 10:16:18,843 - scraper.selenium_scraper - INFO - Scraped tournament 11: NOIDA PREMIER LEAGUE
2026-01-25 10:16:19,530 - scraper.selenium_scraper - INFO - Scraped tournament 12: JAIN MORNING CRICKET CUP
2026-01-25 10:16:20,218 - scraper.selenium_scraper - INFO - Scraped tournament 13: GYM CRICKET LEAGUE
2026-01-25 10:16:20,908 - scraper.selenium_scraper - INFO - Scraped tournament 14: MAHINDRA EMINENTE PREMIER LEAGUE
2026-01-25 10:16:21,597 - scraper.selenium_scraper - INFO - Scraped tournament 15: WBGMDA CRICKET LEAGUE
2026-01-25 10:16:22,291 - scraper.selenium_scraper - INFO - Scraped tournament 16: Karneshwar premiere leauge (KPL- 3) karnawad
2026-01-25 10:16:22,981 - scraper.selenium_scraper - INFO - Scraped tournament 17: MORNING PREMIER LEAGUE SEASON 11
2026-01-25 10:16:23,671 - scraper.selenium_scraper - INFO - Scraped tournament 18: Simga Tennis Cricket League
2026-01-25 10:16:24,366 - scraper.selenium_scraper - INFO - Scraped tournament 19: Friends Cup
2026-01-25 10:16:25,056 - scraper.selenium_scraper - INFO - Scraped tournament 20: VBL 2026
2026-01-25 10:16:25,056 - root - INFO - Successfully scraped 20 tournaments
2026-01-25 10:16:25,056 - root - INFO - Saved scraped data to /home/runner/work/super-player-auction-scraper/super-player-auction-scraper/data/tournament_data_20260125-101625.json
2026-01-25 10:16:25,056 - root - INFO - Initializing Graph API
2026-01-25 10:16:25,057 - excel.graph_api - INFO - Extracted file ID: 9e836ed5-f58f-4dc7-a969-3c62b255f3ea
2026-01-25 10:16:25,057 - excel.graph_api - INFO - Extracted site ID: CorpDevaaf94619130d4a79af9f3aeae502bdb5
2026-01-25 10:16:25,057 - root - INFO - Authenticating with Microsoft Graph API
2026-01-25 10:16:25,644 - excel.graph_api - INFO - Authentication successful
2026-01-25 10:16:25,644 - root - INFO - Updating Excel sheet with scraped data
2026-01-25 10:16:26,001 - excel.graph_api - INFO - Retrieved drive ID: b!MXUqfmBgAkyqAi_g7J1PO_6yKSWnHbZCs3mpe4EkYuX6d8izcdJxRb78S6OW5SIB
2026-01-25 10:16:27,256 - excel.graph_api - INFO - Retrieved 1129 rows from Excel
2026-01-25 10:16:28,173 - excel.graph_api - INFO - Updating range A1131:M1135 with 5 new entries
2026-01-25 10:16:29,121 - excel.graph_api - INFO - Successfully added 5 new tournaments to Excel
2026-01-25 10:16:29,122 - root - INFO - Excel sheet updated successfully
2026-01-25 10:16:29,200 - scraper.selenium_scraper - INFO - Chrome driver closed
2026-01-25 10:16:29,200 - root - INFO - Selenium driver closed
2026-01-25 10:16:29,200 - root - INFO - Script execution completed
