2025-07-27 10:14:31,326 - root - INFO - Logger initialized successfully
2025-07-27 10:14:31,326 - root - INFO - Log file: /home/runner/work/super-player-auction-scraper/super-player-auction-scraper/logs/scraper_20250727_101431.log
2025-07-27 10:14:31,326 - root - INFO - Starting Super Player Auction scraper
2025-07-27 10:14:31,326 - utils.config - INFO - Credentials loaded from environment variables
2025-07-27 10:14:31,326 - utils.config - INFO - Settings loaded successfully
2025-07-27 10:14:31,326 - root - INFO - Initializing Selenium scraper
2025-07-27 10:14:31,326 - scraper.selenium_scraper - INFO - Running in GitHub Actions environment
2025-07-27 10:14:34,847 - selenium.webdriver.common.selenium_manager - WARNING - The chromedriver version (138.0.7204.157) detected in PATH at /usr/bin/chromedriver might not be compatible with the detected chrome version (138.0.7204.157); currently, chromedriver 138.0.7204.168 is recommended for chrome 138.*, so it is advised to delete the driver in PATH and retry
2025-07-27 10:14:53,446 - scraper.selenium_scraper - INFO - Chrome driver initialized successfully
2025-07-27 10:14:53,446 - root - INFO - Scraping tournament data
2025-07-27 10:14:53,446 - scraper.selenium_scraper - INFO - Starting to scrape tournament data
2025-07-27 10:14:55,228 - scraper.selenium_scraper - INFO - Waiting for page to load...
2025-07-27 10:15:00,233 - scraper.selenium_scraper - INFO - Scrolling to load all auction cards...
2025-07-27 10:15:12,414 - scraper.selenium_scraper - INFO - Saved page screenshot to /home/runner/work/super-player-auction-scraper/super-player-auction-scraper/logs/screenshots/page_loaded_20250727101512.png
2025-07-27 10:15:12,414 - scraper.selenium_scraper - INFO - Looking for auction cards...
2025-07-27 10:15:12,451 - scraper.selenium_scraper - INFO - Found 20 auction cards
2025-07-27 10:15:13,174 - scraper.selenium_scraper - INFO - Scraped tournament 1: HEALTH CARD
2025-07-27 10:15:13,873 - scraper.selenium_scraper - INFO - Scraped tournament 2: ArjunDMUP
2025-07-27 10:15:14,756 - scraper.selenium_scraper - INFO - Scraped tournament 3: OSAIMI INTERNAL CRICKET TOURNAMENT
2025-07-27 10:15:15,452 - scraper.selenium_scraper - INFO - Scraped tournament 4: CMA ALUMNI CRICKET LEAGUE-4
2025-07-27 10:15:16,148 - scraper.selenium_scraper - INFO - Scraped tournament 5: NPL Series 2
2025-07-27 10:15:16,842 - scraper.selenium_scraper - INFO - Scraped tournament 6: BPL SEASON 3
2025-07-27 10:15:17,536 - scraper.selenium_scraper - INFO - Scraped tournament 7: Canvas Warriors Cricket Carnival (CWCC),Season 1,2025
2025-07-27 10:15:18,228 - scraper.selenium_scraper - INFO - Scraped tournament 8: KANNUR CHAMPIONS LEAGUE QATAR EDITION
2025-07-27 10:15:18,919 - scraper.selenium_scraper - INFO - Scraped tournament 9: CLT10
2025-07-27 10:15:19,617 - scraper.selenium_scraper - INFO - Scraped tournament 10: RPL
2025-07-27 10:15:20,324 - scraper.selenium_scraper - INFO - Scraped tournament 11: THE UNITY CUP CHHURA SEASON 1
2025-07-27 10:15:21,017 - scraper.selenium_scraper - INFO - Scraped tournament 12: Karnataka Rajatha Cup 2025
2025-07-27 10:15:21,712 - scraper.selenium_scraper - INFO - Scraped tournament 13: SANDALWOOD PREMIER LEAGUE
2025-07-27 10:15:22,411 - scraper.selenium_scraper - INFO - Scraped tournament 14: Aanjana premier League Sardarpura (Rana)
2025-07-27 10:15:23,102 - scraper.selenium_scraper - INFO - Scraped tournament 15: Petlurivaripalm Premier League Season -1
2025-07-27 10:15:23,795 - scraper.selenium_scraper - INFO - Scraped tournament 16: Dholi Samaj Premiere League Sisseion-2
2025-07-27 10:15:24,491 - scraper.selenium_scraper - INFO - Scraped tournament 17: PANTHERS SUPER LEAGUE - 2025
2025-07-27 10:15:25,185 - scraper.selenium_scraper - INFO - Scraped tournament 18: One Day T10 Dhondbar
2025-07-27 10:15:25,878 - scraper.selenium_scraper - INFO - Scraped tournament 19: VPL 2.0
2025-07-27 10:15:26,585 - scraper.selenium_scraper - INFO - Scraped tournament 20: EID PREMIER LEAGUE MEGA AUCTION
2025-07-27 10:15:26,585 - root - INFO - Successfully scraped 20 tournaments
2025-07-27 10:15:26,585 - root - INFO - Saved scraped data to /home/runner/work/super-player-auction-scraper/super-player-auction-scraper/data/tournament_data_20250727-101526.json
2025-07-27 10:15:26,585 - root - INFO - Initializing Graph API
2025-07-27 10:15:26,586 - excel.graph_api - INFO - Extracted file ID: 9e836ed5-f58f-4dc7-a969-3c62b255f3ea
2025-07-27 10:15:26,586 - excel.graph_api - INFO - Extracted site ID: CorpDevaaf94619130d4a79af9f3aeae502bdb5
2025-07-27 10:15:26,586 - root - INFO - Authenticating with Microsoft Graph API
2025-07-27 10:15:26,769 - excel.graph_api - INFO - Authentication successful
2025-07-27 10:15:26,769 - root - INFO - Updating Excel sheet with scraped data
2025-07-27 10:15:27,415 - excel.graph_api - INFO - Retrieved drive ID: b!MXUqfmBgAkyqAi_g7J1PO_6yKSWnHbZCs3mpe4EkYuX6d8izcdJxRb78S6OW5SIB
2025-07-27 10:15:28,849 - excel.graph_api - INFO - Retrieved 331 rows from Excel
2025-07-27 10:15:29,405 - excel.graph_api - INFO - Updating range A333:M335 with 3 new entries
2025-07-27 10:15:30,476 - excel.graph_api - INFO - Successfully added 3 new tournaments to Excel
2025-07-27 10:15:30,478 - root - INFO - Excel sheet updated successfully
2025-07-27 10:15:30,546 - scraper.selenium_scraper - INFO - Chrome driver closed
2025-07-27 10:15:30,546 - root - INFO - Selenium driver closed
2025-07-27 10:15:30,546 - root - INFO - Script execution completed
