2025-10-22 15:12:53,626 - root - INFO - Logger initialized successfully
2025-10-22 15:12:53,626 - root - INFO - Log file: /home/runner/work/super-player-auction-scraper/super-player-auction-scraper/logs/scraper_20251022_151253.log
2025-10-22 15:12:53,626 - root - INFO - Starting Super Player Auction scraper
2025-10-22 15:12:53,626 - utils.config - INFO - Credentials loaded from environment variables
2025-10-22 15:12:53,626 - utils.config - INFO - Settings loaded successfully
2025-10-22 15:12:53,626 - root - INFO - Initializing Selenium scraper
2025-10-22 15:12:53,626 - scraper.selenium_scraper - INFO - Running in GitHub Actions environment
2025-10-22 15:12:55,461 - selenium.webdriver.common.selenium_manager - WARNING - The chromedriver version (141.0.7390.78) detected in PATH at /usr/bin/chromedriver might not be compatible with the detected chrome version (141.0.7390.107); currently, chromedriver 141.0.7390.122 is recommended for chrome 141.*, so it is advised to delete the driver in PATH and retry
2025-10-22 15:13:01,297 - scraper.selenium_scraper - INFO - Chrome driver initialized successfully
2025-10-22 15:13:01,297 - root - INFO - Scraping tournament data
2025-10-22 15:13:01,297 - scraper.selenium_scraper - INFO - Starting to scrape tournament data
2025-10-22 15:13:02,142 - scraper.selenium_scraper - INFO - Waiting for page to load...
2025-10-22 15:13:07,147 - scraper.selenium_scraper - INFO - Scrolling to load all auction cards...
2025-10-22 15:13:19,279 - scraper.selenium_scraper - INFO - Saved page screenshot to /home/runner/work/super-player-auction-scraper/super-player-auction-scraper/logs/screenshots/page_loaded_20251022151319.png
2025-10-22 15:13:19,279 - scraper.selenium_scraper - INFO - Looking for auction cards...
2025-10-22 15:13:19,308 - scraper.selenium_scraper - INFO - Found 20 auction cards
2025-10-22 15:13:20,018 - scraper.selenium_scraper - INFO - Scraped tournament 1: Dambab Premier League 2025
2025-10-22 15:13:20,768 - scraper.selenium_scraper - INFO - Scraped tournament 2: DDS PREMIER LEAGUE SEASON 3
2025-10-22 15:13:21,442 - scraper.selenium_scraper - INFO - Scraped tournament 3: TCC Premier Leage - Season 6
2025-10-22 15:13:22,116 - scraper.selenium_scraper - INFO - Scraped tournament 4: PANJIM GYMKHANA MEMBERS LEAGUE 2025
2025-10-22 15:13:22,789 - scraper.selenium_scraper - INFO - Scraped tournament 5: Goan Premier League 2025
2025-10-22 15:13:23,465 - scraper.selenium_scraper - INFO - Scraped tournament 6: GREENS PREMIER LEAGUE 2026 - GPL SEASON 3
2025-10-22 15:13:24,140 - scraper.selenium_scraper - INFO - Scraped tournament 7: KADUGODI PREMIER LEAGUE SEASON -6
2025-10-22 15:13:24,813 - scraper.selenium_scraper - INFO - Scraped tournament 8: TTSL Northeast
2025-10-22 15:13:25,485 - scraper.selenium_scraper - INFO - Scraped tournament 9: MCL 2025
2025-10-22 15:13:26,157 - scraper.selenium_scraper - INFO - Scraped tournament 10: QIFF Easaka Memorial 7s Football Tournament
2025-10-22 15:13:26,838 - scraper.selenium_scraper - INFO - Scraped tournament 11: Chemist Cricket League
2025-10-22 15:13:27,511 - scraper.selenium_scraper - INFO - Scraped tournament 12: Shirur Champions Trophy
2025-10-22 15:13:28,183 - scraper.selenium_scraper - INFO - Scraped tournament 13: Pathanamthitta Cricket League
2025-10-22 15:13:28,859 - scraper.selenium_scraper - INFO - Scraped tournament 14: Ador Premier League Season 6
2025-10-22 15:13:29,532 - scraper.selenium_scraper - INFO - Scraped tournament 15: NORTH INDIA CORPORATE CRICKET LEAGUE SEASON 1
2025-10-22 15:13:30,206 - scraper.selenium_scraper - INFO - Scraped tournament 16: SUPER 100
2025-10-22 15:13:30,884 - scraper.selenium_scraper - INFO - Scraped tournament 17: Phoenix Cricket Cup
2025-10-22 15:13:31,556 - scraper.selenium_scraper - INFO - Scraped tournament 18: EMIRATES PREMIER LEAGUE SEASON. 5
2025-10-22 15:13:32,239 - scraper.selenium_scraper - INFO - Scraped tournament 19: BPPL Cricket Tournament 2025 - Season 2
2025-10-22 15:13:32,912 - scraper.selenium_scraper - INFO - Scraped tournament 20: KSPL 4
2025-10-22 15:13:32,912 - root - INFO - Successfully scraped 20 tournaments
2025-10-22 15:13:32,913 - root - INFO - Saved scraped data to /home/runner/work/super-player-auction-scraper/super-player-auction-scraper/data/tournament_data_20251022-151332.json
2025-10-22 15:13:32,913 - root - INFO - Initializing Graph API
2025-10-22 15:13:32,913 - excel.graph_api - INFO - Extracted file ID: 9e836ed5-f58f-4dc7-a969-3c62b255f3ea
2025-10-22 15:13:32,913 - excel.graph_api - INFO - Extracted site ID: CorpDevaaf94619130d4a79af9f3aeae502bdb5
2025-10-22 15:13:32,913 - root - INFO - Authenticating with Microsoft Graph API
2025-10-22 15:13:33,205 - excel.graph_api - INFO - Authentication successful
2025-10-22 15:13:33,205 - root - INFO - Updating Excel sheet with scraped data
2025-10-22 15:13:34,376 - excel.graph_api - INFO - Retrieved drive ID: b!MXUqfmBgAkyqAi_g7J1PO_6yKSWnHbZCs3mpe4EkYuX6d8izcdJxRb78S6OW5SIB
2025-10-22 15:13:37,515 - excel.graph_api - INFO - Retrieved 661 rows from Excel
2025-10-22 15:13:39,527 - excel.graph_api - INFO - No new tournaments to add
2025-10-22 15:13:39,528 - root - INFO - Excel sheet updated successfully
2025-10-22 15:13:39,589 - scraper.selenium_scraper - INFO - Chrome driver closed
2025-10-22 15:13:39,589 - root - INFO - Selenium driver closed
2025-10-22 15:13:39,589 - root - INFO - Script execution completed
