2026-01-28 15:25:00,490 - root - INFO - Logger initialized successfully
2026-01-28 15:25:00,490 - root - INFO - Log file: /home/runner/work/super-player-auction-scraper/super-player-auction-scraper/logs/scraper_20260128_152500.log
2026-01-28 15:25:00,490 - root - INFO - Starting Super Player Auction scraper
2026-01-28 15:25:00,490 - utils.config - INFO - Credentials loaded from environment variables
2026-01-28 15:25:00,490 - utils.config - INFO - Settings loaded successfully
2026-01-28 15:25:00,490 - root - INFO - Initializing Selenium scraper
2026-01-28 15:25:00,491 - scraper.selenium_scraper - INFO - Running in GitHub Actions environment
2026-01-28 15:25:02,661 - selenium.webdriver.common.selenium_manager - WARNING - The chromedriver version (144.0.7559.31) detected in PATH at /usr/bin/chromedriver might not be compatible with the detected chrome version (144.0.7559.59); currently, chromedriver 144.0.7559.109 is recommended for chrome 144.*, so it is advised to delete the driver in PATH and retry
2026-01-28 15:25:10,405 - scraper.selenium_scraper - INFO - Chrome driver initialized successfully
2026-01-28 15:25:10,405 - root - INFO - Scraping tournament data
2026-01-28 15:25:10,405 - scraper.selenium_scraper - INFO - Starting to scrape tournament data
2026-01-28 15:25:11,502 - scraper.selenium_scraper - INFO - Waiting for page to load...
2026-01-28 15:25:16,507 - scraper.selenium_scraper - INFO - Scrolling to load all auction cards...
2026-01-28 15:25:28,645 - scraper.selenium_scraper - INFO - Saved page screenshot to /home/runner/work/super-player-auction-scraper/super-player-auction-scraper/logs/screenshots/page_loaded_20260128152528.png
2026-01-28 15:25:28,645 - scraper.selenium_scraper - INFO - Looking for auction cards...
2026-01-28 15:25:28,670 - scraper.selenium_scraper - INFO - Found 20 auction cards
2026-01-28 15:25:29,393 - scraper.selenium_scraper - INFO - Scraped tournament 1: Karneshwar premiere leauge (KPL- 3) karnawad
2026-01-28 15:25:30,134 - scraper.selenium_scraper - INFO - Scraped tournament 2: RAJU MEMORIAL TROPHY - 2026 (SEASON - 4)
2026-01-28 15:25:30,825 - scraper.selenium_scraper - INFO - Scraped tournament 3: Area 7 Premier League Season 2
2026-01-28 15:25:31,519 - scraper.selenium_scraper - INFO - Scraped tournament 4: NASHIK PREMIER LEAGUE SEASON VIII
2026-01-28 15:25:32,213 - scraper.selenium_scraper - INFO - Scraped tournament 5: Lucknow Cricket League 2026
2026-01-28 15:25:32,904 - scraper.selenium_scraper - INFO - Scraped tournament 6: ABPL - Season 5 | 2026 | Auction
2026-01-28 15:25:33,597 - scraper.selenium_scraper - INFO - Scraped tournament 7: SCG SEASON 4.0
2026-01-28 15:25:34,289 - scraper.selenium_scraper - INFO - Scraped tournament 8: Calicut premier league Qatar
2026-01-28 15:25:34,984 - scraper.selenium_scraper - INFO - Scraped tournament 9: PGCL 2.O
2026-01-28 15:25:35,672 - scraper.selenium_scraper - INFO - Scraped tournament 10: SUBIC SRILANKAN PREMIER LEAGUE - SEASON 4 - 2026
2026-01-28 15:25:36,363 - scraper.selenium_scraper - INFO - Scraped tournament 11: MCPL 2026
2026-01-28 15:25:37,059 - scraper.selenium_scraper - INFO - Scraped tournament 12: SIKAR PREMIER LEAGUE 2025
2026-01-28 15:25:37,754 - scraper.selenium_scraper - INFO - Scraped tournament 13: SUPER FOOTBALL CHAMPIONSHIP
2026-01-28 15:25:38,448 - scraper.selenium_scraper - INFO - Scraped tournament 14: Friends Cup
2026-01-28 15:25:39,141 - scraper.selenium_scraper - INFO - Scraped tournament 15: TOYAGONDI SUPER LEAGUE
2026-01-28 15:25:39,836 - scraper.selenium_scraper - INFO - Scraped tournament 16: INSPIRE PREMIER LEAGUE - 2026
2026-01-28 15:25:40,531 - scraper.selenium_scraper - INFO - Scraped tournament 17: KNPL
2026-01-28 15:25:41,224 - scraper.selenium_scraper - INFO - Scraped tournament 18: RAMADAN PREMIER LEAGUE
2026-01-28 15:25:41,913 - scraper.selenium_scraper - INFO - Scraped tournament 19: Steelbird Cricket League T-21 Season 12 - 2026
2026-01-28 15:25:42,612 - scraper.selenium_scraper - INFO - Scraped tournament 20: SRPL
2026-01-28 15:25:42,613 - root - INFO - Successfully scraped 20 tournaments
2026-01-28 15:25:42,613 - root - INFO - Saved scraped data to /home/runner/work/super-player-auction-scraper/super-player-auction-scraper/data/tournament_data_20260128-152542.json
2026-01-28 15:25:42,613 - root - INFO - Initializing Graph API
2026-01-28 15:25:42,614 - excel.graph_api - INFO - Extracted file ID: 9e836ed5-f58f-4dc7-a969-3c62b255f3ea
2026-01-28 15:25:42,614 - excel.graph_api - INFO - Extracted site ID: CorpDevaaf94619130d4a79af9f3aeae502bdb5
2026-01-28 15:25:42,614 - root - INFO - Authenticating with Microsoft Graph API
2026-01-28 15:25:42,722 - excel.graph_api - INFO - Authentication successful
2026-01-28 15:25:42,722 - root - INFO - Updating Excel sheet with scraped data
2026-01-28 15:25:43,045 - excel.graph_api - INFO - Retrieved drive ID: b!MXUqfmBgAkyqAi_g7J1PO_6yKSWnHbZCs3mpe4EkYuX6d8izcdJxRb78S6OW5SIB
2026-01-28 15:25:44,961 - excel.graph_api - INFO - Retrieved 1147 rows from Excel
2026-01-28 15:25:46,760 - excel.graph_api - INFO - No new tournaments to add
2026-01-28 15:25:46,762 - root - INFO - Excel sheet updated successfully
2026-01-28 15:25:46,840 - scraper.selenium_scraper - INFO - Chrome driver closed
2026-01-28 15:25:46,840 - root - INFO - Selenium driver closed
2026-01-28 15:25:46,840 - root - INFO - Script execution completed
