2025-07-05 10:13:35,717 - root - INFO - Logger initialized successfully
2025-07-05 10:13:35,717 - root - INFO - Log file: /home/runner/work/super-player-auction-scraper/super-player-auction-scraper/logs/scraper_20250705_101335.log
2025-07-05 10:13:35,717 - root - INFO - Starting Super Player Auction scraper
2025-07-05 10:13:35,718 - utils.config - INFO - Credentials loaded from environment variables
2025-07-05 10:13:35,718 - utils.config - INFO - Settings loaded successfully
2025-07-05 10:13:35,718 - root - INFO - Initializing Selenium scraper
2025-07-05 10:13:35,718 - scraper.selenium_scraper - INFO - Running in GitHub Actions environment
2025-07-05 10:13:37,552 - scraper.selenium_scraper - INFO - Chrome driver initialized successfully
2025-07-05 10:13:37,553 - root - INFO - Scraping tournament data
2025-07-05 10:13:37,553 - scraper.selenium_scraper - INFO - Starting to scrape tournament data
2025-07-05 10:13:38,549 - scraper.selenium_scraper - INFO - Waiting for page to load...
2025-07-05 10:13:43,554 - scraper.selenium_scraper - INFO - Scrolling to load all auction cards...
2025-07-05 10:13:55,673 - scraper.selenium_scraper - INFO - Saved page screenshot to /home/runner/work/super-player-auction-scraper/super-player-auction-scraper/logs/screenshots/page_loaded_20250705101355.png
2025-07-05 10:13:55,673 - scraper.selenium_scraper - INFO - Looking for auction cards...
2025-07-05 10:13:55,692 - scraper.selenium_scraper - INFO - Found 20 auction cards
2025-07-05 10:13:56,429 - scraper.selenium_scraper - INFO - Scraped tournament 1: Padubidri Premier League - 2025
2025-07-05 10:13:57,123 - scraper.selenium_scraper - INFO - Scraped tournament 2: Tekri Premier League
2025-07-05 10:13:57,829 - scraper.selenium_scraper - INFO - Scraped tournament 3: Raining Premier League Season 2
2025-07-05 10:13:58,520 - scraper.selenium_scraper - INFO - Scraped tournament 4: RANA PREMIER LEAGUE SEASON 1
2025-07-05 10:13:59,213 - scraper.selenium_scraper - INFO - Scraped tournament 5: ArjunDMUP
2025-07-05 10:13:59,908 - scraper.selenium_scraper - INFO - Scraped tournament 6: IDL 2025
2025-07-05 10:14:00,602 - scraper.selenium_scraper - INFO - Scraped tournament 7: Gujarati Premium League 5a Side Football Tournament
2025-07-05 10:14:01,296 - scraper.selenium_scraper - INFO - Scraped tournament 8: RALLY TO WIN BADMINTON PRO LEAGUE 2025 - SEASON 4
2025-07-05 10:14:01,988 - scraper.selenium_scraper - INFO - Scraped tournament 9: Karnataka Rajatha Cup 2025
2025-07-05 10:14:02,695 - scraper.selenium_scraper - INFO - Scraped tournament 10: GRAMIN PREMIER LEAGUE SEASON 3
2025-07-05 10:14:03,388 - scraper.selenium_scraper - INFO - Scraped tournament 11: SUPER CRICKET LEAGUE
2025-07-05 10:14:04,084 - scraper.selenium_scraper - INFO - Scraped tournament 12: THUNDER CLASH 1.0
2025-07-05 10:14:04,774 - scraper.selenium_scraper - INFO - Scraped tournament 13: Deedar Premier League
2025-07-05 10:14:05,482 - scraper.selenium_scraper - INFO - Scraped tournament 14: TOLIYASAR PREMIER LEAGUE (TPL) SEASON 2
2025-07-05 10:14:06,179 - scraper.selenium_scraper - INFO - Scraped tournament 15: BPL SEASON 3
2025-07-05 10:14:06,874 - scraper.selenium_scraper - INFO - Scraped tournament 16: Petlurivaripalm Premier League Season -1
2025-07-05 10:14:07,579 - scraper.selenium_scraper - INFO - Scraped tournament 17: Dholi Samaj Premiere League Sisseion-2
2025-07-05 10:14:08,273 - scraper.selenium_scraper - INFO - Scraped tournament 18: NPL Series 2
2025-07-05 10:14:08,965 - scraper.selenium_scraper - INFO - Scraped tournament 19: CHOORI SOCCER LEAGUE 2025
2025-07-05 10:14:09,661 - scraper.selenium_scraper - INFO - Scraped tournament 20: HYNISH CRICKET PREMIER LEAGUE SEASON-4
2025-07-05 10:14:09,661 - root - INFO - Successfully scraped 20 tournaments
2025-07-05 10:14:09,661 - root - INFO - Saved scraped data to /home/runner/work/super-player-auction-scraper/super-player-auction-scraper/data/tournament_data_20250705-101409.json
2025-07-05 10:14:09,661 - root - INFO - Initializing Graph API
2025-07-05 10:14:09,662 - excel.graph_api - INFO - Extracted file ID: 9e836ed5-f58f-4dc7-a969-3c62b255f3ea
2025-07-05 10:14:09,662 - excel.graph_api - INFO - Extracted site ID: CorpDevaaf94619130d4a79af9f3aeae502bdb5
2025-07-05 10:14:09,662 - root - INFO - Authenticating with Microsoft Graph API
2025-07-05 10:14:09,895 - excel.graph_api - INFO - Authentication successful
2025-07-05 10:14:09,895 - root - INFO - Updating Excel sheet with scraped data
2025-07-05 10:14:10,140 - excel.graph_api - INFO - Retrieved drive ID: b!MXUqfmBgAkyqAi_g7J1PO_6yKSWnHbZCs3mpe4EkYuX6d8izcdJxRb78S6OW5SIB
2025-07-05 10:14:11,258 - excel.graph_api - INFO - Retrieved 263 rows from Excel
2025-07-05 10:14:11,788 - excel.graph_api - INFO - Updating range A265:M267 with 3 new entries
2025-07-05 10:14:12,536 - excel.graph_api - INFO - Successfully added 3 new tournaments to Excel
2025-07-05 10:14:12,537 - root - INFO - Excel sheet updated successfully
2025-07-05 10:14:12,604 - scraper.selenium_scraper - INFO - Chrome driver closed
2025-07-05 10:14:12,604 - root - INFO - Selenium driver closed
2025-07-05 10:14:12,604 - root - INFO - Script execution completed
