2026-02-05 15:34:22,751 - root - INFO - Logger initialized successfully
2026-02-05 15:34:22,751 - root - INFO - Log file: /home/runner/work/super-player-auction-scraper/super-player-auction-scraper/logs/scraper_20260205_153422.log
2026-02-05 15:34:22,752 - root - INFO - Starting Super Player Auction scraper
2026-02-05 15:34:22,752 - utils.config - INFO - Credentials loaded from environment variables
2026-02-05 15:34:22,752 - utils.config - INFO - Settings loaded successfully
2026-02-05 15:34:22,752 - root - INFO - Initializing Selenium scraper
2026-02-05 15:34:22,752 - scraper.selenium_scraper - INFO - Running in GitHub Actions environment
2026-02-05 15:34:24,555 - selenium.webdriver.common.selenium_manager - WARNING - The chromedriver version (144.0.7559.96) detected in PATH at /usr/bin/chromedriver might not be compatible with the detected chrome version (144.0.7559.96); currently, chromedriver 144.0.7559.133 is recommended for chrome 144.*, so it is advised to delete the driver in PATH and retry
2026-02-05 15:34:31,351 - scraper.selenium_scraper - INFO - Chrome driver initialized successfully
2026-02-05 15:34:31,351 - root - INFO - Scraping tournament data
2026-02-05 15:34:31,351 - scraper.selenium_scraper - INFO - Starting to scrape tournament data
2026-02-05 15:34:32,235 - scraper.selenium_scraper - INFO - Waiting for page to load...
2026-02-05 15:34:37,240 - scraper.selenium_scraper - INFO - Scrolling to load all auction cards...
2026-02-05 15:34:49,395 - scraper.selenium_scraper - INFO - Saved page screenshot to /home/runner/work/super-player-auction-scraper/super-player-auction-scraper/logs/screenshots/page_loaded_20260205153449.png
2026-02-05 15:34:49,395 - scraper.selenium_scraper - INFO - Looking for auction cards...
2026-02-05 15:34:49,434 - scraper.selenium_scraper - INFO - Found 20 auction cards
2026-02-05 15:34:50,160 - scraper.selenium_scraper - INFO - Scraped tournament 1: CDS Doctor Cricket League 2026 Season - 2
2026-02-05 15:34:50,918 - scraper.selenium_scraper - INFO - Scraped tournament 2: Calicut Premier League
2026-02-05 15:34:51,607 - scraper.selenium_scraper - INFO - Scraped tournament 3: RAMADAN PREMIER LEAGUE SEASON 24
2026-02-05 15:34:52,297 - scraper.selenium_scraper - INFO - Scraped tournament 4: PGCL 2.O
2026-02-05 15:34:52,985 - scraper.selenium_scraper - INFO - Scraped tournament 5: DJPL Season 8
2026-02-05 15:34:53,675 - scraper.selenium_scraper - INFO - Scraped tournament 6: TPL 2026 - MEN
2026-02-05 15:34:54,368 - scraper.selenium_scraper - INFO - Scraped tournament 7: VISTA PREMIER LEAGUE SEASON 2
2026-02-05 15:34:55,060 - scraper.selenium_scraper - INFO - Scraped tournament 8: Calicut premier league Qatar
2026-02-05 15:34:55,747 - scraper.selenium_scraper - INFO - Scraped tournament 9: Slough Family League
2026-02-05 15:34:56,435 - scraper.selenium_scraper - INFO - Scraped tournament 10: SUBIC SRILANKAN PREMIER LEAGUE - SEASON 4 - 2026
2026-02-05 15:34:57,133 - scraper.selenium_scraper - INFO - Scraped tournament 11: PH2 Cricket League
2026-02-05 15:34:57,821 - scraper.selenium_scraper - INFO - Scraped tournament 12: Hind Sporting Premier League
2026-02-05 15:34:58,511 - scraper.selenium_scraper - INFO - Scraped tournament 13: MCPL 2026
2026-02-05 15:34:59,202 - scraper.selenium_scraper - INFO - Scraped tournament 14: SIKAR PREMIER LEAGUE 2025
2026-02-05 15:34:59,891 - scraper.selenium_scraper - INFO - Scraped tournament 15: SUPER FOOTBALL CHAMPIONSHIP
2026-02-05 15:35:00,579 - scraper.selenium_scraper - INFO - Scraped tournament 16: MORNING PREMIER LEAGUE SEASON 11
2026-02-05 15:35:01,268 - scraper.selenium_scraper - INFO - Scraped tournament 17: WPL SEASON 31
2026-02-05 15:35:01,954 - scraper.selenium_scraper - INFO - Scraped tournament 18: IDPL 2026
2026-02-05 15:35:02,650 - scraper.selenium_scraper - INFO - Scraped tournament 19: Skyhawks Premier League - 3
2026-02-05 15:35:03,338 - scraper.selenium_scraper - INFO - Scraped tournament 20: KAKINADA PICKLE LEAGUE
2026-02-05 15:35:03,338 - root - INFO - Successfully scraped 20 tournaments
2026-02-05 15:35:03,339 - root - INFO - Saved scraped data to /home/runner/work/super-player-auction-scraper/super-player-auction-scraper/data/tournament_data_20260205-153503.json
2026-02-05 15:35:03,339 - root - INFO - Initializing Graph API
2026-02-05 15:35:03,339 - excel.graph_api - INFO - Extracted file ID: 9e836ed5-f58f-4dc7-a969-3c62b255f3ea
2026-02-05 15:35:03,339 - excel.graph_api - INFO - Extracted site ID: CorpDevaaf94619130d4a79af9f3aeae502bdb5
2026-02-05 15:35:03,340 - root - INFO - Authenticating with Microsoft Graph API
2026-02-05 15:35:03,522 - excel.graph_api - INFO - Authentication successful
2026-02-05 15:35:03,522 - root - INFO - Updating Excel sheet with scraped data
2026-02-05 15:35:04,222 - excel.graph_api - INFO - Retrieved drive ID: b!MXUqfmBgAkyqAi_g7J1PO_6yKSWnHbZCs3mpe4EkYuX6d8izcdJxRb78S6OW5SIB
2026-02-05 15:35:06,264 - excel.graph_api - INFO - Retrieved 1184 rows from Excel
2026-02-05 15:35:08,462 - excel.graph_api - INFO - Updating range A1186:M1186 with 1 new entries
2026-02-05 15:35:10,123 - excel.graph_api - INFO - Successfully added 1 new tournaments to Excel
2026-02-05 15:35:10,125 - root - INFO - Excel sheet updated successfully
2026-02-05 15:35:10,203 - scraper.selenium_scraper - INFO - Chrome driver closed
2026-02-05 15:35:10,203 - root - INFO - Selenium driver closed
2026-02-05 15:35:10,203 - root - INFO - Script execution completed
