2025-12-26 15:14:28,884 - root - INFO - Logger initialized successfully
2025-12-26 15:14:28,884 - root - INFO - Log file: /home/runner/work/super-player-auction-scraper/super-player-auction-scraper/logs/scraper_20251226_151428.log
2025-12-26 15:14:28,884 - root - INFO - Starting Super Player Auction scraper
2025-12-26 15:14:28,884 - utils.config - INFO - Credentials loaded from environment variables
2025-12-26 15:14:28,884 - utils.config - INFO - Settings loaded successfully
2025-12-26 15:14:28,884 - root - INFO - Initializing Selenium scraper
2025-12-26 15:14:28,884 - scraper.selenium_scraper - INFO - Running in GitHub Actions environment
2025-12-26 15:14:30,897 - selenium.webdriver.common.selenium_manager - WARNING - The chromedriver version (143.0.7499.42) detected in PATH at /usr/bin/chromedriver might not be compatible with the detected chrome version (143.0.7499.109); currently, chromedriver 143.0.7499.169 is recommended for chrome 143.*, so it is advised to delete the driver in PATH and retry
2025-12-26 15:14:37,257 - scraper.selenium_scraper - INFO - Chrome driver initialized successfully
2025-12-26 15:14:37,257 - root - INFO - Scraping tournament data
2025-12-26 15:14:37,257 - scraper.selenium_scraper - INFO - Starting to scrape tournament data
2025-12-26 15:14:38,384 - scraper.selenium_scraper - INFO - Waiting for page to load...
2025-12-26 15:14:43,389 - scraper.selenium_scraper - INFO - Scrolling to load all auction cards...
2025-12-26 15:14:55,514 - scraper.selenium_scraper - INFO - Saved page screenshot to /home/runner/work/super-player-auction-scraper/super-player-auction-scraper/logs/screenshots/page_loaded_20251226151455.png
2025-12-26 15:14:55,515 - scraper.selenium_scraper - INFO - Looking for auction cards...
2025-12-26 15:14:55,537 - scraper.selenium_scraper - INFO - Found 20 auction cards
2025-12-26 15:14:56,251 - scraper.selenium_scraper - INFO - Scraped tournament 1: PARAKRAM 7.0
2025-12-26 15:14:56,965 - scraper.selenium_scraper - INFO - Scraped tournament 2: SHIRUR PREMIER LEAGUE 2026
2025-12-26 15:14:57,650 - scraper.selenium_scraper - INFO - Scraped tournament 3: JCAPL 2.0
2025-12-26 15:14:58,336 - scraper.selenium_scraper - INFO - Scraped tournament 4: ઉજળવાવ પ્રિમયર લીગ-2026
2025-12-26 15:14:59,018 - scraper.selenium_scraper - INFO - Scraped tournament 5: Sindhi Premier League 6.0
2025-12-26 15:14:59,710 - scraper.selenium_scraper - INFO - Scraped tournament 6: LEGENDS PREMIER LEAGUE SEASON 3
2025-12-26 15:15:00,392 - scraper.selenium_scraper - INFO - Scraped tournament 7: Ayyampuzha Super League, Season 3
2025-12-26 15:15:01,076 - scraper.selenium_scraper - INFO - Scraped tournament 8: MPL Season 4 | Auction | Men's Open
2025-12-26 15:15:01,760 - scraper.selenium_scraper - INFO - Scraped tournament 9: Vivek Vihar Premier League 2026
2025-12-26 15:15:02,442 - scraper.selenium_scraper - INFO - Scraped tournament 10: Kids SOPL 10th Edition
2025-12-26 15:15:03,131 - scraper.selenium_scraper - INFO - Scraped tournament 11: Delta Football League
2025-12-26 15:15:03,816 - scraper.selenium_scraper - INFO - Scraped tournament 12: WALA & SALAMAT Muslim Samaj Tournament Godhra
2025-12-26 15:15:04,496 - scraper.selenium_scraper - INFO - Scraped tournament 13: JPL Season 6
2025-12-26 15:15:05,180 - scraper.selenium_scraper - INFO - Scraped tournament 14: SPL - 10
2025-12-26 15:15:05,860 - scraper.selenium_scraper - INFO - Scraped tournament 15: SIKAR PREMIER LEAGUE 2025
2025-12-26 15:15:06,542 - scraper.selenium_scraper - INFO - Scraped tournament 16: SUPER FOOTBALL CHAMPIONSHIP
2025-12-26 15:15:07,227 - scraper.selenium_scraper - INFO - Scraped tournament 17: Arjun DEMO
2025-12-26 15:15:07,907 - scraper.selenium_scraper - INFO - Scraped tournament 18: Festival Cup Juniors
2025-12-26 15:15:08,587 - scraper.selenium_scraper - INFO - Scraped tournament 19: WANTRAG PREMIER LEAGUE
2025-12-26 15:15:09,277 - scraper.selenium_scraper - INFO - Scraped tournament 20: Jamnagar VolleyBall Tournament
2025-12-26 15:15:09,277 - root - INFO - Successfully scraped 20 tournaments
2025-12-26 15:15:09,278 - root - INFO - Saved scraped data to /home/runner/work/super-player-auction-scraper/super-player-auction-scraper/data/tournament_data_20251226-151509.json
2025-12-26 15:15:09,278 - root - INFO - Initializing Graph API
2025-12-26 15:15:09,278 - excel.graph_api - INFO - Extracted file ID: 9e836ed5-f58f-4dc7-a969-3c62b255f3ea
2025-12-26 15:15:09,278 - excel.graph_api - INFO - Extracted site ID: CorpDevaaf94619130d4a79af9f3aeae502bdb5
2025-12-26 15:15:09,278 - root - INFO - Authenticating with Microsoft Graph API
2025-12-26 15:15:09,770 - excel.graph_api - INFO - Authentication successful
2025-12-26 15:15:09,770 - root - INFO - Updating Excel sheet with scraped data
2025-12-26 15:15:10,019 - excel.graph_api - INFO - Retrieved drive ID: b!MXUqfmBgAkyqAi_g7J1PO_6yKSWnHbZCs3mpe4EkYuX6d8izcdJxRb78S6OW5SIB
2025-12-26 15:15:11,045 - excel.graph_api - INFO - Retrieved 946 rows from Excel
2025-12-26 15:15:11,779 - excel.graph_api - INFO - Updating range A948:M949 with 2 new entries
2025-12-26 15:15:12,731 - excel.graph_api - INFO - Successfully added 2 new tournaments to Excel
2025-12-26 15:15:12,732 - root - INFO - Excel sheet updated successfully
2025-12-26 15:15:12,800 - scraper.selenium_scraper - INFO - Chrome driver closed
2025-12-26 15:15:12,800 - root - INFO - Selenium driver closed
2025-12-26 15:15:12,800 - root - INFO - Script execution completed
