2025-12-24 15:14:37,059 - root - INFO - Logger initialized successfully
2025-12-24 15:14:37,059 - root - INFO - Log file: /home/runner/work/super-player-auction-scraper/super-player-auction-scraper/logs/scraper_20251224_151437.log
2025-12-24 15:14:37,059 - root - INFO - Starting Super Player Auction scraper
2025-12-24 15:14:37,059 - utils.config - INFO - Credentials loaded from environment variables
2025-12-24 15:14:37,059 - utils.config - INFO - Settings loaded successfully
2025-12-24 15:14:37,059 - root - INFO - Initializing Selenium scraper
2025-12-24 15:14:37,060 - scraper.selenium_scraper - INFO - Running in GitHub Actions environment
2025-12-24 15:14:38,302 - selenium.webdriver.common.selenium_manager - WARNING - The chromedriver version (143.0.7499.42) detected in PATH at /usr/bin/chromedriver might not be compatible with the detected chrome version (143.0.7499.109); currently, chromedriver 143.0.7499.169 is recommended for chrome 143.*, so it is advised to delete the driver in PATH and retry
2025-12-24 15:14:43,279 - scraper.selenium_scraper - INFO - Chrome driver initialized successfully
2025-12-24 15:14:43,280 - root - INFO - Scraping tournament data
2025-12-24 15:14:43,280 - scraper.selenium_scraper - INFO - Starting to scrape tournament data
2025-12-24 15:14:44,014 - scraper.selenium_scraper - INFO - Waiting for page to load...
2025-12-24 15:14:49,019 - scraper.selenium_scraper - INFO - Scrolling to load all auction cards...
2025-12-24 15:15:01,190 - scraper.selenium_scraper - INFO - Saved page screenshot to /home/runner/work/super-player-auction-scraper/super-player-auction-scraper/logs/screenshots/page_loaded_20251224151501.png
2025-12-24 15:15:01,190 - scraper.selenium_scraper - INFO - Looking for auction cards...
2025-12-24 15:15:01,219 - scraper.selenium_scraper - INFO - Found 20 auction cards
2025-12-24 15:15:02,107 - scraper.selenium_scraper - INFO - Scraped tournament 1: SHIRUR PREMIER LEAGUE 2026
2025-12-24 15:15:02,880 - scraper.selenium_scraper - INFO - Scraped tournament 2: CPL Season 2
2025-12-24 15:15:03,634 - scraper.selenium_scraper - INFO - Scraped tournament 3: YELLAM PREMIER LEAGUE
2025-12-24 15:15:04,398 - scraper.selenium_scraper - INFO - Scraped tournament 4: SUPER FRIENDS CUP
2025-12-24 15:15:05,123 - scraper.selenium_scraper - INFO - Scraped tournament 5: Shitladevi Premier League
2025-12-24 15:15:05,892 - scraper.selenium_scraper - INFO - Scraped tournament 6: ઉજળવાવ પ્રિમયર લીગ-2026
2025-12-24 15:15:06,735 - scraper.selenium_scraper - INFO - Scraped tournament 7: Sindhi Premier League 6.0
2025-12-24 15:15:07,551 - scraper.selenium_scraper - INFO - Scraped tournament 8: Ayyampuzha Super League, Season 3
2025-12-24 15:15:08,390 - scraper.selenium_scraper - INFO - Scraped tournament 9: MPL Season 4 | Auction | Men's Open
2025-12-24 15:15:09,218 - scraper.selenium_scraper - INFO - Scraped tournament 10: Vivek Vihar Premier League 2026
2025-12-24 15:15:10,050 - scraper.selenium_scraper - INFO - Scraped tournament 11: Delta Football League
2025-12-24 15:15:10,744 - scraper.selenium_scraper - INFO - Scraped tournament 12: SPL - 10
2025-12-24 15:15:11,479 - scraper.selenium_scraper - INFO - Scraped tournament 13: SIKAR PREMIER LEAGUE 2025
2025-12-24 15:15:12,219 - scraper.selenium_scraper - INFO - Scraped tournament 14: SUPER FOOTBALL CHAMPIONSHIP
2025-12-24 15:15:12,981 - scraper.selenium_scraper - INFO - Scraped tournament 15: Arjun DEMO
2025-12-24 15:15:13,809 - scraper.selenium_scraper - INFO - Scraped tournament 16: BHANDARI PREMIER LEAGUE 2026
2025-12-24 15:15:14,624 - scraper.selenium_scraper - INFO - Scraped tournament 17: SSPL SEASON 03
2025-12-24 15:15:15,462 - scraper.selenium_scraper - INFO - Scraped tournament 18: MPL-6
2025-12-24 15:15:16,265 - scraper.selenium_scraper - INFO - Scraped tournament 19: Maheshwari Premier League X6 -Male
2025-12-24 15:15:17,051 - scraper.selenium_scraper - INFO - Scraped tournament 20: Maheshwari Premier League X6 -Female
2025-12-24 15:15:17,051 - root - INFO - Successfully scraped 20 tournaments
2025-12-24 15:15:17,052 - root - INFO - Saved scraped data to /home/runner/work/super-player-auction-scraper/super-player-auction-scraper/data/tournament_data_20251224-151517.json
2025-12-24 15:15:17,052 - root - INFO - Initializing Graph API
2025-12-24 15:15:17,053 - excel.graph_api - INFO - Extracted file ID: 9e836ed5-f58f-4dc7-a969-3c62b255f3ea
2025-12-24 15:15:17,053 - excel.graph_api - INFO - Extracted site ID: CorpDevaaf94619130d4a79af9f3aeae502bdb5
2025-12-24 15:15:17,053 - root - INFO - Authenticating with Microsoft Graph API
2025-12-24 15:15:17,242 - excel.graph_api - INFO - Authentication successful
2025-12-24 15:15:17,243 - root - INFO - Updating Excel sheet with scraped data
2025-12-24 15:15:17,884 - excel.graph_api - INFO - Retrieved drive ID: b!MXUqfmBgAkyqAi_g7J1PO_6yKSWnHbZCs3mpe4EkYuX6d8izcdJxRb78S6OW5SIB
2025-12-24 15:15:19,623 - excel.graph_api - INFO - Retrieved 935 rows from Excel
2025-12-24 15:15:20,962 - excel.graph_api - INFO - Updating range A937:M939 with 3 new entries
2025-12-24 15:15:22,315 - excel.graph_api - INFO - Successfully added 3 new tournaments to Excel
2025-12-24 15:15:22,316 - root - INFO - Excel sheet updated successfully
2025-12-24 15:15:22,392 - scraper.selenium_scraper - INFO - Chrome driver closed
2025-12-24 15:15:22,392 - root - INFO - Selenium driver closed
2025-12-24 15:15:22,392 - root - INFO - Script execution completed
