2025-11-21 10:15:15,848 - root - INFO - Logger initialized successfully
2025-11-21 10:15:15,848 - root - INFO - Log file: /home/runner/work/super-player-auction-scraper/super-player-auction-scraper/logs/scraper_20251121_101515.log
2025-11-21 10:15:15,848 - root - INFO - Starting Super Player Auction scraper
2025-11-21 10:15:15,848 - utils.config - INFO - Credentials loaded from environment variables
2025-11-21 10:15:15,848 - utils.config - INFO - Settings loaded successfully
2025-11-21 10:15:15,848 - root - INFO - Initializing Selenium scraper
2025-11-21 10:15:15,848 - scraper.selenium_scraper - INFO - Running in GitHub Actions environment
2025-11-21 10:15:17,493 - selenium.webdriver.common.selenium_manager - WARNING - The chromedriver version (142.0.7444.162) detected in PATH at /usr/bin/chromedriver might not be compatible with the detected chrome version (142.0.7444.162); currently, chromedriver 142.0.7444.175 is recommended for chrome 142.*, so it is advised to delete the driver in PATH and retry
2025-11-21 10:15:23,488 - scraper.selenium_scraper - INFO - Chrome driver initialized successfully
2025-11-21 10:15:23,489 - root - INFO - Scraping tournament data
2025-11-21 10:15:23,489 - scraper.selenium_scraper - INFO - Starting to scrape tournament data
2025-11-21 10:15:24,486 - scraper.selenium_scraper - INFO - Waiting for page to load...
2025-11-21 10:15:29,492 - scraper.selenium_scraper - INFO - Scrolling to load all auction cards...
2025-11-21 10:15:41,618 - scraper.selenium_scraper - INFO - Saved page screenshot to /home/runner/work/super-player-auction-scraper/super-player-auction-scraper/logs/screenshots/page_loaded_20251121101541.png
2025-11-21 10:15:41,618 - scraper.selenium_scraper - INFO - Looking for auction cards...
2025-11-21 10:15:41,644 - scraper.selenium_scraper - INFO - Found 20 auction cards
2025-11-21 10:15:42,347 - scraper.selenium_scraper - INFO - Scraped tournament 1: Trivandrum Premier League - 5
2025-11-21 10:15:43,024 - scraper.selenium_scraper - INFO - Scraped tournament 2: NPL
2025-11-21 10:15:43,699 - scraper.selenium_scraper - INFO - Scraped tournament 3: YCC Leather Championship 2025 - Season 6
2025-11-21 10:15:44,374 - scraper.selenium_scraper - INFO - Scraped tournament 4: ICCPL Men's Auction 2025
2025-11-21 10:15:45,047 - scraper.selenium_scraper - INFO - Scraped tournament 5: ICCPL Women's Auction 2025
2025-11-21 10:15:45,724 - scraper.selenium_scraper - INFO - Scraped tournament 6: Sind Society Premier League 8.0
2025-11-21 10:15:46,401 - scraper.selenium_scraper - INFO - Scraped tournament 7: TenX Premier League - Season 3 (KIDS)
2025-11-21 10:15:47,075 - scraper.selenium_scraper - INFO - Scraped tournament 8: TNPL PREMIER LEAGUE SEASON 4
2025-11-21 10:15:47,757 - scraper.selenium_scraper - INFO - Scraped tournament 9: TenX Premier League - Season 3 (MENS 17+)
2025-11-21 10:15:48,429 - scraper.selenium_scraper - INFO - Scraped tournament 10: TenX Premier League - Season 3 (MENS 40+)
2025-11-21 10:15:49,103 - scraper.selenium_scraper - INFO - Scraped tournament 11: TenX Premier League - Season 3 (WOMENS 17+)
2025-11-21 10:15:49,782 - scraper.selenium_scraper - INFO - Scraped tournament 12: BCL SEASON 3
2025-11-21 10:15:50,458 - scraper.selenium_scraper - INFO - Scraped tournament 13: MTF Premier League Season 4
2025-11-21 10:15:51,132 - scraper.selenium_scraper - INFO - Scraped tournament 14: KARKALA BEDRA PREMIER LEAGUE 2025
2025-11-21 10:15:51,808 - scraper.selenium_scraper - INFO - Scraped tournament 15: LEAGUE OF CHAMPIONS-1
2025-11-21 10:15:52,483 - scraper.selenium_scraper - INFO - Scraped tournament 16: Arjun DEMO
2025-11-21 10:15:53,164 - scraper.selenium_scraper - INFO - Scraped tournament 17: ABSA BUNTS CUP 4TH EDITION
2025-11-21 10:15:53,835 - scraper.selenium_scraper - INFO - Scraped tournament 18: Streamify Cup Silver Category
2025-11-21 10:15:54,507 - scraper.selenium_scraper - INFO - Scraped tournament 19: Streamify Cup Open Category
2025-11-21 10:15:55,189 - scraper.selenium_scraper - INFO - Scraped tournament 20: CCL 2.0 PREMIER LEAGUE SEASON 1
2025-11-21 10:15:55,189 - root - INFO - Successfully scraped 20 tournaments
2025-11-21 10:15:55,190 - root - INFO - Saved scraped data to /home/runner/work/super-player-auction-scraper/super-player-auction-scraper/data/tournament_data_20251121-101555.json
2025-11-21 10:15:55,190 - root - INFO - Initializing Graph API
2025-11-21 10:15:55,190 - excel.graph_api - INFO - Extracted file ID: 9e836ed5-f58f-4dc7-a969-3c62b255f3ea
2025-11-21 10:15:55,190 - excel.graph_api - INFO - Extracted site ID: CorpDevaaf94619130d4a79af9f3aeae502bdb5
2025-11-21 10:15:55,190 - root - INFO - Authenticating with Microsoft Graph API
2025-11-21 10:15:55,732 - excel.graph_api - ERROR - Authentication failed: AADSTS7000222: The provided client secret keys for app 'f45467f0-629b-4712-a029-cd1289854747' are expired. Visit the Azure portal to create new keys for your app: https://aka.ms/NewClientSecret, or consider using certificate credentials for added security: https://aka.ms/certCreds. Trace ID: 2ed4656c-bdb1-4c54-9af6-f4f3db158400 Correlation ID: 9128e98e-d993-48be-98e6-1fa6aea36567 Timestamp: 2025-11-21 10:15:55Z
2025-11-21 10:15:55,732 - root - ERROR - Failed to authenticate with Microsoft Graph API
2025-11-21 10:15:55,792 - scraper.selenium_scraper - INFO - Chrome driver closed
2025-11-21 10:15:55,792 - root - INFO - Selenium driver closed
2025-11-21 10:15:55,792 - root - INFO - Script execution completed
