2025-11-01 10:12:58,975 - root - INFO - Logger initialized successfully
2025-11-01 10:12:58,976 - root - INFO - Log file: /home/runner/work/super-player-auction-scraper/super-player-auction-scraper/logs/scraper_20251101_101258.log
2025-11-01 10:12:58,976 - root - INFO - Starting Super Player Auction scraper
2025-11-01 10:12:58,976 - utils.config - INFO - Credentials loaded from environment variables
2025-11-01 10:12:58,976 - utils.config - INFO - Settings loaded successfully
2025-11-01 10:12:58,976 - root - INFO - Initializing Selenium scraper
2025-11-01 10:12:58,976 - scraper.selenium_scraper - INFO - Running in GitHub Actions environment
2025-11-01 10:13:15,367 - scraper.selenium_scraper - INFO - Chrome driver initialized successfully
2025-11-01 10:13:15,367 - root - INFO - Scraping tournament data
2025-11-01 10:13:15,367 - scraper.selenium_scraper - INFO - Starting to scrape tournament data
2025-11-01 10:13:16,641 - scraper.selenium_scraper - INFO - Waiting for page to load...
2025-11-01 10:13:21,646 - scraper.selenium_scraper - INFO - Scrolling to load all auction cards...
2025-11-01 10:13:33,882 - scraper.selenium_scraper - INFO - Saved page screenshot to /home/runner/work/super-player-auction-scraper/super-player-auction-scraper/logs/screenshots/page_loaded_20251101101333.png
2025-11-01 10:13:33,882 - scraper.selenium_scraper - INFO - Looking for auction cards...
2025-11-01 10:13:33,941 - scraper.selenium_scraper - INFO - Found 20 auction cards
2025-11-01 10:13:34,672 - scraper.selenium_scraper - INFO - Scraped tournament 1: Goan Premier League 2025
2025-11-01 10:13:35,354 - scraper.selenium_scraper - INFO - Scraped tournament 2: JUCL - 5
2025-11-01 10:13:36,036 - scraper.selenium_scraper - INFO - Scraped tournament 3: NAUGACHHIYA PREMIER LEAGUE
2025-11-01 10:13:36,715 - scraper.selenium_scraper - INFO - Scraped tournament 4: PANJIM GYMKHANA MEMBERS LEAGUE 2025
2025-11-01 10:13:37,396 - scraper.selenium_scraper - INFO - Scraped tournament 5: UNITED PYVALICANZ PREMIER LEAGUE 2025
2025-11-01 10:13:38,079 - scraper.selenium_scraper - INFO - Scraped tournament 6: DBPL SEASON - 2
2025-11-01 10:13:38,761 - scraper.selenium_scraper - INFO - Scraped tournament 7: JAIN PREMIER LEAUGE NAWAPARA RAJIM -3
2025-11-01 10:13:39,439 - scraper.selenium_scraper - INFO - Scraped tournament 8: UCDAP CRICKET LEAGUE 2026 SEASON 3
2025-11-01 10:13:40,125 - scraper.selenium_scraper - INFO - Scraped tournament 9: SCPL 2025
2025-11-01 10:13:40,803 - scraper.selenium_scraper - INFO - Scraped tournament 10: JYCC
2025-11-01 10:13:41,482 - scraper.selenium_scraper - INFO - Scraped tournament 11: DDS PREMIER LEAGUE SEASON 3
2025-11-01 10:13:42,168 - scraper.selenium_scraper - INFO - Scraped tournament 12: NORTH INDIA CORPORATE CRICKET LEAGUE SEASON 1
2025-11-01 10:13:42,847 - scraper.selenium_scraper - INFO - Scraped tournament 13: GOA VETERANS CRICKET ASSOCIATION
2025-11-01 10:13:43,525 - scraper.selenium_scraper - INFO - Scraped tournament 14: KATEEL PREMIER LEAGUE 2025
2025-11-01 10:13:44,205 - scraper.selenium_scraper - INFO - Scraped tournament 15: SUPER 100
2025-11-01 10:13:44,885 - scraper.selenium_scraper - INFO - Scraped tournament 16: नीमच क्रिकेट लीग 2025
2025-11-01 10:13:45,566 - scraper.selenium_scraper - INFO - Scraped tournament 17: ArjunDMUP
2025-11-01 10:13:46,291 - scraper.selenium_scraper - INFO - Scraped tournament 18: ABSA BUNTS CUP 4TH EDITION
2025-11-01 10:13:46,970 - scraper.selenium_scraper - INFO - Scraped tournament 19: Dholi n Nayak Samaj Premiere League Sisseion-2
2025-11-01 10:13:47,660 - scraper.selenium_scraper - INFO - Scraped tournament 20: PRAHAR PREMIER LEAGUE SEASON 13
2025-11-01 10:13:47,660 - root - INFO - Successfully scraped 20 tournaments
2025-11-01 10:13:47,661 - root - INFO - Saved scraped data to /home/runner/work/super-player-auction-scraper/super-player-auction-scraper/data/tournament_data_20251101-101347.json
2025-11-01 10:13:47,661 - root - INFO - Initializing Graph API
2025-11-01 10:13:47,661 - excel.graph_api - INFO - Extracted file ID: 9e836ed5-f58f-4dc7-a969-3c62b255f3ea
2025-11-01 10:13:47,661 - excel.graph_api - INFO - Extracted site ID: CorpDevaaf94619130d4a79af9f3aeae502bdb5
2025-11-01 10:13:47,661 - root - INFO - Authenticating with Microsoft Graph API
2025-11-01 10:13:47,878 - excel.graph_api - INFO - Authentication successful
2025-11-01 10:13:47,878 - root - INFO - Updating Excel sheet with scraped data
2025-11-01 10:13:48,387 - excel.graph_api - INFO - Retrieved drive ID: b!MXUqfmBgAkyqAi_g7J1PO_6yKSWnHbZCs3mpe4EkYuX6d8izcdJxRb78S6OW5SIB
2025-11-01 10:13:49,548 - excel.graph_api - INFO - Retrieved 683 rows from Excel
2025-11-01 10:13:50,275 - excel.graph_api - INFO - Updating range A685:M689 with 5 new entries
2025-11-01 10:13:51,253 - excel.graph_api - INFO - Successfully added 5 new tournaments to Excel
2025-11-01 10:13:51,254 - root - INFO - Excel sheet updated successfully
2025-11-01 10:13:52,323 - scraper.selenium_scraper - INFO - Chrome driver closed
2025-11-01 10:13:52,323 - root - INFO - Selenium driver closed
2025-11-01 10:13:52,323 - root - INFO - Script execution completed
