2026-02-05 10:34:14,556 - root - INFO - Logger initialized successfully
2026-02-05 10:34:14,556 - root - INFO - Log file: /home/runner/work/super-player-auction-scraper/super-player-auction-scraper/logs/scraper_20260205_103414.log
2026-02-05 10:34:14,556 - root - INFO - Starting Super Player Auction scraper
2026-02-05 10:34:14,556 - utils.config - INFO - Credentials loaded from environment variables
2026-02-05 10:34:14,556 - utils.config - INFO - Settings loaded successfully
2026-02-05 10:34:14,557 - root - INFO - Initializing Selenium scraper
2026-02-05 10:34:14,557 - scraper.selenium_scraper - INFO - Running in GitHub Actions environment
2026-02-05 10:34:16,554 - selenium.webdriver.common.selenium_manager - WARNING - The chromedriver version (144.0.7559.96) detected in PATH at /usr/bin/chromedriver might not be compatible with the detected chrome version (144.0.7559.96); currently, chromedriver 144.0.7559.133 is recommended for chrome 144.*, so it is advised to delete the driver in PATH and retry
2026-02-05 10:34:24,231 - scraper.selenium_scraper - INFO - Chrome driver initialized successfully
2026-02-05 10:34:24,231 - root - INFO - Scraping tournament data
2026-02-05 10:34:24,232 - scraper.selenium_scraper - INFO - Starting to scrape tournament data
2026-02-05 10:34:25,094 - scraper.selenium_scraper - INFO - Waiting for page to load...
2026-02-05 10:34:30,099 - scraper.selenium_scraper - INFO - Scrolling to load all auction cards...
2026-02-05 10:34:42,257 - scraper.selenium_scraper - INFO - Saved page screenshot to /home/runner/work/super-player-auction-scraper/super-player-auction-scraper/logs/screenshots/page_loaded_20260205103442.png
2026-02-05 10:34:42,257 - scraper.selenium_scraper - INFO - Looking for auction cards...
2026-02-05 10:34:42,311 - scraper.selenium_scraper - INFO - Found 20 auction cards
2026-02-05 10:34:43,029 - scraper.selenium_scraper - INFO - Scraped tournament 1: Calicut Premier League
2026-02-05 10:34:43,718 - scraper.selenium_scraper - INFO - Scraped tournament 2: RAMADAN PREMIER LEAGUE SEASON 24
2026-02-05 10:34:44,406 - scraper.selenium_scraper - INFO - Scraped tournament 3: PGCL 2.O
2026-02-05 10:34:45,091 - scraper.selenium_scraper - INFO - Scraped tournament 4: DJPL Season 8
2026-02-05 10:34:45,777 - scraper.selenium_scraper - INFO - Scraped tournament 5: TPL 2026 - MEN
2026-02-05 10:34:46,465 - scraper.selenium_scraper - INFO - Scraped tournament 6: VISTA PREMIER LEAGUE SEASON 2
2026-02-05 10:34:47,156 - scraper.selenium_scraper - INFO - Scraped tournament 7: Calicut premier league Qatar
2026-02-05 10:34:47,841 - scraper.selenium_scraper - INFO - Scraped tournament 8: Slough Family League
2026-02-05 10:34:48,524 - scraper.selenium_scraper - INFO - Scraped tournament 9: SUBIC SRILANKAN PREMIER LEAGUE - SEASON 4 - 2026
2026-02-05 10:34:49,210 - scraper.selenium_scraper - INFO - Scraped tournament 10: PH2 Cricket League
2026-02-05 10:34:49,904 - scraper.selenium_scraper - INFO - Scraped tournament 11: Hind Sporting Premier League
2026-02-05 10:34:50,588 - scraper.selenium_scraper - INFO - Scraped tournament 12: MCPL 2026
2026-02-05 10:34:51,272 - scraper.selenium_scraper - INFO - Scraped tournament 13: SIKAR PREMIER LEAGUE 2025
2026-02-05 10:34:51,958 - scraper.selenium_scraper - INFO - Scraped tournament 14: SUPER FOOTBALL CHAMPIONSHIP
2026-02-05 10:34:52,643 - scraper.selenium_scraper - INFO - Scraped tournament 15: QIFF EASAKA MEMORIAL 7S FOOTBALL TOURNAMENT
2026-02-05 10:34:53,329 - scraper.selenium_scraper - INFO - Scraped tournament 16: MORNING PREMIER LEAGUE SEASON 11
2026-02-05 10:34:54,018 - scraper.selenium_scraper - INFO - Scraped tournament 17: IDPL 2026
2026-02-05 10:34:54,706 - scraper.selenium_scraper - INFO - Scraped tournament 18: Skyhawks Premier League - 3
2026-02-05 10:34:55,398 - scraper.selenium_scraper - INFO - Scraped tournament 19: CDS Doctor Cricket League 2026 Season - 2
2026-02-05 10:34:56,084 - scraper.selenium_scraper - INFO - Scraped tournament 20: KAKINADA PICKLE LEAGUE
2026-02-05 10:34:56,084 - root - INFO - Successfully scraped 20 tournaments
2026-02-05 10:34:56,084 - root - INFO - Saved scraped data to /home/runner/work/super-player-auction-scraper/super-player-auction-scraper/data/tournament_data_20260205-103456.json
2026-02-05 10:34:56,084 - root - INFO - Initializing Graph API
2026-02-05 10:34:56,084 - excel.graph_api - INFO - Extracted file ID: 9e836ed5-f58f-4dc7-a969-3c62b255f3ea
2026-02-05 10:34:56,085 - excel.graph_api - INFO - Extracted site ID: CorpDevaaf94619130d4a79af9f3aeae502bdb5
2026-02-05 10:34:56,085 - root - INFO - Authenticating with Microsoft Graph API
2026-02-05 10:34:56,295 - excel.graph_api - INFO - Authentication successful
2026-02-05 10:34:56,295 - root - INFO - Updating Excel sheet with scraped data
2026-02-05 10:34:56,790 - excel.graph_api - INFO - Retrieved drive ID: b!MXUqfmBgAkyqAi_g7J1PO_6yKSWnHbZCs3mpe4EkYuX6d8izcdJxRb78S6OW5SIB
2026-02-05 10:34:58,834 - excel.graph_api - INFO - Retrieved 1182 rows from Excel
2026-02-05 10:35:00,223 - excel.graph_api - INFO - Updating range A1184:M1185 with 2 new entries
2026-02-05 10:35:01,704 - excel.graph_api - INFO - Successfully added 2 new tournaments to Excel
2026-02-05 10:35:01,705 - root - INFO - Excel sheet updated successfully
2026-02-05 10:35:01,783 - scraper.selenium_scraper - INFO - Chrome driver closed
2026-02-05 10:35:01,783 - root - INFO - Selenium driver closed
2026-02-05 10:35:01,783 - root - INFO - Script execution completed
