2026-06-14 11:50:40,165 - root - INFO - Logger initialized successfully
2026-06-14 11:50:40,165 - root - INFO - Log file: /home/runner/work/super-player-auction-scraper/super-player-auction-scraper/logs/scraper_20260614_115040.log
2026-06-14 11:50:40,165 - root - INFO - Starting Super Player Auction scraper
2026-06-14 11:50:40,166 - utils.config - INFO - Credentials loaded from environment variables
2026-06-14 11:50:40,166 - utils.config - INFO - Settings loaded successfully
2026-06-14 11:50:40,166 - root - INFO - Initializing Selenium scraper
2026-06-14 11:50:40,166 - scraper.selenium_scraper - INFO - Running in GitHub Actions environment
2026-06-14 11:50:44,303 - selenium.webdriver.common.selenium_manager - WARNING - The chromedriver version (149.0.7827.54) detected in PATH at /usr/bin/chromedriver might not be compatible with the detected chrome version (149.0.7827.53); currently, chromedriver 149.0.7827.115 is recommended for chrome 149.*, so it is advised to delete the driver in PATH and retry
2026-06-14 11:50:57,950 - scraper.selenium_scraper - INFO - Chrome driver initialized successfully
2026-06-14 11:50:57,950 - root - INFO - Scraping tournament data
2026-06-14 11:50:57,950 - scraper.selenium_scraper - INFO - Starting to scrape tournament data
2026-06-14 11:50:58,992 - scraper.selenium_scraper - INFO - Waiting for page to load...
2026-06-14 11:51:03,997 - scraper.selenium_scraper - INFO - Scrolling to load all auction cards...
2026-06-14 11:51:16,283 - scraper.selenium_scraper - INFO - Saved page screenshot to /home/runner/work/super-player-auction-scraper/super-player-auction-scraper/logs/screenshots/page_loaded_20260614115116.png
2026-06-14 11:51:16,283 - scraper.selenium_scraper - INFO - Looking for auction cards...
2026-06-14 11:51:16,308 - scraper.selenium_scraper - INFO - Found 20 auction cards
2026-06-14 11:51:17,071 - scraper.selenium_scraper - INFO - Scraped tournament 1: RRC - JEET KI JUNG
2026-06-14 11:51:17,770 - scraper.selenium_scraper - INFO - Scraped tournament 2: Super Cricket League
2026-06-14 11:51:18,641 - scraper.selenium_scraper - INFO - Scraped tournament 3: SUPER FOOTBALL CHAMPIONSHIP
2026-06-14 11:51:19,333 - scraper.selenium_scraper - INFO - Scraped tournament 4: पोकरण प्रीमियर लीग
2026-06-14 11:51:20,027 - scraper.selenium_scraper - INFO - Scraped tournament 5: KHATRI CHAMPIONS LEAGUE 2026
2026-06-14 11:51:20,717 - scraper.selenium_scraper - INFO - Scraped tournament 6: WNBPL 2026
2026-06-14 11:51:21,407 - scraper.selenium_scraper - INFO - Scraped tournament 7: DB CUP
2026-06-14 11:51:22,094 - scraper.selenium_scraper - INFO - Scraped tournament 8: Dream UTT Juniors Season 2
2026-06-14 11:51:22,782 - scraper.selenium_scraper - INFO - Scraped tournament 9: REPUBLIC CUP 2.0
2026-06-14 11:51:23,475 - scraper.selenium_scraper - INFO - Scraped tournament 10: Auction Demo Jodi
2026-06-14 11:51:24,176 - scraper.selenium_scraper - INFO - Scraped tournament 11: SIKAR PREMIER LEAGUE 2025
2026-06-14 11:51:24,867 - scraper.selenium_scraper - INFO - Scraped tournament 12: BJP
2026-06-14 11:51:25,555 - scraper.selenium_scraper - INFO - Scraped tournament 13: SUPER LEAGUE GROUP
2026-06-14 11:51:26,245 - scraper.selenium_scraper - INFO - Scraped tournament 14: SUPER CRICKET LEAGUE
2026-06-14 11:51:26,933 - scraper.selenium_scraper - INFO - Scraped tournament 15: PALAKKAD CRICKET LEAGUE SEASON 2 - 2026
2026-06-14 11:51:27,623 - scraper.selenium_scraper - INFO - Scraped tournament 16: KPL 2026
2026-06-14 11:51:28,317 - scraper.selenium_scraper - INFO - Scraped tournament 17: TOLIYASAR PREMIER LEAGUE (TPL) SEASON 3
2026-06-14 11:51:29,003 - scraper.selenium_scraper - INFO - Scraped tournament 18: ELITETANK SPORTS PRESENT SHIRSAT SPORTS WOMEN PREMIER LEAGUE 2026
2026-06-14 11:51:29,706 - scraper.selenium_scraper - INFO - Scraped tournament 19: JITO Pitch × Profit Powered By Sharp Ply
2026-06-14 11:51:30,404 - scraper.selenium_scraper - INFO - Scraped tournament 20: Himachal Tennis Cricket League T10
2026-06-14 11:51:30,404 - root - INFO - Successfully scraped 20 tournaments
2026-06-14 11:51:30,405 - root - INFO - Saved scraped data to /home/runner/work/super-player-auction-scraper/super-player-auction-scraper/data/tournament_data_20260614-115130.json
2026-06-14 11:51:30,405 - root - INFO - Initializing Graph API
2026-06-14 11:51:30,405 - excel.graph_api - INFO - Extracted file ID: 9e836ed5-f58f-4dc7-a969-3c62b255f3ea
2026-06-14 11:51:30,405 - excel.graph_api - INFO - Extracted site ID: CorpDevaaf94619130d4a79af9f3aeae502bdb5
2026-06-14 11:51:30,405 - root - INFO - Authenticating with Microsoft Graph API
2026-06-14 11:51:30,748 - excel.graph_api - INFO - Authentication successful
2026-06-14 11:51:30,748 - root - INFO - Updating Excel sheet with scraped data
2026-06-14 11:51:31,373 - excel.graph_api - INFO - Retrieved drive ID: b!MXUqfmBgAkyqAi_g7J1PO_6yKSWnHbZCs3mpe4EkYuX6d8izcdJxRb78S6OW5SIB
2026-06-14 11:51:32,794 - excel.graph_api - INFO - Retrieved 1688 rows from Excel
2026-06-14 11:51:33,878 - excel.graph_api - INFO - Updating range A1690:Z1690 with 1 new entries
2026-06-14 11:51:34,983 - excel.graph_api - INFO - Successfully added 1 new tournaments to Excel
2026-06-14 11:51:34,985 - root - INFO - Excel sheet updated successfully
2026-06-14 11:51:35,063 - scraper.selenium_scraper - INFO - Chrome driver closed
2026-06-14 11:51:35,063 - root - INFO - Selenium driver closed
2026-06-14 11:51:35,063 - root - INFO - Script execution completed
