2026-01-11 15:13:39,928 - root - INFO - Logger initialized successfully
2026-01-11 15:13:39,929 - root - INFO - Log file: /home/runner/work/super-player-auction-scraper/super-player-auction-scraper/logs/scraper_20260111_151339.log
2026-01-11 15:13:39,929 - root - INFO - Starting Super Player Auction scraper
2026-01-11 15:13:39,929 - utils.config - INFO - Credentials loaded from environment variables
2026-01-11 15:13:39,929 - utils.config - INFO - Settings loaded successfully
2026-01-11 15:13:39,929 - root - INFO - Initializing Selenium scraper
2026-01-11 15:13:39,929 - scraper.selenium_scraper - INFO - Running in GitHub Actions environment
2026-01-11 15:13:42,598 - selenium.webdriver.common.selenium_manager - WARNING - The chromedriver version (143.0.7499.169) detected in PATH at /usr/bin/chromedriver might not be compatible with the detected chrome version (143.0.7499.169); currently, chromedriver 143.0.7499.192 is recommended for chrome 143.*, so it is advised to delete the driver in PATH and retry
2026-01-11 15:13:51,740 - scraper.selenium_scraper - INFO - Chrome driver initialized successfully
2026-01-11 15:13:51,740 - root - INFO - Scraping tournament data
2026-01-11 15:13:51,740 - scraper.selenium_scraper - INFO - Starting to scrape tournament data
2026-01-11 15:13:53,018 - scraper.selenium_scraper - INFO - Waiting for page to load...
2026-01-11 15:13:58,023 - scraper.selenium_scraper - INFO - Scrolling to load all auction cards...
2026-01-11 15:14:10,193 - scraper.selenium_scraper - INFO - Saved page screenshot to /home/runner/work/super-player-auction-scraper/super-player-auction-scraper/logs/screenshots/page_loaded_20260111151410.png
2026-01-11 15:14:10,193 - scraper.selenium_scraper - INFO - Looking for auction cards...
2026-01-11 15:14:10,228 - scraper.selenium_scraper - INFO - Found 20 auction cards
2026-01-11 15:14:10,949 - scraper.selenium_scraper - INFO - Scraped tournament 1: Vidya Jyothi Premier League
2026-01-11 15:14:11,731 - scraper.selenium_scraper - INFO - Scraped tournament 2: SPSV Cricket League 2026
2026-01-11 15:14:12,422 - scraper.selenium_scraper - INFO - Scraped tournament 3: Jolly Premier League-2026
2026-01-11 15:14:13,110 - scraper.selenium_scraper - INFO - Scraped tournament 4: ABPL - Season 5 | 2026 | Auction
2026-01-11 15:14:13,799 - scraper.selenium_scraper - INFO - Scraped tournament 5: SIKAR PREMIER LEAGUE 2025
2026-01-11 15:14:14,489 - scraper.selenium_scraper - INFO - Scraped tournament 6: SUPER FOOTBALL CHAMPIONSHIP
2026-01-11 15:14:15,185 - scraper.selenium_scraper - INFO - Scraped tournament 7: PALANPUR SAMAJ KENDRA 2026 SEASON 4- MENS
2026-01-11 15:14:15,871 - scraper.selenium_scraper - INFO - Scraped tournament 8: Muslim Premier League Bhilai Season 1
2026-01-11 15:14:16,556 - scraper.selenium_scraper - INFO - Scraped tournament 9: SCL - 2
2026-01-11 15:14:17,246 - scraper.selenium_scraper - INFO - Scraped tournament 10: REPUBLIC CUP 2.0
2026-01-11 15:14:17,940 - scraper.selenium_scraper - INFO - Scraped tournament 11: Jizan Premier league -3
2026-01-11 15:14:18,627 - scraper.selenium_scraper - INFO - Scraped tournament 12: KPL
2026-01-11 15:14:19,313 - scraper.selenium_scraper - INFO - Scraped tournament 13: Jizan Premier league -3 ICON
2026-01-11 15:14:20,002 - scraper.selenium_scraper - INFO - Scraped tournament 14: CCL 6
2026-01-11 15:14:20,688 - scraper.selenium_scraper - INFO - Scraped tournament 15: Mira Bhayandar Premier League - Season 7
2026-01-11 15:14:21,375 - scraper.selenium_scraper - INFO - Scraped tournament 16: PHOENIX - GOLDEN EAGLES CRICKET CARNIVAL SEASON 5
2026-01-11 15:14:22,064 - scraper.selenium_scraper - INFO - Scraped tournament 17: Prajapati Premiere League
2026-01-11 15:14:22,749 - scraper.selenium_scraper - INFO - Scraped tournament 18: BCPL SEASON 1
2026-01-11 15:14:23,443 - scraper.selenium_scraper - INFO - Scraped tournament 19: PIMPRI CHINCHWAD DOCTORS PREMIER LEAGUE 2026
2026-01-11 15:14:24,130 - scraper.selenium_scraper - INFO - Scraped tournament 20: Zoroastrian Volleyball Premier League
2026-01-11 15:14:24,130 - root - INFO - Successfully scraped 20 tournaments
2026-01-11 15:14:24,131 - root - INFO - Saved scraped data to /home/runner/work/super-player-auction-scraper/super-player-auction-scraper/data/tournament_data_20260111-151424.json
2026-01-11 15:14:24,131 - root - INFO - Initializing Graph API
2026-01-11 15:14:24,131 - excel.graph_api - INFO - Extracted file ID: 9e836ed5-f58f-4dc7-a969-3c62b255f3ea
2026-01-11 15:14:24,131 - excel.graph_api - INFO - Extracted site ID: CorpDevaaf94619130d4a79af9f3aeae502bdb5
2026-01-11 15:14:24,131 - root - INFO - Authenticating with Microsoft Graph API
2026-01-11 15:14:24,606 - excel.graph_api - INFO - Authentication successful
2026-01-11 15:14:24,606 - root - INFO - Updating Excel sheet with scraped data
2026-01-11 15:14:24,811 - excel.graph_api - INFO - Retrieved drive ID: b!MXUqfmBgAkyqAi_g7J1PO_6yKSWnHbZCs3mpe4EkYuX6d8izcdJxRb78S6OW5SIB
2026-01-11 15:14:26,089 - excel.graph_api - INFO - Retrieved 1053 rows from Excel
2026-01-11 15:14:26,886 - excel.graph_api - INFO - Updating range A1055:M1055 with 1 new entries
2026-01-11 15:14:27,884 - excel.graph_api - INFO - Successfully added 1 new tournaments to Excel
2026-01-11 15:14:27,885 - root - INFO - Excel sheet updated successfully
2026-01-11 15:14:27,953 - scraper.selenium_scraper - INFO - Chrome driver closed
2026-01-11 15:14:27,953 - root - INFO - Selenium driver closed
2026-01-11 15:14:27,953 - root - INFO - Script execution completed
