2025-12-08 10:17:19,861 - root - INFO - Logger initialized successfully
2025-12-08 10:17:19,861 - root - INFO - Log file: /home/runner/work/super-player-auction-scraper/super-player-auction-scraper/logs/scraper_20251208_101719.log
2025-12-08 10:17:19,861 - root - INFO - Starting Super Player Auction scraper
2025-12-08 10:17:19,861 - utils.config - INFO - Credentials loaded from environment variables
2025-12-08 10:17:19,862 - utils.config - INFO - Settings loaded successfully
2025-12-08 10:17:19,862 - root - INFO - Initializing Selenium scraper
2025-12-08 10:17:19,862 - scraper.selenium_scraper - INFO - Running in GitHub Actions environment
2025-12-08 10:17:30,594 - scraper.selenium_scraper - INFO - Chrome driver initialized successfully
2025-12-08 10:17:30,594 - root - INFO - Scraping tournament data
2025-12-08 10:17:30,594 - scraper.selenium_scraper - INFO - Starting to scrape tournament data
2025-12-08 10:17:32,806 - scraper.selenium_scraper - INFO - Waiting for page to load...
2025-12-08 10:17:37,811 - scraper.selenium_scraper - INFO - Scrolling to load all auction cards...
2025-12-08 10:17:49,990 - scraper.selenium_scraper - INFO - Saved page screenshot to /home/runner/work/super-player-auction-scraper/super-player-auction-scraper/logs/screenshots/page_loaded_20251208101749.png
2025-12-08 10:17:49,990 - scraper.selenium_scraper - INFO - Looking for auction cards...
2025-12-08 10:17:50,057 - scraper.selenium_scraper - INFO - Found 20 auction cards
2025-12-08 10:17:50,784 - scraper.selenium_scraper - INFO - Scraped tournament 1: MONTE SOUTH PREMIER LEAGUE
2025-12-08 10:17:51,475 - scraper.selenium_scraper - INFO - Scraped tournament 2: Streamify Cup Open Category
2025-12-08 10:17:52,163 - scraper.selenium_scraper - INFO - Scraped tournament 3: CHAMPIONS LEAGUE FOOTBALL SEASON 4
2025-12-08 10:17:52,855 - scraper.selenium_scraper - INFO - Scraped tournament 4: ECPL 2026
2025-12-08 10:17:53,545 - scraper.selenium_scraper - INFO - Scraped tournament 5: JITO ATHLON -FOOTBALL
2025-12-08 10:17:54,237 - scraper.selenium_scraper - INFO - Scraped tournament 6: JITO ATHLON - FULL PITCH CRICKET
2025-12-08 10:17:54,927 - scraper.selenium_scraper - INFO - Scraped tournament 7: MIPL
2025-12-08 10:17:55,617 - scraper.selenium_scraper - INFO - Scraped tournament 8: IHCL MEN
2025-12-08 10:17:56,304 - scraper.selenium_scraper - INFO - Scraped tournament 9: IHCL WOMEN
2025-12-08 10:17:57,001 - scraper.selenium_scraper - INFO - Scraped tournament 10: SAPPHIRE PREMIER LEAGUE
2025-12-08 10:17:57,691 - scraper.selenium_scraper - INFO - Scraped tournament 11: Panchal Premier League - 10 , Vadodara
2025-12-08 10:17:58,373 - scraper.selenium_scraper - INFO - Scraped tournament 12: Delta Football League
2025-12-08 10:17:59,057 - scraper.selenium_scraper - INFO - Scraped tournament 13: TNPL PREMIER LEAGUE SEASON 4
2025-12-08 10:17:59,749 - scraper.selenium_scraper - INFO - Scraped tournament 14: Simga Tennis Premier League
2025-12-08 10:18:00,436 - scraper.selenium_scraper - INFO - Scraped tournament 15: Sindhi Premier League 6.0
2025-12-08 10:18:01,122 - scraper.selenium_scraper - INFO - Scraped tournament 16: MULUMUDI PREMIER LEAGUE 2026 AUCTION
2025-12-08 10:18:01,810 - scraper.selenium_scraper - INFO - Scraped tournament 17: YELLAM PREMIER LEAGUE
2025-12-08 10:18:02,500 - scraper.selenium_scraper - INFO - Scraped tournament 18: Amleshwar Big Bash Dhamaka
2025-12-08 10:18:03,187 - scraper.selenium_scraper - INFO - Scraped tournament 19: TPL 2026
2025-12-08 10:18:03,872 - scraper.selenium_scraper - INFO - Scraped tournament 20: SIKAR PREMIER LEAGUE 2025
2025-12-08 10:18:03,872 - root - INFO - Successfully scraped 20 tournaments
2025-12-08 10:18:03,872 - root - INFO - Saved scraped data to /home/runner/work/super-player-auction-scraper/super-player-auction-scraper/data/tournament_data_20251208-101803.json
2025-12-08 10:18:03,873 - root - INFO - Initializing Graph API
2025-12-08 10:18:03,873 - excel.graph_api - INFO - Extracted file ID: 9e836ed5-f58f-4dc7-a969-3c62b255f3ea
2025-12-08 10:18:03,873 - excel.graph_api - INFO - Extracted site ID: CorpDevaaf94619130d4a79af9f3aeae502bdb5
2025-12-08 10:18:03,873 - root - INFO - Authenticating with Microsoft Graph API
2025-12-08 10:18:04,371 - excel.graph_api - INFO - Authentication successful
2025-12-08 10:18:04,371 - root - INFO - Updating Excel sheet with scraped data
2025-12-08 10:18:04,663 - excel.graph_api - INFO - Retrieved drive ID: b!MXUqfmBgAkyqAi_g7J1PO_6yKSWnHbZCs3mpe4EkYuX6d8izcdJxRb78S6OW5SIB
2025-12-08 10:18:05,737 - excel.graph_api - INFO - Retrieved 820 rows from Excel
2025-12-08 10:18:06,467 - excel.graph_api - INFO - Updating range A822:M823 with 2 new entries
2025-12-08 10:18:07,376 - excel.graph_api - INFO - Successfully added 2 new tournaments to Excel
2025-12-08 10:18:07,377 - root - INFO - Excel sheet updated successfully
2025-12-08 10:18:07,445 - scraper.selenium_scraper - INFO - Chrome driver closed
2025-12-08 10:18:07,445 - root - INFO - Selenium driver closed
2025-12-08 10:18:07,445 - root - INFO - Script execution completed
