2026-03-12 15:51:49,106 - root - INFO - Logger initialized successfully
2026-03-12 15:51:49,106 - root - INFO - Log file: /home/runner/work/super-player-auction-scraper/super-player-auction-scraper/logs/scraper_20260312_155149.log
2026-03-12 15:51:49,107 - root - INFO - Starting Super Player Auction scraper
2026-03-12 15:51:49,107 - utils.config - INFO - Credentials loaded from environment variables
2026-03-12 15:51:49,107 - utils.config - INFO - Settings loaded successfully
2026-03-12 15:51:49,107 - root - INFO - Initializing Selenium scraper
2026-03-12 15:51:49,107 - scraper.selenium_scraper - INFO - Running in GitHub Actions environment
2026-03-12 15:52:03,366 - scraper.selenium_scraper - INFO - Chrome driver initialized successfully
2026-03-12 15:52:03,366 - root - INFO - Scraping tournament data
2026-03-12 15:52:03,366 - scraper.selenium_scraper - INFO - Starting to scrape tournament data
2026-03-12 15:52:05,324 - scraper.selenium_scraper - INFO - Waiting for page to load...
2026-03-12 15:52:10,328 - scraper.selenium_scraper - INFO - Scrolling to load all auction cards...
2026-03-12 15:52:22,596 - scraper.selenium_scraper - INFO - Saved page screenshot to /home/runner/work/super-player-auction-scraper/super-player-auction-scraper/logs/screenshots/page_loaded_20260312155222.png
2026-03-12 15:52:22,596 - scraper.selenium_scraper - INFO - Looking for auction cards...
2026-03-12 15:52:22,634 - scraper.selenium_scraper - INFO - Found 20 auction cards
2026-03-12 15:52:23,389 - scraper.selenium_scraper - INFO - Scraped tournament 1: RELIANCE SPL 2026
2026-03-12 15:52:24,113 - scraper.selenium_scraper - INFO - Scraped tournament 2: DTC
2026-03-12 15:52:24,799 - scraper.selenium_scraper - INFO - Scraped tournament 3: Exquisite Premier League- Men's
2026-03-12 15:52:25,484 - scraper.selenium_scraper - INFO - Scraped tournament 4: Exquisite Premier League- Seniors
2026-03-12 15:52:26,168 - scraper.selenium_scraper - INFO - Scraped tournament 5: Exquisite Premier League - Women's
2026-03-12 15:52:26,853 - scraper.selenium_scraper - INFO - Scraped tournament 6: Vardhamanpura Super League
2026-03-12 15:52:27,538 - scraper.selenium_scraper - INFO - Scraped tournament 7: MCPL 2026
2026-03-12 15:52:28,219 - scraper.selenium_scraper - INFO - Scraped tournament 8: BSA League - 1
2026-03-12 15:52:28,911 - scraper.selenium_scraper - INFO - Scraped tournament 9: UNITY CUP Season 3 [2026-27]
2026-03-12 15:52:29,593 - scraper.selenium_scraper - INFO - Scraped tournament 10: SIKAR PREMIER LEAGUE 2025
2026-03-12 15:52:30,273 - scraper.selenium_scraper - INFO - Scraped tournament 11: ROHAT PREMIER LEAGUE
2026-03-12 15:52:30,954 - scraper.selenium_scraper - INFO - Scraped tournament 12: SUPER FOOTBALL CHAMPIONSHIP
2026-03-12 15:52:31,637 - scraper.selenium_scraper - INFO - Scraped tournament 13: NPL
2026-03-12 15:52:32,324 - scraper.selenium_scraper - INFO - Scraped tournament 14: BJP
2026-03-12 15:52:33,009 - scraper.selenium_scraper - INFO - Scraped tournament 15: SUPER CRICKRT LEAGUE - MAHIPAL
2026-03-12 15:52:33,690 - scraper.selenium_scraper - INFO - Scraped tournament 16: THANE DISTRICT ADVOCATE PREMIER LEAGUE
2026-03-12 15:52:34,370 - scraper.selenium_scraper - INFO - Scraped tournament 17: SUNDAY CRICKET CLUB SUPER 20-20
2026-03-12 15:52:35,062 - scraper.selenium_scraper - INFO - Scraped tournament 18: SSR CUP
2026-03-12 15:52:35,744 - scraper.selenium_scraper - INFO - Scraped tournament 19: RANUJ GAM CRICKET LEAGUE
2026-03-12 15:52:36,423 - scraper.selenium_scraper - INFO - Scraped tournament 20: SAMEER BHAU KAMBLE CHASHAK 2026
2026-03-12 15:52:36,423 - root - INFO - Successfully scraped 20 tournaments
2026-03-12 15:52:36,424 - root - INFO - Saved scraped data to /home/runner/work/super-player-auction-scraper/super-player-auction-scraper/data/tournament_data_20260312-155236.json
2026-03-12 15:52:36,424 - root - INFO - Initializing Graph API
2026-03-12 15:52:36,424 - excel.graph_api - INFO - Extracted file ID: 9e836ed5-f58f-4dc7-a969-3c62b255f3ea
2026-03-12 15:52:36,424 - excel.graph_api - INFO - Extracted site ID: CorpDevaaf94619130d4a79af9f3aeae502bdb5
2026-03-12 15:52:36,424 - root - INFO - Authenticating with Microsoft Graph API
2026-03-12 15:52:36,817 - excel.graph_api - INFO - Authentication successful
2026-03-12 15:52:36,817 - root - INFO - Updating Excel sheet with scraped data
2026-03-12 15:52:37,328 - excel.graph_api - INFO - Retrieved drive ID: b!MXUqfmBgAkyqAi_g7J1PO_6yKSWnHbZCs3mpe4EkYuX6d8izcdJxRb78S6OW5SIB
2026-03-12 15:52:39,409 - excel.graph_api - INFO - Retrieved 1328 rows from Excel
2026-03-12 15:52:40,803 - excel.graph_api - INFO - Updating range A1330:M1330 with 1 new entries
2026-03-12 15:52:41,992 - excel.graph_api - INFO - Successfully added 1 new tournaments to Excel
2026-03-12 15:52:41,994 - root - INFO - Excel sheet updated successfully
2026-03-12 15:52:42,071 - scraper.selenium_scraper - INFO - Chrome driver closed
2026-03-12 15:52:42,071 - root - INFO - Selenium driver closed
2026-03-12 15:52:42,071 - root - INFO - Script execution completed
