2026-03-14 15:20:44,805 - root - INFO - Logger initialized successfully
2026-03-14 15:20:44,805 - root - INFO - Log file: /home/runner/work/super-player-auction-scraper/super-player-auction-scraper/logs/scraper_20260314_152044.log
2026-03-14 15:20:44,805 - root - INFO - Starting Super Player Auction scraper
2026-03-14 15:20:44,805 - utils.config - INFO - Credentials loaded from environment variables
2026-03-14 15:20:44,806 - utils.config - INFO - Settings loaded successfully
2026-03-14 15:20:44,806 - root - INFO - Initializing Selenium scraper
2026-03-14 15:20:44,806 - scraper.selenium_scraper - INFO - Running in GitHub Actions environment
2026-03-14 15:21:00,694 - scraper.selenium_scraper - INFO - Chrome driver initialized successfully
2026-03-14 15:21:00,694 - root - INFO - Scraping tournament data
2026-03-14 15:21:00,694 - scraper.selenium_scraper - INFO - Starting to scrape tournament data
2026-03-14 15:21:02,604 - scraper.selenium_scraper - INFO - Waiting for page to load...
2026-03-14 15:21:07,609 - scraper.selenium_scraper - INFO - Scrolling to load all auction cards...
2026-03-14 15:21:19,752 - scraper.selenium_scraper - INFO - Saved page screenshot to /home/runner/work/super-player-auction-scraper/super-player-auction-scraper/logs/screenshots/page_loaded_20260314152119.png
2026-03-14 15:21:19,752 - scraper.selenium_scraper - INFO - Looking for auction cards...
2026-03-14 15:21:19,802 - scraper.selenium_scraper - INFO - Found 20 auction cards
2026-03-14 15:21:20,539 - scraper.selenium_scraper - INFO - Scraped tournament 1: Exquisite Premier League- Men's
2026-03-14 15:21:21,293 - scraper.selenium_scraper - INFO - Scraped tournament 2: Exquisite Premier League- Seniors
2026-03-14 15:21:22,000 - scraper.selenium_scraper - INFO - Scraped tournament 3: Exquisite Premier League - Women's
2026-03-14 15:21:22,698 - scraper.selenium_scraper - INFO - Scraped tournament 4: 7am Cricket Club Summer Grandslam 6.0
2026-03-14 15:21:23,393 - scraper.selenium_scraper - INFO - Scraped tournament 5: HEERAPUR PREMIER LEAGUE SEASON - 2
2026-03-14 15:21:24,091 - scraper.selenium_scraper - INFO - Scraped tournament 6: SINDHI PREMIER LEAGUE-7 MEN'S
2026-03-14 15:21:24,790 - scraper.selenium_scraper - INFO - Scraped tournament 7: WOMEN'S SINDHI PREMIER LEAGUE-3
2026-03-14 15:21:25,484 - scraper.selenium_scraper - INFO - Scraped tournament 8: GLVM CRICKET LEAGUE 2026
2026-03-14 15:21:26,179 - scraper.selenium_scraper - INFO - Scraped tournament 9: Vardhamanpura Super League
2026-03-14 15:21:26,887 - scraper.selenium_scraper - INFO - Scraped tournament 10: MCPL 2026
2026-03-14 15:21:27,582 - scraper.selenium_scraper - INFO - Scraped tournament 11: BSA League - 1
2026-03-14 15:21:28,276 - scraper.selenium_scraper - INFO - Scraped tournament 12: UNITY CUP Season 3 [2026-27]
2026-03-14 15:21:28,971 - scraper.selenium_scraper - INFO - Scraped tournament 13: SIKAR PREMIER LEAGUE 2025
2026-03-14 15:21:29,675 - scraper.selenium_scraper - INFO - Scraped tournament 14: ROHAT PREMIER LEAGUE
2026-03-14 15:21:30,377 - scraper.selenium_scraper - INFO - Scraped tournament 15: SUPER FOOTBALL CHAMPIONSHIP
2026-03-14 15:21:31,074 - scraper.selenium_scraper - INFO - Scraped tournament 16: NPL
2026-03-14 15:21:31,775 - scraper.selenium_scraper - INFO - Scraped tournament 17: BJP
2026-03-14 15:21:32,483 - scraper.selenium_scraper - INFO - Scraped tournament 18: SUPER CRICKRT LEAGUE - MAHIPAL
2026-03-14 15:21:33,180 - scraper.selenium_scraper - INFO - Scraped tournament 19: PRAHAR PREMIER LEAGUE 2026
2026-03-14 15:21:33,876 - scraper.selenium_scraper - INFO - Scraped tournament 20: Awesome Premier League 2026 Season 10 Dhamaka Edition
2026-03-14 15:21:33,876 - root - INFO - Successfully scraped 20 tournaments
2026-03-14 15:21:33,877 - root - INFO - Saved scraped data to /home/runner/work/super-player-auction-scraper/super-player-auction-scraper/data/tournament_data_20260314-152133.json
2026-03-14 15:21:33,877 - root - INFO - Initializing Graph API
2026-03-14 15:21:33,877 - excel.graph_api - INFO - Extracted file ID: 9e836ed5-f58f-4dc7-a969-3c62b255f3ea
2026-03-14 15:21:33,877 - excel.graph_api - INFO - Extracted site ID: CorpDevaaf94619130d4a79af9f3aeae502bdb5
2026-03-14 15:21:33,877 - root - INFO - Authenticating with Microsoft Graph API
2026-03-14 15:21:34,029 - excel.graph_api - INFO - Authentication successful
2026-03-14 15:21:34,029 - root - INFO - Updating Excel sheet with scraped data
2026-03-14 15:21:34,465 - excel.graph_api - INFO - Retrieved drive ID: b!MXUqfmBgAkyqAi_g7J1PO_6yKSWnHbZCs3mpe4EkYuX6d8izcdJxRb78S6OW5SIB
2026-03-14 15:21:36,253 - excel.graph_api - INFO - Retrieved 1337 rows from Excel
2026-03-14 15:21:44,053 - excel.graph_api - INFO - Updating range A1339:M1340 with 2 new entries
2026-03-14 15:21:45,137 - excel.graph_api - INFO - Successfully added 2 new tournaments to Excel
2026-03-14 15:21:45,139 - root - INFO - Excel sheet updated successfully
2026-03-14 15:21:45,218 - scraper.selenium_scraper - INFO - Chrome driver closed
2026-03-14 15:21:45,218 - root - INFO - Selenium driver closed
2026-03-14 15:21:45,218 - root - INFO - Script execution completed
