2025-12-09 10:17:33,701 - root - INFO - Logger initialized successfully
2025-12-09 10:17:33,702 - root - INFO - Log file: /home/runner/work/super-player-auction-scraper/super-player-auction-scraper/logs/scraper_20251209_101733.log
2025-12-09 10:17:33,702 - root - INFO - Starting Super Player Auction scraper
2025-12-09 10:17:33,702 - utils.config - INFO - Credentials loaded from environment variables
2025-12-09 10:17:33,702 - utils.config - INFO - Settings loaded successfully
2025-12-09 10:17:33,702 - root - INFO - Initializing Selenium scraper
2025-12-09 10:17:33,702 - scraper.selenium_scraper - INFO - Running in GitHub Actions environment
2025-12-09 10:17:41,121 - scraper.selenium_scraper - INFO - Chrome driver initialized successfully
2025-12-09 10:17:41,121 - root - INFO - Scraping tournament data
2025-12-09 10:17:41,121 - scraper.selenium_scraper - INFO - Starting to scrape tournament data
2025-12-09 10:17:41,799 - scraper.selenium_scraper - INFO - Waiting for page to load...
2025-12-09 10:17:46,804 - scraper.selenium_scraper - INFO - Scrolling to load all auction cards...
2025-12-09 10:17:58,941 - scraper.selenium_scraper - INFO - Saved page screenshot to /home/runner/work/super-player-auction-scraper/super-player-auction-scraper/logs/screenshots/page_loaded_20251209101758.png
2025-12-09 10:17:58,942 - scraper.selenium_scraper - INFO - Looking for auction cards...
2025-12-09 10:17:58,974 - scraper.selenium_scraper - INFO - Found 20 auction cards
2025-12-09 10:17:59,722 - scraper.selenium_scraper - INFO - Scraped tournament 1: Streamify Cup Open Category
2025-12-09 10:18:00,467 - scraper.selenium_scraper - INFO - Scraped tournament 2: CHAMPIONS LEAGUE FOOTBALL SEASON 4
2025-12-09 10:18:01,179 - scraper.selenium_scraper - INFO - Scraped tournament 3: MOBILE PREMIER LEAGUE - 4
2025-12-09 10:18:01,897 - scraper.selenium_scraper - INFO - Scraped tournament 4: ECPL 2026
2025-12-09 10:18:02,583 - scraper.selenium_scraper - INFO - Scraped tournament 5: JITO ATHLON -FOOTBALL
2025-12-09 10:18:03,275 - scraper.selenium_scraper - INFO - Scraped tournament 6: JITO ATHLON - FULL PITCH CRICKET
2025-12-09 10:18:03,969 - scraper.selenium_scraper - INFO - Scraped tournament 7: MIPL
2025-12-09 10:18:04,666 - scraper.selenium_scraper - INFO - Scraped tournament 8: Matunga Gymkhana Champions League 2026
2025-12-09 10:18:05,364 - scraper.selenium_scraper - INFO - Scraped tournament 9: IHCL MEN
2025-12-09 10:18:06,060 - scraper.selenium_scraper - INFO - Scraped tournament 10: IHCL WOMEN
2025-12-09 10:18:06,752 - scraper.selenium_scraper - INFO - Scraped tournament 11: SAPPHIRE PREMIER LEAGUE
2025-12-09 10:18:07,456 - scraper.selenium_scraper - INFO - Scraped tournament 12: MFCL Season 5
2025-12-09 10:18:08,141 - scraper.selenium_scraper - INFO - Scraped tournament 13: Panchal Premier League - 10 , Vadodara
2025-12-09 10:18:08,824 - scraper.selenium_scraper - INFO - Scraped tournament 14: Bandra Premier League Season 6
2025-12-09 10:18:09,512 - scraper.selenium_scraper - INFO - Scraped tournament 15: TNPL PREMIER LEAGUE SEASON 4
2025-12-09 10:18:10,210 - scraper.selenium_scraper - INFO - Scraped tournament 16: Sindhi Premier League 6.0
2025-12-09 10:18:10,900 - scraper.selenium_scraper - INFO - Scraped tournament 17: MULUMUDI PREMIER LEAGUE 2026 AUCTION
2025-12-09 10:18:11,608 - scraper.selenium_scraper - INFO - Scraped tournament 18: YELLAM PREMIER LEAGUE
2025-12-09 10:18:12,318 - scraper.selenium_scraper - INFO - Scraped tournament 19: Delta Football League
2025-12-09 10:18:13,017 - scraper.selenium_scraper - INFO - Scraped tournament 20: Amleshwar Big Bash Dhamaka
2025-12-09 10:18:13,017 - root - INFO - Successfully scraped 20 tournaments
2025-12-09 10:18:13,018 - root - INFO - Saved scraped data to /home/runner/work/super-player-auction-scraper/super-player-auction-scraper/data/tournament_data_20251209-101813.json
2025-12-09 10:18:13,018 - root - INFO - Initializing Graph API
2025-12-09 10:18:13,018 - excel.graph_api - INFO - Extracted file ID: 9e836ed5-f58f-4dc7-a969-3c62b255f3ea
2025-12-09 10:18:13,018 - excel.graph_api - INFO - Extracted site ID: CorpDevaaf94619130d4a79af9f3aeae502bdb5
2025-12-09 10:18:13,018 - root - INFO - Authenticating with Microsoft Graph API
2025-12-09 10:18:13,168 - excel.graph_api - INFO - Authentication successful
2025-12-09 10:18:13,168 - root - INFO - Updating Excel sheet with scraped data
2025-12-09 10:18:13,845 - excel.graph_api - INFO - Retrieved drive ID: b!MXUqfmBgAkyqAi_g7J1PO_6yKSWnHbZCs3mpe4EkYuX6d8izcdJxRb78S6OW5SIB
2025-12-09 10:18:15,604 - excel.graph_api - INFO - Retrieved 825 rows from Excel
2025-12-09 10:18:16,582 - excel.graph_api - INFO - Updating range A827:M827 with 1 new entries
2025-12-09 10:18:17,660 - excel.graph_api - INFO - Successfully added 1 new tournaments to Excel
2025-12-09 10:18:17,661 - root - INFO - Excel sheet updated successfully
2025-12-09 10:18:17,724 - scraper.selenium_scraper - INFO - Chrome driver closed
2025-12-09 10:18:17,724 - root - INFO - Selenium driver closed
2025-12-09 10:18:17,724 - root - INFO - Script execution completed
