2025-09-30 10:14:36,146 - root - INFO - Logger initialized successfully
2025-09-30 10:14:36,146 - root - INFO - Log file: /home/runner/work/super-player-auction-scraper/super-player-auction-scraper/logs/scraper_20250930_101436.log
2025-09-30 10:14:36,146 - root - INFO - Starting Super Player Auction scraper
2025-09-30 10:14:36,146 - utils.config - INFO - Credentials loaded from environment variables
2025-09-30 10:14:36,146 - utils.config - INFO - Settings loaded successfully
2025-09-30 10:14:36,146 - root - INFO - Initializing Selenium scraper
2025-09-30 10:14:36,146 - scraper.selenium_scraper - INFO - Running in GitHub Actions environment
2025-09-30 10:14:37,513 - selenium.webdriver.common.selenium_manager - WARNING - The chromedriver version (140.0.7339.185) detected in PATH at /usr/bin/chromedriver might not be compatible with the detected chrome version (140.0.7339.185); currently, chromedriver 140.0.7339.207 is recommended for chrome 140.*, so it is advised to delete the driver in PATH and retry
2025-09-30 10:14:43,507 - scraper.selenium_scraper - INFO - Chrome driver initialized successfully
2025-09-30 10:14:43,507 - root - INFO - Scraping tournament data
2025-09-30 10:14:43,508 - scraper.selenium_scraper - INFO - Starting to scrape tournament data
2025-09-30 10:14:47,219 - scraper.selenium_scraper - INFO - Waiting for page to load...
2025-09-30 10:14:52,224 - scraper.selenium_scraper - INFO - Scrolling to load all auction cards...
2025-09-30 10:15:04,342 - scraper.selenium_scraper - INFO - Saved page screenshot to /home/runner/work/super-player-auction-scraper/super-player-auction-scraper/logs/screenshots/page_loaded_20250930101504.png
2025-09-30 10:15:04,342 - scraper.selenium_scraper - INFO - Looking for auction cards...
2025-09-30 10:15:04,369 - scraper.selenium_scraper - INFO - Found 20 auction cards
2025-09-30 10:15:05,091 - scraper.selenium_scraper - INFO - Scraped tournament 1: Elements Premier League (EPL)
2025-09-30 10:15:05,802 - scraper.selenium_scraper - INFO - Scraped tournament 2: Petlurivaripalem Premier League Season -1
2025-09-30 10:15:06,483 - scraper.selenium_scraper - INFO - Scraped tournament 3: JOI Premier League Auction Female
2025-09-30 10:15:07,162 - scraper.selenium_scraper - INFO - Scraped tournament 4: JOI Premier League Auction Male
2025-09-30 10:15:07,842 - scraper.selenium_scraper - INFO - Scraped tournament 5: CAMBRIDGE ALUMNI CRICKET CHAMPIONSHIP 2025-26
2025-09-30 10:15:08,523 - scraper.selenium_scraper - INFO - Scraped tournament 6: UPL SEASON 6
2025-09-30 10:15:09,205 - scraper.selenium_scraper - INFO - Scraped tournament 7: 2N_DESIGNER'S PREMIER LEAGUE SEASON IV
2025-09-30 10:15:09,883 - scraper.selenium_scraper - INFO - Scraped tournament 8: SHIMOGA PREMIER BADMINTON LEAGUE 2.O
2025-09-30 10:15:10,566 - scraper.selenium_scraper - INFO - Scraped tournament 9: Monsoon Box League Season 3
2025-09-30 10:15:11,243 - scraper.selenium_scraper - INFO - Scraped tournament 10: CHHATTISGARH LEAGUE OF LEGENDS
2025-09-30 10:15:11,920 - scraper.selenium_scraper - INFO - Scraped tournament 11: RANUJ GAM CRICKET LEAGUE
2025-09-30 10:15:12,604 - scraper.selenium_scraper - INFO - Scraped tournament 12: United Premier League (Father's)
2025-09-30 10:15:13,280 - scraper.selenium_scraper - INFO - Scraped tournament 13: United Premier League Womens
2025-09-30 10:15:13,966 - scraper.selenium_scraper - INFO - Scraped tournament 14: SmashIT v7 2025
2025-09-30 10:15:14,644 - scraper.selenium_scraper - INFO - Scraped tournament 15: Dambab Premier League 2025
2025-09-30 10:15:15,322 - scraper.selenium_scraper - INFO - Scraped tournament 16: BHAGALPUR CRICKET LEAGUE
2025-09-30 10:15:16,003 - scraper.selenium_scraper - INFO - Scraped tournament 17: NPL Titan Cup
2025-09-30 10:15:16,679 - scraper.selenium_scraper - INFO - Scraped tournament 18: Ador Premier League Season 6
2025-09-30 10:15:17,354 - scraper.selenium_scraper - INFO - Scraped tournament 19: Victoria Gardens Premier League 2025 Season 2
2025-09-30 10:15:18,050 - scraper.selenium_scraper - INFO - Scraped tournament 20: CNN SEASON 6
2025-09-30 10:15:18,050 - root - INFO - Successfully scraped 20 tournaments
2025-09-30 10:15:18,051 - root - INFO - Saved scraped data to /home/runner/work/super-player-auction-scraper/super-player-auction-scraper/data/tournament_data_20250930-101518.json
2025-09-30 10:15:18,051 - root - INFO - Initializing Graph API
2025-09-30 10:15:18,051 - excel.graph_api - INFO - Extracted file ID: 9e836ed5-f58f-4dc7-a969-3c62b255f3ea
2025-09-30 10:15:18,051 - excel.graph_api - INFO - Extracted site ID: CorpDevaaf94619130d4a79af9f3aeae502bdb5
2025-09-30 10:15:18,051 - root - INFO - Authenticating with Microsoft Graph API
2025-09-30 10:15:18,322 - excel.graph_api - INFO - Authentication successful
2025-09-30 10:15:18,322 - root - INFO - Updating Excel sheet with scraped data
2025-09-30 10:15:18,566 - excel.graph_api - INFO - Retrieved drive ID: b!MXUqfmBgAkyqAi_g7J1PO_6yKSWnHbZCs3mpe4EkYuX6d8izcdJxRb78S6OW5SIB
2025-09-30 10:15:19,650 - excel.graph_api - INFO - Retrieved 565 rows from Excel
2025-09-30 10:15:20,229 - excel.graph_api - INFO - Updating range A567:M568 with 2 new entries
2025-09-30 10:15:21,128 - excel.graph_api - INFO - Successfully added 2 new tournaments to Excel
2025-09-30 10:15:21,129 - root - INFO - Excel sheet updated successfully
2025-09-30 10:15:21,197 - scraper.selenium_scraper - INFO - Chrome driver closed
2025-09-30 10:15:21,197 - root - INFO - Selenium driver closed
2025-09-30 10:15:21,197 - root - INFO - Script execution completed
