2025-10-30 15:15:00,275 - root - INFO - Logger initialized successfully
2025-10-30 15:15:00,275 - root - INFO - Log file: /home/runner/work/super-player-auction-scraper/super-player-auction-scraper/logs/scraper_20251030_151500.log
2025-10-30 15:15:00,275 - root - INFO - Starting Super Player Auction scraper
2025-10-30 15:15:00,275 - utils.config - INFO - Credentials loaded from environment variables
2025-10-30 15:15:00,276 - utils.config - INFO - Settings loaded successfully
2025-10-30 15:15:00,276 - root - INFO - Initializing Selenium scraper
2025-10-30 15:15:00,276 - scraper.selenium_scraper - INFO - Running in GitHub Actions environment
2025-10-30 15:15:07,673 - scraper.selenium_scraper - INFO - Chrome driver initialized successfully
2025-10-30 15:15:07,673 - root - INFO - Scraping tournament data
2025-10-30 15:15:07,673 - scraper.selenium_scraper - INFO - Starting to scrape tournament data
2025-10-30 15:15:08,593 - scraper.selenium_scraper - INFO - Waiting for page to load...
2025-10-30 15:15:13,598 - scraper.selenium_scraper - INFO - Scrolling to load all auction cards...
2025-10-30 15:15:25,731 - scraper.selenium_scraper - INFO - Saved page screenshot to /home/runner/work/super-player-auction-scraper/super-player-auction-scraper/logs/screenshots/page_loaded_20251030151525.png
2025-10-30 15:15:25,731 - scraper.selenium_scraper - INFO - Looking for auction cards...
2025-10-30 15:15:25,758 - scraper.selenium_scraper - INFO - Found 20 auction cards
2025-10-30 15:15:26,479 - scraper.selenium_scraper - INFO - Scraped tournament 1: EMIRATES PREMIER LEAGUE SEASON. 5
2025-10-30 15:15:27,237 - scraper.selenium_scraper - INFO - Scraped tournament 2: YSL Season 6
2025-10-30 15:15:27,935 - scraper.selenium_scraper - INFO - Scraped tournament 3: JITO FAMILY TURF EVENT SEASON-8
2025-10-30 15:15:28,617 - scraper.selenium_scraper - INFO - Scraped tournament 4: OPL Season 5
2025-10-30 15:15:29,296 - scraper.selenium_scraper - INFO - Scraped tournament 5: Kumbhar Premier league
2025-10-30 15:15:29,981 - scraper.selenium_scraper - INFO - Scraped tournament 6: TCC Premier Leage - Season 6
2025-10-30 15:15:30,665 - scraper.selenium_scraper - INFO - Scraped tournament 7: JSG PSC FAMILY BOX CRICKET
2025-10-30 15:15:31,347 - scraper.selenium_scraper - INFO - Scraped tournament 8: Goan Premier League 2025
2025-10-30 15:15:32,035 - scraper.selenium_scraper - INFO - Scraped tournament 9: JUCL - 5
2025-10-30 15:15:32,720 - scraper.selenium_scraper - INFO - Scraped tournament 10: NAUGACHHIYA PREMIER LEAGUE
2025-10-30 15:15:33,407 - scraper.selenium_scraper - INFO - Scraped tournament 11: PANJIM GYMKHANA MEMBERS LEAGUE 2025
2025-10-30 15:15:34,092 - scraper.selenium_scraper - INFO - Scraped tournament 12: JAIN PREMIER LEAUGE NAWAPARA RAJIM -3
2025-10-30 15:15:34,779 - scraper.selenium_scraper - INFO - Scraped tournament 13: UCDAP CRICKET LEAGUE 2026 SEASON 3
2025-10-30 15:15:35,465 - scraper.selenium_scraper - INFO - Scraped tournament 14: JYCC
2025-10-30 15:15:36,155 - scraper.selenium_scraper - INFO - Scraped tournament 15: DDS PREMIER LEAGUE SEASON 3
2025-10-30 15:15:36,839 - scraper.selenium_scraper - INFO - Scraped tournament 16: NORTH INDIA CORPORATE CRICKET LEAGUE SEASON 1
2025-10-30 15:15:37,521 - scraper.selenium_scraper - INFO - Scraped tournament 17: SUPER 100
2025-10-30 15:15:38,229 - scraper.selenium_scraper - INFO - Scraped tournament 18: ArjunDMUP
2025-10-30 15:15:38,914 - scraper.selenium_scraper - INFO - Scraped tournament 19: ABSA BUNTS CUP 4TH EDITION
2025-10-30 15:15:39,604 - scraper.selenium_scraper - INFO - Scraped tournament 20: MALKANGIRI PREMIER LEAGUE - 2025
2025-10-30 15:15:39,604 - root - INFO - Successfully scraped 20 tournaments
2025-10-30 15:15:39,605 - root - INFO - Saved scraped data to /home/runner/work/super-player-auction-scraper/super-player-auction-scraper/data/tournament_data_20251030-151539.json
2025-10-30 15:15:39,605 - root - INFO - Initializing Graph API
2025-10-30 15:15:39,605 - excel.graph_api - INFO - Extracted file ID: 9e836ed5-f58f-4dc7-a969-3c62b255f3ea
2025-10-30 15:15:39,605 - excel.graph_api - INFO - Extracted site ID: CorpDevaaf94619130d4a79af9f3aeae502bdb5
2025-10-30 15:15:39,605 - root - INFO - Authenticating with Microsoft Graph API
2025-10-30 15:15:40,072 - excel.graph_api - INFO - Authentication successful
2025-10-30 15:15:40,072 - root - INFO - Updating Excel sheet with scraped data
2025-10-30 15:15:40,575 - excel.graph_api - INFO - Retrieved drive ID: b!MXUqfmBgAkyqAi_g7J1PO_6yKSWnHbZCs3mpe4EkYuX6d8izcdJxRb78S6OW5SIB
2025-10-30 15:15:42,941 - excel.graph_api - INFO - Retrieved 680 rows from Excel
2025-10-30 15:15:43,625 - excel.graph_api - INFO - Updating range A682:M682 with 1 new entries
2025-10-30 15:15:44,573 - excel.graph_api - INFO - Successfully added 1 new tournaments to Excel
2025-10-30 15:15:44,574 - root - INFO - Excel sheet updated successfully
2025-10-30 15:15:44,642 - scraper.selenium_scraper - INFO - Chrome driver closed
2025-10-30 15:15:44,642 - root - INFO - Selenium driver closed
2025-10-30 15:15:44,642 - root - INFO - Script execution completed
