2026-02-19 15:40:26,980 - root - INFO - Logger initialized successfully
2026-02-19 15:40:26,980 - root - INFO - Log file: /home/runner/work/super-player-auction-scraper/super-player-auction-scraper/logs/scraper_20260219_154026.log
2026-02-19 15:40:26,981 - root - INFO - Starting Super Player Auction scraper
2026-02-19 15:40:26,981 - utils.config - INFO - Credentials loaded from environment variables
2026-02-19 15:40:26,981 - utils.config - INFO - Settings loaded successfully
2026-02-19 15:40:26,981 - root - INFO - Initializing Selenium scraper
2026-02-19 15:40:26,981 - scraper.selenium_scraper - INFO - Running in GitHub Actions environment
2026-02-19 15:40:30,771 - selenium.webdriver.common.selenium_manager - WARNING - The chromedriver version (145.0.7632.76) detected in PATH at /usr/bin/chromedriver might not be compatible with the detected chrome version (145.0.7632.75); currently, chromedriver 145.0.7632.77 is recommended for chrome 145.*, so it is advised to delete the driver in PATH and retry
2026-02-19 15:40:45,721 - scraper.selenium_scraper - INFO - Chrome driver initialized successfully
2026-02-19 15:40:45,721 - root - INFO - Scraping tournament data
2026-02-19 15:40:45,721 - scraper.selenium_scraper - INFO - Starting to scrape tournament data
2026-02-19 15:40:47,102 - scraper.selenium_scraper - INFO - Waiting for page to load...
2026-02-19 15:40:52,107 - scraper.selenium_scraper - INFO - Scrolling to load all auction cards...
2026-02-19 15:41:04,297 - scraper.selenium_scraper - INFO - Saved page screenshot to /home/runner/work/super-player-auction-scraper/super-player-auction-scraper/logs/screenshots/page_loaded_20260219154104.png
2026-02-19 15:41:04,297 - scraper.selenium_scraper - INFO - Looking for auction cards...
2026-02-19 15:41:04,327 - scraper.selenium_scraper - INFO - Found 20 auction cards
2026-02-19 15:41:05,063 - scraper.selenium_scraper - INFO - Scraped tournament 1: SRPL 2026
2026-02-19 15:41:05,853 - scraper.selenium_scraper - INFO - Scraped tournament 2: COSCO PREMIER LEAGUE
2026-02-19 15:41:06,562 - scraper.selenium_scraper - INFO - Scraped tournament 3: WCL 2026
2026-02-19 15:41:07,259 - scraper.selenium_scraper - INFO - Scraped tournament 4: Hind Sporting Premier League
2026-02-19 15:41:07,956 - scraper.selenium_scraper - INFO - Scraped tournament 5: RELIANCE SPL 2026
2026-02-19 15:41:08,652 - scraper.selenium_scraper - INFO - Scraped tournament 6: MCPL 2026
2026-02-19 15:41:09,348 - scraper.selenium_scraper - INFO - Scraped tournament 7: SIKAR PREMIER LEAGUE 2025
2026-02-19 15:41:10,046 - scraper.selenium_scraper - INFO - Scraped tournament 8: ROHAT PREMIER LEAGUE
2026-02-19 15:41:10,741 - scraper.selenium_scraper - INFO - Scraped tournament 9: NPL
2026-02-19 15:41:11,437 - scraper.selenium_scraper - INFO - Scraped tournament 10: BJP
2026-02-19 15:41:12,142 - scraper.selenium_scraper - INFO - Scraped tournament 11: SUPER CRICKRT LEAGUE - MAHIPAL
2026-02-19 15:41:12,836 - scraper.selenium_scraper - INFO - Scraped tournament 12: सातारा ग्रामीण प्रिमियर लीग-२०२६
2026-02-19 15:41:13,529 - scraper.selenium_scraper - INFO - Scraped tournament 13: Champions Trophy Channasandra
2026-02-19 15:41:14,223 - scraper.selenium_scraper - INFO - Scraped tournament 14: SALEKASA PREMIER LEAGUE
2026-02-19 15:41:14,914 - scraper.selenium_scraper - INFO - Scraped tournament 15: SATKAR SAMITI PREMIER LEAGUE 3.O
2026-02-19 15:41:15,614 - scraper.selenium_scraper - INFO - Scraped tournament 16: ACPL-2
2026-02-19 15:41:16,323 - scraper.selenium_scraper - INFO - Scraped tournament 17: BANJARA PREMIERE LEAGUE SEASON 3
2026-02-19 15:41:17,015 - scraper.selenium_scraper - INFO - Scraped tournament 18: SIWANA PREMIER LEAGUE SEASON - 3
2026-02-19 15:41:17,714 - scraper.selenium_scraper - INFO - Scraped tournament 19: QIFF EASAKA MEMORIAL 7S FOOTBALL TOURNAMENT
2026-02-19 15:41:18,415 - scraper.selenium_scraper - INFO - Scraped tournament 20: MSPL - 3
2026-02-19 15:41:18,415 - root - INFO - Successfully scraped 20 tournaments
2026-02-19 15:41:18,416 - root - INFO - Saved scraped data to /home/runner/work/super-player-auction-scraper/super-player-auction-scraper/data/tournament_data_20260219-154118.json
2026-02-19 15:41:18,416 - root - INFO - Initializing Graph API
2026-02-19 15:41:18,416 - excel.graph_api - INFO - Extracted file ID: 9e836ed5-f58f-4dc7-a969-3c62b255f3ea
2026-02-19 15:41:18,416 - excel.graph_api - INFO - Extracted site ID: CorpDevaaf94619130d4a79af9f3aeae502bdb5
2026-02-19 15:41:18,416 - root - INFO - Authenticating with Microsoft Graph API
2026-02-19 15:41:18,564 - excel.graph_api - INFO - Authentication successful
2026-02-19 15:41:18,564 - root - INFO - Updating Excel sheet with scraped data
2026-02-19 15:41:18,963 - excel.graph_api - INFO - Retrieved drive ID: b!MXUqfmBgAkyqAi_g7J1PO_6yKSWnHbZCs3mpe4EkYuX6d8izcdJxRb78S6OW5SIB
2026-02-19 15:41:21,728 - excel.graph_api - INFO - Retrieved 1254 rows from Excel
2026-02-19 15:41:23,388 - excel.graph_api - INFO - No new tournaments to add
2026-02-19 15:41:23,390 - root - INFO - Excel sheet updated successfully
2026-02-19 15:41:23,471 - scraper.selenium_scraper - INFO - Chrome driver closed
2026-02-19 15:41:23,471 - root - INFO - Selenium driver closed
2026-02-19 15:41:23,471 - root - INFO - Script execution completed
