2025-12-05 10:15:50,432 - root - INFO - Logger initialized successfully
2025-12-05 10:15:50,432 - root - INFO - Log file: /home/runner/work/super-player-auction-scraper/super-player-auction-scraper/logs/scraper_20251205_101550.log
2025-12-05 10:15:50,432 - root - INFO - Starting Super Player Auction scraper
2025-12-05 10:15:50,432 - utils.config - INFO - Credentials loaded from environment variables
2025-12-05 10:15:50,432 - utils.config - INFO - Settings loaded successfully
2025-12-05 10:15:50,432 - root - INFO - Initializing Selenium scraper
2025-12-05 10:15:50,433 - scraper.selenium_scraper - INFO - Running in GitHub Actions environment
2025-12-05 10:15:56,005 - scraper.selenium_scraper - INFO - Chrome driver initialized successfully
2025-12-05 10:15:56,005 - root - INFO - Scraping tournament data
2025-12-05 10:15:56,005 - scraper.selenium_scraper - INFO - Starting to scrape tournament data
2025-12-05 10:15:56,882 - scraper.selenium_scraper - INFO - Waiting for page to load...
2025-12-05 10:16:01,887 - scraper.selenium_scraper - INFO - Scrolling to load all auction cards...
2025-12-05 10:16:14,010 - scraper.selenium_scraper - INFO - Saved page screenshot to /home/runner/work/super-player-auction-scraper/super-player-auction-scraper/logs/screenshots/page_loaded_20251205101613.png
2025-12-05 10:16:14,010 - scraper.selenium_scraper - INFO - Looking for auction cards...
2025-12-05 10:16:14,035 - scraper.selenium_scraper - INFO - Found 20 auction cards
2025-12-05 10:16:14,737 - scraper.selenium_scraper - INFO - Scraped tournament 1: RPL Season 2
2025-12-05 10:16:15,412 - scraper.selenium_scraper - INFO - Scraped tournament 2: BHIMA KOREGAON SHAURYA CHASHAK
2025-12-05 10:16:16,087 - scraper.selenium_scraper - INFO - Scraped tournament 3: BAIHAR PREMIER LEAGUE SEASON 12
2025-12-05 10:16:16,760 - scraper.selenium_scraper - INFO - Scraped tournament 4: Blueberry Premier League 2025
2025-12-05 10:16:17,431 - scraper.selenium_scraper - INFO - Scraped tournament 5: TPL 2026
2025-12-05 10:16:18,108 - scraper.selenium_scraper - INFO - Scraped tournament 6: LATUR BADMINTON LEAGUE SEASON 2
2025-12-05 10:16:18,783 - scraper.selenium_scraper - INFO - Scraped tournament 7: Bhatkal Premier League - 2026
2025-12-05 10:16:19,461 - scraper.selenium_scraper - INFO - Scraped tournament 8: Sindhi Premier League 6.0
2025-12-05 10:16:20,134 - scraper.selenium_scraper - INFO - Scraped tournament 9: Brotherhood Youth Premier League Season-2 2025-26
2025-12-05 10:16:20,808 - scraper.selenium_scraper - INFO - Scraped tournament 10: ⁠RTPL 7.0
2025-12-05 10:16:21,494 - scraper.selenium_scraper - INFO - Scraped tournament 11: MORNING PREMIER LEAGUE SEASON 11
2025-12-05 10:16:22,165 - scraper.selenium_scraper - INFO - Scraped tournament 12: Streamify Cup Open Category
2025-12-05 10:16:22,836 - scraper.selenium_scraper - INFO - Scraped tournament 13: CHAMPIONS LEAGUE FOOTBALL SEASON 4
2025-12-05 10:16:23,510 - scraper.selenium_scraper - INFO - Scraped tournament 14: ECPL 2026
2025-12-05 10:16:24,183 - scraper.selenium_scraper - INFO - Scraped tournament 15: JITO ATHLON -FOOTBALL
2025-12-05 10:16:24,858 - scraper.selenium_scraper - INFO - Scraped tournament 16: JITO ATHLON - FULL PITCH CRICKET
2025-12-05 10:16:25,529 - scraper.selenium_scraper - INFO - Scraped tournament 17: IHCL MEN
2025-12-05 10:16:26,201 - scraper.selenium_scraper - INFO - Scraped tournament 18: IHCL WOMEN
2025-12-05 10:16:26,882 - scraper.selenium_scraper - INFO - Scraped tournament 19: Delta Football League
2025-12-05 10:16:27,554 - scraper.selenium_scraper - INFO - Scraped tournament 20: TNPL PREMIER LEAGUE SEASON 4
2025-12-05 10:16:27,554 - root - INFO - Successfully scraped 20 tournaments
2025-12-05 10:16:27,554 - root - INFO - Saved scraped data to /home/runner/work/super-player-auction-scraper/super-player-auction-scraper/data/tournament_data_20251205-101627.json
2025-12-05 10:16:27,554 - root - INFO - Initializing Graph API
2025-12-05 10:16:27,555 - excel.graph_api - INFO - Extracted file ID: 9e836ed5-f58f-4dc7-a969-3c62b255f3ea
2025-12-05 10:16:27,555 - excel.graph_api - INFO - Extracted site ID: CorpDevaaf94619130d4a79af9f3aeae502bdb5
2025-12-05 10:16:27,555 - root - INFO - Authenticating with Microsoft Graph API
2025-12-05 10:16:27,781 - excel.graph_api - INFO - Authentication successful
2025-12-05 10:16:27,781 - root - INFO - Updating Excel sheet with scraped data
2025-12-05 10:16:28,258 - excel.graph_api - INFO - Retrieved drive ID: b!MXUqfmBgAkyqAi_g7J1PO_6yKSWnHbZCs3mpe4EkYuX6d8izcdJxRb78S6OW5SIB
2025-12-05 10:16:29,401 - excel.graph_api - INFO - Retrieved 801 rows from Excel
2025-12-05 10:16:30,159 - excel.graph_api - INFO - Updating range A803:M804 with 2 new entries
2025-12-05 10:16:31,168 - excel.graph_api - INFO - Successfully added 2 new tournaments to Excel
2025-12-05 10:16:31,169 - root - INFO - Excel sheet updated successfully
2025-12-05 10:16:31,230 - scraper.selenium_scraper - INFO - Chrome driver closed
2025-12-05 10:16:31,230 - root - INFO - Selenium driver closed
2025-12-05 10:16:31,230 - root - INFO - Script execution completed
