2026-01-24 10:15:12,901 - root - INFO - Logger initialized successfully
2026-01-24 10:15:12,901 - root - INFO - Log file: /home/runner/work/super-player-auction-scraper/super-player-auction-scraper/logs/scraper_20260124_101512.log
2026-01-24 10:15:12,901 - root - INFO - Starting Super Player Auction scraper
2026-01-24 10:15:12,901 - utils.config - INFO - Credentials loaded from environment variables
2026-01-24 10:15:12,901 - utils.config - INFO - Settings loaded successfully
2026-01-24 10:15:12,901 - root - INFO - Initializing Selenium scraper
2026-01-24 10:15:12,901 - scraper.selenium_scraper - INFO - Running in GitHub Actions environment
2026-01-24 10:15:14,729 - selenium.webdriver.common.selenium_manager - WARNING - The chromedriver version (144.0.7559.31) detected in PATH at /usr/bin/chromedriver might not be compatible with the detected chrome version (144.0.7559.59); currently, chromedriver 144.0.7559.96 is recommended for chrome 144.*, so it is advised to delete the driver in PATH and retry
2026-01-24 10:15:20,557 - scraper.selenium_scraper - INFO - Chrome driver initialized successfully
2026-01-24 10:15:20,557 - root - INFO - Scraping tournament data
2026-01-24 10:15:20,558 - scraper.selenium_scraper - INFO - Starting to scrape tournament data
2026-01-24 10:15:21,627 - scraper.selenium_scraper - INFO - Waiting for page to load...
2026-01-24 10:15:26,632 - scraper.selenium_scraper - INFO - Scrolling to load all auction cards...
2026-01-24 10:15:38,757 - scraper.selenium_scraper - INFO - Saved page screenshot to /home/runner/work/super-player-auction-scraper/super-player-auction-scraper/logs/screenshots/page_loaded_20260124101538.png
2026-01-24 10:15:38,757 - scraper.selenium_scraper - INFO - Looking for auction cards...
2026-01-24 10:15:38,782 - scraper.selenium_scraper - INFO - Found 20 auction cards
2026-01-24 10:15:39,498 - scraper.selenium_scraper - INFO - Scraped tournament 1: IDL 2026
2026-01-24 10:15:40,216 - scraper.selenium_scraper - INFO - Scraped tournament 2: Shabab Premier League S2
2026-01-24 10:15:40,905 - scraper.selenium_scraper - INFO - Scraped tournament 3: Sanguem Premier League - Season 8
2026-01-24 10:15:41,588 - scraper.selenium_scraper - INFO - Scraped tournament 4: Enterprise Premier League SEASON 4
2026-01-24 10:15:42,270 - scraper.selenium_scraper - INFO - Scraped tournament 5: Physio Cricket League 2026
2026-01-24 10:15:42,955 - scraper.selenium_scraper - INFO - Scraped tournament 6: Lucknow Cricket League 2026
2026-01-24 10:15:43,640 - scraper.selenium_scraper - INFO - Scraped tournament 7: ABPL - Season 5 | 2026 | Auction
2026-01-24 10:15:44,325 - scraper.selenium_scraper - INFO - Scraped tournament 8: Calicut premier league Qatar
2026-01-24 10:15:45,009 - scraper.selenium_scraper - INFO - Scraped tournament 9: SUBIC SRILANKAN PREMIER LEAGUE - SEASON 4 - 2026
2026-01-24 10:15:45,691 - scraper.selenium_scraper - INFO - Scraped tournament 10: MCPL 2026
2026-01-24 10:15:46,383 - scraper.selenium_scraper - INFO - Scraped tournament 11: SUPER FOOTBALL CHAMPIONSHIP
2026-01-24 10:15:47,066 - scraper.selenium_scraper - INFO - Scraped tournament 12: Zoroastrian Volleyball Premier League
2026-01-24 10:15:47,747 - scraper.selenium_scraper - INFO - Scraped tournament 13: मेघवाल समाज आक्शन प्रीमियर लीग खिवाड़ा
2026-01-24 10:15:48,430 - scraper.selenium_scraper - INFO - Scraped tournament 14: Friends Cup
2026-01-24 10:15:49,112 - scraper.selenium_scraper - INFO - Scraped tournament 15: SPL SEASON 3
2026-01-24 10:15:49,794 - scraper.selenium_scraper - INFO - Scraped tournament 16: SHREE JASNATH JI CRICKET CUP-06
2026-01-24 10:15:50,476 - scraper.selenium_scraper - INFO - Scraped tournament 17: JAIN PREMIER LEAGUE SEASON - 14
2026-01-24 10:15:51,155 - scraper.selenium_scraper - INFO - Scraped tournament 18: MPL SEASON- 5
2026-01-24 10:15:51,843 - scraper.selenium_scraper - INFO - Scraped tournament 19: Chettuwa Premier League 2026
2026-01-24 10:15:52,525 - scraper.selenium_scraper - INFO - Scraped tournament 20: JPL LITTLE CHAMPS SEASON - 2
2026-01-24 10:15:52,525 - root - INFO - Successfully scraped 20 tournaments
2026-01-24 10:15:52,526 - root - INFO - Saved scraped data to /home/runner/work/super-player-auction-scraper/super-player-auction-scraper/data/tournament_data_20260124-101552.json
2026-01-24 10:15:52,526 - root - INFO - Initializing Graph API
2026-01-24 10:15:52,526 - excel.graph_api - INFO - Extracted file ID: 9e836ed5-f58f-4dc7-a969-3c62b255f3ea
2026-01-24 10:15:52,526 - excel.graph_api - INFO - Extracted site ID: CorpDevaaf94619130d4a79af9f3aeae502bdb5
2026-01-24 10:15:52,526 - root - INFO - Authenticating with Microsoft Graph API
2026-01-24 10:15:52,685 - excel.graph_api - INFO - Authentication successful
2026-01-24 10:15:52,685 - root - INFO - Updating Excel sheet with scraped data
2026-01-24 10:15:53,038 - excel.graph_api - INFO - Retrieved drive ID: b!MXUqfmBgAkyqAi_g7J1PO_6yKSWnHbZCs3mpe4EkYuX6d8izcdJxRb78S6OW5SIB
2026-01-24 10:15:54,371 - excel.graph_api - INFO - Retrieved 1126 rows from Excel
2026-01-24 10:15:55,522 - excel.graph_api - INFO - Updating range A1128:M1129 with 2 new entries
2026-01-24 10:15:57,368 - excel.graph_api - INFO - Successfully added 2 new tournaments to Excel
2026-01-24 10:15:57,370 - root - INFO - Excel sheet updated successfully
2026-01-24 10:15:57,446 - scraper.selenium_scraper - INFO - Chrome driver closed
2026-01-24 10:15:57,446 - root - INFO - Selenium driver closed
2026-01-24 10:15:57,446 - root - INFO - Script execution completed
