2026-01-28 10:21:37,981 - root - INFO - Logger initialized successfully
2026-01-28 10:21:37,981 - root - INFO - Log file: /home/runner/work/super-player-auction-scraper/super-player-auction-scraper/logs/scraper_20260128_102137.log
2026-01-28 10:21:37,981 - root - INFO - Starting Super Player Auction scraper
2026-01-28 10:21:37,981 - utils.config - INFO - Credentials loaded from environment variables
2026-01-28 10:21:37,981 - utils.config - INFO - Settings loaded successfully
2026-01-28 10:21:37,981 - root - INFO - Initializing Selenium scraper
2026-01-28 10:21:37,982 - scraper.selenium_scraper - INFO - Running in GitHub Actions environment
2026-01-28 10:21:42,130 - selenium.webdriver.common.selenium_manager - WARNING - The chromedriver version (144.0.7559.31) detected in PATH at /usr/bin/chromedriver might not be compatible with the detected chrome version (144.0.7559.59); currently, chromedriver 144.0.7559.109 is recommended for chrome 144.*, so it is advised to delete the driver in PATH and retry
2026-01-28 10:22:01,487 - scraper.selenium_scraper - INFO - Chrome driver initialized successfully
2026-01-28 10:22:01,488 - root - INFO - Scraping tournament data
2026-01-28 10:22:01,488 - scraper.selenium_scraper - INFO - Starting to scrape tournament data
2026-01-28 10:22:02,670 - scraper.selenium_scraper - INFO - Waiting for page to load...
2026-01-28 10:22:07,676 - scraper.selenium_scraper - INFO - Scrolling to load all auction cards...
2026-01-28 10:22:19,857 - scraper.selenium_scraper - INFO - Saved page screenshot to /home/runner/work/super-player-auction-scraper/super-player-auction-scraper/logs/screenshots/page_loaded_20260128102219.png
2026-01-28 10:22:19,857 - scraper.selenium_scraper - INFO - Looking for auction cards...
2026-01-28 10:22:19,881 - scraper.selenium_scraper - INFO - Found 20 auction cards
2026-01-28 10:22:20,618 - scraper.selenium_scraper - INFO - Scraped tournament 1: Karneshwar premiere leauge (KPL- 3) karnawad
2026-01-28 10:22:21,429 - scraper.selenium_scraper - INFO - Scraped tournament 2: RAJU MEMORIAL TROPHY - 2026 (SEASON - 4)
2026-01-28 10:22:22,127 - scraper.selenium_scraper - INFO - Scraped tournament 3: NASHIK PREMIER LEAGUE SEASON VIII
2026-01-28 10:22:22,820 - scraper.selenium_scraper - INFO - Scraped tournament 4: Lucknow Cricket League 2026
2026-01-28 10:22:23,507 - scraper.selenium_scraper - INFO - Scraped tournament 5: ABPL - Season 5 | 2026 | Auction
2026-01-28 10:22:24,195 - scraper.selenium_scraper - INFO - Scraped tournament 6: SCG SEASON 4.0
2026-01-28 10:22:24,890 - scraper.selenium_scraper - INFO - Scraped tournament 7: Calicut premier league Qatar
2026-01-28 10:22:25,577 - scraper.selenium_scraper - INFO - Scraped tournament 8: PGCL 2.O
2026-01-28 10:22:26,270 - scraper.selenium_scraper - INFO - Scraped tournament 9: SUBIC SRILANKAN PREMIER LEAGUE - SEASON 4 - 2026
2026-01-28 10:22:26,957 - scraper.selenium_scraper - INFO - Scraped tournament 10: MCPL 2026
2026-01-28 10:22:27,644 - scraper.selenium_scraper - INFO - Scraped tournament 11: SIKAR PREMIER LEAGUE 2025
2026-01-28 10:22:28,336 - scraper.selenium_scraper - INFO - Scraped tournament 12: SUPER FOOTBALL CHAMPIONSHIP
2026-01-28 10:22:29,022 - scraper.selenium_scraper - INFO - Scraped tournament 13: Friends Cup
2026-01-28 10:22:29,707 - scraper.selenium_scraper - INFO - Scraped tournament 14: TOYAGONDI SUPER LEAGUE
2026-01-28 10:22:30,402 - scraper.selenium_scraper - INFO - Scraped tournament 15: INSPIRE PREMIER LEAGUE - 2026
2026-01-28 10:22:31,093 - scraper.selenium_scraper - INFO - Scraped tournament 16: Area 7 Premier League Season 2
2026-01-28 10:22:31,783 - scraper.selenium_scraper - INFO - Scraped tournament 17: KNPL
2026-01-28 10:22:32,475 - scraper.selenium_scraper - INFO - Scraped tournament 18: RAMADAN PREMIER LEAGUE
2026-01-28 10:22:33,196 - scraper.selenium_scraper - INFO - Scraped tournament 19: Steelbird Cricket League T-21 Season 12 - 2026
2026-01-28 10:22:33,889 - scraper.selenium_scraper - INFO - Scraped tournament 20: SRPL
2026-01-28 10:22:33,889 - root - INFO - Successfully scraped 20 tournaments
2026-01-28 10:22:33,889 - root - INFO - Saved scraped data to /home/runner/work/super-player-auction-scraper/super-player-auction-scraper/data/tournament_data_20260128-102233.json
2026-01-28 10:22:33,889 - root - INFO - Initializing Graph API
2026-01-28 10:22:33,890 - excel.graph_api - INFO - Extracted file ID: 9e836ed5-f58f-4dc7-a969-3c62b255f3ea
2026-01-28 10:22:33,890 - excel.graph_api - INFO - Extracted site ID: CorpDevaaf94619130d4a79af9f3aeae502bdb5
2026-01-28 10:22:33,890 - root - INFO - Authenticating with Microsoft Graph API
2026-01-28 10:22:34,093 - excel.graph_api - INFO - Authentication successful
2026-01-28 10:22:34,094 - root - INFO - Updating Excel sheet with scraped data
2026-01-28 10:22:34,782 - excel.graph_api - INFO - Retrieved drive ID: b!MXUqfmBgAkyqAi_g7J1PO_6yKSWnHbZCs3mpe4EkYuX6d8izcdJxRb78S6OW5SIB
2026-01-28 10:22:37,070 - excel.graph_api - INFO - Retrieved 1145 rows from Excel
2026-01-28 10:22:38,714 - excel.graph_api - INFO - Updating range A1147:M1148 with 2 new entries
2026-01-28 10:22:40,205 - excel.graph_api - INFO - Successfully added 2 new tournaments to Excel
2026-01-28 10:22:40,207 - root - INFO - Excel sheet updated successfully
2026-01-28 10:22:40,282 - scraper.selenium_scraper - INFO - Chrome driver closed
2026-01-28 10:22:40,282 - root - INFO - Selenium driver closed
2026-01-28 10:22:40,282 - root - INFO - Script execution completed
