2026-02-26 15:45:41,660 - root - INFO - Logger initialized successfully
2026-02-26 15:45:41,660 - root - INFO - Log file: /home/runner/work/super-player-auction-scraper/super-player-auction-scraper/logs/scraper_20260226_154541.log
2026-02-26 15:45:41,660 - root - INFO - Starting Super Player Auction scraper
2026-02-26 15:45:41,660 - utils.config - INFO - Credentials loaded from environment variables
2026-02-26 15:45:41,660 - utils.config - INFO - Settings loaded successfully
2026-02-26 15:45:41,660 - root - INFO - Initializing Selenium scraper
2026-02-26 15:45:41,660 - scraper.selenium_scraper - INFO - Running in GitHub Actions environment
2026-02-26 15:46:01,916 - scraper.selenium_scraper - INFO - Chrome driver initialized successfully
2026-02-26 15:46:01,916 - root - INFO - Scraping tournament data
2026-02-26 15:46:01,916 - scraper.selenium_scraper - INFO - Starting to scrape tournament data
2026-02-26 15:46:03,605 - scraper.selenium_scraper - INFO - Waiting for page to load...
2026-02-26 15:46:08,610 - scraper.selenium_scraper - INFO - Scrolling to load all auction cards...
2026-02-26 15:46:20,831 - scraper.selenium_scraper - INFO - Saved page screenshot to /home/runner/work/super-player-auction-scraper/super-player-auction-scraper/logs/screenshots/page_loaded_20260226154620.png
2026-02-26 15:46:20,832 - scraper.selenium_scraper - INFO - Looking for auction cards...
2026-02-26 15:46:20,870 - scraper.selenium_scraper - INFO - Found 20 auction cards
2026-02-26 15:46:21,597 - scraper.selenium_scraper - INFO - Scraped tournament 1: SUPER FOOTBALL CHAMPIONSHIP
2026-02-26 15:46:22,483 - scraper.selenium_scraper - INFO - Scraped tournament 2: Evoq Premier League - Season 3 - Male
2026-02-26 15:46:23,182 - scraper.selenium_scraper - INFO - Scraped tournament 3: Evoq Premier League - Season 3 - Female
2026-02-26 15:46:23,882 - scraper.selenium_scraper - INFO - Scraped tournament 4: RELIANCE SPL 2026
2026-02-26 15:46:24,572 - scraper.selenium_scraper - INFO - Scraped tournament 5: MCPL 2026
2026-02-26 15:46:25,266 - scraper.selenium_scraper - INFO - Scraped tournament 6: KASROTTAR FOOTBALL
2026-02-26 15:46:25,960 - scraper.selenium_scraper - INFO - Scraped tournament 7: SIKAR PREMIER LEAGUE 2025
2026-02-26 15:46:26,648 - scraper.selenium_scraper - INFO - Scraped tournament 8: ROHAT PREMIER LEAGUE
2026-02-26 15:46:27,341 - scraper.selenium_scraper - INFO - Scraped tournament 9: REPUBLIC CUP 2.0
2026-02-26 15:46:28,028 - scraper.selenium_scraper - INFO - Scraped tournament 10: NPL
2026-02-26 15:46:28,725 - scraper.selenium_scraper - INFO - Scraped tournament 11: BJP
2026-02-26 15:46:29,415 - scraper.selenium_scraper - INFO - Scraped tournament 12: SUPER CRICKRT LEAGUE - MAHIPAL
2026-02-26 15:46:30,113 - scraper.selenium_scraper - INFO - Scraped tournament 13: Player Draft Demo
2026-02-26 15:46:30,805 - scraper.selenium_scraper - INFO - Scraped tournament 14: Sanvordem VollyBall League 2026
2026-02-26 15:46:31,499 - scraper.selenium_scraper - INFO - Scraped tournament 15: new auction
2026-02-26 15:46:32,194 - scraper.selenium_scraper - INFO - Scraped tournament 16: OZONE TENNIS LEAGUE
2026-02-26 15:46:32,908 - scraper.selenium_scraper - INFO - Scraped tournament 17: MEWAD JAIN PREMIER LEAGUE
2026-02-26 15:46:33,599 - scraper.selenium_scraper - INFO - Scraped tournament 18: BHORINGDA PREMIER LEAGUE
2026-02-26 15:46:34,302 - scraper.selenium_scraper - INFO - Scraped tournament 19: Kalkere Panchayat Premier League 01
2026-02-26 15:46:34,994 - scraper.selenium_scraper - INFO - Scraped tournament 20: FEARLESS FIGHTERS CRICKET PREMIER LEAGUE.
2026-02-26 15:46:34,994 - root - INFO - Successfully scraped 20 tournaments
2026-02-26 15:46:34,995 - root - INFO - Saved scraped data to /home/runner/work/super-player-auction-scraper/super-player-auction-scraper/data/tournament_data_20260226-154634.json
2026-02-26 15:46:34,995 - root - INFO - Initializing Graph API
2026-02-26 15:46:34,995 - excel.graph_api - INFO - Extracted file ID: 9e836ed5-f58f-4dc7-a969-3c62b255f3ea
2026-02-26 15:46:34,995 - excel.graph_api - INFO - Extracted site ID: CorpDevaaf94619130d4a79af9f3aeae502bdb5
2026-02-26 15:46:34,995 - root - INFO - Authenticating with Microsoft Graph API
2026-02-26 15:46:35,564 - excel.graph_api - INFO - Authentication successful
2026-02-26 15:46:35,564 - root - INFO - Updating Excel sheet with scraped data
2026-02-26 15:46:35,916 - excel.graph_api - INFO - Retrieved drive ID: b!MXUqfmBgAkyqAi_g7J1PO_6yKSWnHbZCs3mpe4EkYuX6d8izcdJxRb78S6OW5SIB
2026-02-26 15:46:37,691 - excel.graph_api - INFO - Retrieved 1276 rows from Excel
2026-02-26 15:46:39,351 - excel.graph_api - INFO - No new tournaments to add
2026-02-26 15:46:39,353 - root - INFO - Excel sheet updated successfully
2026-02-26 15:46:39,434 - scraper.selenium_scraper - INFO - Chrome driver closed
2026-02-26 15:46:39,434 - root - INFO - Selenium driver closed
2026-02-26 15:46:39,434 - root - INFO - Script execution completed
