2025-08-06 10:16:52,621 - root - INFO - Logger initialized successfully
2025-08-06 10:16:52,621 - root - INFO - Log file: /home/runner/work/super-player-auction-scraper/super-player-auction-scraper/logs/scraper_20250806_101652.log
2025-08-06 10:16:52,622 - root - INFO - Starting Super Player Auction scraper
2025-08-06 10:16:52,622 - utils.config - INFO - Credentials loaded from environment variables
2025-08-06 10:16:52,622 - utils.config - INFO - Settings loaded successfully
2025-08-06 10:16:52,622 - root - INFO - Initializing Selenium scraper
2025-08-06 10:16:52,622 - scraper.selenium_scraper - INFO - Running in GitHub Actions environment
2025-08-06 10:16:54,288 - selenium.webdriver.common.selenium_manager - WARNING - The chromedriver version (138.0.7204.168) detected in PATH at /usr/bin/chromedriver might not be compatible with the detected chrome version (138.0.7204.168); currently, chromedriver 138.0.7204.183 is recommended for chrome 138.*, so it is advised to delete the driver in PATH and retry
2025-08-06 10:17:01,496 - scraper.selenium_scraper - INFO - Chrome driver initialized successfully
2025-08-06 10:17:01,497 - root - INFO - Scraping tournament data
2025-08-06 10:17:01,497 - scraper.selenium_scraper - INFO - Starting to scrape tournament data
2025-08-06 10:17:02,490 - scraper.selenium_scraper - INFO - Waiting for page to load...
2025-08-06 10:17:07,491 - scraper.selenium_scraper - INFO - Scrolling to load all auction cards...
2025-08-06 10:17:19,634 - scraper.selenium_scraper - INFO - Saved page screenshot to /home/runner/work/super-player-auction-scraper/super-player-auction-scraper/logs/screenshots/page_loaded_20250806101719.png
2025-08-06 10:17:19,634 - scraper.selenium_scraper - INFO - Looking for auction cards...
2025-08-06 10:17:19,662 - scraper.selenium_scraper - INFO - Found 20 auction cards
2025-08-06 10:17:20,385 - scraper.selenium_scraper - INFO - Scraped tournament 1: NPL 2025
2025-08-06 10:17:21,084 - scraper.selenium_scraper - INFO - Scraped tournament 2: Bhatkal Pro Kabbadi League - DXB
2025-08-06 10:17:21,925 - scraper.selenium_scraper - INFO - Scraped tournament 3: CMA ALUMNI CRICKET LEAGUE-4
2025-08-06 10:17:22,618 - scraper.selenium_scraper - INFO - Scraped tournament 4: NPL Series 2
2025-08-06 10:17:23,312 - scraper.selenium_scraper - INFO - Scraped tournament 5: UNITY CUP Series Season 2 (2025-26)
2025-08-06 10:17:24,003 - scraper.selenium_scraper - INFO - Scraped tournament 6: Canvas Warriors Cricket Carnival (CWCC),Season 1,2025
2025-08-06 10:17:24,695 - scraper.selenium_scraper - INFO - Scraped tournament 7: BPL SEASON 3
2025-08-06 10:17:25,386 - scraper.selenium_scraper - INFO - Scraped tournament 8: ArjunDMUP
2025-08-06 10:17:26,079 - scraper.selenium_scraper - INFO - Scraped tournament 9: CNN Riyad Season 1
2025-08-06 10:17:26,772 - scraper.selenium_scraper - INFO - Scraped tournament 10: Tekri Premier League
2025-08-06 10:17:27,479 - scraper.selenium_scraper - INFO - Scraped tournament 11: JBCN CPL Season 4
2025-08-06 10:17:28,171 - scraper.selenium_scraper - INFO - Scraped tournament 12: BIG BASH LEAGUE
2025-08-06 10:17:28,859 - scraper.selenium_scraper - INFO - Scraped tournament 13: SANDALWOOD PREMIER LEAGUE
2025-08-06 10:17:29,551 - scraper.selenium_scraper - INFO - Scraped tournament 14: RAJANA CUP , RAJALDESAR 2025
2025-08-06 10:17:30,243 - scraper.selenium_scraper - INFO - Scraped tournament 15: SPORTS CORNER LEAGUE (SEASON-2)
2025-08-06 10:17:30,940 - scraper.selenium_scraper - INFO - Scraped tournament 16: Sikar Ka IPL 2025
2025-08-06 10:17:31,632 - scraper.selenium_scraper - INFO - Scraped tournament 17: Aanjana premier League Sardarpura (Rana)
2025-08-06 10:17:32,320 - scraper.selenium_scraper - INFO - Scraped tournament 18: Karnataka Rajatha Cup 2025
2025-08-06 10:17:33,023 - scraper.selenium_scraper - INFO - Scraped tournament 19: KASROD PREMIER LEAGUE FOOTBALL TOURNAMENT "2025" SEASON - 1
2025-08-06 10:17:33,713 - scraper.selenium_scraper - INFO - Scraped tournament 20: Petlurivaripalm Premier League Season -1
2025-08-06 10:17:33,713 - root - INFO - Successfully scraped 20 tournaments
2025-08-06 10:17:33,714 - root - INFO - Saved scraped data to /home/runner/work/super-player-auction-scraper/super-player-auction-scraper/data/tournament_data_20250806-101733.json
2025-08-06 10:17:33,714 - root - INFO - Initializing Graph API
2025-08-06 10:17:33,714 - excel.graph_api - INFO - Extracted file ID: 9e836ed5-f58f-4dc7-a969-3c62b255f3ea
2025-08-06 10:17:33,715 - excel.graph_api - INFO - Extracted site ID: CorpDevaaf94619130d4a79af9f3aeae502bdb5
2025-08-06 10:17:33,715 - root - INFO - Authenticating with Microsoft Graph API
2025-08-06 10:17:33,947 - excel.graph_api - INFO - Authentication successful
2025-08-06 10:17:33,948 - root - INFO - Updating Excel sheet with scraped data
2025-08-06 10:17:34,349 - excel.graph_api - INFO - Retrieved drive ID: b!MXUqfmBgAkyqAi_g7J1PO_6yKSWnHbZCs3mpe4EkYuX6d8izcdJxRb78S6OW5SIB
2025-08-06 10:17:35,302 - excel.graph_api - INFO - Retrieved 358 rows from Excel
2025-08-06 10:17:35,878 - excel.graph_api - INFO - Updating range A360:M362 with 3 new entries
2025-08-06 10:17:36,749 - excel.graph_api - INFO - Successfully added 3 new tournaments to Excel
2025-08-06 10:17:36,750 - root - INFO - Excel sheet updated successfully
2025-08-06 10:17:36,818 - scraper.selenium_scraper - INFO - Chrome driver closed
2025-08-06 10:17:36,818 - root - INFO - Selenium driver closed
2025-08-06 10:17:36,818 - root - INFO - Script execution completed
