2026-01-03 10:14:39,973 - root - INFO - Logger initialized successfully
2026-01-03 10:14:39,973 - root - INFO - Log file: /home/runner/work/super-player-auction-scraper/super-player-auction-scraper/logs/scraper_20260103_101439.log
2026-01-03 10:14:39,973 - root - INFO - Starting Super Player Auction scraper
2026-01-03 10:14:39,973 - utils.config - INFO - Credentials loaded from environment variables
2026-01-03 10:14:39,973 - utils.config - INFO - Settings loaded successfully
2026-01-03 10:14:39,973 - root - INFO - Initializing Selenium scraper
2026-01-03 10:14:39,973 - scraper.selenium_scraper - INFO - Running in GitHub Actions environment
2026-01-03 10:14:41,596 - selenium.webdriver.common.selenium_manager - WARNING - The chromedriver version (143.0.7499.42) detected in PATH at /usr/bin/chromedriver might not be compatible with the detected chrome version (143.0.7499.109); currently, chromedriver 143.0.7499.169 is recommended for chrome 143.*, so it is advised to delete the driver in PATH and retry
2026-01-03 10:14:48,480 - scraper.selenium_scraper - INFO - Chrome driver initialized successfully
2026-01-03 10:14:48,480 - root - INFO - Scraping tournament data
2026-01-03 10:14:48,480 - scraper.selenium_scraper - INFO - Starting to scrape tournament data
2026-01-03 10:14:49,384 - scraper.selenium_scraper - INFO - Waiting for page to load...
2026-01-03 10:14:54,390 - scraper.selenium_scraper - INFO - Scrolling to load all auction cards...
2026-01-03 10:15:06,513 - scraper.selenium_scraper - INFO - Saved page screenshot to /home/runner/work/super-player-auction-scraper/super-player-auction-scraper/logs/screenshots/page_loaded_20260103101506.png
2026-01-03 10:15:06,513 - scraper.selenium_scraper - INFO - Looking for auction cards...
2026-01-03 10:15:06,537 - scraper.selenium_scraper - INFO - Found 20 auction cards
2026-01-03 10:15:07,255 - scraper.selenium_scraper - INFO - Scraped tournament 1: PARAKRAM 7.0
2026-01-03 10:15:07,977 - scraper.selenium_scraper - INFO - Scraped tournament 2: MUTHALIYA PREMIER LEAGUE SEASON 5 - MENS
2026-01-03 10:15:08,666 - scraper.selenium_scraper - INFO - Scraped tournament 3: MUTHALIYA PREMIER LEAGUE SEASON 5 - WOMENS
2026-01-03 10:15:09,352 - scraper.selenium_scraper - INFO - Scraped tournament 4: BPL 2026
2026-01-03 10:15:10,037 - scraper.selenium_scraper - INFO - Scraped tournament 5: EPL -5
2026-01-03 10:15:10,723 - scraper.selenium_scraper - INFO - Scraped tournament 6: CHAMBER PREMIER LEAGUE - 14
2026-01-03 10:15:11,409 - scraper.selenium_scraper - INFO - Scraped tournament 7: Sindhi Premier League 6.0
2026-01-03 10:15:12,093 - scraper.selenium_scraper - INFO - Scraped tournament 8: Touronto Presents ECT-07 Powered by Sand Castle Resort
2026-01-03 10:15:12,782 - scraper.selenium_scraper - INFO - Scraped tournament 9: भंडारी प्रिमियर लीग २०२६ पर्व ३
2026-01-03 10:15:13,467 - scraper.selenium_scraper - INFO - Scraped tournament 10: KTPL Football Tournament Season 4
2026-01-03 10:15:14,157 - scraper.selenium_scraper - INFO - Scraped tournament 11: SIKAR PREMIER LEAGUE 2025
2026-01-03 10:15:14,840 - scraper.selenium_scraper - INFO - Scraped tournament 12: SUPER FOOTBALL CHAMPIONSHIP
2026-01-03 10:15:15,523 - scraper.selenium_scraper - INFO - Scraped tournament 13: Mana Premier League Season3
2026-01-03 10:15:16,207 - scraper.selenium_scraper - INFO - Scraped tournament 14: Adhoi premier league 2026 (season-3) Overarm cricket tournament
2026-01-03 10:15:16,891 - scraper.selenium_scraper - INFO - Scraped tournament 15: IPS Cricket League Season 2 Player Auction
2026-01-03 10:15:17,583 - scraper.selenium_scraper - INFO - Scraped tournament 16: Zoroastrian Volleyball Premier League
2026-01-03 10:15:18,270 - scraper.selenium_scraper - INFO - Scraped tournament 17: BCPL SEASON 1
2026-01-03 10:15:18,965 - scraper.selenium_scraper - INFO - Scraped tournament 18: Moirabari Premier League Season 8
2026-01-03 10:15:19,648 - scraper.selenium_scraper - INFO - Scraped tournament 19: Tatva Premier League 2026 - Female+Kids
2026-01-03 10:15:20,339 - scraper.selenium_scraper - INFO - Scraped tournament 20: Tatva Premier League 2026 - Mens
2026-01-03 10:15:20,340 - root - INFO - Successfully scraped 20 tournaments
2026-01-03 10:15:20,340 - root - INFO - Saved scraped data to /home/runner/work/super-player-auction-scraper/super-player-auction-scraper/data/tournament_data_20260103-101520.json
2026-01-03 10:15:20,340 - root - INFO - Initializing Graph API
2026-01-03 10:15:20,340 - excel.graph_api - INFO - Extracted file ID: 9e836ed5-f58f-4dc7-a969-3c62b255f3ea
2026-01-03 10:15:20,340 - excel.graph_api - INFO - Extracted site ID: CorpDevaaf94619130d4a79af9f3aeae502bdb5
2026-01-03 10:15:20,340 - root - INFO - Authenticating with Microsoft Graph API
2026-01-03 10:15:20,493 - excel.graph_api - INFO - Authentication successful
2026-01-03 10:15:20,493 - root - INFO - Updating Excel sheet with scraped data
2026-01-03 10:15:20,856 - excel.graph_api - INFO - Retrieved drive ID: b!MXUqfmBgAkyqAi_g7J1PO_6yKSWnHbZCs3mpe4EkYuX6d8izcdJxRb78S6OW5SIB
2026-01-03 10:15:22,593 - excel.graph_api - INFO - Retrieved 986 rows from Excel
2026-01-03 10:15:23,596 - excel.graph_api - INFO - Updating range A988:M993 with 6 new entries
2026-01-03 10:15:24,770 - excel.graph_api - INFO - Successfully added 6 new tournaments to Excel
2026-01-03 10:15:24,771 - root - INFO - Excel sheet updated successfully
2026-01-03 10:15:24,839 - scraper.selenium_scraper - INFO - Chrome driver closed
2026-01-03 10:15:24,839 - root - INFO - Selenium driver closed
2026-01-03 10:15:24,839 - root - INFO - Script execution completed
