2025-08-30 10:12:02,217 - root - INFO - Logger initialized successfully
2025-08-30 10:12:02,217 - root - INFO - Log file: /home/runner/work/super-player-auction-scraper/super-player-auction-scraper/logs/scraper_20250830_101202.log
2025-08-30 10:12:02,218 - root - INFO - Starting Super Player Auction scraper
2025-08-30 10:12:02,218 - utils.config - INFO - Credentials loaded from environment variables
2025-08-30 10:12:02,218 - utils.config - INFO - Settings loaded successfully
2025-08-30 10:12:02,218 - root - INFO - Initializing Selenium scraper
2025-08-30 10:12:02,218 - scraper.selenium_scraper - INFO - Running in GitHub Actions environment
2025-08-30 10:12:03,727 - selenium.webdriver.common.selenium_manager - WARNING - The chromedriver version (139.0.7258.138) detected in PATH at /usr/bin/chromedriver might not be compatible with the detected chrome version (139.0.7258.138); currently, chromedriver 139.0.7258.154 is recommended for chrome 139.*, so it is advised to delete the driver in PATH and retry
2025-08-30 10:12:10,911 - scraper.selenium_scraper - INFO - Chrome driver initialized successfully
2025-08-30 10:12:10,911 - root - INFO - Scraping tournament data
2025-08-30 10:12:10,911 - scraper.selenium_scraper - INFO - Starting to scrape tournament data
2025-08-30 10:12:14,689 - scraper.selenium_scraper - INFO - Waiting for page to load...
2025-08-30 10:12:19,695 - scraper.selenium_scraper - INFO - Scrolling to load all auction cards...
2025-08-30 10:12:31,820 - scraper.selenium_scraper - INFO - Saved page screenshot to /home/runner/work/super-player-auction-scraper/super-player-auction-scraper/logs/screenshots/page_loaded_20250830101231.png
2025-08-30 10:12:31,820 - scraper.selenium_scraper - INFO - Looking for auction cards...
2025-08-30 10:12:31,850 - scraper.selenium_scraper - INFO - Found 20 auction cards
2025-08-30 10:12:32,564 - scraper.selenium_scraper - INFO - Scraped tournament 1: IYC- GIRLS
2025-08-30 10:12:33,255 - scraper.selenium_scraper - INFO - Scraped tournament 2: SBFL SEASON 5
2025-08-30 10:12:34,012 - scraper.selenium_scraper - INFO - Scraped tournament 3: IYC
2025-08-30 10:12:34,704 - scraper.selenium_scraper - INFO - Scraped tournament 4: BPL SEASON 3
2025-08-30 10:12:35,392 - scraper.selenium_scraper - INFO - Scraped tournament 5: Masters Premier League Season 2025-26
2025-08-30 10:12:36,078 - scraper.selenium_scraper - INFO - Scraped tournament 6: Mali Premier League Balotra
2025-08-30 10:12:36,765 - scraper.selenium_scraper - INFO - Scraped tournament 7: Sarsangan U19 Boys & Girls Cricket Series 2025-26
2025-08-30 10:12:37,453 - scraper.selenium_scraper - INFO - Scraped tournament 8: Sarsangan +40 Cricket Series 2025-26
2025-08-30 10:12:38,139 - scraper.selenium_scraper - INFO - Scraped tournament 9: Sarsangan +45 Veterans Cricket Series 2025-26
2025-08-30 10:12:38,823 - scraper.selenium_scraper - INFO - Scraped tournament 10: Sarsangan Super Series Cricket 2025-26
2025-08-30 10:12:39,515 - scraper.selenium_scraper - INFO - Scraped tournament 11: NPL Titan Cup
2025-08-30 10:12:40,202 - scraper.selenium_scraper - INFO - Scraped tournament 12: RAIPUR SILVER PREMIER LEAGUE
2025-08-30 10:12:40,889 - scraper.selenium_scraper - INFO - Scraped tournament 13: SANDALWOOD PREMIER LEAGUE
2025-08-30 10:12:41,578 - scraper.selenium_scraper - INFO - Scraped tournament 14: Aanjana premier League Sardarpura (Rana)
2025-08-30 10:12:42,265 - scraper.selenium_scraper - INFO - Scraped tournament 15: Sikar Ka IPL 2025
2025-08-30 10:12:42,949 - scraper.selenium_scraper - INFO - Scraped tournament 16: SSAPL SEASON - 2
2025-08-30 10:12:43,636 - scraper.selenium_scraper - INFO - Scraped tournament 17: PLAI PREMIER LEAGUE
2025-08-30 10:12:44,317 - scraper.selenium_scraper - INFO - Scraped tournament 18: HBL - 6
2025-08-30 10:12:45,013 - scraper.selenium_scraper - INFO - Scraped tournament 19: PALEJ PREMIER LEAGUE
2025-08-30 10:12:45,696 - scraper.selenium_scraper - INFO - Scraped tournament 20: RENSA BSPL -2
2025-08-30 10:12:45,696 - root - INFO - Successfully scraped 20 tournaments
2025-08-30 10:12:45,697 - root - INFO - Saved scraped data to /home/runner/work/super-player-auction-scraper/super-player-auction-scraper/data/tournament_data_20250830-101245.json
2025-08-30 10:12:45,697 - root - INFO - Initializing Graph API
2025-08-30 10:12:45,697 - excel.graph_api - INFO - Extracted file ID: 9e836ed5-f58f-4dc7-a969-3c62b255f3ea
2025-08-30 10:12:45,697 - excel.graph_api - INFO - Extracted site ID: CorpDevaaf94619130d4a79af9f3aeae502bdb5
2025-08-30 10:12:45,697 - root - INFO - Authenticating with Microsoft Graph API
2025-08-30 10:12:46,014 - excel.graph_api - INFO - Authentication successful
2025-08-30 10:12:46,014 - root - INFO - Updating Excel sheet with scraped data
2025-08-30 10:12:46,498 - excel.graph_api - INFO - Retrieved drive ID: b!MXUqfmBgAkyqAi_g7J1PO_6yKSWnHbZCs3mpe4EkYuX6d8izcdJxRb78S6OW5SIB
2025-08-30 10:12:47,622 - excel.graph_api - INFO - Retrieved 434 rows from Excel
2025-08-30 10:12:48,305 - excel.graph_api - INFO - Updating range A436:M438 with 3 new entries
2025-08-30 10:12:49,472 - excel.graph_api - INFO - Successfully added 3 new tournaments to Excel
2025-08-30 10:12:49,473 - root - INFO - Excel sheet updated successfully
2025-08-30 10:12:49,541 - scraper.selenium_scraper - INFO - Chrome driver closed
2025-08-30 10:12:49,541 - root - INFO - Selenium driver closed
2025-08-30 10:12:49,541 - root - INFO - Script execution completed
