2025-12-09 15:16:29,066 - root - INFO - Logger initialized successfully
2025-12-09 15:16:29,066 - root - INFO - Log file: /home/runner/work/super-player-auction-scraper/super-player-auction-scraper/logs/scraper_20251209_151629.log
2025-12-09 15:16:29,066 - root - INFO - Starting Super Player Auction scraper
2025-12-09 15:16:29,066 - utils.config - INFO - Credentials loaded from environment variables
2025-12-09 15:16:29,067 - utils.config - INFO - Settings loaded successfully
2025-12-09 15:16:29,067 - root - INFO - Initializing Selenium scraper
2025-12-09 15:16:29,067 - scraper.selenium_scraper - INFO - Running in GitHub Actions environment
2025-12-09 15:16:47,173 - scraper.selenium_scraper - INFO - Chrome driver initialized successfully
2025-12-09 15:16:47,173 - root - INFO - Scraping tournament data
2025-12-09 15:16:47,173 - scraper.selenium_scraper - INFO - Starting to scrape tournament data
2025-12-09 15:16:48,789 - scraper.selenium_scraper - INFO - Waiting for page to load...
2025-12-09 15:16:53,794 - scraper.selenium_scraper - INFO - Scrolling to load all auction cards...
2025-12-09 15:17:05,992 - scraper.selenium_scraper - INFO - Saved page screenshot to /home/runner/work/super-player-auction-scraper/super-player-auction-scraper/logs/screenshots/page_loaded_20251209151705.png
2025-12-09 15:17:05,992 - scraper.selenium_scraper - INFO - Looking for auction cards...
2025-12-09 15:17:06,047 - scraper.selenium_scraper - INFO - Found 20 auction cards
2025-12-09 15:17:06,790 - scraper.selenium_scraper - INFO - Scraped tournament 1: Streamify Cup Open Category
2025-12-09 15:17:07,562 - scraper.selenium_scraper - INFO - Scraped tournament 2: CHAMPIONS LEAGUE FOOTBALL SEASON 4
2025-12-09 15:17:08,255 - scraper.selenium_scraper - INFO - Scraped tournament 3: MOBILE PREMIER LEAGUE - 4
2025-12-09 15:17:08,945 - scraper.selenium_scraper - INFO - Scraped tournament 4: GPL Badminton 2026
2025-12-09 15:17:09,639 - scraper.selenium_scraper - INFO - Scraped tournament 5: ECPL 2026
2025-12-09 15:17:10,345 - scraper.selenium_scraper - INFO - Scraped tournament 6: JITO ATHLON -FOOTBALL
2025-12-09 15:17:11,043 - scraper.selenium_scraper - INFO - Scraped tournament 7: JITO ATHLON - FULL PITCH CRICKET
2025-12-09 15:17:11,741 - scraper.selenium_scraper - INFO - Scraped tournament 8: MIPL
2025-12-09 15:17:12,434 - scraper.selenium_scraper - INFO - Scraped tournament 9: Matunga Gymkhana Champions League 2026
2025-12-09 15:17:13,139 - scraper.selenium_scraper - INFO - Scraped tournament 10: IHCL MEN
2025-12-09 15:17:13,844 - scraper.selenium_scraper - INFO - Scraped tournament 11: IHCL WOMEN
2025-12-09 15:17:14,538 - scraper.selenium_scraper - INFO - Scraped tournament 12: SAPPHIRE PREMIER LEAGUE
2025-12-09 15:17:15,227 - scraper.selenium_scraper - INFO - Scraped tournament 13: MFCL Season 5
2025-12-09 15:17:15,920 - scraper.selenium_scraper - INFO - Scraped tournament 14: Panchal Premier League - 10 , Vadodara
2025-12-09 15:17:16,613 - scraper.selenium_scraper - INFO - Scraped tournament 15: Bandra Premier League Season 6
2025-12-09 15:17:17,302 - scraper.selenium_scraper - INFO - Scraped tournament 16: BUILDWELL PREMIER LEAGUE
2025-12-09 15:17:17,993 - scraper.selenium_scraper - INFO - Scraped tournament 17: TNPL PREMIER LEAGUE SEASON 4
2025-12-09 15:17:18,682 - scraper.selenium_scraper - INFO - Scraped tournament 18: Sindhi Premier League 6.0
2025-12-09 15:17:19,385 - scraper.selenium_scraper - INFO - Scraped tournament 19: MULUMUDI PREMIER LEAGUE 2026 AUCTION
2025-12-09 15:17:20,077 - scraper.selenium_scraper - INFO - Scraped tournament 20: YELLAM PREMIER LEAGUE
2025-12-09 15:17:20,077 - root - INFO - Successfully scraped 20 tournaments
2025-12-09 15:17:20,078 - root - INFO - Saved scraped data to /home/runner/work/super-player-auction-scraper/super-player-auction-scraper/data/tournament_data_20251209-151720.json
2025-12-09 15:17:20,078 - root - INFO - Initializing Graph API
2025-12-09 15:17:20,078 - excel.graph_api - INFO - Extracted file ID: 9e836ed5-f58f-4dc7-a969-3c62b255f3ea
2025-12-09 15:17:20,078 - excel.graph_api - INFO - Extracted site ID: CorpDevaaf94619130d4a79af9f3aeae502bdb5
2025-12-09 15:17:20,078 - root - INFO - Authenticating with Microsoft Graph API
2025-12-09 15:17:20,268 - excel.graph_api - INFO - Authentication successful
2025-12-09 15:17:20,268 - root - INFO - Updating Excel sheet with scraped data
2025-12-09 15:17:20,508 - excel.graph_api - INFO - Retrieved drive ID: b!MXUqfmBgAkyqAi_g7J1PO_6yKSWnHbZCs3mpe4EkYuX6d8izcdJxRb78S6OW5SIB
2025-12-09 15:17:21,566 - excel.graph_api - INFO - Retrieved 826 rows from Excel
2025-12-09 15:17:22,506 - excel.graph_api - INFO - Updating range A828:M829 with 2 new entries
2025-12-09 15:17:23,517 - excel.graph_api - INFO - Successfully added 2 new tournaments to Excel
2025-12-09 15:17:23,519 - root - INFO - Excel sheet updated successfully
2025-12-09 15:17:23,586 - scraper.selenium_scraper - INFO - Chrome driver closed
2025-12-09 15:17:23,586 - root - INFO - Selenium driver closed
2025-12-09 15:17:23,586 - root - INFO - Script execution completed
