2026-02-10 10:48:50,471 - root - INFO - Logger initialized successfully
2026-02-10 10:48:50,471 - root - INFO - Log file: /home/runner/work/super-player-auction-scraper/super-player-auction-scraper/logs/scraper_20260210_104850.log
2026-02-10 10:48:50,471 - root - INFO - Starting Super Player Auction scraper
2026-02-10 10:48:50,471 - utils.config - INFO - Credentials loaded from environment variables
2026-02-10 10:48:50,471 - utils.config - INFO - Settings loaded successfully
2026-02-10 10:48:50,471 - root - INFO - Initializing Selenium scraper
2026-02-10 10:48:50,471 - scraper.selenium_scraper - INFO - Running in GitHub Actions environment
2026-02-10 10:48:52,153 - selenium.webdriver.common.selenium_manager - WARNING - The chromedriver version (144.0.7559.109) detected in PATH at /usr/bin/chromedriver might not be compatible with the detected chrome version (144.0.7559.109); currently, chromedriver 144.0.7559.133 is recommended for chrome 144.*, so it is advised to delete the driver in PATH and retry
2026-02-10 10:48:59,380 - scraper.selenium_scraper - INFO - Chrome driver initialized successfully
2026-02-10 10:48:59,380 - root - INFO - Scraping tournament data
2026-02-10 10:48:59,380 - scraper.selenium_scraper - INFO - Starting to scrape tournament data
2026-02-10 10:49:00,661 - scraper.selenium_scraper - INFO - Waiting for page to load...
2026-02-10 10:49:05,666 - scraper.selenium_scraper - INFO - Scrolling to load all auction cards...
2026-02-10 10:49:17,801 - scraper.selenium_scraper - INFO - Saved page screenshot to /home/runner/work/super-player-auction-scraper/super-player-auction-scraper/logs/screenshots/page_loaded_20260210104917.png
2026-02-10 10:49:17,802 - scraper.selenium_scraper - INFO - Looking for auction cards...
2026-02-10 10:49:17,827 - scraper.selenium_scraper - INFO - Found 20 auction cards
2026-02-10 10:49:18,557 - scraper.selenium_scraper - INFO - Scraped tournament 1: DARK BROWN PREMIER LEAGUE - 5
2026-02-10 10:49:19,305 - scraper.selenium_scraper - INFO - Scraped tournament 2: PUBLICIS FINANCE LEAGUE 2026
2026-02-10 10:49:20,000 - scraper.selenium_scraper - INFO - Scraped tournament 3: Slough Family League
2026-02-10 10:49:20,697 - scraper.selenium_scraper - INFO - Scraped tournament 4: Tamil Nadu Champions League Season-2
2026-02-10 10:49:21,391 - scraper.selenium_scraper - INFO - Scraped tournament 5: SUBIC SRILANKAN PREMIER LEAGUE - SEASON 4 - 2026
2026-02-10 10:49:22,088 - scraper.selenium_scraper - INFO - Scraped tournament 6: Calicut premier league Qatar
2026-02-10 10:49:22,787 - scraper.selenium_scraper - INFO - Scraped tournament 7: PH2 Cricket League
2026-02-10 10:49:23,500 - scraper.selenium_scraper - INFO - Scraped tournament 8: KEYSTONE SMART GLASS MCL - 7
2026-02-10 10:49:24,213 - scraper.selenium_scraper - INFO - Scraped tournament 9: Marquise Premier League Season 5
2026-02-10 10:49:24,908 - scraper.selenium_scraper - INFO - Scraped tournament 10: Bhaskar premier league season 9
2026-02-10 10:49:25,605 - scraper.selenium_scraper - INFO - Scraped tournament 11: SRPL 2026
2026-02-10 10:49:26,302 - scraper.selenium_scraper - INFO - Scraped tournament 12: Hind Sporting Premier League
2026-02-10 10:49:26,995 - scraper.selenium_scraper - INFO - Scraped tournament 13: RELIANCE SPL 2026
2026-02-10 10:49:27,686 - scraper.selenium_scraper - INFO - Scraped tournament 14: MCPL 2026
2026-02-10 10:49:28,382 - scraper.selenium_scraper - INFO - Scraped tournament 15: SIKAR PREMIER LEAGUE 2025
2026-02-10 10:49:29,073 - scraper.selenium_scraper - INFO - Scraped tournament 16: SUPER FOOTBALL CHAMPIONSHIP
2026-02-10 10:49:29,763 - scraper.selenium_scraper - INFO - Scraped tournament 17: REPUBLIC CUP 2.0
2026-02-10 10:49:30,452 - scraper.selenium_scraper - INFO - Scraped tournament 18: NPL
2026-02-10 10:49:31,145 - scraper.selenium_scraper - INFO - Scraped tournament 19: BJP
2026-02-10 10:49:31,842 - scraper.selenium_scraper - INFO - Scraped tournament 20: KALAL PREMIER LEAGUE - 5
2026-02-10 10:49:31,842 - root - INFO - Successfully scraped 20 tournaments
2026-02-10 10:49:31,843 - root - INFO - Saved scraped data to /home/runner/work/super-player-auction-scraper/super-player-auction-scraper/data/tournament_data_20260210-104931.json
2026-02-10 10:49:31,843 - root - INFO - Initializing Graph API
2026-02-10 10:49:31,844 - excel.graph_api - INFO - Extracted file ID: 9e836ed5-f58f-4dc7-a969-3c62b255f3ea
2026-02-10 10:49:31,844 - excel.graph_api - INFO - Extracted site ID: CorpDevaaf94619130d4a79af9f3aeae502bdb5
2026-02-10 10:49:31,844 - root - INFO - Authenticating with Microsoft Graph API
2026-02-10 10:49:32,368 - excel.graph_api - INFO - Authentication successful
2026-02-10 10:49:32,368 - root - INFO - Updating Excel sheet with scraped data
2026-02-10 10:49:32,741 - excel.graph_api - INFO - Retrieved drive ID: b!MXUqfmBgAkyqAi_g7J1PO_6yKSWnHbZCs3mpe4EkYuX6d8izcdJxRb78S6OW5SIB
2026-02-10 10:49:33,896 - excel.graph_api - INFO - Retrieved 1210 rows from Excel
2026-02-10 10:49:34,784 - excel.graph_api - INFO - Updating range A1212:M1212 with 1 new entries
2026-02-10 10:49:35,598 - excel.graph_api - INFO - Successfully added 1 new tournaments to Excel
2026-02-10 10:49:35,599 - root - INFO - Excel sheet updated successfully
2026-02-10 10:49:35,678 - scraper.selenium_scraper - INFO - Chrome driver closed
2026-02-10 10:49:35,679 - root - INFO - Selenium driver closed
2026-02-10 10:49:35,679 - root - INFO - Script execution completed
