2025-12-30 10:16:30,784 - root - INFO - Logger initialized successfully
2025-12-30 10:16:30,784 - root - INFO - Log file: /home/runner/work/super-player-auction-scraper/super-player-auction-scraper/logs/scraper_20251230_101630.log
2025-12-30 10:16:30,784 - root - INFO - Starting Super Player Auction scraper
2025-12-30 10:16:30,784 - utils.config - INFO - Credentials loaded from environment variables
2025-12-30 10:16:30,784 - utils.config - INFO - Settings loaded successfully
2025-12-30 10:16:30,784 - root - INFO - Initializing Selenium scraper
2025-12-30 10:16:30,784 - scraper.selenium_scraper - INFO - Running in GitHub Actions environment
2025-12-30 10:16:32,196 - selenium.webdriver.common.selenium_manager - WARNING - The chromedriver version (143.0.7499.42) detected in PATH at /usr/bin/chromedriver might not be compatible with the detected chrome version (143.0.7499.109); currently, chromedriver 143.0.7499.169 is recommended for chrome 143.*, so it is advised to delete the driver in PATH and retry
2025-12-30 10:16:38,009 - scraper.selenium_scraper - INFO - Chrome driver initialized successfully
2025-12-30 10:16:38,009 - root - INFO - Scraping tournament data
2025-12-30 10:16:38,009 - scraper.selenium_scraper - INFO - Starting to scrape tournament data
2025-12-30 10:16:39,116 - scraper.selenium_scraper - INFO - Waiting for page to load...
2025-12-30 10:16:44,122 - scraper.selenium_scraper - INFO - Scrolling to load all auction cards...
2025-12-30 10:16:56,311 - scraper.selenium_scraper - INFO - Saved page screenshot to /home/runner/work/super-player-auction-scraper/super-player-auction-scraper/logs/screenshots/page_loaded_20251230101656.png
2025-12-30 10:16:56,311 - scraper.selenium_scraper - INFO - Looking for auction cards...
2025-12-30 10:16:56,334 - scraper.selenium_scraper - INFO - Found 20 auction cards
2025-12-30 10:16:57,058 - scraper.selenium_scraper - INFO - Scraped tournament 1: PARAKRAM 7.0
2025-12-30 10:16:57,862 - scraper.selenium_scraper - INFO - Scraped tournament 2: JPL Season 6
2025-12-30 10:16:58,558 - scraper.selenium_scraper - INFO - Scraped tournament 3: DPL 2026
2025-12-30 10:16:59,254 - scraper.selenium_scraper - INFO - Scraped tournament 4: Bong Cricket Carnival Season 3
2025-12-30 10:16:59,947 - scraper.selenium_scraper - INFO - Scraped tournament 5: BPL 2026
2025-12-30 10:17:00,648 - scraper.selenium_scraper - INFO - Scraped tournament 6: Sindhi Premier League 6.0
2025-12-30 10:17:01,346 - scraper.selenium_scraper - INFO - Scraped tournament 7: SIKAR PREMIER LEAGUE 2025
2025-12-30 10:17:02,038 - scraper.selenium_scraper - INFO - Scraped tournament 8: SUPER FOOTBALL CHAMPIONSHIP
2025-12-30 10:17:02,729 - scraper.selenium_scraper - INFO - Scraped tournament 9: SHREE RAM PREMIER LEAGUE
2025-12-30 10:17:03,422 - scraper.selenium_scraper - INFO - Scraped tournament 10: GNPL SEASON - 4
2025-12-30 10:17:04,121 - scraper.selenium_scraper - INFO - Scraped tournament 11: ACG Inspection Cricket Tournament 2026
2025-12-30 10:17:04,815 - scraper.selenium_scraper - INFO - Scraped tournament 12: BPL SEASON-2
2025-12-30 10:17:05,506 - scraper.selenium_scraper - INFO - Scraped tournament 13: Amarante Premier League S - 9
2025-12-30 10:17:06,201 - scraper.selenium_scraper - INFO - Scraped tournament 14: Siyana Rudra Cup
2025-12-30 10:17:06,893 - scraper.selenium_scraper - INFO - Scraped tournament 15: Canvas Warriors Legendary League, Season 1,2026
2025-12-30 10:17:07,590 - scraper.selenium_scraper - INFO - Scraped tournament 16: THRISSUR PREMIER LEAGUE SEASON - 6
2025-12-30 10:17:08,286 - scraper.selenium_scraper - INFO - Scraped tournament 17: BPL
2025-12-30 10:17:08,979 - scraper.selenium_scraper - INFO - Scraped tournament 18: SCL - 2
2025-12-30 10:17:09,671 - scraper.selenium_scraper - INFO - Scraped tournament 19: BHUSAWAL PREMIER LEAGUE SEASON-01
2025-12-30 10:17:10,370 - scraper.selenium_scraper - INFO - Scraped tournament 20: Mana Premier League Season3
2025-12-30 10:17:10,370 - root - INFO - Successfully scraped 20 tournaments
2025-12-30 10:17:10,370 - root - INFO - Saved scraped data to /home/runner/work/super-player-auction-scraper/super-player-auction-scraper/data/tournament_data_20251230-101710.json
2025-12-30 10:17:10,371 - root - INFO - Initializing Graph API
2025-12-30 10:17:10,371 - excel.graph_api - INFO - Extracted file ID: 9e836ed5-f58f-4dc7-a969-3c62b255f3ea
2025-12-30 10:17:10,371 - excel.graph_api - INFO - Extracted site ID: CorpDevaaf94619130d4a79af9f3aeae502bdb5
2025-12-30 10:17:10,371 - root - INFO - Authenticating with Microsoft Graph API
2025-12-30 10:17:10,831 - excel.graph_api - INFO - Authentication successful
2025-12-30 10:17:10,831 - root - INFO - Updating Excel sheet with scraped data
2025-12-30 10:17:11,142 - excel.graph_api - INFO - Retrieved drive ID: b!MXUqfmBgAkyqAi_g7J1PO_6yKSWnHbZCs3mpe4EkYuX6d8izcdJxRb78S6OW5SIB
2025-12-30 10:17:12,415 - excel.graph_api - INFO - Retrieved 965 rows from Excel
2025-12-30 10:17:13,294 - excel.graph_api - INFO - Updating range A967:M969 with 3 new entries
2025-12-30 10:17:14,795 - excel.graph_api - INFO - Successfully added 3 new tournaments to Excel
2025-12-30 10:17:14,796 - root - INFO - Excel sheet updated successfully
2025-12-30 10:17:14,864 - scraper.selenium_scraper - INFO - Chrome driver closed
2025-12-30 10:17:14,865 - root - INFO - Selenium driver closed
2025-12-30 10:17:14,865 - root - INFO - Script execution completed
