2025-06-29 10:15:05,081 - root - INFO - Logger initialized successfully
2025-06-29 10:15:05,081 - root - INFO - Log file: /home/runner/work/super-player-auction-scraper/super-player-auction-scraper/logs/scraper_20250629_101505.log
2025-06-29 10:15:05,081 - root - INFO - Starting Super Player Auction scraper
2025-06-29 10:15:05,081 - utils.config - INFO - Credentials loaded from environment variables
2025-06-29 10:15:05,081 - utils.config - INFO - Settings loaded successfully
2025-06-29 10:15:05,081 - root - INFO - Initializing Selenium scraper
2025-06-29 10:15:05,081 - scraper.selenium_scraper - INFO - Running in GitHub Actions environment
2025-06-29 10:15:06,523 - scraper.selenium_scraper - INFO - Chrome driver initialized successfully
2025-06-29 10:15:06,523 - root - INFO - Scraping tournament data
2025-06-29 10:15:06,523 - scraper.selenium_scraper - INFO - Starting to scrape tournament data
2025-06-29 10:15:07,205 - scraper.selenium_scraper - INFO - Waiting for page to load...
2025-06-29 10:15:12,210 - scraper.selenium_scraper - INFO - Scrolling to load all auction cards...
2025-06-29 10:15:24,323 - scraper.selenium_scraper - INFO - Saved page screenshot to /home/runner/work/super-player-auction-scraper/super-player-auction-scraper/logs/screenshots/page_loaded_20250629101524.png
2025-06-29 10:15:24,323 - scraper.selenium_scraper - INFO - Looking for auction cards...
2025-06-29 10:15:24,342 - scraper.selenium_scraper - INFO - Found 20 auction cards
2025-06-29 10:15:25,090 - scraper.selenium_scraper - INFO - Scraped tournament 1: ArjunDMUP
2025-06-29 10:15:25,788 - scraper.selenium_scraper - INFO - Scraped tournament 2: Tekri Premier League
2025-06-29 10:15:26,501 - scraper.selenium_scraper - INFO - Scraped tournament 3: UiC - GULF LEAGUE 2025
2025-06-29 10:15:27,198 - scraper.selenium_scraper - INFO - Scraped tournament 4: IISDIANS VOLLEYBALL TOURNAMENT 25
2025-06-29 10:15:27,898 - scraper.selenium_scraper - INFO - Scraped tournament 5: RALLY TO WIN BADMINTON PRO LEAGUE 2025 - SEASON 4
2025-06-29 10:15:28,610 - scraper.selenium_scraper - INFO - Scraped tournament 6: Karnataka Rajatha Cup 2025
2025-06-29 10:15:29,328 - scraper.selenium_scraper - INFO - Scraped tournament 7: Padubidri Premier League - 2025
2025-06-29 10:15:30,041 - scraper.selenium_scraper - INFO - Scraped tournament 8: Deedar Premier League
2025-06-29 10:15:30,754 - scraper.selenium_scraper - INFO - Scraped tournament 9: TOLIYASAR PREMIER LEAGUE (TPL) SEASON 2
2025-06-29 10:15:31,467 - scraper.selenium_scraper - INFO - Scraped tournament 10: BPL SEASON 3
2025-06-29 10:15:32,194 - scraper.selenium_scraper - INFO - Scraped tournament 11: Petlurivaripalm Premier League Season -1
2025-06-29 10:15:32,903 - scraper.selenium_scraper - INFO - Scraped tournament 12: Dholi Samaj Premiere League Sisseion-2
2025-06-29 10:15:33,623 - scraper.selenium_scraper - INFO - Scraped tournament 13: Zafaryab PVT LTD
2025-06-29 10:15:34,342 - scraper.selenium_scraper - INFO - Scraped tournament 14: Kpl Auction
2025-06-29 10:15:35,062 - scraper.selenium_scraper - INFO - Scraped tournament 15: Nepali Premier League Melbourne
2025-06-29 10:15:35,810 - scraper.selenium_scraper - INFO - Scraped tournament 16: NPL Series 2
2025-06-29 10:15:36,526 - scraper.selenium_scraper - INFO - Scraped tournament 17: CHOORI SOCCER LEAGUE 2025
2025-06-29 10:15:37,232 - scraper.selenium_scraper - INFO - Scraped tournament 18: HYNISH CRICKET PREMIER LEAGUE SEASON-4
2025-06-29 10:15:37,943 - scraper.selenium_scraper - INFO - Scraped tournament 19: RANA PREMIER LEAGUE SEASON 1
2025-06-29 10:15:38,655 - scraper.selenium_scraper - INFO - Scraped tournament 20: National premier league season 3 Player Auction
2025-06-29 10:15:38,655 - root - INFO - Successfully scraped 20 tournaments
2025-06-29 10:15:38,656 - root - INFO - Saved scraped data to /home/runner/work/super-player-auction-scraper/super-player-auction-scraper/data/tournament_data_20250629-101538.json
2025-06-29 10:15:38,656 - root - INFO - Initializing Graph API
2025-06-29 10:15:38,657 - excel.graph_api - INFO - Extracted file ID: 9e836ed5-f58f-4dc7-a969-3c62b255f3ea
2025-06-29 10:15:38,657 - excel.graph_api - INFO - Extracted site ID: CorpDevaaf94619130d4a79af9f3aeae502bdb5
2025-06-29 10:15:38,657 - root - INFO - Authenticating with Microsoft Graph API
2025-06-29 10:15:38,877 - excel.graph_api - INFO - Authentication successful
2025-06-29 10:15:38,877 - root - INFO - Updating Excel sheet with scraped data
2025-06-29 10:15:39,571 - excel.graph_api - INFO - Retrieved drive ID: b!MXUqfmBgAkyqAi_g7J1PO_6yKSWnHbZCs3mpe4EkYuX6d8izcdJxRb78S6OW5SIB
2025-06-29 10:15:40,786 - excel.graph_api - INFO - Retrieved 247 rows from Excel
2025-06-29 10:15:41,539 - excel.graph_api - INFO - Updating range A249:M253 with 5 new entries
2025-06-29 10:15:42,731 - excel.graph_api - INFO - Successfully added 5 new tournaments to Excel
2025-06-29 10:15:42,733 - root - INFO - Excel sheet updated successfully
2025-06-29 10:15:42,805 - scraper.selenium_scraper - INFO - Chrome driver closed
2025-06-29 10:15:42,805 - root - INFO - Selenium driver closed
2025-06-29 10:15:42,805 - root - INFO - Script execution completed
