2025-12-27 15:12:35,020 - root - INFO - Logger initialized successfully
2025-12-27 15:12:35,020 - root - INFO - Log file: /home/runner/work/super-player-auction-scraper/super-player-auction-scraper/logs/scraper_20251227_151235.log
2025-12-27 15:12:35,020 - root - INFO - Starting Super Player Auction scraper
2025-12-27 15:12:35,020 - utils.config - INFO - Credentials loaded from environment variables
2025-12-27 15:12:35,021 - utils.config - INFO - Settings loaded successfully
2025-12-27 15:12:35,021 - root - INFO - Initializing Selenium scraper
2025-12-27 15:12:35,021 - scraper.selenium_scraper - INFO - Running in GitHub Actions environment
2025-12-27 15:12:36,533 - selenium.webdriver.common.selenium_manager - WARNING - The chromedriver version (143.0.7499.42) detected in PATH at /usr/bin/chromedriver might not be compatible with the detected chrome version (143.0.7499.109); currently, chromedriver 143.0.7499.169 is recommended for chrome 143.*, so it is advised to delete the driver in PATH and retry
2025-12-27 15:12:44,653 - scraper.selenium_scraper - INFO - Chrome driver initialized successfully
2025-12-27 15:12:44,653 - root - INFO - Scraping tournament data
2025-12-27 15:12:44,653 - scraper.selenium_scraper - INFO - Starting to scrape tournament data
2025-12-27 15:12:45,660 - scraper.selenium_scraper - INFO - Waiting for page to load...
2025-12-27 15:12:50,665 - scraper.selenium_scraper - INFO - Scrolling to load all auction cards...
2025-12-27 15:13:02,900 - scraper.selenium_scraper - INFO - Saved page screenshot to /home/runner/work/super-player-auction-scraper/super-player-auction-scraper/logs/screenshots/page_loaded_20251227151302.png
2025-12-27 15:13:02,900 - scraper.selenium_scraper - INFO - Looking for auction cards...
2025-12-27 15:13:02,921 - scraper.selenium_scraper - INFO - Found 20 auction cards
2025-12-27 15:13:03,636 - scraper.selenium_scraper - INFO - Scraped tournament 1: PARAKRAM 7.0
2025-12-27 15:13:04,387 - scraper.selenium_scraper - INFO - Scraped tournament 2: SHIRUR PREMIER LEAGUE 2026
2025-12-27 15:13:05,073 - scraper.selenium_scraper - INFO - Scraped tournament 3: Sindhi Premier League 6.0
2025-12-27 15:13:05,754 - scraper.selenium_scraper - INFO - Scraped tournament 4: LEGENDS PREMIER LEAGUE SEASON 3
2025-12-27 15:13:06,435 - scraper.selenium_scraper - INFO - Scraped tournament 5: Ayyampuzha Super League, Season 3
2025-12-27 15:13:07,126 - scraper.selenium_scraper - INFO - Scraped tournament 6: MPL Season 4 | Auction | Men's Open
2025-12-27 15:13:07,815 - scraper.selenium_scraper - INFO - Scraped tournament 7: Vivek Vihar Premier League 2026
2025-12-27 15:13:08,499 - scraper.selenium_scraper - INFO - Scraped tournament 8: Kids SOPL 10th Edition
2025-12-27 15:13:09,182 - scraper.selenium_scraper - INFO - Scraped tournament 9: Delta Football League
2025-12-27 15:13:09,862 - scraper.selenium_scraper - INFO - Scraped tournament 10: WALA & SALAMAT Muslim Samaj Tournament Godhra
2025-12-27 15:13:10,545 - scraper.selenium_scraper - INFO - Scraped tournament 11: SPL - 10
2025-12-27 15:13:11,234 - scraper.selenium_scraper - INFO - Scraped tournament 12: JPL Season 6
2025-12-27 15:13:11,916 - scraper.selenium_scraper - INFO - Scraped tournament 13: DPL 2026
2025-12-27 15:13:12,597 - scraper.selenium_scraper - INFO - Scraped tournament 14: SIKAR PREMIER LEAGUE 2025
2025-12-27 15:13:13,281 - scraper.selenium_scraper - INFO - Scraped tournament 15: SUPER FOOTBALL CHAMPIONSHIP
2025-12-27 15:13:13,962 - scraper.selenium_scraper - INFO - Scraped tournament 16: Arjun DEMO
2025-12-27 15:13:14,645 - scraper.selenium_scraper - INFO - Scraped tournament 17: Jamnagar VolleyBall Tournament
2025-12-27 15:13:15,330 - scraper.selenium_scraper - INFO - Scraped tournament 18: Mana Premier League Season3
2025-12-27 15:13:16,011 - scraper.selenium_scraper - INFO - Scraped tournament 19: MPL Season 4 | Auction | Under 16
2025-12-27 15:13:16,700 - scraper.selenium_scraper - INFO - Scraped tournament 20: AGRASEN PREMIER LEAGUE - BOX CRICKET
2025-12-27 15:13:16,700 - root - INFO - Successfully scraped 20 tournaments
2025-12-27 15:13:16,701 - root - INFO - Saved scraped data to /home/runner/work/super-player-auction-scraper/super-player-auction-scraper/data/tournament_data_20251227-151316.json
2025-12-27 15:13:16,701 - root - INFO - Initializing Graph API
2025-12-27 15:13:16,701 - excel.graph_api - INFO - Extracted file ID: 9e836ed5-f58f-4dc7-a969-3c62b255f3ea
2025-12-27 15:13:16,701 - excel.graph_api - INFO - Extracted site ID: CorpDevaaf94619130d4a79af9f3aeae502bdb5
2025-12-27 15:13:16,701 - root - INFO - Authenticating with Microsoft Graph API
2025-12-27 15:13:17,282 - excel.graph_api - INFO - Authentication successful
2025-12-27 15:13:17,282 - root - INFO - Updating Excel sheet with scraped data
2025-12-27 15:13:17,601 - excel.graph_api - INFO - Retrieved drive ID: b!MXUqfmBgAkyqAi_g7J1PO_6yKSWnHbZCs3mpe4EkYuX6d8izcdJxRb78S6OW5SIB
2025-12-27 15:13:18,681 - excel.graph_api - INFO - Retrieved 950 rows from Excel
2025-12-27 15:13:19,412 - excel.graph_api - INFO - No new tournaments to add
2025-12-27 15:13:19,413 - root - INFO - Excel sheet updated successfully
2025-12-27 15:13:19,482 - scraper.selenium_scraper - INFO - Chrome driver closed
2025-12-27 15:13:19,482 - root - INFO - Selenium driver closed
2025-12-27 15:13:19,482 - root - INFO - Script execution completed
