2026-05-12 17:02:58,786 - root - INFO - Logger initialized successfully
2026-05-12 17:02:58,787 - root - INFO - Log file: /home/runner/work/super-player-auction-scraper/super-player-auction-scraper/logs/scraper_20260512_170258.log
2026-05-12 17:02:58,787 - root - INFO - Starting Super Player Auction scraper
2026-05-12 17:02:58,787 - utils.config - INFO - Credentials loaded from environment variables
2026-05-12 17:02:58,787 - utils.config - INFO - Settings loaded successfully
2026-05-12 17:02:58,787 - root - INFO - Initializing Selenium scraper
2026-05-12 17:02:58,787 - scraper.selenium_scraper - INFO - Running in GitHub Actions environment
2026-05-12 17:03:00,361 - selenium.webdriver.common.selenium_manager - WARNING - The chromedriver version (147.0.7727.56) detected in PATH at /usr/bin/chromedriver might not be compatible with the detected chrome version (147.0.7727.55); currently, chromedriver 147.0.7727.117 is recommended for chrome 147.*, so it is advised to delete the driver in PATH and retry
2026-05-12 17:03:06,209 - scraper.selenium_scraper - INFO - Chrome driver initialized successfully
2026-05-12 17:03:06,209 - root - INFO - Scraping tournament data
2026-05-12 17:03:06,209 - scraper.selenium_scraper - INFO - Starting to scrape tournament data
2026-05-12 17:03:06,920 - scraper.selenium_scraper - INFO - Waiting for page to load...
2026-05-12 17:03:11,925 - scraper.selenium_scraper - INFO - Scrolling to load all auction cards...
2026-05-12 17:03:24,056 - scraper.selenium_scraper - INFO - Saved page screenshot to /home/runner/work/super-player-auction-scraper/super-player-auction-scraper/logs/screenshots/page_loaded_20260512170324.png
2026-05-12 17:03:24,056 - scraper.selenium_scraper - INFO - Looking for auction cards...
2026-05-12 17:03:24,080 - scraper.selenium_scraper - INFO - Found 20 auction cards
2026-05-12 17:03:24,822 - scraper.selenium_scraper - INFO - Scraped tournament 1: SPL 3
2026-05-12 17:03:25,538 - scraper.selenium_scraper - INFO - Scraped tournament 2: SCL MANALI
2026-05-12 17:03:26,224 - scraper.selenium_scraper - INFO - Scraped tournament 3: Hariprabodham Cricket League Season 4.0
2026-05-12 17:03:26,912 - scraper.selenium_scraper - INFO - Scraped tournament 4: DPL 6
2026-05-12 17:03:27,595 - scraper.selenium_scraper - INFO - Scraped tournament 5: SUPER FOOTBALL CHAMPIONSHIP
2026-05-12 17:03:28,280 - scraper.selenium_scraper - INFO - Scraped tournament 6: REPUBLIC CUP 2.0
2026-05-12 17:03:28,967 - scraper.selenium_scraper - INFO - Scraped tournament 7: Auction Demo Jodi
2026-05-12 17:03:29,652 - scraper.selenium_scraper - INFO - Scraped tournament 8: Super Cricket League
2026-05-12 17:03:30,344 - scraper.selenium_scraper - INFO - Scraped tournament 9: SIKAR PREMIER LEAGUE 2025
2026-05-12 17:03:31,081 - scraper.selenium_scraper - INFO - Scraped tournament 10: BJP
2026-05-12 17:03:31,765 - scraper.selenium_scraper - INFO - Scraped tournament 11: SUPER LEAGUE GROUP
2026-05-12 17:03:32,448 - scraper.selenium_scraper - INFO - Scraped tournament 12: SUPER CRICKET LEAGUE
2026-05-12 17:03:33,130 - scraper.selenium_scraper - INFO - Scraped tournament 13: Nexion Pickleball Premier League
2026-05-12 17:03:33,815 - scraper.selenium_scraper - INFO - Scraped tournament 14: Komi Ekta Box CRICKET Tournament
2026-05-12 17:03:34,502 - scraper.selenium_scraper - INFO - Scraped tournament 15: Vault Premier League 2.0
2026-05-12 17:03:35,182 - scraper.selenium_scraper - INFO - Scraped tournament 16: GRAMIN PREMIER LEAGUE (GPL) -2026 SHAKTINAGAR
2026-05-12 17:03:35,865 - scraper.selenium_scraper - INFO - Scraped tournament 17: Devbhoomi JBRJ Cricket League
2026-05-12 17:03:36,558 - scraper.selenium_scraper - INFO - Scraped tournament 18: मेघवाल प्रीमियर लीग जयपुर आक्शन
2026-05-12 17:03:37,241 - scraper.selenium_scraper - INFO - Scraped tournament 19: ಉಗನವಾಡಿ ಪ್ರೀಮಿಯರ್ ಲೀಗ್ -2026 ಸೀಸನ್- 2 ಮಹೇಶ್ ಸಿರವರ ಸವಿ ನೆನಪಿನಲ್ಲಿ
2026-05-12 17:03:37,921 - scraper.selenium_scraper - INFO - Scraped tournament 20: Puttur premier league - 11
2026-05-12 17:03:37,922 - root - INFO - Successfully scraped 20 tournaments
2026-05-12 17:03:37,922 - root - INFO - Saved scraped data to /home/runner/work/super-player-auction-scraper/super-player-auction-scraper/data/tournament_data_20260512-170337.json
2026-05-12 17:03:37,922 - root - INFO - Initializing Graph API
2026-05-12 17:03:37,923 - excel.graph_api - INFO - Extracted file ID: 9e836ed5-f58f-4dc7-a969-3c62b255f3ea
2026-05-12 17:03:37,923 - excel.graph_api - INFO - Extracted site ID: CorpDevaaf94619130d4a79af9f3aeae502bdb5
2026-05-12 17:03:37,923 - root - INFO - Authenticating with Microsoft Graph API
2026-05-12 17:03:38,192 - excel.graph_api - INFO - Authentication successful
2026-05-12 17:03:38,192 - root - INFO - Updating Excel sheet with scraped data
2026-05-12 17:03:38,521 - excel.graph_api - INFO - Retrieved drive ID: b!MXUqfmBgAkyqAi_g7J1PO_6yKSWnHbZCs3mpe4EkYuX6d8izcdJxRb78S6OW5SIB
2026-05-12 17:03:40,166 - excel.graph_api - INFO - Retrieved 1593 rows from Excel
2026-05-12 17:03:41,493 - excel.graph_api - INFO - Updating range A1595:Y1595 with 1 new entries
2026-05-12 17:03:42,885 - excel.graph_api - INFO - Successfully added 1 new tournaments to Excel
2026-05-12 17:03:42,887 - root - INFO - Excel sheet updated successfully
2026-05-12 17:03:42,966 - scraper.selenium_scraper - INFO - Chrome driver closed
2026-05-12 17:03:42,966 - root - INFO - Selenium driver closed
2026-05-12 17:03:42,966 - root - INFO - Script execution completed
