2025-11-29 15:12:19,720 - root - INFO - Logger initialized successfully
2025-11-29 15:12:19,720 - root - INFO - Log file: /home/runner/work/super-player-auction-scraper/super-player-auction-scraper/logs/scraper_20251129_151219.log
2025-11-29 15:12:19,720 - root - INFO - Starting Super Player Auction scraper
2025-11-29 15:12:19,721 - utils.config - INFO - Credentials loaded from environment variables
2025-11-29 15:12:19,721 - utils.config - INFO - Settings loaded successfully
2025-11-29 15:12:19,721 - root - INFO - Initializing Selenium scraper
2025-11-29 15:12:19,721 - scraper.selenium_scraper - INFO - Running in GitHub Actions environment
2025-11-29 15:12:21,812 - selenium.webdriver.common.selenium_manager - WARNING - The chromedriver version (142.0.7444.162) detected in PATH at /usr/bin/chromedriver might not be compatible with the detected chrome version (142.0.7444.162); currently, chromedriver 142.0.7444.175 is recommended for chrome 142.*, so it is advised to delete the driver in PATH and retry
2025-11-29 15:12:29,402 - scraper.selenium_scraper - INFO - Chrome driver initialized successfully
2025-11-29 15:12:29,402 - root - INFO - Scraping tournament data
2025-11-29 15:12:29,402 - scraper.selenium_scraper - INFO - Starting to scrape tournament data
2025-11-29 15:12:30,357 - scraper.selenium_scraper - INFO - Waiting for page to load...
2025-11-29 15:12:35,362 - scraper.selenium_scraper - INFO - Scrolling to load all auction cards...
2025-11-29 15:12:47,521 - scraper.selenium_scraper - INFO - Saved page screenshot to /home/runner/work/super-player-auction-scraper/super-player-auction-scraper/logs/screenshots/page_loaded_20251129151247.png
2025-11-29 15:12:47,521 - scraper.selenium_scraper - INFO - Looking for auction cards...
2025-11-29 15:12:47,565 - scraper.selenium_scraper - INFO - Found 20 auction cards
2025-11-29 15:12:48,309 - scraper.selenium_scraper - INFO - Scraped tournament 1: LPCL SEASON 4 MENS 45+
2025-11-29 15:12:49,060 - scraper.selenium_scraper - INFO - Scraped tournament 2: LPCL SEASON 4 MENS 45+ PROFESSIONALS
2025-11-29 15:12:49,761 - scraper.selenium_scraper - INFO - Scraped tournament 3: LEAGUE OF CHAMPIONS-1
2025-11-29 15:12:50,462 - scraper.selenium_scraper - INFO - Scraped tournament 4: SANASWADI PREMIER LEAGUE 2026
2025-11-29 15:12:51,163 - scraper.selenium_scraper - INFO - Scraped tournament 5: KOB T10 TENNIS BALL 2025
2025-11-29 15:12:51,871 - scraper.selenium_scraper - INFO - Scraped tournament 6: TMPL 3.0 (Male)
2025-11-29 15:12:52,586 - scraper.selenium_scraper - INFO - Scraped tournament 7: TMPL 3.0 (Female)
2025-11-29 15:12:53,287 - scraper.selenium_scraper - INFO - Scraped tournament 8: ABSA BUNTS CUP 4TH EDITION
2025-11-29 15:12:53,986 - scraper.selenium_scraper - INFO - Scraped tournament 9: Parle Premier League Season 6 (Mens)
2025-11-29 15:12:54,688 - scraper.selenium_scraper - INFO - Scraped tournament 10: RCBP Pier Premier League 2025.
2025-11-29 15:12:55,393 - scraper.selenium_scraper - INFO - Scraped tournament 11: CCL 2.0 PREMIER LEAGUE SEASON 1
2025-11-29 15:12:56,099 - scraper.selenium_scraper - INFO - Scraped tournament 12: Chhattisgarh Legends Premier League - 2025
2025-11-29 15:12:56,796 - scraper.selenium_scraper - INFO - Scraped tournament 13: Bhatkal Premier League - 2026
2025-11-29 15:12:57,499 - scraper.selenium_scraper - INFO - Scraped tournament 14: Sindhi Premier League 6.0
2025-11-29 15:12:58,196 - scraper.selenium_scraper - INFO - Scraped tournament 15: Brotherhood Youth Premier League Season-2 2025-26
2025-11-29 15:12:58,887 - scraper.selenium_scraper - INFO - Scraped tournament 16: ⁠RTPL 7.0
2025-11-29 15:12:59,581 - scraper.selenium_scraper - INFO - Scraped tournament 17: MORNING PREMIER LEAGUE
2025-11-29 15:13:00,275 - scraper.selenium_scraper - INFO - Scraped tournament 18: Streamify Cup Open Category
2025-11-29 15:13:00,969 - scraper.selenium_scraper - INFO - Scraped tournament 19: CHAMPIONS LEAGUE FOOTBALL SEASON 4
2025-11-29 15:13:01,658 - scraper.selenium_scraper - INFO - Scraped tournament 20: Delta Football League
2025-11-29 15:13:01,659 - root - INFO - Successfully scraped 20 tournaments
2025-11-29 15:13:01,659 - root - INFO - Saved scraped data to /home/runner/work/super-player-auction-scraper/super-player-auction-scraper/data/tournament_data_20251129-151301.json
2025-11-29 15:13:01,659 - root - INFO - Initializing Graph API
2025-11-29 15:13:01,660 - excel.graph_api - INFO - Extracted file ID: 9e836ed5-f58f-4dc7-a969-3c62b255f3ea
2025-11-29 15:13:01,660 - excel.graph_api - INFO - Extracted site ID: CorpDevaaf94619130d4a79af9f3aeae502bdb5
2025-11-29 15:13:01,660 - root - INFO - Authenticating with Microsoft Graph API
2025-11-29 15:13:02,139 - excel.graph_api - ERROR - Authentication failed: AADSTS7000222: The provided client secret keys for app 'f45467f0-629b-4712-a029-cd1289854747' are expired. Visit the Azure portal to create new keys for your app: https://aka.ms/NewClientSecret, or consider using certificate credentials for added security: https://aka.ms/certCreds. Trace ID: a9b0eac9-60d9-47e0-94db-dae17f7c5e01 Correlation ID: baed8a93-f62f-44db-bf05-efd51f391f35 Timestamp: 2025-11-29 15:13:02Z
2025-11-29 15:13:02,139 - root - ERROR - Failed to authenticate with Microsoft Graph API
2025-11-29 15:13:02,210 - scraper.selenium_scraper - INFO - Chrome driver closed
2025-11-29 15:13:02,210 - root - INFO - Selenium driver closed
2025-11-29 15:13:02,210 - root - INFO - Script execution completed
