2025-12-23 10:16:41,080 - root - INFO - Logger initialized successfully
2025-12-23 10:16:41,080 - root - INFO - Log file: /home/runner/work/super-player-auction-scraper/super-player-auction-scraper/logs/scraper_20251223_101641.log
2025-12-23 10:16:41,080 - root - INFO - Starting Super Player Auction scraper
2025-12-23 10:16:41,080 - utils.config - INFO - Credentials loaded from environment variables
2025-12-23 10:16:41,081 - utils.config - INFO - Settings loaded successfully
2025-12-23 10:16:41,081 - root - INFO - Initializing Selenium scraper
2025-12-23 10:16:41,081 - scraper.selenium_scraper - INFO - Running in GitHub Actions environment
2025-12-23 10:16:42,349 - selenium.webdriver.common.selenium_manager - WARNING - The chromedriver version (143.0.7499.42) detected in PATH at /usr/bin/chromedriver might not be compatible with the detected chrome version (143.0.7499.109); currently, chromedriver 143.0.7499.169 is recommended for chrome 143.*, so it is advised to delete the driver in PATH and retry
2025-12-23 10:16:47,100 - scraper.selenium_scraper - INFO - Chrome driver initialized successfully
2025-12-23 10:16:47,101 - root - INFO - Scraping tournament data
2025-12-23 10:16:47,101 - scraper.selenium_scraper - INFO - Starting to scrape tournament data
2025-12-23 10:16:47,841 - scraper.selenium_scraper - INFO - Waiting for page to load...
2025-12-23 10:16:52,846 - scraper.selenium_scraper - INFO - Scrolling to load all auction cards...
2025-12-23 10:17:04,988 - scraper.selenium_scraper - INFO - Saved page screenshot to /home/runner/work/super-player-auction-scraper/super-player-auction-scraper/logs/screenshots/page_loaded_20251223101704.png
2025-12-23 10:17:04,988 - scraper.selenium_scraper - INFO - Looking for auction cards...
2025-12-23 10:17:05,010 - scraper.selenium_scraper - INFO - Found 20 auction cards
2025-12-23 10:17:05,732 - scraper.selenium_scraper - INFO - Scraped tournament 1: SHIRUR PREMIER LEAGUE 2026
2025-12-23 10:17:06,481 - scraper.selenium_scraper - INFO - Scraped tournament 2: YELLAM PREMIER LEAGUE
2025-12-23 10:17:07,171 - scraper.selenium_scraper - INFO - Scraped tournament 3: Shitladevi Premier League
2025-12-23 10:17:07,861 - scraper.selenium_scraper - INFO - Scraped tournament 4: ઉજળવાવ પ્રિમયર લીગ-2026
2025-12-23 10:17:08,550 - scraper.selenium_scraper - INFO - Scraped tournament 5: Sindhi Premier League 6.0
2025-12-23 10:17:09,239 - scraper.selenium_scraper - INFO - Scraped tournament 6: Ayyampuzha Super League, Season 3
2025-12-23 10:17:09,929 - scraper.selenium_scraper - INFO - Scraped tournament 7: Delta Football League
2025-12-23 10:17:10,616 - scraper.selenium_scraper - INFO - Scraped tournament 8: SPL - 10
2025-12-23 10:17:11,310 - scraper.selenium_scraper - INFO - Scraped tournament 9: SIKAR PREMIER LEAGUE 2025
2025-12-23 10:17:11,997 - scraper.selenium_scraper - INFO - Scraped tournament 10: SUPER FOOTBALL CHAMPIONSHIP
2025-12-23 10:17:12,690 - scraper.selenium_scraper - INFO - Scraped tournament 11: Arjun DEMO
2025-12-23 10:17:13,382 - scraper.selenium_scraper - INFO - Scraped tournament 12: ANTOP HILL PREMIER LEAGUE
2025-12-23 10:17:14,070 - scraper.selenium_scraper - INFO - Scraped tournament 13: BHANDARI PREMIER LEAGUE 2026
2025-12-23 10:17:14,758 - scraper.selenium_scraper - INFO - Scraped tournament 14: CPL Season 2
2025-12-23 10:17:15,447 - scraper.selenium_scraper - INFO - Scraped tournament 15: SSPL SEASON 03
2025-12-23 10:17:16,136 - scraper.selenium_scraper - INFO - Scraped tournament 16: SUPER FRIENDS CUP
2025-12-23 10:17:16,831 - scraper.selenium_scraper - INFO - Scraped tournament 17: MPL-6
2025-12-23 10:17:17,548 - scraper.selenium_scraper - INFO - Scraped tournament 18: Festival Cup Juniors
2025-12-23 10:17:18,234 - scraper.selenium_scraper - INFO - Scraped tournament 19: WCL
2025-12-23 10:17:18,930 - scraper.selenium_scraper - INFO - Scraped tournament 20: Huddle Internal Series
2025-12-23 10:17:18,930 - root - INFO - Successfully scraped 20 tournaments
2025-12-23 10:17:18,930 - root - INFO - Saved scraped data to /home/runner/work/super-player-auction-scraper/super-player-auction-scraper/data/tournament_data_20251223-101718.json
2025-12-23 10:17:18,930 - root - INFO - Initializing Graph API
2025-12-23 10:17:18,931 - excel.graph_api - INFO - Extracted file ID: 9e836ed5-f58f-4dc7-a969-3c62b255f3ea
2025-12-23 10:17:18,931 - excel.graph_api - INFO - Extracted site ID: CorpDevaaf94619130d4a79af9f3aeae502bdb5
2025-12-23 10:17:18,931 - root - INFO - Authenticating with Microsoft Graph API
2025-12-23 10:17:19,228 - excel.graph_api - INFO - Authentication successful
2025-12-23 10:17:19,228 - root - INFO - Updating Excel sheet with scraped data
2025-12-23 10:17:19,897 - excel.graph_api - INFO - Retrieved drive ID: b!MXUqfmBgAkyqAi_g7J1PO_6yKSWnHbZCs3mpe4EkYuX6d8izcdJxRb78S6OW5SIB
2025-12-23 10:17:21,298 - excel.graph_api - INFO - Retrieved 926 rows from Excel
2025-12-23 10:17:23,219 - excel.graph_api - INFO - Updating range A928:M932 with 5 new entries
2025-12-23 10:17:24,163 - excel.graph_api - INFO - Successfully added 5 new tournaments to Excel
2025-12-23 10:17:24,164 - root - INFO - Excel sheet updated successfully
2025-12-23 10:17:24,231 - scraper.selenium_scraper - INFO - Chrome driver closed
2025-12-23 10:17:24,231 - root - INFO - Selenium driver closed
2025-12-23 10:17:24,231 - root - INFO - Script execution completed
