2026-01-17 15:13:29,878 - root - INFO - Logger initialized successfully
2026-01-17 15:13:29,878 - root - INFO - Log file: /home/runner/work/super-player-auction-scraper/super-player-auction-scraper/logs/scraper_20260117_151329.log
2026-01-17 15:13:29,878 - root - INFO - Starting Super Player Auction scraper
2026-01-17 15:13:29,879 - utils.config - INFO - Credentials loaded from environment variables
2026-01-17 15:13:29,879 - utils.config - INFO - Settings loaded successfully
2026-01-17 15:13:29,879 - root - INFO - Initializing Selenium scraper
2026-01-17 15:13:29,879 - scraper.selenium_scraper - INFO - Running in GitHub Actions environment
2026-01-17 15:13:44,149 - scraper.selenium_scraper - INFO - Chrome driver initialized successfully
2026-01-17 15:13:44,150 - root - INFO - Scraping tournament data
2026-01-17 15:13:44,150 - scraper.selenium_scraper - INFO - Starting to scrape tournament data
2026-01-17 15:13:46,179 - scraper.selenium_scraper - INFO - Waiting for page to load...
2026-01-17 15:13:51,185 - scraper.selenium_scraper - INFO - Scrolling to load all auction cards...
2026-01-17 15:14:03,389 - scraper.selenium_scraper - INFO - Saved page screenshot to /home/runner/work/super-player-auction-scraper/super-player-auction-scraper/logs/screenshots/page_loaded_20260117151403.png
2026-01-17 15:14:03,389 - scraper.selenium_scraper - INFO - Looking for auction cards...
2026-01-17 15:14:03,455 - scraper.selenium_scraper - INFO - Found 20 auction cards
2026-01-17 15:14:04,194 - scraper.selenium_scraper - INFO - Scraped tournament 1: DEWALGAON PREMIER LEAGUE
2026-01-17 15:14:04,942 - scraper.selenium_scraper - INFO - Scraped tournament 2: INPL SEASON 3
2026-01-17 15:14:05,646 - scraper.selenium_scraper - INFO - Scraped tournament 3: Optical Premier League 2026
2026-01-17 15:14:06,357 - scraper.selenium_scraper - INFO - Scraped tournament 4: AFTAB PREMIER LEAGUE
2026-01-17 15:14:07,053 - scraper.selenium_scraper - INFO - Scraped tournament 5: PHOENIX - GOLDEN EAGLES CRICKET CARNIVAL SEASON 5
2026-01-17 15:14:07,765 - scraper.selenium_scraper - INFO - Scraped tournament 6: SCL 2.0 - CRICKET FEVER
2026-01-17 15:14:08,476 - scraper.selenium_scraper - INFO - Scraped tournament 7: UVCC CHAMPIONS LEAGUE 2026
2026-01-17 15:14:09,180 - scraper.selenium_scraper - INFO - Scraped tournament 8: DHAMAKA SUPER LEAGUE
2026-01-17 15:14:09,875 - scraper.selenium_scraper - INFO - Scraped tournament 9: ABPL - Season 5 | 2026 | Auction
2026-01-17 15:14:10,582 - scraper.selenium_scraper - INFO - Scraped tournament 10: SUBIC SRILANKAN PREMIER LEAGUE - SEASON 4 - 2026
2026-01-17 15:14:11,281 - scraper.selenium_scraper - INFO - Scraped tournament 11: MCPL 2026
2026-01-17 15:14:11,984 - scraper.selenium_scraper - INFO - Scraped tournament 12: SIKAR PREMIER LEAGUE 2025
2026-01-17 15:14:12,689 - scraper.selenium_scraper - INFO - Scraped tournament 13: SUPER FOOTBALL CHAMPIONSHIP
2026-01-17 15:14:13,385 - scraper.selenium_scraper - INFO - Scraped tournament 14: LOYOLA ALUMNI PREMIER LEAGUE
2026-01-17 15:14:14,089 - scraper.selenium_scraper - INFO - Scraped tournament 15: BCPL SEASON 1
2026-01-17 15:14:14,860 - scraper.selenium_scraper - INFO - Scraped tournament 16: PIMPRI CHINCHWAD DOCTORS PREMIER LEAGUE 2026
2026-01-17 15:14:15,564 - scraper.selenium_scraper - INFO - Scraped tournament 17: Prajapati Premiere League
2026-01-17 15:14:16,290 - scraper.selenium_scraper - INFO - Scraped tournament 18: BILLAWAS CHAMPIONS LEAGUE
2026-01-17 15:14:16,991 - scraper.selenium_scraper - INFO - Scraped tournament 19: GENIUS PREMIER LEAGUE
2026-01-17 15:14:17,697 - scraper.selenium_scraper - INFO - Scraped tournament 20: NECTA
2026-01-17 15:14:17,698 - root - INFO - Successfully scraped 20 tournaments
2026-01-17 15:14:17,698 - root - INFO - Saved scraped data to /home/runner/work/super-player-auction-scraper/super-player-auction-scraper/data/tournament_data_20260117-151417.json
2026-01-17 15:14:17,698 - root - INFO - Initializing Graph API
2026-01-17 15:14:17,699 - excel.graph_api - INFO - Extracted file ID: 9e836ed5-f58f-4dc7-a969-3c62b255f3ea
2026-01-17 15:14:17,699 - excel.graph_api - INFO - Extracted site ID: CorpDevaaf94619130d4a79af9f3aeae502bdb5
2026-01-17 15:14:17,699 - root - INFO - Authenticating with Microsoft Graph API
2026-01-17 15:14:17,871 - excel.graph_api - INFO - Authentication successful
2026-01-17 15:14:17,871 - root - INFO - Updating Excel sheet with scraped data
2026-01-17 15:14:18,468 - excel.graph_api - INFO - Retrieved drive ID: b!MXUqfmBgAkyqAi_g7J1PO_6yKSWnHbZCs3mpe4EkYuX6d8izcdJxRb78S6OW5SIB
2026-01-17 15:14:21,173 - excel.graph_api - INFO - Retrieved 1085 rows from Excel
2026-01-17 15:14:22,684 - excel.graph_api - INFO - Updating range A1087:M1090 with 4 new entries
2026-01-17 15:14:24,245 - excel.graph_api - INFO - Successfully added 4 new tournaments to Excel
2026-01-17 15:14:24,246 - root - INFO - Excel sheet updated successfully
2026-01-17 15:14:24,317 - scraper.selenium_scraper - INFO - Chrome driver closed
2026-01-17 15:14:24,317 - root - INFO - Selenium driver closed
2026-01-17 15:14:24,318 - root - INFO - Script execution completed
