2026-03-05 15:42:33,912 - root - INFO - Logger initialized successfully
2026-03-05 15:42:33,912 - root - INFO - Log file: /home/runner/work/super-player-auction-scraper/super-player-auction-scraper/logs/scraper_20260305_154233.log
2026-03-05 15:42:33,912 - root - INFO - Starting Super Player Auction scraper
2026-03-05 15:42:33,912 - utils.config - INFO - Credentials loaded from environment variables
2026-03-05 15:42:33,912 - utils.config - INFO - Settings loaded successfully
2026-03-05 15:42:33,913 - root - INFO - Initializing Selenium scraper
2026-03-05 15:42:33,913 - scraper.selenium_scraper - INFO - Running in GitHub Actions environment
2026-03-05 15:42:40,710 - scraper.selenium_scraper - INFO - Chrome driver initialized successfully
2026-03-05 15:42:40,710 - root - INFO - Scraping tournament data
2026-03-05 15:42:40,710 - scraper.selenium_scraper - INFO - Starting to scrape tournament data
2026-03-05 15:42:41,578 - scraper.selenium_scraper - INFO - Waiting for page to load...
2026-03-05 15:42:46,583 - scraper.selenium_scraper - INFO - Scrolling to load all auction cards...
2026-03-05 15:42:58,762 - scraper.selenium_scraper - INFO - Saved page screenshot to /home/runner/work/super-player-auction-scraper/super-player-auction-scraper/logs/screenshots/page_loaded_20260305154258.png
2026-03-05 15:42:58,762 - scraper.selenium_scraper - INFO - Looking for auction cards...
2026-03-05 15:42:58,785 - scraper.selenium_scraper - INFO - Found 20 auction cards
2026-03-05 15:42:59,515 - scraper.selenium_scraper - INFO - Scraped tournament 1: Hind Sporting Premier League
2026-03-05 15:43:00,293 - scraper.selenium_scraper - INFO - Scraped tournament 2: RELIANCE SPL 2026
2026-03-05 15:43:00,990 - scraper.selenium_scraper - INFO - Scraped tournament 3: MCPL 2026
2026-03-05 15:43:01,682 - scraper.selenium_scraper - INFO - Scraped tournament 4: NOTANDAS PREMIER LEAGUE (NPL)
2026-03-05 15:43:02,374 - scraper.selenium_scraper - INFO - Scraped tournament 5: SIKAR PREMIER LEAGUE 2025
2026-03-05 15:43:03,071 - scraper.selenium_scraper - INFO - Scraped tournament 6: ROHAT PREMIER LEAGUE
2026-03-05 15:43:03,767 - scraper.selenium_scraper - INFO - Scraped tournament 7: SUPER FOOTBALL CHAMPIONSHIP
2026-03-05 15:43:04,457 - scraper.selenium_scraper - INFO - Scraped tournament 8: REPUBLIC CUP 2.0
2026-03-05 15:43:05,154 - scraper.selenium_scraper - INFO - Scraped tournament 9: NPL
2026-03-05 15:43:05,853 - scraper.selenium_scraper - INFO - Scraped tournament 10: BJP
2026-03-05 15:43:06,544 - scraper.selenium_scraper - INFO - Scraped tournament 11: SUPER CRICKRT LEAGUE - MAHIPAL
2026-03-05 15:43:07,235 - scraper.selenium_scraper - INFO - Scraped tournament 12: Maharashtra Doctor Vollyball League
2026-03-05 15:43:07,926 - scraper.selenium_scraper - INFO - Scraped tournament 13: MUKKAM PREMIER LEAGUE
2026-03-05 15:43:08,617 - scraper.selenium_scraper - INFO - Scraped tournament 14: TMCC T10 Cricket Tournament 9th Edition
2026-03-05 15:43:09,311 - scraper.selenium_scraper - INFO - Scraped tournament 15: PRAHAR PREMIER LEAGUE 2026
2026-03-05 15:43:10,002 - scraper.selenium_scraper - INFO - Scraped tournament 16: WINNERS PREMIER LEAGUE, AYYAMPUZHA, SEASON 5
2026-03-05 15:43:10,692 - scraper.selenium_scraper - INFO - Scraped tournament 17: SUMMER SUPER LEAGUE SEASON-2
2026-03-05 15:43:11,392 - scraper.selenium_scraper - INFO - Scraped tournament 18: WANTRAG PREMIER LEAGUE
2026-03-05 15:43:12,085 - scraper.selenium_scraper - INFO - Scraped tournament 19: Zoroastrian Volleyball Premier League
2026-03-05 15:43:12,776 - scraper.selenium_scraper - INFO - Scraped tournament 20: NIRLON SUPER LEAGUE 3.0
2026-03-05 15:43:12,776 - root - INFO - Successfully scraped 20 tournaments
2026-03-05 15:43:12,777 - root - INFO - Saved scraped data to /home/runner/work/super-player-auction-scraper/super-player-auction-scraper/data/tournament_data_20260305-154312.json
2026-03-05 15:43:12,777 - root - INFO - Initializing Graph API
2026-03-05 15:43:12,777 - excel.graph_api - INFO - Extracted file ID: 9e836ed5-f58f-4dc7-a969-3c62b255f3ea
2026-03-05 15:43:12,777 - excel.graph_api - INFO - Extracted site ID: CorpDevaaf94619130d4a79af9f3aeae502bdb5
2026-03-05 15:43:12,777 - root - INFO - Authenticating with Microsoft Graph API
2026-03-05 15:43:12,996 - excel.graph_api - INFO - Authentication successful
2026-03-05 15:43:12,997 - root - INFO - Updating Excel sheet with scraped data
2026-03-05 15:43:13,513 - excel.graph_api - INFO - Retrieved drive ID: b!MXUqfmBgAkyqAi_g7J1PO_6yKSWnHbZCs3mpe4EkYuX6d8izcdJxRb78S6OW5SIB
2026-03-05 15:43:15,485 - excel.graph_api - INFO - Retrieved 1304 rows from Excel
2026-03-05 15:43:17,033 - excel.graph_api - INFO - No new tournaments to add
2026-03-05 15:43:17,035 - root - INFO - Excel sheet updated successfully
2026-03-05 15:43:17,110 - scraper.selenium_scraper - INFO - Chrome driver closed
2026-03-05 15:43:17,110 - root - INFO - Selenium driver closed
2026-03-05 15:43:17,110 - root - INFO - Script execution completed
