2026-04-05 10:26:37,626 - root - INFO - Logger initialized successfully
2026-04-05 10:26:37,626 - root - INFO - Log file: /home/runner/work/super-player-auction-scraper/super-player-auction-scraper/logs/scraper_20260405_102637.log
2026-04-05 10:26:37,626 - root - INFO - Starting Super Player Auction scraper
2026-04-05 10:26:37,626 - utils.config - INFO - Credentials loaded from environment variables
2026-04-05 10:26:37,627 - utils.config - INFO - Settings loaded successfully
2026-04-05 10:26:37,627 - root - INFO - Initializing Selenium scraper
2026-04-05 10:26:37,627 - scraper.selenium_scraper - INFO - Running in GitHub Actions environment
2026-04-05 10:26:52,712 - scraper.selenium_scraper - INFO - Chrome driver initialized successfully
2026-04-05 10:26:52,712 - root - INFO - Scraping tournament data
2026-04-05 10:26:52,712 - scraper.selenium_scraper - INFO - Starting to scrape tournament data
2026-04-05 10:26:53,572 - scraper.selenium_scraper - INFO - Waiting for page to load...
2026-04-05 10:26:58,577 - scraper.selenium_scraper - INFO - Scrolling to load all auction cards...
2026-04-05 10:27:10,731 - scraper.selenium_scraper - INFO - Saved page screenshot to /home/runner/work/super-player-auction-scraper/super-player-auction-scraper/logs/screenshots/page_loaded_20260405102710.png
2026-04-05 10:27:10,732 - scraper.selenium_scraper - INFO - Looking for auction cards...
2026-04-05 10:27:10,759 - scraper.selenium_scraper - INFO - Found 20 auction cards
2026-04-05 10:27:11,490 - scraper.selenium_scraper - INFO - Scraped tournament 1: SIKAR PREMIER LEAGUE 2025
2026-04-05 10:27:12,248 - scraper.selenium_scraper - INFO - Scraped tournament 2: Mochi Premier League 5.0
2026-04-05 10:27:12,934 - scraper.selenium_scraper - INFO - Scraped tournament 3: Malayalam Community Cricket League -2026
2026-04-05 10:27:13,616 - scraper.selenium_scraper - INFO - Scraped tournament 4: Chhattisgarh Cricket Champions League T20
2026-04-05 10:27:14,298 - scraper.selenium_scraper - INFO - Scraped tournament 5: ROHAT PREMIER LEAGUE
2026-04-05 10:27:14,979 - scraper.selenium_scraper - INFO - Scraped tournament 6: SUPER FOOTBALL CHAMPIONSHIP
2026-04-05 10:27:15,662 - scraper.selenium_scraper - INFO - Scraped tournament 7: REPUBLIC CUP 2.0
2026-04-05 10:27:16,344 - scraper.selenium_scraper - INFO - Scraped tournament 8: Super Cricket League
2026-04-05 10:27:17,031 - scraper.selenium_scraper - INFO - Scraped tournament 9: BJP
2026-04-05 10:27:17,713 - scraper.selenium_scraper - INFO - Scraped tournament 10: Mohba Bazar Premier League Season 14
2026-04-05 10:27:18,401 - scraper.selenium_scraper - INFO - Scraped tournament 11: SEPL TURF Tournament 2026
2026-04-05 10:27:19,082 - scraper.selenium_scraper - INFO - Scraped tournament 12: UNIVERSAL CUP SEASON 7
2026-04-05 10:27:19,761 - scraper.selenium_scraper - INFO - Scraped tournament 13: मेघवाल प्रीमियर लीग जयपुर आक्शन
2026-04-05 10:27:20,442 - scraper.selenium_scraper - INFO - Scraped tournament 14: ઢાંગલા પટેલ પ્રિમિયર લીગ સિજન ૦૩
2026-04-05 10:27:21,123 - scraper.selenium_scraper - INFO - Scraped tournament 15: PANTHERS CUP
2026-04-05 10:27:21,807 - scraper.selenium_scraper - INFO - Scraped tournament 16: AHILYANAGAR PREMIER LEAGUE U/16 (season 2)
2026-04-05 10:27:22,486 - scraper.selenium_scraper - INFO - Scraped tournament 17: Panchdevi Cricket Tournament Season 2
2026-04-05 10:27:23,173 - scraper.selenium_scraper - INFO - Scraped tournament 18: WOMENS AHILYANAGAR PREMIER LEAGUE
2026-04-05 10:27:23,865 - scraper.selenium_scraper - INFO - Scraped tournament 19: Woods Premier League-2026 - Womens
2026-04-05 10:27:24,545 - scraper.selenium_scraper - INFO - Scraped tournament 20: Woods Premier League-2026 - Mens
2026-04-05 10:27:24,545 - root - INFO - Successfully scraped 20 tournaments
2026-04-05 10:27:24,545 - root - INFO - Saved scraped data to /home/runner/work/super-player-auction-scraper/super-player-auction-scraper/data/tournament_data_20260405-102724.json
2026-04-05 10:27:24,545 - root - INFO - Initializing Graph API
2026-04-05 10:27:24,546 - excel.graph_api - INFO - Extracted file ID: 9e836ed5-f58f-4dc7-a969-3c62b255f3ea
2026-04-05 10:27:24,546 - excel.graph_api - INFO - Extracted site ID: CorpDevaaf94619130d4a79af9f3aeae502bdb5
2026-04-05 10:27:24,546 - root - INFO - Authenticating with Microsoft Graph API
2026-04-05 10:27:24,693 - excel.graph_api - INFO - Authentication successful
2026-04-05 10:27:24,694 - root - INFO - Updating Excel sheet with scraped data
2026-04-05 10:27:25,240 - excel.graph_api - INFO - Retrieved drive ID: b!MXUqfmBgAkyqAi_g7J1PO_6yKSWnHbZCs3mpe4EkYuX6d8izcdJxRb78S6OW5SIB
2026-04-05 10:27:26,772 - excel.graph_api - INFO - Retrieved 1433 rows from Excel
2026-04-05 10:27:27,916 - excel.graph_api - INFO - Updating range A1435:P1443 with 9 new entries
2026-04-05 10:27:29,121 - excel.graph_api - INFO - Successfully added 9 new tournaments to Excel
2026-04-05 10:27:29,122 - root - INFO - Excel sheet updated successfully
2026-04-05 10:27:29,198 - scraper.selenium_scraper - INFO - Chrome driver closed
2026-04-05 10:27:29,198 - root - INFO - Selenium driver closed
2026-04-05 10:27:29,199 - root - INFO - Script execution completed
