2025-10-14 15:15:00,794 - root - INFO - Logger initialized successfully
2025-10-14 15:15:00,794 - root - INFO - Log file: /home/runner/work/super-player-auction-scraper/super-player-auction-scraper/logs/scraper_20251014_151500.log
2025-10-14 15:15:00,794 - root - INFO - Starting Super Player Auction scraper
2025-10-14 15:15:00,794 - utils.config - INFO - Credentials loaded from environment variables
2025-10-14 15:15:00,794 - utils.config - INFO - Settings loaded successfully
2025-10-14 15:15:00,794 - root - INFO - Initializing Selenium scraper
2025-10-14 15:15:00,794 - scraper.selenium_scraper - INFO - Running in GitHub Actions environment
2025-10-14 15:15:10,962 - scraper.selenium_scraper - INFO - Chrome driver initialized successfully
2025-10-14 15:15:10,962 - root - INFO - Scraping tournament data
2025-10-14 15:15:10,962 - scraper.selenium_scraper - INFO - Starting to scrape tournament data
2025-10-14 15:15:11,686 - scraper.selenium_scraper - INFO - Waiting for page to load...
2025-10-14 15:15:16,691 - scraper.selenium_scraper - INFO - Scrolling to load all auction cards...
2025-10-14 15:15:28,798 - scraper.selenium_scraper - INFO - Saved page screenshot to /home/runner/work/super-player-auction-scraper/super-player-auction-scraper/logs/screenshots/page_loaded_20251014151528.png
2025-10-14 15:15:28,798 - scraper.selenium_scraper - INFO - Looking for auction cards...
2025-10-14 15:15:28,826 - scraper.selenium_scraper - INFO - Found 20 auction cards
2025-10-14 15:15:29,539 - scraper.selenium_scraper - INFO - Scraped tournament 1: UTTAR BHARTIYA SAMAJ CRICKET TURNAMENT SEASON 2
2025-10-14 15:15:30,316 - scraper.selenium_scraper - INFO - Scraped tournament 2: KASRODIANS PREMIER LEAGUE SEASON -5
2025-10-14 15:15:30,987 - scraper.selenium_scraper - INFO - Scraped tournament 3: MAHAKAL CUP PANDARBHTTHA -1
2025-10-14 15:15:31,653 - scraper.selenium_scraper - INFO - Scraped tournament 4: WINTER PREMIER LEAGUE
2025-10-14 15:15:32,325 - scraper.selenium_scraper - INFO - Scraped tournament 5: BHT Premier League - Season 3
2025-10-14 15:15:32,997 - scraper.selenium_scraper - INFO - Scraped tournament 6: Dambab Premier League 2025
2025-10-14 15:15:33,666 - scraper.selenium_scraper - INFO - Scraped tournament 7: DDS PREMIER LEAGUE SEASON 3
2025-10-14 15:15:34,335 - scraper.selenium_scraper - INFO - Scraped tournament 8: Ayodhya Premier League
2025-10-14 15:15:35,015 - scraper.selenium_scraper - INFO - Scraped tournament 9: CHATRAPATI OZHAR PREMIER LEAGUE 2025 NASHIK ZILLA
2025-10-14 15:15:35,683 - scraper.selenium_scraper - INFO - Scraped tournament 10: Brother cup
2025-10-14 15:15:36,357 - scraper.selenium_scraper - INFO - Scraped tournament 11: BHATKAL EASTERN PROVINCE PREMIER LEAGUE SEASON 1 - 2025
2025-10-14 15:15:37,023 - scraper.selenium_scraper - INFO - Scraped tournament 12: GHAZIABAD PREMIER LEAGUE 2025 "SEASON - 4"
2025-10-14 15:15:37,689 - scraper.selenium_scraper - INFO - Scraped tournament 13: APL CRICKET PARTIYOGITA
2025-10-14 15:15:38,361 - scraper.selenium_scraper - INFO - Scraped tournament 14: Kumbhar Premier league
2025-10-14 15:15:39,027 - scraper.selenium_scraper - INFO - Scraped tournament 15: MALKANGIRI PREMIER LEAGUE - 2025
2025-10-14 15:15:39,701 - scraper.selenium_scraper - INFO - Scraped tournament 16: TRIVANDRUM CRICKET LEAGUE CHAPTER-1
2025-10-14 15:15:40,378 - scraper.selenium_scraper - INFO - Scraped tournament 17: KSPL 4
2025-10-14 15:15:41,049 - scraper.selenium_scraper - INFO - Scraped tournament 18: Ador Premier League Season 6
2025-10-14 15:15:41,722 - scraper.selenium_scraper - INFO - Scraped tournament 19: TTSL Northeast
2025-10-14 15:15:42,397 - scraper.selenium_scraper - INFO - Scraped tournament 20: QIFF Easaka Memorial 7s Football Tournament
2025-10-14 15:15:42,397 - root - INFO - Successfully scraped 20 tournaments
2025-10-14 15:15:42,398 - root - INFO - Saved scraped data to /home/runner/work/super-player-auction-scraper/super-player-auction-scraper/data/tournament_data_20251014-151542.json
2025-10-14 15:15:42,398 - root - INFO - Initializing Graph API
2025-10-14 15:15:42,398 - excel.graph_api - INFO - Extracted file ID: 9e836ed5-f58f-4dc7-a969-3c62b255f3ea
2025-10-14 15:15:42,398 - excel.graph_api - INFO - Extracted site ID: CorpDevaaf94619130d4a79af9f3aeae502bdb5
2025-10-14 15:15:42,398 - root - INFO - Authenticating with Microsoft Graph API
2025-10-14 15:15:42,521 - excel.graph_api - INFO - Authentication successful
2025-10-14 15:15:42,521 - root - INFO - Updating Excel sheet with scraped data
2025-10-14 15:15:43,218 - excel.graph_api - INFO - Retrieved drive ID: b!MXUqfmBgAkyqAi_g7J1PO_6yKSWnHbZCs3mpe4EkYuX6d8izcdJxRb78S6OW5SIB
2025-10-14 15:15:45,030 - excel.graph_api - INFO - Retrieved 634 rows from Excel
2025-10-14 15:15:46,344 - excel.graph_api - INFO - Updating range A636:M639 with 4 new entries
2025-10-14 15:15:47,726 - excel.graph_api - INFO - Successfully added 4 new tournaments to Excel
2025-10-14 15:15:47,726 - root - INFO - Excel sheet updated successfully
2025-10-14 15:15:47,793 - scraper.selenium_scraper - INFO - Chrome driver closed
2025-10-14 15:15:47,793 - root - INFO - Selenium driver closed
2025-10-14 15:15:47,793 - root - INFO - Script execution completed
