2026-01-07 10:18:06,110 - root - INFO - Logger initialized successfully
2026-01-07 10:18:06,110 - root - INFO - Log file: /home/runner/work/super-player-auction-scraper/super-player-auction-scraper/logs/scraper_20260107_101806.log
2026-01-07 10:18:06,110 - root - INFO - Starting Super Player Auction scraper
2026-01-07 10:18:06,111 - utils.config - INFO - Credentials loaded from environment variables
2026-01-07 10:18:06,111 - utils.config - INFO - Settings loaded successfully
2026-01-07 10:18:06,111 - root - INFO - Initializing Selenium scraper
2026-01-07 10:18:06,111 - scraper.selenium_scraper - INFO - Running in GitHub Actions environment
2026-01-07 10:18:07,538 - selenium.webdriver.common.selenium_manager - WARNING - The chromedriver version (143.0.7499.42) detected in PATH at /usr/bin/chromedriver might not be compatible with the detected chrome version (143.0.7499.109); currently, chromedriver 143.0.7499.192 is recommended for chrome 143.*, so it is advised to delete the driver in PATH and retry
2026-01-07 10:18:13,775 - scraper.selenium_scraper - INFO - Chrome driver initialized successfully
2026-01-07 10:18:13,775 - root - INFO - Scraping tournament data
2026-01-07 10:18:13,775 - scraper.selenium_scraper - INFO - Starting to scrape tournament data
2026-01-07 10:18:14,499 - scraper.selenium_scraper - INFO - Waiting for page to load...
2026-01-07 10:18:19,504 - scraper.selenium_scraper - INFO - Scrolling to load all auction cards...
2026-01-07 10:18:31,637 - scraper.selenium_scraper - INFO - Saved page screenshot to /home/runner/work/super-player-auction-scraper/super-player-auction-scraper/logs/screenshots/page_loaded_20260107101831.png
2026-01-07 10:18:31,637 - scraper.selenium_scraper - INFO - Looking for auction cards...
2026-01-07 10:18:31,662 - scraper.selenium_scraper - INFO - Found 20 auction cards
2026-01-07 10:18:32,401 - scraper.selenium_scraper - INFO - Scraped tournament 1: PARAKRAM 7.0
2026-01-07 10:18:33,149 - scraper.selenium_scraper - INFO - Scraped tournament 2: SURA HPL 9 - MENS
2026-01-07 10:18:33,854 - scraper.selenium_scraper - INFO - Scraped tournament 3: IMPERIAL HPL 9 - WOMENS
2026-01-07 10:18:34,558 - scraper.selenium_scraper - INFO - Scraped tournament 4: SPSV Cricket League 2026
2026-01-07 10:18:35,256 - scraper.selenium_scraper - INFO - Scraped tournament 5: Sindhi Premier League 6.0
2026-01-07 10:18:35,959 - scraper.selenium_scraper - INFO - Scraped tournament 6: Jolly Premier League-2026
2026-01-07 10:18:36,657 - scraper.selenium_scraper - INFO - Scraped tournament 7: ABPL - Season 5 | 2026 | Auction
2026-01-07 10:18:37,354 - scraper.selenium_scraper - INFO - Scraped tournament 8: SIKAR PREMIER LEAGUE 2025
2026-01-07 10:18:38,047 - scraper.selenium_scraper - INFO - Scraped tournament 9: SUPER FOOTBALL CHAMPIONSHIP
2026-01-07 10:18:38,748 - scraper.selenium_scraper - INFO - Scraped tournament 10: JITO LADIES PREMIER LEAGUE
2026-01-07 10:18:39,446 - scraper.selenium_scraper - INFO - Scraped tournament 11: Legend Premier League Moirabari
2026-01-07 10:18:40,148 - scraper.selenium_scraper - INFO - Scraped tournament 12: GANGANI PRIMIYAR LING AUCTION
2026-01-07 10:18:40,842 - scraper.selenium_scraper - INFO - Scraped tournament 13: Wcl2026
2026-01-07 10:18:41,546 - scraper.selenium_scraper - INFO - Scraped tournament 14: GNPL SEASON - 4
2026-01-07 10:18:42,240 - scraper.selenium_scraper - INFO - Scraped tournament 15: SCL WOMEN'S
2026-01-07 10:18:42,933 - scraper.selenium_scraper - INFO - Scraped tournament 16: ORCHID TURF LEAGUE SEASON 9
2026-01-07 10:18:43,635 - scraper.selenium_scraper - INFO - Scraped tournament 17: GPL 2026
2026-01-07 10:18:44,330 - scraper.selenium_scraper - INFO - Scraped tournament 18: Gorakhpur T10 Champions league
2026-01-07 10:18:45,024 - scraper.selenium_scraper - INFO - Scraped tournament 19: SPL SEASON 4
2026-01-07 10:18:45,728 - scraper.selenium_scraper - INFO - Scraped tournament 20: KASROTTAR FOOTBALL
2026-01-07 10:18:45,729 - root - INFO - Successfully scraped 20 tournaments
2026-01-07 10:18:45,729 - root - INFO - Saved scraped data to /home/runner/work/super-player-auction-scraper/super-player-auction-scraper/data/tournament_data_20260107-101845.json
2026-01-07 10:18:45,729 - root - INFO - Initializing Graph API
2026-01-07 10:18:45,729 - excel.graph_api - INFO - Extracted file ID: 9e836ed5-f58f-4dc7-a969-3c62b255f3ea
2026-01-07 10:18:45,729 - excel.graph_api - INFO - Extracted site ID: CorpDevaaf94619130d4a79af9f3aeae502bdb5
2026-01-07 10:18:45,730 - root - INFO - Authenticating with Microsoft Graph API
2026-01-07 10:18:45,871 - excel.graph_api - INFO - Authentication successful
2026-01-07 10:18:45,871 - root - INFO - Updating Excel sheet with scraped data
2026-01-07 10:18:46,225 - excel.graph_api - INFO - Retrieved drive ID: b!MXUqfmBgAkyqAi_g7J1PO_6yKSWnHbZCs3mpe4EkYuX6d8izcdJxRb78S6OW5SIB
2026-01-07 10:18:47,868 - excel.graph_api - INFO - Retrieved 1019 rows from Excel
2026-01-07 10:18:49,078 - excel.graph_api - INFO - Updating range A1021:M1022 with 2 new entries
2026-01-07 10:18:50,246 - excel.graph_api - INFO - Successfully added 2 new tournaments to Excel
2026-01-07 10:18:50,247 - root - INFO - Excel sheet updated successfully
2026-01-07 10:18:50,318 - scraper.selenium_scraper - INFO - Chrome driver closed
2026-01-07 10:18:50,318 - root - INFO - Selenium driver closed
2026-01-07 10:18:50,318 - root - INFO - Script execution completed
