2026-04-04 10:25:42,077 - root - INFO - Logger initialized successfully
2026-04-04 10:25:42,077 - root - INFO - Log file: /home/runner/work/super-player-auction-scraper/super-player-auction-scraper/logs/scraper_20260404_102542.log
2026-04-04 10:25:42,077 - root - INFO - Starting Super Player Auction scraper
2026-04-04 10:25:42,077 - utils.config - INFO - Credentials loaded from environment variables
2026-04-04 10:25:42,078 - utils.config - INFO - Settings loaded successfully
2026-04-04 10:25:42,078 - root - INFO - Initializing Selenium scraper
2026-04-04 10:25:42,078 - scraper.selenium_scraper - INFO - Running in GitHub Actions environment
2026-04-04 10:25:56,412 - scraper.selenium_scraper - INFO - Chrome driver initialized successfully
2026-04-04 10:25:56,412 - root - INFO - Scraping tournament data
2026-04-04 10:25:56,412 - scraper.selenium_scraper - INFO - Starting to scrape tournament data
2026-04-04 10:25:57,172 - scraper.selenium_scraper - INFO - Waiting for page to load...
2026-04-04 10:26:02,177 - scraper.selenium_scraper - INFO - Scrolling to load all auction cards...
2026-04-04 10:26:14,379 - scraper.selenium_scraper - INFO - Saved page screenshot to /home/runner/work/super-player-auction-scraper/super-player-auction-scraper/logs/screenshots/page_loaded_20260404102614.png
2026-04-04 10:26:14,379 - scraper.selenium_scraper - INFO - Looking for auction cards...
2026-04-04 10:26:14,433 - scraper.selenium_scraper - INFO - Found 20 auction cards
2026-04-04 10:26:15,156 - scraper.selenium_scraper - INFO - Scraped tournament 1: JCL 6
2026-04-04 10:26:15,906 - scraper.selenium_scraper - INFO - Scraped tournament 2: HPL TURF CRICKET LEAGUE
2026-04-04 10:26:16,593 - scraper.selenium_scraper - INFO - Scraped tournament 3: KVSC Youth Ghatkopar Turf Cricket Tournament - 2
2026-04-04 10:26:17,283 - scraper.selenium_scraper - INFO - Scraped tournament 4: KVSC Youth Ghatkopar Turf Cricket Tournament - 2 Female
2026-04-04 10:26:17,966 - scraper.selenium_scraper - INFO - Scraped tournament 5: SIKAR PREMIER LEAGUE 2025
2026-04-04 10:26:18,656 - scraper.selenium_scraper - INFO - Scraped tournament 6: Mochi Premier League 5.0
2026-04-04 10:26:19,342 - scraper.selenium_scraper - INFO - Scraped tournament 7: Malayalam Community Cricket League -2026
2026-04-04 10:26:20,026 - scraper.selenium_scraper - INFO - Scraped tournament 8: Chhattisgarh Cricket Champions League T20
2026-04-04 10:26:20,710 - scraper.selenium_scraper - INFO - Scraped tournament 9: ROHAT PREMIER LEAGUE
2026-04-04 10:26:21,394 - scraper.selenium_scraper - INFO - Scraped tournament 10: SUPER FOOTBALL CHAMPIONSHIP
2026-04-04 10:26:22,088 - scraper.selenium_scraper - INFO - Scraped tournament 11: REPUBLIC CUP 2.0
2026-04-04 10:26:22,771 - scraper.selenium_scraper - INFO - Scraped tournament 12: Super Cricket League
2026-04-04 10:26:23,454 - scraper.selenium_scraper - INFO - Scraped tournament 13: BJP
2026-04-04 10:26:24,138 - scraper.selenium_scraper - INFO - Scraped tournament 14: KMPL SEASON 4
2026-04-04 10:26:24,821 - scraper.selenium_scraper - INFO - Scraped tournament 15: Chhura Champions League
2026-04-04 10:26:25,512 - scraper.selenium_scraper - INFO - Scraped tournament 16: Legend Cup T20
2026-04-04 10:26:26,195 - scraper.selenium_scraper - INFO - Scraped tournament 17: Emerald Premier League 3.0
2026-04-04 10:26:26,879 - scraper.selenium_scraper - INFO - Scraped tournament 18: MVV & MK Park Premier League - 6
2026-04-04 10:26:27,572 - scraper.selenium_scraper - INFO - Scraped tournament 19: Maharashtra Advocates Premier League - 2026
2026-04-04 10:26:28,258 - scraper.selenium_scraper - INFO - Scraped tournament 20: GSPL
2026-04-04 10:26:28,258 - root - INFO - Successfully scraped 20 tournaments
2026-04-04 10:26:28,259 - root - INFO - Saved scraped data to /home/runner/work/super-player-auction-scraper/super-player-auction-scraper/data/tournament_data_20260404-102628.json
2026-04-04 10:26:28,259 - root - INFO - Initializing Graph API
2026-04-04 10:26:28,259 - excel.graph_api - INFO - Extracted file ID: 9e836ed5-f58f-4dc7-a969-3c62b255f3ea
2026-04-04 10:26:28,259 - excel.graph_api - INFO - Extracted site ID: CorpDevaaf94619130d4a79af9f3aeae502bdb5
2026-04-04 10:26:28,259 - root - INFO - Authenticating with Microsoft Graph API
2026-04-04 10:26:28,627 - excel.graph_api - INFO - Authentication successful
2026-04-04 10:26:28,627 - root - INFO - Updating Excel sheet with scraped data
2026-04-04 10:26:29,350 - excel.graph_api - INFO - Retrieved drive ID: b!MXUqfmBgAkyqAi_g7J1PO_6yKSWnHbZCs3mpe4EkYuX6d8izcdJxRb78S6OW5SIB
2026-04-04 10:26:30,921 - excel.graph_api - INFO - Retrieved 1426 rows from Excel
2026-04-04 10:26:32,197 - excel.graph_api - INFO - Updating range A1428:P1433 with 6 new entries
2026-04-04 10:26:33,401 - excel.graph_api - INFO - Successfully added 6 new tournaments to Excel
2026-04-04 10:26:33,402 - root - INFO - Excel sheet updated successfully
2026-04-04 10:26:33,481 - scraper.selenium_scraper - INFO - Chrome driver closed
2026-04-04 10:26:33,481 - root - INFO - Selenium driver closed
2026-04-04 10:26:33,481 - root - INFO - Script execution completed
