2026-01-08 15:18:22,930 - root - INFO - Logger initialized successfully
2026-01-08 15:18:22,930 - root - INFO - Log file: /home/runner/work/super-player-auction-scraper/super-player-auction-scraper/logs/scraper_20260108_151822.log
2026-01-08 15:18:22,930 - root - INFO - Starting Super Player Auction scraper
2026-01-08 15:18:22,930 - utils.config - INFO - Credentials loaded from environment variables
2026-01-08 15:18:22,930 - utils.config - INFO - Settings loaded successfully
2026-01-08 15:18:22,930 - root - INFO - Initializing Selenium scraper
2026-01-08 15:18:22,930 - scraper.selenium_scraper - INFO - Running in GitHub Actions environment
2026-01-08 15:18:24,593 - selenium.webdriver.common.selenium_manager - WARNING - The chromedriver version (143.0.7499.42) detected in PATH at /usr/bin/chromedriver might not be compatible with the detected chrome version (143.0.7499.109); currently, chromedriver 143.0.7499.192 is recommended for chrome 143.*, so it is advised to delete the driver in PATH and retry
2026-01-08 15:18:36,619 - scraper.selenium_scraper - INFO - Chrome driver initialized successfully
2026-01-08 15:18:36,619 - root - INFO - Scraping tournament data
2026-01-08 15:18:36,619 - scraper.selenium_scraper - INFO - Starting to scrape tournament data
2026-01-08 15:18:38,804 - scraper.selenium_scraper - INFO - Waiting for page to load...
2026-01-08 15:18:43,809 - scraper.selenium_scraper - INFO - Scrolling to load all auction cards...
2026-01-08 15:18:55,989 - scraper.selenium_scraper - INFO - Saved page screenshot to /home/runner/work/super-player-auction-scraper/super-player-auction-scraper/logs/screenshots/page_loaded_20260108151855.png
2026-01-08 15:18:55,990 - scraper.selenium_scraper - INFO - Looking for auction cards...
2026-01-08 15:18:56,011 - scraper.selenium_scraper - INFO - Found 20 auction cards
2026-01-08 15:18:56,733 - scraper.selenium_scraper - INFO - Scraped tournament 1: PARAKRAM 7.0
2026-01-08 15:18:57,533 - scraper.selenium_scraper - INFO - Scraped tournament 2: GANGANI PRIMIYAR LING AUCTION
2026-01-08 15:18:58,221 - scraper.selenium_scraper - INFO - Scraped tournament 3: SURA HPL 9 - MENS
2026-01-08 15:18:58,912 - scraper.selenium_scraper - INFO - Scraped tournament 4: RUPL
2026-01-08 15:18:59,600 - scraper.selenium_scraper - INFO - Scraped tournament 5: ORCHID TURF LEAGUE SEASON 9
2026-01-08 15:19:00,293 - scraper.selenium_scraper - INFO - Scraped tournament 6: GPL 2026
2026-01-08 15:19:00,983 - scraper.selenium_scraper - INFO - Scraped tournament 7: SPSV Cricket League 2026
2026-01-08 15:19:01,667 - scraper.selenium_scraper - INFO - Scraped tournament 8: SPL SEASON 4
2026-01-08 15:19:02,352 - scraper.selenium_scraper - INFO - Scraped tournament 9: Sindhi Premier League 6.0
2026-01-08 15:19:03,036 - scraper.selenium_scraper - INFO - Scraped tournament 10: Jolly Premier League-2026
2026-01-08 15:19:03,726 - scraper.selenium_scraper - INFO - Scraped tournament 11: ABPL - Season 5 | 2026 | Auction
2026-01-08 15:19:04,412 - scraper.selenium_scraper - INFO - Scraped tournament 12: SIKAR PREMIER LEAGUE 2025
2026-01-08 15:19:05,097 - scraper.selenium_scraper - INFO - Scraped tournament 13: SUPER FOOTBALL CHAMPIONSHIP
2026-01-08 15:19:05,784 - scraper.selenium_scraper - INFO - Scraped tournament 14: SKDPL
2026-01-08 15:19:06,469 - scraper.selenium_scraper - INFO - Scraped tournament 15: IMPERIAL HPL 9 - WOMENS
2026-01-08 15:19:07,155 - scraper.selenium_scraper - INFO - Scraped tournament 16: VASAI JAIN PREMIER LEAGUE SEASON-4
2026-01-08 15:19:07,844 - scraper.selenium_scraper - INFO - Scraped tournament 17: BHAGNARI CRICKET CARNIVAL
2026-01-08 15:19:08,529 - scraper.selenium_scraper - INFO - Scraped tournament 18: Wcl2026
2026-01-08 15:19:09,214 - scraper.selenium_scraper - INFO - Scraped tournament 19: GNPL SEASON - 4
2026-01-08 15:19:09,906 - scraper.selenium_scraper - INFO - Scraped tournament 20: Sanatan Dharm Premier League
2026-01-08 15:19:09,906 - root - INFO - Successfully scraped 20 tournaments
2026-01-08 15:19:09,907 - root - INFO - Saved scraped data to /home/runner/work/super-player-auction-scraper/super-player-auction-scraper/data/tournament_data_20260108-151909.json
2026-01-08 15:19:09,907 - root - INFO - Initializing Graph API
2026-01-08 15:19:09,907 - excel.graph_api - INFO - Extracted file ID: 9e836ed5-f58f-4dc7-a969-3c62b255f3ea
2026-01-08 15:19:09,907 - excel.graph_api - INFO - Extracted site ID: CorpDevaaf94619130d4a79af9f3aeae502bdb5
2026-01-08 15:19:09,907 - root - INFO - Authenticating with Microsoft Graph API
2026-01-08 15:19:10,289 - excel.graph_api - INFO - Authentication successful
2026-01-08 15:19:10,289 - root - INFO - Updating Excel sheet with scraped data
2026-01-08 15:19:11,069 - excel.graph_api - INFO - Retrieved drive ID: b!MXUqfmBgAkyqAi_g7J1PO_6yKSWnHbZCs3mpe4EkYuX6d8izcdJxRb78S6OW5SIB
2026-01-08 15:19:12,349 - excel.graph_api - INFO - Retrieved 1024 rows from Excel
2026-01-08 15:19:13,324 - excel.graph_api - INFO - Updating range A1026:M1028 with 3 new entries
2026-01-08 15:19:14,367 - excel.graph_api - INFO - Successfully added 3 new tournaments to Excel
2026-01-08 15:19:14,368 - root - INFO - Excel sheet updated successfully
2026-01-08 15:19:14,436 - scraper.selenium_scraper - INFO - Chrome driver closed
2026-01-08 15:19:14,436 - root - INFO - Selenium driver closed
2026-01-08 15:19:14,436 - root - INFO - Script execution completed
