2025-09-10 10:13:35,133 - root - INFO - Logger initialized successfully
2025-09-10 10:13:35,133 - root - INFO - Log file: /home/runner/work/super-player-auction-scraper/super-player-auction-scraper/logs/scraper_20250910_101335.log
2025-09-10 10:13:35,133 - root - INFO - Starting Super Player Auction scraper
2025-09-10 10:13:35,133 - utils.config - INFO - Credentials loaded from environment variables
2025-09-10 10:13:35,134 - utils.config - INFO - Settings loaded successfully
2025-09-10 10:13:35,134 - root - INFO - Initializing Selenium scraper
2025-09-10 10:13:35,134 - scraper.selenium_scraper - INFO - Running in GitHub Actions environment
2025-09-10 10:13:36,838 - selenium.webdriver.common.selenium_manager - WARNING - The chromedriver version (140.0.7339.80) detected in PATH at /usr/bin/chromedriver might not be compatible with the detected chrome version (140.0.7339.80); currently, chromedriver 140.0.7339.82 is recommended for chrome 140.*, so it is advised to delete the driver in PATH and retry
2025-09-10 10:13:45,033 - scraper.selenium_scraper - INFO - Chrome driver initialized successfully
2025-09-10 10:13:45,033 - root - INFO - Scraping tournament data
2025-09-10 10:13:45,033 - scraper.selenium_scraper - INFO - Starting to scrape tournament data
2025-09-10 10:13:48,646 - scraper.selenium_scraper - INFO - Waiting for page to load...
2025-09-10 10:13:53,651 - scraper.selenium_scraper - INFO - Scrolling to load all auction cards...
2025-09-10 10:14:05,769 - scraper.selenium_scraper - INFO - Saved page screenshot to /home/runner/work/super-player-auction-scraper/super-player-auction-scraper/logs/screenshots/page_loaded_20250910101405.png
2025-09-10 10:14:05,769 - scraper.selenium_scraper - INFO - Looking for auction cards...
2025-09-10 10:14:05,810 - scraper.selenium_scraper - INFO - Found 20 auction cards
2025-09-10 10:14:06,520 - scraper.selenium_scraper - INFO - Scraped tournament 1: Mali Premier League Balotra
2025-09-10 10:14:07,301 - scraper.selenium_scraper - INFO - Scraped tournament 2: Sarsangan U19 Boys & Girls Cricket Series 2025-26
2025-09-10 10:14:07,979 - scraper.selenium_scraper - INFO - Scraped tournament 3: Sarsangan +40 Cricket Series 2025-26
2025-09-10 10:14:08,654 - scraper.selenium_scraper - INFO - Scraped tournament 4: Sarsangan +45 Veterans Cricket Series 2025-26
2025-09-10 10:14:09,328 - scraper.selenium_scraper - INFO - Scraped tournament 5: Sarsangan Super Series Cricket 2025-26
2025-09-10 10:14:10,007 - scraper.selenium_scraper - INFO - Scraped tournament 6: T20 CRICKET LEAGUE SEASON 5
2025-09-10 10:14:10,684 - scraper.selenium_scraper - INFO - Scraped tournament 7: JAIN PREMIER LEAGUE 4
2025-09-10 10:14:11,358 - scraper.selenium_scraper - INFO - Scraped tournament 8: BHAGALPUR CRICKET LEAGUE
2025-09-10 10:14:12,031 - scraper.selenium_scraper - INFO - Scraped tournament 9: NPL Titan Cup
2025-09-10 10:14:12,715 - scraper.selenium_scraper - INFO - Scraped tournament 10: KOLAKATA LADIES PICKLEBALL LEAGUE 2025
2025-09-10 10:14:13,396 - scraper.selenium_scraper - INFO - Scraped tournament 11: KOLKATA PICKLEBALL LEAGUE 2025
2025-09-10 10:14:14,069 - scraper.selenium_scraper - INFO - Scraped tournament 12: DPL WINTER EDITION
2025-09-10 10:14:14,743 - scraper.selenium_scraper - INFO - Scraped tournament 13: IIA PREMIER LEAGUE
2025-09-10 10:14:15,418 - scraper.selenium_scraper - INFO - Scraped tournament 14: Kerala Premier League 2025
2025-09-10 10:14:16,092 - scraper.selenium_scraper - INFO - Scraped tournament 15: NAIGAON PREMIER LEAGUE SEASON - 6
2025-09-10 10:14:16,766 - scraper.selenium_scraper - INFO - Scraped tournament 16: ICL SEASON 3
2025-09-10 10:14:17,443 - scraper.selenium_scraper - INFO - Scraped tournament 17: GONDA SINDHI PREMIER LEAGUE -3
2025-09-10 10:14:18,122 - scraper.selenium_scraper - INFO - Scraped tournament 18: DMCA BIG BASH 2025 Season-2
2025-09-10 10:14:18,796 - scraper.selenium_scraper - INFO - Scraped tournament 19: MVV DUSSEHRA CRICKET TOURNAMENT
2025-09-10 10:14:19,468 - scraper.selenium_scraper - INFO - Scraped tournament 20: UPL CHAPTER 3.0 CRICKET TOURNAMENT
2025-09-10 10:14:19,468 - root - INFO - Successfully scraped 20 tournaments
2025-09-10 10:14:19,468 - root - INFO - Saved scraped data to /home/runner/work/super-player-auction-scraper/super-player-auction-scraper/data/tournament_data_20250910-101419.json
2025-09-10 10:14:19,468 - root - INFO - Initializing Graph API
2025-09-10 10:14:19,469 - excel.graph_api - INFO - Extracted file ID: 9e836ed5-f58f-4dc7-a969-3c62b255f3ea
2025-09-10 10:14:19,469 - excel.graph_api - INFO - Extracted site ID: CorpDevaaf94619130d4a79af9f3aeae502bdb5
2025-09-10 10:14:19,469 - root - INFO - Authenticating with Microsoft Graph API
2025-09-10 10:14:19,986 - excel.graph_api - INFO - Authentication successful
2025-09-10 10:14:19,986 - root - INFO - Updating Excel sheet with scraped data
2025-09-10 10:14:20,276 - excel.graph_api - INFO - Retrieved drive ID: b!MXUqfmBgAkyqAi_g7J1PO_6yKSWnHbZCs3mpe4EkYuX6d8izcdJxRb78S6OW5SIB
2025-09-10 10:14:21,347 - excel.graph_api - INFO - Retrieved 478 rows from Excel
2025-09-10 10:14:21,951 - excel.graph_api - INFO - Updating range A480:M482 with 3 new entries
2025-09-10 10:14:22,912 - excel.graph_api - INFO - Successfully added 3 new tournaments to Excel
2025-09-10 10:14:22,913 - root - INFO - Excel sheet updated successfully
2025-09-10 10:14:22,980 - scraper.selenium_scraper - INFO - Chrome driver closed
2025-09-10 10:14:22,980 - root - INFO - Selenium driver closed
2025-09-10 10:14:22,981 - root - INFO - Script execution completed
