2026-05-22 17:02:41,979 - root - INFO - Logger initialized successfully
2026-05-22 17:02:41,979 - root - INFO - Log file: /home/runner/work/super-player-auction-scraper/super-player-auction-scraper/logs/scraper_20260522_170241.log
2026-05-22 17:02:41,979 - root - INFO - Starting Super Player Auction scraper
2026-05-22 17:02:41,979 - utils.config - INFO - Credentials loaded from environment variables
2026-05-22 17:02:41,979 - utils.config - INFO - Settings loaded successfully
2026-05-22 17:02:41,979 - root - INFO - Initializing Selenium scraper
2026-05-22 17:02:41,979 - scraper.selenium_scraper - INFO - Running in GitHub Actions environment
2026-05-22 17:02:43,636 - selenium.webdriver.common.selenium_manager - WARNING - The chromedriver version (148.0.7778.167) detected in PATH at /usr/bin/chromedriver might not be compatible with the detected chrome version (148.0.7778.167); currently, chromedriver 148.0.7778.178 is recommended for chrome 148.*, so it is advised to delete the driver in PATH and retry
2026-05-22 17:02:50,938 - scraper.selenium_scraper - INFO - Chrome driver initialized successfully
2026-05-22 17:02:50,938 - root - INFO - Scraping tournament data
2026-05-22 17:02:50,938 - scraper.selenium_scraper - INFO - Starting to scrape tournament data
2026-05-22 17:02:51,629 - scraper.selenium_scraper - INFO - Waiting for page to load...
2026-05-22 17:02:56,634 - scraper.selenium_scraper - INFO - Scrolling to load all auction cards...
2026-05-22 17:03:08,925 - scraper.selenium_scraper - INFO - Saved page screenshot to /home/runner/work/super-player-auction-scraper/super-player-auction-scraper/logs/screenshots/page_loaded_20260522170308.png
2026-05-22 17:03:08,925 - scraper.selenium_scraper - INFO - Looking for auction cards...
2026-05-22 17:03:08,951 - scraper.selenium_scraper - INFO - Found 20 auction cards
2026-05-22 17:03:09,700 - scraper.selenium_scraper - INFO - Scraped tournament 1: Hariprabodham Cricket League Season 4.0
2026-05-22 17:03:10,407 - scraper.selenium_scraper - INFO - Scraped tournament 2: Chirala Football Club
2026-05-22 17:03:11,150 - scraper.selenium_scraper - INFO - Scraped tournament 3: SouthCity Cricket Club
2026-05-22 17:03:11,851 - scraper.selenium_scraper - INFO - Scraped tournament 4: Yuva Agrawal Sammelan Trust Present YAPL 2026
2026-05-22 17:03:12,557 - scraper.selenium_scraper - INFO - Scraped tournament 5: ROHAT PREMIER LEAGUE
2026-05-22 17:03:13,258 - scraper.selenium_scraper - INFO - Scraped tournament 6: Summer League Tarpongi
2026-05-22 17:03:13,953 - scraper.selenium_scraper - INFO - Scraped tournament 7: DB CUP
2026-05-22 17:03:14,648 - scraper.selenium_scraper - INFO - Scraped tournament 8: Dream UTT Juniors Season 2
2026-05-22 17:03:15,352 - scraper.selenium_scraper - INFO - Scraped tournament 9: SIGMA PREMIER LEAGUE
2026-05-22 17:03:16,063 - scraper.selenium_scraper - INFO - Scraped tournament 10: CBBL 6 AUCTION
2026-05-22 17:03:16,767 - scraper.selenium_scraper - INFO - Scraped tournament 11: SUPER FOOTBALL CHAMPIONSHIP
2026-05-22 17:03:17,462 - scraper.selenium_scraper - INFO - Scraped tournament 12: REPUBLIC CUP 2.0
2026-05-22 17:03:18,172 - scraper.selenium_scraper - INFO - Scraped tournament 13: Auction Demo Jodi
2026-05-22 17:03:18,868 - scraper.selenium_scraper - INFO - Scraped tournament 14: Super Cricket League
2026-05-22 17:03:19,567 - scraper.selenium_scraper - INFO - Scraped tournament 15: SIKAR PREMIER LEAGUE 2025
2026-05-22 17:03:20,262 - scraper.selenium_scraper - INFO - Scraped tournament 16: BJP
2026-05-22 17:03:20,956 - scraper.selenium_scraper - INFO - Scraped tournament 17: SUPER LEAGUE GROUP
2026-05-22 17:03:21,667 - scraper.selenium_scraper - INFO - Scraped tournament 18: SUPER CRICKET LEAGUE
2026-05-22 17:03:22,367 - scraper.selenium_scraper - INFO - Scraped tournament 19: NJM Family Box Cricket Kothari Cup 2026 - Season 04
2026-05-22 17:03:23,060 - scraper.selenium_scraper - INFO - Scraped tournament 20: RSPL 2026
2026-05-22 17:03:23,060 - root - INFO - Successfully scraped 20 tournaments
2026-05-22 17:03:23,060 - root - INFO - Saved scraped data to /home/runner/work/super-player-auction-scraper/super-player-auction-scraper/data/tournament_data_20260522-170323.json
2026-05-22 17:03:23,060 - root - INFO - Initializing Graph API
2026-05-22 17:03:23,061 - excel.graph_api - INFO - Extracted file ID: 9e836ed5-f58f-4dc7-a969-3c62b255f3ea
2026-05-22 17:03:23,061 - excel.graph_api - INFO - Extracted site ID: CorpDevaaf94619130d4a79af9f3aeae502bdb5
2026-05-22 17:03:23,061 - root - INFO - Authenticating with Microsoft Graph API
2026-05-22 17:03:23,527 - excel.graph_api - INFO - Authentication successful
2026-05-22 17:03:23,527 - root - INFO - Updating Excel sheet with scraped data
2026-05-22 17:03:24,554 - excel.graph_api - INFO - Retrieved drive ID: b!MXUqfmBgAkyqAi_g7J1PO_6yKSWnHbZCs3mpe4EkYuX6d8izcdJxRb78S6OW5SIB
2026-05-22 17:03:26,521 - excel.graph_api - INFO - Retrieved 1625 rows from Excel
2026-05-22 17:03:28,807 - excel.graph_api - INFO - Updating range A1627:Y1629 with 3 new entries
2026-05-22 17:03:30,226 - excel.graph_api - INFO - Successfully added 3 new tournaments to Excel
2026-05-22 17:03:30,228 - root - INFO - Excel sheet updated successfully
2026-05-22 17:03:30,308 - scraper.selenium_scraper - INFO - Chrome driver closed
2026-05-22 17:03:30,309 - root - INFO - Selenium driver closed
2026-05-22 17:03:30,309 - root - INFO - Script execution completed
