2026-01-18 15:13:21,604 - root - INFO - Logger initialized successfully
2026-01-18 15:13:21,604 - root - INFO - Log file: /home/runner/work/super-player-auction-scraper/super-player-auction-scraper/logs/scraper_20260118_151321.log
2026-01-18 15:13:21,604 - root - INFO - Starting Super Player Auction scraper
2026-01-18 15:13:21,604 - utils.config - INFO - Credentials loaded from environment variables
2026-01-18 15:13:21,604 - utils.config - INFO - Settings loaded successfully
2026-01-18 15:13:21,605 - root - INFO - Initializing Selenium scraper
2026-01-18 15:13:21,605 - scraper.selenium_scraper - INFO - Running in GitHub Actions environment
2026-01-18 15:13:34,289 - scraper.selenium_scraper - INFO - Chrome driver initialized successfully
2026-01-18 15:13:34,289 - root - INFO - Scraping tournament data
2026-01-18 15:13:34,289 - scraper.selenium_scraper - INFO - Starting to scrape tournament data
2026-01-18 15:13:35,401 - scraper.selenium_scraper - INFO - Waiting for page to load...
2026-01-18 15:13:40,406 - scraper.selenium_scraper - INFO - Scrolling to load all auction cards...
2026-01-18 15:13:52,560 - scraper.selenium_scraper - INFO - Saved page screenshot to /home/runner/work/super-player-auction-scraper/super-player-auction-scraper/logs/screenshots/page_loaded_20260118151352.png
2026-01-18 15:13:52,560 - scraper.selenium_scraper - INFO - Looking for auction cards...
2026-01-18 15:13:52,621 - scraper.selenium_scraper - INFO - Found 20 auction cards
2026-01-18 15:13:53,343 - scraper.selenium_scraper - INFO - Scraped tournament 1: NRAI Premier League 4.0
2026-01-18 15:13:54,083 - scraper.selenium_scraper - INFO - Scraped tournament 2: ABPL - Season 5 | 2026 | Auction
2026-01-18 15:13:54,775 - scraper.selenium_scraper - INFO - Scraped tournament 3: SUBIC SRILANKAN PREMIER LEAGUE - SEASON 4 - 2026
2026-01-18 15:13:55,468 - scraper.selenium_scraper - INFO - Scraped tournament 4: MCPL 2026
2026-01-18 15:13:56,160 - scraper.selenium_scraper - INFO - Scraped tournament 5: SIKAR PREMIER LEAGUE 2025
2026-01-18 15:13:56,853 - scraper.selenium_scraper - INFO - Scraped tournament 6: SUPER FOOTBALL CHAMPIONSHIP
2026-01-18 15:13:57,543 - scraper.selenium_scraper - INFO - Scraped tournament 7: Sobha Premier League - 2026
2026-01-18 15:13:58,231 - scraper.selenium_scraper - INFO - Scraped tournament 8: Zoroastrian Volleyball Premier League
2026-01-18 15:13:58,919 - scraper.selenium_scraper - INFO - Scraped tournament 9: REPUBLIC CUP 2.0
2026-01-18 15:13:59,607 - scraper.selenium_scraper - INFO - Scraped tournament 10: One Day Vollyball Tournament
2026-01-18 15:14:00,297 - scraper.selenium_scraper - INFO - Scraped tournament 11: Ambikapur champions league
2026-01-18 15:14:00,984 - scraper.selenium_scraper - INFO - Scraped tournament 12: MALI PREMIER LEAGUE - 15
2026-01-18 15:14:01,678 - scraper.selenium_scraper - INFO - Scraped tournament 13: Calicut Premier League
2026-01-18 15:14:02,365 - scraper.selenium_scraper - INFO - Scraped tournament 14: Shabab Premier League S2
2026-01-18 15:14:03,055 - scraper.selenium_scraper - INFO - Scraped tournament 15: Simga Tennis Cricket League
2026-01-18 15:14:03,743 - scraper.selenium_scraper - INFO - Scraped tournament 16: मेघवाल समाज आक्शन प्रीमियर लीग खिवाड़ा
2026-01-18 15:14:04,432 - scraper.selenium_scraper - INFO - Scraped tournament 17: Karneshwar premiere leauge (KPL- 3) karnawad
2026-01-18 15:14:05,122 - scraper.selenium_scraper - INFO - Scraped tournament 18: Sanguem Premier League - Season 8
2026-01-18 15:14:05,809 - scraper.selenium_scraper - INFO - Scraped tournament 19: Friends Cup
2026-01-18 15:14:06,495 - scraper.selenium_scraper - INFO - Scraped tournament 20: SPL SEASON 3
2026-01-18 15:14:06,495 - root - INFO - Successfully scraped 20 tournaments
2026-01-18 15:14:06,496 - root - INFO - Saved scraped data to /home/runner/work/super-player-auction-scraper/super-player-auction-scraper/data/tournament_data_20260118-151406.json
2026-01-18 15:14:06,496 - root - INFO - Initializing Graph API
2026-01-18 15:14:06,496 - excel.graph_api - INFO - Extracted file ID: 9e836ed5-f58f-4dc7-a969-3c62b255f3ea
2026-01-18 15:14:06,496 - excel.graph_api - INFO - Extracted site ID: CorpDevaaf94619130d4a79af9f3aeae502bdb5
2026-01-18 15:14:06,496 - root - INFO - Authenticating with Microsoft Graph API
2026-01-18 15:14:06,636 - excel.graph_api - INFO - Authentication successful
2026-01-18 15:14:06,636 - root - INFO - Updating Excel sheet with scraped data
2026-01-18 15:14:07,033 - excel.graph_api - INFO - Retrieved drive ID: b!MXUqfmBgAkyqAi_g7J1PO_6yKSWnHbZCs3mpe4EkYuX6d8izcdJxRb78S6OW5SIB
2026-01-18 15:14:12,832 - excel.graph_api - INFO - Retrieved 1099 rows from Excel
2026-01-18 15:14:13,892 - excel.graph_api - INFO - Updating range A1101:M1101 with 1 new entries
2026-01-18 15:14:15,718 - excel.graph_api - INFO - Successfully added 1 new tournaments to Excel
2026-01-18 15:14:15,720 - root - INFO - Excel sheet updated successfully
2026-01-18 15:14:15,788 - scraper.selenium_scraper - INFO - Chrome driver closed
2026-01-18 15:14:15,789 - root - INFO - Selenium driver closed
2026-01-18 15:14:15,789 - root - INFO - Script execution completed
