2026-06-11 13:53:35,583 - root - INFO - Logger initialized successfully
2026-06-11 13:53:35,583 - root - INFO - Log file: /home/runner/work/super-player-auction-scraper/super-player-auction-scraper/logs/scraper_20260611_135335.log
2026-06-11 13:53:35,583 - root - INFO - Starting Super Player Auction scraper
2026-06-11 13:53:35,583 - utils.config - INFO - Credentials loaded from environment variables
2026-06-11 13:53:35,583 - utils.config - INFO - Settings loaded successfully
2026-06-11 13:53:35,583 - root - INFO - Initializing Selenium scraper
2026-06-11 13:53:35,583 - scraper.selenium_scraper - INFO - Running in GitHub Actions environment
2026-06-11 13:53:43,272 - scraper.selenium_scraper - INFO - Chrome driver initialized successfully
2026-06-11 13:53:43,272 - root - INFO - Scraping tournament data
2026-06-11 13:53:43,272 - scraper.selenium_scraper - INFO - Starting to scrape tournament data
2026-06-11 13:53:44,996 - scraper.selenium_scraper - INFO - Waiting for page to load...
2026-06-11 13:53:50,000 - scraper.selenium_scraper - INFO - Scrolling to load all auction cards...
2026-06-11 13:54:02,148 - scraper.selenium_scraper - INFO - Saved page screenshot to /home/runner/work/super-player-auction-scraper/super-player-auction-scraper/logs/screenshots/page_loaded_20260611135402.png
2026-06-11 13:54:02,148 - scraper.selenium_scraper - INFO - Looking for auction cards...
2026-06-11 13:54:02,172 - scraper.selenium_scraper - INFO - Found 20 auction cards
2026-06-11 13:54:02,935 - scraper.selenium_scraper - INFO - Scraped tournament 1: MALAPPURAM PREMIER LEAGUE S3 (RIYADH, KSA - 03 July 2026)
2026-06-11 13:54:03,638 - scraper.selenium_scraper - INFO - Scraped tournament 2: RRC - JEET KI JUNG
2026-06-11 13:54:04,393 - scraper.selenium_scraper - INFO - Scraped tournament 3: SUPER FOOTBALL CHAMPIONSHIP
2026-06-11 13:54:05,108 - scraper.selenium_scraper - INFO - Scraped tournament 4: पोकरण प्रीमियर लीग
2026-06-11 13:54:05,819 - scraper.selenium_scraper - INFO - Scraped tournament 5: DB CUP
2026-06-11 13:54:06,547 - scraper.selenium_scraper - INFO - Scraped tournament 6: Dream UTT Juniors Season 2
2026-06-11 13:54:07,245 - scraper.selenium_scraper - INFO - Scraped tournament 7: REPUBLIC CUP 2.0
2026-06-11 13:54:07,967 - scraper.selenium_scraper - INFO - Scraped tournament 8: Auction Demo Jodi
2026-06-11 13:54:08,662 - scraper.selenium_scraper - INFO - Scraped tournament 9: Super Cricket League
2026-06-11 13:54:09,363 - scraper.selenium_scraper - INFO - Scraped tournament 10: SIKAR PREMIER LEAGUE 2025
2026-06-11 13:54:10,053 - scraper.selenium_scraper - INFO - Scraped tournament 11: BJP
2026-06-11 13:54:10,747 - scraper.selenium_scraper - INFO - Scraped tournament 12: SUPER LEAGUE GROUP
2026-06-11 13:54:11,478 - scraper.selenium_scraper - INFO - Scraped tournament 13: SUPER CRICKET LEAGUE
2026-06-11 13:54:12,176 - scraper.selenium_scraper - INFO - Scraped tournament 14: ANNANUR PREMIER LEAGUE (APL)SEASON -3(2026)
2026-06-11 13:54:12,885 - scraper.selenium_scraper - INFO - Scraped tournament 15: KPL 2026
2026-06-11 13:54:13,593 - scraper.selenium_scraper - INFO - Scraped tournament 16: PALAKKAD CRICKET LEAGUE SEASON 2 - 2026
2026-06-11 13:54:14,286 - scraper.selenium_scraper - INFO - Scraped tournament 17: JITO Pitch × Profit Powered By Sharp Ply
2026-06-11 13:54:14,994 - scraper.selenium_scraper - INFO - Scraped tournament 18: TOLIYASAR PREMIER LEAGUE (TPL) SEASON 3
2026-06-11 13:54:15,692 - scraper.selenium_scraper - INFO - Scraped tournament 19: ELITETANK SPORTS PRESENT SHIRSAT SPORTS WOMEN PREMIER LEAGUE 2026
2026-06-11 13:54:16,386 - scraper.selenium_scraper - INFO - Scraped tournament 20: Himachal Tennis Cricket League T10
2026-06-11 13:54:16,386 - root - INFO - Successfully scraped 20 tournaments
2026-06-11 13:54:16,387 - root - INFO - Saved scraped data to /home/runner/work/super-player-auction-scraper/super-player-auction-scraper/data/tournament_data_20260611-135416.json
2026-06-11 13:54:16,387 - root - INFO - Initializing Graph API
2026-06-11 13:54:16,387 - excel.graph_api - INFO - Extracted file ID: 9e836ed5-f58f-4dc7-a969-3c62b255f3ea
2026-06-11 13:54:16,387 - excel.graph_api - INFO - Extracted site ID: CorpDevaaf94619130d4a79af9f3aeae502bdb5
2026-06-11 13:54:16,387 - root - INFO - Authenticating with Microsoft Graph API
2026-06-11 13:54:16,914 - excel.graph_api - INFO - Authentication successful
2026-06-11 13:54:16,914 - root - INFO - Updating Excel sheet with scraped data
2026-06-11 13:54:17,154 - excel.graph_api - INFO - Retrieved drive ID: b!MXUqfmBgAkyqAi_g7J1PO_6yKSWnHbZCs3mpe4EkYuX6d8izcdJxRb78S6OW5SIB
2026-06-11 13:54:18,847 - excel.graph_api - INFO - Retrieved 1682 rows from Excel
2026-06-11 13:54:20,051 - excel.graph_api - INFO - No new tournaments to add
2026-06-11 13:54:20,053 - root - INFO - Excel sheet updated successfully
2026-06-11 13:54:20,132 - scraper.selenium_scraper - INFO - Chrome driver closed
2026-06-11 13:54:20,132 - root - INFO - Selenium driver closed
2026-06-11 13:54:20,132 - root - INFO - Script execution completed
