2025-09-29 15:13:40,745 - root - INFO - Logger initialized successfully
2025-09-29 15:13:40,745 - root - INFO - Log file: /home/runner/work/super-player-auction-scraper/super-player-auction-scraper/logs/scraper_20250929_151340.log
2025-09-29 15:13:40,745 - root - INFO - Starting Super Player Auction scraper
2025-09-29 15:13:40,745 - utils.config - INFO - Credentials loaded from environment variables
2025-09-29 15:13:40,745 - utils.config - INFO - Settings loaded successfully
2025-09-29 15:13:40,745 - root - INFO - Initializing Selenium scraper
2025-09-29 15:13:40,745 - scraper.selenium_scraper - INFO - Running in GitHub Actions environment
2025-09-29 15:13:42,704 - selenium.webdriver.common.selenium_manager - WARNING - The chromedriver version (140.0.7339.185) detected in PATH at /usr/bin/chromedriver might not be compatible with the detected chrome version (140.0.7339.185); currently, chromedriver 140.0.7339.207 is recommended for chrome 140.*, so it is advised to delete the driver in PATH and retry
2025-09-29 15:13:56,287 - scraper.selenium_scraper - INFO - Chrome driver initialized successfully
2025-09-29 15:13:56,287 - root - INFO - Scraping tournament data
2025-09-29 15:13:56,287 - scraper.selenium_scraper - INFO - Starting to scrape tournament data
2025-09-29 15:13:57,319 - scraper.selenium_scraper - INFO - Waiting for page to load...
2025-09-29 15:14:02,324 - scraper.selenium_scraper - INFO - Scrolling to load all auction cards...
2025-09-29 15:14:14,458 - scraper.selenium_scraper - INFO - Saved page screenshot to /home/runner/work/super-player-auction-scraper/super-player-auction-scraper/logs/screenshots/page_loaded_20250929151414.png
2025-09-29 15:14:14,458 - scraper.selenium_scraper - INFO - Looking for auction cards...
2025-09-29 15:14:14,502 - scraper.selenium_scraper - INFO - Found 20 auction cards
2025-09-29 15:14:15,408 - scraper.selenium_scraper - INFO - Scraped tournament 1: KHUTERI PREMIER LEAGUE
2025-09-29 15:14:16,105 - scraper.selenium_scraper - INFO - Scraped tournament 2: SmashIT v7 2025
2025-09-29 15:14:16,790 - scraper.selenium_scraper - INFO - Scraped tournament 3: Elements Premier League (EPL)
2025-09-29 15:14:17,483 - scraper.selenium_scraper - INFO - Scraped tournament 4: JOI Premier League Auction Female
2025-09-29 15:14:18,180 - scraper.selenium_scraper - INFO - Scraped tournament 5: JOI Premier League Auction Male
2025-09-29 15:14:18,867 - scraper.selenium_scraper - INFO - Scraped tournament 6: CAMBRIDGE ALUMNI CRICKET CHAMPIONSHIP 2025-26
2025-09-29 15:14:19,564 - scraper.selenium_scraper - INFO - Scraped tournament 7: UPL SEASON 6
2025-09-29 15:14:20,253 - scraper.selenium_scraper - INFO - Scraped tournament 8: Petlurivaripalem Premier League Season -1
2025-09-29 15:14:20,935 - scraper.selenium_scraper - INFO - Scraped tournament 9: 2N_DESIGNER'S PREMIER LEAGUE SEASON IV
2025-09-29 15:14:21,616 - scraper.selenium_scraper - INFO - Scraped tournament 10: SHIMOGA PREMIER BADMINTON LEAGUE 2.O
2025-09-29 15:14:22,303 - scraper.selenium_scraper - INFO - Scraped tournament 11: Monsoon Box League Season 3
2025-09-29 15:14:22,981 - scraper.selenium_scraper - INFO - Scraped tournament 12: CHHATTISGARH LEAGUE OF LEGENDS
2025-09-29 15:14:23,672 - scraper.selenium_scraper - INFO - Scraped tournament 13: RANUJ GAM CRICKET LEAGUE
2025-09-29 15:14:24,363 - scraper.selenium_scraper - INFO - Scraped tournament 14: United Premier League (Father's)
2025-09-29 15:14:25,052 - scraper.selenium_scraper - INFO - Scraped tournament 15: United Premier League Womens
2025-09-29 15:14:25,742 - scraper.selenium_scraper - INFO - Scraped tournament 16: Dambab Premier League 2025
2025-09-29 15:14:26,440 - scraper.selenium_scraper - INFO - Scraped tournament 17: BHAGALPUR CRICKET LEAGUE
2025-09-29 15:14:27,135 - scraper.selenium_scraper - INFO - Scraped tournament 18: NPL Titan Cup
2025-09-29 15:14:27,831 - scraper.selenium_scraper - INFO - Scraped tournament 19: RPL SEASON 1
2025-09-29 15:14:28,536 - scraper.selenium_scraper - INFO - Scraped tournament 20: BMCL SEASON-3
2025-09-29 15:14:28,536 - root - INFO - Successfully scraped 20 tournaments
2025-09-29 15:14:28,536 - root - INFO - Saved scraped data to /home/runner/work/super-player-auction-scraper/super-player-auction-scraper/data/tournament_data_20250929-151428.json
2025-09-29 15:14:28,536 - root - INFO - Initializing Graph API
2025-09-29 15:14:28,537 - excel.graph_api - INFO - Extracted file ID: 9e836ed5-f58f-4dc7-a969-3c62b255f3ea
2025-09-29 15:14:28,537 - excel.graph_api - INFO - Extracted site ID: CorpDevaaf94619130d4a79af9f3aeae502bdb5
2025-09-29 15:14:28,537 - root - INFO - Authenticating with Microsoft Graph API
2025-09-29 15:14:28,758 - excel.graph_api - INFO - Authentication successful
2025-09-29 15:14:28,758 - root - INFO - Updating Excel sheet with scraped data
2025-09-29 15:14:29,350 - excel.graph_api - INFO - Retrieved drive ID: b!MXUqfmBgAkyqAi_g7J1PO_6yKSWnHbZCs3mpe4EkYuX6d8izcdJxRb78S6OW5SIB
2025-09-29 15:14:31,902 - excel.graph_api - INFO - Retrieved 564 rows from Excel
2025-09-29 15:14:33,955 - excel.graph_api - INFO - Updating range A566:M566 with 1 new entries
2025-09-29 15:14:35,502 - excel.graph_api - INFO - Successfully added 1 new tournaments to Excel
2025-09-29 15:14:35,503 - root - INFO - Excel sheet updated successfully
2025-09-29 15:14:35,573 - scraper.selenium_scraper - INFO - Chrome driver closed
2025-09-29 15:14:35,574 - root - INFO - Selenium driver closed
2025-09-29 15:14:35,574 - root - INFO - Script execution completed
