2026-04-18 10:34:05,965 - root - INFO - Logger initialized successfully
2026-04-18 10:34:05,965 - root - INFO - Log file: /home/runner/work/super-player-auction-scraper/super-player-auction-scraper/logs/scraper_20260418_103405.log
2026-04-18 10:34:05,965 - root - INFO - Starting Super Player Auction scraper
2026-04-18 10:34:05,965 - utils.config - INFO - Credentials loaded from environment variables
2026-04-18 10:34:05,965 - utils.config - INFO - Settings loaded successfully
2026-04-18 10:34:05,965 - root - INFO - Initializing Selenium scraper
2026-04-18 10:34:05,965 - scraper.selenium_scraper - INFO - Running in GitHub Actions environment
2026-04-18 10:34:07,941 - selenium.webdriver.common.selenium_manager - WARNING - The chromedriver version (147.0.7727.56) detected in PATH at /usr/bin/chromedriver might not be compatible with the detected chrome version (147.0.7727.55); currently, chromedriver 147.0.7727.57 is recommended for chrome 147.*, so it is advised to delete the driver in PATH and retry
2026-04-18 10:34:15,477 - scraper.selenium_scraper - INFO - Chrome driver initialized successfully
2026-04-18 10:34:15,478 - root - INFO - Scraping tournament data
2026-04-18 10:34:15,478 - scraper.selenium_scraper - INFO - Starting to scrape tournament data
2026-04-18 10:34:16,652 - scraper.selenium_scraper - INFO - Waiting for page to load...
2026-04-18 10:34:21,657 - scraper.selenium_scraper - INFO - Scrolling to load all auction cards...
2026-04-18 10:34:33,787 - scraper.selenium_scraper - INFO - Saved page screenshot to /home/runner/work/super-player-auction-scraper/super-player-auction-scraper/logs/screenshots/page_loaded_20260418103433.png
2026-04-18 10:34:33,787 - scraper.selenium_scraper - INFO - Looking for auction cards...
2026-04-18 10:34:33,811 - scraper.selenium_scraper - INFO - Found 20 auction cards
2026-04-18 10:34:34,552 - scraper.selenium_scraper - INFO - Scraped tournament 1: 3rd Dalgate Premier League
2026-04-18 10:34:35,308 - scraper.selenium_scraper - INFO - Scraped tournament 2: Vagad Football League 2026
2026-04-18 10:34:36,005 - scraper.selenium_scraper - INFO - Scraped tournament 3: Punjabi Premier League Group A
2026-04-18 10:34:36,697 - scraper.selenium_scraper - INFO - Scraped tournament 4: Punjabi Premier League Group B
2026-04-18 10:34:37,390 - scraper.selenium_scraper - INFO - Scraped tournament 5: Jashn-E-Rally Padel Tournament 2026
2026-04-18 10:34:38,085 - scraper.selenium_scraper - INFO - Scraped tournament 6: Bavajipeta Kabaddi League
2026-04-18 10:34:38,781 - scraper.selenium_scraper - INFO - Scraped tournament 7: Raghuvanshi Premier League - MEN
2026-04-18 10:34:39,471 - scraper.selenium_scraper - INFO - Scraped tournament 8: Raghuvanshi Premier League - WOMEN
2026-04-18 10:34:40,169 - scraper.selenium_scraper - INFO - Scraped tournament 9: MGPL CRICKET TOURNAMENT
2026-04-18 10:34:40,863 - scraper.selenium_scraper - INFO - Scraped tournament 10: SmashIT v8, 2026
2026-04-18 10:34:41,569 - scraper.selenium_scraper - INFO - Scraped tournament 11: Chhattisgarh Cricket Champions League T20
2026-04-18 10:34:42,264 - scraper.selenium_scraper - INFO - Scraped tournament 12: ROHAT PREMIER LEAGUE
2026-04-18 10:34:42,950 - scraper.selenium_scraper - INFO - Scraped tournament 13: SUPER FOOTBALL CHAMPIONSHIP
2026-04-18 10:34:43,638 - scraper.selenium_scraper - INFO - Scraped tournament 14: REPUBLIC CUP 2.0
2026-04-18 10:34:44,327 - scraper.selenium_scraper - INFO - Scraped tournament 15: Auction Demo Jodi
2026-04-18 10:34:45,025 - scraper.selenium_scraper - INFO - Scraped tournament 16: Super Cricket League
2026-04-18 10:34:45,712 - scraper.selenium_scraper - INFO - Scraped tournament 17: SIKAR PREMIER LEAGUE 2025
2026-04-18 10:34:46,399 - scraper.selenium_scraper - INFO - Scraped tournament 18: BJP
2026-04-18 10:34:47,098 - scraper.selenium_scraper - INFO - Scraped tournament 19: SUPER LEAGUE GROUP
2026-04-18 10:34:47,786 - scraper.selenium_scraper - INFO - Scraped tournament 20: SUPER CRICKET LEAGUE
2026-04-18 10:34:47,787 - root - INFO - Successfully scraped 20 tournaments
2026-04-18 10:34:47,787 - root - INFO - Saved scraped data to /home/runner/work/super-player-auction-scraper/super-player-auction-scraper/data/tournament_data_20260418-103447.json
2026-04-18 10:34:47,787 - root - INFO - Initializing Graph API
2026-04-18 10:34:47,787 - excel.graph_api - INFO - Extracted file ID: 9e836ed5-f58f-4dc7-a969-3c62b255f3ea
2026-04-18 10:34:47,788 - excel.graph_api - INFO - Extracted site ID: CorpDevaaf94619130d4a79af9f3aeae502bdb5
2026-04-18 10:34:47,788 - root - INFO - Authenticating with Microsoft Graph API
2026-04-18 10:34:48,252 - excel.graph_api - INFO - Authentication successful
2026-04-18 10:34:48,252 - root - INFO - Updating Excel sheet with scraped data
2026-04-18 10:34:48,576 - excel.graph_api - INFO - Retrieved drive ID: b!MXUqfmBgAkyqAi_g7J1PO_6yKSWnHbZCs3mpe4EkYuX6d8izcdJxRb78S6OW5SIB
2026-04-18 10:34:49,772 - excel.graph_api - INFO - Retrieved 1490 rows from Excel
2026-04-18 10:34:50,714 - excel.graph_api - INFO - Updating range A1492:Y1492 with 1 new entries
2026-04-18 10:34:51,661 - excel.graph_api - INFO - Successfully added 1 new tournaments to Excel
2026-04-18 10:34:51,663 - root - INFO - Excel sheet updated successfully
2026-04-18 10:34:51,744 - scraper.selenium_scraper - INFO - Chrome driver closed
2026-04-18 10:34:51,744 - root - INFO - Selenium driver closed
2026-04-18 10:34:51,744 - root - INFO - Script execution completed
