2025-09-15 10:14:31,276 - root - INFO - Logger initialized successfully
2025-09-15 10:14:31,276 - root - INFO - Log file: /home/runner/work/super-player-auction-scraper/super-player-auction-scraper/logs/scraper_20250915_101431.log
2025-09-15 10:14:31,276 - root - INFO - Starting Super Player Auction scraper
2025-09-15 10:14:31,276 - utils.config - INFO - Credentials loaded from environment variables
2025-09-15 10:14:31,276 - utils.config - INFO - Settings loaded successfully
2025-09-15 10:14:31,276 - root - INFO - Initializing Selenium scraper
2025-09-15 10:14:31,276 - scraper.selenium_scraper - INFO - Running in GitHub Actions environment
2025-09-15 10:14:33,369 - selenium.webdriver.common.selenium_manager - WARNING - The chromedriver version (140.0.7339.80) detected in PATH at /usr/bin/chromedriver might not be compatible with the detected chrome version (140.0.7339.80); currently, chromedriver 140.0.7339.82 is recommended for chrome 140.*, so it is advised to delete the driver in PATH and retry
2025-09-15 10:14:41,173 - scraper.selenium_scraper - INFO - Chrome driver initialized successfully
2025-09-15 10:14:41,173 - root - INFO - Scraping tournament data
2025-09-15 10:14:41,173 - scraper.selenium_scraper - INFO - Starting to scrape tournament data
2025-09-15 10:14:41,834 - scraper.selenium_scraper - INFO - Waiting for page to load...
2025-09-15 10:14:46,839 - scraper.selenium_scraper - INFO - Scrolling to load all auction cards...
2025-09-15 10:14:58,957 - scraper.selenium_scraper - INFO - Saved page screenshot to /home/runner/work/super-player-auction-scraper/super-player-auction-scraper/logs/screenshots/page_loaded_20250915101458.png
2025-09-15 10:14:58,957 - scraper.selenium_scraper - INFO - Looking for auction cards...
2025-09-15 10:14:59,000 - scraper.selenium_scraper - INFO - Found 20 auction cards
2025-09-15 10:14:59,733 - scraper.selenium_scraper - INFO - Scraped tournament 1: GONDA SINDHI PREMIER LEAGUE -3
2025-09-15 10:15:00,518 - scraper.selenium_scraper - INFO - Scraped tournament 2: RENSA BSPL -2
2025-09-15 10:15:01,211 - scraper.selenium_scraper - INFO - Scraped tournament 3: Sarsangan U19 Boys & Girls Cricket Series 2025-26
2025-09-15 10:15:01,902 - scraper.selenium_scraper - INFO - Scraped tournament 4: KABIR NAGAR KHEL SAMITI PROSOFT SESSION - 2025
2025-09-15 10:15:02,587 - scraper.selenium_scraper - INFO - Scraped tournament 5: KVSC Tournament 4 Sponser by UNISTONE
2025-09-15 10:15:03,281 - scraper.selenium_scraper - INFO - Scraped tournament 6: Monsoon Box League Season 3
2025-09-15 10:15:03,968 - scraper.selenium_scraper - INFO - Scraped tournament 7: JAIN PREMIER LEAGUE 4
2025-09-15 10:15:04,653 - scraper.selenium_scraper - INFO - Scraped tournament 8: BHAGALPUR CRICKET LEAGUE
2025-09-15 10:15:05,345 - scraper.selenium_scraper - INFO - Scraped tournament 9: NPL Titan Cup
2025-09-15 10:15:06,030 - scraper.selenium_scraper - INFO - Scraped tournament 10: SIDDHIVINAYAK PROFESSIONAL LEAGUE - 2025(Season - 2)
2025-09-15 10:15:06,717 - scraper.selenium_scraper - INFO - Scraped tournament 11: KESHNAND KOREGAV MOOL Z.P
2025-09-15 10:15:07,409 - scraper.selenium_scraper - INFO - Scraped tournament 12: Battle Cup -5
2025-09-15 10:15:08,092 - scraper.selenium_scraper - INFO - Scraped tournament 13: DMCA BIG BASH 2025 Season-2
2025-09-15 10:15:08,775 - scraper.selenium_scraper - INFO - Scraped tournament 14: Skycity Table Tennis Premier League
2025-09-15 10:15:09,467 - scraper.selenium_scraper - INFO - Scraped tournament 15: Gogasar Premier League Season 4
2025-09-15 10:15:10,156 - scraper.selenium_scraper - INFO - Scraped tournament 16: Gorakhpur T10 Champions league
2025-09-15 10:15:10,839 - scraper.selenium_scraper - INFO - Scraped tournament 17: Kerala Premier League
2025-09-15 10:15:11,548 - scraper.selenium_scraper - INFO - Scraped tournament 18: UPL CHAPTER 3.0 CRICKET TOURNAMENT
2025-09-15 10:15:12,231 - scraper.selenium_scraper - INFO - Scraped tournament 19: MVV DUSSEHRA CRICKET TOURNAMENT
2025-09-15 10:15:12,927 - scraper.selenium_scraper - INFO - Scraped tournament 20: UDYAWAR PREMIER LEAGUE
2025-09-15 10:15:12,927 - root - INFO - Successfully scraped 20 tournaments
2025-09-15 10:15:12,927 - root - INFO - Saved scraped data to /home/runner/work/super-player-auction-scraper/super-player-auction-scraper/data/tournament_data_20250915-101512.json
2025-09-15 10:15:12,927 - root - INFO - Initializing Graph API
2025-09-15 10:15:12,928 - excel.graph_api - INFO - Extracted file ID: 9e836ed5-f58f-4dc7-a969-3c62b255f3ea
2025-09-15 10:15:12,928 - excel.graph_api - INFO - Extracted site ID: CorpDevaaf94619130d4a79af9f3aeae502bdb5
2025-09-15 10:15:12,928 - root - INFO - Authenticating with Microsoft Graph API
2025-09-15 10:15:13,109 - excel.graph_api - INFO - Authentication successful
2025-09-15 10:15:13,109 - root - INFO - Updating Excel sheet with scraped data
2025-09-15 10:15:13,327 - excel.graph_api - INFO - Retrieved drive ID: b!MXUqfmBgAkyqAi_g7J1PO_6yKSWnHbZCs3mpe4EkYuX6d8izcdJxRb78S6OW5SIB
2025-09-15 10:15:14,111 - excel.graph_api - INFO - Retrieved 497 rows from Excel
2025-09-15 10:15:14,930 - excel.graph_api - INFO - Updating range A499:M501 with 3 new entries
2025-09-15 10:15:15,851 - excel.graph_api - INFO - Successfully added 3 new tournaments to Excel
2025-09-15 10:15:15,852 - root - INFO - Excel sheet updated successfully
2025-09-15 10:15:15,919 - scraper.selenium_scraper - INFO - Chrome driver closed
2025-09-15 10:15:15,919 - root - INFO - Selenium driver closed
2025-09-15 10:15:15,920 - root - INFO - Script execution completed
