2025-12-13 10:13:52,066 - root - INFO - Logger initialized successfully
2025-12-13 10:13:52,066 - root - INFO - Log file: /home/runner/work/super-player-auction-scraper/super-player-auction-scraper/logs/scraper_20251213_101352.log
2025-12-13 10:13:52,066 - root - INFO - Starting Super Player Auction scraper
2025-12-13 10:13:52,066 - utils.config - INFO - Credentials loaded from environment variables
2025-12-13 10:13:52,066 - utils.config - INFO - Settings loaded successfully
2025-12-13 10:13:52,066 - root - INFO - Initializing Selenium scraper
2025-12-13 10:13:52,066 - scraper.selenium_scraper - INFO - Running in GitHub Actions environment
2025-12-13 10:13:54,122 - selenium.webdriver.common.selenium_manager - WARNING - The chromedriver version (143.0.7499.40) detected in PATH at /usr/bin/chromedriver might not be compatible with the detected chrome version (143.0.7499.40); currently, chromedriver 143.0.7499.42 is recommended for chrome 143.*, so it is advised to delete the driver in PATH and retry
2025-12-13 10:14:00,868 - scraper.selenium_scraper - INFO - Chrome driver initialized successfully
2025-12-13 10:14:00,868 - root - INFO - Scraping tournament data
2025-12-13 10:14:00,868 - scraper.selenium_scraper - INFO - Starting to scrape tournament data
2025-12-13 10:14:01,566 - scraper.selenium_scraper - INFO - Waiting for page to load...
2025-12-13 10:14:06,571 - scraper.selenium_scraper - INFO - Scrolling to load all auction cards...
2025-12-13 10:14:18,693 - scraper.selenium_scraper - INFO - Saved page screenshot to /home/runner/work/super-player-auction-scraper/super-player-auction-scraper/logs/screenshots/page_loaded_20251213101418.png
2025-12-13 10:14:18,693 - scraper.selenium_scraper - INFO - Looking for auction cards...
2025-12-13 10:14:18,740 - scraper.selenium_scraper - INFO - Found 20 auction cards
2025-12-13 10:14:19,460 - scraper.selenium_scraper - INFO - Scraped tournament 1: Bandra Premier League Season 6
2025-12-13 10:14:20,202 - scraper.selenium_scraper - INFO - Scraped tournament 2: PARAKRAM 7.0
2025-12-13 10:14:20,893 - scraper.selenium_scraper - INFO - Scraped tournament 3: MIPL
2025-12-13 10:14:21,592 - scraper.selenium_scraper - INFO - Scraped tournament 4: Matunga Gymkhana Champions League 2026
2025-12-13 10:14:22,278 - scraper.selenium_scraper - INFO - Scraped tournament 5: IHCL MEN
2025-12-13 10:14:22,964 - scraper.selenium_scraper - INFO - Scraped tournament 6: IHCL WOMEN
2025-12-13 10:14:23,652 - scraper.selenium_scraper - INFO - Scraped tournament 7: Mohaba Bazar Silver League Season 3
2025-12-13 10:14:24,337 - scraper.selenium_scraper - INFO - Scraped tournament 8: SAPPHIRE PREMIER LEAGUE
2025-12-13 10:14:25,027 - scraper.selenium_scraper - INFO - Scraped tournament 9: MFCL Season 5
2025-12-13 10:14:25,709 - scraper.selenium_scraper - INFO - Scraped tournament 10: Panchal Premier League - 10 , Vadodara
2025-12-13 10:14:26,394 - scraper.selenium_scraper - INFO - Scraped tournament 11: RMPL AUCTION 2026
2025-12-13 10:14:27,085 - scraper.selenium_scraper - INFO - Scraped tournament 12: KU2 Boys
2025-12-13 10:14:27,769 - scraper.selenium_scraper - INFO - Scraped tournament 13: KU2 Ladies
2025-12-13 10:14:28,452 - scraper.selenium_scraper - INFO - Scraped tournament 14: KU2 Men
2025-12-13 10:14:29,138 - scraper.selenium_scraper - INFO - Scraped tournament 15: KU2 SrMen
2025-12-13 10:14:29,822 - scraper.selenium_scraper - INFO - Scraped tournament 16: Sanatan Premier League 2026 - Season 3
2025-12-13 10:14:30,511 - scraper.selenium_scraper - INFO - Scraped tournament 17: WPCL3.0 (MEN'S)
2025-12-13 10:14:31,242 - scraper.selenium_scraper - INFO - Scraped tournament 18: DSL 8.0
2025-12-13 10:14:31,926 - scraper.selenium_scraper - INFO - Scraped tournament 19: RATNA KYS PREMIER LEAGUE - MALE
2025-12-13 10:14:32,619 - scraper.selenium_scraper - INFO - Scraped tournament 20: Gunupur Tennis League - Season 2
2025-12-13 10:14:32,619 - root - INFO - Successfully scraped 20 tournaments
2025-12-13 10:14:32,619 - root - INFO - Saved scraped data to /home/runner/work/super-player-auction-scraper/super-player-auction-scraper/data/tournament_data_20251213-101432.json
2025-12-13 10:14:32,620 - root - INFO - Initializing Graph API
2025-12-13 10:14:32,620 - excel.graph_api - INFO - Extracted file ID: 9e836ed5-f58f-4dc7-a969-3c62b255f3ea
2025-12-13 10:14:32,620 - excel.graph_api - INFO - Extracted site ID: CorpDevaaf94619130d4a79af9f3aeae502bdb5
2025-12-13 10:14:32,620 - root - INFO - Authenticating with Microsoft Graph API
2025-12-13 10:14:32,774 - excel.graph_api - INFO - Authentication successful
2025-12-13 10:14:32,775 - root - INFO - Updating Excel sheet with scraped data
2025-12-13 10:14:33,509 - excel.graph_api - INFO - Retrieved drive ID: b!MXUqfmBgAkyqAi_g7J1PO_6yKSWnHbZCs3mpe4EkYuX6d8izcdJxRb78S6OW5SIB
2025-12-13 10:14:35,141 - excel.graph_api - INFO - Retrieved 846 rows from Excel
2025-12-13 10:14:36,305 - excel.graph_api - INFO - Updating range A848:M849 with 2 new entries
2025-12-13 10:14:37,420 - excel.graph_api - INFO - Successfully added 2 new tournaments to Excel
2025-12-13 10:14:37,422 - root - INFO - Excel sheet updated successfully
2025-12-13 10:14:37,492 - scraper.selenium_scraper - INFO - Chrome driver closed
2025-12-13 10:14:37,492 - root - INFO - Selenium driver closed
2025-12-13 10:14:37,493 - root - INFO - Script execution completed
