2026-04-23 11:01:28,614 - root - INFO - Logger initialized successfully
2026-04-23 11:01:28,614 - root - INFO - Log file: /home/runner/work/super-player-auction-scraper/super-player-auction-scraper/logs/scraper_20260423_110128.log
2026-04-23 11:01:28,614 - root - INFO - Starting Super Player Auction scraper
2026-04-23 11:01:28,614 - utils.config - INFO - Credentials loaded from environment variables
2026-04-23 11:01:28,615 - utils.config - INFO - Settings loaded successfully
2026-04-23 11:01:28,615 - root - INFO - Initializing Selenium scraper
2026-04-23 11:01:28,615 - scraper.selenium_scraper - INFO - Running in GitHub Actions environment
2026-04-23 11:01:32,555 - selenium.webdriver.common.selenium_manager - WARNING - The chromedriver version (147.0.7727.56) detected in PATH at /usr/bin/chromedriver might not be compatible with the detected chrome version (147.0.7727.55); currently, chromedriver 147.0.7727.117 is recommended for chrome 147.*, so it is advised to delete the driver in PATH and retry
2026-04-23 11:01:47,240 - scraper.selenium_scraper - INFO - Chrome driver initialized successfully
2026-04-23 11:01:47,240 - root - INFO - Scraping tournament data
2026-04-23 11:01:47,240 - scraper.selenium_scraper - INFO - Starting to scrape tournament data
2026-04-23 11:01:48,398 - scraper.selenium_scraper - INFO - Waiting for page to load...
2026-04-23 11:01:53,404 - scraper.selenium_scraper - INFO - Scrolling to load all auction cards...
2026-04-23 11:02:05,569 - scraper.selenium_scraper - INFO - Saved page screenshot to /home/runner/work/super-player-auction-scraper/super-player-auction-scraper/logs/screenshots/page_loaded_20260423110205.png
2026-04-23 11:02:05,570 - scraper.selenium_scraper - INFO - Looking for auction cards...
2026-04-23 11:02:05,606 - scraper.selenium_scraper - INFO - Found 20 auction cards
2026-04-23 11:02:06,460 - scraper.selenium_scraper - INFO - Scraped tournament 1: CCPL - 2026
2026-04-23 11:02:07,146 - scraper.selenium_scraper - INFO - Scraped tournament 2: DBCL
2026-04-23 11:02:07,838 - scraper.selenium_scraper - INFO - Scraped tournament 3: Raghuvanshi Premier League - MEN
2026-04-23 11:02:08,524 - scraper.selenium_scraper - INFO - Scraped tournament 4: Raghuvanshi Premier League - WOMEN
2026-04-23 11:02:09,212 - scraper.selenium_scraper - INFO - Scraped tournament 5: AJMER PREMIER LEAGUE
2026-04-23 11:02:09,896 - scraper.selenium_scraper - INFO - Scraped tournament 6: KABIR DHARAMDAS VANSHAVALI PREMIER LEAGUE
2026-04-23 11:02:10,580 - scraper.selenium_scraper - INFO - Scraped tournament 7: SmashIT v8, 2026
2026-04-23 11:02:11,264 - scraper.selenium_scraper - INFO - Scraped tournament 8: Chhattisgarh Cricket Champions League T20
2026-04-23 11:02:11,950 - scraper.selenium_scraper - INFO - Scraped tournament 9: SUPER FOOTBALL CHAMPIONSHIP
2026-04-23 11:02:12,632 - scraper.selenium_scraper - INFO - Scraped tournament 10: Auction Demo Jodi
2026-04-23 11:02:13,322 - scraper.selenium_scraper - INFO - Scraped tournament 11: Super Cricket League
2026-04-23 11:02:14,004 - scraper.selenium_scraper - INFO - Scraped tournament 12: SIKAR PREMIER LEAGUE 2025
2026-04-23 11:02:14,685 - scraper.selenium_scraper - INFO - Scraped tournament 13: BJP
2026-04-23 11:02:15,370 - scraper.selenium_scraper - INFO - Scraped tournament 14: SUPER LEAGUE GROUP
2026-04-23 11:02:16,050 - scraper.selenium_scraper - INFO - Scraped tournament 15: SUPER CRICKET LEAGUE
2026-04-23 11:02:16,732 - scraper.selenium_scraper - INFO - Scraped tournament 16: INFINITY CUP
2026-04-23 11:02:17,417 - scraper.selenium_scraper - INFO - Scraped tournament 17: औसा प्रीमियर लीग-2026 (पर्व-पाचवे)
2026-04-23 11:02:18,097 - scraper.selenium_scraper - INFO - Scraped tournament 18: ODA
2026-04-23 11:02:18,785 - scraper.selenium_scraper - INFO - Scraped tournament 19: HARSH CUP
2026-04-23 11:02:19,468 - scraper.selenium_scraper - INFO - Scraped tournament 20: YC Snooker Premier League 1.0
2026-04-23 11:02:19,468 - root - INFO - Successfully scraped 20 tournaments
2026-04-23 11:02:19,469 - root - INFO - Saved scraped data to /home/runner/work/super-player-auction-scraper/super-player-auction-scraper/data/tournament_data_20260423-110219.json
2026-04-23 11:02:19,469 - root - INFO - Initializing Graph API
2026-04-23 11:02:19,469 - excel.graph_api - INFO - Extracted file ID: 9e836ed5-f58f-4dc7-a969-3c62b255f3ea
2026-04-23 11:02:19,469 - excel.graph_api - INFO - Extracted site ID: CorpDevaaf94619130d4a79af9f3aeae502bdb5
2026-04-23 11:02:19,469 - root - INFO - Authenticating with Microsoft Graph API
2026-04-23 11:02:19,628 - excel.graph_api - INFO - Authentication successful
2026-04-23 11:02:19,628 - root - INFO - Updating Excel sheet with scraped data
2026-04-23 11:02:19,969 - excel.graph_api - INFO - Retrieved drive ID: b!MXUqfmBgAkyqAi_g7J1PO_6yKSWnHbZCs3mpe4EkYuX6d8izcdJxRb78S6OW5SIB
2026-04-23 11:02:21,932 - excel.graph_api - INFO - Retrieved 1509 rows from Excel
2026-04-23 11:02:23,169 - excel.graph_api - INFO - Updating range A1511:Y1511 with 1 new entries
2026-04-23 11:02:24,420 - excel.graph_api - INFO - Successfully added 1 new tournaments to Excel
2026-04-23 11:02:24,422 - root - INFO - Excel sheet updated successfully
2026-04-23 11:02:24,498 - scraper.selenium_scraper - INFO - Chrome driver closed
2026-04-23 11:02:24,498 - root - INFO - Selenium driver closed
2026-04-23 11:02:24,498 - root - INFO - Script execution completed
