2026-05-19 12:34:50,112 - root - INFO - Logger initialized successfully
2026-05-19 12:34:50,112 - root - INFO - Log file: /home/runner/work/super-player-auction-scraper/super-player-auction-scraper/logs/scraper_20260519_123450.log
2026-05-19 12:34:50,112 - root - INFO - Starting Super Player Auction scraper
2026-05-19 12:34:50,112 - utils.config - INFO - Credentials loaded from environment variables
2026-05-19 12:34:50,113 - utils.config - INFO - Settings loaded successfully
2026-05-19 12:34:50,113 - root - INFO - Initializing Selenium scraper
2026-05-19 12:34:50,113 - scraper.selenium_scraper - INFO - Running in GitHub Actions environment
2026-05-19 12:34:55,842 - scraper.selenium_scraper - INFO - Chrome driver initialized successfully
2026-05-19 12:34:55,842 - root - INFO - Scraping tournament data
2026-05-19 12:34:55,842 - scraper.selenium_scraper - INFO - Starting to scrape tournament data
2026-05-19 12:34:56,359 - scraper.selenium_scraper - INFO - Waiting for page to load...
2026-05-19 12:35:01,364 - scraper.selenium_scraper - INFO - Scrolling to load all auction cards...
2026-05-19 12:35:13,508 - scraper.selenium_scraper - INFO - Saved page screenshot to /home/runner/work/super-player-auction-scraper/super-player-auction-scraper/logs/screenshots/page_loaded_20260519123513.png
2026-05-19 12:35:13,508 - scraper.selenium_scraper - INFO - Looking for auction cards...
2026-05-19 12:35:13,530 - scraper.selenium_scraper - INFO - Found 20 auction cards
2026-05-19 12:35:14,255 - scraper.selenium_scraper - INFO - Scraped tournament 1: Resham Industries Pvt Ltd Presents - MYMCL 15
2026-05-19 12:35:14,950 - scraper.selenium_scraper - INFO - Scraped tournament 2: Nexion Pickleball Premier League
2026-05-19 12:35:15,664 - scraper.selenium_scraper - INFO - Scraped tournament 3: Hariprabodham Cricket League Season 4.0
2026-05-19 12:35:16,352 - scraper.selenium_scraper - INFO - Scraped tournament 4: DPL 6
2026-05-19 12:35:17,042 - scraper.selenium_scraper - INFO - Scraped tournament 5: DB CUP
2026-05-19 12:35:17,729 - scraper.selenium_scraper - INFO - Scraped tournament 6: CBBL 6 AUCTION
2026-05-19 12:35:18,424 - scraper.selenium_scraper - INFO - Scraped tournament 7: SUPER FOOTBALL CHAMPIONSHIP
2026-05-19 12:35:19,111 - scraper.selenium_scraper - INFO - Scraped tournament 8: REPUBLIC CUP 2.0
2026-05-19 12:35:19,799 - scraper.selenium_scraper - INFO - Scraped tournament 9: Auction Demo Jodi
2026-05-19 12:35:20,494 - scraper.selenium_scraper - INFO - Scraped tournament 10: Super Cricket League
2026-05-19 12:35:21,178 - scraper.selenium_scraper - INFO - Scraped tournament 11: SIKAR PREMIER LEAGUE 2025
2026-05-19 12:35:21,858 - scraper.selenium_scraper - INFO - Scraped tournament 12: BJP
2026-05-19 12:35:22,544 - scraper.selenium_scraper - INFO - Scraped tournament 13: SUPER LEAGUE GROUP
2026-05-19 12:35:23,227 - scraper.selenium_scraper - INFO - Scraped tournament 14: SUPER CRICKET LEAGUE
2026-05-19 12:35:23,912 - scraper.selenium_scraper - INFO - Scraped tournament 15: KAKYAN PREMIER LEAGUE
2026-05-19 12:35:24,598 - scraper.selenium_scraper - INFO - Scraped tournament 16: NARLAI GRAMIN AUCTION CRICKET LEAGUE 2026
2026-05-19 12:35:25,282 - scraper.selenium_scraper - INFO - Scraped tournament 17: સલડી પાટીદાર પ્રીમિયર લીગ 1.0
2026-05-19 12:35:25,975 - scraper.selenium_scraper - INFO - Scraped tournament 18: JOGALSAR PREMIER LEAGUE SEASON 5
2026-05-19 12:35:26,659 - scraper.selenium_scraper - INFO - Scraped tournament 19: DURGA GROUND CHAMPIONSHIP
2026-05-19 12:35:27,340 - scraper.selenium_scraper - INFO - Scraped tournament 20: NJM Family Box Cricket Cup 2026 - Season 04
2026-05-19 12:35:27,340 - root - INFO - Successfully scraped 20 tournaments
2026-05-19 12:35:27,341 - root - INFO - Saved scraped data to /home/runner/work/super-player-auction-scraper/super-player-auction-scraper/data/tournament_data_20260519-123527.json
2026-05-19 12:35:27,341 - root - INFO - Initializing Graph API
2026-05-19 12:35:27,341 - excel.graph_api - INFO - Extracted file ID: 9e836ed5-f58f-4dc7-a969-3c62b255f3ea
2026-05-19 12:35:27,341 - excel.graph_api - INFO - Extracted site ID: CorpDevaaf94619130d4a79af9f3aeae502bdb5
2026-05-19 12:35:27,341 - root - INFO - Authenticating with Microsoft Graph API
2026-05-19 12:35:27,663 - excel.graph_api - INFO - Authentication successful
2026-05-19 12:35:27,663 - root - INFO - Updating Excel sheet with scraped data
2026-05-19 12:35:28,258 - excel.graph_api - INFO - Retrieved drive ID: b!MXUqfmBgAkyqAi_g7J1PO_6yKSWnHbZCs3mpe4EkYuX6d8izcdJxRb78S6OW5SIB
2026-05-19 12:35:30,230 - excel.graph_api - INFO - Retrieved 1614 rows from Excel
2026-05-19 12:35:31,678 - excel.graph_api - INFO - Updating range A1616:Y1616 with 1 new entries
2026-05-19 12:35:32,813 - excel.graph_api - INFO - Successfully added 1 new tournaments to Excel
2026-05-19 12:35:32,815 - root - INFO - Excel sheet updated successfully
2026-05-19 12:35:32,890 - scraper.selenium_scraper - INFO - Chrome driver closed
2026-05-19 12:35:32,890 - root - INFO - Selenium driver closed
2026-05-19 12:35:32,891 - root - INFO - Script execution completed
