2026-04-16 16:17:11,117 - root - INFO - Logger initialized successfully
2026-04-16 16:17:11,117 - root - INFO - Log file: /home/runner/work/super-player-auction-scraper/super-player-auction-scraper/logs/scraper_20260416_161711.log
2026-04-16 16:17:11,117 - root - INFO - Starting Super Player Auction scraper
2026-04-16 16:17:11,117 - utils.config - INFO - Credentials loaded from environment variables
2026-04-16 16:17:11,117 - utils.config - INFO - Settings loaded successfully
2026-04-16 16:17:11,117 - root - INFO - Initializing Selenium scraper
2026-04-16 16:17:11,117 - scraper.selenium_scraper - INFO - Running in GitHub Actions environment
2026-04-16 16:17:12,870 - scraper.selenium_scraper - INFO - Chrome driver initialized successfully
2026-04-16 16:17:12,871 - root - INFO - Scraping tournament data
2026-04-16 16:17:12,871 - scraper.selenium_scraper - INFO - Starting to scrape tournament data
2026-04-16 16:17:13,155 - scraper.selenium_scraper - INFO - Waiting for page to load...
2026-04-16 16:17:18,161 - scraper.selenium_scraper - INFO - Scrolling to load all auction cards...
2026-04-16 16:17:30,288 - scraper.selenium_scraper - INFO - Saved page screenshot to /home/runner/work/super-player-auction-scraper/super-player-auction-scraper/logs/screenshots/page_loaded_20260416161730.png
2026-04-16 16:17:30,288 - scraper.selenium_scraper - INFO - Looking for auction cards...
2026-04-16 16:17:30,312 - scraper.selenium_scraper - INFO - Found 20 auction cards
2026-04-16 16:17:31,043 - scraper.selenium_scraper - INFO - Scraped tournament 1: Vagad Football League 2026
2026-04-16 16:17:31,759 - scraper.selenium_scraper - INFO - Scraped tournament 2: MGPL CRICKET TOURNAMENT
2026-04-16 16:17:32,451 - scraper.selenium_scraper - INFO - Scraped tournament 3: SmashIT v8, 2026
2026-04-16 16:17:33,143 - scraper.selenium_scraper - INFO - Scraped tournament 4: Chhattisgarh Cricket Champions League T20
2026-04-16 16:17:33,836 - scraper.selenium_scraper - INFO - Scraped tournament 5: ROHAT PREMIER LEAGUE
2026-04-16 16:17:34,528 - scraper.selenium_scraper - INFO - Scraped tournament 6: SUPER FOOTBALL CHAMPIONSHIP
2026-04-16 16:17:35,218 - scraper.selenium_scraper - INFO - Scraped tournament 7: Auction Demo Jodi
2026-04-16 16:17:35,914 - scraper.selenium_scraper - INFO - Scraped tournament 8: Super Cricket League
2026-04-16 16:17:36,650 - scraper.selenium_scraper - INFO - Scraped tournament 9: SIKAR PREMIER LEAGUE 2025
2026-04-16 16:17:37,356 - scraper.selenium_scraper - INFO - Scraped tournament 10: BJP
2026-04-16 16:17:38,060 - scraper.selenium_scraper - INFO - Scraped tournament 11: SUPER LEAGUE GROUP
2026-04-16 16:17:38,747 - scraper.selenium_scraper - INFO - Scraped tournament 12: SUPER CRICKET LEAGUE
2026-04-16 16:17:39,439 - scraper.selenium_scraper - INFO - Scraped tournament 13: Mohba Bazar Premier League Season 14
2026-04-16 16:17:40,128 - scraper.selenium_scraper - INFO - Scraped tournament 14: Rohtak Cricket League
2026-04-16 16:17:40,827 - scraper.selenium_scraper - INFO - Scraped tournament 15: Beyond Boundaries
2026-04-16 16:17:41,531 - scraper.selenium_scraper - INFO - Scraped tournament 16: Youth Premier League
2026-04-16 16:17:42,220 - scraper.selenium_scraper - INFO - Scraped tournament 17: SAM'S CRICKET TOURNAMENT
2026-04-16 16:17:42,918 - scraper.selenium_scraper - INFO - Scraped tournament 18: DAMAN TURF LEAGUE SEASON - 1
2026-04-16 16:17:43,625 - scraper.selenium_scraper - INFO - Scraped tournament 19: OTPL-2026
2026-04-16 16:17:44,319 - scraper.selenium_scraper - INFO - Scraped tournament 20: PANTHERS CUP
2026-04-16 16:17:44,320 - root - INFO - Successfully scraped 20 tournaments
2026-04-16 16:17:44,320 - root - INFO - Saved scraped data to /home/runner/work/super-player-auction-scraper/super-player-auction-scraper/data/tournament_data_20260416-161744.json
2026-04-16 16:17:44,320 - root - INFO - Initializing Graph API
2026-04-16 16:17:44,321 - excel.graph_api - INFO - Extracted file ID: 9e836ed5-f58f-4dc7-a969-3c62b255f3ea
2026-04-16 16:17:44,321 - excel.graph_api - INFO - Extracted site ID: CorpDevaaf94619130d4a79af9f3aeae502bdb5
2026-04-16 16:17:44,321 - root - INFO - Authenticating with Microsoft Graph API
2026-04-16 16:17:44,494 - excel.graph_api - INFO - Authentication successful
2026-04-16 16:17:44,494 - root - INFO - Updating Excel sheet with scraped data
2026-04-16 16:17:44,994 - excel.graph_api - INFO - Retrieved drive ID: b!MXUqfmBgAkyqAi_g7J1PO_6yKSWnHbZCs3mpe4EkYuX6d8izcdJxRb78S6OW5SIB
2026-04-16 16:17:50,801 - excel.graph_api - INFO - Retrieved 1483 rows from Excel
2026-04-16 16:17:55,384 - excel.graph_api - INFO - Updating range A1485:S1485 with 1 new entries
2026-04-16 16:18:00,063 - excel.graph_api - INFO - Successfully added 1 new tournaments to Excel
2026-04-16 16:18:00,065 - root - INFO - Excel sheet updated successfully
2026-04-16 16:18:00,142 - scraper.selenium_scraper - INFO - Chrome driver closed
2026-04-16 16:18:00,142 - root - INFO - Selenium driver closed
2026-04-16 16:18:00,142 - root - INFO - Script execution completed
