2025-08-07 10:16:13,028 - root - INFO - Logger initialized successfully
2025-08-07 10:16:13,028 - root - INFO - Log file: /home/runner/work/super-player-auction-scraper/super-player-auction-scraper/logs/scraper_20250807_101613.log
2025-08-07 10:16:13,028 - root - INFO - Starting Super Player Auction scraper
2025-08-07 10:16:13,029 - utils.config - INFO - Credentials loaded from environment variables
2025-08-07 10:16:13,029 - utils.config - INFO - Settings loaded successfully
2025-08-07 10:16:13,029 - root - INFO - Initializing Selenium scraper
2025-08-07 10:16:13,029 - scraper.selenium_scraper - INFO - Running in GitHub Actions environment
2025-08-07 10:16:14,386 - selenium.webdriver.common.selenium_manager - WARNING - The chromedriver version (138.0.7204.168) detected in PATH at /usr/bin/chromedriver might not be compatible with the detected chrome version (138.0.7204.168); currently, chromedriver 138.0.7204.183 is recommended for chrome 138.*, so it is advised to delete the driver in PATH and retry
2025-08-07 10:16:19,345 - scraper.selenium_scraper - INFO - Chrome driver initialized successfully
2025-08-07 10:16:19,345 - root - INFO - Scraping tournament data
2025-08-07 10:16:19,345 - scraper.selenium_scraper - INFO - Starting to scrape tournament data
2025-08-07 10:16:19,998 - scraper.selenium_scraper - INFO - Waiting for page to load...
2025-08-07 10:16:25,003 - scraper.selenium_scraper - INFO - Scrolling to load all auction cards...
2025-08-07 10:16:37,167 - scraper.selenium_scraper - INFO - Saved page screenshot to /home/runner/work/super-player-auction-scraper/super-player-auction-scraper/logs/screenshots/page_loaded_20250807101637.png
2025-08-07 10:16:37,167 - scraper.selenium_scraper - INFO - Looking for auction cards...
2025-08-07 10:16:37,195 - scraper.selenium_scraper - INFO - Found 20 auction cards
2025-08-07 10:16:37,915 - scraper.selenium_scraper - INFO - Scraped tournament 1: Professional Ground Cricket League Season 2
2025-08-07 10:16:38,616 - scraper.selenium_scraper - INFO - Scraped tournament 2: Bhatkal Pro Kabbadi League - DXB
2025-08-07 10:16:39,356 - scraper.selenium_scraper - INFO - Scraped tournament 3: Tekri Premier League
2025-08-07 10:16:40,052 - scraper.selenium_scraper - INFO - Scraped tournament 4: CMA ALUMNI CRICKET LEAGUE-4
2025-08-07 10:16:40,748 - scraper.selenium_scraper - INFO - Scraped tournament 5: NPL Series 2
2025-08-07 10:16:41,483 - scraper.selenium_scraper - INFO - Scraped tournament 6: UNITY CUP Series Season 2 (2025-26)
2025-08-07 10:16:42,180 - scraper.selenium_scraper - INFO - Scraped tournament 7: Canvas Warriors Cricket Carnival (CWCC),Season 1,2025
2025-08-07 10:16:42,883 - scraper.selenium_scraper - INFO - Scraped tournament 8: BPL SEASON 3
2025-08-07 10:16:43,581 - scraper.selenium_scraper - INFO - Scraped tournament 9: ArjunDMUP
2025-08-07 10:16:44,276 - scraper.selenium_scraper - INFO - Scraped tournament 10: CNN Riyad Season 1
2025-08-07 10:16:44,973 - scraper.selenium_scraper - INFO - Scraped tournament 11: JBCN CPL Season 4
2025-08-07 10:16:45,680 - scraper.selenium_scraper - INFO - Scraped tournament 12: BIG BASH LEAGUE
2025-08-07 10:16:46,371 - scraper.selenium_scraper - INFO - Scraped tournament 13: RAJANA CUP , RAJALDESAR 2025
2025-08-07 10:16:47,069 - scraper.selenium_scraper - INFO - Scraped tournament 14: SANDALWOOD PREMIER LEAGUE
2025-08-07 10:16:47,781 - scraper.selenium_scraper - INFO - Scraped tournament 15: LPL SEASON 4
2025-08-07 10:16:48,477 - scraper.selenium_scraper - INFO - Scraped tournament 16: SPORTS CORNER LEAGUE (SEASON-2)
2025-08-07 10:16:49,171 - scraper.selenium_scraper - INFO - Scraped tournament 17: Sikar Ka IPL 2025
2025-08-07 10:16:49,870 - scraper.selenium_scraper - INFO - Scraped tournament 18: Aanjana premier League Sardarpura (Rana)
2025-08-07 10:16:50,561 - scraper.selenium_scraper - INFO - Scraped tournament 19: Karnataka Rajatha Cup 2025
2025-08-07 10:16:51,271 - scraper.selenium_scraper - INFO - Scraped tournament 20: KASROD PREMIER LEAGUE FOOTBALL TOURNAMENT "2025" SEASON - 1
2025-08-07 10:16:51,271 - root - INFO - Successfully scraped 20 tournaments
2025-08-07 10:16:51,271 - root - INFO - Saved scraped data to /home/runner/work/super-player-auction-scraper/super-player-auction-scraper/data/tournament_data_20250807-101651.json
2025-08-07 10:16:51,272 - root - INFO - Initializing Graph API
2025-08-07 10:16:51,272 - excel.graph_api - INFO - Extracted file ID: 9e836ed5-f58f-4dc7-a969-3c62b255f3ea
2025-08-07 10:16:51,272 - excel.graph_api - INFO - Extracted site ID: CorpDevaaf94619130d4a79af9f3aeae502bdb5
2025-08-07 10:16:51,272 - root - INFO - Authenticating with Microsoft Graph API
2025-08-07 10:16:51,875 - excel.graph_api - INFO - Authentication successful
2025-08-07 10:16:51,875 - root - INFO - Updating Excel sheet with scraped data
2025-08-07 10:16:52,094 - excel.graph_api - INFO - Retrieved drive ID: b!MXUqfmBgAkyqAi_g7J1PO_6yKSWnHbZCs3mpe4EkYuX6d8izcdJxRb78S6OW5SIB
2025-08-07 10:16:53,133 - excel.graph_api - INFO - Retrieved 361 rows from Excel
2025-08-07 10:16:53,719 - excel.graph_api - INFO - Updating range A363:M364 with 2 new entries
2025-08-07 10:16:54,540 - excel.graph_api - INFO - Successfully added 2 new tournaments to Excel
2025-08-07 10:16:54,541 - root - INFO - Excel sheet updated successfully
2025-08-07 10:16:54,609 - scraper.selenium_scraper - INFO - Chrome driver closed
2025-08-07 10:16:54,609 - root - INFO - Selenium driver closed
2025-08-07 10:16:54,609 - root - INFO - Script execution completed
