2025-12-19 10:15:54,691 - root - INFO - Logger initialized successfully
2025-12-19 10:15:54,691 - root - INFO - Log file: /home/runner/work/super-player-auction-scraper/super-player-auction-scraper/logs/scraper_20251219_101554.log
2025-12-19 10:15:54,691 - root - INFO - Starting Super Player Auction scraper
2025-12-19 10:15:54,691 - utils.config - INFO - Credentials loaded from environment variables
2025-12-19 10:15:54,692 - utils.config - INFO - Settings loaded successfully
2025-12-19 10:15:54,692 - root - INFO - Initializing Selenium scraper
2025-12-19 10:15:54,692 - scraper.selenium_scraper - INFO - Running in GitHub Actions environment
2025-12-19 10:15:55,501 - selenium.webdriver.common.selenium_manager - WARNING - The chromedriver version (143.0.7499.42) detected in PATH at /usr/bin/chromedriver might not be compatible with the detected chrome version (143.0.7499.109); currently, chromedriver 143.0.7499.169 is recommended for chrome 143.*, so it is advised to delete the driver in PATH and retry
2025-12-19 10:16:00,413 - scraper.selenium_scraper - INFO - Chrome driver initialized successfully
2025-12-19 10:16:00,413 - root - INFO - Scraping tournament data
2025-12-19 10:16:00,413 - scraper.selenium_scraper - INFO - Starting to scrape tournament data
2025-12-19 10:16:01,348 - scraper.selenium_scraper - INFO - Waiting for page to load...
2025-12-19 10:16:06,350 - scraper.selenium_scraper - INFO - Scrolling to load all auction cards...
2025-12-19 10:16:18,487 - scraper.selenium_scraper - INFO - Saved page screenshot to /home/runner/work/super-player-auction-scraper/super-player-auction-scraper/logs/screenshots/page_loaded_20251219101618.png
2025-12-19 10:16:18,487 - scraper.selenium_scraper - INFO - Looking for auction cards...
2025-12-19 10:16:18,510 - scraper.selenium_scraper - INFO - Found 20 auction cards
2025-12-19 10:16:19,237 - scraper.selenium_scraper - INFO - Scraped tournament 1: SHIRUR PREMIER LEAGUE 2026
2025-12-19 10:16:19,956 - scraper.selenium_scraper - INFO - Scraped tournament 2: BANKURA MARWARI PREMIER LEAGUE
2025-12-19 10:16:20,650 - scraper.selenium_scraper - INFO - Scraped tournament 3: 45+ T20 Cricket League Season 8 2026
2025-12-19 10:16:21,342 - scraper.selenium_scraper - INFO - Scraped tournament 4: Marina Premier League
2025-12-19 10:16:22,034 - scraper.selenium_scraper - INFO - Scraped tournament 5: GVPL - 4
2025-12-19 10:16:22,731 - scraper.selenium_scraper - INFO - Scraped tournament 6: Sindhi Premier League 6.0
2025-12-19 10:16:23,423 - scraper.selenium_scraper - INFO - Scraped tournament 7: Sangam Sarees presents MYMCL-14
2025-12-19 10:16:24,115 - scraper.selenium_scraper - INFO - Scraped tournament 8: DADHICH PREMIER LEAGUE
2025-12-19 10:16:24,803 - scraper.selenium_scraper - INFO - Scraped tournament 9: Malnad Premier Badminton League
2025-12-19 10:16:25,492 - scraper.selenium_scraper - INFO - Scraped tournament 10: SCL
2025-12-19 10:16:26,189 - scraper.selenium_scraper - INFO - Scraped tournament 11: STALLIONS PREMIERE LEAGUE 2026 EDITION 8.0
2025-12-19 10:16:26,878 - scraper.selenium_scraper - INFO - Scraped tournament 12: Delta Football League
2025-12-19 10:16:27,567 - scraper.selenium_scraper - INFO - Scraped tournament 13: SIKAR PREMIER LEAGUE 2025
2025-12-19 10:16:28,263 - scraper.selenium_scraper - INFO - Scraped tournament 14: SUPER FOOTBALL CHAMPIONSHIP
2025-12-19 10:16:28,954 - scraper.selenium_scraper - INFO - Scraped tournament 15: Arjun DEMO
2025-12-19 10:16:29,642 - scraper.selenium_scraper - INFO - Scraped tournament 16: NET PLAY CHAMPIONSHIP 2026
2025-12-19 10:16:30,339 - scraper.selenium_scraper - INFO - Scraped tournament 17: Surya Prakash Premire League-7 Men's
2025-12-19 10:16:31,026 - scraper.selenium_scraper - INFO - Scraped tournament 18: Surya Prakash Premire League-7 Women's
2025-12-19 10:16:31,715 - scraper.selenium_scraper - INFO - Scraped tournament 19: APL 9.0
2025-12-19 10:16:32,412 - scraper.selenium_scraper - INFO - Scraped tournament 20: Veteran lions premier league-2026-VPL 3.O
2025-12-19 10:16:32,412 - root - INFO - Successfully scraped 20 tournaments
2025-12-19 10:16:32,413 - root - INFO - Saved scraped data to /home/runner/work/super-player-auction-scraper/super-player-auction-scraper/data/tournament_data_20251219-101632.json
2025-12-19 10:16:32,413 - root - INFO - Initializing Graph API
2025-12-19 10:16:32,413 - excel.graph_api - INFO - Extracted file ID: 9e836ed5-f58f-4dc7-a969-3c62b255f3ea
2025-12-19 10:16:32,413 - excel.graph_api - INFO - Extracted site ID: CorpDevaaf94619130d4a79af9f3aeae502bdb5
2025-12-19 10:16:32,413 - root - INFO - Authenticating with Microsoft Graph API
2025-12-19 10:16:32,794 - excel.graph_api - INFO - Authentication successful
2025-12-19 10:16:32,794 - root - INFO - Updating Excel sheet with scraped data
2025-12-19 10:16:33,705 - excel.graph_api - INFO - Retrieved drive ID: b!MXUqfmBgAkyqAi_g7J1PO_6yKSWnHbZCs3mpe4EkYuX6d8izcdJxRb78S6OW5SIB
2025-12-19 10:16:35,170 - excel.graph_api - INFO - Retrieved 890 rows from Excel
2025-12-19 10:16:37,193 - excel.graph_api - INFO - Updating range A892:M893 with 2 new entries
2025-12-19 10:16:38,192 - excel.graph_api - INFO - Successfully added 2 new tournaments to Excel
2025-12-19 10:16:38,193 - root - INFO - Excel sheet updated successfully
2025-12-19 10:16:38,261 - scraper.selenium_scraper - INFO - Chrome driver closed
2025-12-19 10:16:38,261 - root - INFO - Selenium driver closed
2025-12-19 10:16:38,261 - root - INFO - Script execution completed
