2025-12-04 10:17:20,691 - root - INFO - Logger initialized successfully
2025-12-04 10:17:20,692 - root - INFO - Log file: /home/runner/work/super-player-auction-scraper/super-player-auction-scraper/logs/scraper_20251204_101720.log
2025-12-04 10:17:20,692 - root - INFO - Starting Super Player Auction scraper
2025-12-04 10:17:20,692 - utils.config - INFO - Credentials loaded from environment variables
2025-12-04 10:17:20,692 - utils.config - INFO - Settings loaded successfully
2025-12-04 10:17:20,692 - root - INFO - Initializing Selenium scraper
2025-12-04 10:17:20,692 - scraper.selenium_scraper - INFO - Running in GitHub Actions environment
2025-12-04 10:17:33,150 - scraper.selenium_scraper - INFO - Chrome driver initialized successfully
2025-12-04 10:17:33,150 - root - INFO - Scraping tournament data
2025-12-04 10:17:33,150 - scraper.selenium_scraper - INFO - Starting to scrape tournament data
2025-12-04 10:17:34,264 - scraper.selenium_scraper - INFO - Waiting for page to load...
2025-12-04 10:17:39,269 - scraper.selenium_scraper - INFO - Scrolling to load all auction cards...
2025-12-04 10:17:51,526 - scraper.selenium_scraper - INFO - Saved page screenshot to /home/runner/work/super-player-auction-scraper/super-player-auction-scraper/logs/screenshots/page_loaded_20251204101751.png
2025-12-04 10:17:51,526 - scraper.selenium_scraper - INFO - Looking for auction cards...
2025-12-04 10:17:51,599 - scraper.selenium_scraper - INFO - Found 20 auction cards
2025-12-04 10:17:52,330 - scraper.selenium_scraper - INFO - Scraped tournament 1: CCL 2.0 PREMIER LEAGUE SEASON 1
2025-12-04 10:17:53,029 - scraper.selenium_scraper - INFO - Scraped tournament 2: Kroll Premier League 2026 Men's
2025-12-04 10:17:53,727 - scraper.selenium_scraper - INFO - Scraped tournament 3: Kroll Premier League 2026 Women's
2025-12-04 10:17:54,423 - scraper.selenium_scraper - INFO - Scraped tournament 4: Rotary KZ Cricket Season 2
2025-12-04 10:17:55,119 - scraper.selenium_scraper - INFO - Scraped tournament 5: BHIMA KOREGAON SHAURYA CHASHAK
2025-12-04 10:17:55,819 - scraper.selenium_scraper - INFO - Scraped tournament 6: Chhattisgarh Legends Premier League - 2025
2025-12-04 10:17:56,522 - scraper.selenium_scraper - INFO - Scraped tournament 7: TPL 2026
2025-12-04 10:17:57,213 - scraper.selenium_scraper - INFO - Scraped tournament 8: LATUR BADMINTON LEAGUE SEASON 2
2025-12-04 10:17:57,907 - scraper.selenium_scraper - INFO - Scraped tournament 9: Bhatkal Premier League - 2026
2025-12-04 10:17:58,603 - scraper.selenium_scraper - INFO - Scraped tournament 10: Sindhi Premier League 6.0
2025-12-04 10:17:59,302 - scraper.selenium_scraper - INFO - Scraped tournament 11: Brotherhood Youth Premier League Season-2 2025-26
2025-12-04 10:17:59,994 - scraper.selenium_scraper - INFO - Scraped tournament 12: ⁠RTPL 7.0
2025-12-04 10:18:00,686 - scraper.selenium_scraper - INFO - Scraped tournament 13: MORNING PREMIER LEAGUE SEASON 11
2025-12-04 10:18:01,398 - scraper.selenium_scraper - INFO - Scraped tournament 14: ECPL 2026
2025-12-04 10:18:02,096 - scraper.selenium_scraper - INFO - Scraped tournament 15: Streamify Cup Open Category
2025-12-04 10:18:02,789 - scraper.selenium_scraper - INFO - Scraped tournament 16: CHAMPIONS LEAGUE FOOTBALL SEASON 4
2025-12-04 10:18:03,483 - scraper.selenium_scraper - INFO - Scraped tournament 17: IHCL MEN
2025-12-04 10:18:04,178 - scraper.selenium_scraper - INFO - Scraped tournament 18: IHCL WOMEN
2025-12-04 10:18:04,878 - scraper.selenium_scraper - INFO - Scraped tournament 19: Delta Football League
2025-12-04 10:18:05,571 - scraper.selenium_scraper - INFO - Scraped tournament 20: TNPL PREMIER LEAGUE SEASON 4
2025-12-04 10:18:05,571 - root - INFO - Successfully scraped 20 tournaments
2025-12-04 10:18:05,572 - root - INFO - Saved scraped data to /home/runner/work/super-player-auction-scraper/super-player-auction-scraper/data/tournament_data_20251204-101805.json
2025-12-04 10:18:05,572 - root - INFO - Initializing Graph API
2025-12-04 10:18:05,572 - excel.graph_api - INFO - Extracted file ID: 9e836ed5-f58f-4dc7-a969-3c62b255f3ea
2025-12-04 10:18:05,572 - excel.graph_api - INFO - Extracted site ID: CorpDevaaf94619130d4a79af9f3aeae502bdb5
2025-12-04 10:18:05,572 - root - INFO - Authenticating with Microsoft Graph API
2025-12-04 10:18:05,850 - excel.graph_api - INFO - Authentication successful
2025-12-04 10:18:05,850 - root - INFO - Updating Excel sheet with scraped data
2025-12-04 10:18:06,278 - excel.graph_api - INFO - Retrieved drive ID: b!MXUqfmBgAkyqAi_g7J1PO_6yKSWnHbZCs3mpe4EkYuX6d8izcdJxRb78S6OW5SIB
2025-12-04 10:18:07,535 - excel.graph_api - INFO - Retrieved 795 rows from Excel
2025-12-04 10:18:08,613 - excel.graph_api - INFO - Updating range A797:M797 with 1 new entries
2025-12-04 10:18:09,985 - excel.graph_api - INFO - Successfully added 1 new tournaments to Excel
2025-12-04 10:18:09,986 - root - INFO - Excel sheet updated successfully
2025-12-04 10:18:10,067 - scraper.selenium_scraper - INFO - Chrome driver closed
2025-12-04 10:18:10,068 - root - INFO - Selenium driver closed
2025-12-04 10:18:10,068 - root - INFO - Script execution completed
