2026-04-08 10:51:21,010 - root - INFO - Logger initialized successfully
2026-04-08 10:51:21,010 - root - INFO - Log file: /home/runner/work/super-player-auction-scraper/super-player-auction-scraper/logs/scraper_20260408_105121.log
2026-04-08 10:51:21,010 - root - INFO - Starting Super Player Auction scraper
2026-04-08 10:51:21,010 - utils.config - INFO - Credentials loaded from environment variables
2026-04-08 10:51:21,010 - utils.config - INFO - Settings loaded successfully
2026-04-08 10:51:21,010 - root - INFO - Initializing Selenium scraper
2026-04-08 10:51:21,011 - scraper.selenium_scraper - INFO - Running in GitHub Actions environment
2026-04-08 10:51:30,644 - scraper.selenium_scraper - INFO - Chrome driver initialized successfully
2026-04-08 10:51:30,644 - root - INFO - Scraping tournament data
2026-04-08 10:51:30,644 - scraper.selenium_scraper - INFO - Starting to scrape tournament data
2026-04-08 10:51:31,882 - scraper.selenium_scraper - INFO - Waiting for page to load...
2026-04-08 10:51:36,887 - scraper.selenium_scraper - INFO - Scrolling to load all auction cards...
2026-04-08 10:51:49,026 - scraper.selenium_scraper - INFO - Saved page screenshot to /home/runner/work/super-player-auction-scraper/super-player-auction-scraper/logs/screenshots/page_loaded_20260408105148.png
2026-04-08 10:51:49,027 - scraper.selenium_scraper - INFO - Looking for auction cards...
2026-04-08 10:51:49,050 - scraper.selenium_scraper - INFO - Found 20 auction cards
2026-04-08 10:51:49,790 - scraper.selenium_scraper - INFO - Scraped tournament 1: Malayalam Community Cricket League -2026
2026-04-08 10:51:50,543 - scraper.selenium_scraper - INFO - Scraped tournament 2: AHILYANAGAR PREMIER LEAGUE U/16 (season 2)
2026-04-08 10:51:51,233 - scraper.selenium_scraper - INFO - Scraped tournament 3: WOMENS AHILYANAGAR PREMIER LEAGUE
2026-04-08 10:51:51,919 - scraper.selenium_scraper - INFO - Scraped tournament 4: Vagad Football League 2026
2026-04-08 10:51:52,607 - scraper.selenium_scraper - INFO - Scraped tournament 5: SmashIT v8, 2026
2026-04-08 10:51:53,295 - scraper.selenium_scraper - INFO - Scraped tournament 6: Chhattisgarh Cricket Champions League T20
2026-04-08 10:51:54,007 - scraper.selenium_scraper - INFO - Scraped tournament 7: ROHAT PREMIER LEAGUE
2026-04-08 10:51:54,699 - scraper.selenium_scraper - INFO - Scraped tournament 8: SUPER FOOTBALL CHAMPIONSHIP
2026-04-08 10:51:55,391 - scraper.selenium_scraper - INFO - Scraped tournament 9: REPUBLIC CUP 2.0
2026-04-08 10:51:56,083 - scraper.selenium_scraper - INFO - Scraped tournament 10: Super Cricket League
2026-04-08 10:51:56,780 - scraper.selenium_scraper - INFO - Scraped tournament 11: SIKAR PREMIER LEAGUE 2025
2026-04-08 10:51:57,468 - scraper.selenium_scraper - INFO - Scraped tournament 12: BJP
2026-04-08 10:51:58,157 - scraper.selenium_scraper - INFO - Scraped tournament 13: SUPER CRICKET LEAGUE - MAHIPAL
2026-04-08 10:51:58,846 - scraper.selenium_scraper - INFO - Scraped tournament 14: मेघवाल प्रीमियर लीग जयपुर आक्शन
2026-04-08 10:51:59,541 - scraper.selenium_scraper - INFO - Scraped tournament 15: TELUGU YUVA SAMITI LEAGUE
2026-04-08 10:52:00,232 - scraper.selenium_scraper - INFO - Scraped tournament 16: PANTHERS CUP
2026-04-08 10:52:00,920 - scraper.selenium_scraper - INFO - Scraped tournament 17: ઢાંગલા પટેલ પ્રિમિયર લીગ સિજન ૦૩
2026-04-08 10:52:01,607 - scraper.selenium_scraper - INFO - Scraped tournament 18: Panchdevi Cricket Tournament Season 2
2026-04-08 10:52:02,309 - scraper.selenium_scraper - INFO - Scraped tournament 19: Woods Premier League-2026 - Mens
2026-04-08 10:52:02,996 - scraper.selenium_scraper - INFO - Scraped tournament 20: Woods Premier League-2026 - Womens
2026-04-08 10:52:02,996 - root - INFO - Successfully scraped 20 tournaments
2026-04-08 10:52:02,996 - root - INFO - Saved scraped data to /home/runner/work/super-player-auction-scraper/super-player-auction-scraper/data/tournament_data_20260408-105202.json
2026-04-08 10:52:02,996 - root - INFO - Initializing Graph API
2026-04-08 10:52:02,997 - excel.graph_api - INFO - Extracted file ID: 9e836ed5-f58f-4dc7-a969-3c62b255f3ea
2026-04-08 10:52:02,997 - excel.graph_api - INFO - Extracted site ID: CorpDevaaf94619130d4a79af9f3aeae502bdb5
2026-04-08 10:52:02,997 - root - INFO - Authenticating with Microsoft Graph API
2026-04-08 10:52:03,252 - excel.graph_api - INFO - Authentication successful
2026-04-08 10:52:03,252 - root - INFO - Updating Excel sheet with scraped data
2026-04-08 10:52:03,683 - excel.graph_api - INFO - Retrieved drive ID: b!MXUqfmBgAkyqAi_g7J1PO_6yKSWnHbZCs3mpe4EkYuX6d8izcdJxRb78S6OW5SIB
2026-04-08 10:52:05,430 - excel.graph_api - INFO - Retrieved 1452 rows from Excel
2026-04-08 10:52:06,554 - excel.graph_api - INFO - No new tournaments to add
2026-04-08 10:52:06,555 - root - INFO - Excel sheet updated successfully
2026-04-08 10:52:06,633 - scraper.selenium_scraper - INFO - Chrome driver closed
2026-04-08 10:52:06,634 - root - INFO - Selenium driver closed
2026-04-08 10:52:06,634 - root - INFO - Script execution completed
