2025-05-21 12:06:26,268 - root - INFO - Logger initialized successfully
2025-05-21 12:06:26,269 - root - INFO - Log file: /home/runner/work/super-player-auction-scraper/super-player-auction-scraper/logs/scraper_20250521_120626.log
2025-05-21 12:06:26,269 - root - INFO - Starting Super Player Auction scraper
2025-05-21 12:06:26,269 - utils.config - INFO - Credentials loaded successfully from environment variables
2025-05-21 12:06:26,269 - utils.config - INFO - Settings loaded successfully
2025-05-21 12:06:26,269 - root - INFO - Initializing Selenium scraper
2025-05-21 12:06:26,269 - scraper.selenium_scraper - INFO - Running in GitHub Actions environment
2025-05-21 12:06:26,742 - selenium.webdriver.common.selenium_manager - WARNING - The chromedriver version (136.0.7103.92) detected in PATH at /usr/bin/chromedriver might not be compatible with the detected chrome version (136.0.7103.92); currently, chromedriver 136.0.7103.94 is recommended for chrome 136.*, so it is advised to delete the driver in PATH and retry
2025-05-21 12:06:28,042 - scraper.selenium_scraper - INFO - Chrome driver initialized successfully
2025-05-21 12:06:28,042 - root - INFO - Scraping tournament data
2025-05-21 12:06:28,042 - scraper.selenium_scraper - INFO - Starting to scrape tournament data
2025-05-21 12:06:28,481 - scraper.selenium_scraper - INFO - Waiting for page to load...
2025-05-21 12:06:33,486 - scraper.selenium_scraper - INFO - Scrolling to load all auction cards...
2025-05-21 12:06:46,008 - scraper.selenium_scraper - INFO - Saved page screenshot to /home/runner/work/super-player-auction-scraper/super-player-auction-scraper/logs/screenshots/page_loaded_20250521120645.png
2025-05-21 12:06:46,008 - scraper.selenium_scraper - INFO - Looking for auction cards...
2025-05-21 12:06:46,041 - scraper.selenium_scraper - INFO - Found 20 auction cards
2025-05-21 12:06:46,763 - scraper.selenium_scraper - INFO - Scraped tournament 1: Hariprabodham Premier League
2025-05-21 12:06:47,469 - scraper.selenium_scraper - INFO - Scraped tournament 2: MARC Malappuram Premier league S2
2025-05-21 12:06:48,178 - scraper.selenium_scraper - INFO - Scraped tournament 3: ArjunDMUP
2025-05-21 12:06:48,873 - scraper.selenium_scraper - INFO - Scraped tournament 4: PALAKKAD CRICKET LEAGUE
2025-05-21 12:06:49,568 - scraper.selenium_scraper - INFO - Scraped tournament 5: EᒪITE ᑕᖇIᑕKET ᑕᕼᗩᗰᑭIOᑎᔕᕼIᑭ
2025-05-21 12:06:50,264 - scraper.selenium_scraper - INFO - Scraped tournament 6: Hariprabodham Parivar Cricket League
2025-05-21 12:06:50,968 - scraper.selenium_scraper - INFO - Scraped tournament 7: JSG Elite Multi-Sports
2025-05-21 12:06:51,669 - scraper.selenium_scraper - INFO - Scraped tournament 8: RJ54 CRICKET LEAGUE SEASON 2
2025-05-21 12:06:52,366 - scraper.selenium_scraper - INFO - Scraped tournament 9: APL 2025
2025-05-21 12:06:53,064 - scraper.selenium_scraper - INFO - Scraped tournament 10: PKPPL Season 06
2025-05-21 12:06:53,756 - scraper.selenium_scraper - INFO - Scraped tournament 11: MPL Mega Auction
2025-05-21 12:06:54,458 - scraper.selenium_scraper - INFO - Scraped tournament 12: Bhatgram Premier League
2025-05-21 12:06:55,166 - scraper.selenium_scraper - INFO - Scraped tournament 13: TITAN LEAGUE GRAND SEASON 3
2025-05-21 12:06:55,857 - scraper.selenium_scraper - INFO - Scraped tournament 14: SUPER LEAGUE
2025-05-21 12:06:56,566 - scraper.selenium_scraper - INFO - Scraped tournament 15: TITAN LEAGUE GRAND SEASON 3
2025-05-21 12:06:57,264 - scraper.selenium_scraper - INFO - Scraped tournament 16: Indian Premier League Auction 2025
2025-05-21 12:06:57,967 - scraper.selenium_scraper - INFO - Scraped tournament 17: Amar Ujala Premier League
2025-05-21 12:06:58,669 - scraper.selenium_scraper - INFO - Scraped tournament 18: Kakina Super League-2025
2025-05-21 12:06:59,360 - scraper.selenium_scraper - INFO - Scraped tournament 19: Hpl
2025-05-21 12:07:00,050 - scraper.selenium_scraper - INFO - Scraped tournament 20: FABLEAGUE PREMIER
2025-05-21 12:07:00,050 - root - INFO - Successfully scraped 20 tournaments
2025-05-21 12:07:00,051 - root - INFO - Saved scraped data to /home/runner/work/super-player-auction-scraper/super-player-auction-scraper/data/tournament_data_20250521-120700.json
2025-05-21 12:07:00,051 - root - INFO - Initializing Graph API
2025-05-21 12:07:00,051 - excel.graph_api - INFO - Extracted file ID: 9e836ed5-f58f-4dc7-a969-3c62b255f3ea
2025-05-21 12:07:00,051 - excel.graph_api - INFO - Extracted site ID: CorpDevaaf94619130d4a79af9f3aeae502bdb5
2025-05-21 12:07:00,051 - root - INFO - Authenticating with Microsoft Graph API
2025-05-21 12:07:00,496 - excel.graph_api - ERROR - Error during authentication: Unable to get authority configuration for https://login.microsoftonline.com/9270a5a3-8e0d-41bd-9cc3-dc25495ff3ac. Authority would typically be in a format of https://login.microsoftonline.com/your_tenant Also please double check your tenant name or GUID is correct.
2025-05-21 12:07:00,496 - root - ERROR - Failed to authenticate with Microsoft Graph API
2025-05-21 12:07:00,568 - scraper.selenium_scraper - INFO - Chrome driver closed
2025-05-21 12:07:00,568 - root - INFO - Selenium driver closed
2025-05-21 12:07:00,568 - root - INFO - Script execution completed
