2026-01-07 15:17:21,010 - root - INFO - Logger initialized successfully
2026-01-07 15:17:21,010 - root - INFO - Log file: /home/runner/work/super-player-auction-scraper/super-player-auction-scraper/logs/scraper_20260107_151721.log
2026-01-07 15:17:21,010 - root - INFO - Starting Super Player Auction scraper
2026-01-07 15:17:21,010 - utils.config - INFO - Credentials loaded from environment variables
2026-01-07 15:17:21,010 - utils.config - INFO - Settings loaded successfully
2026-01-07 15:17:21,010 - root - INFO - Initializing Selenium scraper
2026-01-07 15:17:21,010 - scraper.selenium_scraper - INFO - Running in GitHub Actions environment
2026-01-07 15:17:25,862 - selenium.webdriver.common.selenium_manager - WARNING - The chromedriver version (143.0.7499.42) detected in PATH at /usr/bin/chromedriver might not be compatible with the detected chrome version (143.0.7499.109); currently, chromedriver 143.0.7499.192 is recommended for chrome 143.*, so it is advised to delete the driver in PATH and retry
2026-01-07 15:17:46,388 - scraper.selenium_scraper - INFO - Chrome driver initialized successfully
2026-01-07 15:17:46,389 - root - INFO - Scraping tournament data
2026-01-07 15:17:46,389 - scraper.selenium_scraper - INFO - Starting to scrape tournament data
2026-01-07 15:17:48,442 - scraper.selenium_scraper - INFO - Waiting for page to load...
2026-01-07 15:17:53,443 - scraper.selenium_scraper - INFO - Scrolling to load all auction cards...
2026-01-07 15:18:05,667 - scraper.selenium_scraper - INFO - Saved page screenshot to /home/runner/work/super-player-auction-scraper/super-player-auction-scraper/logs/screenshots/page_loaded_20260107151805.png
2026-01-07 15:18:05,668 - scraper.selenium_scraper - INFO - Looking for auction cards...
2026-01-07 15:18:05,705 - scraper.selenium_scraper - INFO - Found 20 auction cards
2026-01-07 15:18:06,446 - scraper.selenium_scraper - INFO - Scraped tournament 1: PARAKRAM 7.0
2026-01-07 15:18:07,392 - scraper.selenium_scraper - INFO - Scraped tournament 2: SURA HPL 9 - MENS
2026-01-07 15:18:08,105 - scraper.selenium_scraper - INFO - Scraped tournament 3: GPL 2026
2026-01-07 15:18:08,812 - scraper.selenium_scraper - INFO - Scraped tournament 4: SPSV Cricket League 2026
2026-01-07 15:18:09,524 - scraper.selenium_scraper - INFO - Scraped tournament 5: Sindhi Premier League 6.0
2026-01-07 15:18:10,242 - scraper.selenium_scraper - INFO - Scraped tournament 6: Jolly Premier League-2026
2026-01-07 15:18:10,959 - scraper.selenium_scraper - INFO - Scraped tournament 7: ABPL - Season 5 | 2026 | Auction
2026-01-07 15:18:11,669 - scraper.selenium_scraper - INFO - Scraped tournament 8: SIKAR PREMIER LEAGUE 2025
2026-01-07 15:18:12,385 - scraper.selenium_scraper - INFO - Scraped tournament 9: SUPER FOOTBALL CHAMPIONSHIP
2026-01-07 15:18:13,099 - scraper.selenium_scraper - INFO - Scraped tournament 10: JITO LADIES PREMIER LEAGUE
2026-01-07 15:18:13,808 - scraper.selenium_scraper - INFO - Scraped tournament 11: Legend Premier League Moirabari
2026-01-07 15:18:14,512 - scraper.selenium_scraper - INFO - Scraped tournament 12: GANGANI PRIMIYAR LING AUCTION
2026-01-07 15:18:15,217 - scraper.selenium_scraper - INFO - Scraped tournament 13: IMPERIAL HPL 9 - WOMENS
2026-01-07 15:18:15,918 - scraper.selenium_scraper - INFO - Scraped tournament 14: Wcl2026
2026-01-07 15:18:16,621 - scraper.selenium_scraper - INFO - Scraped tournament 15: GNPL SEASON - 4
2026-01-07 15:18:17,397 - scraper.selenium_scraper - INFO - Scraped tournament 16: SCL WOMEN'S
2026-01-07 15:18:18,100 - scraper.selenium_scraper - INFO - Scraped tournament 17: ORCHID TURF LEAGUE SEASON 9
2026-01-07 15:18:18,815 - scraper.selenium_scraper - INFO - Scraped tournament 18: ROYAL PREMIER LEAGUE
2026-01-07 15:18:19,525 - scraper.selenium_scraper - INFO - Scraped tournament 19: Gorakhpur T10 Champions league
2026-01-07 15:18:20,236 - scraper.selenium_scraper - INFO - Scraped tournament 20: SPL SEASON 4
2026-01-07 15:18:20,236 - root - INFO - Successfully scraped 20 tournaments
2026-01-07 15:18:20,236 - root - INFO - Saved scraped data to /home/runner/work/super-player-auction-scraper/super-player-auction-scraper/data/tournament_data_20260107-151820.json
2026-01-07 15:18:20,236 - root - INFO - Initializing Graph API
2026-01-07 15:18:20,237 - excel.graph_api - INFO - Extracted file ID: 9e836ed5-f58f-4dc7-a969-3c62b255f3ea
2026-01-07 15:18:20,237 - excel.graph_api - INFO - Extracted site ID: CorpDevaaf94619130d4a79af9f3aeae502bdb5
2026-01-07 15:18:20,237 - root - INFO - Authenticating with Microsoft Graph API
2026-01-07 15:18:20,765 - excel.graph_api - INFO - Authentication successful
2026-01-07 15:18:20,765 - root - INFO - Updating Excel sheet with scraped data
2026-01-07 15:18:20,985 - excel.graph_api - INFO - Retrieved drive ID: b!MXUqfmBgAkyqAi_g7J1PO_6yKSWnHbZCs3mpe4EkYuX6d8izcdJxRb78S6OW5SIB
2026-01-07 15:18:22,338 - excel.graph_api - INFO - Retrieved 1021 rows from Excel
2026-01-07 15:18:23,093 - excel.graph_api - INFO - Updating range A1023:M1023 with 1 new entries
2026-01-07 15:18:24,297 - excel.graph_api - INFO - Successfully added 1 new tournaments to Excel
2026-01-07 15:18:24,298 - root - INFO - Excel sheet updated successfully
2026-01-07 15:18:24,369 - scraper.selenium_scraper - INFO - Chrome driver closed
2026-01-07 15:18:24,369 - root - INFO - Selenium driver closed
2026-01-07 15:18:24,369 - root - INFO - Script execution completed
