2025-06-23 10:16:27,111 - root - INFO - Logger initialized successfully
2025-06-23 10:16:27,111 - root - INFO - Log file: /home/runner/work/super-player-auction-scraper/super-player-auction-scraper/logs/scraper_20250623_101627.log
2025-06-23 10:16:27,111 - root - INFO - Starting Super Player Auction scraper
2025-06-23 10:16:27,111 - utils.config - INFO - Credentials loaded from environment variables
2025-06-23 10:16:27,111 - utils.config - INFO - Settings loaded successfully
2025-06-23 10:16:27,111 - root - INFO - Initializing Selenium scraper
2025-06-23 10:16:27,111 - scraper.selenium_scraper - INFO - Running in GitHub Actions environment
2025-06-23 10:16:30,039 - selenium.webdriver.common.selenium_manager - WARNING - The chromedriver version (137.0.7151.70) detected in PATH at /usr/bin/chromedriver might not be compatible with the detected chrome version (137.0.7151.103); currently, chromedriver 137.0.7151.119 is recommended for chrome 137.*, so it is advised to delete the driver in PATH and retry
2025-06-23 10:16:44,000 - scraper.selenium_scraper - INFO - Chrome driver initialized successfully
2025-06-23 10:16:44,000 - root - INFO - Scraping tournament data
2025-06-23 10:16:44,000 - scraper.selenium_scraper - INFO - Starting to scrape tournament data
2025-06-23 10:16:45,623 - scraper.selenium_scraper - INFO - Waiting for page to load...
2025-06-23 10:16:50,628 - scraper.selenium_scraper - INFO - Scrolling to load all auction cards...
2025-06-23 10:17:02,803 - scraper.selenium_scraper - INFO - Saved page screenshot to /home/runner/work/super-player-auction-scraper/super-player-auction-scraper/logs/screenshots/page_loaded_20250623101702.png
2025-06-23 10:17:02,803 - scraper.selenium_scraper - INFO - Looking for auction cards...
2025-06-23 10:17:02,856 - scraper.selenium_scraper - INFO - Found 20 auction cards
2025-06-23 10:17:03,616 - scraper.selenium_scraper - INFO - Scraped tournament 1: Design Incredibowl
2025-06-23 10:17:04,335 - scraper.selenium_scraper - INFO - Scraped tournament 2: Tekri Premier League
2025-06-23 10:17:05,162 - scraper.selenium_scraper - INFO - Scraped tournament 3: PALAKKAD CRICKET LEAGUE
2025-06-23 10:17:05,886 - scraper.selenium_scraper - INFO - Scraped tournament 4: ArjunDMUP
2025-06-23 10:17:06,604 - scraper.selenium_scraper - INFO - Scraped tournament 5: FGL - FCC GULF LEAGUE 2025
2025-06-23 10:17:07,322 - scraper.selenium_scraper - INFO - Scraped tournament 6: Deedar Premier League
2025-06-23 10:17:08,050 - scraper.selenium_scraper - INFO - Scraped tournament 7: Petlurivaripalm Premier League Season -1
2025-06-23 10:17:08,768 - scraper.selenium_scraper - INFO - Scraped tournament 8: Dholi Samaj Premiere League Sisseion-2
2025-06-23 10:17:09,487 - scraper.selenium_scraper - INFO - Scraped tournament 9: Devmanpur Premier League
2025-06-23 10:17:10,198 - scraper.selenium_scraper - INFO - Scraped tournament 10: Mansoon Trophy
2025-06-23 10:17:10,936 - scraper.selenium_scraper - INFO - Scraped tournament 11: VTPL
2025-06-23 10:17:11,653 - scraper.selenium_scraper - INFO - Scraped tournament 12: CHERKALA CRICKET LEAGUE
2025-06-23 10:17:12,378 - scraper.selenium_scraper - INFO - Scraped tournament 13: Washington T10 Cricket Cup - 2025
2025-06-23 10:17:13,103 - scraper.selenium_scraper - INFO - Scraped tournament 14: CRICKET STARS TOURNAMENT
2025-06-23 10:17:13,816 - scraper.selenium_scraper - INFO - Scraped tournament 15: KPL
2025-06-23 10:17:14,534 - scraper.selenium_scraper - INFO - Scraped tournament 16: Zafaryab PVT LTD
2025-06-23 10:17:15,248 - scraper.selenium_scraper - INFO - Scraped tournament 17: Kpl Auction
2025-06-23 10:17:15,961 - scraper.selenium_scraper - INFO - Scraped tournament 18: Nepali Premier League Melbourne
2025-06-23 10:17:16,682 - scraper.selenium_scraper - INFO - Scraped tournament 19: HYNISH CRICKET PREMIER LEAGUE SEASON-4
2025-06-23 10:17:17,398 - scraper.selenium_scraper - INFO - Scraped tournament 20: National premier league season 3 Player Auction
2025-06-23 10:17:17,398 - root - INFO - Successfully scraped 20 tournaments
2025-06-23 10:17:17,399 - root - INFO - Saved scraped data to /home/runner/work/super-player-auction-scraper/super-player-auction-scraper/data/tournament_data_20250623-101717.json
2025-06-23 10:17:17,399 - root - INFO - Initializing Graph API
2025-06-23 10:17:17,400 - excel.graph_api - INFO - Extracted file ID: 9e836ed5-f58f-4dc7-a969-3c62b255f3ea
2025-06-23 10:17:17,400 - excel.graph_api - INFO - Extracted site ID: CorpDevaaf94619130d4a79af9f3aeae502bdb5
2025-06-23 10:17:17,400 - root - INFO - Authenticating with Microsoft Graph API
2025-06-23 10:17:17,663 - excel.graph_api - INFO - Authentication successful
2025-06-23 10:17:17,663 - root - INFO - Updating Excel sheet with scraped data
2025-06-23 10:17:17,878 - excel.graph_api - INFO - Retrieved drive ID: b!MXUqfmBgAkyqAi_g7J1PO_6yKSWnHbZCs3mpe4EkYuX6d8izcdJxRb78S6OW5SIB
2025-06-23 10:17:19,056 - excel.graph_api - INFO - Retrieved 233 rows from Excel
2025-06-23 10:17:19,708 - excel.graph_api - INFO - Updating range A235:M236 with 2 new entries
2025-06-23 10:17:20,496 - excel.graph_api - INFO - Successfully added 2 new tournaments to Excel
2025-06-23 10:17:20,499 - root - INFO - Excel sheet updated successfully
2025-06-23 10:17:20,575 - scraper.selenium_scraper - INFO - Chrome driver closed
2025-06-23 10:17:20,576 - root - INFO - Selenium driver closed
2025-06-23 10:17:20,576 - root - INFO - Script execution completed
