2025-08-21 10:14:33,252 - root - INFO - Logger initialized successfully
2025-08-21 10:14:33,252 - root - INFO - Log file: /home/runner/work/super-player-auction-scraper/super-player-auction-scraper/logs/scraper_20250821_101433.log
2025-08-21 10:14:33,252 - root - INFO - Starting Super Player Auction scraper
2025-08-21 10:14:33,253 - utils.config - INFO - Credentials loaded from environment variables
2025-08-21 10:14:33,253 - utils.config - INFO - Settings loaded successfully
2025-08-21 10:14:33,253 - root - INFO - Initializing Selenium scraper
2025-08-21 10:14:33,253 - scraper.selenium_scraper - INFO - Running in GitHub Actions environment
2025-08-21 10:14:35,597 - selenium.webdriver.common.selenium_manager - WARNING - The chromedriver version (139.0.7258.68) detected in PATH at /usr/bin/chromedriver might not be compatible with the detected chrome version (139.0.7258.127); currently, chromedriver 139.0.7258.138 is recommended for chrome 139.*, so it is advised to delete the driver in PATH and retry
2025-08-21 10:14:43,958 - scraper.selenium_scraper - INFO - Chrome driver initialized successfully
2025-08-21 10:14:43,958 - root - INFO - Scraping tournament data
2025-08-21 10:14:43,958 - scraper.selenium_scraper - INFO - Starting to scrape tournament data
2025-08-21 10:14:45,726 - scraper.selenium_scraper - INFO - Waiting for page to load...
2025-08-21 10:14:50,731 - scraper.selenium_scraper - INFO - Scrolling to load all auction cards...
2025-08-21 10:15:02,874 - scraper.selenium_scraper - INFO - Saved page screenshot to /home/runner/work/super-player-auction-scraper/super-player-auction-scraper/logs/screenshots/page_loaded_20250821101502.png
2025-08-21 10:15:02,874 - scraper.selenium_scraper - INFO - Looking for auction cards...
2025-08-21 10:15:02,909 - scraper.selenium_scraper - INFO - Found 20 auction cards
2025-08-21 10:15:03,628 - scraper.selenium_scraper - INFO - Scraped tournament 1: APL-6
2025-08-21 10:15:04,315 - scraper.selenium_scraper - INFO - Scraped tournament 2: Canvas Warriors Cricket Carnival (CWCC),Season 1,2025
2025-08-21 10:15:05,065 - scraper.selenium_scraper - INFO - Scraped tournament 3: KHIJADIYA RAMATOTSAV 2.0 2025
2025-08-21 10:15:05,752 - scraper.selenium_scraper - INFO - Scraped tournament 4: NPL Titan Cup
2025-08-21 10:15:06,437 - scraper.selenium_scraper - INFO - Scraped tournament 5: MPL SEASON- 2
2025-08-21 10:15:07,124 - scraper.selenium_scraper - INFO - Scraped tournament 6: Friendship Cup Season 6
2025-08-21 10:15:07,811 - scraper.selenium_scraper - INFO - Scraped tournament 7: DOXA CRICKET LEAGUE 2025 PLAYERS ALLOCATION
2025-08-21 10:15:08,497 - scraper.selenium_scraper - INFO - Scraped tournament 8: Agarwal Premier League 2025
2025-08-21 10:15:09,185 - scraper.selenium_scraper - INFO - Scraped tournament 9: BPL SEASON 3
2025-08-21 10:15:09,881 - scraper.selenium_scraper - INFO - Scraped tournament 10: ArjunDMUP
2025-08-21 10:15:10,579 - scraper.selenium_scraper - INFO - Scraped tournament 11: MAHARAJA AGRASEN PREMIER LEAGUE
2025-08-21 10:15:11,272 - scraper.selenium_scraper - INFO - Scraped tournament 12: INDIRANAGAR CLUB SNOOKER AND SLOSH LEAGUE
2025-08-21 10:15:11,956 - scraper.selenium_scraper - INFO - Scraped tournament 13: BOX CRICKET TURNAMENT JODHPUR
2025-08-21 10:15:12,645 - scraper.selenium_scraper - INFO - Scraped tournament 14: MR Cricket League Season 2
2025-08-21 10:15:13,345 - scraper.selenium_scraper - INFO - Scraped tournament 15: RAIPUR SILVER PREMIER LEAGUE
2025-08-21 10:15:14,028 - scraper.selenium_scraper - INFO - Scraped tournament 16: SIKAR PREMIER LEAGUE 2025
2025-08-21 10:15:14,712 - scraper.selenium_scraper - INFO - Scraped tournament 17: SPORTS CORNER LEAGUE (SEASON-2)
2025-08-21 10:15:15,395 - scraper.selenium_scraper - INFO - Scraped tournament 18: BIG BASH LEAGUE
2025-08-21 10:15:16,078 - scraper.selenium_scraper - INFO - Scraped tournament 19: SIKAR PREMIER LEAGUE 2025
2025-08-21 10:15:16,761 - scraper.selenium_scraper - INFO - Scraped tournament 20: BALUNDA PREMIER LEAGUE - 2
2025-08-21 10:15:16,761 - root - INFO - Successfully scraped 20 tournaments
2025-08-21 10:15:16,762 - root - INFO - Saved scraped data to /home/runner/work/super-player-auction-scraper/super-player-auction-scraper/data/tournament_data_20250821-101516.json
2025-08-21 10:15:16,762 - root - INFO - Initializing Graph API
2025-08-21 10:15:16,762 - excel.graph_api - INFO - Extracted file ID: 9e836ed5-f58f-4dc7-a969-3c62b255f3ea
2025-08-21 10:15:16,762 - excel.graph_api - INFO - Extracted site ID: CorpDevaaf94619130d4a79af9f3aeae502bdb5
2025-08-21 10:15:16,762 - root - INFO - Authenticating with Microsoft Graph API
2025-08-21 10:15:16,955 - excel.graph_api - INFO - Authentication successful
2025-08-21 10:15:16,955 - root - INFO - Updating Excel sheet with scraped data
2025-08-21 10:15:17,467 - excel.graph_api - INFO - Retrieved drive ID: b!MXUqfmBgAkyqAi_g7J1PO_6yKSWnHbZCs3mpe4EkYuX6d8izcdJxRb78S6OW5SIB
2025-08-21 10:15:19,453 - excel.graph_api - INFO - Retrieved 401 rows from Excel
2025-08-21 10:15:20,164 - excel.graph_api - INFO - Updating range A403:M406 with 4 new entries
2025-08-21 10:15:21,076 - excel.graph_api - INFO - Successfully added 4 new tournaments to Excel
2025-08-21 10:15:21,078 - root - INFO - Excel sheet updated successfully
2025-08-21 10:15:21,145 - scraper.selenium_scraper - INFO - Chrome driver closed
2025-08-21 10:15:21,145 - root - INFO - Selenium driver closed
2025-08-21 10:15:21,145 - root - INFO - Script execution completed
