2026-05-14 16:56:13,118 - root - INFO - Logger initialized successfully
2026-05-14 16:56:13,118 - root - INFO - Log file: /home/runner/work/super-player-auction-scraper/super-player-auction-scraper/logs/scraper_20260514_165613.log
2026-05-14 16:56:13,118 - root - INFO - Starting Super Player Auction scraper
2026-05-14 16:56:13,118 - utils.config - INFO - Credentials loaded from environment variables
2026-05-14 16:56:13,119 - utils.config - INFO - Settings loaded successfully
2026-05-14 16:56:13,119 - root - INFO - Initializing Selenium scraper
2026-05-14 16:56:13,119 - scraper.selenium_scraper - INFO - Running in GitHub Actions environment
2026-05-14 16:56:13,695 - selenium.webdriver.common.selenium_manager - WARNING - The chromedriver version (147.0.7727.56) detected in PATH at /usr/bin/chromedriver might not be compatible with the detected chrome version (147.0.7727.55); currently, chromedriver 147.0.7727.117 is recommended for chrome 147.*, so it is advised to delete the driver in PATH and retry
2026-05-14 16:56:25,744 - scraper.selenium_scraper - INFO - Chrome driver initialized successfully
2026-05-14 16:56:25,744 - root - INFO - Scraping tournament data
2026-05-14 16:56:25,744 - scraper.selenium_scraper - INFO - Starting to scrape tournament data
2026-05-14 16:56:26,769 - scraper.selenium_scraper - INFO - Waiting for page to load...
2026-05-14 16:56:31,774 - scraper.selenium_scraper - INFO - Scrolling to load all auction cards...
2026-05-14 16:56:43,900 - scraper.selenium_scraper - INFO - Saved page screenshot to /home/runner/work/super-player-auction-scraper/super-player-auction-scraper/logs/screenshots/page_loaded_20260514165643.png
2026-05-14 16:56:43,900 - scraper.selenium_scraper - INFO - Looking for auction cards...
2026-05-14 16:56:43,944 - scraper.selenium_scraper - INFO - Found 20 auction cards
2026-05-14 16:56:44,665 - scraper.selenium_scraper - INFO - Scraped tournament 1: SCL MANALI
2026-05-14 16:56:45,498 - scraper.selenium_scraper - INFO - Scraped tournament 2: NIWEC BADMINTON PREMIER LEAGUE
2026-05-14 16:56:46,184 - scraper.selenium_scraper - INFO - Scraped tournament 3: Inside Edge Premier League Season -1
2026-05-14 16:56:46,870 - scraper.selenium_scraper - INFO - Scraped tournament 4: Nexion Pickleball Premier League
2026-05-14 16:56:47,558 - scraper.selenium_scraper - INFO - Scraped tournament 5: Hariprabodham Cricket League Season 4.0
2026-05-14 16:56:48,244 - scraper.selenium_scraper - INFO - Scraped tournament 6: DPL 6
2026-05-14 16:56:48,930 - scraper.selenium_scraper - INFO - Scraped tournament 7: SUPER FOOTBALL CHAMPIONSHIP
2026-05-14 16:56:49,617 - scraper.selenium_scraper - INFO - Scraped tournament 8: REPUBLIC CUP 2.0
2026-05-14 16:56:50,299 - scraper.selenium_scraper - INFO - Scraped tournament 9: Auction Demo Jodi
2026-05-14 16:56:50,984 - scraper.selenium_scraper - INFO - Scraped tournament 10: Super Cricket League
2026-05-14 16:56:51,675 - scraper.selenium_scraper - INFO - Scraped tournament 11: SIKAR PREMIER LEAGUE 2025
2026-05-14 16:56:52,357 - scraper.selenium_scraper - INFO - Scraped tournament 12: BJP
2026-05-14 16:56:53,040 - scraper.selenium_scraper - INFO - Scraped tournament 13: SUPER LEAGUE GROUP
2026-05-14 16:56:53,723 - scraper.selenium_scraper - INFO - Scraped tournament 14: SUPER CRICKET LEAGUE
2026-05-14 16:56:54,408 - scraper.selenium_scraper - INFO - Scraped tournament 15: ASHES PREMIER LEAGUE 2026
2026-05-14 16:56:55,094 - scraper.selenium_scraper - INFO - Scraped tournament 16: GRAMIN PREMIER LEAGUE (GPL) -2026 SHAKTINAGAR
2026-05-14 16:56:55,774 - scraper.selenium_scraper - INFO - Scraped tournament 17: Puttur premier league - 11
2026-05-14 16:56:56,457 - scraper.selenium_scraper - INFO - Scraped tournament 18: ಉಗನವಾಡಿ ಪ್ರೀಮಿಯರ್ ಲೀಗ್ -2026 ಸೀಸನ್- 2 ಮಹೇಶ್ ಸಿರವರ ಸವಿ ನೆನಪಿನಲ್ಲಿ
2026-05-14 16:56:57,149 - scraper.selenium_scraper - INFO - Scraped tournament 19: मेघवाल प्रीमियर लीग जयपुर आक्शन
2026-05-14 16:56:57,833 - scraper.selenium_scraper - INFO - Scraped tournament 20: ANA PREMIER LEAGUE-2
2026-05-14 16:56:57,833 - root - INFO - Successfully scraped 20 tournaments
2026-05-14 16:56:57,833 - root - INFO - Saved scraped data to /home/runner/work/super-player-auction-scraper/super-player-auction-scraper/data/tournament_data_20260514-165657.json
2026-05-14 16:56:57,833 - root - INFO - Initializing Graph API
2026-05-14 16:56:57,834 - excel.graph_api - INFO - Extracted file ID: 9e836ed5-f58f-4dc7-a969-3c62b255f3ea
2026-05-14 16:56:57,834 - excel.graph_api - INFO - Extracted site ID: CorpDevaaf94619130d4a79af9f3aeae502bdb5
2026-05-14 16:56:57,834 - root - INFO - Authenticating with Microsoft Graph API
2026-05-14 16:56:58,150 - excel.graph_api - INFO - Authentication successful
2026-05-14 16:56:58,150 - root - INFO - Updating Excel sheet with scraped data
2026-05-14 16:56:58,646 - excel.graph_api - INFO - Retrieved drive ID: b!MXUqfmBgAkyqAi_g7J1PO_6yKSWnHbZCs3mpe4EkYuX6d8izcdJxRb78S6OW5SIB
2026-05-14 16:57:01,358 - excel.graph_api - INFO - Retrieved 1597 rows from Excel
2026-05-14 16:57:04,444 - excel.graph_api - INFO - Updating range A1599:Y1599 with 1 new entries
2026-05-14 16:57:06,250 - excel.graph_api - INFO - Successfully added 1 new tournaments to Excel
2026-05-14 16:57:06,252 - root - INFO - Excel sheet updated successfully
2026-05-14 16:57:06,328 - scraper.selenium_scraper - INFO - Chrome driver closed
2026-05-14 16:57:06,328 - root - INFO - Selenium driver closed
2026-05-14 16:57:06,328 - root - INFO - Script execution completed
