2026-05-16 10:57:02,705 - root - INFO - Logger initialized successfully
2026-05-16 10:57:02,705 - root - INFO - Log file: /home/runner/work/super-player-auction-scraper/super-player-auction-scraper/logs/scraper_20260516_105702.log
2026-05-16 10:57:02,705 - root - INFO - Starting Super Player Auction scraper
2026-05-16 10:57:02,705 - utils.config - INFO - Credentials loaded from environment variables
2026-05-16 10:57:02,705 - utils.config - INFO - Settings loaded successfully
2026-05-16 10:57:02,705 - root - INFO - Initializing Selenium scraper
2026-05-16 10:57:02,705 - scraper.selenium_scraper - INFO - Running in GitHub Actions environment
2026-05-16 10:57:16,080 - scraper.selenium_scraper - INFO - Chrome driver initialized successfully
2026-05-16 10:57:16,080 - root - INFO - Scraping tournament data
2026-05-16 10:57:16,081 - scraper.selenium_scraper - INFO - Starting to scrape tournament data
2026-05-16 10:57:17,319 - scraper.selenium_scraper - INFO - Waiting for page to load...
2026-05-16 10:57:22,324 - scraper.selenium_scraper - INFO - Scrolling to load all auction cards...
2026-05-16 10:57:34,502 - scraper.selenium_scraper - INFO - Saved page screenshot to /home/runner/work/super-player-auction-scraper/super-player-auction-scraper/logs/screenshots/page_loaded_20260516105734.png
2026-05-16 10:57:34,502 - scraper.selenium_scraper - INFO - Looking for auction cards...
2026-05-16 10:57:34,524 - scraper.selenium_scraper - INFO - Found 20 auction cards
2026-05-16 10:57:35,269 - scraper.selenium_scraper - INFO - Scraped tournament 1: NIWEC BADMINTON PREMIER LEAGUE
2026-05-16 10:57:35,948 - scraper.selenium_scraper - INFO - Scraped tournament 2: Elite11 Grand Slam League
2026-05-16 10:57:36,722 - scraper.selenium_scraper - INFO - Scraped tournament 3: Inside Edge Premier League Season -1
2026-05-16 10:57:37,399 - scraper.selenium_scraper - INFO - Scraped tournament 4: Nexion Pickleball Premier League
2026-05-16 10:57:38,079 - scraper.selenium_scraper - INFO - Scraped tournament 5: Hariprabodham Cricket League Season 4.0
2026-05-16 10:57:38,761 - scraper.selenium_scraper - INFO - Scraped tournament 6: DPL 6
2026-05-16 10:57:39,446 - scraper.selenium_scraper - INFO - Scraped tournament 7: DB CUP
2026-05-16 10:57:40,129 - scraper.selenium_scraper - INFO - Scraped tournament 8: SUPER FOOTBALL CHAMPIONSHIP
2026-05-16 10:57:40,835 - scraper.selenium_scraper - INFO - Scraped tournament 9: REPUBLIC CUP 2.0
2026-05-16 10:57:41,524 - scraper.selenium_scraper - INFO - Scraped tournament 10: Auction Demo Jodi
2026-05-16 10:57:42,226 - scraper.selenium_scraper - INFO - Scraped tournament 11: Super Cricket League
2026-05-16 10:57:42,916 - scraper.selenium_scraper - INFO - Scraped tournament 12: SIKAR PREMIER LEAGUE 2025
2026-05-16 10:57:43,607 - scraper.selenium_scraper - INFO - Scraped tournament 13: BJP
2026-05-16 10:57:44,287 - scraper.selenium_scraper - INFO - Scraped tournament 14: SUPER LEAGUE GROUP
2026-05-16 10:57:44,970 - scraper.selenium_scraper - INFO - Scraped tournament 15: SUPER CRICKET LEAGUE
2026-05-16 10:57:45,663 - scraper.selenium_scraper - INFO - Scraped tournament 16: ANA PREMIER LEAGUE-2
2026-05-16 10:57:46,340 - scraper.selenium_scraper - INFO - Scraped tournament 17: ಉಗನವಾಡಿ ಪ್ರೀಮಿಯರ್ ಲೀಗ್ -2026 ಸೀಸನ್- 2 ಮಹೇಶ್ ಸಿರವರ ಸವಿ ನೆನಪಿನಲ್ಲಿ
2026-05-16 10:57:47,022 - scraper.selenium_scraper - INFO - Scraped tournament 18: Puttur premier league - 11
2026-05-16 10:57:47,699 - scraper.selenium_scraper - INFO - Scraped tournament 19: MATMARI PREMIER LEAGUE-2026 SEASON-3
2026-05-16 10:57:48,372 - scraper.selenium_scraper - INFO - Scraped tournament 20: मेघवाल प्रीमियर लीग जयपुर आक्शन
2026-05-16 10:57:48,372 - root - INFO - Successfully scraped 20 tournaments
2026-05-16 10:57:48,373 - root - INFO - Saved scraped data to /home/runner/work/super-player-auction-scraper/super-player-auction-scraper/data/tournament_data_20260516-105748.json
2026-05-16 10:57:48,373 - root - INFO - Initializing Graph API
2026-05-16 10:57:48,373 - excel.graph_api - INFO - Extracted file ID: 9e836ed5-f58f-4dc7-a969-3c62b255f3ea
2026-05-16 10:57:48,373 - excel.graph_api - INFO - Extracted site ID: CorpDevaaf94619130d4a79af9f3aeae502bdb5
2026-05-16 10:57:48,373 - root - INFO - Authenticating with Microsoft Graph API
2026-05-16 10:57:48,871 - excel.graph_api - INFO - Authentication successful
2026-05-16 10:57:48,871 - root - INFO - Updating Excel sheet with scraped data
2026-05-16 10:57:49,736 - excel.graph_api - INFO - Retrieved drive ID: b!MXUqfmBgAkyqAi_g7J1PO_6yKSWnHbZCs3mpe4EkYuX6d8izcdJxRb78S6OW5SIB
2026-05-16 10:57:51,318 - excel.graph_api - INFO - Retrieved 1602 rows from Excel
2026-05-16 10:57:52,729 - excel.graph_api - INFO - Updating range A1604:Y1604 with 1 new entries
2026-05-16 10:57:53,820 - excel.graph_api - INFO - Successfully added 1 new tournaments to Excel
2026-05-16 10:57:53,823 - root - INFO - Excel sheet updated successfully
2026-05-16 10:57:53,895 - scraper.selenium_scraper - INFO - Chrome driver closed
2026-05-16 10:57:53,895 - root - INFO - Selenium driver closed
2026-05-16 10:57:53,895 - root - INFO - Script execution completed
