2026-04-20 11:15:17,618 - root - INFO - Logger initialized successfully
2026-04-20 11:15:17,618 - root - INFO - Log file: /home/runner/work/super-player-auction-scraper/super-player-auction-scraper/logs/scraper_20260420_111517.log
2026-04-20 11:15:17,618 - root - INFO - Starting Super Player Auction scraper
2026-04-20 11:15:17,618 - utils.config - INFO - Credentials loaded from environment variables
2026-04-20 11:15:17,618 - utils.config - INFO - Settings loaded successfully
2026-04-20 11:15:17,618 - root - INFO - Initializing Selenium scraper
2026-04-20 11:15:17,618 - scraper.selenium_scraper - INFO - Running in GitHub Actions environment
2026-04-20 11:15:20,269 - selenium.webdriver.common.selenium_manager - WARNING - The chromedriver version (147.0.7727.56) detected in PATH at /usr/bin/chromedriver might not be compatible with the detected chrome version (147.0.7727.55); currently, chromedriver 147.0.7727.57 is recommended for chrome 147.*, so it is advised to delete the driver in PATH and retry
2026-04-20 11:15:23,787 - scraper.selenium_scraper - INFO - Chrome driver initialized successfully
2026-04-20 11:15:23,787 - root - INFO - Scraping tournament data
2026-04-20 11:15:23,787 - scraper.selenium_scraper - INFO - Starting to scrape tournament data
2026-04-20 11:15:24,084 - scraper.selenium_scraper - INFO - Waiting for page to load...
2026-04-20 11:15:29,090 - scraper.selenium_scraper - INFO - Scrolling to load all auction cards...
2026-04-20 11:15:41,275 - scraper.selenium_scraper - INFO - Saved page screenshot to /home/runner/work/super-player-auction-scraper/super-player-auction-scraper/logs/screenshots/page_loaded_20260420111541.png
2026-04-20 11:15:41,275 - scraper.selenium_scraper - INFO - Looking for auction cards...
2026-04-20 11:15:41,290 - scraper.selenium_scraper - INFO - Found 20 auction cards
2026-04-20 11:15:41,961 - scraper.selenium_scraper - INFO - Scraped tournament 1: Bavajipeta Kabaddi League
2026-04-20 11:15:42,611 - scraper.selenium_scraper - INFO - Scraped tournament 2: MGPL CRICKET TOURNAMENT
2026-04-20 11:15:43,263 - scraper.selenium_scraper - INFO - Scraped tournament 3: CCPL - 2026
2026-04-20 11:15:43,909 - scraper.selenium_scraper - INFO - Scraped tournament 4: Raghuvanshi Premier League - MEN
2026-04-20 11:15:44,555 - scraper.selenium_scraper - INFO - Scraped tournament 5: Raghuvanshi Premier League - WOMEN
2026-04-20 11:15:45,205 - scraper.selenium_scraper - INFO - Scraped tournament 6: KABIR DHARAMDAS VANSHAVALI PREMIER LEAGUE
2026-04-20 11:15:45,851 - scraper.selenium_scraper - INFO - Scraped tournament 7: SmashIT v8, 2026
2026-04-20 11:15:46,498 - scraper.selenium_scraper - INFO - Scraped tournament 8: Chhattisgarh Cricket Champions League T20
2026-04-20 11:15:47,142 - scraper.selenium_scraper - INFO - Scraped tournament 9: ROHAT PREMIER LEAGUE
2026-04-20 11:15:47,786 - scraper.selenium_scraper - INFO - Scraped tournament 10: SUPER FOOTBALL CHAMPIONSHIP
2026-04-20 11:15:48,437 - scraper.selenium_scraper - INFO - Scraped tournament 11: REPUBLIC CUP 2.0
2026-04-20 11:15:49,082 - scraper.selenium_scraper - INFO - Scraped tournament 12: Auction Demo Jodi
2026-04-20 11:15:49,728 - scraper.selenium_scraper - INFO - Scraped tournament 13: Super Cricket League
2026-04-20 11:15:50,373 - scraper.selenium_scraper - INFO - Scraped tournament 14: SIKAR PREMIER LEAGUE 2025
2026-04-20 11:15:51,017 - scraper.selenium_scraper - INFO - Scraped tournament 15: BJP
2026-04-20 11:15:51,664 - scraper.selenium_scraper - INFO - Scraped tournament 16: SUPER LEAGUE GROUP
2026-04-20 11:15:52,310 - scraper.selenium_scraper - INFO - Scraped tournament 17: SUPER CRICKET LEAGUE
2026-04-20 11:15:52,954 - scraper.selenium_scraper - INFO - Scraped tournament 18: Panchdevi Cricket Tournament Season 2
2026-04-20 11:15:53,605 - scraper.selenium_scraper - INFO - Scraped tournament 19: Shivam Premier League
2026-04-20 11:15:54,251 - scraper.selenium_scraper - INFO - Scraped tournament 20: Polo Premier League 2026 [ABOVE 40]
2026-04-20 11:15:54,251 - root - INFO - Successfully scraped 20 tournaments
2026-04-20 11:15:54,251 - root - INFO - Saved scraped data to /home/runner/work/super-player-auction-scraper/super-player-auction-scraper/data/tournament_data_20260420-111554.json
2026-04-20 11:15:54,251 - root - INFO - Initializing Graph API
2026-04-20 11:15:54,252 - excel.graph_api - INFO - Extracted file ID: 9e836ed5-f58f-4dc7-a969-3c62b255f3ea
2026-04-20 11:15:54,252 - excel.graph_api - INFO - Extracted site ID: CorpDevaaf94619130d4a79af9f3aeae502bdb5
2026-04-20 11:15:54,252 - root - INFO - Authenticating with Microsoft Graph API
2026-04-20 11:15:54,656 - excel.graph_api - INFO - Authentication successful
2026-04-20 11:15:54,656 - root - INFO - Updating Excel sheet with scraped data
2026-04-20 11:15:55,272 - excel.graph_api - INFO - Retrieved drive ID: b!MXUqfmBgAkyqAi_g7J1PO_6yKSWnHbZCs3mpe4EkYuX6d8izcdJxRb78S6OW5SIB
2026-04-20 11:15:56,881 - excel.graph_api - INFO - Retrieved 1496 rows from Excel
2026-04-20 11:15:58,197 - excel.graph_api - INFO - Updating range A1498:Y1499 with 2 new entries
2026-04-20 11:15:59,270 - excel.graph_api - INFO - Successfully added 2 new tournaments to Excel
2026-04-20 11:15:59,272 - root - INFO - Excel sheet updated successfully
2026-04-20 11:15:59,390 - scraper.selenium_scraper - INFO - Chrome driver closed
2026-04-20 11:15:59,390 - root - INFO - Selenium driver closed
2026-04-20 11:15:59,390 - root - INFO - Script execution completed
