2025-11-22 15:11:55,999 - root - INFO - Logger initialized successfully
2025-11-22 15:11:55,999 - root - INFO - Log file: /home/runner/work/super-player-auction-scraper/super-player-auction-scraper/logs/scraper_20251122_151155.log
2025-11-22 15:11:55,999 - root - INFO - Starting Super Player Auction scraper
2025-11-22 15:11:55,999 - utils.config - INFO - Credentials loaded from environment variables
2025-11-22 15:11:55,999 - utils.config - INFO - Settings loaded successfully
2025-11-22 15:11:55,999 - root - INFO - Initializing Selenium scraper
2025-11-22 15:11:55,999 - scraper.selenium_scraper - INFO - Running in GitHub Actions environment
2025-11-22 15:11:57,423 - selenium.webdriver.common.selenium_manager - WARNING - The chromedriver version (142.0.7444.162) detected in PATH at /usr/bin/chromedriver might not be compatible with the detected chrome version (142.0.7444.162); currently, chromedriver 142.0.7444.175 is recommended for chrome 142.*, so it is advised to delete the driver in PATH and retry
2025-11-22 15:12:03,270 - scraper.selenium_scraper - INFO - Chrome driver initialized successfully
2025-11-22 15:12:03,270 - root - INFO - Scraping tournament data
2025-11-22 15:12:03,271 - scraper.selenium_scraper - INFO - Starting to scrape tournament data
2025-11-22 15:12:03,940 - scraper.selenium_scraper - INFO - Waiting for page to load...
2025-11-22 15:12:08,945 - scraper.selenium_scraper - INFO - Scrolling to load all auction cards...
2025-11-22 15:12:21,074 - scraper.selenium_scraper - INFO - Saved page screenshot to /home/runner/work/super-player-auction-scraper/super-player-auction-scraper/logs/screenshots/page_loaded_20251122151221.png
2025-11-22 15:12:21,075 - scraper.selenium_scraper - INFO - Looking for auction cards...
2025-11-22 15:12:21,105 - scraper.selenium_scraper - INFO - Found 20 auction cards
2025-11-22 15:12:21,830 - scraper.selenium_scraper - INFO - Scraped tournament 1: ICCPL Men's Auction 2025
2025-11-22 15:12:22,528 - scraper.selenium_scraper - INFO - Scraped tournament 2: ICCPL Women's Auction 2025
2025-11-22 15:12:23,236 - scraper.selenium_scraper - INFO - Scraped tournament 3: Sind Society Premier League 8.0
2025-11-22 15:12:23,929 - scraper.selenium_scraper - INFO - Scraped tournament 4: TenX Premier League - Season 3 (KIDS)
2025-11-22 15:12:24,619 - scraper.selenium_scraper - INFO - Scraped tournament 5: TNPL PREMIER LEAGUE SEASON 4
2025-11-22 15:12:25,312 - scraper.selenium_scraper - INFO - Scraped tournament 6: TenX Premier League - Season 3 (MENS 17+)
2025-11-22 15:12:26,006 - scraper.selenium_scraper - INFO - Scraped tournament 7: TenX Premier League - Season 3 (MENS 40+)
2025-11-22 15:12:26,696 - scraper.selenium_scraper - INFO - Scraped tournament 8: TenX Premier League - Season 3 (WOMENS 17+)
2025-11-22 15:12:27,396 - scraper.selenium_scraper - INFO - Scraped tournament 9: SHREE ATAL CUP 225
2025-11-22 15:12:28,085 - scraper.selenium_scraper - INFO - Scraped tournament 10: BCL SEASON 3
2025-11-22 15:12:28,776 - scraper.selenium_scraper - INFO - Scraped tournament 11: MTF Premier League Season 4
2025-11-22 15:12:29,473 - scraper.selenium_scraper - INFO - Scraped tournament 12: Kutch PickleBall Premier League
2025-11-22 15:12:30,163 - scraper.selenium_scraper - INFO - Scraped tournament 13: Baria Samaj Premier League 1
2025-11-22 15:12:30,851 - scraper.selenium_scraper - INFO - Scraped tournament 14: Uganavadi Champions League-2025 Nisarga Cup
2025-11-22 15:12:31,543 - scraper.selenium_scraper - INFO - Scraped tournament 15: KARKALA BEDRA PREMIER LEAGUE 2025
2025-11-22 15:12:32,235 - scraper.selenium_scraper - INFO - Scraped tournament 16: LEAGUE OF CHAMPIONS-1
2025-11-22 15:12:32,928 - scraper.selenium_scraper - INFO - Scraped tournament 17: Arjun DEMO
2025-11-22 15:12:33,633 - scraper.selenium_scraper - INFO - Scraped tournament 18: ABSA BUNTS CUP 4TH EDITION
2025-11-22 15:12:34,322 - scraper.selenium_scraper - INFO - Scraped tournament 19: Streamify Cup Silver Category
2025-11-22 15:12:35,021 - scraper.selenium_scraper - INFO - Scraped tournament 20: Streamify Cup Open Category
2025-11-22 15:12:35,022 - root - INFO - Successfully scraped 20 tournaments
2025-11-22 15:12:35,022 - root - INFO - Saved scraped data to /home/runner/work/super-player-auction-scraper/super-player-auction-scraper/data/tournament_data_20251122-151235.json
2025-11-22 15:12:35,022 - root - INFO - Initializing Graph API
2025-11-22 15:12:35,023 - excel.graph_api - INFO - Extracted file ID: 9e836ed5-f58f-4dc7-a969-3c62b255f3ea
2025-11-22 15:12:35,023 - excel.graph_api - INFO - Extracted site ID: CorpDevaaf94619130d4a79af9f3aeae502bdb5
2025-11-22 15:12:35,023 - root - INFO - Authenticating with Microsoft Graph API
2025-11-22 15:12:35,418 - excel.graph_api - ERROR - Authentication failed: AADSTS7000222: The provided client secret keys for app 'f45467f0-629b-4712-a029-cd1289854747' are expired. Visit the Azure portal to create new keys for your app: https://aka.ms/NewClientSecret, or consider using certificate credentials for added security: https://aka.ms/certCreds. Trace ID: 887712e0-5896-4cd1-a363-48eb83324a00 Correlation ID: b536964c-ab06-4c02-b377-659de35d374f Timestamp: 2025-11-22 15:12:35Z
2025-11-22 15:12:35,418 - root - ERROR - Failed to authenticate with Microsoft Graph API
2025-11-22 15:12:35,487 - scraper.selenium_scraper - INFO - Chrome driver closed
2025-11-22 15:12:35,487 - root - INFO - Selenium driver closed
2025-11-22 15:12:35,487 - root - INFO - Script execution completed
