2025-08-09 10:13:49,146 - root - INFO - Logger initialized successfully
2025-08-09 10:13:49,147 - root - INFO - Log file: /home/runner/work/super-player-auction-scraper/super-player-auction-scraper/logs/scraper_20250809_101349.log
2025-08-09 10:13:49,147 - root - INFO - Starting Super Player Auction scraper
2025-08-09 10:13:49,147 - utils.config - INFO - Credentials loaded from environment variables
2025-08-09 10:13:49,147 - utils.config - INFO - Settings loaded successfully
2025-08-09 10:13:49,147 - root - INFO - Initializing Selenium scraper
2025-08-09 10:13:49,147 - scraper.selenium_scraper - INFO - Running in GitHub Actions environment
2025-08-09 10:13:59,020 - scraper.selenium_scraper - INFO - Chrome driver initialized successfully
2025-08-09 10:13:59,020 - root - INFO - Scraping tournament data
2025-08-09 10:13:59,020 - scraper.selenium_scraper - INFO - Starting to scrape tournament data
2025-08-09 10:14:00,387 - scraper.selenium_scraper - INFO - Waiting for page to load...
2025-08-09 10:14:05,388 - scraper.selenium_scraper - INFO - Scrolling to load all auction cards...
2025-08-09 10:14:17,530 - scraper.selenium_scraper - INFO - Saved page screenshot to /home/runner/work/super-player-auction-scraper/super-player-auction-scraper/logs/screenshots/page_loaded_20250809101417.png
2025-08-09 10:14:17,530 - scraper.selenium_scraper - INFO - Looking for auction cards...
2025-08-09 10:14:17,595 - scraper.selenium_scraper - INFO - Found 20 auction cards
2025-08-09 10:14:18,316 - scraper.selenium_scraper - INFO - Scraped tournament 1: Professional Ground Cricket League Season 2
2025-08-09 10:14:19,012 - scraper.selenium_scraper - INFO - Scraped tournament 2: Bhatkal Pro Kabbadi League - DXB
2025-08-09 10:14:19,886 - scraper.selenium_scraper - INFO - Scraped tournament 3: Tekri Premier League
2025-08-09 10:14:20,579 - scraper.selenium_scraper - INFO - Scraped tournament 4: JBCN CPL Season 4
2025-08-09 10:14:21,297 - scraper.selenium_scraper - INFO - Scraped tournament 5: Vyapari Network Badminton League
2025-08-09 10:14:21,992 - scraper.selenium_scraper - INFO - Scraped tournament 6: CMA ALUMNI CRICKET LEAGUE-4
2025-08-09 10:14:22,690 - scraper.selenium_scraper - INFO - Scraped tournament 7: NPL Series 2
2025-08-09 10:14:23,381 - scraper.selenium_scraper - INFO - Scraped tournament 8: UNITY CUP Series Season 2 (2025-26)
2025-08-09 10:14:24,078 - scraper.selenium_scraper - INFO - Scraped tournament 9: BPL SEASON 3
2025-08-09 10:14:24,772 - scraper.selenium_scraper - INFO - Scraped tournament 10: ArjunDMUP
2025-08-09 10:14:25,476 - scraper.selenium_scraper - INFO - Scraped tournament 11: Canvas Warriors Cricket Carnival (CWCC),Season 1,2025
2025-08-09 10:14:26,168 - scraper.selenium_scraper - INFO - Scraped tournament 12: BIG BASH LEAGUE
2025-08-09 10:14:26,859 - scraper.selenium_scraper - INFO - Scraped tournament 13: SANDALWOOD PREMIER LEAGUE
2025-08-09 10:14:27,554 - scraper.selenium_scraper - INFO - Scraped tournament 14: RAJANA CUP , RAJALDESAR 2025
2025-08-09 10:14:28,244 - scraper.selenium_scraper - INFO - Scraped tournament 15: LPL SEASON 4
2025-08-09 10:14:28,936 - scraper.selenium_scraper - INFO - Scraped tournament 16: Friendship Cup Season 6
2025-08-09 10:14:29,631 - scraper.selenium_scraper - INFO - Scraped tournament 17: SPORTS CORNER LEAGUE (SEASON-2)
2025-08-09 10:14:30,320 - scraper.selenium_scraper - INFO - Scraped tournament 18: Sikar Ka IPL 2025
2025-08-09 10:14:31,025 - scraper.selenium_scraper - INFO - Scraped tournament 19: Aanjana premier League Sardarpura (Rana)
2025-08-09 10:14:31,721 - scraper.selenium_scraper - INFO - Scraped tournament 20: Karnataka Rajatha Cup 2025
2025-08-09 10:14:31,721 - root - INFO - Successfully scraped 20 tournaments
2025-08-09 10:14:31,721 - root - INFO - Saved scraped data to /home/runner/work/super-player-auction-scraper/super-player-auction-scraper/data/tournament_data_20250809-101431.json
2025-08-09 10:14:31,722 - root - INFO - Initializing Graph API
2025-08-09 10:14:31,722 - excel.graph_api - INFO - Extracted file ID: 9e836ed5-f58f-4dc7-a969-3c62b255f3ea
2025-08-09 10:14:31,722 - excel.graph_api - INFO - Extracted site ID: CorpDevaaf94619130d4a79af9f3aeae502bdb5
2025-08-09 10:14:31,722 - root - INFO - Authenticating with Microsoft Graph API
2025-08-09 10:14:32,082 - excel.graph_api - INFO - Authentication successful
2025-08-09 10:14:32,082 - root - INFO - Updating Excel sheet with scraped data
2025-08-09 10:14:32,697 - excel.graph_api - INFO - Retrieved drive ID: b!MXUqfmBgAkyqAi_g7J1PO_6yKSWnHbZCs3mpe4EkYuX6d8izcdJxRb78S6OW5SIB
2025-08-09 10:14:33,907 - excel.graph_api - INFO - Retrieved 363 rows from Excel
2025-08-09 10:14:34,510 - excel.graph_api - INFO - Updating range A365:M366 with 2 new entries
2025-08-09 10:14:36,084 - excel.graph_api - INFO - Successfully added 2 new tournaments to Excel
2025-08-09 10:14:36,085 - root - INFO - Excel sheet updated successfully
2025-08-09 10:14:36,155 - scraper.selenium_scraper - INFO - Chrome driver closed
2025-08-09 10:14:36,155 - root - INFO - Selenium driver closed
2025-08-09 10:14:36,155 - root - INFO - Script execution completed
