2025-12-28 15:12:57,251 - root - INFO - Logger initialized successfully
2025-12-28 15:12:57,251 - root - INFO - Log file: /home/runner/work/super-player-auction-scraper/super-player-auction-scraper/logs/scraper_20251228_151257.log
2025-12-28 15:12:57,251 - root - INFO - Starting Super Player Auction scraper
2025-12-28 15:12:57,251 - utils.config - INFO - Credentials loaded from environment variables
2025-12-28 15:12:57,252 - utils.config - INFO - Settings loaded successfully
2025-12-28 15:12:57,252 - root - INFO - Initializing Selenium scraper
2025-12-28 15:12:57,252 - scraper.selenium_scraper - INFO - Running in GitHub Actions environment
2025-12-28 15:13:01,550 - selenium.webdriver.common.selenium_manager - WARNING - The chromedriver version (143.0.7499.42) detected in PATH at /usr/bin/chromedriver might not be compatible with the detected chrome version (143.0.7499.109); currently, chromedriver 143.0.7499.169 is recommended for chrome 143.*, so it is advised to delete the driver in PATH and retry
2025-12-28 15:13:20,119 - scraper.selenium_scraper - INFO - Chrome driver initialized successfully
2025-12-28 15:13:20,119 - root - INFO - Scraping tournament data
2025-12-28 15:13:20,119 - scraper.selenium_scraper - INFO - Starting to scrape tournament data
2025-12-28 15:13:21,883 - scraper.selenium_scraper - INFO - Waiting for page to load...
2025-12-28 15:13:26,888 - scraper.selenium_scraper - INFO - Scrolling to load all auction cards...
2025-12-28 15:13:39,088 - scraper.selenium_scraper - INFO - Saved page screenshot to /home/runner/work/super-player-auction-scraper/super-player-auction-scraper/logs/screenshots/page_loaded_20251228151339.png
2025-12-28 15:13:39,088 - scraper.selenium_scraper - INFO - Looking for auction cards...
2025-12-28 15:13:39,115 - scraper.selenium_scraper - INFO - Found 20 auction cards
2025-12-28 15:13:39,884 - scraper.selenium_scraper - INFO - Scraped tournament 1: PARAKRAM 7.0
2025-12-28 15:13:40,718 - scraper.selenium_scraper - INFO - Scraped tournament 2: SHIRUR PREMIER LEAGUE 2026
2025-12-28 15:13:41,432 - scraper.selenium_scraper - INFO - Scraped tournament 3: Delta Football League
2025-12-28 15:13:42,155 - scraper.selenium_scraper - INFO - Scraped tournament 4: Streamify Cup Open Category
2025-12-28 15:13:42,876 - scraper.selenium_scraper - INFO - Scraped tournament 5: WALA & SALAMAT Muslim Samaj Tournament Godhra
2025-12-28 15:13:43,592 - scraper.selenium_scraper - INFO - Scraped tournament 6: SPL - 10
2025-12-28 15:13:44,308 - scraper.selenium_scraper - INFO - Scraped tournament 7: Box Cricket League Season 7.0
2025-12-28 15:13:45,021 - scraper.selenium_scraper - INFO - Scraped tournament 8: JPL Season 6
2025-12-28 15:13:45,742 - scraper.selenium_scraper - INFO - Scraped tournament 9: DPL 2026
2025-12-28 15:13:46,471 - scraper.selenium_scraper - INFO - Scraped tournament 10: SIKAR PREMIER LEAGUE 2025
2025-12-28 15:13:47,190 - scraper.selenium_scraper - INFO - Scraped tournament 11: SUPER FOOTBALL CHAMPIONSHIP
2025-12-28 15:13:47,909 - scraper.selenium_scraper - INFO - Scraped tournament 12: QIFF EASAKA MEMORIAL 7S FOOTBALL TOURNAMENT
2025-12-28 15:13:48,632 - scraper.selenium_scraper - INFO - Scraped tournament 13: BHUSAWAL PREMIER LEAGUE SEASON-01
2025-12-28 15:13:49,335 - scraper.selenium_scraper - INFO - Scraped tournament 14: SHREE RAM PREMIER LEAGUE
2025-12-28 15:13:50,031 - scraper.selenium_scraper - INFO - Scraped tournament 15: MESCEQ PREMIER LEAGUE
2025-12-28 15:13:50,746 - scraper.selenium_scraper - INFO - Scraped tournament 16: MHPL SEASON 5
2025-12-28 15:13:51,446 - scraper.selenium_scraper - INFO - Scraped tournament 17: GNPL SEASON - 4
2025-12-28 15:13:52,157 - scraper.selenium_scraper - INFO - Scraped tournament 18: ACG Inspection Cricket Tournament 2026
2025-12-28 15:13:52,867 - scraper.selenium_scraper - INFO - Scraped tournament 19: BPL SEASON-2
2025-12-28 15:13:53,562 - scraper.selenium_scraper - INFO - Scraped tournament 20: Amarante Premier League S - 9
2025-12-28 15:13:53,562 - root - INFO - Successfully scraped 20 tournaments
2025-12-28 15:13:53,562 - root - INFO - Saved scraped data to /home/runner/work/super-player-auction-scraper/super-player-auction-scraper/data/tournament_data_20251228-151353.json
2025-12-28 15:13:53,562 - root - INFO - Initializing Graph API
2025-12-28 15:13:53,563 - excel.graph_api - INFO - Extracted file ID: 9e836ed5-f58f-4dc7-a969-3c62b255f3ea
2025-12-28 15:13:53,563 - excel.graph_api - INFO - Extracted site ID: CorpDevaaf94619130d4a79af9f3aeae502bdb5
2025-12-28 15:13:53,563 - root - INFO - Authenticating with Microsoft Graph API
2025-12-28 15:13:53,828 - excel.graph_api - INFO - Authentication successful
2025-12-28 15:13:53,828 - root - INFO - Updating Excel sheet with scraped data
2025-12-28 15:13:54,592 - excel.graph_api - INFO - Retrieved drive ID: b!MXUqfmBgAkyqAi_g7J1PO_6yKSWnHbZCs3mpe4EkYuX6d8izcdJxRb78S6OW5SIB
2025-12-28 15:13:56,328 - excel.graph_api - INFO - Retrieved 958 rows from Excel
2025-12-28 15:13:57,621 - excel.graph_api - INFO - No new tournaments to add
2025-12-28 15:13:57,623 - root - INFO - Excel sheet updated successfully
2025-12-28 15:13:57,694 - scraper.selenium_scraper - INFO - Chrome driver closed
2025-12-28 15:13:57,694 - root - INFO - Selenium driver closed
2025-12-28 15:13:57,694 - root - INFO - Script execution completed
