2025-10-09 15:28:20,995 - root - INFO - Logger initialized successfully
2025-10-09 15:28:20,996 - root - INFO - Log file: /home/runner/work/super-player-auction-scraper/super-player-auction-scraper/logs/scraper_20251009_152820.log
2025-10-09 15:28:20,996 - root - INFO - Starting Super Player Auction scraper
2025-10-09 15:28:20,996 - utils.config - INFO - Credentials loaded from environment variables
2025-10-09 15:28:20,996 - utils.config - INFO - Settings loaded successfully
2025-10-09 15:28:20,996 - root - INFO - Initializing Selenium scraper
2025-10-09 15:28:20,996 - scraper.selenium_scraper - INFO - Running in GitHub Actions environment
2025-10-09 15:28:28,176 - scraper.selenium_scraper - INFO - Chrome driver initialized successfully
2025-10-09 15:28:28,176 - root - INFO - Scraping tournament data
2025-10-09 15:28:28,176 - scraper.selenium_scraper - INFO - Starting to scrape tournament data
2025-10-09 15:28:29,101 - scraper.selenium_scraper - INFO - Waiting for page to load...
2025-10-09 15:28:34,107 - scraper.selenium_scraper - INFO - Scrolling to load all auction cards...
2025-10-09 15:28:46,219 - scraper.selenium_scraper - INFO - Saved page screenshot to /home/runner/work/super-player-auction-scraper/super-player-auction-scraper/logs/screenshots/page_loaded_20251009152846.png
2025-10-09 15:28:46,219 - scraper.selenium_scraper - INFO - Looking for auction cards...
2025-10-09 15:28:46,248 - scraper.selenium_scraper - INFO - Found 20 auction cards
2025-10-09 15:28:46,974 - scraper.selenium_scraper - INFO - Scraped tournament 1: FRIENDS CRICKET PREMIER LEAGUE SEASON-3
2025-10-09 15:28:47,722 - scraper.selenium_scraper - INFO - Scraped tournament 2: United Premier League (Father's)
2025-10-09 15:28:48,407 - scraper.selenium_scraper - INFO - Scraped tournament 3: WTPL SEASON 7
2025-10-09 15:28:49,111 - scraper.selenium_scraper - INFO - Scraped tournament 4: GARWARE SUPER LEAGUE
2025-10-09 15:28:49,794 - scraper.selenium_scraper - INFO - Scraped tournament 5: United Premier League Womens
2025-10-09 15:28:50,489 - scraper.selenium_scraper - INFO - Scraped tournament 6: ANCHOR PREMIER LEAGUE - MALE
2025-10-09 15:28:51,181 - scraper.selenium_scraper - INFO - Scraped tournament 7: ANCHOR PREMIER LEAGUE - FEMALE
2025-10-09 15:28:51,874 - scraper.selenium_scraper - INFO - Scraped tournament 8: Pond Premier League - Whispering Palms Season 1
2025-10-09 15:28:52,558 - scraper.selenium_scraper - INFO - Scraped tournament 9: FCCL SEASON 5 MALE
2025-10-09 15:28:53,253 - scraper.selenium_scraper - INFO - Scraped tournament 10: SmashIT v7 2025
2025-10-09 15:28:53,937 - scraper.selenium_scraper - INFO - Scraped tournament 11: KASRODIANS PREMIER LEAGUE SEASON -5
2025-10-09 15:28:54,628 - scraper.selenium_scraper - INFO - Scraped tournament 12: Dambab Premier League 2025
2025-10-09 15:28:55,313 - scraper.selenium_scraper - INFO - Scraped tournament 13: DDS PREMIER LEAGUE SEASON 3
2025-10-09 15:28:55,995 - scraper.selenium_scraper - INFO - Scraped tournament 14: VPL 2.0
2025-10-09 15:28:56,681 - scraper.selenium_scraper - INFO - Scraped tournament 15: PUSHKARNA PREMIER LEAGUE
2025-10-09 15:28:57,367 - scraper.selenium_scraper - INFO - Scraped tournament 16: MUMBAI ADVOCATES PREMIER LEAGUE
2025-10-09 15:28:58,057 - scraper.selenium_scraper - INFO - Scraped tournament 17: CHAMPIONS CRICKET LEAGUE SEASON 2
2025-10-09 15:28:58,741 - scraper.selenium_scraper - INFO - Scraped tournament 18: Kerala Premier League
2025-10-09 15:28:59,429 - scraper.selenium_scraper - INFO - Scraped tournament 19: Gorakhpur T10 Champions league
2025-10-09 15:29:00,122 - scraper.selenium_scraper - INFO - Scraped tournament 20: MVV DUSSEHRA CRICKET TOURNAMENT
2025-10-09 15:29:00,122 - root - INFO - Successfully scraped 20 tournaments
2025-10-09 15:29:00,123 - root - INFO - Saved scraped data to /home/runner/work/super-player-auction-scraper/super-player-auction-scraper/data/tournament_data_20251009-152900.json
2025-10-09 15:29:00,123 - root - INFO - Initializing Graph API
2025-10-09 15:29:00,123 - excel.graph_api - INFO - Extracted file ID: 9e836ed5-f58f-4dc7-a969-3c62b255f3ea
2025-10-09 15:29:00,123 - excel.graph_api - INFO - Extracted site ID: CorpDevaaf94619130d4a79af9f3aeae502bdb5
2025-10-09 15:29:00,124 - root - INFO - Authenticating with Microsoft Graph API
2025-10-09 15:29:00,248 - excel.graph_api - INFO - Authentication successful
2025-10-09 15:29:00,248 - root - INFO - Updating Excel sheet with scraped data
2025-10-09 15:29:00,734 - excel.graph_api - INFO - Retrieved drive ID: b!MXUqfmBgAkyqAi_g7J1PO_6yKSWnHbZCs3mpe4EkYuX6d8izcdJxRb78S6OW5SIB
2025-10-09 15:29:02,253 - excel.graph_api - INFO - Retrieved 604 rows from Excel
2025-10-09 15:29:03,837 - excel.graph_api - INFO - No new tournaments to add
2025-10-09 15:29:03,838 - root - INFO - Excel sheet updated successfully
2025-10-09 15:29:03,908 - scraper.selenium_scraper - INFO - Chrome driver closed
2025-10-09 15:29:03,908 - root - INFO - Selenium driver closed
2025-10-09 15:29:03,908 - root - INFO - Script execution completed
