2025-11-05 10:16:18,113 - root - INFO - Logger initialized successfully
2025-11-05 10:16:18,113 - root - INFO - Log file: /home/runner/work/super-player-auction-scraper/super-player-auction-scraper/logs/scraper_20251105_101618.log
2025-11-05 10:16:18,113 - root - INFO - Starting Super Player Auction scraper
2025-11-05 10:16:18,113 - utils.config - INFO - Credentials loaded from environment variables
2025-11-05 10:16:18,113 - utils.config - INFO - Settings loaded successfully
2025-11-05 10:16:18,113 - root - INFO - Initializing Selenium scraper
2025-11-05 10:16:18,113 - scraper.selenium_scraper - INFO - Running in GitHub Actions environment
2025-11-05 10:16:24,845 - scraper.selenium_scraper - INFO - Chrome driver initialized successfully
2025-11-05 10:16:24,846 - root - INFO - Scraping tournament data
2025-11-05 10:16:24,846 - scraper.selenium_scraper - INFO - Starting to scrape tournament data
2025-11-05 10:16:25,616 - scraper.selenium_scraper - INFO - Waiting for page to load...
2025-11-05 10:16:30,621 - scraper.selenium_scraper - INFO - Scrolling to load all auction cards...
2025-11-05 10:16:42,756 - scraper.selenium_scraper - INFO - Saved page screenshot to /home/runner/work/super-player-auction-scraper/super-player-auction-scraper/logs/screenshots/page_loaded_20251105101642.png
2025-11-05 10:16:42,756 - scraper.selenium_scraper - INFO - Looking for auction cards...
2025-11-05 10:16:42,782 - scraper.selenium_scraper - INFO - Found 20 auction cards
2025-11-05 10:16:43,499 - scraper.selenium_scraper - INFO - Scraped tournament 1: SUR PREMIER LEAGUE SEASON - 3
2025-11-05 10:16:44,230 - scraper.selenium_scraper - INFO - Scraped tournament 2: The Yellow Elephant Interiors SPL S2
2025-11-05 10:16:44,911 - scraper.selenium_scraper - INFO - Scraped tournament 3: KATEEL PREMIER LEAGUE 2025
2025-11-05 10:16:45,593 - scraper.selenium_scraper - INFO - Scraped tournament 4: FCC Champions League-8
2025-11-05 10:16:46,274 - scraper.selenium_scraper - INFO - Scraped tournament 5: नीमच क्रिकेट लीग 2025
2025-11-05 10:16:46,954 - scraper.selenium_scraper - INFO - Scraped tournament 6: ICCPL Men's Auction 2025
2025-11-05 10:16:47,646 - scraper.selenium_scraper - INFO - Scraped tournament 7: ICCPL Women's Auction 2025
2025-11-05 10:16:48,328 - scraper.selenium_scraper - INFO - Scraped tournament 8: Arjun DEMO
2025-11-05 10:16:49,016 - scraper.selenium_scraper - INFO - Scraped tournament 9: ABSA BUNTS CUP 4TH EDITION
2025-11-05 10:16:49,701 - scraper.selenium_scraper - INFO - Scraped tournament 10: K P L SESSION 1
2025-11-05 10:16:50,382 - scraper.selenium_scraper - INFO - Scraped tournament 11: Jain Champions League
2025-11-05 10:16:51,070 - scraper.selenium_scraper - INFO - Scraped tournament 12: VICTORIOUS PREMIER LEAGUE
2025-11-05 10:16:51,754 - scraper.selenium_scraper - INFO - Scraped tournament 13: VANJARI PREMIER LEAGUE 2025 "SEASON 4"
2025-11-05 10:16:52,437 - scraper.selenium_scraper - INFO - Scraped tournament 14: NUTRAJ Premier League
2025-11-05 10:16:53,125 - scraper.selenium_scraper - INFO - Scraped tournament 15: BHANDARI PREMIER LEAGUE 2026
2025-11-05 10:16:53,812 - scraper.selenium_scraper - INFO - Scraped tournament 16: BARAMATI CUP 2025 SEASON - 03
2025-11-05 10:16:54,493 - scraper.selenium_scraper - INFO - Scraped tournament 17: UPL 2025
2025-11-05 10:16:55,189 - scraper.selenium_scraper - INFO - Scraped tournament 18: SUPER 100
2025-11-05 10:16:55,867 - scraper.selenium_scraper - INFO - Scraped tournament 19: PUSHKARNA PREMIER LEAGUE-6
2025-11-05 10:16:56,554 - scraper.selenium_scraper - INFO - Scraped tournament 20: Ador Premier League Season 6
2025-11-05 10:16:56,555 - root - INFO - Successfully scraped 20 tournaments
2025-11-05 10:16:56,555 - root - INFO - Saved scraped data to /home/runner/work/super-player-auction-scraper/super-player-auction-scraper/data/tournament_data_20251105-101656.json
2025-11-05 10:16:56,555 - root - INFO - Initializing Graph API
2025-11-05 10:16:56,556 - excel.graph_api - INFO - Extracted file ID: 9e836ed5-f58f-4dc7-a969-3c62b255f3ea
2025-11-05 10:16:56,556 - excel.graph_api - INFO - Extracted site ID: CorpDevaaf94619130d4a79af9f3aeae502bdb5
2025-11-05 10:16:56,556 - root - INFO - Authenticating with Microsoft Graph API
2025-11-05 10:16:56,754 - excel.graph_api - INFO - Authentication successful
2025-11-05 10:16:56,754 - root - INFO - Updating Excel sheet with scraped data
2025-11-05 10:16:57,200 - excel.graph_api - INFO - Retrieved drive ID: b!MXUqfmBgAkyqAi_g7J1PO_6yKSWnHbZCs3mpe4EkYuX6d8izcdJxRb78S6OW5SIB
2025-11-05 10:16:58,563 - excel.graph_api - INFO - Retrieved 708 rows from Excel
2025-11-05 10:16:59,441 - excel.graph_api - INFO - Updating range A710:M711 with 2 new entries
2025-11-05 10:17:00,646 - excel.graph_api - INFO - Successfully added 2 new tournaments to Excel
2025-11-05 10:17:00,647 - root - INFO - Excel sheet updated successfully
2025-11-05 10:17:00,715 - scraper.selenium_scraper - INFO - Chrome driver closed
2025-11-05 10:17:00,715 - root - INFO - Selenium driver closed
2025-11-05 10:17:00,715 - root - INFO - Script execution completed
