2026-06-04 12:39:40,484 - root - INFO - Logger initialized successfully
2026-06-04 12:39:40,484 - root - INFO - Log file: /home/runner/work/super-player-auction-scraper/super-player-auction-scraper/logs/scraper_20260604_123940.log
2026-06-04 12:39:40,484 - root - INFO - Starting Super Player Auction scraper
2026-06-04 12:39:40,484 - utils.config - INFO - Credentials loaded from environment variables
2026-06-04 12:39:40,484 - utils.config - INFO - Settings loaded successfully
2026-06-04 12:39:40,484 - root - INFO - Initializing Selenium scraper
2026-06-04 12:39:40,484 - scraper.selenium_scraper - INFO - Running in GitHub Actions environment
2026-06-04 12:39:49,839 - scraper.selenium_scraper - INFO - Chrome driver initialized successfully
2026-06-04 12:39:49,839 - root - INFO - Scraping tournament data
2026-06-04 12:39:49,839 - scraper.selenium_scraper - INFO - Starting to scrape tournament data
2026-06-04 12:39:50,882 - scraper.selenium_scraper - INFO - Waiting for page to load...
2026-06-04 12:39:55,887 - scraper.selenium_scraper - INFO - Scrolling to load all auction cards...
2026-06-04 12:40:08,078 - scraper.selenium_scraper - INFO - Saved page screenshot to /home/runner/work/super-player-auction-scraper/super-player-auction-scraper/logs/screenshots/page_loaded_20260604124008.png
2026-06-04 12:40:08,078 - scraper.selenium_scraper - INFO - Looking for auction cards...
2026-06-04 12:40:08,107 - scraper.selenium_scraper - INFO - Found 20 auction cards
2026-06-04 12:40:08,850 - scraper.selenium_scraper - INFO - Scraped tournament 1: RBL - 4
2026-06-04 12:40:09,548 - scraper.selenium_scraper - INFO - Scraped tournament 2: UPL 2026
2026-06-04 12:40:10,309 - scraper.selenium_scraper - INFO - Scraped tournament 3: CBBL 6 AUCTION
2026-06-04 12:40:11,005 - scraper.selenium_scraper - INFO - Scraped tournament 4: Dream UTT Juniors Season 2
2026-06-04 12:40:11,709 - scraper.selenium_scraper - INFO - Scraped tournament 5: SUPER FOOTBALL CHAMPIONSHIP
2026-06-04 12:40:12,414 - scraper.selenium_scraper - INFO - Scraped tournament 6: REPUBLIC CUP 2.0
2026-06-04 12:40:13,111 - scraper.selenium_scraper - INFO - Scraped tournament 7: Auction Demo Jodi
2026-06-04 12:40:13,807 - scraper.selenium_scraper - INFO - Scraped tournament 8: Super Cricket League
2026-06-04 12:40:14,508 - scraper.selenium_scraper - INFO - Scraped tournament 9: SIKAR PREMIER LEAGUE 2025
2026-06-04 12:40:15,217 - scraper.selenium_scraper - INFO - Scraped tournament 10: BJP
2026-06-04 12:40:15,919 - scraper.selenium_scraper - INFO - Scraped tournament 11: SUPER LEAGUE GROUP
2026-06-04 12:40:16,613 - scraper.selenium_scraper - INFO - Scraped tournament 12: SUPER CRICKET LEAGUE
2026-06-04 12:40:17,313 - scraper.selenium_scraper - INFO - Scraped tournament 13: MALAPPURAM PREMIER LEAGUE S3 (RIYADH, KSA - 03 July 2026)
2026-06-04 12:40:18,007 - scraper.selenium_scraper - INFO - Scraped tournament 14: ENTREPRENEUR’S PREMIER LEAGUE 8.0 WOMEN
2026-06-04 12:40:18,702 - scraper.selenium_scraper - INFO - Scraped tournament 15: ENTREPRENEUR’S PREMIER LEAGUE 8.0 MEN
2026-06-04 12:40:19,409 - scraper.selenium_scraper - INFO - Scraped tournament 16: RRC JEET KI JUNG
2026-06-04 12:40:20,103 - scraper.selenium_scraper - INFO - Scraped tournament 17: YC TABLE TENNIS PREMIER LEAGUE 1.0
2026-06-04 12:40:20,816 - scraper.selenium_scraper - INFO - Scraped tournament 18: YESHWANT CLUB TENNIS PREMIER LEAGUE SEASON - 1.0
2026-06-04 12:40:21,512 - scraper.selenium_scraper - INFO - Scraped tournament 19: CEYLON CRICKET LEAGUE
2026-06-04 12:40:22,211 - scraper.selenium_scraper - INFO - Scraped tournament 20: Sobha Badminton League - 2026
2026-06-04 12:40:22,211 - root - INFO - Successfully scraped 20 tournaments
2026-06-04 12:40:22,212 - root - INFO - Saved scraped data to /home/runner/work/super-player-auction-scraper/super-player-auction-scraper/data/tournament_data_20260604-124022.json
2026-06-04 12:40:22,212 - root - INFO - Initializing Graph API
2026-06-04 12:40:22,212 - excel.graph_api - INFO - Extracted file ID: 9e836ed5-f58f-4dc7-a969-3c62b255f3ea
2026-06-04 12:40:22,212 - excel.graph_api - INFO - Extracted site ID: CorpDevaaf94619130d4a79af9f3aeae502bdb5
2026-06-04 12:40:22,212 - root - INFO - Authenticating with Microsoft Graph API
2026-06-04 12:40:22,439 - excel.graph_api - INFO - Authentication successful
2026-06-04 12:40:22,439 - root - INFO - Updating Excel sheet with scraped data
2026-06-04 12:40:22,779 - excel.graph_api - INFO - Retrieved drive ID: b!MXUqfmBgAkyqAi_g7J1PO_6yKSWnHbZCs3mpe4EkYuX6d8izcdJxRb78S6OW5SIB
2026-06-04 12:40:24,726 - excel.graph_api - INFO - Retrieved 1664 rows from Excel
2026-06-04 12:40:25,862 - excel.graph_api - INFO - Updating range A1666:Y1668 with 3 new entries
2026-06-04 12:40:26,847 - excel.graph_api - INFO - Successfully added 3 new tournaments to Excel
2026-06-04 12:40:26,849 - root - INFO - Excel sheet updated successfully
2026-06-04 12:40:26,928 - scraper.selenium_scraper - INFO - Chrome driver closed
2026-06-04 12:40:26,929 - root - INFO - Selenium driver closed
2026-06-04 12:40:26,929 - root - INFO - Script execution completed
