2026-04-22 16:03:40,072 - root - INFO - Logger initialized successfully
2026-04-22 16:03:40,073 - root - INFO - Log file: /home/runner/work/super-player-auction-scraper/super-player-auction-scraper/logs/scraper_20260422_160340.log
2026-04-22 16:03:40,073 - root - INFO - Starting Super Player Auction scraper
2026-04-22 16:03:40,073 - utils.config - INFO - Credentials loaded from environment variables
2026-04-22 16:03:40,073 - utils.config - INFO - Settings loaded successfully
2026-04-22 16:03:40,073 - root - INFO - Initializing Selenium scraper
2026-04-22 16:03:40,073 - scraper.selenium_scraper - INFO - Running in GitHub Actions environment
2026-04-22 16:03:42,024 - selenium.webdriver.common.selenium_manager - WARNING - The chromedriver version (147.0.7727.56) detected in PATH at /usr/bin/chromedriver might not be compatible with the detected chrome version (147.0.7727.55); currently, chromedriver 147.0.7727.57 is recommended for chrome 147.*, so it is advised to delete the driver in PATH and retry
2026-04-22 16:03:47,943 - scraper.selenium_scraper - INFO - Chrome driver initialized successfully
2026-04-22 16:03:47,943 - root - INFO - Scraping tournament data
2026-04-22 16:03:47,943 - scraper.selenium_scraper - INFO - Starting to scrape tournament data
2026-04-22 16:03:48,721 - scraper.selenium_scraper - INFO - Waiting for page to load...
2026-04-22 16:03:53,727 - scraper.selenium_scraper - INFO - Scrolling to load all auction cards...
2026-04-22 16:04:05,855 - scraper.selenium_scraper - INFO - Saved page screenshot to /home/runner/work/super-player-auction-scraper/super-player-auction-scraper/logs/screenshots/page_loaded_20260422160405.png
2026-04-22 16:04:05,855 - scraper.selenium_scraper - INFO - Looking for auction cards...
2026-04-22 16:04:05,880 - scraper.selenium_scraper - INFO - Found 20 auction cards
2026-04-22 16:04:06,611 - scraper.selenium_scraper - INFO - Scraped tournament 1: CCPL - 2026
2026-04-22 16:04:07,344 - scraper.selenium_scraper - INFO - Scraped tournament 2: DBCL
2026-04-22 16:04:08,036 - scraper.selenium_scraper - INFO - Scraped tournament 3: Raghuvanshi Premier League - MEN
2026-04-22 16:04:08,721 - scraper.selenium_scraper - INFO - Scraped tournament 4: Raghuvanshi Premier League - WOMEN
2026-04-22 16:04:09,403 - scraper.selenium_scraper - INFO - Scraped tournament 5: AJMER PREMIER LEAGUE
2026-04-22 16:04:10,087 - scraper.selenium_scraper - INFO - Scraped tournament 6: KABIR DHARAMDAS VANSHAVALI PREMIER LEAGUE
2026-04-22 16:04:10,771 - scraper.selenium_scraper - INFO - Scraped tournament 7: SmashIT v8, 2026
2026-04-22 16:04:11,454 - scraper.selenium_scraper - INFO - Scraped tournament 8: Chhattisgarh Cricket Champions League T20
2026-04-22 16:04:12,142 - scraper.selenium_scraper - INFO - Scraped tournament 9: SUPER FOOTBALL CHAMPIONSHIP
2026-04-22 16:04:12,827 - scraper.selenium_scraper - INFO - Scraped tournament 10: Auction Demo Jodi
2026-04-22 16:04:13,512 - scraper.selenium_scraper - INFO - Scraped tournament 11: Super Cricket League
2026-04-22 16:04:14,195 - scraper.selenium_scraper - INFO - Scraped tournament 12: SIKAR PREMIER LEAGUE 2025
2026-04-22 16:04:14,876 - scraper.selenium_scraper - INFO - Scraped tournament 13: BJP
2026-04-22 16:04:15,557 - scraper.selenium_scraper - INFO - Scraped tournament 14: SUPER LEAGUE GROUP
2026-04-22 16:04:16,242 - scraper.selenium_scraper - INFO - Scraped tournament 15: SUPER CRICKET LEAGUE
2026-04-22 16:04:16,927 - scraper.selenium_scraper - INFO - Scraped tournament 16: INFINITY CUP
2026-04-22 16:04:17,609 - scraper.selenium_scraper - INFO - Scraped tournament 17: औसा प्रीमियर लीग-2026 (पर्व-पाचवे)
2026-04-22 16:04:18,299 - scraper.selenium_scraper - INFO - Scraped tournament 18: ODA
2026-04-22 16:04:19,005 - scraper.selenium_scraper - INFO - Scraped tournament 19: HARSH CUP
2026-04-22 16:04:19,700 - scraper.selenium_scraper - INFO - Scraped tournament 20: ALUMNI PREMIER LEAGUE - SEASON 6
2026-04-22 16:04:19,701 - root - INFO - Successfully scraped 20 tournaments
2026-04-22 16:04:19,701 - root - INFO - Saved scraped data to /home/runner/work/super-player-auction-scraper/super-player-auction-scraper/data/tournament_data_20260422-160419.json
2026-04-22 16:04:19,701 - root - INFO - Initializing Graph API
2026-04-22 16:04:19,702 - excel.graph_api - INFO - Extracted file ID: 9e836ed5-f58f-4dc7-a969-3c62b255f3ea
2026-04-22 16:04:19,702 - excel.graph_api - INFO - Extracted site ID: CorpDevaaf94619130d4a79af9f3aeae502bdb5
2026-04-22 16:04:19,702 - root - INFO - Authenticating with Microsoft Graph API
2026-04-22 16:04:19,861 - excel.graph_api - INFO - Authentication successful
2026-04-22 16:04:19,861 - root - INFO - Updating Excel sheet with scraped data
2026-04-22 16:04:20,596 - excel.graph_api - INFO - Retrieved drive ID: b!MXUqfmBgAkyqAi_g7J1PO_6yKSWnHbZCs3mpe4EkYuX6d8izcdJxRb78S6OW5SIB
2026-04-22 16:04:22,075 - excel.graph_api - INFO - Retrieved 1509 rows from Excel
2026-04-22 16:04:23,782 - excel.graph_api - INFO - No new tournaments to add
2026-04-22 16:04:23,784 - root - INFO - Excel sheet updated successfully
2026-04-22 16:04:23,861 - scraper.selenium_scraper - INFO - Chrome driver closed
2026-04-22 16:04:23,861 - root - INFO - Selenium driver closed
2026-04-22 16:04:23,861 - root - INFO - Script execution completed
