2025-11-09 10:12:34,079 - root - INFO - Logger initialized successfully
2025-11-09 10:12:34,079 - root - INFO - Log file: /home/runner/work/super-player-auction-scraper/super-player-auction-scraper/logs/scraper_20251109_101234.log
2025-11-09 10:12:34,079 - root - INFO - Starting Super Player Auction scraper
2025-11-09 10:12:34,079 - utils.config - INFO - Credentials loaded from environment variables
2025-11-09 10:12:34,079 - utils.config - INFO - Settings loaded successfully
2025-11-09 10:12:34,079 - root - INFO - Initializing Selenium scraper
2025-11-09 10:12:34,079 - scraper.selenium_scraper - INFO - Running in GitHub Actions environment
2025-11-09 10:12:36,859 - selenium.webdriver.common.selenium_manager - WARNING - The chromedriver version (142.0.7444.59) detected in PATH at /usr/bin/chromedriver might not be compatible with the detected chrome version (142.0.7444.59); currently, chromedriver 142.0.7444.61 is recommended for chrome 142.*, so it is advised to delete the driver in PATH and retry
2025-11-09 10:12:49,091 - scraper.selenium_scraper - INFO - Chrome driver initialized successfully
2025-11-09 10:12:49,091 - root - INFO - Scraping tournament data
2025-11-09 10:12:49,091 - scraper.selenium_scraper - INFO - Starting to scrape tournament data
2025-11-09 10:12:50,812 - scraper.selenium_scraper - INFO - Waiting for page to load...
2025-11-09 10:12:55,818 - scraper.selenium_scraper - INFO - Scrolling to load all auction cards...
2025-11-09 10:13:07,992 - scraper.selenium_scraper - INFO - Saved page screenshot to /home/runner/work/super-player-auction-scraper/super-player-auction-scraper/logs/screenshots/page_loaded_20251109101307.png
2025-11-09 10:13:07,992 - scraper.selenium_scraper - INFO - Looking for auction cards...
2025-11-09 10:13:08,029 - scraper.selenium_scraper - INFO - Found 20 auction cards
2025-11-09 10:13:08,778 - scraper.selenium_scraper - INFO - Scraped tournament 1: Indoor Premier League 2025
2025-11-09 10:13:09,603 - scraper.selenium_scraper - INFO - Scraped tournament 2: HJPL SEASON -13
2025-11-09 10:13:10,310 - scraper.selenium_scraper - INFO - Scraped tournament 3: नीमच क्रिकेट लीग 2025
2025-11-09 10:13:11,011 - scraper.selenium_scraper - INFO - Scraped tournament 4: TNPL PREMIER LEAGUE SEASON 4
2025-11-09 10:13:11,708 - scraper.selenium_scraper - INFO - Scraped tournament 5: DDS PREMIER LEAGUE SEASON 3
2025-11-09 10:13:12,409 - scraper.selenium_scraper - INFO - Scraped tournament 6: ICCPL Men's Auction 2025
2025-11-09 10:13:13,113 - scraper.selenium_scraper - INFO - Scraped tournament 7: ICCPL Women's Auction 2025
2025-11-09 10:13:13,813 - scraper.selenium_scraper - INFO - Scraped tournament 8: Arjun DEMO
2025-11-09 10:13:14,511 - scraper.selenium_scraper - INFO - Scraped tournament 9: ABSA BUNTS CUP 4TH EDITION
2025-11-09 10:13:15,245 - scraper.selenium_scraper - INFO - Scraped tournament 10: CCL 2.0 PREMIER LEAGUE SEASON 1
2025-11-09 10:13:15,965 - scraper.selenium_scraper - INFO - Scraped tournament 11: Builders Premier League 2.0
2025-11-09 10:13:16,659 - scraper.selenium_scraper - INFO - Scraped tournament 12: Padmavati Premier League Season 1
2025-11-09 10:13:17,362 - scraper.selenium_scraper - INFO - Scraped tournament 13: Healthcare Professional Cricket league 2025-26
2025-11-09 10:13:18,061 - scraper.selenium_scraper - INFO - Scraped tournament 14: Healthcare Professional Cricket league 2025-26 (Doctor)
2025-11-09 10:13:18,777 - scraper.selenium_scraper - INFO - Scraped tournament 15: VANJARI PREMIER LEAGUE 2025 "SEASON 4"
2025-11-09 10:13:19,480 - scraper.selenium_scraper - INFO - Scraped tournament 16: ARAB DREAMS BRC FOOTBALL LEAGUE
2025-11-09 10:13:20,207 - scraper.selenium_scraper - INFO - Scraped tournament 17: JPL-season-1
2025-11-09 10:13:20,909 - scraper.selenium_scraper - INFO - Scraped tournament 18: Yuva Maratha Chashak Players Registration
2025-11-09 10:13:21,615 - scraper.selenium_scraper - INFO - Scraped tournament 19: Dholi n Nayak Samaj Premiere League Sisseion-2
2025-11-09 10:13:22,303 - scraper.selenium_scraper - INFO - Scraped tournament 20: MUMBAI ODISHA CRICKET LEAGUE - 2026
2025-11-09 10:13:22,304 - root - INFO - Successfully scraped 20 tournaments
2025-11-09 10:13:22,304 - root - INFO - Saved scraped data to /home/runner/work/super-player-auction-scraper/super-player-auction-scraper/data/tournament_data_20251109-101322.json
2025-11-09 10:13:22,304 - root - INFO - Initializing Graph API
2025-11-09 10:13:22,304 - excel.graph_api - INFO - Extracted file ID: 9e836ed5-f58f-4dc7-a969-3c62b255f3ea
2025-11-09 10:13:22,304 - excel.graph_api - INFO - Extracted site ID: CorpDevaaf94619130d4a79af9f3aeae502bdb5
2025-11-09 10:13:22,304 - root - INFO - Authenticating with Microsoft Graph API
2025-11-09 10:13:22,755 - excel.graph_api - INFO - Authentication successful
2025-11-09 10:13:22,755 - root - INFO - Updating Excel sheet with scraped data
2025-11-09 10:13:23,357 - excel.graph_api - INFO - Retrieved drive ID: b!MXUqfmBgAkyqAi_g7J1PO_6yKSWnHbZCs3mpe4EkYuX6d8izcdJxRb78S6OW5SIB
2025-11-09 10:13:24,893 - excel.graph_api - INFO - Retrieved 726 rows from Excel
2025-11-09 10:13:25,710 - excel.graph_api - INFO - Updating range A728:M734 with 7 new entries
2025-11-09 10:13:26,855 - excel.graph_api - INFO - Successfully added 7 new tournaments to Excel
2025-11-09 10:13:26,856 - root - INFO - Excel sheet updated successfully
2025-11-09 10:13:26,917 - scraper.selenium_scraper - INFO - Chrome driver closed
2025-11-09 10:13:26,917 - root - INFO - Selenium driver closed
2025-11-09 10:13:26,917 - root - INFO - Script execution completed
