2025-08-15 10:14:52,720 - root - INFO - Logger initialized successfully
2025-08-15 10:14:52,720 - root - INFO - Log file: /home/runner/work/super-player-auction-scraper/super-player-auction-scraper/logs/scraper_20250815_101452.log
2025-08-15 10:14:52,720 - root - INFO - Starting Super Player Auction scraper
2025-08-15 10:14:52,720 - utils.config - INFO - Credentials loaded from environment variables
2025-08-15 10:14:52,720 - utils.config - INFO - Settings loaded successfully
2025-08-15 10:14:52,720 - root - INFO - Initializing Selenium scraper
2025-08-15 10:14:52,720 - scraper.selenium_scraper - INFO - Running in GitHub Actions environment
2025-08-15 10:15:03,043 - scraper.selenium_scraper - INFO - Chrome driver initialized successfully
2025-08-15 10:15:03,043 - root - INFO - Scraping tournament data
2025-08-15 10:15:03,043 - scraper.selenium_scraper - INFO - Starting to scrape tournament data
2025-08-15 10:15:04,712 - scraper.selenium_scraper - INFO - Waiting for page to load...
2025-08-15 10:15:09,714 - scraper.selenium_scraper - INFO - Scrolling to load all auction cards...
2025-08-15 10:15:21,844 - scraper.selenium_scraper - INFO - Saved page screenshot to /home/runner/work/super-player-auction-scraper/super-player-auction-scraper/logs/screenshots/page_loaded_20250815101521.png
2025-08-15 10:15:21,844 - scraper.selenium_scraper - INFO - Looking for auction cards...
2025-08-15 10:15:21,874 - scraper.selenium_scraper - INFO - Found 20 auction cards
2025-08-15 10:15:22,583 - scraper.selenium_scraper - INFO - Scraped tournament 1: RAJANA CUP , RAJALDESAR 2025
2025-08-15 10:15:23,272 - scraper.selenium_scraper - INFO - Scraped tournament 2: Gulab Jewellers Cricket League
2025-08-15 10:15:24,045 - scraper.selenium_scraper - INFO - Scraped tournament 3: MPL SEASON- 2
2025-08-15 10:15:24,728 - scraper.selenium_scraper - INFO - Scraped tournament 4: UNITY CUP Series Season 2 (2025-26)
2025-08-15 10:15:25,410 - scraper.selenium_scraper - INFO - Scraped tournament 5: NPL Titan Cup
2025-08-15 10:15:26,093 - scraper.selenium_scraper - INFO - Scraped tournament 6: Friendship Cup Season 6
2025-08-15 10:15:26,775 - scraper.selenium_scraper - INFO - Scraped tournament 7: ArjunDMUP
2025-08-15 10:15:27,456 - scraper.selenium_scraper - INFO - Scraped tournament 8: Canvas Warriors Cricket Carnival (CWCC),Season 1,2025
2025-08-15 10:15:28,141 - scraper.selenium_scraper - INFO - Scraped tournament 9: BPL SEASON 3
2025-08-15 10:15:28,828 - scraper.selenium_scraper - INFO - Scraped tournament 10: Masters Premier League Season 2025-26.
2025-08-15 10:15:29,516 - scraper.selenium_scraper - INFO - Scraped tournament 11: MILAD CUP 2025 T-10 Tennis Ball Cricket Tournament
2025-08-15 10:15:30,199 - scraper.selenium_scraper - INFO - Scraped tournament 12: SANDALWOOD PREMIER LEAGUE
2025-08-15 10:15:30,880 - scraper.selenium_scraper - INFO - Scraped tournament 13: JAIN PREMIER LEAGUE SUPER EIGHT’S
2025-08-15 10:15:31,567 - scraper.selenium_scraper - INFO - Scraped tournament 14: LPL SEASON 4
2025-08-15 10:15:32,250 - scraper.selenium_scraper - INFO - Scraped tournament 15: ODA Kasliwal Trophy Squash Premier League
2025-08-15 10:15:32,930 - scraper.selenium_scraper - INFO - Scraped tournament 16: KINGS CUP
2025-08-15 10:15:33,630 - scraper.selenium_scraper - INFO - Scraped tournament 17: Udupi Tennis Premier League
2025-08-15 10:15:34,317 - scraper.selenium_scraper - INFO - Scraped tournament 18: INDIRANAGAR CLUB SNOOKER AND SLOSH LEAGUE
2025-08-15 10:15:34,997 - scraper.selenium_scraper - INFO - Scraped tournament 19: BIG BASH LEAGUE
2025-08-15 10:15:35,677 - scraper.selenium_scraper - INFO - Scraped tournament 20: SPORTS CORNER LEAGUE (SEASON-2)
2025-08-15 10:15:35,677 - root - INFO - Successfully scraped 20 tournaments
2025-08-15 10:15:35,678 - root - INFO - Saved scraped data to /home/runner/work/super-player-auction-scraper/super-player-auction-scraper/data/tournament_data_20250815-101535.json
2025-08-15 10:15:35,678 - root - INFO - Initializing Graph API
2025-08-15 10:15:35,678 - excel.graph_api - INFO - Extracted file ID: 9e836ed5-f58f-4dc7-a969-3c62b255f3ea
2025-08-15 10:15:35,678 - excel.graph_api - INFO - Extracted site ID: CorpDevaaf94619130d4a79af9f3aeae502bdb5
2025-08-15 10:15:35,678 - root - INFO - Authenticating with Microsoft Graph API
2025-08-15 10:15:36,061 - excel.graph_api - INFO - Authentication successful
2025-08-15 10:15:36,061 - root - INFO - Updating Excel sheet with scraped data
2025-08-15 10:15:36,599 - excel.graph_api - INFO - Retrieved drive ID: b!MXUqfmBgAkyqAi_g7J1PO_6yKSWnHbZCs3mpe4EkYuX6d8izcdJxRb78S6OW5SIB
2025-08-15 10:15:37,578 - excel.graph_api - INFO - Retrieved 383 rows from Excel
2025-08-15 10:15:38,195 - excel.graph_api - INFO - Updating range A385:M391 with 7 new entries
2025-08-15 10:15:39,950 - excel.graph_api - INFO - Successfully added 7 new tournaments to Excel
2025-08-15 10:15:39,951 - root - INFO - Excel sheet updated successfully
2025-08-15 10:15:40,019 - scraper.selenium_scraper - INFO - Chrome driver closed
2025-08-15 10:15:40,019 - root - INFO - Selenium driver closed
2025-08-15 10:15:40,019 - root - INFO - Script execution completed
