2025-05-21 11:10:35,571 - root - INFO - Logger initialized successfully
2025-05-21 11:10:35,571 - root - INFO - Log file: /home/runner/work/super-player-auction-scraper/super-player-auction-scraper/logs/scraper_20250521_111035.log
2025-05-21 11:10:35,571 - root - INFO - Starting Super Player Auction scraper
2025-05-21 11:10:35,571 - utils.config - INFO - Credentials loaded successfully from environment variables
2025-05-21 11:10:35,571 - utils.config - INFO - Settings loaded successfully
2025-05-21 11:10:35,571 - root - INFO - Initializing Selenium scraper
2025-05-21 11:10:35,571 - scraper.selenium_scraper - INFO - Running in GitHub Actions environment
2025-05-21 11:10:37,470 - selenium.webdriver.common.selenium_manager - WARNING - The chromedriver version (136.0.7103.92) detected in PATH at /usr/bin/chromedriver might not be compatible with the detected chrome version (136.0.7103.92); currently, chromedriver 136.0.7103.94 is recommended for chrome 136.*, so it is advised to delete the driver in PATH and retry
2025-05-21 11:10:43,235 - scraper.selenium_scraper - INFO - Chrome driver initialized successfully
2025-05-21 11:10:43,235 - root - INFO - Scraping tournament data
2025-05-21 11:10:43,236 - scraper.selenium_scraper - INFO - Starting to scrape tournament data
2025-05-21 11:10:44,028 - scraper.selenium_scraper - INFO - Waiting for page to load...
2025-05-21 11:10:49,033 - scraper.selenium_scraper - INFO - Scrolling to load all auction cards...
2025-05-21 11:11:01,570 - scraper.selenium_scraper - INFO - Saved page screenshot to /home/runner/work/super-player-auction-scraper/super-player-auction-scraper/logs/screenshots/page_loaded_20250521111101.png
2025-05-21 11:11:01,570 - scraper.selenium_scraper - INFO - Looking for auction cards...
2025-05-21 11:11:01,602 - scraper.selenium_scraper - INFO - Found 20 auction cards
2025-05-21 11:11:02,329 - scraper.selenium_scraper - INFO - Scraped tournament 1: Hariprabodham Premier League
2025-05-21 11:11:03,021 - scraper.selenium_scraper - INFO - Scraped tournament 2: MARC Malappuram Premier league S2
2025-05-21 11:11:03,791 - scraper.selenium_scraper - INFO - Scraped tournament 3: ArjunDMUP
2025-05-21 11:11:04,484 - scraper.selenium_scraper - INFO - Scraped tournament 4: PALAKKAD CRICKET LEAGUE
2025-05-21 11:11:05,180 - scraper.selenium_scraper - INFO - Scraped tournament 5: EᒪITE ᑕᖇIᑕKET ᑕᕼᗩᗰᑭIOᑎᔕᕼIᑭ
2025-05-21 11:11:05,874 - scraper.selenium_scraper - INFO - Scraped tournament 6: Hariprabodham Parivar Cricket League
2025-05-21 11:11:06,566 - scraper.selenium_scraper - INFO - Scraped tournament 7: JSG Elite Multi-Sports
2025-05-21 11:11:07,267 - scraper.selenium_scraper - INFO - Scraped tournament 8: RJ54 CRICKET LEAGUE SEASON 2
2025-05-21 11:11:07,966 - scraper.selenium_scraper - INFO - Scraped tournament 9: APL 2025
2025-05-21 11:11:08,662 - scraper.selenium_scraper - INFO - Scraped tournament 10: PKPPL Season 06
2025-05-21 11:11:09,360 - scraper.selenium_scraper - INFO - Scraped tournament 11: MPL Mega Auction
2025-05-21 11:11:10,080 - scraper.selenium_scraper - INFO - Scraped tournament 12: Bhatgram Premier League
2025-05-21 11:11:10,785 - scraper.selenium_scraper - INFO - Scraped tournament 13: TITAN LEAGUE GRAND SEASON 3
2025-05-21 11:11:11,480 - scraper.selenium_scraper - INFO - Scraped tournament 14: SUPER LEAGUE
2025-05-21 11:11:12,187 - scraper.selenium_scraper - INFO - Scraped tournament 15: TITAN LEAGUE GRAND SEASON 3
2025-05-21 11:11:12,877 - scraper.selenium_scraper - INFO - Scraped tournament 16: Indian Premier League Auction 2025
2025-05-21 11:11:13,578 - scraper.selenium_scraper - INFO - Scraped tournament 17: Amar Ujala Premier League
2025-05-21 11:11:14,268 - scraper.selenium_scraper - INFO - Scraped tournament 18: Kakina Super League-2025
2025-05-21 11:11:14,962 - scraper.selenium_scraper - INFO - Scraped tournament 19: Hpl
2025-05-21 11:11:15,669 - scraper.selenium_scraper - INFO - Scraped tournament 20: FABLEAGUE PREMIER
2025-05-21 11:11:15,669 - root - INFO - Successfully scraped 20 tournaments
2025-05-21 11:11:15,670 - root - INFO - Saved scraped data to /home/runner/work/super-player-auction-scraper/super-player-auction-scraper/data/tournament_data_20250521-111115.json
2025-05-21 11:11:15,670 - root - INFO - Initializing Graph API
2025-05-21 11:11:15,671 - excel.graph_api - INFO - Extracted file ID: 9e836ed5-f58f-4dc7-a969-3c62b255f3ea
2025-05-21 11:11:15,671 - excel.graph_api - INFO - Extracted site ID: CorpDevaaf94619130d4a79af9f3aeae502bdb5
2025-05-21 11:11:15,671 - root - INFO - Authenticating with Microsoft Graph API
2025-05-21 11:11:15,862 - excel.graph_api - ERROR - Authentication failed: AADSTS7000215: Invalid client secret provided. Ensure the secret being sent in the request is the client secret value, not the client secret ID, for a secret added to app 'f45467f0-629b-4712-a029-cd1289854747'. Trace ID: b5353fbb-fb66-416c-add9-9284bfcc6900 Correlation ID: c097813c-0a85-4eec-82c7-2b23ce050636 Timestamp: 2025-05-21 11:11:15Z
2025-05-21 11:11:15,862 - root - ERROR - Failed to authenticate with Microsoft Graph API
2025-05-21 11:11:15,933 - scraper.selenium_scraper - INFO - Chrome driver closed
2025-05-21 11:11:15,933 - root - INFO - Selenium driver closed
2025-05-21 11:11:15,933 - root - INFO - Script execution completed
