2026-02-07 15:17:54,291 - root - INFO - Logger initialized successfully
2026-02-07 15:17:54,291 - root - INFO - Log file: /home/runner/work/super-player-auction-scraper/super-player-auction-scraper/logs/scraper_20260207_151754.log
2026-02-07 15:17:54,291 - root - INFO - Starting Super Player Auction scraper
2026-02-07 15:17:54,291 - utils.config - INFO - Credentials loaded from environment variables
2026-02-07 15:17:54,291 - utils.config - INFO - Settings loaded successfully
2026-02-07 15:17:54,291 - root - INFO - Initializing Selenium scraper
2026-02-07 15:17:54,291 - scraper.selenium_scraper - INFO - Running in GitHub Actions environment
2026-02-07 15:17:55,787 - selenium.webdriver.common.selenium_manager - WARNING - The chromedriver version (144.0.7559.109) detected in PATH at /usr/bin/chromedriver might not be compatible with the detected chrome version (144.0.7559.109); currently, chromedriver 144.0.7559.133 is recommended for chrome 144.*, so it is advised to delete the driver in PATH and retry
2026-02-07 15:18:04,343 - scraper.selenium_scraper - INFO - Chrome driver initialized successfully
2026-02-07 15:18:04,343 - root - INFO - Scraping tournament data
2026-02-07 15:18:04,343 - scraper.selenium_scraper - INFO - Starting to scrape tournament data
2026-02-07 15:18:05,211 - scraper.selenium_scraper - INFO - Waiting for page to load...
2026-02-07 15:18:10,214 - scraper.selenium_scraper - INFO - Scrolling to load all auction cards...
2026-02-07 15:18:22,424 - scraper.selenium_scraper - INFO - Saved page screenshot to /home/runner/work/super-player-auction-scraper/super-player-auction-scraper/logs/screenshots/page_loaded_20260207151822.png
2026-02-07 15:18:22,424 - scraper.selenium_scraper - INFO - Looking for auction cards...
2026-02-07 15:18:22,446 - scraper.selenium_scraper - INFO - Found 20 auction cards
2026-02-07 15:18:23,165 - scraper.selenium_scraper - INFO - Scraped tournament 1: DJPL Season 8
2026-02-07 15:18:23,937 - scraper.selenium_scraper - INFO - Scraped tournament 2: TPL 2026 - MEN
2026-02-07 15:18:24,623 - scraper.selenium_scraper - INFO - Scraped tournament 3: SAI Premier League
2026-02-07 15:18:25,305 - scraper.selenium_scraper - INFO - Scraped tournament 4: Sspl
2026-02-07 15:18:25,986 - scraper.selenium_scraper - INFO - Scraped tournament 5: KEYSTONE SMART GLASS MCL - 7
2026-02-07 15:18:26,677 - scraper.selenium_scraper - INFO - Scraped tournament 6: TPL 2026 - WOMEN
2026-02-07 15:18:27,360 - scraper.selenium_scraper - INFO - Scraped tournament 7: INDORE MAHESHWARI PREMIER LEAGUE - 4
2026-02-07 15:18:28,041 - scraper.selenium_scraper - INFO - Scraped tournament 8: ELITE PREMIER LEAGUE
2026-02-07 15:18:28,722 - scraper.selenium_scraper - INFO - Scraped tournament 9: VISTA PREMIER LEAGUE SEASON 2
2026-02-07 15:18:29,403 - scraper.selenium_scraper - INFO - Scraped tournament 10: Bhaskar premier league season 9
2026-02-07 15:18:30,092 - scraper.selenium_scraper - INFO - Scraped tournament 11: TNPL SEASON 2
2026-02-07 15:18:30,774 - scraper.selenium_scraper - INFO - Scraped tournament 12: Calicut premier league Qatar
2026-02-07 15:18:31,456 - scraper.selenium_scraper - INFO - Scraped tournament 13: Slough Family League
2026-02-07 15:18:32,141 - scraper.selenium_scraper - INFO - Scraped tournament 14: SUBIC SRILANKAN PREMIER LEAGUE - SEASON 4 - 2026
2026-02-07 15:18:32,823 - scraper.selenium_scraper - INFO - Scraped tournament 15: PH2 Cricket League
2026-02-07 15:18:33,508 - scraper.selenium_scraper - INFO - Scraped tournament 16: Hind Sporting Premier League
2026-02-07 15:18:34,193 - scraper.selenium_scraper - INFO - Scraped tournament 17: RELIANCE SPL 2026
2026-02-07 15:18:34,892 - scraper.selenium_scraper - INFO - Scraped tournament 18: MCPL 2026
2026-02-07 15:18:35,574 - scraper.selenium_scraper - INFO - Scraped tournament 19: SIKAR PREMIER LEAGUE 2025
2026-02-07 15:18:36,266 - scraper.selenium_scraper - INFO - Scraped tournament 20: SUPER FOOTBALL CHAMPIONSHIP
2026-02-07 15:18:36,266 - root - INFO - Successfully scraped 20 tournaments
2026-02-07 15:18:36,266 - root - INFO - Saved scraped data to /home/runner/work/super-player-auction-scraper/super-player-auction-scraper/data/tournament_data_20260207-151836.json
2026-02-07 15:18:36,266 - root - INFO - Initializing Graph API
2026-02-07 15:18:36,267 - excel.graph_api - INFO - Extracted file ID: 9e836ed5-f58f-4dc7-a969-3c62b255f3ea
2026-02-07 15:18:36,267 - excel.graph_api - INFO - Extracted site ID: CorpDevaaf94619130d4a79af9f3aeae502bdb5
2026-02-07 15:18:36,267 - root - INFO - Authenticating with Microsoft Graph API
2026-02-07 15:18:36,733 - excel.graph_api - INFO - Authentication successful
2026-02-07 15:18:36,733 - root - INFO - Updating Excel sheet with scraped data
2026-02-07 15:18:37,499 - excel.graph_api - INFO - Retrieved drive ID: b!MXUqfmBgAkyqAi_g7J1PO_6yKSWnHbZCs3mpe4EkYuX6d8izcdJxRb78S6OW5SIB
2026-02-07 15:18:39,966 - excel.graph_api - INFO - Retrieved 1195 rows from Excel
2026-02-07 15:18:41,377 - excel.graph_api - INFO - Updating range A1197:M1197 with 1 new entries
2026-02-07 15:18:42,685 - excel.graph_api - INFO - Successfully added 1 new tournaments to Excel
2026-02-07 15:18:42,687 - root - INFO - Excel sheet updated successfully
2026-02-07 15:18:42,765 - scraper.selenium_scraper - INFO - Chrome driver closed
2026-02-07 15:18:42,765 - root - INFO - Selenium driver closed
2026-02-07 15:18:42,765 - root - INFO - Script execution completed
