2025-08-11 10:16:30,006 - root - INFO - Logger initialized successfully
2025-08-11 10:16:30,007 - root - INFO - Log file: /home/runner/work/super-player-auction-scraper/super-player-auction-scraper/logs/scraper_20250811_101630.log
2025-08-11 10:16:30,007 - root - INFO - Starting Super Player Auction scraper
2025-08-11 10:16:30,007 - utils.config - INFO - Credentials loaded from environment variables
2025-08-11 10:16:30,007 - utils.config - INFO - Settings loaded successfully
2025-08-11 10:16:30,007 - root - INFO - Initializing Selenium scraper
2025-08-11 10:16:30,007 - scraper.selenium_scraper - INFO - Running in GitHub Actions environment
2025-08-11 10:16:32,258 - scraper.selenium_scraper - INFO - Chrome driver initialized successfully
2025-08-11 10:16:32,258 - root - INFO - Scraping tournament data
2025-08-11 10:16:32,258 - scraper.selenium_scraper - INFO - Starting to scrape tournament data
2025-08-11 10:16:32,707 - scraper.selenium_scraper - INFO - Waiting for page to load...
2025-08-11 10:16:37,708 - scraper.selenium_scraper - INFO - Scrolling to load all auction cards...
2025-08-11 10:16:49,828 - scraper.selenium_scraper - INFO - Saved page screenshot to /home/runner/work/super-player-auction-scraper/super-player-auction-scraper/logs/screenshots/page_loaded_20250811101649.png
2025-08-11 10:16:49,828 - scraper.selenium_scraper - INFO - Looking for auction cards...
2025-08-11 10:16:49,866 - scraper.selenium_scraper - INFO - Found 20 auction cards
2025-08-11 10:16:50,583 - scraper.selenium_scraper - INFO - Scraped tournament 1: Vyapari Network Badminton League
2025-08-11 10:16:51,278 - scraper.selenium_scraper - INFO - Scraped tournament 2: CMA ALUMNI CRICKET LEAGUE-4
2025-08-11 10:16:52,035 - scraper.selenium_scraper - INFO - Scraped tournament 3: MPL Season 3
2025-08-11 10:16:52,724 - scraper.selenium_scraper - INFO - Scraped tournament 4: NPL Series 2
2025-08-11 10:16:53,414 - scraper.selenium_scraper - INFO - Scraped tournament 5: UNITY CUP Series Season 2 (2025-26)
2025-08-11 10:16:54,104 - scraper.selenium_scraper - INFO - Scraped tournament 6: ArjunDMUP
2025-08-11 10:16:54,794 - scraper.selenium_scraper - INFO - Scraped tournament 7: BPL SEASON 3
2025-08-11 10:16:55,489 - scraper.selenium_scraper - INFO - Scraped tournament 8: Canvas Warriors Cricket Carnival (CWCC),Season 1,2025
2025-08-11 10:16:56,178 - scraper.selenium_scraper - INFO - Scraped tournament 9: THE SPARTAN'S OLYMPICS 2025
2025-08-11 10:16:56,864 - scraper.selenium_scraper - INFO - Scraped tournament 10: WHIZBANG SEASON 12
2025-08-11 10:16:57,555 - scraper.selenium_scraper - INFO - Scraped tournament 11: BIG BASH LEAGUE
2025-08-11 10:16:58,270 - scraper.selenium_scraper - INFO - Scraped tournament 12: RAJANA CUP , RAJALDESAR 2025
2025-08-11 10:16:58,968 - scraper.selenium_scraper - INFO - Scraped tournament 13: SANDALWOOD PREMIER LEAGUE
2025-08-11 10:16:59,656 - scraper.selenium_scraper - INFO - Scraped tournament 14: LPL SEASON 4
2025-08-11 10:17:00,347 - scraper.selenium_scraper - INFO - Scraped tournament 15: ODA Kasliwal Trophy Squash Premier League
2025-08-11 10:17:01,036 - scraper.selenium_scraper - INFO - Scraped tournament 16: Friendship Cup Season 6
2025-08-11 10:17:01,731 - scraper.selenium_scraper - INFO - Scraped tournament 17: SPORTS CORNER LEAGUE (SEASON-2)
2025-08-11 10:17:02,425 - scraper.selenium_scraper - INFO - Scraped tournament 18: Sikar Ka IPL 2025
2025-08-11 10:17:03,113 - scraper.selenium_scraper - INFO - Scraped tournament 19: Aanjana premier League Sardarpura (Rana)
2025-08-11 10:17:03,818 - scraper.selenium_scraper - INFO - Scraped tournament 20: Karnataka Rajatha Cup 2025
2025-08-11 10:17:03,818 - root - INFO - Successfully scraped 20 tournaments
2025-08-11 10:17:03,819 - root - INFO - Saved scraped data to /home/runner/work/super-player-auction-scraper/super-player-auction-scraper/data/tournament_data_20250811-101703.json
2025-08-11 10:17:03,819 - root - INFO - Initializing Graph API
2025-08-11 10:17:03,819 - excel.graph_api - INFO - Extracted file ID: 9e836ed5-f58f-4dc7-a969-3c62b255f3ea
2025-08-11 10:17:03,819 - excel.graph_api - INFO - Extracted site ID: CorpDevaaf94619130d4a79af9f3aeae502bdb5
2025-08-11 10:17:03,819 - root - INFO - Authenticating with Microsoft Graph API
2025-08-11 10:17:04,064 - excel.graph_api - INFO - Authentication successful
2025-08-11 10:17:04,064 - root - INFO - Updating Excel sheet with scraped data
2025-08-11 10:17:04,415 - excel.graph_api - INFO - Retrieved drive ID: b!MXUqfmBgAkyqAi_g7J1PO_6yKSWnHbZCs3mpe4EkYuX6d8izcdJxRb78S6OW5SIB
2025-08-11 10:17:05,227 - excel.graph_api - INFO - Retrieved 367 rows from Excel
2025-08-11 10:17:05,743 - excel.graph_api - INFO - Updating range A369:M372 with 4 new entries
2025-08-11 10:17:06,643 - excel.graph_api - INFO - Successfully added 4 new tournaments to Excel
2025-08-11 10:17:06,645 - root - INFO - Excel sheet updated successfully
2025-08-11 10:17:06,713 - scraper.selenium_scraper - INFO - Chrome driver closed
2025-08-11 10:17:06,713 - root - INFO - Selenium driver closed
2025-08-11 10:17:06,713 - root - INFO - Script execution completed
