2026-06-08 17:44:40,677 - root - INFO - Logger initialized successfully
2026-06-08 17:44:40,678 - root - INFO - Log file: /home/runner/work/super-player-auction-scraper/super-player-auction-scraper/logs/scraper_20260608_174440.log
2026-06-08 17:44:40,678 - root - INFO - Starting Super Player Auction scraper
2026-06-08 17:44:40,678 - utils.config - INFO - Credentials loaded from environment variables
2026-06-08 17:44:40,678 - utils.config - INFO - Settings loaded successfully
2026-06-08 17:44:40,678 - root - INFO - Initializing Selenium scraper
2026-06-08 17:44:40,678 - scraper.selenium_scraper - INFO - Running in GitHub Actions environment
2026-06-08 17:44:42,187 - scraper.selenium_scraper - INFO - Chrome driver initialized successfully
2026-06-08 17:44:42,187 - root - INFO - Scraping tournament data
2026-06-08 17:44:42,187 - scraper.selenium_scraper - INFO - Starting to scrape tournament data
2026-06-08 17:44:42,658 - scraper.selenium_scraper - INFO - Waiting for page to load...
2026-06-08 17:44:47,664 - scraper.selenium_scraper - INFO - Scrolling to load all auction cards...
2026-06-08 17:44:59,783 - scraper.selenium_scraper - INFO - Saved page screenshot to /home/runner/work/super-player-auction-scraper/super-player-auction-scraper/logs/screenshots/page_loaded_20260608174459.png
2026-06-08 17:44:59,783 - scraper.selenium_scraper - INFO - Looking for auction cards...
2026-06-08 17:44:59,813 - scraper.selenium_scraper - INFO - Found 20 auction cards
2026-06-08 17:45:00,547 - scraper.selenium_scraper - INFO - Scraped tournament 1: Dream UTT Juniors Season 2
2026-06-08 17:45:01,238 - scraper.selenium_scraper - INFO - Scraped tournament 2: CBL Season 6
2026-06-08 17:45:01,956 - scraper.selenium_scraper - INFO - Scraped tournament 3: MALAPPURAM PREMIER LEAGUE S3 (RIYADH, KSA - 03 July 2026)
2026-06-08 17:45:02,643 - scraper.selenium_scraper - INFO - Scraped tournament 4: HEERAPUR PREMIER LEAGUE SEASON - 2
2026-06-08 17:45:03,336 - scraper.selenium_scraper - INFO - Scraped tournament 5: RRC - JEET KI JUNG
2026-06-08 17:45:04,027 - scraper.selenium_scraper - INFO - Scraped tournament 6: SUPER FOOTBALL CHAMPIONSHIP
2026-06-08 17:45:04,716 - scraper.selenium_scraper - INFO - Scraped tournament 7: DB CUP
2026-06-08 17:45:05,403 - scraper.selenium_scraper - INFO - Scraped tournament 8: REPUBLIC CUP 2.0
2026-06-08 17:45:06,096 - scraper.selenium_scraper - INFO - Scraped tournament 9: Auction Demo Jodi
2026-06-08 17:45:06,791 - scraper.selenium_scraper - INFO - Scraped tournament 10: Super Cricket League
2026-06-08 17:45:07,482 - scraper.selenium_scraper - INFO - Scraped tournament 11: SIKAR PREMIER LEAGUE 2025
2026-06-08 17:45:08,170 - scraper.selenium_scraper - INFO - Scraped tournament 12: BJP
2026-06-08 17:45:08,860 - scraper.selenium_scraper - INFO - Scraped tournament 13: SUPER LEAGUE GROUP
2026-06-08 17:45:09,548 - scraper.selenium_scraper - INFO - Scraped tournament 14: SUPER CRICKET LEAGUE
2026-06-08 17:45:10,238 - scraper.selenium_scraper - INFO - Scraped tournament 15: Sw Bheekh Singh Smrti RATIKALIN Kabddi PRATIYOGITA
2026-06-08 17:45:10,930 - scraper.selenium_scraper - INFO - Scraped tournament 16: CEYLON CRICKET LEAGUE
2026-06-08 17:45:11,617 - scraper.selenium_scraper - INFO - Scraped tournament 17: Sobha Badminton League - 2026
2026-06-08 17:45:12,312 - scraper.selenium_scraper - INFO - Scraped tournament 18: Battle Box season -3
2026-06-08 17:45:13,001 - scraper.selenium_scraper - INFO - Scraped tournament 19: ELITETANK SPORTS PRESENT SHIRSAT SPORTS WOMEN PREMIER LEAGUE 2026
2026-06-08 17:45:13,690 - scraper.selenium_scraper - INFO - Scraped tournament 20: ANNANUR PREMIER LEAGUE SEASON -3(APL -3)2026
2026-06-08 17:45:13,691 - root - INFO - Successfully scraped 20 tournaments
2026-06-08 17:45:13,691 - root - INFO - Saved scraped data to /home/runner/work/super-player-auction-scraper/super-player-auction-scraper/data/tournament_data_20260608-174513.json
2026-06-08 17:45:13,691 - root - INFO - Initializing Graph API
2026-06-08 17:45:13,691 - excel.graph_api - INFO - Extracted file ID: 9e836ed5-f58f-4dc7-a969-3c62b255f3ea
2026-06-08 17:45:13,691 - excel.graph_api - INFO - Extracted site ID: CorpDevaaf94619130d4a79af9f3aeae502bdb5
2026-06-08 17:45:13,691 - root - INFO - Authenticating with Microsoft Graph API
2026-06-08 17:45:13,831 - excel.graph_api - INFO - Authentication successful
2026-06-08 17:45:13,831 - root - INFO - Updating Excel sheet with scraped data
2026-06-08 17:45:14,743 - excel.graph_api - INFO - Retrieved drive ID: b!MXUqfmBgAkyqAi_g7J1PO_6yKSWnHbZCs3mpe4EkYuX6d8izcdJxRb78S6OW5SIB
2026-06-08 17:45:17,222 - excel.graph_api - INFO - Retrieved 1678 rows from Excel
2026-06-08 17:45:18,669 - excel.graph_api - INFO - Updating range A1680:Z1680 with 1 new entries
2026-06-08 17:45:20,303 - excel.graph_api - INFO - Successfully added 1 new tournaments to Excel
2026-06-08 17:45:20,305 - root - INFO - Excel sheet updated successfully
2026-06-08 17:45:20,384 - scraper.selenium_scraper - INFO - Chrome driver closed
2026-06-08 17:45:20,384 - root - INFO - Selenium driver closed
2026-06-08 17:45:20,384 - root - INFO - Script execution completed
