2025-09-21 10:12:30,386 - root - INFO - Logger initialized successfully
2025-09-21 10:12:30,386 - root - INFO - Log file: /home/runner/work/super-player-auction-scraper/super-player-auction-scraper/logs/scraper_20250921_101230.log
2025-09-21 10:12:30,386 - root - INFO - Starting Super Player Auction scraper
2025-09-21 10:12:30,386 - utils.config - INFO - Credentials loaded from environment variables
2025-09-21 10:12:30,387 - utils.config - INFO - Settings loaded successfully
2025-09-21 10:12:30,387 - root - INFO - Initializing Selenium scraper
2025-09-21 10:12:30,387 - scraper.selenium_scraper - INFO - Running in GitHub Actions environment
2025-09-21 10:12:34,981 - selenium.webdriver.common.selenium_manager - WARNING - The chromedriver version (140.0.7339.80) detected in PATH at /usr/bin/chromedriver might not be compatible with the detected chrome version (140.0.7339.80); currently, chromedriver 140.0.7339.185 is recommended for chrome 140.*, so it is advised to delete the driver in PATH and retry
2025-09-21 10:12:57,117 - scraper.selenium_scraper - INFO - Chrome driver initialized successfully
2025-09-21 10:12:57,117 - root - INFO - Scraping tournament data
2025-09-21 10:12:57,117 - scraper.selenium_scraper - INFO - Starting to scrape tournament data
2025-09-21 10:12:58,410 - scraper.selenium_scraper - INFO - Waiting for page to load...
2025-09-21 10:13:03,415 - scraper.selenium_scraper - INFO - Scrolling to load all auction cards...
2025-09-21 10:13:15,544 - scraper.selenium_scraper - INFO - Saved page screenshot to /home/runner/work/super-player-auction-scraper/super-player-auction-scraper/logs/screenshots/page_loaded_20250921101315.png
2025-09-21 10:13:15,544 - scraper.selenium_scraper - INFO - Looking for auction cards...
2025-09-21 10:13:15,627 - scraper.selenium_scraper - INFO - Found 20 auction cards
2025-09-21 10:13:16,346 - scraper.selenium_scraper - INFO - Scraped tournament 1: United Premier League Womens
2025-09-21 10:13:17,200 - scraper.selenium_scraper - INFO - Scraped tournament 2: Sunday Cricket League 2025
2025-09-21 10:13:17,888 - scraper.selenium_scraper - INFO - Scraped tournament 3: UPL CHAPTER 3.0 CRICKET TOURNAMENT
2025-09-21 10:13:18,570 - scraper.selenium_scraper - INFO - Scraped tournament 4: CHHATTISGARH LEAGUE OF LEGENDS
2025-09-21 10:13:19,252 - scraper.selenium_scraper - INFO - Scraped tournament 5: JOI Premier League Auction Female
2025-09-21 10:13:19,936 - scraper.selenium_scraper - INFO - Scraped tournament 6: JOI Premier League Auction Male
2025-09-21 10:13:20,620 - scraper.selenium_scraper - INFO - Scraped tournament 7: United Premier League (Father's)
2025-09-21 10:13:21,298 - scraper.selenium_scraper - INFO - Scraped tournament 8: BHAGALPUR CRICKET LEAGUE
2025-09-21 10:13:21,976 - scraper.selenium_scraper - INFO - Scraped tournament 9: NPL Titan Cup
2025-09-21 10:13:22,658 - scraper.selenium_scraper - INFO - Scraped tournament 10: VPL 2.0
2025-09-21 10:13:23,356 - scraper.selenium_scraper - INFO - Scraped tournament 11: SPORTS ASSEMBLY PREMIER LEAGUE SEASON 9
2025-09-21 10:13:24,034 - scraper.selenium_scraper - INFO - Scraped tournament 12: KCL-2
2025-09-21 10:13:24,713 - scraper.selenium_scraper - INFO - Scraped tournament 13: UDYAWAR PREMIER LEAGUE
2025-09-21 10:13:25,402 - scraper.selenium_scraper - INFO - Scraped tournament 14: SMN SMASHERS BELTHANGADY
2025-09-21 10:13:26,083 - scraper.selenium_scraper - INFO - Scraped tournament 15: ANCHOR PREMIER LEAGUE - FEMALE
2025-09-21 10:13:26,768 - scraper.selenium_scraper - INFO - Scraped tournament 16: JPL-1 (JETAWADA PREMIER LEAGUE-1)
2025-09-21 10:13:27,448 - scraper.selenium_scraper - INFO - Scraped tournament 17: ANCHOR PREMIER LEAGUE - MALE
2025-09-21 10:13:28,129 - scraper.selenium_scraper - INFO - Scraped tournament 18: Barmer Jain Premier League
2025-09-21 10:13:28,819 - scraper.selenium_scraper - INFO - Scraped tournament 19: Pathanamthitta Cricket League
2025-09-21 10:13:29,497 - scraper.selenium_scraper - INFO - Scraped tournament 20: Gorakhpur T10 Champions league
2025-09-21 10:13:29,497 - root - INFO - Successfully scraped 20 tournaments
2025-09-21 10:13:29,497 - root - INFO - Saved scraped data to /home/runner/work/super-player-auction-scraper/super-player-auction-scraper/data/tournament_data_20250921-101329.json
2025-09-21 10:13:29,497 - root - INFO - Initializing Graph API
2025-09-21 10:13:29,498 - excel.graph_api - INFO - Extracted file ID: 9e836ed5-f58f-4dc7-a969-3c62b255f3ea
2025-09-21 10:13:29,498 - excel.graph_api - INFO - Extracted site ID: CorpDevaaf94619130d4a79af9f3aeae502bdb5
2025-09-21 10:13:29,498 - root - INFO - Authenticating with Microsoft Graph API
2025-09-21 10:13:29,964 - excel.graph_api - INFO - Authentication successful
2025-09-21 10:13:29,964 - root - INFO - Updating Excel sheet with scraped data
2025-09-21 10:13:30,306 - excel.graph_api - INFO - Retrieved drive ID: b!MXUqfmBgAkyqAi_g7J1PO_6yKSWnHbZCs3mpe4EkYuX6d8izcdJxRb78S6OW5SIB
2025-09-21 10:13:31,285 - excel.graph_api - INFO - Retrieved 527 rows from Excel
2025-09-21 10:13:31,886 - excel.graph_api - INFO - Updating range A529:M534 with 6 new entries
2025-09-21 10:13:32,763 - excel.graph_api - INFO - Successfully added 6 new tournaments to Excel
2025-09-21 10:13:32,765 - root - INFO - Excel sheet updated successfully
2025-09-21 10:13:32,831 - scraper.selenium_scraper - INFO - Chrome driver closed
2025-09-21 10:13:32,832 - root - INFO - Selenium driver closed
2025-09-21 10:13:32,832 - root - INFO - Script execution completed
