2025-12-10 15:17:22,863 - root - INFO - Logger initialized successfully
2025-12-10 15:17:22,863 - root - INFO - Log file: /home/runner/work/super-player-auction-scraper/super-player-auction-scraper/logs/scraper_20251210_151722.log
2025-12-10 15:17:22,863 - root - INFO - Starting Super Player Auction scraper
2025-12-10 15:17:22,864 - utils.config - INFO - Credentials loaded from environment variables
2025-12-10 15:17:22,864 - utils.config - INFO - Settings loaded successfully
2025-12-10 15:17:22,864 - root - INFO - Initializing Selenium scraper
2025-12-10 15:17:22,864 - scraper.selenium_scraper - INFO - Running in GitHub Actions environment
2025-12-10 15:17:29,046 - scraper.selenium_scraper - INFO - Chrome driver initialized successfully
2025-12-10 15:17:29,046 - root - INFO - Scraping tournament data
2025-12-10 15:17:29,046 - scraper.selenium_scraper - INFO - Starting to scrape tournament data
2025-12-10 15:17:29,842 - scraper.selenium_scraper - INFO - Waiting for page to load...
2025-12-10 15:17:34,847 - scraper.selenium_scraper - INFO - Scrolling to load all auction cards...
2025-12-10 15:17:46,960 - scraper.selenium_scraper - INFO - Saved page screenshot to /home/runner/work/super-player-auction-scraper/super-player-auction-scraper/logs/screenshots/page_loaded_20251210151746.png
2025-12-10 15:17:46,960 - scraper.selenium_scraper - INFO - Looking for auction cards...
2025-12-10 15:17:46,990 - scraper.selenium_scraper - INFO - Found 20 auction cards
2025-12-10 15:17:47,724 - scraper.selenium_scraper - INFO - Scraped tournament 1: GPL Badminton 2026
2025-12-10 15:17:48,451 - scraper.selenium_scraper - INFO - Scraped tournament 2: ECPL 2026
2025-12-10 15:17:49,151 - scraper.selenium_scraper - INFO - Scraped tournament 3: Emporia Premier League
2025-12-10 15:17:49,863 - scraper.selenium_scraper - INFO - Scraped tournament 4: JITO ATHLON -FOOTBALL
2025-12-10 15:17:50,559 - scraper.selenium_scraper - INFO - Scraped tournament 5: JITO ATHLON - FULL PITCH CRICKET
2025-12-10 15:17:51,254 - scraper.selenium_scraper - INFO - Scraped tournament 6: MIPL
2025-12-10 15:17:51,947 - scraper.selenium_scraper - INFO - Scraped tournament 7: IHCL MEN
2025-12-10 15:17:52,639 - scraper.selenium_scraper - INFO - Scraped tournament 8: IHCL WOMEN
2025-12-10 15:17:53,328 - scraper.selenium_scraper - INFO - Scraped tournament 9: SAPPHIRE PREMIER LEAGUE
2025-12-10 15:17:54,027 - scraper.selenium_scraper - INFO - Scraped tournament 10: MFCL Season 5
2025-12-10 15:17:54,727 - scraper.selenium_scraper - INFO - Scraped tournament 11: Panchal Premier League - 10 , Vadodara
2025-12-10 15:17:55,415 - scraper.selenium_scraper - INFO - Scraped tournament 12: Bandra Premier League Season 6
2025-12-10 15:17:56,107 - scraper.selenium_scraper - INFO - Scraped tournament 13: RATNA KYS PREMIER LEAGUE - MALE
2025-12-10 15:17:56,798 - scraper.selenium_scraper - INFO - Scraped tournament 14: Gunupur Tennis League - Season 2
2025-12-10 15:17:57,492 - scraper.selenium_scraper - INFO - Scraped tournament 15: Diamond REALTY CCL SEASON 3
2025-12-10 15:17:58,187 - scraper.selenium_scraper - INFO - Scraped tournament 16: BUILDWELL PREMIER LEAGUE
2025-12-10 15:17:58,882 - scraper.selenium_scraper - INFO - Scraped tournament 17: TNPL PREMIER LEAGUE SEASON 4
2025-12-10 15:17:59,579 - scraper.selenium_scraper - INFO - Scraped tournament 18: Sindhi Premier League 6.0
2025-12-10 15:18:00,268 - scraper.selenium_scraper - INFO - Scraped tournament 19: MULUMUDI PREMIER LEAGUE 2026 AUCTION
2025-12-10 15:18:00,962 - scraper.selenium_scraper - INFO - Scraped tournament 20: YELLAM PREMIER LEAGUE
2025-12-10 15:18:00,962 - root - INFO - Successfully scraped 20 tournaments
2025-12-10 15:18:00,962 - root - INFO - Saved scraped data to /home/runner/work/super-player-auction-scraper/super-player-auction-scraper/data/tournament_data_20251210-151800.json
2025-12-10 15:18:00,962 - root - INFO - Initializing Graph API
2025-12-10 15:18:00,963 - excel.graph_api - INFO - Extracted file ID: 9e836ed5-f58f-4dc7-a969-3c62b255f3ea
2025-12-10 15:18:00,963 - excel.graph_api - INFO - Extracted site ID: CorpDevaaf94619130d4a79af9f3aeae502bdb5
2025-12-10 15:18:00,963 - root - INFO - Authenticating with Microsoft Graph API
2025-12-10 15:18:01,369 - excel.graph_api - INFO - Authentication successful
2025-12-10 15:18:01,369 - root - INFO - Updating Excel sheet with scraped data
2025-12-10 15:18:02,622 - excel.graph_api - INFO - Retrieved drive ID: b!MXUqfmBgAkyqAi_g7J1PO_6yKSWnHbZCs3mpe4EkYuX6d8izcdJxRb78S6OW5SIB
2025-12-10 15:18:04,530 - excel.graph_api - INFO - Retrieved 830 rows from Excel
2025-12-10 15:18:05,589 - excel.graph_api - INFO - Updating range A832:M833 with 2 new entries
2025-12-10 15:18:06,708 - excel.graph_api - INFO - Successfully added 2 new tournaments to Excel
2025-12-10 15:18:06,709 - root - INFO - Excel sheet updated successfully
2025-12-10 15:18:06,779 - scraper.selenium_scraper - INFO - Chrome driver closed
2025-12-10 15:18:06,779 - root - INFO - Selenium driver closed
2025-12-10 15:18:06,780 - root - INFO - Script execution completed
