2026-01-01 15:14:20,343 - root - INFO - Logger initialized successfully
2026-01-01 15:14:20,343 - root - INFO - Log file: /home/runner/work/super-player-auction-scraper/super-player-auction-scraper/logs/scraper_20260101_151420.log
2026-01-01 15:14:20,343 - root - INFO - Starting Super Player Auction scraper
2026-01-01 15:14:20,343 - utils.config - INFO - Credentials loaded from environment variables
2026-01-01 15:14:20,343 - utils.config - INFO - Settings loaded successfully
2026-01-01 15:14:20,343 - root - INFO - Initializing Selenium scraper
2026-01-01 15:14:20,344 - scraper.selenium_scraper - INFO - Running in GitHub Actions environment
2026-01-01 15:14:21,546 - selenium.webdriver.common.selenium_manager - WARNING - The chromedriver version (143.0.7499.42) detected in PATH at /usr/bin/chromedriver might not be compatible with the detected chrome version (143.0.7499.109); currently, chromedriver 143.0.7499.169 is recommended for chrome 143.*, so it is advised to delete the driver in PATH and retry
2026-01-01 15:14:26,524 - scraper.selenium_scraper - INFO - Chrome driver initialized successfully
2026-01-01 15:14:26,524 - root - INFO - Scraping tournament data
2026-01-01 15:14:26,524 - scraper.selenium_scraper - INFO - Starting to scrape tournament data
2026-01-01 15:14:27,450 - scraper.selenium_scraper - INFO - Waiting for page to load...
2026-01-01 15:14:32,455 - scraper.selenium_scraper - INFO - Scrolling to load all auction cards...
2026-01-01 15:14:44,567 - scraper.selenium_scraper - INFO - Saved page screenshot to /home/runner/work/super-player-auction-scraper/super-player-auction-scraper/logs/screenshots/page_loaded_20260101151444.png
2026-01-01 15:14:44,567 - scraper.selenium_scraper - INFO - Looking for auction cards...
2026-01-01 15:14:44,589 - scraper.selenium_scraper - INFO - Found 20 auction cards
2026-01-01 15:14:45,313 - scraper.selenium_scraper - INFO - Scraped tournament 1: PARAKRAM 7.0
2026-01-01 15:14:46,030 - scraper.selenium_scraper - INFO - Scraped tournament 2: DPL 2026
2026-01-01 15:14:46,719 - scraper.selenium_scraper - INFO - Scraped tournament 3: Bong Cricket Carnival Season 3
2026-01-01 15:14:47,406 - scraper.selenium_scraper - INFO - Scraped tournament 4: KTPL Football Tournament Season 4
2026-01-01 15:14:48,094 - scraper.selenium_scraper - INFO - Scraped tournament 5: BPL 2026
2026-01-01 15:14:48,789 - scraper.selenium_scraper - INFO - Scraped tournament 6: Sindhi Premier League 6.0
2026-01-01 15:14:49,476 - scraper.selenium_scraper - INFO - Scraped tournament 7: SIKAR PREMIER LEAGUE 2025
2026-01-01 15:14:50,162 - scraper.selenium_scraper - INFO - Scraped tournament 8: SUPER FOOTBALL CHAMPIONSHIP
2026-01-01 15:14:50,849 - scraper.selenium_scraper - INFO - Scraped tournament 9: ACG Inspection Cricket Tournament 2026
2026-01-01 15:14:51,535 - scraper.selenium_scraper - INFO - Scraped tournament 10: RPL 4 MUMBAI
2026-01-01 15:14:52,230 - scraper.selenium_scraper - INFO - Scraped tournament 11: BPL SEASON-2
2026-01-01 15:14:52,915 - scraper.selenium_scraper - INFO - Scraped tournament 12: Amarante Premier League S - 9
2026-01-01 15:14:53,602 - scraper.selenium_scraper - INFO - Scraped tournament 13: Siyana Rudra Cup
2026-01-01 15:14:54,290 - scraper.selenium_scraper - INFO - Scraped tournament 14: Canvas Warriors Legendary League, Season 1,2026
2026-01-01 15:14:54,975 - scraper.selenium_scraper - INFO - Scraped tournament 15: THAKURDWAR CRICKET LEAGUE
2026-01-01 15:14:55,664 - scraper.selenium_scraper - INFO - Scraped tournament 16: Mana Premier League Season3
2026-01-01 15:14:56,355 - scraper.selenium_scraper - INFO - Scraped tournament 17: IPS Cricket League Season 2 Player Auction
2026-01-01 15:14:57,045 - scraper.selenium_scraper - INFO - Scraped tournament 18: Zoroastrian Volleyball Premier League
2026-01-01 15:14:57,731 - scraper.selenium_scraper - INFO - Scraped tournament 19: BCPL SEASON 1
2026-01-01 15:14:58,425 - scraper.selenium_scraper - INFO - Scraped tournament 20: BPL
2026-01-01 15:14:58,425 - root - INFO - Successfully scraped 20 tournaments
2026-01-01 15:14:58,425 - root - INFO - Saved scraped data to /home/runner/work/super-player-auction-scraper/super-player-auction-scraper/data/tournament_data_20260101-151458.json
2026-01-01 15:14:58,425 - root - INFO - Initializing Graph API
2026-01-01 15:14:58,426 - excel.graph_api - INFO - Extracted file ID: 9e836ed5-f58f-4dc7-a969-3c62b255f3ea
2026-01-01 15:14:58,426 - excel.graph_api - INFO - Extracted site ID: CorpDevaaf94619130d4a79af9f3aeae502bdb5
2026-01-01 15:14:58,426 - root - INFO - Authenticating with Microsoft Graph API
2026-01-01 15:14:58,617 - excel.graph_api - INFO - Authentication successful
2026-01-01 15:14:58,617 - root - INFO - Updating Excel sheet with scraped data
2026-01-01 15:14:58,910 - excel.graph_api - INFO - Retrieved drive ID: b!MXUqfmBgAkyqAi_g7J1PO_6yKSWnHbZCs3mpe4EkYuX6d8izcdJxRb78S6OW5SIB
2026-01-01 15:14:59,924 - excel.graph_api - INFO - Retrieved 976 rows from Excel
2026-01-01 15:15:00,769 - excel.graph_api - INFO - Updating range A978:M979 with 2 new entries
2026-01-01 15:15:01,690 - excel.graph_api - INFO - Successfully added 2 new tournaments to Excel
2026-01-01 15:15:01,692 - root - INFO - Excel sheet updated successfully
2026-01-01 15:15:01,762 - scraper.selenium_scraper - INFO - Chrome driver closed
2026-01-01 15:15:01,762 - root - INFO - Selenium driver closed
2026-01-01 15:15:01,762 - root - INFO - Script execution completed
