2025-07-18 10:16:07,456 - root - INFO - Logger initialized successfully
2025-07-18 10:16:07,456 - root - INFO - Log file: /home/runner/work/super-player-auction-scraper/super-player-auction-scraper/logs/scraper_20250718_101607.log
2025-07-18 10:16:07,456 - root - INFO - Starting Super Player Auction scraper
2025-07-18 10:16:07,456 - utils.config - INFO - Credentials loaded from environment variables
2025-07-18 10:16:07,456 - utils.config - INFO - Settings loaded successfully
2025-07-18 10:16:07,456 - root - INFO - Initializing Selenium scraper
2025-07-18 10:16:07,456 - scraper.selenium_scraper - INFO - Running in GitHub Actions environment
2025-07-18 10:16:08,989 - selenium.webdriver.common.selenium_manager - WARNING - The chromedriver version (138.0.7204.94) detected in PATH at /usr/bin/chromedriver might not be compatible with the detected chrome version (138.0.7204.100); currently, chromedriver 138.0.7204.157 is recommended for chrome 138.*, so it is advised to delete the driver in PATH and retry
2025-07-18 10:16:15,145 - scraper.selenium_scraper - INFO - Chrome driver initialized successfully
2025-07-18 10:16:15,145 - root - INFO - Scraping tournament data
2025-07-18 10:16:15,145 - scraper.selenium_scraper - INFO - Starting to scrape tournament data
2025-07-18 10:16:16,150 - scraper.selenium_scraper - INFO - Waiting for page to load...
2025-07-18 10:16:21,154 - scraper.selenium_scraper - INFO - Scrolling to load all auction cards...
2025-07-18 10:16:33,271 - scraper.selenium_scraper - INFO - Saved page screenshot to /home/runner/work/super-player-auction-scraper/super-player-auction-scraper/logs/screenshots/page_loaded_20250718101633.png
2025-07-18 10:16:33,271 - scraper.selenium_scraper - INFO - Looking for auction cards...
2025-07-18 10:16:33,301 - scraper.selenium_scraper - INFO - Found 20 auction cards
2025-07-18 10:16:34,025 - scraper.selenium_scraper - INFO - Scraped tournament 1: Nepalese Premier Leauge - Melbourne Season 1
2025-07-18 10:16:34,755 - scraper.selenium_scraper - INFO - Scraped tournament 2: Vivarea Badminton League 2025
2025-07-18 10:16:35,519 - scraper.selenium_scraper - INFO - Scraped tournament 3: Tekri Premier League
2025-07-18 10:16:36,217 - scraper.selenium_scraper - INFO - Scraped tournament 4: 6 SILVER BT10 SEASON 3 2025
2025-07-18 10:16:36,914 - scraper.selenium_scraper - INFO - Scraped tournament 5: ArjunDMUP
2025-07-18 10:16:37,609 - scraper.selenium_scraper - INFO - Scraped tournament 6: OSAIMI INTERNAL CRICKET TOURNAMENT
2025-07-18 10:16:38,310 - scraper.selenium_scraper - INFO - Scraped tournament 7: NPL Series 2
2025-07-18 10:16:39,004 - scraper.selenium_scraper - INFO - Scraped tournament 8: Karnataka Rajatha Cup 2025
2025-07-18 10:16:39,716 - scraper.selenium_scraper - INFO - Scraped tournament 9: Young Boys Rain Cricket
2025-07-18 10:16:40,413 - scraper.selenium_scraper - INFO - Scraped tournament 10: TOLIYASAR PREMIER LEAGUE (TPL) SEASON 2
2025-07-18 10:16:41,120 - scraper.selenium_scraper - INFO - Scraped tournament 11: GRAMIN PREMIER LEAGUE SEASON 3
2025-07-18 10:16:41,818 - scraper.selenium_scraper - INFO - Scraped tournament 12: MARK10 FREEDOM CUP 2.0
2025-07-18 10:16:42,512 - scraper.selenium_scraper - INFO - Scraped tournament 13: SANDALWOOD PREMIER LEAGUE
2025-07-18 10:16:43,212 - scraper.selenium_scraper - INFO - Scraped tournament 14: BPL SEASON 3
2025-07-18 10:16:43,910 - scraper.selenium_scraper - INFO - Scraped tournament 15: Petlurivaripalm Premier League Season -1
2025-07-18 10:16:44,618 - scraper.selenium_scraper - INFO - Scraped tournament 16: Dholi Samaj Premiere League Sisseion-2
2025-07-18 10:16:45,317 - scraper.selenium_scraper - INFO - Scraped tournament 17: SARKHI STCL 2025
2025-07-18 10:16:46,014 - scraper.selenium_scraper - INFO - Scraped tournament 18: Bhagath Singh Premier Legue
2025-07-18 10:16:46,713 - scraper.selenium_scraper - INFO - Scraped tournament 19: The Auction House
2025-07-18 10:16:47,404 - scraper.selenium_scraper - INFO - Scraped tournament 20: DOCTOR BHEEMRAV AMBEDKAR
2025-07-18 10:16:47,405 - root - INFO - Successfully scraped 20 tournaments
2025-07-18 10:16:47,405 - root - INFO - Saved scraped data to /home/runner/work/super-player-auction-scraper/super-player-auction-scraper/data/tournament_data_20250718-101647.json
2025-07-18 10:16:47,405 - root - INFO - Initializing Graph API
2025-07-18 10:16:47,406 - excel.graph_api - INFO - Extracted file ID: 9e836ed5-f58f-4dc7-a969-3c62b255f3ea
2025-07-18 10:16:47,406 - excel.graph_api - INFO - Extracted site ID: CorpDevaaf94619130d4a79af9f3aeae502bdb5
2025-07-18 10:16:47,406 - root - INFO - Authenticating with Microsoft Graph API
2025-07-18 10:16:47,755 - excel.graph_api - INFO - Authentication successful
2025-07-18 10:16:47,755 - root - INFO - Updating Excel sheet with scraped data
2025-07-18 10:16:48,010 - excel.graph_api - INFO - Retrieved drive ID: b!MXUqfmBgAkyqAi_g7J1PO_6yKSWnHbZCs3mpe4EkYuX6d8izcdJxRb78S6OW5SIB
2025-07-18 10:16:49,404 - excel.graph_api - INFO - Retrieved 302 rows from Excel
2025-07-18 10:16:50,569 - excel.graph_api - INFO - Updating range A304:M305 with 2 new entries
2025-07-18 10:16:52,028 - excel.graph_api - INFO - Successfully added 2 new tournaments to Excel
2025-07-18 10:16:52,029 - root - INFO - Excel sheet updated successfully
2025-07-18 10:16:52,099 - scraper.selenium_scraper - INFO - Chrome driver closed
2025-07-18 10:16:52,099 - root - INFO - Selenium driver closed
2025-07-18 10:16:52,099 - root - INFO - Script execution completed
