2025-09-29 10:15:06,165 - root - INFO - Logger initialized successfully
2025-09-29 10:15:06,166 - root - INFO - Log file: /home/runner/work/super-player-auction-scraper/super-player-auction-scraper/logs/scraper_20250929_101506.log
2025-09-29 10:15:06,166 - root - INFO - Starting Super Player Auction scraper
2025-09-29 10:15:06,166 - utils.config - INFO - Credentials loaded from environment variables
2025-09-29 10:15:06,166 - utils.config - INFO - Settings loaded successfully
2025-09-29 10:15:06,166 - root - INFO - Initializing Selenium scraper
2025-09-29 10:15:06,166 - scraper.selenium_scraper - INFO - Running in GitHub Actions environment
2025-09-29 10:15:07,509 - selenium.webdriver.common.selenium_manager - WARNING - The chromedriver version (140.0.7339.185) detected in PATH at /usr/bin/chromedriver might not be compatible with the detected chrome version (140.0.7339.185); currently, chromedriver 140.0.7339.207 is recommended for chrome 140.*, so it is advised to delete the driver in PATH and retry
2025-09-29 10:15:10,523 - scraper.selenium_scraper - INFO - Chrome driver initialized successfully
2025-09-29 10:15:10,523 - root - INFO - Scraping tournament data
2025-09-29 10:15:10,523 - scraper.selenium_scraper - INFO - Starting to scrape tournament data
2025-09-29 10:15:10,865 - scraper.selenium_scraper - INFO - Waiting for page to load...
2025-09-29 10:15:15,870 - scraper.selenium_scraper - INFO - Scrolling to load all auction cards...
2025-09-29 10:15:27,976 - scraper.selenium_scraper - INFO - Saved page screenshot to /home/runner/work/super-player-auction-scraper/super-player-auction-scraper/logs/screenshots/page_loaded_20250929101527.png
2025-09-29 10:15:27,976 - scraper.selenium_scraper - INFO - Looking for auction cards...
2025-09-29 10:15:28,002 - scraper.selenium_scraper - INFO - Found 20 auction cards
2025-09-29 10:15:28,729 - scraper.selenium_scraper - INFO - Scraped tournament 1: SmashIT v7 2025
2025-09-29 10:15:29,424 - scraper.selenium_scraper - INFO - Scraped tournament 2: Elements Premier League (EPL)
2025-09-29 10:15:30,116 - scraper.selenium_scraper - INFO - Scraped tournament 3: JOI Premier League Auction Female
2025-09-29 10:15:30,805 - scraper.selenium_scraper - INFO - Scraped tournament 4: JOI Premier League Auction Male
2025-09-29 10:15:31,494 - scraper.selenium_scraper - INFO - Scraped tournament 5: CAMBRIDGE ALUMNI CRICKET CHAMPIONSHIP 2025-26
2025-09-29 10:15:32,187 - scraper.selenium_scraper - INFO - Scraped tournament 6: UPL SEASON 6
2025-09-29 10:15:32,878 - scraper.selenium_scraper - INFO - Scraped tournament 7: Petlurivaripalem Premier League Season -1
2025-09-29 10:15:33,564 - scraper.selenium_scraper - INFO - Scraped tournament 8: 2N_DESIGNER'S PREMIER LEAGUE SEASON IV
2025-09-29 10:15:34,253 - scraper.selenium_scraper - INFO - Scraped tournament 9: SHIMOGA PREMIER BADMINTON LEAGUE 2.O
2025-09-29 10:15:34,956 - scraper.selenium_scraper - INFO - Scraped tournament 10: Monsoon Box League Season 3
2025-09-29 10:15:35,644 - scraper.selenium_scraper - INFO - Scraped tournament 11: CHHATTISGARH LEAGUE OF LEGENDS
2025-09-29 10:15:36,332 - scraper.selenium_scraper - INFO - Scraped tournament 12: RANUJ GAM CRICKET LEAGUE
2025-09-29 10:15:37,022 - scraper.selenium_scraper - INFO - Scraped tournament 13: United Premier League (Father's)
2025-09-29 10:15:37,722 - scraper.selenium_scraper - INFO - Scraped tournament 14: United Premier League Womens
2025-09-29 10:15:38,412 - scraper.selenium_scraper - INFO - Scraped tournament 15: Dambab Premier League 2025
2025-09-29 10:15:39,106 - scraper.selenium_scraper - INFO - Scraped tournament 16: BHAGALPUR CRICKET LEAGUE
2025-09-29 10:15:39,800 - scraper.selenium_scraper - INFO - Scraped tournament 17: NPL Titan Cup
2025-09-29 10:15:40,505 - scraper.selenium_scraper - INFO - Scraped tournament 18: RPL SEASON 1
2025-09-29 10:15:41,202 - scraper.selenium_scraper - INFO - Scraped tournament 19: BMCL SEASON-3
2025-09-29 10:15:41,889 - scraper.selenium_scraper - INFO - Scraped tournament 20: Ador Premier League Season 6
2025-09-29 10:15:41,889 - root - INFO - Successfully scraped 20 tournaments
2025-09-29 10:15:41,890 - root - INFO - Saved scraped data to /home/runner/work/super-player-auction-scraper/super-player-auction-scraper/data/tournament_data_20250929-101541.json
2025-09-29 10:15:41,890 - root - INFO - Initializing Graph API
2025-09-29 10:15:41,890 - excel.graph_api - INFO - Extracted file ID: 9e836ed5-f58f-4dc7-a969-3c62b255f3ea
2025-09-29 10:15:41,890 - excel.graph_api - INFO - Extracted site ID: CorpDevaaf94619130d4a79af9f3aeae502bdb5
2025-09-29 10:15:41,890 - root - INFO - Authenticating with Microsoft Graph API
2025-09-29 10:15:42,153 - excel.graph_api - INFO - Authentication successful
2025-09-29 10:15:42,154 - root - INFO - Updating Excel sheet with scraped data
2025-09-29 10:15:42,682 - excel.graph_api - INFO - Retrieved drive ID: b!MXUqfmBgAkyqAi_g7J1PO_6yKSWnHbZCs3mpe4EkYuX6d8izcdJxRb78S6OW5SIB
2025-09-29 10:15:44,240 - excel.graph_api - INFO - Retrieved 563 rows from Excel
2025-09-29 10:15:45,332 - excel.graph_api - INFO - Updating range A565:M565 with 1 new entries
2025-09-29 10:15:46,503 - excel.graph_api - INFO - Successfully added 1 new tournaments to Excel
2025-09-29 10:15:46,504 - root - INFO - Excel sheet updated successfully
2025-09-29 10:15:46,571 - scraper.selenium_scraper - INFO - Chrome driver closed
2025-09-29 10:15:46,571 - root - INFO - Selenium driver closed
2025-09-29 10:15:46,571 - root - INFO - Script execution completed
