2026-01-12 10:19:14,619 - root - INFO - Logger initialized successfully
2026-01-12 10:19:14,620 - root - INFO - Log file: /home/runner/work/super-player-auction-scraper/super-player-auction-scraper/logs/scraper_20260112_101914.log
2026-01-12 10:19:14,620 - root - INFO - Starting Super Player Auction scraper
2026-01-12 10:19:14,620 - utils.config - INFO - Credentials loaded from environment variables
2026-01-12 10:19:14,620 - utils.config - INFO - Settings loaded successfully
2026-01-12 10:19:14,620 - root - INFO - Initializing Selenium scraper
2026-01-12 10:19:14,620 - scraper.selenium_scraper - INFO - Running in GitHub Actions environment
2026-01-12 10:19:16,591 - selenium.webdriver.common.selenium_manager - WARNING - The chromedriver version (143.0.7499.169) detected in PATH at /usr/bin/chromedriver might not be compatible with the detected chrome version (143.0.7499.169); currently, chromedriver 143.0.7499.192 is recommended for chrome 143.*, so it is advised to delete the driver in PATH and retry
2026-01-12 10:19:30,028 - scraper.selenium_scraper - INFO - Chrome driver initialized successfully
2026-01-12 10:19:30,028 - root - INFO - Scraping tournament data
2026-01-12 10:19:30,028 - scraper.selenium_scraper - INFO - Starting to scrape tournament data
2026-01-12 10:19:31,853 - scraper.selenium_scraper - INFO - Waiting for page to load...
2026-01-12 10:19:36,858 - scraper.selenium_scraper - INFO - Scrolling to load all auction cards...
2026-01-12 10:19:49,010 - scraper.selenium_scraper - INFO - Saved page screenshot to /home/runner/work/super-player-auction-scraper/super-player-auction-scraper/logs/screenshots/page_loaded_20260112101948.png
2026-01-12 10:19:49,011 - scraper.selenium_scraper - INFO - Looking for auction cards...
2026-01-12 10:19:49,033 - scraper.selenium_scraper - INFO - Found 20 auction cards
2026-01-12 10:19:49,746 - scraper.selenium_scraper - INFO - Scraped tournament 1: DI PUNE SEASON - 2
2026-01-12 10:19:50,433 - scraper.selenium_scraper - INFO - Scraped tournament 2: SPSV Cricket League 2026
2026-01-12 10:19:51,176 - scraper.selenium_scraper - INFO - Scraped tournament 3: Jolly Premier League-2026
2026-01-12 10:19:51,858 - scraper.selenium_scraper - INFO - Scraped tournament 4: ABPL - Season 5 | 2026 | Auction
2026-01-12 10:19:52,539 - scraper.selenium_scraper - INFO - Scraped tournament 5: SIKAR PREMIER LEAGUE 2025
2026-01-12 10:19:53,222 - scraper.selenium_scraper - INFO - Scraped tournament 6: SUPER FOOTBALL CHAMPIONSHIP
2026-01-12 10:19:53,905 - scraper.selenium_scraper - INFO - Scraped tournament 7: Muslim Premier League Bhilai Season 1
2026-01-12 10:19:54,594 - scraper.selenium_scraper - INFO - Scraped tournament 8: REPUBLIC CUP 2.0
2026-01-12 10:19:55,276 - scraper.selenium_scraper - INFO - Scraped tournament 9: SCL - 2
2026-01-12 10:19:55,953 - scraper.selenium_scraper - INFO - Scraped tournament 10: CCL 6
2026-01-12 10:19:56,639 - scraper.selenium_scraper - INFO - Scraped tournament 11: Jizan Premier league -3 ICON
2026-01-12 10:19:57,332 - scraper.selenium_scraper - INFO - Scraped tournament 12: Jizan Premier league -3
2026-01-12 10:19:58,012 - scraper.selenium_scraper - INFO - Scraped tournament 13: KPL
2026-01-12 10:19:58,696 - scraper.selenium_scraper - INFO - Scraped tournament 14: PHOENIX - GOLDEN EAGLES CRICKET CARNIVAL SEASON 5
2026-01-12 10:19:59,386 - scraper.selenium_scraper - INFO - Scraped tournament 15: Mira Bhayandar Premier League - Season 7
2026-01-12 10:20:00,075 - scraper.selenium_scraper - INFO - Scraped tournament 16: Prajapati Premiere League
2026-01-12 10:20:00,769 - scraper.selenium_scraper - INFO - Scraped tournament 17: BCPL SEASON 1
2026-01-12 10:20:01,468 - scraper.selenium_scraper - INFO - Scraped tournament 18: PIMPRI CHINCHWAD DOCTORS PREMIER LEAGUE 2026
2026-01-12 10:20:02,156 - scraper.selenium_scraper - INFO - Scraped tournament 19: LOYOLA ALUMNI PREMIER LEAGUE
2026-01-12 10:20:02,842 - scraper.selenium_scraper - INFO - Scraped tournament 20: BILLAWAS CHAMPIONS LEAGUE
2026-01-12 10:20:02,842 - root - INFO - Successfully scraped 20 tournaments
2026-01-12 10:20:02,842 - root - INFO - Saved scraped data to /home/runner/work/super-player-auction-scraper/super-player-auction-scraper/data/tournament_data_20260112-102002.json
2026-01-12 10:20:02,842 - root - INFO - Initializing Graph API
2026-01-12 10:20:02,843 - excel.graph_api - INFO - Extracted file ID: 9e836ed5-f58f-4dc7-a969-3c62b255f3ea
2026-01-12 10:20:02,843 - excel.graph_api - INFO - Extracted site ID: CorpDevaaf94619130d4a79af9f3aeae502bdb5
2026-01-12 10:20:02,843 - root - INFO - Authenticating with Microsoft Graph API
2026-01-12 10:20:03,225 - excel.graph_api - INFO - Authentication successful
2026-01-12 10:20:03,225 - root - INFO - Updating Excel sheet with scraped data
2026-01-12 10:20:03,929 - excel.graph_api - INFO - Retrieved drive ID: b!MXUqfmBgAkyqAi_g7J1PO_6yKSWnHbZCs3mpe4EkYuX6d8izcdJxRb78S6OW5SIB
2026-01-12 10:20:05,523 - excel.graph_api - INFO - Retrieved 1054 rows from Excel
2026-01-12 10:20:06,630 - excel.graph_api - INFO - Updating range A1056:M1058 with 3 new entries
2026-01-12 10:20:07,813 - excel.graph_api - INFO - Successfully added 3 new tournaments to Excel
2026-01-12 10:20:07,814 - root - INFO - Excel sheet updated successfully
2026-01-12 10:20:07,872 - scraper.selenium_scraper - INFO - Chrome driver closed
2026-01-12 10:20:07,872 - root - INFO - Selenium driver closed
2026-01-12 10:20:07,872 - root - INFO - Script execution completed
