2026-03-28 10:25:19,348 - root - INFO - Logger initialized successfully
2026-03-28 10:25:19,348 - root - INFO - Log file: /home/runner/work/super-player-auction-scraper/super-player-auction-scraper/logs/scraper_20260328_102519.log
2026-03-28 10:25:19,348 - root - INFO - Starting Super Player Auction scraper
2026-03-28 10:25:19,348 - utils.config - INFO - Credentials loaded from environment variables
2026-03-28 10:25:19,349 - utils.config - INFO - Settings loaded successfully
2026-03-28 10:25:19,349 - root - INFO - Initializing Selenium scraper
2026-03-28 10:25:19,349 - scraper.selenium_scraper - INFO - Running in GitHub Actions environment
2026-03-28 10:25:21,216 - selenium.webdriver.common.selenium_manager - WARNING - The chromedriver version (146.0.7680.153) detected in PATH at /usr/bin/chromedriver might not be compatible with the detected chrome version (146.0.7680.153); currently, chromedriver 146.0.7680.165 is recommended for chrome 146.*, so it is advised to delete the driver in PATH and retry
2026-03-28 10:25:27,394 - scraper.selenium_scraper - INFO - Chrome driver initialized successfully
2026-03-28 10:25:27,394 - root - INFO - Scraping tournament data
2026-03-28 10:25:27,394 - scraper.selenium_scraper - INFO - Starting to scrape tournament data
2026-03-28 10:25:28,082 - scraper.selenium_scraper - INFO - Waiting for page to load...
2026-03-28 10:25:33,088 - scraper.selenium_scraper - INFO - Scrolling to load all auction cards...
2026-03-28 10:25:45,208 - scraper.selenium_scraper - INFO - Saved page screenshot to /home/runner/work/super-player-auction-scraper/super-player-auction-scraper/logs/screenshots/page_loaded_20260328102545.png
2026-03-28 10:25:45,208 - scraper.selenium_scraper - INFO - Looking for auction cards...
2026-03-28 10:25:45,234 - scraper.selenium_scraper - INFO - Found 20 auction cards
2026-03-28 10:25:45,940 - scraper.selenium_scraper - INFO - Scraped tournament 1: SUPER CRICKRT LEAGUE - MAHIPAL
2026-03-28 10:25:46,665 - scraper.selenium_scraper - INFO - Scraped tournament 2: Sirpur T Constituency Cricket League
2026-03-28 10:25:47,342 - scraper.selenium_scraper - INFO - Scraped tournament 3: DHARMVEER PREMIER LEAGUE
2026-03-28 10:25:48,017 - scraper.selenium_scraper - INFO - Scraped tournament 4: Anjani Turf Premier league 2026
2026-03-28 10:25:48,692 - scraper.selenium_scraper - INFO - Scraped tournament 5: UNITY CUP Season 3 [2026-27]
2026-03-28 10:25:49,371 - scraper.selenium_scraper - INFO - Scraped tournament 6: Chhattisgarh Cricket Champions League T20
2026-03-28 10:25:50,047 - scraper.selenium_scraper - INFO - Scraped tournament 7: Banswara Premier league - 7
2026-03-28 10:25:50,721 - scraper.selenium_scraper - INFO - Scraped tournament 8: MOTA SAMADHIYALA PREMIER LEAGUE
2026-03-28 10:25:51,392 - scraper.selenium_scraper - INFO - Scraped tournament 9: Patidar Cricket League 2026
2026-03-28 10:25:52,067 - scraper.selenium_scraper - INFO - Scraped tournament 10: SIKAR PREMIER LEAGUE 2025
2026-03-28 10:25:52,752 - scraper.selenium_scraper - INFO - Scraped tournament 11: ROHAT PREMIER LEAGUE
2026-03-28 10:25:53,436 - scraper.selenium_scraper - INFO - Scraped tournament 12: SUPER FOOTBALL CHAMPIONSHIP
2026-03-28 10:25:54,118 - scraper.selenium_scraper - INFO - Scraped tournament 13: REPUBLIC CUP 2.0
2026-03-28 10:25:54,798 - scraper.selenium_scraper - INFO - Scraped tournament 14: Super Cricket League
2026-03-28 10:25:55,472 - scraper.selenium_scraper - INFO - Scraped tournament 15: BJP
2026-03-28 10:25:56,148 - scraper.selenium_scraper - INFO - Scraped tournament 16: BHILAI SUMMER LEAGUE
2026-03-28 10:25:56,832 - scraper.selenium_scraper - INFO - Scraped tournament 17: ZPL- 2026
2026-03-28 10:25:57,503 - scraper.selenium_scraper - INFO - Scraped tournament 18: RANUJ GAM CRICKET LEAGUE
2026-03-28 10:25:58,186 - scraper.selenium_scraper - INFO - Scraped tournament 19: JAIN CRICKET LEAGUE - 2
2026-03-28 10:25:58,862 - scraper.selenium_scraper - INFO - Scraped tournament 20: Wala & Team Present Open Leather Ball Cricket Tournament
2026-03-28 10:25:58,862 - root - INFO - Successfully scraped 20 tournaments
2026-03-28 10:25:58,862 - root - INFO - Saved scraped data to /home/runner/work/super-player-auction-scraper/super-player-auction-scraper/data/tournament_data_20260328-102558.json
2026-03-28 10:25:58,862 - root - INFO - Initializing Graph API
2026-03-28 10:25:58,862 - excel.graph_api - INFO - Extracted file ID: 9e836ed5-f58f-4dc7-a969-3c62b255f3ea
2026-03-28 10:25:58,863 - excel.graph_api - INFO - Extracted site ID: CorpDevaaf94619130d4a79af9f3aeae502bdb5
2026-03-28 10:25:58,863 - root - INFO - Authenticating with Microsoft Graph API
2026-03-28 10:25:59,059 - excel.graph_api - INFO - Authentication successful
2026-03-28 10:25:59,059 - root - INFO - Updating Excel sheet with scraped data
2026-03-28 10:25:59,452 - excel.graph_api - INFO - Retrieved drive ID: b!MXUqfmBgAkyqAi_g7J1PO_6yKSWnHbZCs3mpe4EkYuX6d8izcdJxRb78S6OW5SIB
2026-03-28 10:26:01,012 - excel.graph_api - INFO - Retrieved 1398 rows from Excel
2026-03-28 10:26:02,288 - excel.graph_api - INFO - Updating range A1400:M1402 with 3 new entries
2026-03-28 10:26:03,395 - excel.graph_api - INFO - Successfully added 3 new tournaments to Excel
2026-03-28 10:26:03,396 - root - INFO - Excel sheet updated successfully
2026-03-28 10:26:03,461 - scraper.selenium_scraper - INFO - Chrome driver closed
2026-03-28 10:26:03,461 - root - INFO - Selenium driver closed
2026-03-28 10:26:03,461 - root - INFO - Script execution completed
