2025-10-23 10:15:16,299 - root - INFO - Logger initialized successfully
2025-10-23 10:15:16,299 - root - INFO - Log file: /home/runner/work/super-player-auction-scraper/super-player-auction-scraper/logs/scraper_20251023_101516.log
2025-10-23 10:15:16,299 - root - INFO - Starting Super Player Auction scraper
2025-10-23 10:15:16,299 - utils.config - INFO - Credentials loaded from environment variables
2025-10-23 10:15:16,299 - utils.config - INFO - Settings loaded successfully
2025-10-23 10:15:16,299 - root - INFO - Initializing Selenium scraper
2025-10-23 10:15:16,299 - scraper.selenium_scraper - INFO - Running in GitHub Actions environment
2025-10-23 10:15:17,729 - selenium.webdriver.common.selenium_manager - WARNING - The chromedriver version (141.0.7390.78) detected in PATH at /usr/bin/chromedriver might not be compatible with the detected chrome version (141.0.7390.107); currently, chromedriver 141.0.7390.122 is recommended for chrome 141.*, so it is advised to delete the driver in PATH and retry
2025-10-23 10:15:23,519 - scraper.selenium_scraper - INFO - Chrome driver initialized successfully
2025-10-23 10:15:23,519 - root - INFO - Scraping tournament data
2025-10-23 10:15:23,519 - scraper.selenium_scraper - INFO - Starting to scrape tournament data
2025-10-23 10:15:24,598 - scraper.selenium_scraper - INFO - Waiting for page to load...
2025-10-23 10:15:29,603 - scraper.selenium_scraper - INFO - Scrolling to load all auction cards...
2025-10-23 10:15:41,735 - scraper.selenium_scraper - INFO - Saved page screenshot to /home/runner/work/super-player-auction-scraper/super-player-auction-scraper/logs/screenshots/page_loaded_20251023101541.png
2025-10-23 10:15:41,735 - scraper.selenium_scraper - INFO - Looking for auction cards...
2025-10-23 10:15:41,761 - scraper.selenium_scraper - INFO - Found 20 auction cards
2025-10-23 10:15:42,499 - scraper.selenium_scraper - INFO - Scraped tournament 1: Dambab Premier League 2025
2025-10-23 10:15:43,226 - scraper.selenium_scraper - INFO - Scraped tournament 2: GREENS PREMIER LEAGUE 2026 GPL SEASON 3
2025-10-23 10:15:43,908 - scraper.selenium_scraper - INFO - Scraped tournament 3: DDS PREMIER LEAGUE SEASON 3
2025-10-23 10:15:44,593 - scraper.selenium_scraper - INFO - Scraped tournament 4: TCC Premier Leage - Season 6
2025-10-23 10:15:45,274 - scraper.selenium_scraper - INFO - Scraped tournament 5: PANJIM GYMKHANA MEMBERS LEAGUE 2025
2025-10-23 10:15:45,957 - scraper.selenium_scraper - INFO - Scraped tournament 6: Goan Premier League 2025
2025-10-23 10:15:46,640 - scraper.selenium_scraper - INFO - Scraped tournament 7: KADUGODI PREMIER LEAGUE SEASON -6
2025-10-23 10:15:47,319 - scraper.selenium_scraper - INFO - Scraped tournament 8: TTSL Northeast
2025-10-23 10:15:47,998 - scraper.selenium_scraper - INFO - Scraped tournament 9: QIFF Easaka Memorial 7s Football Tournament
2025-10-23 10:15:48,677 - scraper.selenium_scraper - INFO - Scraped tournament 10: MCL 2025
2025-10-23 10:15:49,365 - scraper.selenium_scraper - INFO - Scraped tournament 11: Chemist Cricket League
2025-10-23 10:15:50,051 - scraper.selenium_scraper - INFO - Scraped tournament 12: Shirur Champions Trophy
2025-10-23 10:15:50,731 - scraper.selenium_scraper - INFO - Scraped tournament 13: SUPER 100
2025-10-23 10:15:51,413 - scraper.selenium_scraper - INFO - Scraped tournament 14: NORTH INDIA CORPORATE CRICKET LEAGUE SEASON 1
2025-10-23 10:15:52,094 - scraper.selenium_scraper - INFO - Scraped tournament 15: Ador Premier League Season 6
2025-10-23 10:15:52,778 - scraper.selenium_scraper - INFO - Scraped tournament 16: Pathanamthitta Cricket League
2025-10-23 10:15:53,458 - scraper.selenium_scraper - INFO - Scraped tournament 17: Phoenix Cricket Cup
2025-10-23 10:15:54,137 - scraper.selenium_scraper - INFO - Scraped tournament 18: EMIRATES PREMIER LEAGUE SEASON. 5
2025-10-23 10:15:54,824 - scraper.selenium_scraper - INFO - Scraped tournament 19: VANJARI PREMIER LEAGUE 2025 "SEASON 4"
2025-10-23 10:15:55,506 - scraper.selenium_scraper - INFO - Scraped tournament 20: BPPL Cricket Tournament 2025 - Season 2
2025-10-23 10:15:55,506 - root - INFO - Successfully scraped 20 tournaments
2025-10-23 10:15:55,507 - root - INFO - Saved scraped data to /home/runner/work/super-player-auction-scraper/super-player-auction-scraper/data/tournament_data_20251023-101555.json
2025-10-23 10:15:55,507 - root - INFO - Initializing Graph API
2025-10-23 10:15:55,507 - excel.graph_api - INFO - Extracted file ID: 9e836ed5-f58f-4dc7-a969-3c62b255f3ea
2025-10-23 10:15:55,507 - excel.graph_api - INFO - Extracted site ID: CorpDevaaf94619130d4a79af9f3aeae502bdb5
2025-10-23 10:15:55,507 - root - INFO - Authenticating with Microsoft Graph API
2025-10-23 10:15:55,922 - excel.graph_api - INFO - Authentication successful
2025-10-23 10:15:55,922 - root - INFO - Updating Excel sheet with scraped data
2025-10-23 10:15:56,364 - excel.graph_api - INFO - Retrieved drive ID: b!MXUqfmBgAkyqAi_g7J1PO_6yKSWnHbZCs3mpe4EkYuX6d8izcdJxRb78S6OW5SIB
2025-10-23 10:15:57,542 - excel.graph_api - INFO - Retrieved 661 rows from Excel
2025-10-23 10:15:59,217 - excel.graph_api - INFO - Updating range A663:M663 with 1 new entries
2025-10-23 10:16:00,228 - excel.graph_api - INFO - Successfully added 1 new tournaments to Excel
2025-10-23 10:16:00,229 - root - INFO - Excel sheet updated successfully
2025-10-23 10:16:00,299 - scraper.selenium_scraper - INFO - Chrome driver closed
2025-10-23 10:16:00,299 - root - INFO - Selenium driver closed
2025-10-23 10:16:00,299 - root - INFO - Script execution completed
