2025-06-22 10:13:42,407 - root - INFO - Logger initialized successfully
2025-06-22 10:13:42,408 - root - INFO - Log file: /home/runner/work/super-player-auction-scraper/super-player-auction-scraper/logs/scraper_20250622_101342.log
2025-06-22 10:13:42,408 - root - INFO - Starting Super Player Auction scraper
2025-06-22 10:13:42,408 - utils.config - INFO - Credentials loaded from environment variables
2025-06-22 10:13:42,408 - utils.config - INFO - Settings loaded successfully
2025-06-22 10:13:42,408 - root - INFO - Initializing Selenium scraper
2025-06-22 10:13:42,408 - scraper.selenium_scraper - INFO - Running in GitHub Actions environment
2025-06-22 10:13:49,279 - selenium.webdriver.common.selenium_manager - WARNING - The chromedriver version (137.0.7151.70) detected in PATH at /usr/bin/chromedriver might not be compatible with the detected chrome version (137.0.7151.103); currently, chromedriver 137.0.7151.119 is recommended for chrome 137.*, so it is advised to delete the driver in PATH and retry
2025-06-22 10:14:24,242 - scraper.selenium_scraper - INFO - Chrome driver initialized successfully
2025-06-22 10:14:24,242 - root - INFO - Scraping tournament data
2025-06-22 10:14:24,242 - scraper.selenium_scraper - INFO - Starting to scrape tournament data
2025-06-22 10:14:26,211 - scraper.selenium_scraper - INFO - Waiting for page to load...
2025-06-22 10:14:31,216 - scraper.selenium_scraper - INFO - Scrolling to load all auction cards...
2025-06-22 10:14:43,515 - scraper.selenium_scraper - INFO - Saved page screenshot to /home/runner/work/super-player-auction-scraper/super-player-auction-scraper/logs/screenshots/page_loaded_20250622101443.png
2025-06-22 10:14:43,515 - scraper.selenium_scraper - INFO - Looking for auction cards...
2025-06-22 10:14:43,771 - scraper.selenium_scraper - INFO - Found 20 auction cards
2025-06-22 10:14:44,496 - scraper.selenium_scraper - INFO - Scraped tournament 1: RUN BHOOMI ANNUAL SPORTS FEST
2025-06-22 10:14:45,195 - scraper.selenium_scraper - INFO - Scraped tournament 2: Tekri Premier League
2025-06-22 10:14:46,296 - scraper.selenium_scraper - INFO - Scraped tournament 3: PALAKKAD CRICKET LEAGUE
2025-06-22 10:14:46,995 - scraper.selenium_scraper - INFO - Scraped tournament 4: ArjunDMUP
2025-06-22 10:14:47,692 - scraper.selenium_scraper - INFO - Scraped tournament 5: FGL - FCC GULF LEAGUE 2025
2025-06-22 10:14:48,387 - scraper.selenium_scraper - INFO - Scraped tournament 6: Sobha Badminton League - 2025 (Season -5)
2025-06-22 10:14:49,086 - scraper.selenium_scraper - INFO - Scraped tournament 7: Nimaj Premier League
2025-06-22 10:14:49,785 - scraper.selenium_scraper - INFO - Scraped tournament 8: Deedar Premier League
2025-06-22 10:14:50,480 - scraper.selenium_scraper - INFO - Scraped tournament 9: Petlurivaripalm Premier League Season -1
2025-06-22 10:14:51,176 - scraper.selenium_scraper - INFO - Scraped tournament 10: Dholi Samaj Premiere League Sisseion-2
2025-06-22 10:14:51,897 - scraper.selenium_scraper - INFO - Scraped tournament 11: Devmanpur Premier League
2025-06-22 10:14:52,590 - scraper.selenium_scraper - INFO - Scraped tournament 12: VTPL
2025-06-22 10:14:53,284 - scraper.selenium_scraper - INFO - Scraped tournament 13: CHERKALA CRICKET LEAGUE
2025-06-22 10:14:53,980 - scraper.selenium_scraper - INFO - Scraped tournament 14: Washington T10 Cricket Cup - 2025
2025-06-22 10:14:54,675 - scraper.selenium_scraper - INFO - Scraped tournament 15: CRICKET STARS TOURNAMENT
2025-06-22 10:14:55,438 - scraper.selenium_scraper - INFO - Scraped tournament 16: KPL
2025-06-22 10:14:56,131 - scraper.selenium_scraper - INFO - Scraped tournament 17: Zafaryab PVT LTD
2025-06-22 10:14:56,824 - scraper.selenium_scraper - INFO - Scraped tournament 18: Kpl Auction
2025-06-22 10:14:57,522 - scraper.selenium_scraper - INFO - Scraped tournament 19: Nepali Premier League Melbourne
2025-06-22 10:14:58,220 - scraper.selenium_scraper - INFO - Scraped tournament 20: HYNISH CRICKET PREMIER LEAGUE SEASON-4
2025-06-22 10:14:58,220 - root - INFO - Successfully scraped 20 tournaments
2025-06-22 10:14:58,220 - root - INFO - Saved scraped data to /home/runner/work/super-player-auction-scraper/super-player-auction-scraper/data/tournament_data_20250622-101458.json
2025-06-22 10:14:58,220 - root - INFO - Initializing Graph API
2025-06-22 10:14:58,221 - excel.graph_api - INFO - Extracted file ID: 9e836ed5-f58f-4dc7-a969-3c62b255f3ea
2025-06-22 10:14:58,221 - excel.graph_api - INFO - Extracted site ID: CorpDevaaf94619130d4a79af9f3aeae502bdb5
2025-06-22 10:14:58,221 - root - INFO - Authenticating with Microsoft Graph API
2025-06-22 10:14:58,376 - excel.graph_api - INFO - Authentication successful
2025-06-22 10:14:58,376 - root - INFO - Updating Excel sheet with scraped data
2025-06-22 10:14:59,015 - excel.graph_api - INFO - Retrieved drive ID: b!MXUqfmBgAkyqAi_g7J1PO_6yKSWnHbZCs3mpe4EkYuX6d8izcdJxRb78S6OW5SIB
2025-06-22 10:14:59,738 - excel.graph_api - INFO - Retrieved 231 rows from Excel
2025-06-22 10:15:00,231 - excel.graph_api - INFO - Updating range A233:M234 with 2 new entries
2025-06-22 10:15:01,072 - excel.graph_api - INFO - Successfully added 2 new tournaments to Excel
2025-06-22 10:15:01,073 - root - INFO - Excel sheet updated successfully
2025-06-22 10:15:01,144 - scraper.selenium_scraper - INFO - Chrome driver closed
2025-06-22 10:15:01,144 - root - INFO - Selenium driver closed
2025-06-22 10:15:01,144 - root - INFO - Script execution completed
