2025-11-27 15:14:14,325 - root - INFO - Logger initialized successfully
2025-11-27 15:14:14,325 - root - INFO - Log file: /home/runner/work/super-player-auction-scraper/super-player-auction-scraper/logs/scraper_20251127_151414.log
2025-11-27 15:14:14,325 - root - INFO - Starting Super Player Auction scraper
2025-11-27 15:14:14,325 - utils.config - INFO - Credentials loaded from environment variables
2025-11-27 15:14:14,325 - utils.config - INFO - Settings loaded successfully
2025-11-27 15:14:14,325 - root - INFO - Initializing Selenium scraper
2025-11-27 15:14:14,325 - scraper.selenium_scraper - INFO - Running in GitHub Actions environment
2025-11-27 15:14:15,686 - selenium.webdriver.common.selenium_manager - WARNING - The chromedriver version (142.0.7444.162) detected in PATH at /usr/bin/chromedriver might not be compatible with the detected chrome version (142.0.7444.162); currently, chromedriver 142.0.7444.175 is recommended for chrome 142.*, so it is advised to delete the driver in PATH and retry
2025-11-27 15:14:20,706 - scraper.selenium_scraper - INFO - Chrome driver initialized successfully
2025-11-27 15:14:20,706 - root - INFO - Scraping tournament data
2025-11-27 15:14:20,706 - scraper.selenium_scraper - INFO - Starting to scrape tournament data
2025-11-27 15:14:21,659 - scraper.selenium_scraper - INFO - Waiting for page to load...
2025-11-27 15:14:26,664 - scraper.selenium_scraper - INFO - Scrolling to load all auction cards...
2025-11-27 15:14:38,792 - scraper.selenium_scraper - INFO - Saved page screenshot to /home/runner/work/super-player-auction-scraper/super-player-auction-scraper/logs/screenshots/page_loaded_20251127151438.png
2025-11-27 15:14:38,792 - scraper.selenium_scraper - INFO - Looking for auction cards...
2025-11-27 15:14:38,823 - scraper.selenium_scraper - INFO - Found 20 auction cards
2025-11-27 15:14:39,546 - scraper.selenium_scraper - INFO - Scraped tournament 1: CKPL - 2
2025-11-27 15:14:40,257 - scraper.selenium_scraper - INFO - Scraped tournament 2: LPCL SEASON 4 WOMENS
2025-11-27 15:14:40,946 - scraper.selenium_scraper - INFO - Scraped tournament 3: BNI PREMIER LEAGUE
2025-11-27 15:14:41,633 - scraper.selenium_scraper - INFO - Scraped tournament 4: LPCL SEASON 4 MENS
2025-11-27 15:14:42,319 - scraper.selenium_scraper - INFO - Scraped tournament 5: Arjun DEMO
2025-11-27 15:14:43,013 - scraper.selenium_scraper - INFO - Scraped tournament 6: LPCL SEASON 4 MENS 45+
2025-11-27 15:14:43,714 - scraper.selenium_scraper - INFO - Scraped tournament 7: LPCL SEASON 4 MENS 45+ PROFESSIONALS
2025-11-27 15:14:44,401 - scraper.selenium_scraper - INFO - Scraped tournament 8: Streamify Cup Silver Category
2025-11-27 15:14:45,088 - scraper.selenium_scraper - INFO - Scraped tournament 9: Streamify Cup Open Category
2025-11-27 15:14:45,777 - scraper.selenium_scraper - INFO - Scraped tournament 10: KOB T10 TENNIS BALL 2025
2025-11-27 15:14:46,472 - scraper.selenium_scraper - INFO - Scraped tournament 11: TMPL 3.0 (Male)
2025-11-27 15:14:47,159 - scraper.selenium_scraper - INFO - Scraped tournament 12: TMPL 3.0 (Female)
2025-11-27 15:14:47,845 - scraper.selenium_scraper - INFO - Scraped tournament 13: ABSA BUNTS CUP 4TH EDITION
2025-11-27 15:14:48,536 - scraper.selenium_scraper - INFO - Scraped tournament 14: CCL 2.0 PREMIER LEAGUE SEASON 1
2025-11-27 15:14:49,224 - scraper.selenium_scraper - INFO - Scraped tournament 15: Bhatkal Premier League - 2026
2025-11-27 15:14:49,911 - scraper.selenium_scraper - INFO - Scraped tournament 16: Sindhi Premier League 6.0
2025-11-27 15:14:50,601 - scraper.selenium_scraper - INFO - Scraped tournament 17: Brotherhood Youth Premier League Season-2 2025-26
2025-11-27 15:14:51,285 - scraper.selenium_scraper - INFO - Scraped tournament 18: ⁠RTPL 7.0
2025-11-27 15:14:51,977 - scraper.selenium_scraper - INFO - Scraped tournament 19: CHAMPIONS LEAGUE FOOTBALL SEASON 4
2025-11-27 15:14:52,664 - scraper.selenium_scraper - INFO - Scraped tournament 20: Delta Football League
2025-11-27 15:14:52,664 - root - INFO - Successfully scraped 20 tournaments
2025-11-27 15:14:52,664 - root - INFO - Saved scraped data to /home/runner/work/super-player-auction-scraper/super-player-auction-scraper/data/tournament_data_20251127-151452.json
2025-11-27 15:14:52,664 - root - INFO - Initializing Graph API
2025-11-27 15:14:52,665 - excel.graph_api - INFO - Extracted file ID: 9e836ed5-f58f-4dc7-a969-3c62b255f3ea
2025-11-27 15:14:52,665 - excel.graph_api - INFO - Extracted site ID: CorpDevaaf94619130d4a79af9f3aeae502bdb5
2025-11-27 15:14:52,665 - root - INFO - Authenticating with Microsoft Graph API
2025-11-27 15:14:53,215 - excel.graph_api - ERROR - Authentication failed: AADSTS7000222: The provided client secret keys for app 'f45467f0-629b-4712-a029-cd1289854747' are expired. Visit the Azure portal to create new keys for your app: https://aka.ms/NewClientSecret, or consider using certificate credentials for added security: https://aka.ms/certCreds. Trace ID: a3f43a07-b7a9-490d-b342-5f63ec9da801 Correlation ID: f9078956-9a35-468e-a61a-aa8aff2c4798 Timestamp: 2025-11-27 15:14:53Z
2025-11-27 15:14:53,215 - root - ERROR - Failed to authenticate with Microsoft Graph API
2025-11-27 15:14:53,284 - scraper.selenium_scraper - INFO - Chrome driver closed
2025-11-27 15:14:53,285 - root - INFO - Selenium driver closed
2025-11-27 15:14:53,285 - root - INFO - Script execution completed
