2025-10-13 10:16:08,634 - root - INFO - Logger initialized successfully
2025-10-13 10:16:08,634 - root - INFO - Log file: /home/runner/work/super-player-auction-scraper/super-player-auction-scraper/logs/scraper_20251013_101608.log
2025-10-13 10:16:08,634 - root - INFO - Starting Super Player Auction scraper
2025-10-13 10:16:08,634 - utils.config - INFO - Credentials loaded from environment variables
2025-10-13 10:16:08,634 - utils.config - INFO - Settings loaded successfully
2025-10-13 10:16:08,634 - root - INFO - Initializing Selenium scraper
2025-10-13 10:16:08,634 - scraper.selenium_scraper - INFO - Running in GitHub Actions environment
2025-10-13 10:16:17,949 - scraper.selenium_scraper - INFO - Chrome driver initialized successfully
2025-10-13 10:16:17,949 - root - INFO - Scraping tournament data
2025-10-13 10:16:17,949 - scraper.selenium_scraper - INFO - Starting to scrape tournament data
2025-10-13 10:16:18,884 - scraper.selenium_scraper - INFO - Waiting for page to load...
2025-10-13 10:16:23,889 - scraper.selenium_scraper - INFO - Scrolling to load all auction cards...
2025-10-13 10:16:36,215 - scraper.selenium_scraper - INFO - Saved page screenshot to /home/runner/work/super-player-auction-scraper/super-player-auction-scraper/logs/screenshots/page_loaded_20251013101636.png
2025-10-13 10:16:36,215 - scraper.selenium_scraper - INFO - Looking for auction cards...
2025-10-13 10:16:36,287 - scraper.selenium_scraper - INFO - Found 20 auction cards
2025-10-13 10:16:37,023 - scraper.selenium_scraper - INFO - Scraped tournament 1: SUNDAY PREMIER LEAGUE
2025-10-13 10:16:37,808 - scraper.selenium_scraper - INFO - Scraped tournament 2: UTTAR BHARTIYA SAMAJ CRICKET TURNAMENT SEASON 2
2025-10-13 10:16:38,493 - scraper.selenium_scraper - INFO - Scraped tournament 3: KASRODIANS PREMIER LEAGUE SEASON -5
2025-10-13 10:16:39,177 - scraper.selenium_scraper - INFO - Scraped tournament 4: WINTER PREMIER LEAGUE
2025-10-13 10:16:39,858 - scraper.selenium_scraper - INFO - Scraped tournament 5: Dambab Premier League 2025
2025-10-13 10:16:40,542 - scraper.selenium_scraper - INFO - Scraped tournament 6: DDS PREMIER LEAGUE SEASON 3
2025-10-13 10:16:41,226 - scraper.selenium_scraper - INFO - Scraped tournament 7: CHATRAPATI OZHAR PREMIER LEAGUE 2025 NASHIK ZILLA
2025-10-13 10:16:41,906 - scraper.selenium_scraper - INFO - Scraped tournament 8: Brother cup
2025-10-13 10:16:42,592 - scraper.selenium_scraper - INFO - Scraped tournament 9: APL CRICKET PARTIYOGITA
2025-10-13 10:16:43,274 - scraper.selenium_scraper - INFO - Scraped tournament 10: Trivandrum Cricket League Season-1
2025-10-13 10:16:43,956 - scraper.selenium_scraper - INFO - Scraped tournament 11: Kumbhar Premier league
2025-10-13 10:16:44,646 - scraper.selenium_scraper - INFO - Scraped tournament 12: MALKANGIRI PREMIER LEAGUE - 2025
2025-10-13 10:16:45,326 - scraper.selenium_scraper - INFO - Scraped tournament 13: KSPL 4
2025-10-13 10:16:46,004 - scraper.selenium_scraper - INFO - Scraped tournament 14: Ador Premier League Season 6
2025-10-13 10:16:46,686 - scraper.selenium_scraper - INFO - Scraped tournament 15: KADUGODI PREMIER LEAGUE SEASON -6
2025-10-13 10:16:47,370 - scraper.selenium_scraper - INFO - Scraped tournament 16: QIFF Easaka Memorial 7s Football Tournament
2025-10-13 10:16:48,050 - scraper.selenium_scraper - INFO - Scraped tournament 17: CHATRAPATI OZHAR PREMIER LEAGUE 2025 NIPHAD TALUKA
2025-10-13 10:16:48,733 - scraper.selenium_scraper - INFO - Scraped tournament 18: Pathanamthitta Cricket League
2025-10-13 10:16:49,442 - scraper.selenium_scraper - INFO - Scraped tournament 19: MORNING TENNIS CRICKET LEAGUE SEASON-1
2025-10-13 10:16:50,123 - scraper.selenium_scraper - INFO - Scraped tournament 20: NORTH INDIA CORPORATE CRICKET LEAGUE SEASON 1
2025-10-13 10:16:50,124 - root - INFO - Successfully scraped 20 tournaments
2025-10-13 10:16:50,124 - root - INFO - Saved scraped data to /home/runner/work/super-player-auction-scraper/super-player-auction-scraper/data/tournament_data_20251013-101650.json
2025-10-13 10:16:50,124 - root - INFO - Initializing Graph API
2025-10-13 10:16:50,124 - excel.graph_api - INFO - Extracted file ID: 9e836ed5-f58f-4dc7-a969-3c62b255f3ea
2025-10-13 10:16:50,124 - excel.graph_api - INFO - Extracted site ID: CorpDevaaf94619130d4a79af9f3aeae502bdb5
2025-10-13 10:16:50,125 - root - INFO - Authenticating with Microsoft Graph API
2025-10-13 10:16:50,464 - excel.graph_api - INFO - Authentication successful
2025-10-13 10:16:50,464 - root - INFO - Updating Excel sheet with scraped data
2025-10-13 10:16:51,157 - excel.graph_api - INFO - Retrieved drive ID: b!MXUqfmBgAkyqAi_g7J1PO_6yKSWnHbZCs3mpe4EkYuX6d8izcdJxRb78S6OW5SIB
2025-10-13 10:16:52,396 - excel.graph_api - INFO - Retrieved 626 rows from Excel
2025-10-13 10:16:53,090 - excel.graph_api - INFO - Updating range A628:M632 with 5 new entries
2025-10-13 10:16:54,079 - excel.graph_api - INFO - Successfully added 5 new tournaments to Excel
2025-10-13 10:16:54,080 - root - INFO - Excel sheet updated successfully
2025-10-13 10:16:54,147 - scraper.selenium_scraper - INFO - Chrome driver closed
2025-10-13 10:16:54,148 - root - INFO - Selenium driver closed
2025-10-13 10:16:54,148 - root - INFO - Script execution completed
