2025-12-01 15:14:48,376 - root - INFO - Logger initialized successfully
2025-12-01 15:14:48,376 - root - INFO - Log file: /home/runner/work/super-player-auction-scraper/super-player-auction-scraper/logs/scraper_20251201_151448.log
2025-12-01 15:14:48,376 - root - INFO - Starting Super Player Auction scraper
2025-12-01 15:14:48,376 - utils.config - INFO - Credentials loaded from environment variables
2025-12-01 15:14:48,376 - utils.config - INFO - Settings loaded successfully
2025-12-01 15:14:48,376 - root - INFO - Initializing Selenium scraper
2025-12-01 15:14:48,376 - scraper.selenium_scraper - INFO - Running in GitHub Actions environment
2025-12-01 15:14:52,122 - selenium.webdriver.common.selenium_manager - WARNING - The chromedriver version (142.0.7444.162) detected in PATH at /usr/bin/chromedriver might not be compatible with the detected chrome version (142.0.7444.162); currently, chromedriver 142.0.7444.175 is recommended for chrome 142.*, so it is advised to delete the driver in PATH and retry
2025-12-01 15:15:07,184 - scraper.selenium_scraper - INFO - Chrome driver initialized successfully
2025-12-01 15:15:07,184 - root - INFO - Scraping tournament data
2025-12-01 15:15:07,184 - scraper.selenium_scraper - INFO - Starting to scrape tournament data
2025-12-01 15:15:08,708 - scraper.selenium_scraper - INFO - Waiting for page to load...
2025-12-01 15:15:13,713 - scraper.selenium_scraper - INFO - Scrolling to load all auction cards...
2025-12-01 15:15:25,835 - scraper.selenium_scraper - INFO - Saved page screenshot to /home/runner/work/super-player-auction-scraper/super-player-auction-scraper/logs/screenshots/page_loaded_20251201151525.png
2025-12-01 15:15:25,835 - scraper.selenium_scraper - INFO - Looking for auction cards...
2025-12-01 15:15:25,904 - scraper.selenium_scraper - INFO - Found 20 auction cards
2025-12-01 15:15:26,624 - scraper.selenium_scraper - INFO - Scraped tournament 1: TCL Mega 4.0
2025-12-01 15:15:27,377 - scraper.selenium_scraper - INFO - Scraped tournament 2: RCBP Pier Premier League 2025.
2025-12-01 15:15:28,064 - scraper.selenium_scraper - INFO - Scraped tournament 3: CCL 2.0 PREMIER LEAGUE SEASON 1
2025-12-01 15:15:28,751 - scraper.selenium_scraper - INFO - Scraped tournament 4: Kroll Premier League 2026 Men's
2025-12-01 15:15:29,437 - scraper.selenium_scraper - INFO - Scraped tournament 5: Kroll Premier League 2026 Women's
2025-12-01 15:15:30,128 - scraper.selenium_scraper - INFO - Scraped tournament 6: BHIMA KOREGAON SHAURYA CHASHAK
2025-12-01 15:15:30,813 - scraper.selenium_scraper - INFO - Scraped tournament 7: Chhattisgarh Legends Premier League - 2025
2025-12-01 15:15:31,498 - scraper.selenium_scraper - INFO - Scraped tournament 8: Bhatkal Premier League - 2026
2025-12-01 15:15:32,182 - scraper.selenium_scraper - INFO - Scraped tournament 9: Sindhi Premier League 6.0
2025-12-01 15:15:32,867 - scraper.selenium_scraper - INFO - Scraped tournament 10: Brotherhood Youth Premier League Season-2 2025-26
2025-12-01 15:15:33,557 - scraper.selenium_scraper - INFO - Scraped tournament 11: ⁠RTPL 7.0
2025-12-01 15:15:34,240 - scraper.selenium_scraper - INFO - Scraped tournament 12: CHERKALA CRICKET LEAGUE
2025-12-01 15:15:34,925 - scraper.selenium_scraper - INFO - Scraped tournament 13: MORNING PREMIER LEAGUE SEASON 11
2025-12-01 15:15:35,612 - scraper.selenium_scraper - INFO - Scraped tournament 14: Streamify Cup Open Category
2025-12-01 15:15:36,298 - scraper.selenium_scraper - INFO - Scraped tournament 15: CHAMPIONS LEAGUE FOOTBALL SEASON 4
2025-12-01 15:15:36,983 - scraper.selenium_scraper - INFO - Scraped tournament 16: Delta Football League
2025-12-01 15:15:37,754 - scraper.selenium_scraper - INFO - Scraped tournament 17: TNPL PREMIER LEAGUE SEASON 4
2025-12-01 15:15:38,437 - scraper.selenium_scraper - INFO - Scraped tournament 18: Amleshwar Big Bash Dhamaka
2025-12-01 15:15:39,129 - scraper.selenium_scraper - INFO - Scraped tournament 19: SUPER FOOTBALL CHAMPIONSHIP
2025-12-01 15:15:39,814 - scraper.selenium_scraper - INFO - Scraped tournament 20: Arjun DEMO
2025-12-01 15:15:39,814 - root - INFO - Successfully scraped 20 tournaments
2025-12-01 15:15:39,814 - root - INFO - Saved scraped data to /home/runner/work/super-player-auction-scraper/super-player-auction-scraper/data/tournament_data_20251201-151539.json
2025-12-01 15:15:39,814 - root - INFO - Initializing Graph API
2025-12-01 15:15:39,815 - excel.graph_api - INFO - Extracted file ID: 9e836ed5-f58f-4dc7-a969-3c62b255f3ea
2025-12-01 15:15:39,815 - excel.graph_api - INFO - Extracted site ID: CorpDevaaf94619130d4a79af9f3aeae502bdb5
2025-12-01 15:15:39,815 - root - INFO - Authenticating with Microsoft Graph API
2025-12-01 15:15:40,016 - excel.graph_api - ERROR - Authentication failed: AADSTS7000222: The provided client secret keys for app 'f45467f0-629b-4712-a029-cd1289854747' are expired. Visit the Azure portal to create new keys for your app: https://aka.ms/NewClientSecret, or consider using certificate credentials for added security: https://aka.ms/certCreds. Trace ID: 25ab2bbe-24e9-46fd-915e-9179c5e63903 Correlation ID: b04ec06b-fda1-410f-bd6e-30609c8573b9 Timestamp: 2025-12-01 15:15:39Z
2025-12-01 15:15:40,016 - root - ERROR - Failed to authenticate with Microsoft Graph API
2025-12-01 15:15:40,083 - scraper.selenium_scraper - INFO - Chrome driver closed
2025-12-01 15:15:40,083 - root - INFO - Selenium driver closed
2025-12-01 15:15:40,083 - root - INFO - Script execution completed
