2026-03-17 15:57:16,923 - root - INFO - Logger initialized successfully
2026-03-17 15:57:16,923 - root - INFO - Log file: /home/runner/work/super-player-auction-scraper/super-player-auction-scraper/logs/scraper_20260317_155716.log
2026-03-17 15:57:16,923 - root - INFO - Starting Super Player Auction scraper
2026-03-17 15:57:16,923 - utils.config - INFO - Credentials loaded from environment variables
2026-03-17 15:57:16,924 - utils.config - INFO - Settings loaded successfully
2026-03-17 15:57:16,924 - root - INFO - Initializing Selenium scraper
2026-03-17 15:57:16,924 - scraper.selenium_scraper - INFO - Running in GitHub Actions environment
2026-03-17 15:57:24,420 - scraper.selenium_scraper - INFO - Chrome driver initialized successfully
2026-03-17 15:57:24,420 - root - INFO - Scraping tournament data
2026-03-17 15:57:24,420 - scraper.selenium_scraper - INFO - Starting to scrape tournament data
2026-03-17 15:57:25,191 - scraper.selenium_scraper - INFO - Waiting for page to load...
2026-03-17 15:57:30,195 - scraper.selenium_scraper - INFO - Scrolling to load all auction cards...
2026-03-17 15:57:42,336 - scraper.selenium_scraper - INFO - Saved page screenshot to /home/runner/work/super-player-auction-scraper/super-player-auction-scraper/logs/screenshots/page_loaded_20260317155742.png
2026-03-17 15:57:42,336 - scraper.selenium_scraper - INFO - Looking for auction cards...
2026-03-17 15:57:42,361 - scraper.selenium_scraper - INFO - Found 20 auction cards
2026-03-17 15:57:43,136 - scraper.selenium_scraper - INFO - Scraped tournament 1: NPL
2026-03-17 15:57:43,873 - scraper.selenium_scraper - INFO - Scraped tournament 2: Jain Marwadi Champions League - 2
2026-03-17 15:57:44,573 - scraper.selenium_scraper - INFO - Scraped tournament 3: KIPL 18
2026-03-17 15:57:45,271 - scraper.selenium_scraper - INFO - Scraped tournament 4: MCPL 2026
2026-03-17 15:57:45,969 - scraper.selenium_scraper - INFO - Scraped tournament 5: Nice Fantasy Auction
2026-03-17 15:57:46,671 - scraper.selenium_scraper - INFO - Scraped tournament 6: BSA League - 1
2026-03-17 15:57:47,372 - scraper.selenium_scraper - INFO - Scraped tournament 7: UNITY CUP Season 3 [2026-27]
2026-03-17 15:57:48,078 - scraper.selenium_scraper - INFO - Scraped tournament 8: Super Cricket League
2026-03-17 15:57:48,775 - scraper.selenium_scraper - INFO - Scraped tournament 9: SIKAR PREMIER LEAGUE 2025
2026-03-17 15:57:49,472 - scraper.selenium_scraper - INFO - Scraped tournament 10: ROHAT PREMIER LEAGUE
2026-03-17 15:57:50,179 - scraper.selenium_scraper - INFO - Scraped tournament 11: SUPER FOOTBALL CHAMPIONSHIP
2026-03-17 15:57:50,871 - scraper.selenium_scraper - INFO - Scraped tournament 12: BJP
2026-03-17 15:57:51,564 - scraper.selenium_scraper - INFO - Scraped tournament 13: SUPER CRICKRT LEAGUE - MAHIPAL
2026-03-17 15:57:52,261 - scraper.selenium_scraper - INFO - Scraped tournament 14: SKPPL 3
2026-03-17 15:57:52,963 - scraper.selenium_scraper - INFO - Scraped tournament 15: NASHIK LAWions FOUNDATION TENNIS BALL CRICKET TOURNAMENT-2026
2026-03-17 15:57:53,673 - scraper.selenium_scraper - INFO - Scraped tournament 16: मेघवाल प्रीमियर लीग जयपुर आक्शन
2026-03-17 15:57:54,375 - scraper.selenium_scraper - INFO - Scraped tournament 17: BOTAD PREMIER LEAGUE 3
2026-03-17 15:57:55,070 - scraper.selenium_scraper - INFO - Scraped tournament 18: DAMAN PREMIER LEAGUE 2026
2026-03-17 15:57:55,779 - scraper.selenium_scraper - INFO - Scraped tournament 19: NMCL SEASON -1.0
2026-03-17 15:57:56,475 - scraper.selenium_scraper - INFO - Scraped tournament 20: KMPL SEASON 4
2026-03-17 15:57:56,475 - root - INFO - Successfully scraped 20 tournaments
2026-03-17 15:57:56,475 - root - INFO - Saved scraped data to /home/runner/work/super-player-auction-scraper/super-player-auction-scraper/data/tournament_data_20260317-155756.json
2026-03-17 15:57:56,475 - root - INFO - Initializing Graph API
2026-03-17 15:57:56,476 - excel.graph_api - INFO - Extracted file ID: 9e836ed5-f58f-4dc7-a969-3c62b255f3ea
2026-03-17 15:57:56,476 - excel.graph_api - INFO - Extracted site ID: CorpDevaaf94619130d4a79af9f3aeae502bdb5
2026-03-17 15:57:56,476 - root - INFO - Authenticating with Microsoft Graph API
2026-03-17 15:57:56,661 - excel.graph_api - INFO - Authentication successful
2026-03-17 15:57:56,661 - root - INFO - Updating Excel sheet with scraped data
2026-03-17 15:57:57,040 - excel.graph_api - INFO - Retrieved drive ID: b!MXUqfmBgAkyqAi_g7J1PO_6yKSWnHbZCs3mpe4EkYuX6d8izcdJxRb78S6OW5SIB
2026-03-17 15:57:59,816 - excel.graph_api - INFO - Retrieved 1357 rows from Excel
2026-03-17 15:58:03,456 - excel.graph_api - INFO - Updating range A1359:M1359 with 1 new entries
2026-03-17 15:58:04,827 - excel.graph_api - INFO - Successfully added 1 new tournaments to Excel
2026-03-17 15:58:04,828 - root - INFO - Excel sheet updated successfully
2026-03-17 15:58:04,906 - scraper.selenium_scraper - INFO - Chrome driver closed
2026-03-17 15:58:04,906 - root - INFO - Selenium driver closed
2026-03-17 15:58:04,906 - root - INFO - Script execution completed
