2025-05-21 11:30:40,063 - root - INFO - Logger initialized successfully
2025-05-21 11:30:40,063 - root - INFO - Log file: /home/runner/work/super-player-auction-scraper/super-player-auction-scraper/logs/scraper_20250521_113040.log
2025-05-21 11:30:40,063 - root - INFO - Starting Super Player Auction scraper
2025-05-21 11:30:40,063 - utils.config - INFO - Credentials loaded successfully from environment variables
2025-05-21 11:30:40,063 - utils.config - INFO - Settings loaded successfully
2025-05-21 11:30:40,063 - root - INFO - Initializing Selenium scraper
2025-05-21 11:30:40,063 - scraper.selenium_scraper - INFO - Running in GitHub Actions environment
2025-05-21 11:30:40,468 - selenium.webdriver.common.selenium_manager - WARNING - The chromedriver version (136.0.7103.92) detected in PATH at /usr/bin/chromedriver might not be compatible with the detected chrome version (136.0.7103.92); currently, chromedriver 136.0.7103.94 is recommended for chrome 136.*, so it is advised to delete the driver in PATH and retry
2025-05-21 11:30:41,731 - scraper.selenium_scraper - INFO - Chrome driver initialized successfully
2025-05-21 11:30:41,731 - root - INFO - Scraping tournament data
2025-05-21 11:30:41,731 - scraper.selenium_scraper - INFO - Starting to scrape tournament data
2025-05-21 11:30:42,165 - scraper.selenium_scraper - INFO - Waiting for page to load...
2025-05-21 11:30:47,171 - scraper.selenium_scraper - INFO - Scrolling to load all auction cards...
2025-05-21 11:30:59,693 - scraper.selenium_scraper - INFO - Saved page screenshot to /home/runner/work/super-player-auction-scraper/super-player-auction-scraper/logs/screenshots/page_loaded_20250521113059.png
2025-05-21 11:30:59,693 - scraper.selenium_scraper - INFO - Looking for auction cards...
2025-05-21 11:30:59,713 - scraper.selenium_scraper - INFO - Found 20 auction cards
2025-05-21 11:31:00,435 - scraper.selenium_scraper - INFO - Scraped tournament 1: Hariprabodham Premier League
2025-05-21 11:31:01,129 - scraper.selenium_scraper - INFO - Scraped tournament 2: MARC Malappuram Premier league S2
2025-05-21 11:31:01,853 - scraper.selenium_scraper - INFO - Scraped tournament 3: ArjunDMUP
2025-05-21 11:31:02,546 - scraper.selenium_scraper - INFO - Scraped tournament 4: PALAKKAD CRICKET LEAGUE
2025-05-21 11:31:03,237 - scraper.selenium_scraper - INFO - Scraped tournament 5: EᒪITE ᑕᖇIᑕKET ᑕᕼᗩᗰᑭIOᑎᔕᕼIᑭ
2025-05-21 11:31:03,927 - scraper.selenium_scraper - INFO - Scraped tournament 6: Hariprabodham Parivar Cricket League
2025-05-21 11:31:04,622 - scraper.selenium_scraper - INFO - Scraped tournament 7: JSG Elite Multi-Sports
2025-05-21 11:31:05,327 - scraper.selenium_scraper - INFO - Scraped tournament 8: RJ54 CRICKET LEAGUE SEASON 2
2025-05-21 11:31:06,017 - scraper.selenium_scraper - INFO - Scraped tournament 9: APL 2025
2025-05-21 11:31:06,709 - scraper.selenium_scraper - INFO - Scraped tournament 10: PKPPL Season 06
2025-05-21 11:31:07,401 - scraper.selenium_scraper - INFO - Scraped tournament 11: MPL Mega Auction
2025-05-21 11:31:08,106 - scraper.selenium_scraper - INFO - Scraped tournament 12: Bhatgram Premier League
2025-05-21 11:31:08,796 - scraper.selenium_scraper - INFO - Scraped tournament 13: TITAN LEAGUE GRAND SEASON 3
2025-05-21 11:31:09,486 - scraper.selenium_scraper - INFO - Scraped tournament 14: SUPER LEAGUE
2025-05-21 11:31:10,180 - scraper.selenium_scraper - INFO - Scraped tournament 15: TITAN LEAGUE GRAND SEASON 3
2025-05-21 11:31:10,870 - scraper.selenium_scraper - INFO - Scraped tournament 16: Indian Premier League Auction 2025
2025-05-21 11:31:11,565 - scraper.selenium_scraper - INFO - Scraped tournament 17: Amar Ujala Premier League
2025-05-21 11:31:12,259 - scraper.selenium_scraper - INFO - Scraped tournament 18: Kakina Super League-2025
2025-05-21 11:31:12,952 - scraper.selenium_scraper - INFO - Scraped tournament 19: Hpl
2025-05-21 11:31:13,649 - scraper.selenium_scraper - INFO - Scraped tournament 20: FABLEAGUE PREMIER
2025-05-21 11:31:13,649 - root - INFO - Successfully scraped 20 tournaments
2025-05-21 11:31:13,650 - root - INFO - Saved scraped data to /home/runner/work/super-player-auction-scraper/super-player-auction-scraper/data/tournament_data_20250521-113113.json
2025-05-21 11:31:13,650 - root - INFO - Initializing Graph API
2025-05-21 11:31:13,650 - excel.graph_api - INFO - Extracted file ID: 9e836ed5-f58f-4dc7-a969-3c62b255f3ea
2025-05-21 11:31:13,650 - excel.graph_api - INFO - Extracted site ID: CorpDevaaf94619130d4a79af9f3aeae502bdb5
2025-05-21 11:31:13,651 - root - INFO - Authenticating with Microsoft Graph API
2025-05-21 11:31:13,817 - excel.graph_api - ERROR - Error during authentication: Unable to get authority configuration for https://login.microsoftonline.com/9270a5a3-8e0d-41bd-9cc3-dc25495ff3ac. Authority would typically be in a format of https://login.microsoftonline.com/your_tenant Also please double check your tenant name or GUID is correct.
2025-05-21 11:31:13,817 - root - ERROR - Failed to authenticate with Microsoft Graph API
2025-05-21 11:31:13,885 - scraper.selenium_scraper - INFO - Chrome driver closed
2025-05-21 11:31:13,885 - root - INFO - Selenium driver closed
2025-05-21 11:31:13,885 - root - INFO - Script execution completed
