2026-02-04 10:32:31,531 - root - INFO - Logger initialized successfully
2026-02-04 10:32:31,531 - root - INFO - Log file: /home/runner/work/super-player-auction-scraper/super-player-auction-scraper/logs/scraper_20260204_103231.log
2026-02-04 10:32:31,531 - root - INFO - Starting Super Player Auction scraper
2026-02-04 10:32:31,531 - utils.config - INFO - Credentials loaded from environment variables
2026-02-04 10:32:31,531 - utils.config - INFO - Settings loaded successfully
2026-02-04 10:32:31,531 - root - INFO - Initializing Selenium scraper
2026-02-04 10:32:31,531 - scraper.selenium_scraper - INFO - Running in GitHub Actions environment
2026-02-04 10:32:31,996 - selenium.webdriver.common.selenium_manager - WARNING - The chromedriver version (144.0.7559.96) detected in PATH at /usr/bin/chromedriver might not be compatible with the detected chrome version (144.0.7559.96); currently, chromedriver 144.0.7559.133 is recommended for chrome 144.*, so it is advised to delete the driver in PATH and retry
2026-02-04 10:32:38,428 - scraper.selenium_scraper - INFO - Chrome driver initialized successfully
2026-02-04 10:32:38,428 - root - INFO - Scraping tournament data
2026-02-04 10:32:38,428 - scraper.selenium_scraper - INFO - Starting to scrape tournament data
2026-02-04 10:32:39,633 - scraper.selenium_scraper - INFO - Waiting for page to load...
2026-02-04 10:32:44,639 - scraper.selenium_scraper - INFO - Scrolling to load all auction cards...
2026-02-04 10:32:56,773 - scraper.selenium_scraper - INFO - Saved page screenshot to /home/runner/work/super-player-auction-scraper/super-player-auction-scraper/logs/screenshots/page_loaded_20260204103256.png
2026-02-04 10:32:56,774 - scraper.selenium_scraper - INFO - Looking for auction cards...
2026-02-04 10:32:56,798 - scraper.selenium_scraper - INFO - Found 20 auction cards
2026-02-04 10:32:57,529 - scraper.selenium_scraper - INFO - Scraped tournament 1: URKURA T10 CRICKET
2026-02-04 10:32:58,282 - scraper.selenium_scraper - INFO - Scraped tournament 2: PGCL 2.O
2026-02-04 10:32:58,975 - scraper.selenium_scraper - INFO - Scraped tournament 3: TPL 2026
2026-02-04 10:32:59,665 - scraper.selenium_scraper - INFO - Scraped tournament 4: Calicut premier league Qatar
2026-02-04 10:33:00,354 - scraper.selenium_scraper - INFO - Scraped tournament 5: Slough Family League
2026-02-04 10:33:01,046 - scraper.selenium_scraper - INFO - Scraped tournament 6: SUBIC SRILANKAN PREMIER LEAGUE - SEASON 4 - 2026
2026-02-04 10:33:01,737 - scraper.selenium_scraper - INFO - Scraped tournament 7: Hind Sporting Premier League
2026-02-04 10:33:02,428 - scraper.selenium_scraper - INFO - Scraped tournament 8: MCPL 2026
2026-02-04 10:33:03,126 - scraper.selenium_scraper - INFO - Scraped tournament 9: SIKAR PREMIER LEAGUE 2025
2026-02-04 10:33:03,815 - scraper.selenium_scraper - INFO - Scraped tournament 10: SUPER FOOTBALL CHAMPIONSHIP
2026-02-04 10:33:04,504 - scraper.selenium_scraper - INFO - Scraped tournament 11: Goichi League 2026
2026-02-04 10:33:05,202 - scraper.selenium_scraper - INFO - Scraped tournament 12: MYM 5.0 CRICKET TOURNAMENT Sponsored By HANUMANTA FOODS
2026-02-04 10:33:05,895 - scraper.selenium_scraper - INFO - Scraped tournament 13: QIFF EASAKA MEMORIAL 7S FOOTBALL TOURNAMENT
2026-02-04 10:33:06,581 - scraper.selenium_scraper - INFO - Scraped tournament 14: MORNING PREMIER LEAGUE SEASON 11
2026-02-04 10:33:07,274 - scraper.selenium_scraper - INFO - Scraped tournament 15: Skyhawks Premier League - 3
2026-02-04 10:33:07,966 - scraper.selenium_scraper - INFO - Scraped tournament 16: CDS Doctor Cricket League 2026 Season - 2
2026-02-04 10:33:08,657 - scraper.selenium_scraper - INFO - Scraped tournament 17: Calicut Premier League
2026-02-04 10:33:09,350 - scraper.selenium_scraper - INFO - Scraped tournament 18: BHILAI STEEL PLANT PREMIER LEAGUE
2026-02-04 10:33:10,036 - scraper.selenium_scraper - INFO - Scraped tournament 19: RAMADAN PREMIER LEAGUE
2026-02-04 10:33:10,732 - scraper.selenium_scraper - INFO - Scraped tournament 20: KPCJAA SPORTS LEAGUE 2026
2026-02-04 10:33:10,732 - root - INFO - Successfully scraped 20 tournaments
2026-02-04 10:33:10,732 - root - INFO - Saved scraped data to /home/runner/work/super-player-auction-scraper/super-player-auction-scraper/data/tournament_data_20260204-103310.json
2026-02-04 10:33:10,732 - root - INFO - Initializing Graph API
2026-02-04 10:33:10,733 - excel.graph_api - INFO - Extracted file ID: 9e836ed5-f58f-4dc7-a969-3c62b255f3ea
2026-02-04 10:33:10,733 - excel.graph_api - INFO - Extracted site ID: CorpDevaaf94619130d4a79af9f3aeae502bdb5
2026-02-04 10:33:10,733 - root - INFO - Authenticating with Microsoft Graph API
2026-02-04 10:33:10,920 - excel.graph_api - INFO - Authentication successful
2026-02-04 10:33:10,920 - root - INFO - Updating Excel sheet with scraped data
2026-02-04 10:33:11,472 - excel.graph_api - INFO - Retrieved drive ID: b!MXUqfmBgAkyqAi_g7J1PO_6yKSWnHbZCs3mpe4EkYuX6d8izcdJxRb78S6OW5SIB
2026-02-04 10:33:12,872 - excel.graph_api - INFO - Retrieved 1178 rows from Excel
2026-02-04 10:33:13,704 - excel.graph_api - INFO - No new tournaments to add
2026-02-04 10:33:13,706 - root - INFO - Excel sheet updated successfully
2026-02-04 10:33:13,795 - scraper.selenium_scraper - INFO - Chrome driver closed
2026-02-04 10:33:13,795 - root - INFO - Selenium driver closed
2026-02-04 10:33:13,795 - root - INFO - Script execution completed
