2026-04-11 10:27:37,890 - root - INFO - Logger initialized successfully
2026-04-11 10:27:37,890 - root - INFO - Log file: /home/runner/work/super-player-auction-scraper/super-player-auction-scraper/logs/scraper_20260411_102737.log
2026-04-11 10:27:37,890 - root - INFO - Starting Super Player Auction scraper
2026-04-11 10:27:37,890 - utils.config - INFO - Credentials loaded from environment variables
2026-04-11 10:27:37,890 - utils.config - INFO - Settings loaded successfully
2026-04-11 10:27:37,890 - root - INFO - Initializing Selenium scraper
2026-04-11 10:27:37,890 - scraper.selenium_scraper - INFO - Running in GitHub Actions environment
2026-04-11 10:27:44,615 - scraper.selenium_scraper - INFO - Chrome driver initialized successfully
2026-04-11 10:27:44,615 - root - INFO - Scraping tournament data
2026-04-11 10:27:44,616 - scraper.selenium_scraper - INFO - Starting to scrape tournament data
2026-04-11 10:27:45,196 - scraper.selenium_scraper - INFO - Waiting for page to load...
2026-04-11 10:27:50,201 - scraper.selenium_scraper - INFO - Scrolling to load all auction cards...
2026-04-11 10:28:02,341 - scraper.selenium_scraper - INFO - Saved page screenshot to /home/runner/work/super-player-auction-scraper/super-player-auction-scraper/logs/screenshots/page_loaded_20260411102802.png
2026-04-11 10:28:02,341 - scraper.selenium_scraper - INFO - Looking for auction cards...
2026-04-11 10:28:02,364 - scraper.selenium_scraper - INFO - Found 20 auction cards
2026-04-11 10:28:03,091 - scraper.selenium_scraper - INFO - Scraped tournament 1: Nashik Women's Premier League
2026-04-11 10:28:03,894 - scraper.selenium_scraper - INFO - Scraped tournament 2: Malayalam Community Cricket League -2026
2026-04-11 10:28:04,598 - scraper.selenium_scraper - INFO - Scraped tournament 3: RAAJPLY PATIDAR CRICKET LEAGUE 2026
2026-04-11 10:28:05,291 - scraper.selenium_scraper - INFO - Scraped tournament 4: PHOENIXX CHAMPIONS LEAGUE
2026-04-11 10:28:05,980 - scraper.selenium_scraper - INFO - Scraped tournament 5: Jain Morning Cricket Cup Season 2
2026-04-11 10:28:06,678 - scraper.selenium_scraper - INFO - Scraped tournament 6: MGPL CRICKET TOURNAMENT
2026-04-11 10:28:07,375 - scraper.selenium_scraper - INFO - Scraped tournament 7: AHILYANAGAR PREMIER LEAGUE U/16 (season 2)
2026-04-11 10:28:08,067 - scraper.selenium_scraper - INFO - Scraped tournament 8: WOMENS AHILYANAGAR PREMIER LEAGUE
2026-04-11 10:28:08,763 - scraper.selenium_scraper - INFO - Scraped tournament 9: CAPL - Season 2
2026-04-11 10:28:09,449 - scraper.selenium_scraper - INFO - Scraped tournament 10: Vagad Football League 2026
2026-04-11 10:28:10,138 - scraper.selenium_scraper - INFO - Scraped tournament 11: SmashIT v8, 2026
2026-04-11 10:28:10,824 - scraper.selenium_scraper - INFO - Scraped tournament 12: Chhattisgarh Cricket Champions League T20
2026-04-11 10:28:11,593 - scraper.selenium_scraper - INFO - Scraped tournament 13: ROHAT PREMIER LEAGUE
2026-04-11 10:28:12,285 - scraper.selenium_scraper - INFO - Scraped tournament 14: SUPER FOOTBALL CHAMPIONSHIP
2026-04-11 10:28:12,978 - scraper.selenium_scraper - INFO - Scraped tournament 15: Auction Demo Jodi
2026-04-11 10:28:13,675 - scraper.selenium_scraper - INFO - Scraped tournament 16: Super Cricket League
2026-04-11 10:28:14,366 - scraper.selenium_scraper - INFO - Scraped tournament 17: SIKAR PREMIER LEAGUE 2025
2026-04-11 10:28:15,057 - scraper.selenium_scraper - INFO - Scraped tournament 18: BJP
2026-04-11 10:28:15,759 - scraper.selenium_scraper - INFO - Scraped tournament 19: SUPER LEAGUE GROUP
2026-04-11 10:28:16,448 - scraper.selenium_scraper - INFO - Scraped tournament 20: SUPER CRICKET LEAGUE
2026-04-11 10:28:16,448 - root - INFO - Successfully scraped 20 tournaments
2026-04-11 10:28:16,449 - root - INFO - Saved scraped data to /home/runner/work/super-player-auction-scraper/super-player-auction-scraper/data/tournament_data_20260411-102816.json
2026-04-11 10:28:16,449 - root - INFO - Initializing Graph API
2026-04-11 10:28:16,449 - excel.graph_api - INFO - Extracted file ID: 9e836ed5-f58f-4dc7-a969-3c62b255f3ea
2026-04-11 10:28:16,449 - excel.graph_api - INFO - Extracted site ID: CorpDevaaf94619130d4a79af9f3aeae502bdb5
2026-04-11 10:28:16,450 - root - INFO - Authenticating with Microsoft Graph API
2026-04-11 10:28:16,640 - excel.graph_api - INFO - Authentication successful
2026-04-11 10:28:16,640 - root - INFO - Updating Excel sheet with scraped data
2026-04-11 10:28:17,531 - excel.graph_api - INFO - Retrieved drive ID: b!MXUqfmBgAkyqAi_g7J1PO_6yKSWnHbZCs3mpe4EkYuX6d8izcdJxRb78S6OW5SIB
2026-04-11 10:28:22,317 - excel.graph_api - INFO - Retrieved 1463 rows from Excel
2026-04-11 10:28:26,471 - excel.graph_api - INFO - Updating range A1465:P1466 with 2 new entries
2026-04-11 10:28:30,667 - excel.graph_api - INFO - Successfully added 2 new tournaments to Excel
2026-04-11 10:28:30,669 - root - INFO - Excel sheet updated successfully
2026-04-11 10:28:30,747 - scraper.selenium_scraper - INFO - Chrome driver closed
2026-04-11 10:28:30,748 - root - INFO - Selenium driver closed
2026-04-11 10:28:30,748 - root - INFO - Script execution completed
