2025-12-21 10:14:13,113 - root - INFO - Logger initialized successfully
2025-12-21 10:14:13,113 - root - INFO - Log file: /home/runner/work/super-player-auction-scraper/super-player-auction-scraper/logs/scraper_20251221_101413.log
2025-12-21 10:14:13,113 - root - INFO - Starting Super Player Auction scraper
2025-12-21 10:14:13,113 - utils.config - INFO - Credentials loaded from environment variables
2025-12-21 10:14:13,113 - utils.config - INFO - Settings loaded successfully
2025-12-21 10:14:13,113 - root - INFO - Initializing Selenium scraper
2025-12-21 10:14:13,113 - scraper.selenium_scraper - INFO - Running in GitHub Actions environment
2025-12-21 10:14:14,897 - selenium.webdriver.common.selenium_manager - WARNING - The chromedriver version (143.0.7499.42) detected in PATH at /usr/bin/chromedriver might not be compatible with the detected chrome version (143.0.7499.109); currently, chromedriver 143.0.7499.169 is recommended for chrome 143.*, so it is advised to delete the driver in PATH and retry
2025-12-21 10:14:20,339 - scraper.selenium_scraper - INFO - Chrome driver initialized successfully
2025-12-21 10:14:20,339 - root - INFO - Scraping tournament data
2025-12-21 10:14:20,339 - scraper.selenium_scraper - INFO - Starting to scrape tournament data
2025-12-21 10:14:21,221 - scraper.selenium_scraper - INFO - Waiting for page to load...
2025-12-21 10:14:26,226 - scraper.selenium_scraper - INFO - Scrolling to load all auction cards...
2025-12-21 10:14:38,354 - scraper.selenium_scraper - INFO - Saved page screenshot to /home/runner/work/super-player-auction-scraper/super-player-auction-scraper/logs/screenshots/page_loaded_20251221101438.png
2025-12-21 10:14:38,354 - scraper.selenium_scraper - INFO - Looking for auction cards...
2025-12-21 10:14:38,377 - scraper.selenium_scraper - INFO - Found 20 auction cards
2025-12-21 10:14:39,105 - scraper.selenium_scraper - INFO - Scraped tournament 1: SHIRUR PREMIER LEAGUE 2026
2025-12-21 10:14:39,823 - scraper.selenium_scraper - INFO - Scraped tournament 2: IPL 2025
2025-12-21 10:14:40,527 - scraper.selenium_scraper - INFO - Scraped tournament 3: STT 2026
2025-12-21 10:14:41,221 - scraper.selenium_scraper - INFO - Scraped tournament 4: YELLAM PREMIER LEAGUE
2025-12-21 10:14:41,909 - scraper.selenium_scraper - INFO - Scraped tournament 5: Sindhi Premier League 6.0
2025-12-21 10:14:42,606 - scraper.selenium_scraper - INFO - Scraped tournament 6: Delta Football League
2025-12-21 10:14:43,298 - scraper.selenium_scraper - INFO - Scraped tournament 7: SIKAR PREMIER LEAGUE 2025
2025-12-21 10:14:43,993 - scraper.selenium_scraper - INFO - Scraped tournament 8: SUPER FOOTBALL CHAMPIONSHIP
2025-12-21 10:14:44,688 - scraper.selenium_scraper - INFO - Scraped tournament 9: Arjun DEMO
2025-12-21 10:14:45,381 - scraper.selenium_scraper - INFO - Scraped tournament 10: SPL SEASON 4
2025-12-21 10:14:46,076 - scraper.selenium_scraper - INFO - Scraped tournament 11: Streamify Cup Silver Category
2025-12-21 10:14:46,767 - scraper.selenium_scraper - INFO - Scraped tournament 12: Physio Cricket League 2026
2025-12-21 10:14:47,460 - scraper.selenium_scraper - INFO - Scraped tournament 13: KABIR NAGAR KHEL SAMITI Society- Organised- PROSOFT
2025-12-21 10:14:48,153 - scraper.selenium_scraper - INFO - Scraped tournament 14: MCT KNR
2025-12-21 10:14:48,846 - scraper.selenium_scraper - INFO - Scraped tournament 15: NFL NAWAPARA FRANCHISE LEAGUE
2025-12-21 10:14:49,535 - scraper.selenium_scraper - INFO - Scraped tournament 16: BOX CRICKET SEASON 1 (SOSAR CUP)
2025-12-21 10:14:50,230 - scraper.selenium_scraper - INFO - Scraped tournament 17: BHANDARI PREMIER LEAGUE 2026
2025-12-21 10:14:50,922 - scraper.selenium_scraper - INFO - Scraped tournament 18: CPL Season 2
2025-12-21 10:14:51,610 - scraper.selenium_scraper - INFO - Scraped tournament 19: SSPL SEASON 03
2025-12-21 10:14:52,309 - scraper.selenium_scraper - INFO - Scraped tournament 20: SUPER FRIENDS CUP
2025-12-21 10:14:52,309 - root - INFO - Successfully scraped 20 tournaments
2025-12-21 10:14:52,310 - root - INFO - Saved scraped data to /home/runner/work/super-player-auction-scraper/super-player-auction-scraper/data/tournament_data_20251221-101452.json
2025-12-21 10:14:52,310 - root - INFO - Initializing Graph API
2025-12-21 10:14:52,310 - excel.graph_api - INFO - Extracted file ID: 9e836ed5-f58f-4dc7-a969-3c62b255f3ea
2025-12-21 10:14:52,310 - excel.graph_api - INFO - Extracted site ID: CorpDevaaf94619130d4a79af9f3aeae502bdb5
2025-12-21 10:14:52,310 - root - INFO - Authenticating with Microsoft Graph API
2025-12-21 10:14:52,622 - excel.graph_api - INFO - Authentication successful
2025-12-21 10:14:52,622 - root - INFO - Updating Excel sheet with scraped data
2025-12-21 10:14:53,322 - excel.graph_api - INFO - Retrieved drive ID: b!MXUqfmBgAkyqAi_g7J1PO_6yKSWnHbZCs3mpe4EkYuX6d8izcdJxRb78S6OW5SIB
2025-12-21 10:14:55,538 - excel.graph_api - INFO - Retrieved 903 rows from Excel
2025-12-21 10:14:56,458 - excel.graph_api - INFO - Updating range A905:M916 with 12 new entries
2025-12-21 10:14:58,603 - excel.graph_api - INFO - Successfully added 12 new tournaments to Excel
2025-12-21 10:14:58,604 - root - INFO - Excel sheet updated successfully
2025-12-21 10:14:58,665 - scraper.selenium_scraper - INFO - Chrome driver closed
2025-12-21 10:14:58,665 - root - INFO - Selenium driver closed
2025-12-21 10:14:58,665 - root - INFO - Script execution completed
