2025-09-11 10:13:23,588 - root - INFO - Logger initialized successfully
2025-09-11 10:13:23,588 - root - INFO - Log file: /home/runner/work/super-player-auction-scraper/super-player-auction-scraper/logs/scraper_20250911_101323.log
2025-09-11 10:13:23,588 - root - INFO - Starting Super Player Auction scraper
2025-09-11 10:13:23,588 - utils.config - INFO - Credentials loaded from environment variables
2025-09-11 10:13:23,588 - utils.config - INFO - Settings loaded successfully
2025-09-11 10:13:23,588 - root - INFO - Initializing Selenium scraper
2025-09-11 10:13:23,588 - scraper.selenium_scraper - INFO - Running in GitHub Actions environment
2025-09-11 10:13:26,013 - selenium.webdriver.common.selenium_manager - WARNING - The chromedriver version (140.0.7339.80) detected in PATH at /usr/bin/chromedriver might not be compatible with the detected chrome version (140.0.7339.80); currently, chromedriver 140.0.7339.82 is recommended for chrome 140.*, so it is advised to delete the driver in PATH and retry
2025-09-11 10:13:36,963 - scraper.selenium_scraper - INFO - Chrome driver initialized successfully
2025-09-11 10:13:36,963 - root - INFO - Scraping tournament data
2025-09-11 10:13:36,963 - scraper.selenium_scraper - INFO - Starting to scrape tournament data
2025-09-11 10:13:41,443 - scraper.selenium_scraper - INFO - Waiting for page to load...
2025-09-11 10:13:46,448 - scraper.selenium_scraper - INFO - Scrolling to load all auction cards...
2025-09-11 10:13:58,568 - scraper.selenium_scraper - INFO - Saved page screenshot to /home/runner/work/super-player-auction-scraper/super-player-auction-scraper/logs/screenshots/page_loaded_20250911101358.png
2025-09-11 10:13:58,568 - scraper.selenium_scraper - INFO - Looking for auction cards...
2025-09-11 10:13:58,602 - scraper.selenium_scraper - INFO - Found 20 auction cards
2025-09-11 10:13:59,320 - scraper.selenium_scraper - INFO - Scraped tournament 1: NAIGAON PREMIER LEAGUE SEASON - 6
2025-09-11 10:14:00,076 - scraper.selenium_scraper - INFO - Scraped tournament 2: Mali Premier League Balotra
2025-09-11 10:14:00,763 - scraper.selenium_scraper - INFO - Scraped tournament 3: T20 CRICKET LEAGUE SEASON 5
2025-09-11 10:14:01,463 - scraper.selenium_scraper - INFO - Scraped tournament 4: Sarsangan U19 Boys & Girls Cricket Series 2025-26
2025-09-11 10:14:02,146 - scraper.selenium_scraper - INFO - Scraped tournament 5: Sarsangan +40 Cricket Series 2025-26
2025-09-11 10:14:02,831 - scraper.selenium_scraper - INFO - Scraped tournament 6: NATIONAL DAY SUPER CUP 2025
2025-09-11 10:14:03,517 - scraper.selenium_scraper - INFO - Scraped tournament 7: Sarsangan +45 Veterans Cricket Series 2025-26
2025-09-11 10:14:04,200 - scraper.selenium_scraper - INFO - Scraped tournament 8: Sarsangan Super Series Cricket 2025-26
2025-09-11 10:14:04,884 - scraper.selenium_scraper - INFO - Scraped tournament 9: JAIN PREMIER LEAGUE 4
2025-09-11 10:14:05,582 - scraper.selenium_scraper - INFO - Scraped tournament 10: BHAGALPUR CRICKET LEAGUE
2025-09-11 10:14:06,270 - scraper.selenium_scraper - INFO - Scraped tournament 11: NPL Titan Cup
2025-09-11 10:14:06,956 - scraper.selenium_scraper - INFO - Scraped tournament 12: Kerala Premier League 2025
2025-09-11 10:14:07,662 - scraper.selenium_scraper - INFO - Scraped tournament 13: KOTA PREMIER EAGUE 2025
2025-09-11 10:14:08,349 - scraper.selenium_scraper - INFO - Scraped tournament 14: Elegant Premier League
2025-09-11 10:14:09,036 - scraper.selenium_scraper - INFO - Scraped tournament 15: ICL SEASON 3
2025-09-11 10:14:09,724 - scraper.selenium_scraper - INFO - Scraped tournament 16: IIA PREMIER LEAGUE
2025-09-11 10:14:10,415 - scraper.selenium_scraper - INFO - Scraped tournament 17: GONDA SINDHI PREMIER LEAGUE -3
2025-09-11 10:14:11,108 - scraper.selenium_scraper - INFO - Scraped tournament 18: DMCA BIG BASH 2025 Season-2
2025-09-11 10:14:11,792 - scraper.selenium_scraper - INFO - Scraped tournament 19: KABIR NAGAR KHEL SAMITI PROSOFT SESSION - 2025
2025-09-11 10:14:12,479 - scraper.selenium_scraper - INFO - Scraped tournament 20: UPL CHAPTER 3.0 CRICKET TOURNAMENT
2025-09-11 10:14:12,479 - root - INFO - Successfully scraped 20 tournaments
2025-09-11 10:14:12,480 - root - INFO - Saved scraped data to /home/runner/work/super-player-auction-scraper/super-player-auction-scraper/data/tournament_data_20250911-101412.json
2025-09-11 10:14:12,480 - root - INFO - Initializing Graph API
2025-09-11 10:14:12,480 - excel.graph_api - INFO - Extracted file ID: 9e836ed5-f58f-4dc7-a969-3c62b255f3ea
2025-09-11 10:14:12,480 - excel.graph_api - INFO - Extracted site ID: CorpDevaaf94619130d4a79af9f3aeae502bdb5
2025-09-11 10:14:12,480 - root - INFO - Authenticating with Microsoft Graph API
2025-09-11 10:14:13,067 - excel.graph_api - INFO - Authentication successful
2025-09-11 10:14:13,067 - root - INFO - Updating Excel sheet with scraped data
2025-09-11 10:14:13,756 - excel.graph_api - INFO - Retrieved drive ID: b!MXUqfmBgAkyqAi_g7J1PO_6yKSWnHbZCs3mpe4EkYuX6d8izcdJxRb78S6OW5SIB
2025-09-11 10:14:14,891 - excel.graph_api - INFO - Retrieved 481 rows from Excel
2025-09-11 10:14:16,578 - excel.graph_api - INFO - Updating range A483:M486 with 4 new entries
2025-09-11 10:14:17,432 - excel.graph_api - INFO - Successfully added 4 new tournaments to Excel
2025-09-11 10:14:17,433 - root - INFO - Excel sheet updated successfully
2025-09-11 10:14:17,500 - scraper.selenium_scraper - INFO - Chrome driver closed
2025-09-11 10:14:17,500 - root - INFO - Selenium driver closed
2025-09-11 10:14:17,500 - root - INFO - Script execution completed
