2026-03-19 15:44:37,488 - root - INFO - Logger initialized successfully
2026-03-19 15:44:37,488 - root - INFO - Log file: /home/runner/work/super-player-auction-scraper/super-player-auction-scraper/logs/scraper_20260319_154437.log
2026-03-19 15:44:37,488 - root - INFO - Starting Super Player Auction scraper
2026-03-19 15:44:37,488 - utils.config - INFO - Credentials loaded from environment variables
2026-03-19 15:44:37,488 - utils.config - INFO - Settings loaded successfully
2026-03-19 15:44:37,488 - root - INFO - Initializing Selenium scraper
2026-03-19 15:44:37,488 - scraper.selenium_scraper - INFO - Running in GitHub Actions environment
2026-03-19 15:44:48,163 - scraper.selenium_scraper - INFO - Chrome driver initialized successfully
2026-03-19 15:44:48,163 - root - INFO - Scraping tournament data
2026-03-19 15:44:48,163 - scraper.selenium_scraper - INFO - Starting to scrape tournament data
2026-03-19 15:44:49,093 - scraper.selenium_scraper - INFO - Waiting for page to load...
2026-03-19 15:44:54,098 - scraper.selenium_scraper - INFO - Scrolling to load all auction cards...
2026-03-19 15:45:06,243 - scraper.selenium_scraper - INFO - Saved page screenshot to /home/runner/work/super-player-auction-scraper/super-player-auction-scraper/logs/screenshots/page_loaded_20260319154506.png
2026-03-19 15:45:06,243 - scraper.selenium_scraper - INFO - Looking for auction cards...
2026-03-19 15:45:06,281 - scraper.selenium_scraper - INFO - Found 20 auction cards
2026-03-19 15:45:06,997 - scraper.selenium_scraper - INFO - Scraped tournament 1: MCPL 2026
2026-03-19 15:45:07,683 - scraper.selenium_scraper - INFO - Scraped tournament 2: FLICK BADMINTON LEAGUE
2026-03-19 15:45:08,366 - scraper.selenium_scraper - INFO - Scraped tournament 3: Nice Fantasy Auction
2026-03-19 15:45:09,047 - scraper.selenium_scraper - INFO - Scraped tournament 4: BSA League - 1
2026-03-19 15:45:09,731 - scraper.selenium_scraper - INFO - Scraped tournament 5: DADA CUP
2026-03-19 15:45:10,415 - scraper.selenium_scraper - INFO - Scraped tournament 6: MPL Cup 2026
2026-03-19 15:45:11,098 - scraper.selenium_scraper - INFO - Scraped tournament 7: UNITY CUP Season 3 [2026-27]
2026-03-19 15:45:11,781 - scraper.selenium_scraper - INFO - Scraped tournament 8: Chhattisgarh Cricket Champions League T20
2026-03-19 15:45:12,469 - scraper.selenium_scraper - INFO - Scraped tournament 9: Super Cricket League
2026-03-19 15:45:13,151 - scraper.selenium_scraper - INFO - Scraped tournament 10: SIKAR PREMIER LEAGUE 2025
2026-03-19 15:45:13,832 - scraper.selenium_scraper - INFO - Scraped tournament 11: ROHAT PREMIER LEAGUE
2026-03-19 15:45:14,513 - scraper.selenium_scraper - INFO - Scraped tournament 12: SUPER FOOTBALL CHAMPIONSHIP
2026-03-19 15:45:15,195 - scraper.selenium_scraper - INFO - Scraped tournament 13: Super Cricket League
2026-03-19 15:45:15,880 - scraper.selenium_scraper - INFO - Scraped tournament 14: BJP
2026-03-19 15:45:16,564 - scraper.selenium_scraper - INFO - Scraped tournament 15: SUPER CRICKRT LEAGUE - MAHIPAL
2026-03-19 15:45:17,250 - scraper.selenium_scraper - INFO - Scraped tournament 16: BOTAD PREMIER LEAGUE 3
2026-03-19 15:45:17,932 - scraper.selenium_scraper - INFO - Scraped tournament 17: DAMAN PREMIER LEAGUE 2026
2026-03-19 15:45:18,625 - scraper.selenium_scraper - INFO - Scraped tournament 18: NMCL SEASON -1.0
2026-03-19 15:45:19,315 - scraper.selenium_scraper - INFO - Scraped tournament 19: PAVASIYA PREMIER LEAGUE 2
2026-03-19 15:45:19,995 - scraper.selenium_scraper - INFO - Scraped tournament 20: KMPL SEASON 4
2026-03-19 15:45:19,995 - root - INFO - Successfully scraped 20 tournaments
2026-03-19 15:45:19,996 - root - INFO - Saved scraped data to /home/runner/work/super-player-auction-scraper/super-player-auction-scraper/data/tournament_data_20260319-154519.json
2026-03-19 15:45:19,996 - root - INFO - Initializing Graph API
2026-03-19 15:45:19,997 - excel.graph_api - INFO - Extracted file ID: 9e836ed5-f58f-4dc7-a969-3c62b255f3ea
2026-03-19 15:45:19,997 - excel.graph_api - INFO - Extracted site ID: CorpDevaaf94619130d4a79af9f3aeae502bdb5
2026-03-19 15:45:19,997 - root - INFO - Authenticating with Microsoft Graph API
2026-03-19 15:45:20,426 - excel.graph_api - INFO - Authentication successful
2026-03-19 15:45:20,426 - root - INFO - Updating Excel sheet with scraped data
2026-03-19 15:45:20,980 - excel.graph_api - INFO - Retrieved drive ID: b!MXUqfmBgAkyqAi_g7J1PO_6yKSWnHbZCs3mpe4EkYuX6d8izcdJxRb78S6OW5SIB
2026-03-19 15:45:22,751 - excel.graph_api - INFO - Retrieved 1360 rows from Excel
2026-03-19 15:45:23,986 - excel.graph_api - INFO - Updating range A1362:M1363 with 2 new entries
2026-03-19 15:45:26,923 - excel.graph_api - INFO - Successfully added 2 new tournaments to Excel
2026-03-19 15:45:26,925 - root - INFO - Excel sheet updated successfully
2026-03-19 15:45:27,005 - scraper.selenium_scraper - INFO - Chrome driver closed
2026-03-19 15:45:27,005 - root - INFO - Selenium driver closed
2026-03-19 15:45:27,005 - root - INFO - Script execution completed
