2026-04-13 16:07:38,839 - root - INFO - Logger initialized successfully
2026-04-13 16:07:38,839 - root - INFO - Log file: /home/runner/work/super-player-auction-scraper/super-player-auction-scraper/logs/scraper_20260413_160738.log
2026-04-13 16:07:38,839 - root - INFO - Starting Super Player Auction scraper
2026-04-13 16:07:38,839 - utils.config - INFO - Credentials loaded from environment variables
2026-04-13 16:07:38,840 - utils.config - INFO - Settings loaded successfully
2026-04-13 16:07:38,840 - root - INFO - Initializing Selenium scraper
2026-04-13 16:07:38,840 - scraper.selenium_scraper - INFO - Running in GitHub Actions environment
2026-04-13 16:07:47,537 - scraper.selenium_scraper - INFO - Chrome driver initialized successfully
2026-04-13 16:07:47,537 - root - INFO - Scraping tournament data
2026-04-13 16:07:47,538 - scraper.selenium_scraper - INFO - Starting to scrape tournament data
2026-04-13 16:07:48,788 - scraper.selenium_scraper - INFO - Waiting for page to load...
2026-04-13 16:07:53,793 - scraper.selenium_scraper - INFO - Scrolling to load all auction cards...
2026-04-13 16:08:06,070 - scraper.selenium_scraper - INFO - Saved page screenshot to /home/runner/work/super-player-auction-scraper/super-player-auction-scraper/logs/screenshots/page_loaded_20260413160805.png
2026-04-13 16:08:06,070 - scraper.selenium_scraper - INFO - Looking for auction cards...
2026-04-13 16:08:06,094 - scraper.selenium_scraper - INFO - Found 20 auction cards
2026-04-13 16:08:06,823 - scraper.selenium_scraper - INFO - Scraped tournament 1: Soni Premier League 3
2026-04-13 16:08:07,582 - scraper.selenium_scraper - INFO - Scraped tournament 2: MGPL CRICKET TOURNAMENT
2026-04-13 16:08:08,273 - scraper.selenium_scraper - INFO - Scraped tournament 3: Nashik Women's Premier League
2026-04-13 16:08:08,959 - scraper.selenium_scraper - INFO - Scraped tournament 4: J&C Memorial Cup 2026
2026-04-13 16:08:09,647 - scraper.selenium_scraper - INFO - Scraped tournament 5: AHILYANAGAR PREMIER LEAGUE U/16 (season 2)
2026-04-13 16:08:10,341 - scraper.selenium_scraper - INFO - Scraped tournament 6: WOMENS AHILYANAGAR PREMIER LEAGUE
2026-04-13 16:08:11,043 - scraper.selenium_scraper - INFO - Scraped tournament 7: CAPL - Season 2
2026-04-13 16:08:11,741 - scraper.selenium_scraper - INFO - Scraped tournament 8: Vagad Football League 2026
2026-04-13 16:08:12,439 - scraper.selenium_scraper - INFO - Scraped tournament 9: SmashIT v8, 2026
2026-04-13 16:08:13,137 - scraper.selenium_scraper - INFO - Scraped tournament 10: Chhattisgarh Cricket Champions League T20
2026-04-13 16:08:13,827 - scraper.selenium_scraper - INFO - Scraped tournament 11: ROHAT PREMIER LEAGUE
2026-04-13 16:08:14,529 - scraper.selenium_scraper - INFO - Scraped tournament 12: SUPER FOOTBALL CHAMPIONSHIP
2026-04-13 16:08:15,225 - scraper.selenium_scraper - INFO - Scraped tournament 13: Auction Demo Jodi
2026-04-13 16:08:15,906 - scraper.selenium_scraper - INFO - Scraped tournament 14: Super Cricket League
2026-04-13 16:08:16,603 - scraper.selenium_scraper - INFO - Scraped tournament 15: SIKAR PREMIER LEAGUE 2025
2026-04-13 16:08:17,290 - scraper.selenium_scraper - INFO - Scraped tournament 16: BJP
2026-04-13 16:08:17,976 - scraper.selenium_scraper - INFO - Scraped tournament 17: SUPER LEAGUE GROUP
2026-04-13 16:08:18,672 - scraper.selenium_scraper - INFO - Scraped tournament 18: SS CRICKET PREMIER LEAGUE - 1
2026-04-13 16:08:19,394 - scraper.selenium_scraper - INFO - Scraped tournament 19: Chemist Champion Trophy Season 3
2026-04-13 16:08:20,072 - scraper.selenium_scraper - INFO - Scraped tournament 20: Agroli Premier League Season 3
2026-04-13 16:08:20,072 - root - INFO - Successfully scraped 20 tournaments
2026-04-13 16:08:20,073 - root - INFO - Saved scraped data to /home/runner/work/super-player-auction-scraper/super-player-auction-scraper/data/tournament_data_20260413-160820.json
2026-04-13 16:08:20,073 - root - INFO - Initializing Graph API
2026-04-13 16:08:20,073 - excel.graph_api - INFO - Extracted file ID: 9e836ed5-f58f-4dc7-a969-3c62b255f3ea
2026-04-13 16:08:20,073 - excel.graph_api - INFO - Extracted site ID: CorpDevaaf94619130d4a79af9f3aeae502bdb5
2026-04-13 16:08:20,073 - root - INFO - Authenticating with Microsoft Graph API
2026-04-13 16:08:20,276 - excel.graph_api - INFO - Authentication successful
2026-04-13 16:08:20,276 - root - INFO - Updating Excel sheet with scraped data
2026-04-13 16:08:20,877 - excel.graph_api - INFO - Retrieved drive ID: b!MXUqfmBgAkyqAi_g7J1PO_6yKSWnHbZCs3mpe4EkYuX6d8izcdJxRb78S6OW5SIB
2026-04-13 16:08:27,443 - excel.graph_api - INFO - Retrieved 1471 rows from Excel
2026-04-13 16:08:32,133 - excel.graph_api - INFO - Updating range A1473:P1473 with 1 new entries
2026-04-13 16:08:38,998 - excel.graph_api - INFO - Successfully added 1 new tournaments to Excel
2026-04-13 16:08:39,000 - root - INFO - Excel sheet updated successfully
2026-04-13 16:08:39,065 - scraper.selenium_scraper - INFO - Chrome driver closed
2026-04-13 16:08:39,065 - root - INFO - Selenium driver closed
2026-04-13 16:08:39,065 - root - INFO - Script execution completed
