2026-01-26 15:21:50,715 - root - INFO - Logger initialized successfully
2026-01-26 15:21:50,715 - root - INFO - Log file: /home/runner/work/super-player-auction-scraper/super-player-auction-scraper/logs/scraper_20260126_152150.log
2026-01-26 15:21:50,715 - root - INFO - Starting Super Player Auction scraper
2026-01-26 15:21:50,715 - utils.config - INFO - Credentials loaded from environment variables
2026-01-26 15:21:50,715 - utils.config - INFO - Settings loaded successfully
2026-01-26 15:21:50,715 - root - INFO - Initializing Selenium scraper
2026-01-26 15:21:50,716 - scraper.selenium_scraper - INFO - Running in GitHub Actions environment
2026-01-26 15:21:52,151 - selenium.webdriver.common.selenium_manager - WARNING - The chromedriver version (144.0.7559.31) detected in PATH at /usr/bin/chromedriver might not be compatible with the detected chrome version (144.0.7559.59); currently, chromedriver 144.0.7559.96 is recommended for chrome 144.*, so it is advised to delete the driver in PATH and retry
2026-01-26 15:21:59,046 - scraper.selenium_scraper - INFO - Chrome driver initialized successfully
2026-01-26 15:21:59,046 - root - INFO - Scraping tournament data
2026-01-26 15:21:59,046 - scraper.selenium_scraper - INFO - Starting to scrape tournament data
2026-01-26 15:21:59,862 - scraper.selenium_scraper - INFO - Waiting for page to load...
2026-01-26 15:22:04,868 - scraper.selenium_scraper - INFO - Scrolling to load all auction cards...
2026-01-26 15:22:17,002 - scraper.selenium_scraper - INFO - Saved page screenshot to /home/runner/work/super-player-auction-scraper/super-player-auction-scraper/logs/screenshots/page_loaded_20260126152216.png
2026-01-26 15:22:17,002 - scraper.selenium_scraper - INFO - Looking for auction cards...
2026-01-26 15:22:17,027 - scraper.selenium_scraper - INFO - Found 20 auction cards
2026-01-26 15:22:17,766 - scraper.selenium_scraper - INFO - Scraped tournament 1: ACL-5
2026-01-26 15:22:18,514 - scraper.selenium_scraper - INFO - Scraped tournament 2: NASHIK PREMIER LEAGUE SEASON VIII
2026-01-26 15:22:19,211 - scraper.selenium_scraper - INFO - Scraped tournament 3: Lucknow Cricket League 2026
2026-01-26 15:22:19,910 - scraper.selenium_scraper - INFO - Scraped tournament 4: ABPL - Season 5 | 2026 | Auction
2026-01-26 15:22:20,615 - scraper.selenium_scraper - INFO - Scraped tournament 5: Calicut premier league Qatar
2026-01-26 15:22:21,323 - scraper.selenium_scraper - INFO - Scraped tournament 6: PGCL 2.O
2026-01-26 15:22:22,031 - scraper.selenium_scraper - INFO - Scraped tournament 7: SUBIC SRILANKAN PREMIER LEAGUE - SEASON 4 - 2026
2026-01-26 15:22:22,748 - scraper.selenium_scraper - INFO - Scraped tournament 8: MCPL 2026
2026-01-26 15:22:23,462 - scraper.selenium_scraper - INFO - Scraped tournament 9: SUPER FOOTBALL CHAMPIONSHIP
2026-01-26 15:22:24,157 - scraper.selenium_scraper - INFO - Scraped tournament 10: MAHINDRA EMINENTE PREMIER LEAGUE
2026-01-26 15:22:24,850 - scraper.selenium_scraper - INFO - Scraped tournament 11: WBGMDA CRICKET LEAGUE
2026-01-26 15:22:25,543 - scraper.selenium_scraper - INFO - Scraped tournament 12: JITO PREMIER LEAGUE - 3
2026-01-26 15:22:26,234 - scraper.selenium_scraper - INFO - Scraped tournament 13: Karneshwar premiere leauge (KPL- 3) karnawad
2026-01-26 15:22:26,929 - scraper.selenium_scraper - INFO - Scraped tournament 14: MORNING PREMIER LEAGUE SEASON 11
2026-01-26 15:22:27,620 - scraper.selenium_scraper - INFO - Scraped tournament 15: Simga Tennis Cricket League
2026-01-26 15:22:28,312 - scraper.selenium_scraper - INFO - Scraped tournament 16: Friends Cup
2026-01-26 15:22:29,011 - scraper.selenium_scraper - INFO - Scraped tournament 17: VBL 2026
2026-01-26 15:22:29,708 - scraper.selenium_scraper - INFO - Scraped tournament 18: TEEKLI Premier League
2026-01-26 15:22:30,401 - scraper.selenium_scraper - INFO - Scraped tournament 19: TOYAGONDI SUPER LEAGUE
2026-01-26 15:22:31,105 - scraper.selenium_scraper - INFO - Scraped tournament 20: Area 7 Premier League Season 2
2026-01-26 15:22:31,105 - root - INFO - Successfully scraped 20 tournaments
2026-01-26 15:22:31,106 - root - INFO - Saved scraped data to /home/runner/work/super-player-auction-scraper/super-player-auction-scraper/data/tournament_data_20260126-152231.json
2026-01-26 15:22:31,106 - root - INFO - Initializing Graph API
2026-01-26 15:22:31,106 - excel.graph_api - INFO - Extracted file ID: 9e836ed5-f58f-4dc7-a969-3c62b255f3ea
2026-01-26 15:22:31,106 - excel.graph_api - INFO - Extracted site ID: CorpDevaaf94619130d4a79af9f3aeae502bdb5
2026-01-26 15:22:31,106 - root - INFO - Authenticating with Microsoft Graph API
2026-01-26 15:22:31,286 - excel.graph_api - INFO - Authentication successful
2026-01-26 15:22:31,287 - root - INFO - Updating Excel sheet with scraped data
2026-01-26 15:22:31,695 - excel.graph_api - INFO - Retrieved drive ID: b!MXUqfmBgAkyqAi_g7J1PO_6yKSWnHbZCs3mpe4EkYuX6d8izcdJxRb78S6OW5SIB
2026-01-26 15:22:33,980 - excel.graph_api - INFO - Retrieved 1140 rows from Excel
2026-01-26 15:22:35,307 - excel.graph_api - INFO - Updating range A1142:M1142 with 1 new entries
2026-01-26 15:22:36,697 - excel.graph_api - INFO - Successfully added 1 new tournaments to Excel
2026-01-26 15:22:36,698 - root - INFO - Excel sheet updated successfully
2026-01-26 15:22:36,776 - scraper.selenium_scraper - INFO - Chrome driver closed
2026-01-26 15:22:36,776 - root - INFO - Selenium driver closed
2026-01-26 15:22:36,776 - root - INFO - Script execution completed
