2025-12-12 10:16:23,650 - root - INFO - Logger initialized successfully
2025-12-12 10:16:23,650 - root - INFO - Log file: /home/runner/work/super-player-auction-scraper/super-player-auction-scraper/logs/scraper_20251212_101623.log
2025-12-12 10:16:23,650 - root - INFO - Starting Super Player Auction scraper
2025-12-12 10:16:23,650 - utils.config - INFO - Credentials loaded from environment variables
2025-12-12 10:16:23,650 - utils.config - INFO - Settings loaded successfully
2025-12-12 10:16:23,650 - root - INFO - Initializing Selenium scraper
2025-12-12 10:16:23,650 - scraper.selenium_scraper - INFO - Running in GitHub Actions environment
2025-12-12 10:16:24,888 - selenium.webdriver.common.selenium_manager - WARNING - The chromedriver version (143.0.7499.40) detected in PATH at /usr/bin/chromedriver might not be compatible with the detected chrome version (143.0.7499.40); currently, chromedriver 143.0.7499.42 is recommended for chrome 143.*, so it is advised to delete the driver in PATH and retry
2025-12-12 10:16:29,183 - scraper.selenium_scraper - INFO - Chrome driver initialized successfully
2025-12-12 10:16:29,183 - root - INFO - Scraping tournament data
2025-12-12 10:16:29,183 - scraper.selenium_scraper - INFO - Starting to scrape tournament data
2025-12-12 10:16:30,081 - scraper.selenium_scraper - INFO - Waiting for page to load...
2025-12-12 10:16:35,086 - scraper.selenium_scraper - INFO - Scrolling to load all auction cards...
2025-12-12 10:16:47,214 - scraper.selenium_scraper - INFO - Saved page screenshot to /home/runner/work/super-player-auction-scraper/super-player-auction-scraper/logs/screenshots/page_loaded_20251212101647.png
2025-12-12 10:16:47,214 - scraper.selenium_scraper - INFO - Looking for auction cards...
2025-12-12 10:16:47,236 - scraper.selenium_scraper - INFO - Found 20 auction cards
2025-12-12 10:16:47,958 - scraper.selenium_scraper - INFO - Scraped tournament 1: Bandra Premier League Season 6
2025-12-12 10:16:48,682 - scraper.selenium_scraper - INFO - Scraped tournament 2: JITO ATHLON -FOOTBALL
2025-12-12 10:16:49,372 - scraper.selenium_scraper - INFO - Scraped tournament 3: JITO ATHLON - FULL PITCH CRICKET
2025-12-12 10:16:50,061 - scraper.selenium_scraper - INFO - Scraped tournament 4: MIPL
2025-12-12 10:16:50,746 - scraper.selenium_scraper - INFO - Scraped tournament 5: RAJALDESAR PREMIER LEAGUE SEASON 3
2025-12-12 10:16:51,432 - scraper.selenium_scraper - INFO - Scraped tournament 6: Matunga Gymkhana Champions League 2026
2025-12-12 10:16:52,116 - scraper.selenium_scraper - INFO - Scraped tournament 7: IHCL MEN
2025-12-12 10:16:52,814 - scraper.selenium_scraper - INFO - Scraped tournament 8: IHCL WOMEN
2025-12-12 10:16:53,496 - scraper.selenium_scraper - INFO - Scraped tournament 9: Mohaba Bazar Silver League Season 3
2025-12-12 10:16:54,177 - scraper.selenium_scraper - INFO - Scraped tournament 10: SINDHI AUCTION PREMIER LEAGUE-VARANASI
2025-12-12 10:16:54,868 - scraper.selenium_scraper - INFO - Scraped tournament 11: SAPPHIRE PREMIER LEAGUE
2025-12-12 10:16:55,548 - scraper.selenium_scraper - INFO - Scraped tournament 12: MFCL Season 5
2025-12-12 10:16:56,230 - scraper.selenium_scraper - INFO - Scraped tournament 13: Panchal Premier League - 10 , Vadodara
2025-12-12 10:16:56,909 - scraper.selenium_scraper - INFO - Scraped tournament 14: RMPL AUCTION 2026
2025-12-12 10:16:57,590 - scraper.selenium_scraper - INFO - Scraped tournament 15: Sanatan Premier League 2026 - Season 3
2025-12-12 10:16:58,267 - scraper.selenium_scraper - INFO - Scraped tournament 16: RATNA KYS PREMIER LEAGUE - MALE
2025-12-12 10:16:58,951 - scraper.selenium_scraper - INFO - Scraped tournament 17: Gunupur Tennis League - Season 2
2025-12-12 10:16:59,639 - scraper.selenium_scraper - INFO - Scraped tournament 18: Diamond REALTY CCL SEASON 3
2025-12-12 10:17:00,327 - scraper.selenium_scraper - INFO - Scraped tournament 19: BUILDWELL PREMIER LEAGUE
2025-12-12 10:17:01,009 - scraper.selenium_scraper - INFO - Scraped tournament 20: RATNA KYS PREMIER LEAGUE - FEMALE
2025-12-12 10:17:01,010 - root - INFO - Successfully scraped 20 tournaments
2025-12-12 10:17:01,010 - root - INFO - Saved scraped data to /home/runner/work/super-player-auction-scraper/super-player-auction-scraper/data/tournament_data_20251212-101701.json
2025-12-12 10:17:01,010 - root - INFO - Initializing Graph API
2025-12-12 10:17:01,011 - excel.graph_api - INFO - Extracted file ID: 9e836ed5-f58f-4dc7-a969-3c62b255f3ea
2025-12-12 10:17:01,011 - excel.graph_api - INFO - Extracted site ID: CorpDevaaf94619130d4a79af9f3aeae502bdb5
2025-12-12 10:17:01,011 - root - INFO - Authenticating with Microsoft Graph API
2025-12-12 10:17:01,514 - excel.graph_api - INFO - Authentication successful
2025-12-12 10:17:01,514 - root - INFO - Updating Excel sheet with scraped data
2025-12-12 10:17:01,911 - excel.graph_api - INFO - Retrieved drive ID: b!MXUqfmBgAkyqAi_g7J1PO_6yKSWnHbZCs3mpe4EkYuX6d8izcdJxRb78S6OW5SIB
2025-12-12 10:17:03,027 - excel.graph_api - INFO - Retrieved 840 rows from Excel
2025-12-12 10:17:03,918 - excel.graph_api - INFO - Updating range A842:M843 with 2 new entries
2025-12-12 10:17:04,984 - excel.graph_api - INFO - Successfully added 2 new tournaments to Excel
2025-12-12 10:17:04,985 - root - INFO - Excel sheet updated successfully
2025-12-12 10:17:05,046 - scraper.selenium_scraper - INFO - Chrome driver closed
2025-12-12 10:17:05,046 - root - INFO - Selenium driver closed
2025-12-12 10:17:05,046 - root - INFO - Script execution completed
