2026-01-30 10:26:31,490 - root - INFO - Logger initialized successfully
2026-01-30 10:26:31,490 - root - INFO - Log file: /home/runner/work/super-player-auction-scraper/super-player-auction-scraper/logs/scraper_20260130_102631.log
2026-01-30 10:26:31,490 - root - INFO - Starting Super Player Auction scraper
2026-01-30 10:26:31,490 - utils.config - INFO - Credentials loaded from environment variables
2026-01-30 10:26:31,490 - utils.config - INFO - Settings loaded successfully
2026-01-30 10:26:31,490 - root - INFO - Initializing Selenium scraper
2026-01-30 10:26:31,490 - scraper.selenium_scraper - INFO - Running in GitHub Actions environment
2026-01-30 10:26:32,062 - selenium.webdriver.common.selenium_manager - WARNING - The chromedriver version (144.0.7559.96) detected in PATH at /usr/bin/chromedriver might not be compatible with the detected chrome version (144.0.7559.96); currently, chromedriver 144.0.7559.109 is recommended for chrome 144.*, so it is advised to delete the driver in PATH and retry
2026-01-30 10:26:33,428 - scraper.selenium_scraper - INFO - Chrome driver initialized successfully
2026-01-30 10:26:33,428 - root - INFO - Scraping tournament data
2026-01-30 10:26:33,428 - scraper.selenium_scraper - INFO - Starting to scrape tournament data
2026-01-30 10:26:34,353 - scraper.selenium_scraper - INFO - Waiting for page to load...
2026-01-30 10:26:39,358 - scraper.selenium_scraper - INFO - Scrolling to load all auction cards...
2026-01-30 10:26:51,468 - scraper.selenium_scraper - INFO - Saved page screenshot to /home/runner/work/super-player-auction-scraper/super-player-auction-scraper/logs/screenshots/page_loaded_20260130102651.png
2026-01-30 10:26:51,469 - scraper.selenium_scraper - INFO - Looking for auction cards...
2026-01-30 10:26:51,487 - scraper.selenium_scraper - INFO - Found 20 auction cards
2026-01-30 10:26:52,219 - scraper.selenium_scraper - INFO - Scraped tournament 1: Steelbird Cricket League T-21 Season 12 - 2026
2026-01-30 10:26:52,920 - scraper.selenium_scraper - INFO - Scraped tournament 2: Lucknow Cricket League 2026
2026-01-30 10:26:53,615 - scraper.selenium_scraper - INFO - Scraped tournament 3: ABPL - Season 5 | 2026 | Auction
2026-01-30 10:26:54,307 - scraper.selenium_scraper - INFO - Scraped tournament 4: SCG SEASON 4.0
2026-01-30 10:26:54,994 - scraper.selenium_scraper - INFO - Scraped tournament 5: APL
2026-01-30 10:26:55,700 - scraper.selenium_scraper - INFO - Scraped tournament 6: Calicut premier league Qatar
2026-01-30 10:26:56,393 - scraper.selenium_scraper - INFO - Scraped tournament 7: PGCL 2.O
2026-01-30 10:26:57,086 - scraper.selenium_scraper - INFO - Scraped tournament 8: SUBIC SRILANKAN PREMIER LEAGUE - SEASON 4 - 2026
2026-01-30 10:26:57,779 - scraper.selenium_scraper - INFO - Scraped tournament 9: MCPL 2026
2026-01-30 10:26:58,471 - scraper.selenium_scraper - INFO - Scraped tournament 10: SIKAR PREMIER LEAGUE 2025
2026-01-30 10:26:59,173 - scraper.selenium_scraper - INFO - Scraped tournament 11: SUPER FOOTBALL CHAMPIONSHIP
2026-01-30 10:26:59,866 - scraper.selenium_scraper - INFO - Scraped tournament 12: KNPL
2026-01-30 10:27:00,557 - scraper.selenium_scraper - INFO - Scraped tournament 13: RAMADAN PREMIER LEAGUE
2026-01-30 10:27:01,252 - scraper.selenium_scraper - INFO - Scraped tournament 14: SRPL
2026-01-30 10:27:01,944 - scraper.selenium_scraper - INFO - Scraped tournament 15: DOCTORS PREMIER LEAGUE - 4
2026-01-30 10:27:02,635 - scraper.selenium_scraper - INFO - Scraped tournament 16: KALERA PREMIER LEAGUE SEASON 1
2026-01-30 10:27:03,327 - scraper.selenium_scraper - INFO - Scraped tournament 17: FCC CUP SEASON 4
2026-01-30 10:27:04,018 - scraper.selenium_scraper - INFO - Scraped tournament 18: SINDHI PREMIER LEAGUE-5
2026-01-30 10:27:04,708 - scraper.selenium_scraper - INFO - Scraped tournament 19: Awadhpuri Auction
2026-01-30 10:27:05,406 - scraper.selenium_scraper - INFO - Scraped tournament 20: Sindhi Premier League
2026-01-30 10:27:05,406 - root - INFO - Successfully scraped 20 tournaments
2026-01-30 10:27:05,406 - root - INFO - Saved scraped data to /home/runner/work/super-player-auction-scraper/super-player-auction-scraper/data/tournament_data_20260130-102705.json
2026-01-30 10:27:05,407 - root - INFO - Initializing Graph API
2026-01-30 10:27:05,407 - excel.graph_api - INFO - Extracted file ID: 9e836ed5-f58f-4dc7-a969-3c62b255f3ea
2026-01-30 10:27:05,407 - excel.graph_api - INFO - Extracted site ID: CorpDevaaf94619130d4a79af9f3aeae502bdb5
2026-01-30 10:27:05,407 - root - INFO - Authenticating with Microsoft Graph API
2026-01-30 10:27:05,859 - excel.graph_api - INFO - Authentication successful
2026-01-30 10:27:05,859 - root - INFO - Updating Excel sheet with scraped data
2026-01-30 10:27:06,211 - excel.graph_api - INFO - Retrieved drive ID: b!MXUqfmBgAkyqAi_g7J1PO_6yKSWnHbZCs3mpe4EkYuX6d8izcdJxRb78S6OW5SIB
2026-01-30 10:27:07,369 - excel.graph_api - INFO - Retrieved 1152 rows from Excel
2026-01-30 10:27:16,084 - excel.graph_api - INFO - Updating range A1154:M1157 with 4 new entries
2026-01-30 10:27:17,096 - excel.graph_api - INFO - Successfully added 4 new tournaments to Excel
2026-01-30 10:27:17,098 - root - INFO - Excel sheet updated successfully
2026-01-30 10:27:17,176 - scraper.selenium_scraper - INFO - Chrome driver closed
2026-01-30 10:27:17,176 - root - INFO - Selenium driver closed
2026-01-30 10:27:17,176 - root - INFO - Script execution completed
