2026-05-04 16:26:05,311 - root - INFO - Logger initialized successfully
2026-05-04 16:26:05,311 - root - INFO - Log file: /home/runner/work/super-player-auction-scraper/super-player-auction-scraper/logs/scraper_20260504_162605.log
2026-05-04 16:26:05,311 - root - INFO - Starting Super Player Auction scraper
2026-05-04 16:26:05,311 - utils.config - INFO - Credentials loaded from environment variables
2026-05-04 16:26:05,311 - utils.config - INFO - Settings loaded successfully
2026-05-04 16:26:05,311 - root - INFO - Initializing Selenium scraper
2026-05-04 16:26:05,311 - scraper.selenium_scraper - INFO - Running in GitHub Actions environment
2026-05-04 16:26:06,847 - selenium.webdriver.common.selenium_manager - WARNING - The chromedriver version (147.0.7727.56) detected in PATH at /usr/bin/chromedriver might not be compatible with the detected chrome version (147.0.7727.55); currently, chromedriver 147.0.7727.117 is recommended for chrome 147.*, so it is advised to delete the driver in PATH and retry
2026-05-04 16:26:12,789 - scraper.selenium_scraper - INFO - Chrome driver initialized successfully
2026-05-04 16:26:12,790 - root - INFO - Scraping tournament data
2026-05-04 16:26:12,790 - scraper.selenium_scraper - INFO - Starting to scrape tournament data
2026-05-04 16:26:13,739 - scraper.selenium_scraper - INFO - Waiting for page to load...
2026-05-04 16:26:18,744 - scraper.selenium_scraper - INFO - Scrolling to load all auction cards...
2026-05-04 16:26:30,919 - scraper.selenium_scraper - INFO - Saved page screenshot to /home/runner/work/super-player-auction-scraper/super-player-auction-scraper/logs/screenshots/page_loaded_20260504162630.png
2026-05-04 16:26:30,919 - scraper.selenium_scraper - INFO - Looking for auction cards...
2026-05-04 16:26:30,944 - scraper.selenium_scraper - INFO - Found 20 auction cards
2026-05-04 16:26:31,668 - scraper.selenium_scraper - INFO - Scraped tournament 1: ALUMNI PREMIER LEAGUE - SEASON 6
2026-05-04 16:26:32,408 - scraper.selenium_scraper - INFO - Scraped tournament 2: MANA TENNIS LEAUGE (Season 1)
2026-05-04 16:26:33,099 - scraper.selenium_scraper - INFO - Scraped tournament 3: SPL 3
2026-05-04 16:26:33,788 - scraper.selenium_scraper - INFO - Scraped tournament 4: SCL MANALI
2026-05-04 16:26:34,476 - scraper.selenium_scraper - INFO - Scraped tournament 5: Hariprabodham Cricket League Season 4.0
2026-05-04 16:26:35,170 - scraper.selenium_scraper - INFO - Scraped tournament 6: SUPER FOOTBALL CHAMPIONSHIP
2026-05-04 16:26:35,861 - scraper.selenium_scraper - INFO - Scraped tournament 7: REPUBLIC CUP 2.0
2026-05-04 16:26:36,550 - scraper.selenium_scraper - INFO - Scraped tournament 8: Auction Demo Jodi
2026-05-04 16:26:37,241 - scraper.selenium_scraper - INFO - Scraped tournament 9: Super Cricket League
2026-05-04 16:26:37,930 - scraper.selenium_scraper - INFO - Scraped tournament 10: SIKAR PREMIER LEAGUE 2025
2026-05-04 16:26:38,628 - scraper.selenium_scraper - INFO - Scraped tournament 11: BJP
2026-05-04 16:26:39,315 - scraper.selenium_scraper - INFO - Scraped tournament 12: SUPER LEAGUE GROUP
2026-05-04 16:26:40,001 - scraper.selenium_scraper - INFO - Scraped tournament 13: SUPER CRICKET LEAGUE
2026-05-04 16:26:40,690 - scraper.selenium_scraper - INFO - Scraped tournament 14: Pune Padel League
2026-05-04 16:26:41,377 - scraper.selenium_scraper - INFO - Scraped tournament 15: Jaisalmer Premier League
2026-05-04 16:26:42,068 - scraper.selenium_scraper - INFO - Scraped tournament 16: CHIP & PUTT LEAGUE
2026-05-04 16:26:42,753 - scraper.selenium_scraper - INFO - Scraped tournament 17: APL
2026-05-04 16:26:43,438 - scraper.selenium_scraper - INFO - Scraped tournament 18: SWARNAKAR PREMIER LEAGUE
2026-05-04 16:26:44,135 - scraper.selenium_scraper - INFO - Scraped tournament 19: JYJ PREMIER LEAGUE
2026-05-04 16:26:44,822 - scraper.selenium_scraper - INFO - Scraped tournament 20: Rathod Cup 2026 - Male
2026-05-04 16:26:44,822 - root - INFO - Successfully scraped 20 tournaments
2026-05-04 16:26:44,823 - root - INFO - Saved scraped data to /home/runner/work/super-player-auction-scraper/super-player-auction-scraper/data/tournament_data_20260504-162644.json
2026-05-04 16:26:44,823 - root - INFO - Initializing Graph API
2026-05-04 16:26:44,823 - excel.graph_api - INFO - Extracted file ID: 9e836ed5-f58f-4dc7-a969-3c62b255f3ea
2026-05-04 16:26:44,823 - excel.graph_api - INFO - Extracted site ID: CorpDevaaf94619130d4a79af9f3aeae502bdb5
2026-05-04 16:26:44,823 - root - INFO - Authenticating with Microsoft Graph API
2026-05-04 16:26:45,224 - excel.graph_api - INFO - Authentication successful
2026-05-04 16:26:45,224 - root - INFO - Updating Excel sheet with scraped data
2026-05-04 16:26:46,232 - excel.graph_api - INFO - Retrieved drive ID: b!MXUqfmBgAkyqAi_g7J1PO_6yKSWnHbZCs3mpe4EkYuX6d8izcdJxRb78S6OW5SIB
2026-05-04 16:26:48,231 - excel.graph_api - INFO - Retrieved 1566 rows from Excel
2026-05-04 16:26:50,221 - excel.graph_api - INFO - No new tournaments to add
2026-05-04 16:26:50,223 - root - INFO - Excel sheet updated successfully
2026-05-04 16:26:50,302 - scraper.selenium_scraper - INFO - Chrome driver closed
2026-05-04 16:26:50,302 - root - INFO - Selenium driver closed
2026-05-04 16:26:50,302 - root - INFO - Script execution completed
