2025-08-12 10:15:34,593 - root - INFO - Logger initialized successfully
2025-08-12 10:15:34,593 - root - INFO - Log file: /home/runner/work/super-player-auction-scraper/super-player-auction-scraper/logs/scraper_20250812_101534.log
2025-08-12 10:15:34,593 - root - INFO - Starting Super Player Auction scraper
2025-08-12 10:15:34,593 - utils.config - INFO - Credentials loaded from environment variables
2025-08-12 10:15:34,593 - utils.config - INFO - Settings loaded successfully
2025-08-12 10:15:34,593 - root - INFO - Initializing Selenium scraper
2025-08-12 10:15:34,594 - scraper.selenium_scraper - INFO - Running in GitHub Actions environment
2025-08-12 10:15:42,602 - scraper.selenium_scraper - INFO - Chrome driver initialized successfully
2025-08-12 10:15:42,602 - root - INFO - Scraping tournament data
2025-08-12 10:15:42,602 - scraper.selenium_scraper - INFO - Starting to scrape tournament data
2025-08-12 10:15:43,402 - scraper.selenium_scraper - INFO - Waiting for page to load...
2025-08-12 10:15:48,407 - scraper.selenium_scraper - INFO - Scrolling to load all auction cards...
2025-08-12 10:16:00,544 - scraper.selenium_scraper - INFO - Saved page screenshot to /home/runner/work/super-player-auction-scraper/super-player-auction-scraper/logs/screenshots/page_loaded_20250812101600.png
2025-08-12 10:16:00,544 - scraper.selenium_scraper - INFO - Looking for auction cards...
2025-08-12 10:16:00,574 - scraper.selenium_scraper - INFO - Found 20 auction cards
2025-08-12 10:16:01,297 - scraper.selenium_scraper - INFO - Scraped tournament 1: Vyapari Network Badminton League
2025-08-12 10:16:01,990 - scraper.selenium_scraper - INFO - Scraped tournament 2: CMA ALUMNI CRICKET LEAGUE-4
2025-08-12 10:16:02,752 - scraper.selenium_scraper - INFO - Scraped tournament 3: MPL Season 3
2025-08-12 10:16:03,439 - scraper.selenium_scraper - INFO - Scraped tournament 4: UNITY CUP Series Season 2 (2025-26)
2025-08-12 10:16:04,132 - scraper.selenium_scraper - INFO - Scraped tournament 5: NPL Titan Cup
2025-08-12 10:16:04,819 - scraper.selenium_scraper - INFO - Scraped tournament 6: Canvas Warriors Cricket Carnival (CWCC),Season 1,2025
2025-08-12 10:16:05,508 - scraper.selenium_scraper - INFO - Scraped tournament 7: ArjunDMUP
2025-08-12 10:16:06,194 - scraper.selenium_scraper - INFO - Scraped tournament 8: BPL SEASON 3
2025-08-12 10:16:06,882 - scraper.selenium_scraper - INFO - Scraped tournament 9: YLF CRICKET AUCTIONS 2025
2025-08-12 10:16:07,568 - scraper.selenium_scraper - INFO - Scraped tournament 10: WHIZBANG SEASON 12
2025-08-12 10:16:08,267 - scraper.selenium_scraper - INFO - Scraped tournament 11: BIG BASH LEAGUE
2025-08-12 10:16:08,953 - scraper.selenium_scraper - INFO - Scraped tournament 12: RAJANA CUP , RAJALDESAR 2025
2025-08-12 10:16:09,645 - scraper.selenium_scraper - INFO - Scraped tournament 13: SANDALWOOD PREMIER LEAGUE
2025-08-12 10:16:10,332 - scraper.selenium_scraper - INFO - Scraped tournament 14: LPL SEASON 4
2025-08-12 10:16:11,017 - scraper.selenium_scraper - INFO - Scraped tournament 15: ODA Kasliwal Trophy Squash Premier League
2025-08-12 10:16:11,713 - scraper.selenium_scraper - INFO - Scraped tournament 16: Friendship Cup Season 6
2025-08-12 10:16:12,398 - scraper.selenium_scraper - INFO - Scraped tournament 17: SPORTS CORNER LEAGUE (SEASON-2)
2025-08-12 10:16:13,092 - scraper.selenium_scraper - INFO - Scraped tournament 18: Sikar Ka IPL 2025
2025-08-12 10:16:13,788 - scraper.selenium_scraper - INFO - Scraped tournament 19: Aanjana premier League Sardarpura (Rana)
2025-08-12 10:16:14,475 - scraper.selenium_scraper - INFO - Scraped tournament 20: Karnataka Rajatha Cup 2025
2025-08-12 10:16:14,475 - root - INFO - Successfully scraped 20 tournaments
2025-08-12 10:16:14,475 - root - INFO - Saved scraped data to /home/runner/work/super-player-auction-scraper/super-player-auction-scraper/data/tournament_data_20250812-101614.json
2025-08-12 10:16:14,475 - root - INFO - Initializing Graph API
2025-08-12 10:16:14,476 - excel.graph_api - INFO - Extracted file ID: 9e836ed5-f58f-4dc7-a969-3c62b255f3ea
2025-08-12 10:16:14,476 - excel.graph_api - INFO - Extracted site ID: CorpDevaaf94619130d4a79af9f3aeae502bdb5
2025-08-12 10:16:14,476 - root - INFO - Authenticating with Microsoft Graph API
2025-08-12 10:16:14,950 - excel.graph_api - INFO - Authentication successful
2025-08-12 10:16:14,950 - root - INFO - Updating Excel sheet with scraped data
2025-08-12 10:16:15,164 - excel.graph_api - INFO - Retrieved drive ID: b!MXUqfmBgAkyqAi_g7J1PO_6yKSWnHbZCs3mpe4EkYuX6d8izcdJxRb78S6OW5SIB
2025-08-12 10:16:16,185 - excel.graph_api - INFO - Retrieved 375 rows from Excel
2025-08-12 10:16:19,028 - excel.graph_api - INFO - Updating range A377:M378 with 2 new entries
2025-08-12 10:16:19,901 - excel.graph_api - INFO - Successfully added 2 new tournaments to Excel
2025-08-12 10:16:19,902 - root - INFO - Excel sheet updated successfully
2025-08-12 10:16:19,970 - scraper.selenium_scraper - INFO - Chrome driver closed
2025-08-12 10:16:19,970 - root - INFO - Selenium driver closed
2025-08-12 10:16:19,970 - root - INFO - Script execution completed
