2025-07-19 10:14:10,199 - root - INFO - Logger initialized successfully
2025-07-19 10:14:10,199 - root - INFO - Log file: /home/runner/work/super-player-auction-scraper/super-player-auction-scraper/logs/scraper_20250719_101410.log
2025-07-19 10:14:10,199 - root - INFO - Starting Super Player Auction scraper
2025-07-19 10:14:10,199 - utils.config - INFO - Credentials loaded from environment variables
2025-07-19 10:14:10,199 - utils.config - INFO - Settings loaded successfully
2025-07-19 10:14:10,199 - root - INFO - Initializing Selenium scraper
2025-07-19 10:14:10,199 - scraper.selenium_scraper - INFO - Running in GitHub Actions environment
2025-07-19 10:14:11,689 - selenium.webdriver.common.selenium_manager - WARNING - The chromedriver version (138.0.7204.94) detected in PATH at /usr/bin/chromedriver might not be compatible with the detected chrome version (138.0.7204.100); currently, chromedriver 138.0.7204.157 is recommended for chrome 138.*, so it is advised to delete the driver in PATH and retry
2025-07-19 10:14:23,909 - scraper.selenium_scraper - INFO - Chrome driver initialized successfully
2025-07-19 10:14:23,909 - root - INFO - Scraping tournament data
2025-07-19 10:14:23,909 - scraper.selenium_scraper - INFO - Starting to scrape tournament data
2025-07-19 10:14:25,645 - scraper.selenium_scraper - INFO - Waiting for page to load...
2025-07-19 10:14:30,650 - scraper.selenium_scraper - INFO - Scrolling to load all auction cards...
2025-07-19 10:14:42,839 - scraper.selenium_scraper - INFO - Saved page screenshot to /home/runner/work/super-player-auction-scraper/super-player-auction-scraper/logs/screenshots/page_loaded_20250719101442.png
2025-07-19 10:14:42,839 - scraper.selenium_scraper - INFO - Looking for auction cards...
2025-07-19 10:14:42,884 - scraper.selenium_scraper - INFO - Found 20 auction cards
2025-07-19 10:14:43,600 - scraper.selenium_scraper - INFO - Scraped tournament 1: 6 SILVER BT10 SEASON 3 2025
2025-07-19 10:14:44,296 - scraper.selenium_scraper - INFO - Scraped tournament 2: Vivarea Badminton League 2025
2025-07-19 10:14:45,136 - scraper.selenium_scraper - INFO - Scraped tournament 3: Tekri Premier League
2025-07-19 10:14:45,826 - scraper.selenium_scraper - INFO - Scraped tournament 4: ArjunDMUP
2025-07-19 10:14:46,514 - scraper.selenium_scraper - INFO - Scraped tournament 5: OSAIMI INTERNAL CRICKET TOURNAMENT
2025-07-19 10:14:47,206 - scraper.selenium_scraper - INFO - Scraped tournament 6: NPL Series 2
2025-07-19 10:14:47,902 - scraper.selenium_scraper - INFO - Scraped tournament 7: BPL SEASON 3
2025-07-19 10:14:48,589 - scraper.selenium_scraper - INFO - Scraped tournament 8: Young Boys Rain Cricket
2025-07-19 10:14:49,280 - scraper.selenium_scraper - INFO - Scraped tournament 9: DPL-2025 NLA CUP
2025-07-19 10:14:49,972 - scraper.selenium_scraper - INFO - Scraped tournament 10: Karnataka Rajatha Cup 2025
2025-07-19 10:14:50,673 - scraper.selenium_scraper - INFO - Scraped tournament 11: TOLIYASAR PREMIER LEAGUE (TPL) SEASON 2
2025-07-19 10:14:51,361 - scraper.selenium_scraper - INFO - Scraped tournament 12: T10 Silver League Season 1
2025-07-19 10:14:52,049 - scraper.selenium_scraper - INFO - Scraped tournament 13: GRAMIN PREMIER LEAGUE SEASON 3
2025-07-19 10:14:52,740 - scraper.selenium_scraper - INFO - Scraped tournament 14: MARK10 FREEDOM CUP 2.0
2025-07-19 10:14:53,427 - scraper.selenium_scraper - INFO - Scraped tournament 15: SANDALWOOD PREMIER LEAGUE
2025-07-19 10:14:54,115 - scraper.selenium_scraper - INFO - Scraped tournament 16: Aanjana premier League Sardarpura
2025-07-19 10:14:54,826 - scraper.selenium_scraper - INFO - Scraped tournament 17: Petlurivaripalm Premier League Season -1
2025-07-19 10:14:55,511 - scraper.selenium_scraper - INFO - Scraped tournament 18: Dholi Samaj Premiere League Sisseion-2
2025-07-19 10:14:56,211 - scraper.selenium_scraper - INFO - Scraped tournament 19: The Auction House
2025-07-19 10:14:56,899 - scraper.selenium_scraper - INFO - Scraped tournament 20: Bhagath Singh Premier Legue
2025-07-19 10:14:56,899 - root - INFO - Successfully scraped 20 tournaments
2025-07-19 10:14:56,899 - root - INFO - Saved scraped data to /home/runner/work/super-player-auction-scraper/super-player-auction-scraper/data/tournament_data_20250719-101456.json
2025-07-19 10:14:56,899 - root - INFO - Initializing Graph API
2025-07-19 10:14:56,900 - excel.graph_api - INFO - Extracted file ID: 9e836ed5-f58f-4dc7-a969-3c62b255f3ea
2025-07-19 10:14:56,900 - excel.graph_api - INFO - Extracted site ID: CorpDevaaf94619130d4a79af9f3aeae502bdb5
2025-07-19 10:14:56,900 - root - INFO - Authenticating with Microsoft Graph API
2025-07-19 10:14:57,372 - excel.graph_api - INFO - Authentication successful
2025-07-19 10:14:57,372 - root - INFO - Updating Excel sheet with scraped data
2025-07-19 10:14:57,654 - excel.graph_api - INFO - Retrieved drive ID: b!MXUqfmBgAkyqAi_g7J1PO_6yKSWnHbZCs3mpe4EkYuX6d8izcdJxRb78S6OW5SIB
2025-07-19 10:14:59,158 - excel.graph_api - INFO - Retrieved 304 rows from Excel
2025-07-19 10:15:00,930 - excel.graph_api - INFO - Updating range A306:M308 with 3 new entries
2025-07-19 10:15:03,723 - excel.graph_api - INFO - Successfully added 3 new tournaments to Excel
2025-07-19 10:15:03,724 - root - INFO - Excel sheet updated successfully
2025-07-19 10:15:03,792 - scraper.selenium_scraper - INFO - Chrome driver closed
2025-07-19 10:15:03,792 - root - INFO - Selenium driver closed
2025-07-19 10:15:03,792 - root - INFO - Script execution completed
