2025-06-02 10:45:36,542 - root - INFO - Logger initialized successfully
2025-06-02 10:45:36,542 - root - INFO - Log file: /home/runner/work/super-player-auction-scraper/super-player-auction-scraper/logs/scraper_20250602_104536.log
2025-06-02 10:45:36,543 - root - INFO - Starting Super Player Auction scraper
2025-06-02 10:45:36,543 - utils.config - INFO - Credentials loaded from environment variables
2025-06-02 10:45:36,543 - utils.config - INFO - Settings loaded successfully
2025-06-02 10:45:36,543 - root - INFO - Initializing Selenium scraper
2025-06-02 10:45:36,543 - scraper.selenium_scraper - INFO - Running in GitHub Actions environment
2025-06-02 10:45:45,514 - scraper.selenium_scraper - INFO - Chrome driver initialized successfully
2025-06-02 10:45:45,514 - root - INFO - Scraping tournament data
2025-06-02 10:45:45,514 - scraper.selenium_scraper - INFO - Starting to scrape tournament data
2025-06-02 10:45:48,809 - scraper.selenium_scraper - INFO - Waiting for page to load...
2025-06-02 10:45:53,814 - scraper.selenium_scraper - INFO - Scrolling to load all auction cards...
2025-06-02 10:46:06,361 - scraper.selenium_scraper - INFO - Saved page screenshot to /home/runner/work/super-player-auction-scraper/super-player-auction-scraper/logs/screenshots/page_loaded_20250602104605.png
2025-06-02 10:46:06,361 - scraper.selenium_scraper - INFO - Looking for auction cards...
2025-06-02 10:46:06,393 - scraper.selenium_scraper - INFO - Found 20 auction cards
2025-06-02 10:46:07,120 - scraper.selenium_scraper - INFO - Scraped tournament 1: NEPACC Mini Cup
2025-06-02 10:46:07,832 - scraper.selenium_scraper - INFO - Scraped tournament 2: PALAKKAD CRICKET LEAGUE
2025-06-02 10:46:08,625 - scraper.selenium_scraper - INFO - Scraped tournament 3: ArjunDMUP
2025-06-02 10:46:09,315 - scraper.selenium_scraper - INFO - Scraped tournament 4: JAIPUR EVENT CRICKET LEAGUE
2025-06-02 10:46:10,007 - scraper.selenium_scraper - INFO - Scraped tournament 5: Gpl 2025
2025-06-02 10:46:10,696 - scraper.selenium_scraper - INFO - Scraped tournament 6: SCLPS league
2025-06-02 10:46:11,390 - scraper.selenium_scraper - INFO - Scraped tournament 7: SPL AHMEDABAD-2025
2025-06-02 10:46:12,094 - scraper.selenium_scraper - INFO - Scraped tournament 8: UDUPI PREMIER LEAGUE - SEASON 5
2025-06-02 10:46:12,786 - scraper.selenium_scraper - INFO - Scraped tournament 9: Dholi Samaj Premiere League Sisseion-2
2025-06-02 10:46:13,478 - scraper.selenium_scraper - INFO - Scraped tournament 10: Digreedanga Premier League
2025-06-02 10:46:14,173 - scraper.selenium_scraper - INFO - Scraped tournament 11: Hpl
2025-06-02 10:46:14,889 - scraper.selenium_scraper - INFO - Scraped tournament 12: Bpl Auction
2025-06-02 10:46:15,582 - scraper.selenium_scraper - INFO - Scraped tournament 13: MBT - II
2025-06-02 10:46:16,284 - scraper.selenium_scraper - INFO - Scraped tournament 14: SCHOOL BOYS SUPER SEVEN LEAGUE
2025-06-02 10:46:16,981 - scraper.selenium_scraper - INFO - Scraped tournament 15: NARAYANPUR PREMIER LEAGUE SEASON 2
2025-06-02 10:46:17,673 - scraper.selenium_scraper - INFO - Scraped tournament 16: NPL NISCHINDAPUR PREMIER LEAGUE
2025-06-02 10:46:18,366 - scraper.selenium_scraper - INFO - Scraped tournament 17: VIVO HPL 2025
2025-06-02 10:46:19,070 - scraper.selenium_scraper - INFO - Scraped tournament 18: Indian Premier League
2025-06-02 10:46:19,763 - scraper.selenium_scraper - INFO - Scraped tournament 19: PANCHAYAT PRIMER LINK(PPL)
2025-06-02 10:46:20,457 - scraper.selenium_scraper - INFO - Scraped tournament 20: SUPER SEVEN LEAGUE SEASON-2
2025-06-02 10:46:20,457 - root - INFO - Successfully scraped 20 tournaments
2025-06-02 10:46:20,458 - root - INFO - Saved scraped data to /home/runner/work/super-player-auction-scraper/super-player-auction-scraper/data/tournament_data_20250602-104620.json
2025-06-02 10:46:20,458 - root - INFO - Initializing Graph API
2025-06-02 10:46:20,459 - excel.graph_api - INFO - Extracted file ID: 9e836ed5-f58f-4dc7-a969-3c62b255f3ea
2025-06-02 10:46:20,459 - excel.graph_api - INFO - Extracted site ID: CorpDevaaf94619130d4a79af9f3aeae502bdb5
2025-06-02 10:46:20,459 - root - INFO - Authenticating with Microsoft Graph API
2025-06-02 10:46:20,702 - excel.graph_api - INFO - Authentication successful
2025-06-02 10:46:20,702 - root - INFO - Updating Excel sheet with scraped data
2025-06-02 10:46:21,496 - excel.graph_api - INFO - Retrieved drive ID: b!MXUqfmBgAkyqAi_g7J1PO_6yKSWnHbZCs3mpe4EkYuX6d8izcdJxRb78S6OW5SIB
2025-06-02 10:46:22,883 - excel.graph_api - INFO - Retrieved 219 rows from Excel
2025-06-02 10:46:23,984 - excel.graph_api - INFO - Updating range A221:M225 with 5 new entries
2025-06-02 10:46:25,319 - excel.graph_api - INFO - Successfully added 5 new tournaments to Excel
2025-06-02 10:46:25,321 - root - INFO - Excel sheet updated successfully
2025-06-02 10:46:25,389 - scraper.selenium_scraper - INFO - Chrome driver closed
2025-06-02 10:46:25,389 - root - INFO - Selenium driver closed
2025-06-02 10:46:25,389 - root - INFO - Script execution completed
