2025-10-14 10:14:43,124 - root - INFO - Logger initialized successfully
2025-10-14 10:14:43,124 - root - INFO - Log file: /home/runner/work/super-player-auction-scraper/super-player-auction-scraper/logs/scraper_20251014_101443.log
2025-10-14 10:14:43,124 - root - INFO - Starting Super Player Auction scraper
2025-10-14 10:14:43,124 - utils.config - INFO - Credentials loaded from environment variables
2025-10-14 10:14:43,124 - utils.config - INFO - Settings loaded successfully
2025-10-14 10:14:43,124 - root - INFO - Initializing Selenium scraper
2025-10-14 10:14:43,124 - scraper.selenium_scraper - INFO - Running in GitHub Actions environment
2025-10-14 10:14:52,021 - scraper.selenium_scraper - INFO - Chrome driver initialized successfully
2025-10-14 10:14:52,021 - root - INFO - Scraping tournament data
2025-10-14 10:14:52,021 - scraper.selenium_scraper - INFO - Starting to scrape tournament data
2025-10-14 10:14:52,772 - scraper.selenium_scraper - INFO - Waiting for page to load...
2025-10-14 10:14:57,777 - scraper.selenium_scraper - INFO - Scrolling to load all auction cards...
2025-10-14 10:15:09,886 - scraper.selenium_scraper - INFO - Saved page screenshot to /home/runner/work/super-player-auction-scraper/super-player-auction-scraper/logs/screenshots/page_loaded_20251014101509.png
2025-10-14 10:15:09,886 - scraper.selenium_scraper - INFO - Looking for auction cards...
2025-10-14 10:15:09,914 - scraper.selenium_scraper - INFO - Found 20 auction cards
2025-10-14 10:15:10,634 - scraper.selenium_scraper - INFO - Scraped tournament 1: UTTAR BHARTIYA SAMAJ CRICKET TURNAMENT SEASON 2
2025-10-14 10:15:11,403 - scraper.selenium_scraper - INFO - Scraped tournament 2: MAHAKAL CUP PANDARBHTTHA -1
2025-10-14 10:15:12,084 - scraper.selenium_scraper - INFO - Scraped tournament 3: KASRODIANS PREMIER LEAGUE SEASON -5
2025-10-14 10:15:12,763 - scraper.selenium_scraper - INFO - Scraped tournament 4: WINTER PREMIER LEAGUE
2025-10-14 10:15:13,444 - scraper.selenium_scraper - INFO - Scraped tournament 5: Dambab Premier League 2025
2025-10-14 10:15:14,130 - scraper.selenium_scraper - INFO - Scraped tournament 6: DDS PREMIER LEAGUE SEASON 3
2025-10-14 10:15:14,809 - scraper.selenium_scraper - INFO - Scraped tournament 7: CHATRAPATI OZHAR PREMIER LEAGUE 2025 NASHIK ZILLA
2025-10-14 10:15:15,490 - scraper.selenium_scraper - INFO - Scraped tournament 8: Brother cup
2025-10-14 10:15:16,168 - scraper.selenium_scraper - INFO - Scraped tournament 9: APL CRICKET PARTIYOGITA
2025-10-14 10:15:16,847 - scraper.selenium_scraper - INFO - Scraped tournament 10: Kumbhar Premier league
2025-10-14 10:15:17,534 - scraper.selenium_scraper - INFO - Scraped tournament 11: MALKANGIRI PREMIER LEAGUE - 2025
2025-10-14 10:15:18,213 - scraper.selenium_scraper - INFO - Scraped tournament 12: TRIVANDRUM CRICKET LEAGUE CHAPTER-1
2025-10-14 10:15:18,894 - scraper.selenium_scraper - INFO - Scraped tournament 13: KSPL 4
2025-10-14 10:15:19,574 - scraper.selenium_scraper - INFO - Scraped tournament 14: Ador Premier League Season 6
2025-10-14 10:15:20,251 - scraper.selenium_scraper - INFO - Scraped tournament 15: TTSL Northeast
2025-10-14 10:15:20,930 - scraper.selenium_scraper - INFO - Scraped tournament 16: KADUGODI PREMIER LEAGUE SEASON -6
2025-10-14 10:15:21,608 - scraper.selenium_scraper - INFO - Scraped tournament 17: QIFF Easaka Memorial 7s Football Tournament
2025-10-14 10:15:22,304 - scraper.selenium_scraper - INFO - Scraped tournament 18: Pathanamthitta Cricket League
2025-10-14 10:15:22,982 - scraper.selenium_scraper - INFO - Scraped tournament 19: CHATRAPATI OZHAR PREMIER LEAGUE 2025 NIPHAD TALUKA
2025-10-14 10:15:23,668 - scraper.selenium_scraper - INFO - Scraped tournament 20: NORTH INDIA CORPORATE CRICKET LEAGUE SEASON 1
2025-10-14 10:15:23,668 - root - INFO - Successfully scraped 20 tournaments
2025-10-14 10:15:23,668 - root - INFO - Saved scraped data to /home/runner/work/super-player-auction-scraper/super-player-auction-scraper/data/tournament_data_20251014-101523.json
2025-10-14 10:15:23,668 - root - INFO - Initializing Graph API
2025-10-14 10:15:23,669 - excel.graph_api - INFO - Extracted file ID: 9e836ed5-f58f-4dc7-a969-3c62b255f3ea
2025-10-14 10:15:23,669 - excel.graph_api - INFO - Extracted site ID: CorpDevaaf94619130d4a79af9f3aeae502bdb5
2025-10-14 10:15:23,669 - root - INFO - Authenticating with Microsoft Graph API
2025-10-14 10:15:24,092 - excel.graph_api - INFO - Authentication successful
2025-10-14 10:15:24,092 - root - INFO - Updating Excel sheet with scraped data
2025-10-14 10:15:24,410 - excel.graph_api - INFO - Retrieved drive ID: b!MXUqfmBgAkyqAi_g7J1PO_6yKSWnHbZCs3mpe4EkYuX6d8izcdJxRb78S6OW5SIB
2025-10-14 10:15:26,323 - excel.graph_api - INFO - Retrieved 631 rows from Excel
2025-10-14 10:15:27,457 - excel.graph_api - INFO - Updating range A633:M635 with 3 new entries
2025-10-14 10:15:28,797 - excel.graph_api - INFO - Successfully added 3 new tournaments to Excel
2025-10-14 10:15:28,798 - root - INFO - Excel sheet updated successfully
2025-10-14 10:15:28,866 - scraper.selenium_scraper - INFO - Chrome driver closed
2025-10-14 10:15:28,866 - root - INFO - Selenium driver closed
2025-10-14 10:15:28,866 - root - INFO - Script execution completed
