2026-03-25 10:41:31,720 - root - INFO - Logger initialized successfully
2026-03-25 10:41:31,720 - root - INFO - Log file: /home/runner/work/super-player-auction-scraper/super-player-auction-scraper/logs/scraper_20260325_104131.log
2026-03-25 10:41:31,720 - root - INFO - Starting Super Player Auction scraper
2026-03-25 10:41:31,720 - utils.config - INFO - Credentials loaded from environment variables
2026-03-25 10:41:31,720 - utils.config - INFO - Settings loaded successfully
2026-03-25 10:41:31,721 - root - INFO - Initializing Selenium scraper
2026-03-25 10:41:31,721 - scraper.selenium_scraper - INFO - Running in GitHub Actions environment
2026-03-25 10:41:42,271 - scraper.selenium_scraper - INFO - Chrome driver initialized successfully
2026-03-25 10:41:42,271 - root - INFO - Scraping tournament data
2026-03-25 10:41:42,271 - scraper.selenium_scraper - INFO - Starting to scrape tournament data
2026-03-25 10:41:43,294 - scraper.selenium_scraper - INFO - Waiting for page to load...
2026-03-25 10:41:48,299 - scraper.selenium_scraper - INFO - Scrolling to load all auction cards...
2026-03-25 10:42:00,434 - scraper.selenium_scraper - INFO - Saved page screenshot to /home/runner/work/super-player-auction-scraper/super-player-auction-scraper/logs/screenshots/page_loaded_20260325104200.png
2026-03-25 10:42:00,434 - scraper.selenium_scraper - INFO - Looking for auction cards...
2026-03-25 10:42:00,488 - scraper.selenium_scraper - INFO - Found 20 auction cards
2026-03-25 10:42:01,206 - scraper.selenium_scraper - INFO - Scraped tournament 1: DHARMVEER PREMIER LEAGUE
2026-03-25 10:42:01,999 - scraper.selenium_scraper - INFO - Scraped tournament 2: UNITY CUP Season 3 [2026-27]
2026-03-25 10:42:02,685 - scraper.selenium_scraper - INFO - Scraped tournament 3: Chhattisgarh Cricket Champions League T20
2026-03-25 10:42:03,368 - scraper.selenium_scraper - INFO - Scraped tournament 4: Super Cricket League
2026-03-25 10:42:04,050 - scraper.selenium_scraper - INFO - Scraped tournament 5: SIKAR PREMIER LEAGUE 2025
2026-03-25 10:42:04,735 - scraper.selenium_scraper - INFO - Scraped tournament 6: ROHAT PREMIER LEAGUE
2026-03-25 10:42:05,420 - scraper.selenium_scraper - INFO - Scraped tournament 7: SUPER FOOTBALL CHAMPIONSHIP
2026-03-25 10:42:06,101 - scraper.selenium_scraper - INFO - Scraped tournament 8: REPUBLIC CUP 2.0
2026-03-25 10:42:06,789 - scraper.selenium_scraper - INFO - Scraped tournament 9: Super Cricket League
2026-03-25 10:42:07,470 - scraper.selenium_scraper - INFO - Scraped tournament 10: BJP
2026-03-25 10:42:08,153 - scraper.selenium_scraper - INFO - Scraped tournament 11: SUPER CRICKRT LEAGUE - MAHIPAL
2026-03-25 10:42:08,834 - scraper.selenium_scraper - INFO - Scraped tournament 12: MOXIT PRIMMER LEAGUE
2026-03-25 10:42:09,517 - scraper.selenium_scraper - INFO - Scraped tournament 13: SSJ SOUNDS PRESENTS
2026-03-25 10:42:10,201 - scraper.selenium_scraper - INFO - Scraped tournament 14: Maheshwari Young Business Cricket League
2026-03-25 10:42:10,886 - scraper.selenium_scraper - INFO - Scraped tournament 15: BRITAIN KASROTTAR KPL SEASON 2 - 2026
2026-03-25 10:42:11,580 - scraper.selenium_scraper - INFO - Scraped tournament 16: Prestige Premier League - Season 6
2026-03-25 10:42:12,261 - scraper.selenium_scraper - INFO - Scraped tournament 17: ठाणगाव प्रीमियर लीग Auction
2026-03-25 10:42:12,952 - scraper.selenium_scraper - INFO - Scraped tournament 18: Banswara Premier league - 7
2026-03-25 10:42:13,635 - scraper.selenium_scraper - INFO - Scraped tournament 19: BHILAI SUMMER LEAGUE
2026-03-25 10:42:14,317 - scraper.selenium_scraper - INFO - Scraped tournament 20: ZPL- 2026
2026-03-25 10:42:14,317 - root - INFO - Successfully scraped 20 tournaments
2026-03-25 10:42:14,318 - root - INFO - Saved scraped data to /home/runner/work/super-player-auction-scraper/super-player-auction-scraper/data/tournament_data_20260325-104214.json
2026-03-25 10:42:14,318 - root - INFO - Initializing Graph API
2026-03-25 10:42:14,318 - excel.graph_api - INFO - Extracted file ID: 9e836ed5-f58f-4dc7-a969-3c62b255f3ea
2026-03-25 10:42:14,318 - excel.graph_api - INFO - Extracted site ID: CorpDevaaf94619130d4a79af9f3aeae502bdb5
2026-03-25 10:42:14,318 - root - INFO - Authenticating with Microsoft Graph API
2026-03-25 10:42:14,500 - excel.graph_api - INFO - Authentication successful
2026-03-25 10:42:14,500 - root - INFO - Updating Excel sheet with scraped data
2026-03-25 10:42:14,914 - excel.graph_api - INFO - Retrieved drive ID: b!MXUqfmBgAkyqAi_g7J1PO_6yKSWnHbZCs3mpe4EkYuX6d8izcdJxRb78S6OW5SIB
2026-03-25 10:42:16,548 - excel.graph_api - INFO - Retrieved 1384 rows from Excel
2026-03-25 10:42:17,568 - excel.graph_api - INFO - Updating range A1386:M1392 with 7 new entries
2026-03-25 10:42:19,044 - excel.graph_api - INFO - Successfully added 7 new tournaments to Excel
2026-03-25 10:42:19,045 - root - INFO - Excel sheet updated successfully
2026-03-25 10:42:19,121 - scraper.selenium_scraper - INFO - Chrome driver closed
2026-03-25 10:42:19,122 - root - INFO - Selenium driver closed
2026-03-25 10:42:19,122 - root - INFO - Script execution completed
