2026-03-26 10:46:05,476 - root - INFO - Logger initialized successfully
2026-03-26 10:46:05,476 - root - INFO - Log file: /home/runner/work/super-player-auction-scraper/super-player-auction-scraper/logs/scraper_20260326_104605.log
2026-03-26 10:46:05,476 - root - INFO - Starting Super Player Auction scraper
2026-03-26 10:46:05,477 - utils.config - INFO - Credentials loaded from environment variables
2026-03-26 10:46:05,477 - utils.config - INFO - Settings loaded successfully
2026-03-26 10:46:05,477 - root - INFO - Initializing Selenium scraper
2026-03-26 10:46:05,477 - scraper.selenium_scraper - INFO - Running in GitHub Actions environment
2026-03-26 10:46:09,232 - selenium.webdriver.common.selenium_manager - WARNING - The chromedriver version (146.0.7680.153) detected in PATH at /usr/bin/chromedriver might not be compatible with the detected chrome version (146.0.7680.153); currently, chromedriver 146.0.7680.165 is recommended for chrome 146.*, so it is advised to delete the driver in PATH and retry
2026-03-26 10:46:23,157 - scraper.selenium_scraper - INFO - Chrome driver initialized successfully
2026-03-26 10:46:23,157 - root - INFO - Scraping tournament data
2026-03-26 10:46:23,157 - scraper.selenium_scraper - INFO - Starting to scrape tournament data
2026-03-26 10:46:24,572 - scraper.selenium_scraper - INFO - Waiting for page to load...
2026-03-26 10:46:29,578 - scraper.selenium_scraper - INFO - Scrolling to load all auction cards...
2026-03-26 10:46:41,788 - scraper.selenium_scraper - INFO - Saved page screenshot to /home/runner/work/super-player-auction-scraper/super-player-auction-scraper/logs/screenshots/page_loaded_20260326104641.png
2026-03-26 10:46:41,789 - scraper.selenium_scraper - INFO - Looking for auction cards...
2026-03-26 10:46:41,834 - scraper.selenium_scraper - INFO - Found 20 auction cards
2026-03-26 10:46:42,558 - scraper.selenium_scraper - INFO - Scraped tournament 1: SSJ SOUNDS PRESENTS
2026-03-26 10:46:43,408 - scraper.selenium_scraper - INFO - Scraped tournament 2: DHARMVEER PREMIER LEAGUE
2026-03-26 10:46:44,095 - scraper.selenium_scraper - INFO - Scraped tournament 3: UNITY CUP Season 3 [2026-27]
2026-03-26 10:46:44,795 - scraper.selenium_scraper - INFO - Scraped tournament 4: Chhattisgarh Cricket Champions League T20
2026-03-26 10:46:45,483 - scraper.selenium_scraper - INFO - Scraped tournament 5: Super Cricket League
2026-03-26 10:46:46,175 - scraper.selenium_scraper - INFO - Scraped tournament 6: SIKAR PREMIER LEAGUE 2025
2026-03-26 10:46:46,860 - scraper.selenium_scraper - INFO - Scraped tournament 7: ROHAT PREMIER LEAGUE
2026-03-26 10:46:47,546 - scraper.selenium_scraper - INFO - Scraped tournament 8: SUPER FOOTBALL CHAMPIONSHIP
2026-03-26 10:46:48,232 - scraper.selenium_scraper - INFO - Scraped tournament 9: REPUBLIC CUP 2.0
2026-03-26 10:46:48,916 - scraper.selenium_scraper - INFO - Scraped tournament 10: Super Cricket League
2026-03-26 10:46:49,610 - scraper.selenium_scraper - INFO - Scraped tournament 11: BJP
2026-03-26 10:46:50,294 - scraper.selenium_scraper - INFO - Scraped tournament 12: SUPER CRICKRT LEAGUE - MAHIPAL
2026-03-26 10:46:50,975 - scraper.selenium_scraper - INFO - Scraped tournament 13: 7am Rising Stars Summer Grandslam 6.0 - KIDS
2026-03-26 10:46:51,659 - scraper.selenium_scraper - INFO - Scraped tournament 14: Maheshwari Young Business Cricket League
2026-03-26 10:46:52,347 - scraper.selenium_scraper - INFO - Scraped tournament 15: BRITAIN KASROTTAR KPL SEASON 2 - 2026
2026-03-26 10:46:53,032 - scraper.selenium_scraper - INFO - Scraped tournament 16: Prestige Premier League - Season 6
2026-03-26 10:46:53,727 - scraper.selenium_scraper - INFO - Scraped tournament 17: DUCL SEASON - 2
2026-03-26 10:46:54,410 - scraper.selenium_scraper - INFO - Scraped tournament 18: ठाणगाव प्रीमियर लीग Auction
2026-03-26 10:46:55,107 - scraper.selenium_scraper - INFO - Scraped tournament 19: Banswara Premier league - 7
2026-03-26 10:46:55,789 - scraper.selenium_scraper - INFO - Scraped tournament 20: BHILAI SUMMER LEAGUE
2026-03-26 10:46:55,789 - root - INFO - Successfully scraped 20 tournaments
2026-03-26 10:46:55,789 - root - INFO - Saved scraped data to /home/runner/work/super-player-auction-scraper/super-player-auction-scraper/data/tournament_data_20260326-104655.json
2026-03-26 10:46:55,790 - root - INFO - Initializing Graph API
2026-03-26 10:46:55,790 - excel.graph_api - INFO - Extracted file ID: 9e836ed5-f58f-4dc7-a969-3c62b255f3ea
2026-03-26 10:46:55,790 - excel.graph_api - INFO - Extracted site ID: CorpDevaaf94619130d4a79af9f3aeae502bdb5
2026-03-26 10:46:55,790 - root - INFO - Authenticating with Microsoft Graph API
2026-03-26 10:46:55,899 - excel.graph_api - INFO - Authentication successful
2026-03-26 10:46:55,900 - root - INFO - Updating Excel sheet with scraped data
2026-03-26 10:46:56,407 - excel.graph_api - INFO - Retrieved drive ID: b!MXUqfmBgAkyqAi_g7J1PO_6yKSWnHbZCs3mpe4EkYuX6d8izcdJxRb78S6OW5SIB
2026-03-26 10:46:58,115 - excel.graph_api - INFO - Retrieved 1393 rows from Excel
2026-03-26 10:46:59,356 - excel.graph_api - INFO - Updating range A1395:M1395 with 1 new entries
2026-03-26 10:47:00,784 - excel.graph_api - INFO - Successfully added 1 new tournaments to Excel
2026-03-26 10:47:00,785 - root - INFO - Excel sheet updated successfully
2026-03-26 10:47:00,875 - scraper.selenium_scraper - INFO - Chrome driver closed
2026-03-26 10:47:00,876 - root - INFO - Selenium driver closed
2026-03-26 10:47:00,876 - root - INFO - Script execution completed
