2026-05-06 11:44:14,352 - root - INFO - Logger initialized successfully
2026-05-06 11:44:14,352 - root - INFO - Log file: /home/runner/work/super-player-auction-scraper/super-player-auction-scraper/logs/scraper_20260506_114414.log
2026-05-06 11:44:14,352 - root - INFO - Starting Super Player Auction scraper
2026-05-06 11:44:14,352 - utils.config - INFO - Credentials loaded from environment variables
2026-05-06 11:44:14,352 - utils.config - INFO - Settings loaded successfully
2026-05-06 11:44:14,352 - root - INFO - Initializing Selenium scraper
2026-05-06 11:44:14,352 - scraper.selenium_scraper - INFO - Running in GitHub Actions environment
2026-05-06 11:44:17,697 - selenium.webdriver.common.selenium_manager - WARNING - The chromedriver version (147.0.7727.56) detected in PATH at /usr/bin/chromedriver might not be compatible with the detected chrome version (147.0.7727.55); currently, chromedriver 147.0.7727.117 is recommended for chrome 147.*, so it is advised to delete the driver in PATH and retry
2026-05-06 11:44:35,919 - scraper.selenium_scraper - INFO - Chrome driver initialized successfully
2026-05-06 11:44:35,919 - root - INFO - Scraping tournament data
2026-05-06 11:44:35,919 - scraper.selenium_scraper - INFO - Starting to scrape tournament data
2026-05-06 11:44:37,179 - scraper.selenium_scraper - INFO - Waiting for page to load...
2026-05-06 11:44:42,184 - scraper.selenium_scraper - INFO - Scrolling to load all auction cards...
2026-05-06 11:44:54,445 - scraper.selenium_scraper - INFO - Saved page screenshot to /home/runner/work/super-player-auction-scraper/super-player-auction-scraper/logs/screenshots/page_loaded_20260506114454.png
2026-05-06 11:44:54,445 - scraper.selenium_scraper - INFO - Looking for auction cards...
2026-05-06 11:44:54,469 - scraper.selenium_scraper - INFO - Found 20 auction cards
2026-05-06 11:44:55,204 - scraper.selenium_scraper - INFO - Scraped tournament 1: Super-7 Cricket Club present Super 7 T20 Premier League Season - 1
2026-05-06 11:44:56,090 - scraper.selenium_scraper - INFO - Scraped tournament 2: APL
2026-05-06 11:44:56,784 - scraper.selenium_scraper - INFO - Scraped tournament 3: MANA TENNIS LEAUGE (Season 1)
2026-05-06 11:44:57,477 - scraper.selenium_scraper - INFO - Scraped tournament 4: SPL 3
2026-05-06 11:44:58,172 - scraper.selenium_scraper - INFO - Scraped tournament 5: SCL MANALI
2026-05-06 11:44:58,871 - scraper.selenium_scraper - INFO - Scraped tournament 6: Hariprabodham Cricket League Season 4.0
2026-05-06 11:44:59,566 - scraper.selenium_scraper - INFO - Scraped tournament 7: SUPER FOOTBALL CHAMPIONSHIP
2026-05-06 11:45:00,259 - scraper.selenium_scraper - INFO - Scraped tournament 8: REPUBLIC CUP 2.0
2026-05-06 11:45:00,958 - scraper.selenium_scraper - INFO - Scraped tournament 9: Auction Demo Jodi
2026-05-06 11:45:01,652 - scraper.selenium_scraper - INFO - Scraped tournament 10: Super Cricket League
2026-05-06 11:45:02,347 - scraper.selenium_scraper - INFO - Scraped tournament 11: SIKAR PREMIER LEAGUE 2025
2026-05-06 11:45:03,039 - scraper.selenium_scraper - INFO - Scraped tournament 12: BJP
2026-05-06 11:45:03,729 - scraper.selenium_scraper - INFO - Scraped tournament 13: SUPER LEAGUE GROUP
2026-05-06 11:45:04,423 - scraper.selenium_scraper - INFO - Scraped tournament 14: SUPER CRICKET LEAGUE
2026-05-06 11:45:05,117 - scraper.selenium_scraper - INFO - Scraped tournament 15: राजलदेसर का IPL
2026-05-06 11:45:05,815 - scraper.selenium_scraper - INFO - Scraped tournament 16: Angara House Distribution
2026-05-06 11:45:06,516 - scraper.selenium_scraper - INFO - Scraped tournament 17: CHIP & PUTT LEAGUE
2026-05-06 11:45:07,207 - scraper.selenium_scraper - INFO - Scraped tournament 18: JYJ PREMIER LEAGUE
2026-05-06 11:45:07,904 - scraper.selenium_scraper - INFO - Scraped tournament 19: SWARNAKAR PREMIER LEAGUE
2026-05-06 11:45:08,590 - scraper.selenium_scraper - INFO - Scraped tournament 20: JYJ FEMALE PREMIER LEAGUE
2026-05-06 11:45:08,591 - root - INFO - Successfully scraped 20 tournaments
2026-05-06 11:45:08,591 - root - INFO - Saved scraped data to /home/runner/work/super-player-auction-scraper/super-player-auction-scraper/data/tournament_data_20260506-114508.json
2026-05-06 11:45:08,591 - root - INFO - Initializing Graph API
2026-05-06 11:45:08,591 - excel.graph_api - INFO - Extracted file ID: 9e836ed5-f58f-4dc7-a969-3c62b255f3ea
2026-05-06 11:45:08,591 - excel.graph_api - INFO - Extracted site ID: CorpDevaaf94619130d4a79af9f3aeae502bdb5
2026-05-06 11:45:08,591 - root - INFO - Authenticating with Microsoft Graph API
2026-05-06 11:45:09,033 - excel.graph_api - INFO - Authentication successful
2026-05-06 11:45:09,033 - root - INFO - Updating Excel sheet with scraped data
2026-05-06 11:45:09,783 - excel.graph_api - INFO - Retrieved drive ID: b!MXUqfmBgAkyqAi_g7J1PO_6yKSWnHbZCs3mpe4EkYuX6d8izcdJxRb78S6OW5SIB
2026-05-06 11:45:11,504 - excel.graph_api - INFO - Retrieved 1568 rows from Excel
2026-05-06 11:45:13,966 - excel.graph_api - INFO - Updating range A1570:Y1571 with 2 new entries
2026-05-06 11:45:15,263 - excel.graph_api - INFO - Successfully added 2 new tournaments to Excel
2026-05-06 11:45:15,264 - root - INFO - Excel sheet updated successfully
2026-05-06 11:45:15,344 - scraper.selenium_scraper - INFO - Chrome driver closed
2026-05-06 11:45:15,344 - root - INFO - Selenium driver closed
2026-05-06 11:45:15,344 - root - INFO - Script execution completed
