2026-03-30 16:01:21,464 - root - INFO - Logger initialized successfully
2026-03-30 16:01:21,464 - root - INFO - Log file: /home/runner/work/super-player-auction-scraper/super-player-auction-scraper/logs/scraper_20260330_160121.log
2026-03-30 16:01:21,464 - root - INFO - Starting Super Player Auction scraper
2026-03-30 16:01:21,464 - utils.config - INFO - Credentials loaded from environment variables
2026-03-30 16:01:21,464 - utils.config - INFO - Settings loaded successfully
2026-03-30 16:01:21,464 - root - INFO - Initializing Selenium scraper
2026-03-30 16:01:21,464 - scraper.selenium_scraper - INFO - Running in GitHub Actions environment
2026-03-30 16:01:22,976 - selenium.webdriver.common.selenium_manager - WARNING - The chromedriver version (146.0.7680.153) detected in PATH at /usr/bin/chromedriver might not be compatible with the detected chrome version (146.0.7680.153); currently, chromedriver 146.0.7680.165 is recommended for chrome 146.*, so it is advised to delete the driver in PATH and retry
2026-03-30 16:01:29,167 - scraper.selenium_scraper - INFO - Chrome driver initialized successfully
2026-03-30 16:01:29,167 - root - INFO - Scraping tournament data
2026-03-30 16:01:29,167 - scraper.selenium_scraper - INFO - Starting to scrape tournament data
2026-03-30 16:01:29,972 - scraper.selenium_scraper - INFO - Waiting for page to load...
2026-03-30 16:01:34,977 - scraper.selenium_scraper - INFO - Scrolling to load all auction cards...
2026-03-30 16:01:47,113 - scraper.selenium_scraper - INFO - Saved page screenshot to /home/runner/work/super-player-auction-scraper/super-player-auction-scraper/logs/screenshots/page_loaded_20260330160147.png
2026-03-30 16:01:47,113 - scraper.selenium_scraper - INFO - Looking for auction cards...
2026-03-30 16:01:47,143 - scraper.selenium_scraper - INFO - Found 20 auction cards
2026-03-30 16:01:47,862 - scraper.selenium_scraper - INFO - Scraped tournament 1: UNITY CUP Season 3 [2026-27]
2026-03-30 16:01:48,591 - scraper.selenium_scraper - INFO - Scraped tournament 2: Patidar Cricket League 2026
2026-03-30 16:01:49,277 - scraper.selenium_scraper - INFO - Scraped tournament 3: SIKAR PREMIER LEAGUE 2025
2026-03-30 16:01:49,960 - scraper.selenium_scraper - INFO - Scraped tournament 4: ROHAT PREMIER LEAGUE
2026-03-30 16:01:50,643 - scraper.selenium_scraper - INFO - Scraped tournament 5: SUPER FOOTBALL CHAMPIONSHIP
2026-03-30 16:01:51,333 - scraper.selenium_scraper - INFO - Scraped tournament 6: REPUBLIC CUP 2.0
2026-03-30 16:01:52,016 - scraper.selenium_scraper - INFO - Scraped tournament 7: Super Cricket League
2026-03-30 16:01:52,699 - scraper.selenium_scraper - INFO - Scraped tournament 8: BJP
2026-03-30 16:01:53,383 - scraper.selenium_scraper - INFO - Scraped tournament 9: SUPER CRICKRT LEAGUE - MAHIPAL
2026-03-30 16:01:54,066 - scraper.selenium_scraper - INFO - Scraped tournament 10: VERINAG PREMIER LEAGUE
2026-03-30 16:01:54,758 - scraper.selenium_scraper - INFO - Scraped tournament 11: North Zone Premier League
2026-03-30 16:01:55,442 - scraper.selenium_scraper - INFO - Scraped tournament 12: CGCPL
2026-03-30 16:01:56,125 - scraper.selenium_scraper - INFO - Scraped tournament 13: ODA Puneet Agrawal Memorial Tennis Premier League
2026-03-30 16:01:56,809 - scraper.selenium_scraper - INFO - Scraped tournament 14: MADHURAWADA PREMIER LEAGUE SEASON - 4
2026-03-30 16:01:57,492 - scraper.selenium_scraper - INFO - Scraped tournament 15: Amerikan Cup JPL-6
2026-03-30 16:01:58,177 - scraper.selenium_scraper - INFO - Scraped tournament 16: MPL
2026-03-30 16:01:58,858 - scraper.selenium_scraper - INFO - Scraped tournament 17: Gymkhana Premier Tennis League 2026
2026-03-30 16:01:59,550 - scraper.selenium_scraper - INFO - Scraped tournament 18: Wala & Team Present Open Leather Ball Cricket Tournament
2026-03-30 16:02:00,245 - scraper.selenium_scraper - INFO - Scraped tournament 19: CHAMPIONS PREMIER LEAGUE 2026 Season 02
2026-03-30 16:02:00,930 - scraper.selenium_scraper - INFO - Scraped tournament 20: KMPL SEASON 4
2026-03-30 16:02:00,931 - root - INFO - Successfully scraped 20 tournaments
2026-03-30 16:02:00,931 - root - INFO - Saved scraped data to /home/runner/work/super-player-auction-scraper/super-player-auction-scraper/data/tournament_data_20260330-160200.json
2026-03-30 16:02:00,931 - root - INFO - Initializing Graph API
2026-03-30 16:02:00,932 - excel.graph_api - INFO - Extracted file ID: 9e836ed5-f58f-4dc7-a969-3c62b255f3ea
2026-03-30 16:02:00,932 - excel.graph_api - INFO - Extracted site ID: CorpDevaaf94619130d4a79af9f3aeae502bdb5
2026-03-30 16:02:00,932 - root - INFO - Authenticating with Microsoft Graph API
2026-03-30 16:02:01,145 - excel.graph_api - INFO - Authentication successful
2026-03-30 16:02:01,145 - root - INFO - Updating Excel sheet with scraped data
2026-03-30 16:02:01,550 - excel.graph_api - INFO - Retrieved drive ID: b!MXUqfmBgAkyqAi_g7J1PO_6yKSWnHbZCs3mpe4EkYuX6d8izcdJxRb78S6OW5SIB
2026-03-30 16:02:03,396 - excel.graph_api - INFO - Retrieved 1412 rows from Excel
2026-03-30 16:02:04,992 - excel.graph_api - INFO - Updating range A1414:M1414 with 1 new entries
2026-03-30 16:02:06,824 - excel.graph_api - INFO - Successfully added 1 new tournaments to Excel
2026-03-30 16:02:06,826 - root - INFO - Excel sheet updated successfully
2026-03-30 16:02:06,902 - scraper.selenium_scraper - INFO - Chrome driver closed
2026-03-30 16:02:06,902 - root - INFO - Selenium driver closed
2026-03-30 16:02:06,902 - root - INFO - Script execution completed
