2025-12-13 15:12:33,628 - root - INFO - Logger initialized successfully
2025-12-13 15:12:33,628 - root - INFO - Log file: /home/runner/work/super-player-auction-scraper/super-player-auction-scraper/logs/scraper_20251213_151233.log
2025-12-13 15:12:33,628 - root - INFO - Starting Super Player Auction scraper
2025-12-13 15:12:33,628 - utils.config - INFO - Credentials loaded from environment variables
2025-12-13 15:12:33,629 - utils.config - INFO - Settings loaded successfully
2025-12-13 15:12:33,629 - root - INFO - Initializing Selenium scraper
2025-12-13 15:12:33,629 - scraper.selenium_scraper - INFO - Running in GitHub Actions environment
2025-12-13 15:12:38,062 - selenium.webdriver.common.selenium_manager - WARNING - The chromedriver version (143.0.7499.40) detected in PATH at /usr/bin/chromedriver might not be compatible with the detected chrome version (143.0.7499.40); currently, chromedriver 143.0.7499.42 is recommended for chrome 143.*, so it is advised to delete the driver in PATH and retry
2025-12-13 15:12:55,846 - scraper.selenium_scraper - INFO - Chrome driver initialized successfully
2025-12-13 15:12:55,846 - root - INFO - Scraping tournament data
2025-12-13 15:12:55,846 - scraper.selenium_scraper - INFO - Starting to scrape tournament data
2025-12-13 15:12:57,407 - scraper.selenium_scraper - INFO - Waiting for page to load...
2025-12-13 15:13:02,413 - scraper.selenium_scraper - INFO - Scrolling to load all auction cards...
2025-12-13 15:13:14,586 - scraper.selenium_scraper - INFO - Saved page screenshot to /home/runner/work/super-player-auction-scraper/super-player-auction-scraper/logs/screenshots/page_loaded_20251213151314.png
2025-12-13 15:13:14,586 - scraper.selenium_scraper - INFO - Looking for auction cards...
2025-12-13 15:13:14,627 - scraper.selenium_scraper - INFO - Found 20 auction cards
2025-12-13 15:13:15,347 - scraper.selenium_scraper - INFO - Scraped tournament 1: KU2 Junior Mens (10-17yrs)
2025-12-13 15:13:16,139 - scraper.selenium_scraper - INFO - Scraped tournament 2: MIPL
2025-12-13 15:13:16,827 - scraper.selenium_scraper - INFO - Scraped tournament 3: Matunga Gymkhana Champions League 2026
2025-12-13 15:13:17,526 - scraper.selenium_scraper - INFO - Scraped tournament 4: IHCL MEN
2025-12-13 15:13:18,212 - scraper.selenium_scraper - INFO - Scraped tournament 5: IHCL WOMEN
2025-12-13 15:13:18,899 - scraper.selenium_scraper - INFO - Scraped tournament 6: Mohaba Bazar Silver League Season 3
2025-12-13 15:13:19,585 - scraper.selenium_scraper - INFO - Scraped tournament 7: SAPPHIRE PREMIER LEAGUE
2025-12-13 15:13:20,270 - scraper.selenium_scraper - INFO - Scraped tournament 8: MFCL Season 5
2025-12-13 15:13:20,955 - scraper.selenium_scraper - INFO - Scraped tournament 9: BSPL SEASON -10
2025-12-13 15:13:21,646 - scraper.selenium_scraper - INFO - Scraped tournament 10: Panchal Premier League - 10 , Vadodara
2025-12-13 15:13:22,331 - scraper.selenium_scraper - INFO - Scraped tournament 11: RMPL AUCTION 2026
2025-12-13 15:13:23,014 - scraper.selenium_scraper - INFO - Scraped tournament 12: Bandra Premier League Season 6
2025-12-13 15:13:23,701 - scraper.selenium_scraper - INFO - Scraped tournament 13: KU2 Ladies
2025-12-13 15:13:24,392 - scraper.selenium_scraper - INFO - Scraped tournament 14: KU2 Men
2025-12-13 15:13:25,076 - scraper.selenium_scraper - INFO - Scraped tournament 15: KU2 Senior Men
2025-12-13 15:13:25,767 - scraper.selenium_scraper - INFO - Scraped tournament 16: Sanatan Premier League 2026 - Season 3
2025-12-13 15:13:26,467 - scraper.selenium_scraper - INFO - Scraped tournament 17: WPCL3.0 (MEN'S)
2025-12-13 15:13:27,154 - scraper.selenium_scraper - INFO - Scraped tournament 18: DSL 8.0
2025-12-13 15:13:27,840 - scraper.selenium_scraper - INFO - Scraped tournament 19: RATNA KYS PREMIER LEAGUE - MALE
2025-12-13 15:13:28,527 - scraper.selenium_scraper - INFO - Scraped tournament 20: Gunupur Tennis League - Season 2
2025-12-13 15:13:28,527 - root - INFO - Successfully scraped 20 tournaments
2025-12-13 15:13:28,528 - root - INFO - Saved scraped data to /home/runner/work/super-player-auction-scraper/super-player-auction-scraper/data/tournament_data_20251213-151328.json
2025-12-13 15:13:28,528 - root - INFO - Initializing Graph API
2025-12-13 15:13:28,528 - excel.graph_api - INFO - Extracted file ID: 9e836ed5-f58f-4dc7-a969-3c62b255f3ea
2025-12-13 15:13:28,528 - excel.graph_api - INFO - Extracted site ID: CorpDevaaf94619130d4a79af9f3aeae502bdb5
2025-12-13 15:13:28,528 - root - INFO - Authenticating with Microsoft Graph API
2025-12-13 15:13:28,724 - excel.graph_api - INFO - Authentication successful
2025-12-13 15:13:28,724 - root - INFO - Updating Excel sheet with scraped data
2025-12-13 15:13:29,540 - excel.graph_api - INFO - Retrieved drive ID: b!MXUqfmBgAkyqAi_g7J1PO_6yKSWnHbZCs3mpe4EkYuX6d8izcdJxRb78S6OW5SIB
2025-12-13 15:13:31,426 - excel.graph_api - INFO - Retrieved 848 rows from Excel
2025-12-13 15:13:32,595 - excel.graph_api - INFO - Updating range A850:M852 with 3 new entries
2025-12-13 15:13:33,754 - excel.graph_api - INFO - Successfully added 3 new tournaments to Excel
2025-12-13 15:13:33,756 - root - INFO - Excel sheet updated successfully
2025-12-13 15:13:33,824 - scraper.selenium_scraper - INFO - Chrome driver closed
2025-12-13 15:13:33,824 - root - INFO - Selenium driver closed
2025-12-13 15:13:33,824 - root - INFO - Script execution completed
