2025-07-17 10:16:08,666 - root - INFO - Logger initialized successfully
2025-07-17 10:16:08,666 - root - INFO - Log file: /home/runner/work/super-player-auction-scraper/super-player-auction-scraper/logs/scraper_20250717_101608.log
2025-07-17 10:16:08,666 - root - INFO - Starting Super Player Auction scraper
2025-07-17 10:16:08,666 - utils.config - INFO - Credentials loaded from environment variables
2025-07-17 10:16:08,666 - utils.config - INFO - Settings loaded successfully
2025-07-17 10:16:08,666 - root - INFO - Initializing Selenium scraper
2025-07-17 10:16:08,666 - scraper.selenium_scraper - INFO - Running in GitHub Actions environment
2025-07-17 10:16:10,039 - selenium.webdriver.common.selenium_manager - WARNING - The chromedriver version (138.0.7204.94) detected in PATH at /usr/bin/chromedriver might not be compatible with the detected chrome version (138.0.7204.100); currently, chromedriver 138.0.7204.157 is recommended for chrome 138.*, so it is advised to delete the driver in PATH and retry
2025-07-17 10:16:15,910 - scraper.selenium_scraper - INFO - Chrome driver initialized successfully
2025-07-17 10:16:15,910 - root - INFO - Scraping tournament data
2025-07-17 10:16:15,911 - scraper.selenium_scraper - INFO - Starting to scrape tournament data
2025-07-17 10:16:18,476 - scraper.selenium_scraper - INFO - Waiting for page to load...
2025-07-17 10:16:23,478 - scraper.selenium_scraper - INFO - Scrolling to load all auction cards...
2025-07-17 10:16:35,604 - scraper.selenium_scraper - INFO - Saved page screenshot to /home/runner/work/super-player-auction-scraper/super-player-auction-scraper/logs/screenshots/page_loaded_20250717101635.png
2025-07-17 10:16:35,604 - scraper.selenium_scraper - INFO - Looking for auction cards...
2025-07-17 10:16:35,651 - scraper.selenium_scraper - INFO - Found 20 auction cards
2025-07-17 10:16:36,367 - scraper.selenium_scraper - INFO - Scraped tournament 1: Nepalese Premier Leauge - Melbourne Season 1
2025-07-17 10:16:37,064 - scraper.selenium_scraper - INFO - Scraped tournament 2: Vivarea Badminton League 2025
2025-07-17 10:16:37,829 - scraper.selenium_scraper - INFO - Scraped tournament 3: Tekri Premier League
2025-07-17 10:16:38,521 - scraper.selenium_scraper - INFO - Scraped tournament 4: 6 SILVER BT10 SEASON 3 2025
2025-07-17 10:16:39,213 - scraper.selenium_scraper - INFO - Scraped tournament 5: ArjunDMUP
2025-07-17 10:16:39,904 - scraper.selenium_scraper - INFO - Scraped tournament 6: NPL Series 2
2025-07-17 10:16:40,604 - scraper.selenium_scraper - INFO - Scraped tournament 7: GRAMIN PREMIER LEAGUE SEASON 3
2025-07-17 10:16:41,297 - scraper.selenium_scraper - INFO - Scraped tournament 8: Deedar Premier League
2025-07-17 10:16:41,987 - scraper.selenium_scraper - INFO - Scraped tournament 9: Karnataka Rajatha Cup 2025
2025-07-17 10:16:42,677 - scraper.selenium_scraper - INFO - Scraped tournament 10: Young Boys Rain Cricket
2025-07-17 10:16:43,383 - scraper.selenium_scraper - INFO - Scraped tournament 11: MARK10 FREEDOM CUP 2.0
2025-07-17 10:16:44,078 - scraper.selenium_scraper - INFO - Scraped tournament 12: TOLIYASAR PREMIER LEAGUE (TPL) SEASON 2
2025-07-17 10:16:44,771 - scraper.selenium_scraper - INFO - Scraped tournament 13: SANDALWOOD PREMIER LEAGUE
2025-07-17 10:16:45,469 - scraper.selenium_scraper - INFO - Scraped tournament 14: BPL SEASON 3
2025-07-17 10:16:46,158 - scraper.selenium_scraper - INFO - Scraped tournament 15: Petlurivaripalm Premier League Season -1
2025-07-17 10:16:46,846 - scraper.selenium_scraper - INFO - Scraped tournament 16: Dholi Samaj Premiere League Sisseion-2
2025-07-17 10:16:47,540 - scraper.selenium_scraper - INFO - Scraped tournament 17: SARKHI STCL 2025
2025-07-17 10:16:48,227 - scraper.selenium_scraper - INFO - Scraped tournament 18: The Auction House
2025-07-17 10:16:48,920 - scraper.selenium_scraper - INFO - Scraped tournament 19: DOCTOR BHEEMRAV AMBEDKAR
2025-07-17 10:16:49,608 - scraper.selenium_scraper - INFO - Scraped tournament 20: CREATOR DISTRICT DOMINATION
2025-07-17 10:16:49,609 - root - INFO - Successfully scraped 20 tournaments
2025-07-17 10:16:49,609 - root - INFO - Saved scraped data to /home/runner/work/super-player-auction-scraper/super-player-auction-scraper/data/tournament_data_20250717-101649.json
2025-07-17 10:16:49,609 - root - INFO - Initializing Graph API
2025-07-17 10:16:49,610 - excel.graph_api - INFO - Extracted file ID: 9e836ed5-f58f-4dc7-a969-3c62b255f3ea
2025-07-17 10:16:49,610 - excel.graph_api - INFO - Extracted site ID: CorpDevaaf94619130d4a79af9f3aeae502bdb5
2025-07-17 10:16:49,610 - root - INFO - Authenticating with Microsoft Graph API
2025-07-17 10:16:50,135 - excel.graph_api - INFO - Authentication successful
2025-07-17 10:16:50,136 - root - INFO - Updating Excel sheet with scraped data
2025-07-17 10:16:50,662 - excel.graph_api - INFO - Retrieved drive ID: b!MXUqfmBgAkyqAi_g7J1PO_6yKSWnHbZCs3mpe4EkYuX6d8izcdJxRb78S6OW5SIB
2025-07-17 10:16:52,114 - excel.graph_api - INFO - Retrieved 301 rows from Excel
2025-07-17 10:16:53,171 - excel.graph_api - INFO - Updating range A303:M303 with 1 new entries
2025-07-17 10:16:54,492 - excel.graph_api - INFO - Successfully added 1 new tournaments to Excel
2025-07-17 10:16:54,493 - root - INFO - Excel sheet updated successfully
2025-07-17 10:16:54,560 - scraper.selenium_scraper - INFO - Chrome driver closed
2025-07-17 10:16:54,561 - root - INFO - Selenium driver closed
2025-07-17 10:16:54,561 - root - INFO - Script execution completed
