2026-02-06 15:33:01,479 - root - INFO - Logger initialized successfully
2026-02-06 15:33:01,479 - root - INFO - Log file: /home/runner/work/super-player-auction-scraper/super-player-auction-scraper/logs/scraper_20260206_153301.log
2026-02-06 15:33:01,480 - root - INFO - Starting Super Player Auction scraper
2026-02-06 15:33:01,480 - utils.config - INFO - Credentials loaded from environment variables
2026-02-06 15:33:01,480 - utils.config - INFO - Settings loaded successfully
2026-02-06 15:33:01,480 - root - INFO - Initializing Selenium scraper
2026-02-06 15:33:01,480 - scraper.selenium_scraper - INFO - Running in GitHub Actions environment
2026-02-06 15:33:04,408 - selenium.webdriver.common.selenium_manager - WARNING - The chromedriver version (144.0.7559.109) detected in PATH at /usr/bin/chromedriver might not be compatible with the detected chrome version (144.0.7559.109); currently, chromedriver 144.0.7559.133 is recommended for chrome 144.*, so it is advised to delete the driver in PATH and retry
2026-02-06 15:33:14,456 - scraper.selenium_scraper - INFO - Chrome driver initialized successfully
2026-02-06 15:33:14,456 - root - INFO - Scraping tournament data
2026-02-06 15:33:14,456 - scraper.selenium_scraper - INFO - Starting to scrape tournament data
2026-02-06 15:33:15,478 - scraper.selenium_scraper - INFO - Waiting for page to load...
2026-02-06 15:33:20,483 - scraper.selenium_scraper - INFO - Scrolling to load all auction cards...
2026-02-06 15:33:32,635 - scraper.selenium_scraper - INFO - Saved page screenshot to /home/runner/work/super-player-auction-scraper/super-player-auction-scraper/logs/screenshots/page_loaded_20260206153332.png
2026-02-06 15:33:32,635 - scraper.selenium_scraper - INFO - Looking for auction cards...
2026-02-06 15:33:32,672 - scraper.selenium_scraper - INFO - Found 20 auction cards
2026-02-06 15:33:33,392 - scraper.selenium_scraper - INFO - Scraped tournament 1: Calicut Premier League
2026-02-06 15:33:34,189 - scraper.selenium_scraper - INFO - Scraped tournament 2: PGCL 2.O
2026-02-06 15:33:34,874 - scraper.selenium_scraper - INFO - Scraped tournament 3: ⁠Husky Cricket Club x Seattle Orcas
2026-02-06 15:33:35,560 - scraper.selenium_scraper - INFO - Scraped tournament 4: DJPL Season 8
2026-02-06 15:33:36,243 - scraper.selenium_scraper - INFO - Scraped tournament 5: TPL 2026 - MEN
2026-02-06 15:33:36,928 - scraper.selenium_scraper - INFO - Scraped tournament 6: ELITE PREMIER LEAGUE
2026-02-06 15:33:37,614 - scraper.selenium_scraper - INFO - Scraped tournament 7: VISTA PREMIER LEAGUE SEASON 2
2026-02-06 15:33:38,299 - scraper.selenium_scraper - INFO - Scraped tournament 8: TNPL SEASON 2
2026-02-06 15:33:38,990 - scraper.selenium_scraper - INFO - Scraped tournament 9: JSG Elite Draft
2026-02-06 15:33:39,672 - scraper.selenium_scraper - INFO - Scraped tournament 10: Calicut premier league Qatar
2026-02-06 15:33:40,356 - scraper.selenium_scraper - INFO - Scraped tournament 11: Slough Family League
2026-02-06 15:33:41,045 - scraper.selenium_scraper - INFO - Scraped tournament 12: SUBIC SRILANKAN PREMIER LEAGUE - SEASON 4 - 2026
2026-02-06 15:33:41,729 - scraper.selenium_scraper - INFO - Scraped tournament 13: PH2 Cricket League
2026-02-06 15:33:42,416 - scraper.selenium_scraper - INFO - Scraped tournament 14: Hind Sporting Premier League
2026-02-06 15:33:43,101 - scraper.selenium_scraper - INFO - Scraped tournament 15: MCPL 2026
2026-02-06 15:33:43,784 - scraper.selenium_scraper - INFO - Scraped tournament 16: SIKAR PREMIER LEAGUE 2025
2026-02-06 15:33:44,470 - scraper.selenium_scraper - INFO - Scraped tournament 17: SUPER FOOTBALL CHAMPIONSHIP
2026-02-06 15:33:45,155 - scraper.selenium_scraper - INFO - Scraped tournament 18: BHILAI STEEL PLANT PREMIER LEAGUE
2026-02-06 15:33:45,837 - scraper.selenium_scraper - INFO - Scraped tournament 19: RAMADAN PREMIER LEAGUE SEASON 24
2026-02-06 15:33:46,532 - scraper.selenium_scraper - INFO - Scraped tournament 20: CRPL
2026-02-06 15:33:46,532 - root - INFO - Successfully scraped 20 tournaments
2026-02-06 15:33:46,532 - root - INFO - Saved scraped data to /home/runner/work/super-player-auction-scraper/super-player-auction-scraper/data/tournament_data_20260206-153346.json
2026-02-06 15:33:46,532 - root - INFO - Initializing Graph API
2026-02-06 15:33:46,533 - excel.graph_api - INFO - Extracted file ID: 9e836ed5-f58f-4dc7-a969-3c62b255f3ea
2026-02-06 15:33:46,533 - excel.graph_api - INFO - Extracted site ID: CorpDevaaf94619130d4a79af9f3aeae502bdb5
2026-02-06 15:33:46,533 - root - INFO - Authenticating with Microsoft Graph API
2026-02-06 15:33:46,729 - excel.graph_api - INFO - Authentication successful
2026-02-06 15:33:46,729 - root - INFO - Updating Excel sheet with scraped data
2026-02-06 15:33:47,161 - excel.graph_api - INFO - Retrieved drive ID: b!MXUqfmBgAkyqAi_g7J1PO_6yKSWnHbZCs3mpe4EkYuX6d8izcdJxRb78S6OW5SIB
2026-02-06 15:33:48,947 - excel.graph_api - INFO - Retrieved 1190 rows from Excel
2026-02-06 15:33:50,481 - excel.graph_api - INFO - Updating range A1192:M1192 with 1 new entries
2026-02-06 15:33:52,197 - excel.graph_api - INFO - Successfully added 1 new tournaments to Excel
2026-02-06 15:33:52,199 - root - INFO - Excel sheet updated successfully
2026-02-06 15:33:52,278 - scraper.selenium_scraper - INFO - Chrome driver closed
2026-02-06 15:33:52,278 - root - INFO - Selenium driver closed
2026-02-06 15:33:52,278 - root - INFO - Script execution completed
