2026-05-30 15:59:23,103 - root - INFO - Logger initialized successfully
2026-05-30 15:59:23,104 - root - INFO - Log file: /home/runner/work/super-player-auction-scraper/super-player-auction-scraper/logs/scraper_20260530_155923.log
2026-05-30 15:59:23,104 - root - INFO - Starting Super Player Auction scraper
2026-05-30 15:59:23,104 - utils.config - INFO - Credentials loaded from environment variables
2026-05-30 15:59:23,104 - utils.config - INFO - Settings loaded successfully
2026-05-30 15:59:23,104 - root - INFO - Initializing Selenium scraper
2026-05-30 15:59:23,104 - scraper.selenium_scraper - INFO - Running in GitHub Actions environment
2026-05-30 15:59:46,204 - scraper.selenium_scraper - INFO - Chrome driver initialized successfully
2026-05-30 15:59:46,204 - root - INFO - Scraping tournament data
2026-05-30 15:59:46,204 - scraper.selenium_scraper - INFO - Starting to scrape tournament data
2026-05-30 15:59:48,091 - scraper.selenium_scraper - INFO - Waiting for page to load...
2026-05-30 15:59:53,093 - scraper.selenium_scraper - INFO - Scrolling to load all auction cards...
2026-05-30 16:00:05,358 - scraper.selenium_scraper - INFO - Saved page screenshot to /home/runner/work/super-player-auction-scraper/super-player-auction-scraper/logs/screenshots/page_loaded_20260530160005.png
2026-05-30 16:00:05,358 - scraper.selenium_scraper - INFO - Looking for auction cards...
2026-05-30 16:00:05,390 - scraper.selenium_scraper - INFO - Found 20 auction cards
2026-05-30 16:00:06,154 - scraper.selenium_scraper - INFO - Scraped tournament 1: SIGMA PREMIER LEAGUE
2026-05-30 16:00:06,845 - scraper.selenium_scraper - INFO - Scraped tournament 2: JASWANTGARH PREMIER LEAGUE SEASON 1
2026-05-30 16:00:07,653 - scraper.selenium_scraper - INFO - Scraped tournament 3: UPL 2026
2026-05-30 16:00:08,340 - scraper.selenium_scraper - INFO - Scraped tournament 4: CBBL 6 AUCTION
2026-05-30 16:00:09,028 - scraper.selenium_scraper - INFO - Scraped tournament 5: Dream UTT Juniors Season 2
2026-05-30 16:00:09,717 - scraper.selenium_scraper - INFO - Scraped tournament 6: SUPER FOOTBALL CHAMPIONSHIP
2026-05-30 16:00:10,404 - scraper.selenium_scraper - INFO - Scraped tournament 7: DB CUP
2026-05-30 16:00:11,093 - scraper.selenium_scraper - INFO - Scraped tournament 8: REPUBLIC CUP 2.0
2026-05-30 16:00:11,783 - scraper.selenium_scraper - INFO - Scraped tournament 9: Auction Demo Jodi
2026-05-30 16:00:12,478 - scraper.selenium_scraper - INFO - Scraped tournament 10: Super Cricket League
2026-05-30 16:00:13,168 - scraper.selenium_scraper - INFO - Scraped tournament 11: SIKAR PREMIER LEAGUE 2025
2026-05-30 16:00:13,864 - scraper.selenium_scraper - INFO - Scraped tournament 12: BJP
2026-05-30 16:00:14,554 - scraper.selenium_scraper - INFO - Scraped tournament 13: SUPER LEAGUE GROUP
2026-05-30 16:00:15,240 - scraper.selenium_scraper - INFO - Scraped tournament 14: SUPER CRICKET LEAGUE
2026-05-30 16:00:15,929 - scraper.selenium_scraper - INFO - Scraped tournament 15: KASARAGOD VETERANS BADMINTON LEAGUE 2026
2026-05-30 16:00:16,618 - scraper.selenium_scraper - INFO - Scraped tournament 16: ROHAT PREMIER LEAGUE
2026-05-30 16:00:17,306 - scraper.selenium_scraper - INFO - Scraped tournament 17: TCL MINI 4.0
2026-05-30 16:00:18,004 - scraper.selenium_scraper - INFO - Scraped tournament 18: APL - 6 INAYA SPORT NIGHT TOURNAMENT
2026-05-30 16:00:18,694 - scraper.selenium_scraper - INFO - Scraped tournament 19: DURGA GROUND CHAMPIONSHIP
2026-05-30 16:00:19,383 - scraper.selenium_scraper - INFO - Scraped tournament 20: MALAPPURAM PREMIER LEAGUE S3 (RIYADH, KSA - 03 July 2026)
2026-05-30 16:00:19,383 - root - INFO - Successfully scraped 20 tournaments
2026-05-30 16:00:19,383 - root - INFO - Saved scraped data to /home/runner/work/super-player-auction-scraper/super-player-auction-scraper/data/tournament_data_20260530-160019.json
2026-05-30 16:00:19,383 - root - INFO - Initializing Graph API
2026-05-30 16:00:19,384 - excel.graph_api - INFO - Extracted file ID: 9e836ed5-f58f-4dc7-a969-3c62b255f3ea
2026-05-30 16:00:19,384 - excel.graph_api - INFO - Extracted site ID: CorpDevaaf94619130d4a79af9f3aeae502bdb5
2026-05-30 16:00:19,384 - root - INFO - Authenticating with Microsoft Graph API
2026-05-30 16:00:19,573 - excel.graph_api - INFO - Authentication successful
2026-05-30 16:00:19,573 - root - INFO - Updating Excel sheet with scraped data
2026-05-30 16:00:20,244 - excel.graph_api - INFO - Retrieved drive ID: b!MXUqfmBgAkyqAi_g7J1PO_6yKSWnHbZCs3mpe4EkYuX6d8izcdJxRb78S6OW5SIB
2026-05-30 16:00:22,184 - excel.graph_api - INFO - Retrieved 1654 rows from Excel
2026-05-30 16:00:23,677 - excel.graph_api - INFO - Updating range A1656:Y1656 with 1 new entries
2026-05-30 16:00:24,906 - excel.graph_api - INFO - Successfully added 1 new tournaments to Excel
2026-05-30 16:00:24,908 - root - INFO - Excel sheet updated successfully
2026-05-30 16:00:24,987 - scraper.selenium_scraper - INFO - Chrome driver closed
2026-05-30 16:00:24,987 - root - INFO - Selenium driver closed
2026-05-30 16:00:24,988 - root - INFO - Script execution completed
