2025-11-19 10:15:50,829 - root - INFO - Logger initialized successfully
2025-11-19 10:15:50,829 - root - INFO - Log file: /home/runner/work/super-player-auction-scraper/super-player-auction-scraper/logs/scraper_20251119_101550.log
2025-11-19 10:15:50,829 - root - INFO - Starting Super Player Auction scraper
2025-11-19 10:15:50,829 - utils.config - INFO - Credentials loaded from environment variables
2025-11-19 10:15:50,829 - utils.config - INFO - Settings loaded successfully
2025-11-19 10:15:50,829 - root - INFO - Initializing Selenium scraper
2025-11-19 10:15:50,830 - scraper.selenium_scraper - INFO - Running in GitHub Actions environment
2025-11-19 10:15:52,198 - selenium.webdriver.common.selenium_manager - WARNING - The chromedriver version (142.0.7444.162) detected in PATH at /usr/bin/chromedriver might not be compatible with the detected chrome version (142.0.7444.162); currently, chromedriver 142.0.7444.175 is recommended for chrome 142.*, so it is advised to delete the driver in PATH and retry
2025-11-19 10:15:56,719 - scraper.selenium_scraper - INFO - Chrome driver initialized successfully
2025-11-19 10:15:56,719 - root - INFO - Scraping tournament data
2025-11-19 10:15:56,719 - scraper.selenium_scraper - INFO - Starting to scrape tournament data
2025-11-19 10:15:57,598 - scraper.selenium_scraper - INFO - Waiting for page to load...
2025-11-19 10:16:02,603 - scraper.selenium_scraper - INFO - Scrolling to load all auction cards...
2025-11-19 10:16:14,720 - scraper.selenium_scraper - INFO - Saved page screenshot to /home/runner/work/super-player-auction-scraper/super-player-auction-scraper/logs/screenshots/page_loaded_20251119101614.png
2025-11-19 10:16:14,720 - scraper.selenium_scraper - INFO - Looking for auction cards...
2025-11-19 10:16:14,748 - scraper.selenium_scraper - INFO - Found 20 auction cards
2025-11-19 10:16:15,475 - scraper.selenium_scraper - INFO - Scraped tournament 1: VM CPL S-4
2025-11-19 10:16:16,170 - scraper.selenium_scraper - INFO - Scraped tournament 2: MDPL 2025 Season 4
2025-11-19 10:16:16,863 - scraper.selenium_scraper - INFO - Scraped tournament 3: Trivandrum Premier League - 5
2025-11-19 10:16:17,562 - scraper.selenium_scraper - INFO - Scraped tournament 4: NPL
2025-11-19 10:16:18,254 - scraper.selenium_scraper - INFO - Scraped tournament 5: YCC Leather Championship 2025 - Season 6
2025-11-19 10:16:18,947 - scraper.selenium_scraper - INFO - Scraped tournament 6: Sind Society Premier League 8.0
2025-11-19 10:16:19,639 - scraper.selenium_scraper - INFO - Scraped tournament 7: TenX Premier League - Season 3 (KIDS)
2025-11-19 10:16:20,330 - scraper.selenium_scraper - INFO - Scraped tournament 8: TNPL PREMIER LEAGUE SEASON 4
2025-11-19 10:16:21,035 - scraper.selenium_scraper - INFO - Scraped tournament 9: TenX Premier League - Season 3 (MENS 17+)
2025-11-19 10:16:21,725 - scraper.selenium_scraper - INFO - Scraped tournament 10: TenX Premier League - Season 3 (MENS 40+)
2025-11-19 10:16:22,419 - scraper.selenium_scraper - INFO - Scraped tournament 11: TenX Premier League - Season 3 (WOMENS 17+)
2025-11-19 10:16:23,115 - scraper.selenium_scraper - INFO - Scraped tournament 12: BCL SEASON 3
2025-11-19 10:16:23,804 - scraper.selenium_scraper - INFO - Scraped tournament 13: LEAGUE OF CHAMPIONS-1
2025-11-19 10:16:24,496 - scraper.selenium_scraper - INFO - Scraped tournament 14: Arjun DEMO
2025-11-19 10:16:25,194 - scraper.selenium_scraper - INFO - Scraped tournament 15: ABSA BUNTS CUP 4TH EDITION
2025-11-19 10:16:25,886 - scraper.selenium_scraper - INFO - Scraped tournament 16: Streamify Cup Silver Category
2025-11-19 10:16:26,585 - scraper.selenium_scraper - INFO - Scraped tournament 17: Streamify Cup Open Category
2025-11-19 10:16:27,279 - scraper.selenium_scraper - INFO - Scraped tournament 18: CCL 2.0 PREMIER LEAGUE SEASON 1
2025-11-19 10:16:27,971 - scraper.selenium_scraper - INFO - Scraped tournament 19: Bhatkal Premier League - 2026
2025-11-19 10:16:28,676 - scraper.selenium_scraper - INFO - Scraped tournament 20: Sindhi Premier League 6.0
2025-11-19 10:16:28,676 - root - INFO - Successfully scraped 20 tournaments
2025-11-19 10:16:28,677 - root - INFO - Saved scraped data to /home/runner/work/super-player-auction-scraper/super-player-auction-scraper/data/tournament_data_20251119-101628.json
2025-11-19 10:16:28,677 - root - INFO - Initializing Graph API
2025-11-19 10:16:28,677 - excel.graph_api - INFO - Extracted file ID: 9e836ed5-f58f-4dc7-a969-3c62b255f3ea
2025-11-19 10:16:28,677 - excel.graph_api - INFO - Extracted site ID: CorpDevaaf94619130d4a79af9f3aeae502bdb5
2025-11-19 10:16:28,678 - root - INFO - Authenticating with Microsoft Graph API
2025-11-19 10:16:29,105 - excel.graph_api - ERROR - Authentication failed: AADSTS7000222: The provided client secret keys for app 'f45467f0-629b-4712-a029-cd1289854747' are expired. Visit the Azure portal to create new keys for your app: https://aka.ms/NewClientSecret, or consider using certificate credentials for added security: https://aka.ms/certCreds. Trace ID: 3c443ab3-368c-49ca-8e17-e38d4ce22001 Correlation ID: 16d2bc54-49b0-4c67-8f0c-3e7d6974504b Timestamp: 2025-11-19 10:16:28Z
2025-11-19 10:16:29,105 - root - ERROR - Failed to authenticate with Microsoft Graph API
2025-11-19 10:16:29,175 - scraper.selenium_scraper - INFO - Chrome driver closed
2025-11-19 10:16:29,175 - root - INFO - Selenium driver closed
2025-11-19 10:16:29,175 - root - INFO - Script execution completed
