2025-10-02 15:12:49,283 - root - INFO - Logger initialized successfully
2025-10-02 15:12:49,283 - root - INFO - Log file: /home/runner/work/super-player-auction-scraper/super-player-auction-scraper/logs/scraper_20251002_151249.log
2025-10-02 15:12:49,283 - root - INFO - Starting Super Player Auction scraper
2025-10-02 15:12:49,283 - utils.config - INFO - Credentials loaded from environment variables
2025-10-02 15:12:49,283 - utils.config - INFO - Settings loaded successfully
2025-10-02 15:12:49,283 - root - INFO - Initializing Selenium scraper
2025-10-02 15:12:49,283 - scraper.selenium_scraper - INFO - Running in GitHub Actions environment
2025-10-02 15:12:52,049 - selenium.webdriver.common.selenium_manager - WARNING - The chromedriver version (140.0.7339.185) detected in PATH at /usr/bin/chromedriver might not be compatible with the detected chrome version (140.0.7339.185); currently, chromedriver 140.0.7339.207 is recommended for chrome 140.*, so it is advised to delete the driver in PATH and retry
2025-10-02 15:13:02,941 - scraper.selenium_scraper - INFO - Chrome driver initialized successfully
2025-10-02 15:13:02,942 - root - INFO - Scraping tournament data
2025-10-02 15:13:02,942 - scraper.selenium_scraper - INFO - Starting to scrape tournament data
2025-10-02 15:13:04,114 - scraper.selenium_scraper - INFO - Waiting for page to load...
2025-10-02 15:13:09,119 - scraper.selenium_scraper - INFO - Scrolling to load all auction cards...
2025-10-02 15:13:21,235 - scraper.selenium_scraper - INFO - Saved page screenshot to /home/runner/work/super-player-auction-scraper/super-player-auction-scraper/logs/screenshots/page_loaded_20251002151321.png
2025-10-02 15:13:21,235 - scraper.selenium_scraper - INFO - Looking for auction cards...
2025-10-02 15:13:21,268 - scraper.selenium_scraper - INFO - Found 20 auction cards
2025-10-02 15:13:22,006 - scraper.selenium_scraper - INFO - Scraped tournament 1: Petlurivaripalem Premier League Season -1
2025-10-02 15:13:22,730 - scraper.selenium_scraper - INFO - Scraped tournament 2: RPL - 6
2025-10-02 15:13:23,410 - scraper.selenium_scraper - INFO - Scraped tournament 3: JOI Premier League Auction Female
2025-10-02 15:13:24,092 - scraper.selenium_scraper - INFO - Scraped tournament 4: JOI Premier League Auction Male
2025-10-02 15:13:24,773 - scraper.selenium_scraper - INFO - Scraped tournament 5: CAMBRIDGE ALUMNI CRICKET CHAMPIONSHIP 2025-26
2025-10-02 15:13:25,454 - scraper.selenium_scraper - INFO - Scraped tournament 6: Torpedoes Premier League 2025
2025-10-02 15:13:26,136 - scraper.selenium_scraper - INFO - Scraped tournament 7: UPL SEASON 6
2025-10-02 15:13:26,813 - scraper.selenium_scraper - INFO - Scraped tournament 8: Ananda premiere league
2025-10-02 15:13:27,491 - scraper.selenium_scraper - INFO - Scraped tournament 9: JOI Premier League Kids Auction
2025-10-02 15:13:28,220 - scraper.selenium_scraper - INFO - Scraped tournament 10: SR PREMIER LEAGUE SEASON - 1
2025-10-02 15:13:28,899 - scraper.selenium_scraper - INFO - Scraped tournament 11: 2N_DESIGNER'S PREMIER LEAGUE SEASON IV
2025-10-02 15:13:29,578 - scraper.selenium_scraper - INFO - Scraped tournament 12: SHIMOGA PREMIER BADMINTON LEAGUE 2.O
2025-10-02 15:13:30,258 - scraper.selenium_scraper - INFO - Scraped tournament 13: Monsoon Box League Season 3
2025-10-02 15:13:30,940 - scraper.selenium_scraper - INFO - Scraped tournament 14: CHHATTISGARH LEAGUE OF LEGENDS
2025-10-02 15:13:31,618 - scraper.selenium_scraper - INFO - Scraped tournament 15: RANUJ GAM CRICKET LEAGUE
2025-10-02 15:13:32,297 - scraper.selenium_scraper - INFO - Scraped tournament 16: K. PATEL - SSPS CRICKET LEAGUE SEASON 8
2025-10-02 15:13:32,979 - scraper.selenium_scraper - INFO - Scraped tournament 17: JUNIOR PREMIER LEAGUE 2025
2025-10-02 15:13:33,660 - scraper.selenium_scraper - INFO - Scraped tournament 18: MPL
2025-10-02 15:13:34,340 - scraper.selenium_scraper - INFO - Scraped tournament 19: BHAGALPUR CRICKET LEAGUE
2025-10-02 15:13:35,016 - scraper.selenium_scraper - INFO - Scraped tournament 20: United Premier League (Father's)
2025-10-02 15:13:35,016 - root - INFO - Successfully scraped 20 tournaments
2025-10-02 15:13:35,017 - root - INFO - Saved scraped data to /home/runner/work/super-player-auction-scraper/super-player-auction-scraper/data/tournament_data_20251002-151335.json
2025-10-02 15:13:35,017 - root - INFO - Initializing Graph API
2025-10-02 15:13:35,017 - excel.graph_api - INFO - Extracted file ID: 9e836ed5-f58f-4dc7-a969-3c62b255f3ea
2025-10-02 15:13:35,017 - excel.graph_api - INFO - Extracted site ID: CorpDevaaf94619130d4a79af9f3aeae502bdb5
2025-10-02 15:13:35,017 - root - INFO - Authenticating with Microsoft Graph API
2025-10-02 15:13:35,488 - excel.graph_api - INFO - Authentication successful
2025-10-02 15:13:35,488 - root - INFO - Updating Excel sheet with scraped data
2025-10-02 15:13:35,793 - excel.graph_api - INFO - Retrieved drive ID: b!MXUqfmBgAkyqAi_g7J1PO_6yKSWnHbZCs3mpe4EkYuX6d8izcdJxRb78S6OW5SIB
2025-10-02 15:13:37,278 - excel.graph_api - INFO - Retrieved 573 rows from Excel
2025-10-02 15:13:38,449 - excel.graph_api - INFO - Updating range A575:M577 with 3 new entries
2025-10-02 15:13:39,412 - excel.graph_api - INFO - Successfully added 3 new tournaments to Excel
2025-10-02 15:13:39,413 - root - INFO - Excel sheet updated successfully
2025-10-02 15:13:39,481 - scraper.selenium_scraper - INFO - Chrome driver closed
2025-10-02 15:13:39,481 - root - INFO - Selenium driver closed
2025-10-02 15:13:39,481 - root - INFO - Script execution completed
