2025-06-08 10:40:40,858 - root - INFO - Logger initialized successfully
2025-06-08 10:40:40,858 - root - INFO - Log file: /home/runner/work/super-player-auction-scraper/super-player-auction-scraper/logs/scraper_20250608_104040.log
2025-06-08 10:40:40,858 - root - INFO - Starting Super Player Auction scraper
2025-06-08 10:40:40,858 - utils.config - INFO - Credentials loaded from environment variables
2025-06-08 10:40:40,859 - utils.config - INFO - Settings loaded successfully
2025-06-08 10:40:40,859 - root - INFO - Initializing Selenium scraper
2025-06-08 10:40:40,859 - scraper.selenium_scraper - INFO - Running in GitHub Actions environment
2025-06-08 10:40:41,361 - selenium.webdriver.common.selenium_manager - WARNING - The chromedriver version (137.0.7151.55) detected in PATH at /usr/bin/chromedriver might not be compatible with the detected chrome version (137.0.7151.55); currently, chromedriver 137.0.7151.68 is recommended for chrome 137.*, so it is advised to delete the driver in PATH and retry
2025-06-08 10:40:42,646 - scraper.selenium_scraper - INFO - Chrome driver initialized successfully
2025-06-08 10:40:42,647 - root - INFO - Scraping tournament data
2025-06-08 10:40:42,647 - scraper.selenium_scraper - INFO - Starting to scrape tournament data
2025-06-08 10:40:45,633 - scraper.selenium_scraper - INFO - Waiting for page to load...
2025-06-08 10:40:50,638 - scraper.selenium_scraper - INFO - Scrolling to load all auction cards...
2025-06-08 10:41:02,755 - scraper.selenium_scraper - INFO - Saved page screenshot to /home/runner/work/super-player-auction-scraper/super-player-auction-scraper/logs/screenshots/page_loaded_20250608104102.png
2025-06-08 10:41:02,755 - scraper.selenium_scraper - INFO - Looking for auction cards...
2025-06-08 10:41:02,775 - scraper.selenium_scraper - INFO - Found 20 auction cards
2025-06-08 10:41:03,505 - scraper.selenium_scraper - INFO - Scraped tournament 1: Amar Ujala Premier League
2025-06-08 10:41:04,208 - scraper.selenium_scraper - INFO - Scraped tournament 2: PALAKKAD CRICKET LEAGUE
2025-06-08 10:41:04,921 - scraper.selenium_scraper - INFO - Scraped tournament 3: ArjunDMUP
2025-06-08 10:41:05,624 - scraper.selenium_scraper - INFO - Scraped tournament 4: Sindoor Super League
2025-06-08 10:41:06,322 - scraper.selenium_scraper - INFO - Scraped tournament 5: Dholi Samaj Premiere League Sisseion-2
2025-06-08 10:41:07,025 - scraper.selenium_scraper - INFO - Scraped tournament 6: Khel-o-Utsav
2025-06-08 10:41:07,789 - scraper.selenium_scraper - INFO - Scraped tournament 7: DASPUR PREMIER LEAGUE
2025-06-08 10:41:08,494 - scraper.selenium_scraper - INFO - Scraped tournament 8: JPL-2
2025-06-08 10:41:09,194 - scraper.selenium_scraper - INFO - Scraped tournament 9: Indian Premier League
2025-06-08 10:41:09,895 - scraper.selenium_scraper - INFO - Scraped tournament 10: PPSPL 3.O
2025-06-08 10:41:10,597 - scraper.selenium_scraper - INFO - Scraped tournament 11: SUPER SEVEN LEAGUE SEASON-2
2025-06-08 10:41:11,294 - scraper.selenium_scraper - INFO - Scraped tournament 12: Academos Students League [ASL]
2025-06-08 10:41:11,994 - scraper.selenium_scraper - INFO - Scraped tournament 13: GAIL CHAMPIONS LEAGUE III
2025-06-08 10:41:12,701 - scraper.selenium_scraper - INFO - Scraped tournament 14: GVPL
2025-06-08 10:41:13,419 - scraper.selenium_scraper - INFO - Scraped tournament 15: HALPATI SAMAJ PRIMIER LEAGUE
2025-06-08 10:41:14,133 - scraper.selenium_scraper - INFO - Scraped tournament 16: Box Premier League U-25 Auction
2025-06-08 10:41:14,829 - scraper.selenium_scraper - INFO - Scraped tournament 17: Devmanpur Premier League
2025-06-08 10:41:15,525 - scraper.selenium_scraper - INFO - Scraped tournament 18: Washington T10 Cricket Cup - 2025
2025-06-08 10:41:16,225 - scraper.selenium_scraper - INFO - Scraped tournament 19: Zafaryab PVT LTD
2025-06-08 10:41:16,920 - scraper.selenium_scraper - INFO - Scraped tournament 20: National premier league season 3 Player Auction
2025-06-08 10:41:16,920 - root - INFO - Successfully scraped 20 tournaments
2025-06-08 10:41:16,920 - root - INFO - Saved scraped data to /home/runner/work/super-player-auction-scraper/super-player-auction-scraper/data/tournament_data_20250608-104116.json
2025-06-08 10:41:16,921 - root - INFO - Initializing Graph API
2025-06-08 10:41:16,921 - excel.graph_api - INFO - Extracted file ID: 9e836ed5-f58f-4dc7-a969-3c62b255f3ea
2025-06-08 10:41:16,921 - excel.graph_api - INFO - Extracted site ID: CorpDevaaf94619130d4a79af9f3aeae502bdb5
2025-06-08 10:41:16,921 - root - INFO - Authenticating with Microsoft Graph API
2025-06-08 10:41:17,189 - excel.graph_api - INFO - Authentication successful
2025-06-08 10:41:17,189 - root - INFO - Updating Excel sheet with scraped data
2025-06-08 10:41:17,793 - excel.graph_api - INFO - Retrieved drive ID: b!MXUqfmBgAkyqAi_g7J1PO_6yKSWnHbZCs3mpe4EkYuX6d8izcdJxRb78S6OW5SIB
2025-06-08 10:41:19,200 - excel.graph_api - INFO - Retrieved 240 rows from Excel
2025-06-08 10:41:20,230 - excel.graph_api - INFO - Updating range A242:M244 with 3 new entries
2025-06-08 10:41:21,693 - excel.graph_api - INFO - Successfully added 3 new tournaments to Excel
2025-06-08 10:41:21,694 - root - INFO - Excel sheet updated successfully
2025-06-08 10:41:21,764 - scraper.selenium_scraper - INFO - Chrome driver closed
2025-06-08 10:41:21,764 - root - INFO - Selenium driver closed
2025-06-08 10:41:21,764 - root - INFO - Script execution completed
