2026-02-03 10:33:00,444 - root - INFO - Logger initialized successfully
2026-02-03 10:33:00,444 - root - INFO - Log file: /home/runner/work/super-player-auction-scraper/super-player-auction-scraper/logs/scraper_20260203_103300.log
2026-02-03 10:33:00,444 - root - INFO - Starting Super Player Auction scraper
2026-02-03 10:33:00,444 - utils.config - INFO - Credentials loaded from environment variables
2026-02-03 10:33:00,444 - utils.config - INFO - Settings loaded successfully
2026-02-03 10:33:00,444 - root - INFO - Initializing Selenium scraper
2026-02-03 10:33:00,444 - scraper.selenium_scraper - INFO - Running in GitHub Actions environment
2026-02-03 10:33:02,684 - selenium.webdriver.common.selenium_manager - WARNING - The chromedriver version (144.0.7559.96) detected in PATH at /usr/bin/chromedriver might not be compatible with the detected chrome version (144.0.7559.96); currently, chromedriver 144.0.7559.109 is recommended for chrome 144.*, so it is advised to delete the driver in PATH and retry
2026-02-03 10:33:10,769 - scraper.selenium_scraper - INFO - Chrome driver initialized successfully
2026-02-03 10:33:10,769 - root - INFO - Scraping tournament data
2026-02-03 10:33:10,769 - scraper.selenium_scraper - INFO - Starting to scrape tournament data
2026-02-03 10:33:11,541 - scraper.selenium_scraper - INFO - Waiting for page to load...
2026-02-03 10:33:16,546 - scraper.selenium_scraper - INFO - Scrolling to load all auction cards...
2026-02-03 10:33:28,750 - scraper.selenium_scraper - INFO - Saved page screenshot to /home/runner/work/super-player-auction-scraper/super-player-auction-scraper/logs/screenshots/page_loaded_20260203103328.png
2026-02-03 10:33:28,750 - scraper.selenium_scraper - INFO - Looking for auction cards...
2026-02-03 10:33:28,779 - scraper.selenium_scraper - INFO - Found 20 auction cards
2026-02-03 10:33:29,526 - scraper.selenium_scraper - INFO - Scraped tournament 1: PGCL 2.O
2026-02-03 10:33:30,310 - scraper.selenium_scraper - INFO - Scraped tournament 2: Calicut premier league Qatar
2026-02-03 10:33:31,034 - scraper.selenium_scraper - INFO - Scraped tournament 3: Slough Family League
2026-02-03 10:33:31,743 - scraper.selenium_scraper - INFO - Scraped tournament 4: SUBIC SRILANKAN PREMIER LEAGUE - SEASON 4 - 2026
2026-02-03 10:33:32,449 - scraper.selenium_scraper - INFO - Scraped tournament 5: MCPL 2026
2026-02-03 10:33:33,165 - scraper.selenium_scraper - INFO - Scraped tournament 6: SIKAR PREMIER LEAGUE 2025
2026-02-03 10:33:33,886 - scraper.selenium_scraper - INFO - Scraped tournament 7: SUPER FOOTBALL CHAMPIONSHIP
2026-02-03 10:33:34,607 - scraper.selenium_scraper - INFO - Scraped tournament 8: BALAR PARIVAR PREMIER LEAGUE 2.0
2026-02-03 10:33:35,322 - scraper.selenium_scraper - INFO - Scraped tournament 9: Sspl
2026-02-03 10:33:36,042 - scraper.selenium_scraper - INFO - Scraped tournament 10: Goichi League 2026
2026-02-03 10:33:36,763 - scraper.selenium_scraper - INFO - Scraped tournament 11: MYM 5.0 CRICKET TOURNAMENT Sponsored By HANUMANTA FOODS
2026-02-03 10:33:37,485 - scraper.selenium_scraper - INFO - Scraped tournament 12: QIFF EASAKA MEMORIAL 7S FOOTBALL TOURNAMENT
2026-02-03 10:33:38,190 - scraper.selenium_scraper - INFO - Scraped tournament 13: BHILAI STEEL PLANT PREMIER LEAGUE
2026-02-03 10:33:38,917 - scraper.selenium_scraper - INFO - Scraped tournament 14: Skyhawks Premier League - 3
2026-02-03 10:33:39,641 - scraper.selenium_scraper - INFO - Scraped tournament 15: CDS Doctor Cricket League 2026 Season - 2
2026-02-03 10:33:40,356 - scraper.selenium_scraper - INFO - Scraped tournament 16: Calicut Premier League
2026-02-03 10:33:41,062 - scraper.selenium_scraper - INFO - Scraped tournament 17: KPCJAA SPORTS LEAGUE 2026
2026-02-03 10:33:41,772 - scraper.selenium_scraper - INFO - Scraped tournament 18: मेघवाल प्रीमियर लीग जयपुर आक्शन
2026-02-03 10:33:42,489 - scraper.selenium_scraper - INFO - Scraped tournament 19: DJPL Season 8
2026-02-03 10:33:43,205 - scraper.selenium_scraper - INFO - Scraped tournament 20: KSPL
2026-02-03 10:33:43,206 - root - INFO - Successfully scraped 20 tournaments
2026-02-03 10:33:43,206 - root - INFO - Saved scraped data to /home/runner/work/super-player-auction-scraper/super-player-auction-scraper/data/tournament_data_20260203-103343.json
2026-02-03 10:33:43,206 - root - INFO - Initializing Graph API
2026-02-03 10:33:43,207 - excel.graph_api - INFO - Extracted file ID: 9e836ed5-f58f-4dc7-a969-3c62b255f3ea
2026-02-03 10:33:43,207 - excel.graph_api - INFO - Extracted site ID: CorpDevaaf94619130d4a79af9f3aeae502bdb5
2026-02-03 10:33:43,207 - root - INFO - Authenticating with Microsoft Graph API
2026-02-03 10:33:43,667 - excel.graph_api - INFO - Authentication successful
2026-02-03 10:33:43,667 - root - INFO - Updating Excel sheet with scraped data
2026-02-03 10:33:44,535 - excel.graph_api - INFO - Retrieved drive ID: b!MXUqfmBgAkyqAi_g7J1PO_6yKSWnHbZCs3mpe4EkYuX6d8izcdJxRb78S6OW5SIB
2026-02-03 10:33:46,649 - excel.graph_api - INFO - Retrieved 1174 rows from Excel
2026-02-03 10:33:48,179 - excel.graph_api - INFO - Updating range A1176:M1177 with 2 new entries
2026-02-03 10:33:49,614 - excel.graph_api - INFO - Successfully added 2 new tournaments to Excel
2026-02-03 10:33:49,615 - root - INFO - Excel sheet updated successfully
2026-02-03 10:33:49,696 - scraper.selenium_scraper - INFO - Chrome driver closed
2026-02-03 10:33:49,696 - root - INFO - Selenium driver closed
2026-02-03 10:33:49,696 - root - INFO - Script execution completed
