2025-09-01 10:15:19,893 - root - INFO - Logger initialized successfully
2025-09-01 10:15:19,893 - root - INFO - Log file: /home/runner/work/super-player-auction-scraper/super-player-auction-scraper/logs/scraper_20250901_101519.log
2025-09-01 10:15:19,893 - root - INFO - Starting Super Player Auction scraper
2025-09-01 10:15:19,893 - utils.config - INFO - Credentials loaded from environment variables
2025-09-01 10:15:19,893 - utils.config - INFO - Settings loaded successfully
2025-09-01 10:15:19,894 - root - INFO - Initializing Selenium scraper
2025-09-01 10:15:19,894 - scraper.selenium_scraper - INFO - Running in GitHub Actions environment
2025-09-01 10:15:21,240 - selenium.webdriver.common.selenium_manager - WARNING - The chromedriver version (139.0.7258.138) detected in PATH at /usr/bin/chromedriver might not be compatible with the detected chrome version (139.0.7258.138); currently, chromedriver 139.0.7258.154 is recommended for chrome 139.*, so it is advised to delete the driver in PATH and retry
2025-09-01 10:15:27,350 - scraper.selenium_scraper - INFO - Chrome driver initialized successfully
2025-09-01 10:15:27,351 - root - INFO - Scraping tournament data
2025-09-01 10:15:27,351 - scraper.selenium_scraper - INFO - Starting to scrape tournament data
2025-09-01 10:15:28,393 - scraper.selenium_scraper - INFO - Waiting for page to load...
2025-09-01 10:15:33,397 - scraper.selenium_scraper - INFO - Scrolling to load all auction cards...
2025-09-01 10:15:45,519 - scraper.selenium_scraper - INFO - Saved page screenshot to /home/runner/work/super-player-auction-scraper/super-player-auction-scraper/logs/screenshots/page_loaded_20250901101545.png
2025-09-01 10:15:45,519 - scraper.selenium_scraper - INFO - Looking for auction cards...
2025-09-01 10:15:45,547 - scraper.selenium_scraper - INFO - Found 20 auction cards
2025-09-01 10:15:46,260 - scraper.selenium_scraper - INFO - Scraped tournament 1: Masters Premier League Season 2025-26
2025-09-01 10:15:46,947 - scraper.selenium_scraper - INFO - Scraped tournament 2: Mali Premier League Balotra
2025-09-01 10:15:47,679 - scraper.selenium_scraper - INFO - Scraped tournament 3: Sarsangan U19 Boys & Girls Cricket Series 2025-26
2025-09-01 10:15:48,365 - scraper.selenium_scraper - INFO - Scraped tournament 4: Sarsangan +40 Cricket Series 2025-26
2025-09-01 10:15:49,051 - scraper.selenium_scraper - INFO - Scraped tournament 5: Sarsangan Super Series Cricket 2025-26
2025-09-01 10:15:49,738 - scraper.selenium_scraper - INFO - Scraped tournament 6: Sarsangan +45 Veterans Cricket Series 2025-26
2025-09-01 10:15:50,429 - scraper.selenium_scraper - INFO - Scraped tournament 7: JAIN PREMIER LEAGUE 4
2025-09-01 10:15:51,112 - scraper.selenium_scraper - INFO - Scraped tournament 8: NPL Titan Cup
2025-09-01 10:15:51,795 - scraper.selenium_scraper - INFO - Scraped tournament 9: Murlidhar Premier League
2025-09-01 10:15:52,478 - scraper.selenium_scraper - INFO - Scraped tournament 10: INFINITE PREMIER LEAGUE SEASON 3
2025-09-01 10:15:53,170 - scraper.selenium_scraper - INFO - Scraped tournament 11: PALEJ PREMIER LEAGUE
2025-09-01 10:15:53,853 - scraper.selenium_scraper - INFO - Scraped tournament 12: RENSA BSPL -2
2025-09-01 10:15:54,541 - scraper.selenium_scraper - INFO - Scraped tournament 13: KOB T10
2025-09-01 10:15:55,226 - scraper.selenium_scraper - INFO - Scraped tournament 14: RAIPUR SILVER PREMIER LEAGUE
2025-09-01 10:15:55,920 - scraper.selenium_scraper - INFO - Scraped tournament 15: ગઢવી પ્રીમીયર લીગ
2025-09-01 10:15:56,604 - scraper.selenium_scraper - INFO - Scraped tournament 16: FRIMA GOLF LEAGUE 2025
2025-09-01 10:15:57,289 - scraper.selenium_scraper - INFO - Scraped tournament 17: SANDALWOOD PREMIER LEAGUE
2025-09-01 10:15:57,972 - scraper.selenium_scraper - INFO - Scraped tournament 18: DDL T10 PREMIER LEAGUE DEVGADH BARIA
2025-09-01 10:15:58,655 - scraper.selenium_scraper - INFO - Scraped tournament 19: Karnataka Rajatha Cup 2025
2025-09-01 10:15:59,343 - scraper.selenium_scraper - INFO - Scraped tournament 20: Sukma premier league season 6
2025-09-01 10:15:59,343 - root - INFO - Successfully scraped 20 tournaments
2025-09-01 10:15:59,343 - root - INFO - Saved scraped data to /home/runner/work/super-player-auction-scraper/super-player-auction-scraper/data/tournament_data_20250901-101559.json
2025-09-01 10:15:59,343 - root - INFO - Initializing Graph API
2025-09-01 10:15:59,344 - excel.graph_api - INFO - Extracted file ID: 9e836ed5-f58f-4dc7-a969-3c62b255f3ea
2025-09-01 10:15:59,344 - excel.graph_api - INFO - Extracted site ID: CorpDevaaf94619130d4a79af9f3aeae502bdb5
2025-09-01 10:15:59,344 - root - INFO - Authenticating with Microsoft Graph API
2025-09-01 10:15:59,820 - excel.graph_api - INFO - Authentication successful
2025-09-01 10:15:59,820 - root - INFO - Updating Excel sheet with scraped data
2025-09-01 10:16:00,051 - excel.graph_api - INFO - Retrieved drive ID: b!MXUqfmBgAkyqAi_g7J1PO_6yKSWnHbZCs3mpe4EkYuX6d8izcdJxRb78S6OW5SIB
2025-09-01 10:16:01,142 - excel.graph_api - INFO - Retrieved 440 rows from Excel
2025-09-01 10:16:01,661 - excel.graph_api - INFO - Updating range A442:M444 with 3 new entries
2025-09-01 10:16:02,470 - excel.graph_api - INFO - Successfully added 3 new tournaments to Excel
2025-09-01 10:16:02,472 - root - INFO - Excel sheet updated successfully
2025-09-01 10:16:02,538 - scraper.selenium_scraper - INFO - Chrome driver closed
2025-09-01 10:16:02,538 - root - INFO - Selenium driver closed
2025-09-01 10:16:02,538 - root - INFO - Script execution completed
