2026-04-15 16:00:23,705 - root - INFO - Logger initialized successfully
2026-04-15 16:00:23,705 - root - INFO - Log file: /home/runner/work/super-player-auction-scraper/super-player-auction-scraper/logs/scraper_20260415_160023.log
2026-04-15 16:00:23,705 - root - INFO - Starting Super Player Auction scraper
2026-04-15 16:00:23,705 - utils.config - INFO - Credentials loaded from environment variables
2026-04-15 16:00:23,705 - utils.config - INFO - Settings loaded successfully
2026-04-15 16:00:23,705 - root - INFO - Initializing Selenium scraper
2026-04-15 16:00:23,705 - scraper.selenium_scraper - INFO - Running in GitHub Actions environment
2026-04-15 16:00:39,035 - scraper.selenium_scraper - INFO - Chrome driver initialized successfully
2026-04-15 16:00:39,035 - root - INFO - Scraping tournament data
2026-04-15 16:00:39,035 - scraper.selenium_scraper - INFO - Starting to scrape tournament data
2026-04-15 16:00:39,993 - scraper.selenium_scraper - INFO - Waiting for page to load...
2026-04-15 16:00:44,999 - scraper.selenium_scraper - INFO - Scrolling to load all auction cards...
2026-04-15 16:00:57,267 - scraper.selenium_scraper - INFO - Saved page screenshot to /home/runner/work/super-player-auction-scraper/super-player-auction-scraper/logs/screenshots/page_loaded_20260415160057.png
2026-04-15 16:00:57,268 - scraper.selenium_scraper - INFO - Looking for auction cards...
2026-04-15 16:00:57,312 - scraper.selenium_scraper - INFO - Found 20 auction cards
2026-04-15 16:00:58,039 - scraper.selenium_scraper - INFO - Scraped tournament 1: Big Daddy League
2026-04-15 16:00:58,877 - scraper.selenium_scraper - INFO - Scraped tournament 2: Vagad Football League 2026
2026-04-15 16:00:59,582 - scraper.selenium_scraper - INFO - Scraped tournament 3: MGPL CRICKET TOURNAMENT
2026-04-15 16:01:00,268 - scraper.selenium_scraper - INFO - Scraped tournament 4: SmashIT v8, 2026
2026-04-15 16:01:00,951 - scraper.selenium_scraper - INFO - Scraped tournament 5: Chhattisgarh Cricket Champions League T20
2026-04-15 16:01:01,635 - scraper.selenium_scraper - INFO - Scraped tournament 6: ROHAT PREMIER LEAGUE
2026-04-15 16:01:02,324 - scraper.selenium_scraper - INFO - Scraped tournament 7: SUPER FOOTBALL CHAMPIONSHIP
2026-04-15 16:01:03,006 - scraper.selenium_scraper - INFO - Scraped tournament 8: Auction Demo Jodi
2026-04-15 16:01:03,688 - scraper.selenium_scraper - INFO - Scraped tournament 9: Super Cricket League
2026-04-15 16:01:04,369 - scraper.selenium_scraper - INFO - Scraped tournament 10: SIKAR PREMIER LEAGUE 2025
2026-04-15 16:01:05,058 - scraper.selenium_scraper - INFO - Scraped tournament 11: BJP
2026-04-15 16:01:05,740 - scraper.selenium_scraper - INFO - Scraped tournament 12: SUPER LEAGUE GROUP
2026-04-15 16:01:06,421 - scraper.selenium_scraper - INFO - Scraped tournament 13: SUPER CRICKET LEAGUE
2026-04-15 16:01:07,102 - scraper.selenium_scraper - INFO - Scraped tournament 14: PANTHERS CUP
2026-04-15 16:01:07,788 - scraper.selenium_scraper - INFO - Scraped tournament 15: Ador Premier League Season 6
2026-04-15 16:01:08,485 - scraper.selenium_scraper - INFO - Scraped tournament 16: UKPL 2026
2026-04-15 16:01:09,175 - scraper.selenium_scraper - INFO - Scraped tournament 17: Gaon Premier League 2026 Season 7
2026-04-15 16:01:09,856 - scraper.selenium_scraper - INFO - Scraped tournament 18: Mohba Bazar Premier League Season 14
2026-04-15 16:01:10,543 - scraper.selenium_scraper - INFO - Scraped tournament 19: Rohtak Cricket League
2026-04-15 16:01:11,232 - scraper.selenium_scraper - INFO - Scraped tournament 20: Beyond Boundaries
2026-04-15 16:01:11,232 - root - INFO - Successfully scraped 20 tournaments
2026-04-15 16:01:11,232 - root - INFO - Saved scraped data to /home/runner/work/super-player-auction-scraper/super-player-auction-scraper/data/tournament_data_20260415-160111.json
2026-04-15 16:01:11,232 - root - INFO - Initializing Graph API
2026-04-15 16:01:11,233 - excel.graph_api - INFO - Extracted file ID: 9e836ed5-f58f-4dc7-a969-3c62b255f3ea
2026-04-15 16:01:11,233 - excel.graph_api - INFO - Extracted site ID: CorpDevaaf94619130d4a79af9f3aeae502bdb5
2026-04-15 16:01:11,233 - root - INFO - Authenticating with Microsoft Graph API
2026-04-15 16:01:11,659 - excel.graph_api - INFO - Authentication successful
2026-04-15 16:01:11,659 - root - INFO - Updating Excel sheet with scraped data
2026-04-15 16:01:12,052 - excel.graph_api - INFO - Retrieved drive ID: b!MXUqfmBgAkyqAi_g7J1PO_6yKSWnHbZCs3mpe4EkYuX6d8izcdJxRb78S6OW5SIB
2026-04-15 16:01:17,484 - excel.graph_api - INFO - Retrieved 1480 rows from Excel
2026-04-15 16:01:22,750 - excel.graph_api - INFO - No new tournaments to add
2026-04-15 16:01:22,752 - root - INFO - Excel sheet updated successfully
2026-04-15 16:01:22,828 - scraper.selenium_scraper - INFO - Chrome driver closed
2026-04-15 16:01:22,828 - root - INFO - Selenium driver closed
2026-04-15 16:01:22,828 - root - INFO - Script execution completed
