2026-03-04 10:29:16,443 - root - INFO - Logger initialized successfully
2026-03-04 10:29:16,443 - root - INFO - Log file: /home/runner/work/super-player-auction-scraper/super-player-auction-scraper/logs/scraper_20260304_102916.log
2026-03-04 10:29:16,443 - root - INFO - Starting Super Player Auction scraper
2026-03-04 10:29:16,443 - utils.config - INFO - Credentials loaded from environment variables
2026-03-04 10:29:16,443 - utils.config - INFO - Settings loaded successfully
2026-03-04 10:29:16,443 - root - INFO - Initializing Selenium scraper
2026-03-04 10:29:16,444 - scraper.selenium_scraper - INFO - Running in GitHub Actions environment
2026-03-04 10:29:24,233 - scraper.selenium_scraper - INFO - Chrome driver initialized successfully
2026-03-04 10:29:24,233 - root - INFO - Scraping tournament data
2026-03-04 10:29:24,233 - scraper.selenium_scraper - INFO - Starting to scrape tournament data
2026-03-04 10:29:25,020 - scraper.selenium_scraper - INFO - Waiting for page to load...
2026-03-04 10:29:30,025 - scraper.selenium_scraper - INFO - Scrolling to load all auction cards...
2026-03-04 10:29:42,158 - scraper.selenium_scraper - INFO - Saved page screenshot to /home/runner/work/super-player-auction-scraper/super-player-auction-scraper/logs/screenshots/page_loaded_20260304102942.png
2026-03-04 10:29:42,158 - scraper.selenium_scraper - INFO - Looking for auction cards...
2026-03-04 10:29:42,182 - scraper.selenium_scraper - INFO - Found 20 auction cards
2026-03-04 10:29:42,901 - scraper.selenium_scraper - INFO - Scraped tournament 1: Hind Sporting Premier League
2026-03-04 10:29:43,636 - scraper.selenium_scraper - INFO - Scraped tournament 2: RELIANCE SPL 2026
2026-03-04 10:29:44,324 - scraper.selenium_scraper - INFO - Scraped tournament 3: MCPL 2026
2026-03-04 10:29:45,014 - scraper.selenium_scraper - INFO - Scraped tournament 4: NOTANDAS PREMIER LEAGUE (NPL)
2026-03-04 10:29:45,705 - scraper.selenium_scraper - INFO - Scraped tournament 5: SIKAR PREMIER LEAGUE 2025
2026-03-04 10:29:46,405 - scraper.selenium_scraper - INFO - Scraped tournament 6: ROHAT PREMIER LEAGUE
2026-03-04 10:29:47,098 - scraper.selenium_scraper - INFO - Scraped tournament 7: SUPER FOOTBALL CHAMPIONSHIP
2026-03-04 10:29:47,793 - scraper.selenium_scraper - INFO - Scraped tournament 8: REPUBLIC CUP 2.0
2026-03-04 10:29:48,481 - scraper.selenium_scraper - INFO - Scraped tournament 9: NPL
2026-03-04 10:29:49,170 - scraper.selenium_scraper - INFO - Scraped tournament 10: BJP
2026-03-04 10:29:49,862 - scraper.selenium_scraper - INFO - Scraped tournament 11: SUPER CRICKRT LEAGUE - MAHIPAL
2026-03-04 10:29:50,545 - scraper.selenium_scraper - INFO - Scraped tournament 12: Ichapuram Premier League Organized By ICC
2026-03-04 10:29:51,236 - scraper.selenium_scraper - INFO - Scraped tournament 13: Mewad Keshari Premier League
2026-03-04 10:29:51,923 - scraper.selenium_scraper - INFO - Scraped tournament 14: Maharashtra Doctor Vollyball League
2026-03-04 10:29:52,612 - scraper.selenium_scraper - INFO - Scraped tournament 15: JITO CRICKET LEAGUE 3.0
2026-03-04 10:29:53,299 - scraper.selenium_scraper - INFO - Scraped tournament 16: TMCC T10 Cricket Tournament 9th Edition
2026-03-04 10:29:53,986 - scraper.selenium_scraper - INFO - Scraped tournament 17: PRAHAR PREMIER LEAGUE 2026
2026-03-04 10:29:54,675 - scraper.selenium_scraper - INFO - Scraped tournament 18: WINNERS PREMIER LEAGUE, AYYAMPUZHA, SEASON 5
2026-03-04 10:29:55,368 - scraper.selenium_scraper - INFO - Scraped tournament 19: SUMMER SUPER LEAGUE SEASON-2
2026-03-04 10:29:56,056 - scraper.selenium_scraper - INFO - Scraped tournament 20: WANTRAG PREMIER LEAGUE
2026-03-04 10:29:56,056 - root - INFO - Successfully scraped 20 tournaments
2026-03-04 10:29:56,057 - root - INFO - Saved scraped data to /home/runner/work/super-player-auction-scraper/super-player-auction-scraper/data/tournament_data_20260304-102956.json
2026-03-04 10:29:56,057 - root - INFO - Initializing Graph API
2026-03-04 10:29:56,057 - excel.graph_api - INFO - Extracted file ID: 9e836ed5-f58f-4dc7-a969-3c62b255f3ea
2026-03-04 10:29:56,057 - excel.graph_api - INFO - Extracted site ID: CorpDevaaf94619130d4a79af9f3aeae502bdb5
2026-03-04 10:29:56,057 - root - INFO - Authenticating with Microsoft Graph API
2026-03-04 10:29:56,482 - excel.graph_api - INFO - Authentication successful
2026-03-04 10:29:56,482 - root - INFO - Updating Excel sheet with scraped data
2026-03-04 10:29:57,418 - excel.graph_api - INFO - Retrieved drive ID: b!MXUqfmBgAkyqAi_g7J1PO_6yKSWnHbZCs3mpe4EkYuX6d8izcdJxRb78S6OW5SIB
2026-03-04 10:29:59,407 - excel.graph_api - INFO - Retrieved 1301 rows from Excel
2026-03-04 10:30:00,859 - excel.graph_api - INFO - Updating range A1303:M1303 with 1 new entries
2026-03-04 10:30:02,576 - excel.graph_api - INFO - Successfully added 1 new tournaments to Excel
2026-03-04 10:30:02,577 - root - INFO - Excel sheet updated successfully
2026-03-04 10:30:02,655 - scraper.selenium_scraper - INFO - Chrome driver closed
2026-03-04 10:30:02,655 - root - INFO - Selenium driver closed
2026-03-04 10:30:02,655 - root - INFO - Script execution completed
