2026-02-12 10:37:52,688 - root - INFO - Logger initialized successfully
2026-02-12 10:37:52,688 - root - INFO - Log file: /home/runner/work/super-player-auction-scraper/super-player-auction-scraper/logs/scraper_20260212_103752.log
2026-02-12 10:37:52,688 - root - INFO - Starting Super Player Auction scraper
2026-02-12 10:37:52,688 - utils.config - INFO - Credentials loaded from environment variables
2026-02-12 10:37:52,688 - utils.config - INFO - Settings loaded successfully
2026-02-12 10:37:52,688 - root - INFO - Initializing Selenium scraper
2026-02-12 10:37:52,689 - scraper.selenium_scraper - INFO - Running in GitHub Actions environment
2026-02-12 10:37:53,090 - selenium.webdriver.common.selenium_manager - WARNING - The chromedriver version (144.0.7559.109) detected in PATH at /usr/bin/chromedriver might not be compatible with the detected chrome version (144.0.7559.109); currently, chromedriver 144.0.7559.133 is recommended for chrome 144.*, so it is advised to delete the driver in PATH and retry
2026-02-12 10:37:57,620 - scraper.selenium_scraper - INFO - Chrome driver initialized successfully
2026-02-12 10:37:57,620 - root - INFO - Scraping tournament data
2026-02-12 10:37:57,620 - scraper.selenium_scraper - INFO - Starting to scrape tournament data
2026-02-12 10:37:58,354 - scraper.selenium_scraper - INFO - Waiting for page to load...
2026-02-12 10:38:03,356 - scraper.selenium_scraper - INFO - Scrolling to load all auction cards...
2026-02-12 10:38:15,484 - scraper.selenium_scraper - INFO - Saved page screenshot to /home/runner/work/super-player-auction-scraper/super-player-auction-scraper/logs/screenshots/page_loaded_20260212103815.png
2026-02-12 10:38:15,484 - scraper.selenium_scraper - INFO - Looking for auction cards...
2026-02-12 10:38:15,508 - scraper.selenium_scraper - INFO - Found 20 auction cards
2026-02-12 10:38:16,255 - scraper.selenium_scraper - INFO - Scraped tournament 1: Slough Family League
2026-02-12 10:38:17,009 - scraper.selenium_scraper - INFO - Scraped tournament 2: Indonesian Cricket League 2026
2026-02-12 10:38:17,720 - scraper.selenium_scraper - INFO - Scraped tournament 3: Tamil Nadu Champions League Season-2
2026-02-12 10:38:18,436 - scraper.selenium_scraper - INFO - Scraped tournament 4: SPL SEASON 4
2026-02-12 10:38:19,142 - scraper.selenium_scraper - INFO - Scraped tournament 5: PINS AND PADDLES
2026-02-12 10:38:19,853 - scraper.selenium_scraper - INFO - Scraped tournament 6: SUBIC SRILANKAN PREMIER LEAGUE - SEASON 4 - 2026
2026-02-12 10:38:20,572 - scraper.selenium_scraper - INFO - Scraped tournament 7: Calicut premier league Qatar
2026-02-12 10:38:21,278 - scraper.selenium_scraper - INFO - Scraped tournament 8: PH2 Cricket League
2026-02-12 10:38:21,991 - scraper.selenium_scraper - INFO - Scraped tournament 9: KEYSTONE SMART GLASS MCL - 7
2026-02-12 10:38:22,698 - scraper.selenium_scraper - INFO - Scraped tournament 10: Marquise Premier League Season 5
2026-02-12 10:38:23,408 - scraper.selenium_scraper - INFO - Scraped tournament 11: Bhaskar Premier League Season 9
2026-02-12 10:38:24,127 - scraper.selenium_scraper - INFO - Scraped tournament 12: SRPL 2026
2026-02-12 10:38:24,840 - scraper.selenium_scraper - INFO - Scraped tournament 13: Hind Sporting Premier League
2026-02-12 10:38:25,542 - scraper.selenium_scraper - INFO - Scraped tournament 14: RELIANCE SPL 2026
2026-02-12 10:38:26,254 - scraper.selenium_scraper - INFO - Scraped tournament 15: MCPL 2026
2026-02-12 10:38:26,962 - scraper.selenium_scraper - INFO - Scraped tournament 16: SIKAR PREMIER LEAGUE 2025
2026-02-12 10:38:27,674 - scraper.selenium_scraper - INFO - Scraped tournament 17: NPL
2026-02-12 10:38:28,391 - scraper.selenium_scraper - INFO - Scraped tournament 18: BJP
2026-02-12 10:38:29,101 - scraper.selenium_scraper - INFO - Scraped tournament 19: QIFF EASAKA MEMORIAL 7S FOOTBALL TOURNAMENT
2026-02-12 10:38:29,821 - scraper.selenium_scraper - INFO - Scraped tournament 20: JPL Season - 1st
2026-02-12 10:38:29,821 - root - INFO - Successfully scraped 20 tournaments
2026-02-12 10:38:29,822 - root - INFO - Saved scraped data to /home/runner/work/super-player-auction-scraper/super-player-auction-scraper/data/tournament_data_20260212-103829.json
2026-02-12 10:38:29,822 - root - INFO - Initializing Graph API
2026-02-12 10:38:29,823 - excel.graph_api - INFO - Extracted file ID: 9e836ed5-f58f-4dc7-a969-3c62b255f3ea
2026-02-12 10:38:29,823 - excel.graph_api - INFO - Extracted site ID: CorpDevaaf94619130d4a79af9f3aeae502bdb5
2026-02-12 10:38:29,823 - root - INFO - Authenticating with Microsoft Graph API
2026-02-12 10:38:30,019 - excel.graph_api - INFO - Authentication successful
2026-02-12 10:38:30,019 - root - INFO - Updating Excel sheet with scraped data
2026-02-12 10:38:30,688 - excel.graph_api - INFO - Retrieved drive ID: b!MXUqfmBgAkyqAi_g7J1PO_6yKSWnHbZCs3mpe4EkYuX6d8izcdJxRb78S6OW5SIB
2026-02-12 10:38:32,853 - excel.graph_api - INFO - Retrieved 1215 rows from Excel
2026-02-12 10:38:34,217 - excel.graph_api - INFO - Updating range A1217:M1218 with 2 new entries
2026-02-12 10:38:35,626 - excel.graph_api - INFO - Successfully added 2 new tournaments to Excel
2026-02-12 10:38:35,627 - root - INFO - Excel sheet updated successfully
2026-02-12 10:38:35,706 - scraper.selenium_scraper - INFO - Chrome driver closed
2026-02-12 10:38:35,706 - root - INFO - Selenium driver closed
2026-02-12 10:38:35,706 - root - INFO - Script execution completed
