2025-10-18 15:11:08,838 - root - INFO - Logger initialized successfully
2025-10-18 15:11:08,839 - root - INFO - Log file: /home/runner/work/super-player-auction-scraper/super-player-auction-scraper/logs/scraper_20251018_151108.log
2025-10-18 15:11:08,839 - root - INFO - Starting Super Player Auction scraper
2025-10-18 15:11:08,839 - utils.config - INFO - Credentials loaded from environment variables
2025-10-18 15:11:08,839 - utils.config - INFO - Settings loaded successfully
2025-10-18 15:11:08,839 - root - INFO - Initializing Selenium scraper
2025-10-18 15:11:08,839 - scraper.selenium_scraper - INFO - Running in GitHub Actions environment
2025-10-18 15:11:17,865 - scraper.selenium_scraper - INFO - Chrome driver initialized successfully
2025-10-18 15:11:17,865 - root - INFO - Scraping tournament data
2025-10-18 15:11:17,865 - scraper.selenium_scraper - INFO - Starting to scrape tournament data
2025-10-18 15:11:18,599 - scraper.selenium_scraper - INFO - Waiting for page to load...
2025-10-18 15:11:23,604 - scraper.selenium_scraper - INFO - Scrolling to load all auction cards...
2025-10-18 15:11:35,724 - scraper.selenium_scraper - INFO - Saved page screenshot to /home/runner/work/super-player-auction-scraper/super-player-auction-scraper/logs/screenshots/page_loaded_20251018151135.png
2025-10-18 15:11:35,725 - scraper.selenium_scraper - INFO - Looking for auction cards...
2025-10-18 15:11:35,751 - scraper.selenium_scraper - INFO - Found 20 auction cards
2025-10-18 15:11:36,487 - scraper.selenium_scraper - INFO - Scraped tournament 1: TRIVANDRUM CRICKET LEAGUE CHAPTER-1
2025-10-18 15:11:37,172 - scraper.selenium_scraper - INFO - Scraped tournament 2: Clash Of Racquets
2025-10-18 15:11:37,856 - scraper.selenium_scraper - INFO - Scraped tournament 3: KASRODIANS PREMIER LEAGUE SEASON -5
2025-10-18 15:11:38,541 - scraper.selenium_scraper - INFO - Scraped tournament 4: Dambab Premier League 2025
2025-10-18 15:11:39,220 - scraper.selenium_scraper - INFO - Scraped tournament 5: DDS PREMIER LEAGUE SEASON 3
2025-10-18 15:11:39,906 - scraper.selenium_scraper - INFO - Scraped tournament 6: Goan Premier League 2025
2025-10-18 15:11:40,590 - scraper.selenium_scraper - INFO - Scraped tournament 7: MALKANGIRI PREMIER LEAGUE - 2025
2025-10-18 15:11:41,271 - scraper.selenium_scraper - INFO - Scraped tournament 8: ADVOCATE PREMIER LEAGUE - 2025
2025-10-18 15:11:41,950 - scraper.selenium_scraper - INFO - Scraped tournament 9: Hoysala Intra Squad
2025-10-18 15:11:42,631 - scraper.selenium_scraper - INFO - Scraped tournament 10: SUPER 100
2025-10-18 15:11:43,319 - scraper.selenium_scraper - INFO - Scraped tournament 11: KOSAMTARRA PREMIER LEAGUE-3
2025-10-18 15:11:44,001 - scraper.selenium_scraper - INFO - Scraped tournament 12: Kumbhar Premier league
2025-10-18 15:11:44,679 - scraper.selenium_scraper - INFO - Scraped tournament 13: KSPL 4
2025-10-18 15:11:45,361 - scraper.selenium_scraper - INFO - Scraped tournament 14: Ador Premier League Season 6
2025-10-18 15:11:46,043 - scraper.selenium_scraper - INFO - Scraped tournament 15: LEATHERHEAD PREMIER LEAGUE 3.0
2025-10-18 15:11:46,725 - scraper.selenium_scraper - INFO - Scraped tournament 16: QIFF Easaka Memorial 7s Football Tournament
2025-10-18 15:11:47,416 - scraper.selenium_scraper - INFO - Scraped tournament 17: TTSL Northeast
2025-10-18 15:11:48,095 - scraper.selenium_scraper - INFO - Scraped tournament 18: KADUGODI PREMIER LEAGUE SEASON -6
2025-10-18 15:11:48,785 - scraper.selenium_scraper - INFO - Scraped tournament 19: NORTH INDIA CORPORATE CRICKET LEAGUE SEASON 1
2025-10-18 15:11:49,468 - scraper.selenium_scraper - INFO - Scraped tournament 20: Pathanamthitta Cricket League
2025-10-18 15:11:49,468 - root - INFO - Successfully scraped 20 tournaments
2025-10-18 15:11:49,469 - root - INFO - Saved scraped data to /home/runner/work/super-player-auction-scraper/super-player-auction-scraper/data/tournament_data_20251018-151149.json
2025-10-18 15:11:49,469 - root - INFO - Initializing Graph API
2025-10-18 15:11:49,469 - excel.graph_api - INFO - Extracted file ID: 9e836ed5-f58f-4dc7-a969-3c62b255f3ea
2025-10-18 15:11:49,469 - excel.graph_api - INFO - Extracted site ID: CorpDevaaf94619130d4a79af9f3aeae502bdb5
2025-10-18 15:11:49,469 - root - INFO - Authenticating with Microsoft Graph API
2025-10-18 15:11:49,839 - excel.graph_api - INFO - Authentication successful
2025-10-18 15:11:49,839 - root - INFO - Updating Excel sheet with scraped data
2025-10-18 15:11:50,295 - excel.graph_api - INFO - Retrieved drive ID: b!MXUqfmBgAkyqAi_g7J1PO_6yKSWnHbZCs3mpe4EkYuX6d8izcdJxRb78S6OW5SIB
2025-10-18 15:11:51,955 - excel.graph_api - INFO - Retrieved 648 rows from Excel
2025-10-18 15:11:52,979 - excel.graph_api - INFO - Updating range A650:M650 with 1 new entries
2025-10-18 15:11:54,365 - excel.graph_api - INFO - Successfully added 1 new tournaments to Excel
2025-10-18 15:11:54,366 - root - INFO - Excel sheet updated successfully
2025-10-18 15:11:54,446 - scraper.selenium_scraper - INFO - Chrome driver closed
2025-10-18 15:11:54,446 - root - INFO - Selenium driver closed
2025-10-18 15:11:54,446 - root - INFO - Script execution completed
