2026-02-26 10:38:37,436 - root - INFO - Logger initialized successfully
2026-02-26 10:38:37,436 - root - INFO - Log file: /home/runner/work/super-player-auction-scraper/super-player-auction-scraper/logs/scraper_20260226_103837.log
2026-02-26 10:38:37,436 - root - INFO - Starting Super Player Auction scraper
2026-02-26 10:38:37,436 - utils.config - INFO - Credentials loaded from environment variables
2026-02-26 10:38:37,436 - utils.config - INFO - Settings loaded successfully
2026-02-26 10:38:37,436 - root - INFO - Initializing Selenium scraper
2026-02-26 10:38:37,436 - scraper.selenium_scraper - INFO - Running in GitHub Actions environment
2026-02-26 10:38:46,975 - scraper.selenium_scraper - INFO - Chrome driver initialized successfully
2026-02-26 10:38:46,975 - root - INFO - Scraping tournament data
2026-02-26 10:38:46,975 - scraper.selenium_scraper - INFO - Starting to scrape tournament data
2026-02-26 10:38:47,787 - scraper.selenium_scraper - INFO - Waiting for page to load...
2026-02-26 10:38:52,792 - scraper.selenium_scraper - INFO - Scrolling to load all auction cards...
2026-02-26 10:39:04,964 - scraper.selenium_scraper - INFO - Saved page screenshot to /home/runner/work/super-player-auction-scraper/super-player-auction-scraper/logs/screenshots/page_loaded_20260226103904.png
2026-02-26 10:39:04,964 - scraper.selenium_scraper - INFO - Looking for auction cards...
2026-02-26 10:39:05,001 - scraper.selenium_scraper - INFO - Found 20 auction cards
2026-02-26 10:39:05,750 - scraper.selenium_scraper - INFO - Scraped tournament 1: SUPER FOOTBALL CHAMPIONSHIP
2026-02-26 10:39:06,543 - scraper.selenium_scraper - INFO - Scraped tournament 2: Evoq Premier League - Season 3 - Male
2026-02-26 10:39:07,263 - scraper.selenium_scraper - INFO - Scraped tournament 3: Evoq Premier League - Season 3 - Female
2026-02-26 10:39:07,988 - scraper.selenium_scraper - INFO - Scraped tournament 4: RELIANCE SPL 2026
2026-02-26 10:39:08,706 - scraper.selenium_scraper - INFO - Scraped tournament 5: MCPL 2026
2026-02-26 10:39:09,422 - scraper.selenium_scraper - INFO - Scraped tournament 6: KASROTTAR FOOTBALL
2026-02-26 10:39:10,148 - scraper.selenium_scraper - INFO - Scraped tournament 7: SIKAR PREMIER LEAGUE 2025
2026-02-26 10:39:10,872 - scraper.selenium_scraper - INFO - Scraped tournament 8: ROHAT PREMIER LEAGUE
2026-02-26 10:39:11,596 - scraper.selenium_scraper - INFO - Scraped tournament 9: REPUBLIC CUP 2.0
2026-02-26 10:39:12,316 - scraper.selenium_scraper - INFO - Scraped tournament 10: NPL
2026-02-26 10:39:13,022 - scraper.selenium_scraper - INFO - Scraped tournament 11: BJP
2026-02-26 10:39:13,740 - scraper.selenium_scraper - INFO - Scraped tournament 12: SUPER CRICKRT LEAGUE - MAHIPAL
2026-02-26 10:39:14,461 - scraper.selenium_scraper - INFO - Scraped tournament 13: Player Draft Demo
2026-02-26 10:39:15,174 - scraper.selenium_scraper - INFO - Scraped tournament 14: Sanvordem VollyBall League 2026
2026-02-26 10:39:15,903 - scraper.selenium_scraper - INFO - Scraped tournament 15: new auction
2026-02-26 10:39:16,624 - scraper.selenium_scraper - INFO - Scraped tournament 16: OZONE TENNIS LEAGUE
2026-02-26 10:39:17,346 - scraper.selenium_scraper - INFO - Scraped tournament 17: MEWAD JAIN PREMIER LEAGUE
2026-02-26 10:39:18,083 - scraper.selenium_scraper - INFO - Scraped tournament 18: BHORINGDA PREMIER LEAGUE
2026-02-26 10:39:18,801 - scraper.selenium_scraper - INFO - Scraped tournament 19: Kalkere Panchayat Premier League 01
2026-02-26 10:39:19,516 - scraper.selenium_scraper - INFO - Scraped tournament 20: FEARLESS FIGHTERS CRICKET PREMIER LEAGUE.
2026-02-26 10:39:19,517 - root - INFO - Successfully scraped 20 tournaments
2026-02-26 10:39:19,517 - root - INFO - Saved scraped data to /home/runner/work/super-player-auction-scraper/super-player-auction-scraper/data/tournament_data_20260226-103919.json
2026-02-26 10:39:19,517 - root - INFO - Initializing Graph API
2026-02-26 10:39:19,518 - excel.graph_api - INFO - Extracted file ID: 9e836ed5-f58f-4dc7-a969-3c62b255f3ea
2026-02-26 10:39:19,518 - excel.graph_api - INFO - Extracted site ID: CorpDevaaf94619130d4a79af9f3aeae502bdb5
2026-02-26 10:39:19,518 - root - INFO - Authenticating with Microsoft Graph API
2026-02-26 10:39:19,688 - excel.graph_api - INFO - Authentication successful
2026-02-26 10:39:19,688 - root - INFO - Updating Excel sheet with scraped data
2026-02-26 10:39:20,111 - excel.graph_api - INFO - Retrieved drive ID: b!MXUqfmBgAkyqAi_g7J1PO_6yKSWnHbZCs3mpe4EkYuX6d8izcdJxRb78S6OW5SIB
2026-02-26 10:39:21,270 - excel.graph_api - INFO - Retrieved 1275 rows from Excel
2026-02-26 10:39:22,327 - excel.graph_api - INFO - Updating range A1277:M1277 with 1 new entries
2026-02-26 10:39:23,336 - excel.graph_api - INFO - Successfully added 1 new tournaments to Excel
2026-02-26 10:39:23,338 - root - INFO - Excel sheet updated successfully
2026-02-26 10:39:23,417 - scraper.selenium_scraper - INFO - Chrome driver closed
2026-02-26 10:39:23,418 - root - INFO - Selenium driver closed
2026-02-26 10:39:23,418 - root - INFO - Script execution completed
