2025-10-06 15:13:13,060 - root - INFO - Logger initialized successfully
2025-10-06 15:13:13,060 - root - INFO - Log file: /home/runner/work/super-player-auction-scraper/super-player-auction-scraper/logs/scraper_20251006_151313.log
2025-10-06 15:13:13,060 - root - INFO - Starting Super Player Auction scraper
2025-10-06 15:13:13,060 - utils.config - INFO - Credentials loaded from environment variables
2025-10-06 15:13:13,060 - utils.config - INFO - Settings loaded successfully
2025-10-06 15:13:13,060 - root - INFO - Initializing Selenium scraper
2025-10-06 15:13:13,060 - scraper.selenium_scraper - INFO - Running in GitHub Actions environment
2025-10-06 15:13:19,847 - scraper.selenium_scraper - INFO - Chrome driver initialized successfully
2025-10-06 15:13:19,847 - root - INFO - Scraping tournament data
2025-10-06 15:13:19,847 - scraper.selenium_scraper - INFO - Starting to scrape tournament data
2025-10-06 15:13:20,607 - scraper.selenium_scraper - INFO - Waiting for page to load...
2025-10-06 15:13:25,612 - scraper.selenium_scraper - INFO - Scrolling to load all auction cards...
2025-10-06 15:13:37,728 - scraper.selenium_scraper - INFO - Saved page screenshot to /home/runner/work/super-player-auction-scraper/super-player-auction-scraper/logs/screenshots/page_loaded_20251006151337.png
2025-10-06 15:13:37,728 - scraper.selenium_scraper - INFO - Looking for auction cards...
2025-10-06 15:13:37,754 - scraper.selenium_scraper - INFO - Found 20 auction cards
2025-10-06 15:13:38,476 - scraper.selenium_scraper - INFO - Scraped tournament 1: BHAGALPUR CRICKET LEAGUE
2025-10-06 15:13:39,238 - scraper.selenium_scraper - INFO - Scraped tournament 2: THE DTC PREMIER LEAGUE SEASON -5
2025-10-06 15:13:39,923 - scraper.selenium_scraper - INFO - Scraped tournament 3: United Premier League (Father's)
2025-10-06 15:13:40,607 - scraper.selenium_scraper - INFO - Scraped tournament 4: ANCHOR PREMIER LEAGUE - MALE
2025-10-06 15:13:41,290 - scraper.selenium_scraper - INFO - Scraped tournament 5: Pond Premier League - Whispering Palms Season 1
2025-10-06 15:13:41,977 - scraper.selenium_scraper - INFO - Scraped tournament 6: FCCL SEASON 5 MALE
2025-10-06 15:13:42,660 - scraper.selenium_scraper - INFO - Scraped tournament 7: ANCHOR PREMIER LEAGUE - FEMALE
2025-10-06 15:13:43,341 - scraper.selenium_scraper - INFO - Scraped tournament 8: United Premier League Womens
2025-10-06 15:13:44,030 - scraper.selenium_scraper - INFO - Scraped tournament 9: SmashIT v7 2025
2025-10-06 15:13:44,712 - scraper.selenium_scraper - INFO - Scraped tournament 10: KASRODIANS PREMIER LEAGUE SEASON -5
2025-10-06 15:13:45,397 - scraper.selenium_scraper - INFO - Scraped tournament 11: Dambab Premier League 2025
2025-10-06 15:13:46,086 - scraper.selenium_scraper - INFO - Scraped tournament 12: Bengals Winter 2025 Auction
2025-10-06 15:13:46,766 - scraper.selenium_scraper - INFO - Scraped tournament 13: RAJASTHAN CUP SEASON 2
2025-10-06 15:13:47,446 - scraper.selenium_scraper - INFO - Scraped tournament 14: TENNIS PREMIER LEAGUE
2025-10-06 15:13:48,131 - scraper.selenium_scraper - INFO - Scraped tournament 15: HALBITOLA PREMIER LEAGUE-3
2025-10-06 15:13:48,810 - scraper.selenium_scraper - INFO - Scraped tournament 16: Ador Premier League Season 6
2025-10-06 15:13:49,503 - scraper.selenium_scraper - INFO - Scraped tournament 17: FRIENDS CRICKET PREMIER LEAGUE SEASON-3
2025-10-06 15:13:50,185 - scraper.selenium_scraper - INFO - Scraped tournament 18: VPL 2.0
2025-10-06 15:13:50,865 - scraper.selenium_scraper - INFO - Scraped tournament 19: PUSHKARNA PREMIER LEAGUE
2025-10-06 15:13:51,554 - scraper.selenium_scraper - INFO - Scraped tournament 20: KATEEL PREMIER LEAGUE 2025
2025-10-06 15:13:51,554 - root - INFO - Successfully scraped 20 tournaments
2025-10-06 15:13:51,555 - root - INFO - Saved scraped data to /home/runner/work/super-player-auction-scraper/super-player-auction-scraper/data/tournament_data_20251006-151351.json
2025-10-06 15:13:51,555 - root - INFO - Initializing Graph API
2025-10-06 15:13:51,555 - excel.graph_api - INFO - Extracted file ID: 9e836ed5-f58f-4dc7-a969-3c62b255f3ea
2025-10-06 15:13:51,556 - excel.graph_api - INFO - Extracted site ID: CorpDevaaf94619130d4a79af9f3aeae502bdb5
2025-10-06 15:13:51,556 - root - INFO - Authenticating with Microsoft Graph API
2025-10-06 15:13:51,923 - excel.graph_api - INFO - Authentication successful
2025-10-06 15:13:51,924 - root - INFO - Updating Excel sheet with scraped data
2025-10-06 15:13:52,360 - excel.graph_api - INFO - Retrieved drive ID: b!MXUqfmBgAkyqAi_g7J1PO_6yKSWnHbZCs3mpe4EkYuX6d8izcdJxRb78S6OW5SIB
2025-10-06 15:13:53,853 - excel.graph_api - INFO - Retrieved 596 rows from Excel
2025-10-06 15:13:54,870 - excel.graph_api - INFO - Updating range A598:M598 with 1 new entries
2025-10-06 15:13:57,016 - excel.graph_api - INFO - Successfully added 1 new tournaments to Excel
2025-10-06 15:13:57,018 - root - INFO - Excel sheet updated successfully
2025-10-06 15:13:57,086 - scraper.selenium_scraper - INFO - Chrome driver closed
2025-10-06 15:13:57,086 - root - INFO - Selenium driver closed
2025-10-06 15:13:57,086 - root - INFO - Script execution completed
