2025-11-17 10:16:29,956 - root - INFO - Logger initialized successfully
2025-11-17 10:16:29,956 - root - INFO - Log file: /home/runner/work/super-player-auction-scraper/super-player-auction-scraper/logs/scraper_20251117_101629.log
2025-11-17 10:16:29,956 - root - INFO - Starting Super Player Auction scraper
2025-11-17 10:16:29,956 - utils.config - INFO - Credentials loaded from environment variables
2025-11-17 10:16:29,957 - utils.config - INFO - Settings loaded successfully
2025-11-17 10:16:29,957 - root - INFO - Initializing Selenium scraper
2025-11-17 10:16:29,957 - scraper.selenium_scraper - INFO - Running in GitHub Actions environment
2025-11-17 10:16:35,253 - scraper.selenium_scraper - INFO - Chrome driver initialized successfully
2025-11-17 10:16:35,253 - root - INFO - Scraping tournament data
2025-11-17 10:16:35,253 - scraper.selenium_scraper - INFO - Starting to scrape tournament data
2025-11-17 10:16:36,310 - scraper.selenium_scraper - INFO - Waiting for page to load...
2025-11-17 10:16:41,315 - scraper.selenium_scraper - INFO - Scrolling to load all auction cards...
2025-11-17 10:16:53,453 - scraper.selenium_scraper - INFO - Saved page screenshot to /home/runner/work/super-player-auction-scraper/super-player-auction-scraper/logs/screenshots/page_loaded_20251117101653.png
2025-11-17 10:16:53,453 - scraper.selenium_scraper - INFO - Looking for auction cards...
2025-11-17 10:16:53,480 - scraper.selenium_scraper - INFO - Found 20 auction cards
2025-11-17 10:16:54,205 - scraper.selenium_scraper - INFO - Scraped tournament 1: Trivandrum Premier League - 5
2025-11-17 10:16:54,918 - scraper.selenium_scraper - INFO - Scraped tournament 2: Sind Society Premier League 8.0
2025-11-17 10:16:55,608 - scraper.selenium_scraper - INFO - Scraped tournament 3: TenX Premier League - Season 3 (KIDS)
2025-11-17 10:16:56,300 - scraper.selenium_scraper - INFO - Scraped tournament 4: TNPL PREMIER LEAGUE SEASON 4
2025-11-17 10:16:56,987 - scraper.selenium_scraper - INFO - Scraped tournament 5: TenX Premier League - Season 3 (MENS 17+)
2025-11-17 10:16:57,676 - scraper.selenium_scraper - INFO - Scraped tournament 6: TenX Premier League - Season 3 (MENS 40+)
2025-11-17 10:16:58,365 - scraper.selenium_scraper - INFO - Scraped tournament 7: TenX Premier League - Season 3 (WOMENS 17+)
2025-11-17 10:16:59,052 - scraper.selenium_scraper - INFO - Scraped tournament 8: Arjun DEMO
2025-11-17 10:16:59,755 - scraper.selenium_scraper - INFO - Scraped tournament 9: ABSA BUNTS CUP 4TH EDITION
2025-11-17 10:17:00,451 - scraper.selenium_scraper - INFO - Scraped tournament 10: Bhatkal Premier League - 2026
2025-11-17 10:17:01,140 - scraper.selenium_scraper - INFO - Scraped tournament 11: CCL 2.0 PREMIER LEAGUE SEASON 1
2025-11-17 10:17:01,826 - scraper.selenium_scraper - INFO - Scraped tournament 12: Delta Football League
2025-11-17 10:17:02,514 - scraper.selenium_scraper - INFO - Scraped tournament 13: MAA SHITLA CUP CHHURA 2025
2025-11-17 10:17:03,200 - scraper.selenium_scraper - INFO - Scraped tournament 14: Daivadnya premier league(DPL) Season 2
2025-11-17 10:17:03,887 - scraper.selenium_scraper - INFO - Scraped tournament 15: Pirawa Premier League
2025-11-17 10:17:04,575 - scraper.selenium_scraper - INFO - Scraped tournament 16: THOUCENTRIC BADMINTON CHAMPIONS 2026
2025-11-17 10:17:05,264 - scraper.selenium_scraper - INFO - Scraped tournament 17: BENARAS CLUB BASKETBALL TOURNAMENT
2025-11-17 10:17:05,955 - scraper.selenium_scraper - INFO - Scraped tournament 18: APL LEAGUE OF LEGENDS
2025-11-17 10:17:06,640 - scraper.selenium_scraper - INFO - Scraped tournament 19: JPL-season-1
2025-11-17 10:17:07,327 - scraper.selenium_scraper - INFO - Scraped tournament 20: TUNGESHWARI CUP SEASON - 1
2025-11-17 10:17:07,327 - root - INFO - Successfully scraped 20 tournaments
2025-11-17 10:17:07,328 - root - INFO - Saved scraped data to /home/runner/work/super-player-auction-scraper/super-player-auction-scraper/data/tournament_data_20251117-101707.json
2025-11-17 10:17:07,328 - root - INFO - Initializing Graph API
2025-11-17 10:17:07,328 - excel.graph_api - INFO - Extracted file ID: 9e836ed5-f58f-4dc7-a969-3c62b255f3ea
2025-11-17 10:17:07,328 - excel.graph_api - INFO - Extracted site ID: CorpDevaaf94619130d4a79af9f3aeae502bdb5
2025-11-17 10:17:07,328 - root - INFO - Authenticating with Microsoft Graph API
2025-11-17 10:17:07,861 - excel.graph_api - INFO - Authentication successful
2025-11-17 10:17:07,862 - root - INFO - Updating Excel sheet with scraped data
2025-11-17 10:17:08,164 - excel.graph_api - INFO - Retrieved drive ID: b!MXUqfmBgAkyqAi_g7J1PO_6yKSWnHbZCs3mpe4EkYuX6d8izcdJxRb78S6OW5SIB
2025-11-17 10:17:09,322 - excel.graph_api - INFO - Retrieved 770 rows from Excel
2025-11-17 10:17:10,219 - excel.graph_api - INFO - Updating range A772:M773 with 2 new entries
2025-11-17 10:17:12,217 - excel.graph_api - INFO - Successfully added 2 new tournaments to Excel
2025-11-17 10:17:12,218 - root - INFO - Excel sheet updated successfully
2025-11-17 10:17:12,287 - scraper.selenium_scraper - INFO - Chrome driver closed
2025-11-17 10:17:12,287 - root - INFO - Selenium driver closed
2025-11-17 10:17:12,287 - root - INFO - Script execution completed
