2026-02-13 10:33:26,203 - root - INFO - Logger initialized successfully
2026-02-13 10:33:26,203 - root - INFO - Log file: /home/runner/work/super-player-auction-scraper/super-player-auction-scraper/logs/scraper_20260213_103326.log
2026-02-13 10:33:26,203 - root - INFO - Starting Super Player Auction scraper
2026-02-13 10:33:26,203 - utils.config - INFO - Credentials loaded from environment variables
2026-02-13 10:33:26,204 - utils.config - INFO - Settings loaded successfully
2026-02-13 10:33:26,204 - root - INFO - Initializing Selenium scraper
2026-02-13 10:33:26,204 - scraper.selenium_scraper - INFO - Running in GitHub Actions environment
2026-02-13 10:33:40,027 - scraper.selenium_scraper - INFO - Chrome driver initialized successfully
2026-02-13 10:33:40,027 - root - INFO - Scraping tournament data
2026-02-13 10:33:40,027 - scraper.selenium_scraper - INFO - Starting to scrape tournament data
2026-02-13 10:33:41,408 - scraper.selenium_scraper - INFO - Waiting for page to load...
2026-02-13 10:33:46,413 - scraper.selenium_scraper - INFO - Scrolling to load all auction cards...
2026-02-13 10:33:58,627 - scraper.selenium_scraper - INFO - Saved page screenshot to /home/runner/work/super-player-auction-scraper/super-player-auction-scraper/logs/screenshots/page_loaded_20260213103358.png
2026-02-13 10:33:58,627 - scraper.selenium_scraper - INFO - Looking for auction cards...
2026-02-13 10:33:58,658 - scraper.selenium_scraper - INFO - Found 20 auction cards
2026-02-13 10:33:59,383 - scraper.selenium_scraper - INFO - Scraped tournament 1: Tamil Nadu Champions League Season-2
2026-02-13 10:34:00,238 - scraper.selenium_scraper - INFO - Scraped tournament 2: SPL SEASON 4
2026-02-13 10:34:00,931 - scraper.selenium_scraper - INFO - Scraped tournament 3: PINS AND PADDLES
2026-02-13 10:34:01,625 - scraper.selenium_scraper - INFO - Scraped tournament 4: SUBIC SRILANKAN PREMIER LEAGUE - SEASON 4 - 2026
2026-02-13 10:34:02,316 - scraper.selenium_scraper - INFO - Scraped tournament 5: Calicut premier league Qatar
2026-02-13 10:34:03,008 - scraper.selenium_scraper - INFO - Scraped tournament 6: BEARYS PREMIER LEAGUE
2026-02-13 10:34:03,702 - scraper.selenium_scraper - INFO - Scraped tournament 7: PH2 Cricket League
2026-02-13 10:34:04,393 - scraper.selenium_scraper - INFO - Scraped tournament 8: KEYSTONE SMART GLASS MCL - 7
2026-02-13 10:34:05,092 - scraper.selenium_scraper - INFO - Scraped tournament 9: Marquise Premier League Season 5
2026-02-13 10:34:05,787 - scraper.selenium_scraper - INFO - Scraped tournament 10: Cosmo Premiere League 26
2026-02-13 10:34:06,482 - scraper.selenium_scraper - INFO - Scraped tournament 11: SRPL 2026
2026-02-13 10:34:07,173 - scraper.selenium_scraper - INFO - Scraped tournament 12: Hind Sporting Premier League
2026-02-13 10:34:07,864 - scraper.selenium_scraper - INFO - Scraped tournament 13: RELIANCE SPL 2026
2026-02-13 10:34:08,555 - scraper.selenium_scraper - INFO - Scraped tournament 14: MCPL 2026
2026-02-13 10:34:09,248 - scraper.selenium_scraper - INFO - Scraped tournament 15: SIKAR PREMIER LEAGUE 2025
2026-02-13 10:34:09,939 - scraper.selenium_scraper - INFO - Scraped tournament 16: NPL
2026-02-13 10:34:10,633 - scraper.selenium_scraper - INFO - Scraped tournament 17: BJP
2026-02-13 10:34:11,328 - scraper.selenium_scraper - INFO - Scraped tournament 18: SUPER CRICKRT LEAGUE - MAHIPAL
2026-02-13 10:34:12,028 - scraper.selenium_scraper - INFO - Scraped tournament 19: KASROTTAR FOOTBALL
2026-02-13 10:34:12,717 - scraper.selenium_scraper - INFO - Scraped tournament 20: WANTRAG PREMIER LEAGUE
2026-02-13 10:34:12,718 - root - INFO - Successfully scraped 20 tournaments
2026-02-13 10:34:12,718 - root - INFO - Saved scraped data to /home/runner/work/super-player-auction-scraper/super-player-auction-scraper/data/tournament_data_20260213-103412.json
2026-02-13 10:34:12,718 - root - INFO - Initializing Graph API
2026-02-13 10:34:12,719 - excel.graph_api - INFO - Extracted file ID: 9e836ed5-f58f-4dc7-a969-3c62b255f3ea
2026-02-13 10:34:12,719 - excel.graph_api - INFO - Extracted site ID: CorpDevaaf94619130d4a79af9f3aeae502bdb5
2026-02-13 10:34:12,719 - root - INFO - Authenticating with Microsoft Graph API
2026-02-13 10:34:12,985 - excel.graph_api - INFO - Authentication successful
2026-02-13 10:34:12,985 - root - INFO - Updating Excel sheet with scraped data
2026-02-13 10:34:13,489 - excel.graph_api - INFO - Retrieved drive ID: b!MXUqfmBgAkyqAi_g7J1PO_6yKSWnHbZCs3mpe4EkYuX6d8izcdJxRb78S6OW5SIB
2026-02-13 10:34:14,798 - excel.graph_api - INFO - Retrieved 1219 rows from Excel
2026-02-13 10:34:15,730 - excel.graph_api - INFO - Updating range A1221:M1221 with 1 new entries
2026-02-13 10:34:16,661 - excel.graph_api - INFO - Successfully added 1 new tournaments to Excel
2026-02-13 10:34:16,662 - root - INFO - Excel sheet updated successfully
2026-02-13 10:34:16,740 - scraper.selenium_scraper - INFO - Chrome driver closed
2026-02-13 10:34:16,740 - root - INFO - Selenium driver closed
2026-02-13 10:34:16,740 - root - INFO - Script execution completed
