2026-05-05 11:12:29,004 - root - INFO - Logger initialized successfully
2026-05-05 11:12:29,004 - root - INFO - Log file: /home/runner/work/super-player-auction-scraper/super-player-auction-scraper/logs/scraper_20260505_111229.log
2026-05-05 11:12:29,004 - root - INFO - Starting Super Player Auction scraper
2026-05-05 11:12:29,004 - utils.config - INFO - Credentials loaded from environment variables
2026-05-05 11:12:29,005 - utils.config - INFO - Settings loaded successfully
2026-05-05 11:12:29,005 - root - INFO - Initializing Selenium scraper
2026-05-05 11:12:29,005 - scraper.selenium_scraper - INFO - Running in GitHub Actions environment
2026-05-05 11:12:30,309 - selenium.webdriver.common.selenium_manager - WARNING - The chromedriver version (147.0.7727.56) detected in PATH at /usr/bin/chromedriver might not be compatible with the detected chrome version (147.0.7727.55); currently, chromedriver 147.0.7727.117 is recommended for chrome 147.*, so it is advised to delete the driver in PATH and retry
2026-05-05 11:12:34,813 - scraper.selenium_scraper - INFO - Chrome driver initialized successfully
2026-05-05 11:12:34,813 - root - INFO - Scraping tournament data
2026-05-05 11:12:34,813 - scraper.selenium_scraper - INFO - Starting to scrape tournament data
2026-05-05 11:12:35,511 - scraper.selenium_scraper - INFO - Waiting for page to load...
2026-05-05 11:12:40,517 - scraper.selenium_scraper - INFO - Scrolling to load all auction cards...
2026-05-05 11:12:52,640 - scraper.selenium_scraper - INFO - Saved page screenshot to /home/runner/work/super-player-auction-scraper/super-player-auction-scraper/logs/screenshots/page_loaded_20260505111252.png
2026-05-05 11:12:52,640 - scraper.selenium_scraper - INFO - Looking for auction cards...
2026-05-05 11:12:52,662 - scraper.selenium_scraper - INFO - Found 20 auction cards
2026-05-05 11:12:53,385 - scraper.selenium_scraper - INFO - Scraped tournament 1: APL
2026-05-05 11:12:54,113 - scraper.selenium_scraper - INFO - Scraped tournament 2: MANA TENNIS LEAUGE (Season 1)
2026-05-05 11:12:54,798 - scraper.selenium_scraper - INFO - Scraped tournament 3: SPL 3
2026-05-05 11:12:55,488 - scraper.selenium_scraper - INFO - Scraped tournament 4: SCL MANALI
2026-05-05 11:12:56,177 - scraper.selenium_scraper - INFO - Scraped tournament 5: Hariprabodham Cricket League Season 4.0
2026-05-05 11:12:56,866 - scraper.selenium_scraper - INFO - Scraped tournament 6: SUPER FOOTBALL CHAMPIONSHIP
2026-05-05 11:12:57,553 - scraper.selenium_scraper - INFO - Scraped tournament 7: REPUBLIC CUP 2.0
2026-05-05 11:12:58,236 - scraper.selenium_scraper - INFO - Scraped tournament 8: Auction Demo Jodi
2026-05-05 11:12:58,919 - scraper.selenium_scraper - INFO - Scraped tournament 9: Super Cricket League
2026-05-05 11:12:59,603 - scraper.selenium_scraper - INFO - Scraped tournament 10: SIKAR PREMIER LEAGUE 2025
2026-05-05 11:13:00,295 - scraper.selenium_scraper - INFO - Scraped tournament 11: BJP
2026-05-05 11:13:00,978 - scraper.selenium_scraper - INFO - Scraped tournament 12: SUPER LEAGUE GROUP
2026-05-05 11:13:01,661 - scraper.selenium_scraper - INFO - Scraped tournament 13: SUPER CRICKET LEAGUE
2026-05-05 11:13:02,350 - scraper.selenium_scraper - INFO - Scraped tournament 14: KORADI MAHADHULA PREMIER LEAGUE
2026-05-05 11:13:03,033 - scraper.selenium_scraper - INFO - Scraped tournament 15: Jaisalmer Premier League
2026-05-05 11:13:03,718 - scraper.selenium_scraper - INFO - Scraped tournament 16: CHIP & PUTT LEAGUE
2026-05-05 11:13:04,404 - scraper.selenium_scraper - INFO - Scraped tournament 17: राजलदेसर का IPL
2026-05-05 11:13:05,088 - scraper.selenium_scraper - INFO - Scraped tournament 18: SWARNAKAR PREMIER LEAGUE
2026-05-05 11:13:05,779 - scraper.selenium_scraper - INFO - Scraped tournament 19: JYJ PREMIER LEAGUE
2026-05-05 11:13:06,465 - scraper.selenium_scraper - INFO - Scraped tournament 20: WEST WOODS PREMIER LEAGUE 4
2026-05-05 11:13:06,465 - root - INFO - Successfully scraped 20 tournaments
2026-05-05 11:13:06,465 - root - INFO - Saved scraped data to /home/runner/work/super-player-auction-scraper/super-player-auction-scraper/data/tournament_data_20260505-111306.json
2026-05-05 11:13:06,465 - root - INFO - Initializing Graph API
2026-05-05 11:13:06,466 - excel.graph_api - INFO - Extracted file ID: 9e836ed5-f58f-4dc7-a969-3c62b255f3ea
2026-05-05 11:13:06,466 - excel.graph_api - INFO - Extracted site ID: CorpDevaaf94619130d4a79af9f3aeae502bdb5
2026-05-05 11:13:06,466 - root - INFO - Authenticating with Microsoft Graph API
2026-05-05 11:13:06,866 - excel.graph_api - INFO - Authentication successful
2026-05-05 11:13:06,866 - root - INFO - Updating Excel sheet with scraped data
2026-05-05 11:13:07,220 - excel.graph_api - INFO - Retrieved drive ID: b!MXUqfmBgAkyqAi_g7J1PO_6yKSWnHbZCs3mpe4EkYuX6d8izcdJxRb78S6OW5SIB
2026-05-05 11:13:08,543 - excel.graph_api - INFO - Retrieved 1566 rows from Excel
2026-05-05 11:13:09,598 - excel.graph_api - INFO - Updating range A1568:Y1569 with 2 new entries
2026-05-05 11:13:11,177 - excel.graph_api - INFO - Successfully added 2 new tournaments to Excel
2026-05-05 11:13:11,179 - root - INFO - Excel sheet updated successfully
2026-05-05 11:13:11,258 - scraper.selenium_scraper - INFO - Chrome driver closed
2026-05-05 11:13:11,258 - root - INFO - Selenium driver closed
2026-05-05 11:13:11,258 - root - INFO - Script execution completed
