2025-10-24 10:15:28,528 - root - INFO - Logger initialized successfully
2025-10-24 10:15:28,528 - root - INFO - Log file: /home/runner/work/super-player-auction-scraper/super-player-auction-scraper/logs/scraper_20251024_101528.log
2025-10-24 10:15:28,528 - root - INFO - Starting Super Player Auction scraper
2025-10-24 10:15:28,528 - utils.config - INFO - Credentials loaded from environment variables
2025-10-24 10:15:28,528 - utils.config - INFO - Settings loaded successfully
2025-10-24 10:15:28,528 - root - INFO - Initializing Selenium scraper
2025-10-24 10:15:28,528 - scraper.selenium_scraper - INFO - Running in GitHub Actions environment
2025-10-24 10:15:33,608 - selenium.webdriver.common.selenium_manager - WARNING - The chromedriver version (141.0.7390.78) detected in PATH at /usr/bin/chromedriver might not be compatible with the detected chrome version (141.0.7390.107); currently, chromedriver 141.0.7390.122 is recommended for chrome 141.*, so it is advised to delete the driver in PATH and retry
2025-10-24 10:15:59,099 - scraper.selenium_scraper - INFO - Chrome driver initialized successfully
2025-10-24 10:15:59,099 - root - INFO - Scraping tournament data
2025-10-24 10:15:59,099 - scraper.selenium_scraper - INFO - Starting to scrape tournament data
2025-10-24 10:16:00,685 - scraper.selenium_scraper - INFO - Waiting for page to load...
2025-10-24 10:16:05,691 - scraper.selenium_scraper - INFO - Scrolling to load all auction cards...
2025-10-24 10:16:17,838 - scraper.selenium_scraper - INFO - Saved page screenshot to /home/runner/work/super-player-auction-scraper/super-player-auction-scraper/logs/screenshots/page_loaded_20251024101617.png
2025-10-24 10:16:17,838 - scraper.selenium_scraper - INFO - Looking for auction cards...
2025-10-24 10:16:17,905 - scraper.selenium_scraper - INFO - Found 20 auction cards
2025-10-24 10:16:18,646 - scraper.selenium_scraper - INFO - Scraped tournament 1: MCL 2025
2025-10-24 10:16:19,567 - scraper.selenium_scraper - INFO - Scraped tournament 2: Dambab Premier League 2025
2025-10-24 10:16:20,256 - scraper.selenium_scraper - INFO - Scraped tournament 3: GREENS PREMIER LEAGUE 2026 GPL SEASON 3
2025-10-24 10:16:20,941 - scraper.selenium_scraper - INFO - Scraped tournament 4: DDS PREMIER LEAGUE SEASON 3
2025-10-24 10:16:21,625 - scraper.selenium_scraper - INFO - Scraped tournament 5: Phoenix Cricket Cup
2025-10-24 10:16:22,312 - scraper.selenium_scraper - INFO - Scraped tournament 6: TCC Premier Leage - Season 6
2025-10-24 10:16:22,997 - scraper.selenium_scraper - INFO - Scraped tournament 7: OPL Season 5
2025-10-24 10:16:23,682 - scraper.selenium_scraper - INFO - Scraped tournament 8: Goan Premier League 2025
2025-10-24 10:16:24,371 - scraper.selenium_scraper - INFO - Scraped tournament 9: PANJIM GYMKHANA MEMBERS LEAGUE 2025
2025-10-24 10:16:25,055 - scraper.selenium_scraper - INFO - Scraped tournament 10: JAIN PREMIER LEAUGE NAWAPARA RAJIM
2025-10-24 10:16:25,745 - scraper.selenium_scraper - INFO - Scraped tournament 11: TTSL Northeast
2025-10-24 10:16:26,428 - scraper.selenium_scraper - INFO - Scraped tournament 12: SCL 9.0 Challenger
2025-10-24 10:16:27,114 - scraper.selenium_scraper - INFO - Scraped tournament 13: KADUGODI PREMIER LEAGUE SEASON -6
2025-10-24 10:16:27,799 - scraper.selenium_scraper - INFO - Scraped tournament 14: QIFF Easaka Memorial 7s Football Tournament
2025-10-24 10:16:28,483 - scraper.selenium_scraper - INFO - Scraped tournament 15: NORTH INDIA CORPORATE CRICKET LEAGUE SEASON 1
2025-10-24 10:16:29,166 - scraper.selenium_scraper - INFO - Scraped tournament 16: SUPER 100
2025-10-24 10:16:29,854 - scraper.selenium_scraper - INFO - Scraped tournament 17: Shirur Champions Trophy
2025-10-24 10:16:30,535 - scraper.selenium_scraper - INFO - Scraped tournament 18: Ador Premier League Season 6
2025-10-24 10:16:31,226 - scraper.selenium_scraper - INFO - Scraped tournament 19: Pathanamthitta Cricket League
2025-10-24 10:16:31,913 - scraper.selenium_scraper - INFO - Scraped tournament 20: Chemist Cricket League
2025-10-24 10:16:31,913 - root - INFO - Successfully scraped 20 tournaments
2025-10-24 10:16:31,914 - root - INFO - Saved scraped data to /home/runner/work/super-player-auction-scraper/super-player-auction-scraper/data/tournament_data_20251024-101631.json
2025-10-24 10:16:31,914 - root - INFO - Initializing Graph API
2025-10-24 10:16:31,914 - excel.graph_api - INFO - Extracted file ID: 9e836ed5-f58f-4dc7-a969-3c62b255f3ea
2025-10-24 10:16:31,914 - excel.graph_api - INFO - Extracted site ID: CorpDevaaf94619130d4a79af9f3aeae502bdb5
2025-10-24 10:16:31,914 - root - INFO - Authenticating with Microsoft Graph API
2025-10-24 10:16:32,126 - excel.graph_api - INFO - Authentication successful
2025-10-24 10:16:32,127 - root - INFO - Updating Excel sheet with scraped data
2025-10-24 10:16:32,882 - excel.graph_api - INFO - Retrieved drive ID: b!MXUqfmBgAkyqAi_g7J1PO_6yKSWnHbZCs3mpe4EkYuX6d8izcdJxRb78S6OW5SIB
2025-10-24 10:16:34,648 - excel.graph_api - INFO - Retrieved 664 rows from Excel
2025-10-24 10:16:35,815 - excel.graph_api - INFO - Updating range A666:M666 with 1 new entries
2025-10-24 10:16:36,988 - excel.graph_api - INFO - Successfully added 1 new tournaments to Excel
2025-10-24 10:16:36,989 - root - INFO - Excel sheet updated successfully
2025-10-24 10:16:37,057 - scraper.selenium_scraper - INFO - Chrome driver closed
2025-10-24 10:16:37,057 - root - INFO - Selenium driver closed
2025-10-24 10:16:37,057 - root - INFO - Script execution completed
