2025-10-03 15:12:30,791 - root - INFO - Logger initialized successfully
2025-10-03 15:12:30,792 - root - INFO - Log file: /home/runner/work/super-player-auction-scraper/super-player-auction-scraper/logs/scraper_20251003_151230.log
2025-10-03 15:12:30,792 - root - INFO - Starting Super Player Auction scraper
2025-10-03 15:12:30,792 - utils.config - INFO - Credentials loaded from environment variables
2025-10-03 15:12:30,792 - utils.config - INFO - Settings loaded successfully
2025-10-03 15:12:30,792 - root - INFO - Initializing Selenium scraper
2025-10-03 15:12:30,792 - scraper.selenium_scraper - INFO - Running in GitHub Actions environment
2025-10-03 15:12:32,663 - selenium.webdriver.common.selenium_manager - WARNING - The chromedriver version (140.0.7339.185) detected in PATH at /usr/bin/chromedriver might not be compatible with the detected chrome version (140.0.7339.185); currently, chromedriver 140.0.7339.207 is recommended for chrome 140.*, so it is advised to delete the driver in PATH and retry
2025-10-03 15:12:40,872 - scraper.selenium_scraper - INFO - Chrome driver initialized successfully
2025-10-03 15:12:40,872 - root - INFO - Scraping tournament data
2025-10-03 15:12:40,872 - scraper.selenium_scraper - INFO - Starting to scrape tournament data
2025-10-03 15:12:41,561 - scraper.selenium_scraper - INFO - Waiting for page to load...
2025-10-03 15:12:46,567 - scraper.selenium_scraper - INFO - Scrolling to load all auction cards...
2025-10-03 15:12:58,686 - scraper.selenium_scraper - INFO - Saved page screenshot to /home/runner/work/super-player-auction-scraper/super-player-auction-scraper/logs/screenshots/page_loaded_20251003151258.png
2025-10-03 15:12:58,686 - scraper.selenium_scraper - INFO - Looking for auction cards...
2025-10-03 15:12:58,717 - scraper.selenium_scraper - INFO - Found 20 auction cards
2025-10-03 15:12:59,453 - scraper.selenium_scraper - INFO - Scraped tournament 1: JOI Premier League Auction Female
2025-10-03 15:13:00,206 - scraper.selenium_scraper - INFO - Scraped tournament 2: JOI Premier League Auction Male
2025-10-03 15:13:00,899 - scraper.selenium_scraper - INFO - Scraped tournament 3: CAMBRIDGE ALUMNI CRICKET CHAMPIONSHIP 2025-26
2025-10-03 15:13:01,585 - scraper.selenium_scraper - INFO - Scraped tournament 4: UPL SEASON 6
2025-10-03 15:13:02,279 - scraper.selenium_scraper - INFO - Scraped tournament 5: JOI Premier League Kids Auction
2025-10-03 15:13:02,973 - scraper.selenium_scraper - INFO - Scraped tournament 6: SR PREMIER LEAGUE SEASON - 1
2025-10-03 15:13:03,661 - scraper.selenium_scraper - INFO - Scraped tournament 7: SYPL Auction 2025
2025-10-03 15:13:04,344 - scraper.selenium_scraper - INFO - Scraped tournament 8: 2N_DESIGNER'S PREMIER LEAGUE SEASON IV
2025-10-03 15:13:05,032 - scraper.selenium_scraper - INFO - Scraped tournament 9: SHIMOGA PREMIER BADMINTON LEAGUE 2.O
2025-10-03 15:13:05,715 - scraper.selenium_scraper - INFO - Scraped tournament 10: Monsoon Box League Season 3
2025-10-03 15:13:06,394 - scraper.selenium_scraper - INFO - Scraped tournament 11: CHHATTISGARH LEAGUE OF LEGENDS
2025-10-03 15:13:07,082 - scraper.selenium_scraper - INFO - Scraped tournament 12: RANUJ GAM CRICKET LEAGUE
2025-10-03 15:13:07,767 - scraper.selenium_scraper - INFO - Scraped tournament 13: DPL SEASON 6 AUCTION
2025-10-03 15:13:08,449 - scraper.selenium_scraper - INFO - Scraped tournament 14: K. PATEL - SSPS CRICKET LEAGUE SEASON 8
2025-10-03 15:13:09,134 - scraper.selenium_scraper - INFO - Scraped tournament 15: JUNIOR PREMIER LEAGUE 2025
2025-10-03 15:13:09,815 - scraper.selenium_scraper - INFO - Scraped tournament 16: MPL
2025-10-03 15:13:10,504 - scraper.selenium_scraper - INFO - Scraped tournament 17: GUJARAT PANCHAYAT LEAGUE SEASON-7 MEHSANA
2025-10-03 15:13:11,200 - scraper.selenium_scraper - INFO - Scraped tournament 18: BHAGALPUR CRICKET LEAGUE
2025-10-03 15:13:11,879 - scraper.selenium_scraper - INFO - Scraped tournament 19: United Premier League (Father's)
2025-10-03 15:13:12,575 - scraper.selenium_scraper - INFO - Scraped tournament 20: United Premier League Womens
2025-10-03 15:13:12,575 - root - INFO - Successfully scraped 20 tournaments
2025-10-03 15:13:12,576 - root - INFO - Saved scraped data to /home/runner/work/super-player-auction-scraper/super-player-auction-scraper/data/tournament_data_20251003-151312.json
2025-10-03 15:13:12,576 - root - INFO - Initializing Graph API
2025-10-03 15:13:12,576 - excel.graph_api - INFO - Extracted file ID: 9e836ed5-f58f-4dc7-a969-3c62b255f3ea
2025-10-03 15:13:12,576 - excel.graph_api - INFO - Extracted site ID: CorpDevaaf94619130d4a79af9f3aeae502bdb5
2025-10-03 15:13:12,576 - root - INFO - Authenticating with Microsoft Graph API
2025-10-03 15:13:12,977 - excel.graph_api - INFO - Authentication successful
2025-10-03 15:13:12,977 - root - INFO - Updating Excel sheet with scraped data
2025-10-03 15:13:14,430 - excel.graph_api - INFO - Retrieved drive ID: b!MXUqfmBgAkyqAi_g7J1PO_6yKSWnHbZCs3mpe4EkYuX6d8izcdJxRb78S6OW5SIB
2025-10-03 15:13:16,675 - excel.graph_api - INFO - Retrieved 576 rows from Excel
2025-10-03 15:13:17,983 - excel.graph_api - INFO - Updating range A578:M580 with 3 new entries
2025-10-03 15:13:19,262 - excel.graph_api - INFO - Successfully added 3 new tournaments to Excel
2025-10-03 15:13:19,263 - root - INFO - Excel sheet updated successfully
2025-10-03 15:13:19,333 - scraper.selenium_scraper - INFO - Chrome driver closed
2025-10-03 15:13:19,333 - root - INFO - Selenium driver closed
2025-10-03 15:13:19,333 - root - INFO - Script execution completed
