2025-09-24 10:13:53,048 - root - INFO - Logger initialized successfully
2025-09-24 10:13:53,048 - root - INFO - Log file: /home/runner/work/super-player-auction-scraper/super-player-auction-scraper/logs/scraper_20250924_101353.log
2025-09-24 10:13:53,048 - root - INFO - Starting Super Player Auction scraper
2025-09-24 10:13:53,048 - utils.config - INFO - Credentials loaded from environment variables
2025-09-24 10:13:53,048 - utils.config - INFO - Settings loaded successfully
2025-09-24 10:13:53,048 - root - INFO - Initializing Selenium scraper
2025-09-24 10:13:53,049 - scraper.selenium_scraper - INFO - Running in GitHub Actions environment
2025-09-24 10:13:57,875 - selenium.webdriver.common.selenium_manager - WARNING - The chromedriver version (140.0.7339.80) detected in PATH at /usr/bin/chromedriver might not be compatible with the detected chrome version (140.0.7339.80); currently, chromedriver 140.0.7339.207 is recommended for chrome 140.*, so it is advised to delete the driver in PATH and retry
2025-09-24 10:14:17,259 - scraper.selenium_scraper - INFO - Chrome driver initialized successfully
2025-09-24 10:14:17,259 - root - INFO - Scraping tournament data
2025-09-24 10:14:17,259 - scraper.selenium_scraper - INFO - Starting to scrape tournament data
2025-09-24 10:14:18,968 - scraper.selenium_scraper - INFO - Waiting for page to load...
2025-09-24 10:14:23,974 - scraper.selenium_scraper - INFO - Scrolling to load all auction cards...
2025-09-24 10:14:36,118 - scraper.selenium_scraper - INFO - Saved page screenshot to /home/runner/work/super-player-auction-scraper/super-player-auction-scraper/logs/screenshots/page_loaded_20250924101436.png
2025-09-24 10:14:36,118 - scraper.selenium_scraper - INFO - Looking for auction cards...
2025-09-24 10:14:36,207 - scraper.selenium_scraper - INFO - Found 20 auction cards
2025-09-24 10:14:36,920 - scraper.selenium_scraper - INFO - Scraped tournament 1: KCL-2
2025-09-24 10:14:37,827 - scraper.selenium_scraper - INFO - Scraped tournament 2: Monsoon Box League Season 3
2025-09-24 10:14:38,506 - scraper.selenium_scraper - INFO - Scraped tournament 3: YPL Leather Champions Trophy Auction 2025
2025-09-24 10:14:39,185 - scraper.selenium_scraper - INFO - Scraped tournament 4: UPL CHAPTER 3.0 CRICKET TOURNAMENT
2025-09-24 10:14:39,866 - scraper.selenium_scraper - INFO - Scraped tournament 5: CHHATTISGARH LEAGUE OF LEGENDS
2025-09-24 10:14:40,546 - scraper.selenium_scraper - INFO - Scraped tournament 6: Elements Premier League (EPL)
2025-09-24 10:14:41,224 - scraper.selenium_scraper - INFO - Scraped tournament 7: JOI Premier League Auction Female
2025-09-24 10:14:41,902 - scraper.selenium_scraper - INFO - Scraped tournament 8: JOI Premier League Auction Male
2025-09-24 10:14:42,581 - scraper.selenium_scraper - INFO - Scraped tournament 9: CAMBRIDGE ALUMNI SPORTS MEET 2025
2025-09-24 10:14:43,258 - scraper.selenium_scraper - INFO - Scraped tournament 10: RANUJ GAM CRICKET LEAGUE
2025-09-24 10:14:43,942 - scraper.selenium_scraper - INFO - Scraped tournament 11: United Premier League (Father's)
2025-09-24 10:14:44,618 - scraper.selenium_scraper - INFO - Scraped tournament 12: United Premier League Womens
2025-09-24 10:14:45,304 - scraper.selenium_scraper - INFO - Scraped tournament 13: BHAGALPUR CRICKET LEAGUE
2025-09-24 10:14:45,989 - scraper.selenium_scraper - INFO - Scraped tournament 14: NPL Titan Cup
2025-09-24 10:14:46,667 - scraper.selenium_scraper - INFO - Scraped tournament 15: BCL B.COM CRICKET LEAGUE
2025-09-24 10:14:47,347 - scraper.selenium_scraper - INFO - Scraped tournament 16: SPORTS ASSEMBLY PREMIER LEAGUE SEASON 9
2025-09-24 10:14:48,064 - scraper.selenium_scraper - INFO - Scraped tournament 17: SMN SMASHERS BELTHANGADY
2025-09-24 10:14:48,739 - scraper.selenium_scraper - INFO - Scraped tournament 18: UDYAWAR PREMIER LEAGUE
2025-09-24 10:14:49,423 - scraper.selenium_scraper - INFO - Scraped tournament 19: JPL-1 (JETAWADA PREMIER LEAGUE-1)
2025-09-24 10:14:50,100 - scraper.selenium_scraper - INFO - Scraped tournament 20: ANCHOR PREMIER LEAGUE - MALE
2025-09-24 10:14:50,100 - root - INFO - Successfully scraped 20 tournaments
2025-09-24 10:14:50,100 - root - INFO - Saved scraped data to /home/runner/work/super-player-auction-scraper/super-player-auction-scraper/data/tournament_data_20250924-101450.json
2025-09-24 10:14:50,100 - root - INFO - Initializing Graph API
2025-09-24 10:14:50,101 - excel.graph_api - INFO - Extracted file ID: 9e836ed5-f58f-4dc7-a969-3c62b255f3ea
2025-09-24 10:14:50,101 - excel.graph_api - INFO - Extracted site ID: CorpDevaaf94619130d4a79af9f3aeae502bdb5
2025-09-24 10:14:50,101 - root - INFO - Authenticating with Microsoft Graph API
2025-09-24 10:14:50,270 - excel.graph_api - INFO - Authentication successful
2025-09-24 10:14:50,271 - root - INFO - Updating Excel sheet with scraped data
2025-09-24 10:14:50,909 - excel.graph_api - INFO - Retrieved drive ID: b!MXUqfmBgAkyqAi_g7J1PO_6yKSWnHbZCs3mpe4EkYuX6d8izcdJxRb78S6OW5SIB
2025-09-24 10:14:51,901 - excel.graph_api - INFO - Retrieved 548 rows from Excel
2025-09-24 10:14:52,639 - excel.graph_api - INFO - Updating range A550:M551 with 2 new entries
2025-09-24 10:14:53,451 - excel.graph_api - INFO - Successfully added 2 new tournaments to Excel
2025-09-24 10:14:53,452 - root - INFO - Excel sheet updated successfully
2025-09-24 10:14:53,519 - scraper.selenium_scraper - INFO - Chrome driver closed
2025-09-24 10:14:53,519 - root - INFO - Selenium driver closed
2025-09-24 10:14:53,519 - root - INFO - Script execution completed
