2026-03-10 10:32:24,092 - root - INFO - Logger initialized successfully
2026-03-10 10:32:24,092 - root - INFO - Log file: /home/runner/work/super-player-auction-scraper/super-player-auction-scraper/logs/scraper_20260310_103224.log
2026-03-10 10:32:24,092 - root - INFO - Starting Super Player Auction scraper
2026-03-10 10:32:24,092 - utils.config - INFO - Credentials loaded from environment variables
2026-03-10 10:32:24,093 - utils.config - INFO - Settings loaded successfully
2026-03-10 10:32:24,093 - root - INFO - Initializing Selenium scraper
2026-03-10 10:32:24,093 - scraper.selenium_scraper - INFO - Running in GitHub Actions environment
2026-03-10 10:32:36,876 - scraper.selenium_scraper - INFO - Chrome driver initialized successfully
2026-03-10 10:32:36,876 - root - INFO - Scraping tournament data
2026-03-10 10:32:36,876 - scraper.selenium_scraper - INFO - Starting to scrape tournament data
2026-03-10 10:32:37,928 - scraper.selenium_scraper - INFO - Waiting for page to load...
2026-03-10 10:32:42,933 - scraper.selenium_scraper - INFO - Scrolling to load all auction cards...
2026-03-10 10:32:55,106 - scraper.selenium_scraper - INFO - Saved page screenshot to /home/runner/work/super-player-auction-scraper/super-player-auction-scraper/logs/screenshots/page_loaded_20260310103255.png
2026-03-10 10:32:55,106 - scraper.selenium_scraper - INFO - Looking for auction cards...
2026-03-10 10:32:55,152 - scraper.selenium_scraper - INFO - Found 20 auction cards
2026-03-10 10:32:55,906 - scraper.selenium_scraper - INFO - Scraped tournament 1: NOTANDAS PREMIER LEAGUE (NPL)
2026-03-10 10:32:56,641 - scraper.selenium_scraper - INFO - Scraped tournament 2: SPL-2
2026-03-10 10:32:57,331 - scraper.selenium_scraper - INFO - Scraped tournament 3: Butterfly TTSL Maharashtra 2026
2026-03-10 10:32:58,017 - scraper.selenium_scraper - INFO - Scraped tournament 4: RELIANCE SPL 2026
2026-03-10 10:32:58,706 - scraper.selenium_scraper - INFO - Scraped tournament 5: MCPL 2026
2026-03-10 10:32:59,398 - scraper.selenium_scraper - INFO - Scraped tournament 6: UNITY CUP Season 3 [2026-27]
2026-03-10 10:33:00,088 - scraper.selenium_scraper - INFO - Scraped tournament 7: SIKAR PREMIER LEAGUE 2025
2026-03-10 10:33:00,776 - scraper.selenium_scraper - INFO - Scraped tournament 8: ROHAT PREMIER LEAGUE
2026-03-10 10:33:01,468 - scraper.selenium_scraper - INFO - Scraped tournament 9: SUPER FOOTBALL CHAMPIONSHIP
2026-03-10 10:33:02,153 - scraper.selenium_scraper - INFO - Scraped tournament 10: NPL
2026-03-10 10:33:02,837 - scraper.selenium_scraper - INFO - Scraped tournament 11: BJP
2026-03-10 10:33:03,521 - scraper.selenium_scraper - INFO - Scraped tournament 12: SUPER CRICKRT LEAGUE - MAHIPAL
2026-03-10 10:33:04,206 - scraper.selenium_scraper - INFO - Scraped tournament 13: JITO CRICKET LEAGUE 3.0
2026-03-10 10:33:04,893 - scraper.selenium_scraper - INFO - Scraped tournament 14: LONI PREMIER LEAGUE NAMDAR CUP 2026
2026-03-10 10:33:05,582 - scraper.selenium_scraper - INFO - Scraped tournament 15: KARAIKAL CHAMPIONS LEAGUE
2026-03-10 10:33:06,265 - scraper.selenium_scraper - INFO - Scraped tournament 16: THANE DISTRICT ADVOCATE PREMIER LEAGUE
2026-03-10 10:33:06,951 - scraper.selenium_scraper - INFO - Scraped tournament 17: SUNDAY CRICKET CLUB SUPER 20-20
2026-03-10 10:33:07,644 - scraper.selenium_scraper - INFO - Scraped tournament 18: RANUJ GAM CRICKET LEAGUE
2026-03-10 10:33:08,329 - scraper.selenium_scraper - INFO - Scraped tournament 19: SAMEER BHAU KAMBLE CHASHAK 2026
2026-03-10 10:33:09,015 - scraper.selenium_scraper - INFO - Scraped tournament 20: DODDABANAHALLI PREMIER LEAGUE 2026 SEASON 3
2026-03-10 10:33:09,015 - root - INFO - Successfully scraped 20 tournaments
2026-03-10 10:33:09,016 - root - INFO - Saved scraped data to /home/runner/work/super-player-auction-scraper/super-player-auction-scraper/data/tournament_data_20260310-103309.json
2026-03-10 10:33:09,016 - root - INFO - Initializing Graph API
2026-03-10 10:33:09,016 - excel.graph_api - INFO - Extracted file ID: 9e836ed5-f58f-4dc7-a969-3c62b255f3ea
2026-03-10 10:33:09,016 - excel.graph_api - INFO - Extracted site ID: CorpDevaaf94619130d4a79af9f3aeae502bdb5
2026-03-10 10:33:09,016 - root - INFO - Authenticating with Microsoft Graph API
2026-03-10 10:33:09,202 - excel.graph_api - INFO - Authentication successful
2026-03-10 10:33:09,202 - root - INFO - Updating Excel sheet with scraped data
2026-03-10 10:33:09,649 - excel.graph_api - INFO - Retrieved drive ID: b!MXUqfmBgAkyqAi_g7J1PO_6yKSWnHbZCs3mpe4EkYuX6d8izcdJxRb78S6OW5SIB
2026-03-10 10:33:11,799 - excel.graph_api - INFO - Retrieved 1319 rows from Excel
2026-03-10 10:33:12,916 - excel.graph_api - INFO - Updating range A1321:M1322 with 2 new entries
2026-03-10 10:33:14,076 - excel.graph_api - INFO - Successfully added 2 new tournaments to Excel
2026-03-10 10:33:14,077 - root - INFO - Excel sheet updated successfully
2026-03-10 10:33:14,156 - scraper.selenium_scraper - INFO - Chrome driver closed
2026-03-10 10:33:14,156 - root - INFO - Selenium driver closed
2026-03-10 10:33:14,156 - root - INFO - Script execution completed
