2026-06-02 13:54:02,051 - root - INFO - Logger initialized successfully
2026-06-02 13:54:02,051 - root - INFO - Log file: /home/runner/work/super-player-auction-scraper/super-player-auction-scraper/logs/scraper_20260602_135402.log
2026-06-02 13:54:02,052 - root - INFO - Starting Super Player Auction scraper
2026-06-02 13:54:02,052 - utils.config - INFO - Credentials loaded from environment variables
2026-06-02 13:54:02,052 - utils.config - INFO - Settings loaded successfully
2026-06-02 13:54:02,052 - root - INFO - Initializing Selenium scraper
2026-06-02 13:54:02,052 - scraper.selenium_scraper - INFO - Running in GitHub Actions environment
2026-06-02 13:54:11,217 - scraper.selenium_scraper - INFO - Chrome driver initialized successfully
2026-06-02 13:54:11,217 - root - INFO - Scraping tournament data
2026-06-02 13:54:11,217 - scraper.selenium_scraper - INFO - Starting to scrape tournament data
2026-06-02 13:54:12,035 - scraper.selenium_scraper - INFO - Waiting for page to load...
2026-06-02 13:54:17,040 - scraper.selenium_scraper - INFO - Scrolling to load all auction cards...
2026-06-02 13:54:29,181 - scraper.selenium_scraper - INFO - Saved page screenshot to /home/runner/work/super-player-auction-scraper/super-player-auction-scraper/logs/screenshots/page_loaded_20260602135429.png
2026-06-02 13:54:29,181 - scraper.selenium_scraper - INFO - Looking for auction cards...
2026-06-02 13:54:29,216 - scraper.selenium_scraper - INFO - Found 20 auction cards
2026-06-02 13:54:29,969 - scraper.selenium_scraper - INFO - Scraped tournament 1: RBL - 4
2026-06-02 13:54:30,680 - scraper.selenium_scraper - INFO - Scraped tournament 2: UPL 2026
2026-06-02 13:54:31,420 - scraper.selenium_scraper - INFO - Scraped tournament 3: CBBL 6 AUCTION
2026-06-02 13:54:32,128 - scraper.selenium_scraper - INFO - Scraped tournament 4: Dream UTT Juniors Season 2
2026-06-02 13:54:32,834 - scraper.selenium_scraper - INFO - Scraped tournament 5: SUPER FOOTBALL CHAMPIONSHIP
2026-06-02 13:54:33,537 - scraper.selenium_scraper - INFO - Scraped tournament 6: DB CUP
2026-06-02 13:54:34,243 - scraper.selenium_scraper - INFO - Scraped tournament 7: REPUBLIC CUP 2.0
2026-06-02 13:54:34,948 - scraper.selenium_scraper - INFO - Scraped tournament 8: Auction Demo Jodi
2026-06-02 13:54:35,654 - scraper.selenium_scraper - INFO - Scraped tournament 9: Super Cricket League
2026-06-02 13:54:36,365 - scraper.selenium_scraper - INFO - Scraped tournament 10: SIKAR PREMIER LEAGUE 2025
2026-06-02 13:54:37,071 - scraper.selenium_scraper - INFO - Scraped tournament 11: BJP
2026-06-02 13:54:37,773 - scraper.selenium_scraper - INFO - Scraped tournament 12: SUPER LEAGUE GROUP
2026-06-02 13:54:38,480 - scraper.selenium_scraper - INFO - Scraped tournament 13: SUPER CRICKET LEAGUE
2026-06-02 13:54:39,185 - scraper.selenium_scraper - INFO - Scraped tournament 14: MALAPPURAM PREMIER LEAGUE S3 (RIYADH, KSA - 03 July 2026)
2026-06-02 13:54:39,895 - scraper.selenium_scraper - INFO - Scraped tournament 15: ENTREPRENEUR’S PREMIER LEAGUE 8.0 WOMEN
2026-06-02 13:54:40,613 - scraper.selenium_scraper - INFO - Scraped tournament 16: ENTREPRENEUR’S PREMIER LEAGUE 8.0 MEN
2026-06-02 13:54:41,317 - scraper.selenium_scraper - INFO - Scraped tournament 17: CEYLON CRICKET LEAGUE
2026-06-02 13:54:42,029 - scraper.selenium_scraper - INFO - Scraped tournament 18: Sw Bheekh Singh Smrti RATIKALIN Kabddi PRATIYOGITA
2026-06-02 13:54:42,737 - scraper.selenium_scraper - INFO - Scraped tournament 19: ELITETANK SPORTS PRESENT SHIRSAT SPORTS WOMEN PREMIER LEAGUE 2026
2026-06-02 13:54:43,443 - scraper.selenium_scraper - INFO - Scraped tournament 20: PALAKKAD CRICKET LEAGUE SEASON 2 - 2026
2026-06-02 13:54:43,443 - root - INFO - Successfully scraped 20 tournaments
2026-06-02 13:54:43,444 - root - INFO - Saved scraped data to /home/runner/work/super-player-auction-scraper/super-player-auction-scraper/data/tournament_data_20260602-135443.json
2026-06-02 13:54:43,444 - root - INFO - Initializing Graph API
2026-06-02 13:54:43,444 - excel.graph_api - INFO - Extracted file ID: 9e836ed5-f58f-4dc7-a969-3c62b255f3ea
2026-06-02 13:54:43,444 - excel.graph_api - INFO - Extracted site ID: CorpDevaaf94619130d4a79af9f3aeae502bdb5
2026-06-02 13:54:43,445 - root - INFO - Authenticating with Microsoft Graph API
2026-06-02 13:54:43,842 - excel.graph_api - INFO - Authentication successful
2026-06-02 13:54:43,843 - root - INFO - Updating Excel sheet with scraped data
2026-06-02 13:54:44,701 - excel.graph_api - INFO - Retrieved drive ID: b!MXUqfmBgAkyqAi_g7J1PO_6yKSWnHbZCs3mpe4EkYuX6d8izcdJxRb78S6OW5SIB
2026-06-02 13:54:46,475 - excel.graph_api - INFO - Retrieved 1659 rows from Excel
2026-06-02 13:54:49,200 - excel.graph_api - INFO - Updating range A1661:Y1663 with 3 new entries
2026-06-02 13:54:51,028 - excel.graph_api - INFO - Successfully added 3 new tournaments to Excel
2026-06-02 13:54:51,030 - root - INFO - Excel sheet updated successfully
2026-06-02 13:54:51,109 - scraper.selenium_scraper - INFO - Chrome driver closed
2026-06-02 13:54:51,109 - root - INFO - Selenium driver closed
2026-06-02 13:54:51,109 - root - INFO - Script execution completed
