2025-06-10 10:45:31,161 - root - INFO - Logger initialized successfully
2025-06-10 10:45:31,161 - root - INFO - Log file: /home/runner/work/super-player-auction-scraper/super-player-auction-scraper/logs/scraper_20250610_104531.log
2025-06-10 10:45:31,161 - root - INFO - Starting Super Player Auction scraper
2025-06-10 10:45:31,161 - utils.config - INFO - Credentials loaded from environment variables
2025-06-10 10:45:31,162 - utils.config - INFO - Settings loaded successfully
2025-06-10 10:45:31,162 - root - INFO - Initializing Selenium scraper
2025-06-10 10:45:31,162 - scraper.selenium_scraper - INFO - Running in GitHub Actions environment
2025-06-10 10:45:31,524 - selenium.webdriver.common.selenium_manager - WARNING - The chromedriver version (137.0.7151.55) detected in PATH at /usr/bin/chromedriver might not be compatible with the detected chrome version (137.0.7151.55); currently, chromedriver 137.0.7151.68 is recommended for chrome 137.*, so it is advised to delete the driver in PATH and retry
2025-06-10 10:45:36,710 - scraper.selenium_scraper - INFO - Chrome driver initialized successfully
2025-06-10 10:45:36,710 - root - INFO - Scraping tournament data
2025-06-10 10:45:36,710 - scraper.selenium_scraper - INFO - Starting to scrape tournament data
2025-06-10 10:45:37,521 - scraper.selenium_scraper - INFO - Waiting for page to load...
2025-06-10 10:45:42,527 - scraper.selenium_scraper - INFO - Scrolling to load all auction cards...
2025-06-10 10:45:54,649 - scraper.selenium_scraper - INFO - Saved page screenshot to /home/runner/work/super-player-auction-scraper/super-player-auction-scraper/logs/screenshots/page_loaded_20250610104554.png
2025-06-10 10:45:54,649 - scraper.selenium_scraper - INFO - Looking for auction cards...
2025-06-10 10:45:54,678 - scraper.selenium_scraper - INFO - Found 20 auction cards
2025-06-10 10:45:55,406 - scraper.selenium_scraper - INFO - Scraped tournament 1: Sindoor Super League
2025-06-10 10:45:56,105 - scraper.selenium_scraper - INFO - Scraped tournament 2: PALAKKAD CRICKET LEAGUE
2025-06-10 10:45:56,896 - scraper.selenium_scraper - INFO - Scraped tournament 3: ArjunDMUP
2025-06-10 10:45:57,594 - scraper.selenium_scraper - INFO - Scraped tournament 4: Dholi Samaj Premiere League Sisseion-2
2025-06-10 10:45:58,292 - scraper.selenium_scraper - INFO - Scraped tournament 5: GAIL CHAMPIONS LEAGUE III
2025-06-10 10:45:58,994 - scraper.selenium_scraper - INFO - Scraped tournament 6: GVPL
2025-06-10 10:45:59,693 - scraper.selenium_scraper - INFO - Scraped tournament 7: Khel-o-Utsav
2025-06-10 10:46:00,394 - scraper.selenium_scraper - INFO - Scraped tournament 8: Indian Premier League
2025-06-10 10:46:01,095 - scraper.selenium_scraper - INFO - Scraped tournament 9: MPL
2025-06-10 10:46:01,799 - scraper.selenium_scraper - INFO - Scraped tournament 10: PPSPL 3.O
2025-06-10 10:46:02,511 - scraper.selenium_scraper - INFO - Scraped tournament 11: SUPER SEVEN LEAGUE SEASON-2
2025-06-10 10:46:03,207 - scraper.selenium_scraper - INFO - Scraped tournament 12: Academos Students League [ASL]
2025-06-10 10:46:03,901 - scraper.selenium_scraper - INFO - Scraped tournament 13: HALPATI SAMAJ PRIMIER LEAGUE
2025-06-10 10:46:04,601 - scraper.selenium_scraper - INFO - Scraped tournament 14: Box Premier League U-25 Auction
2025-06-10 10:46:05,298 - scraper.selenium_scraper - INFO - Scraped tournament 15: Devmanpur Premier League
2025-06-10 10:46:05,996 - scraper.selenium_scraper - INFO - Scraped tournament 16: Washington T10 Cricket Cup - 2025
2025-06-10 10:46:06,687 - scraper.selenium_scraper - INFO - Scraped tournament 17: Zafaryab PVT LTD
2025-06-10 10:46:07,382 - scraper.selenium_scraper - INFO - Scraped tournament 18: National premier league season 3 Player Auction
2025-06-10 10:46:08,092 - scraper.selenium_scraper - INFO - Scraped tournament 19: Dalgaon Premiere League
2025-06-10 10:46:08,786 - scraper.selenium_scraper - INFO - Scraped tournament 20: BPL(भोगाव प्रीमियर लीग)
2025-06-10 10:46:08,786 - root - INFO - Successfully scraped 20 tournaments
2025-06-10 10:46:08,786 - root - INFO - Saved scraped data to /home/runner/work/super-player-auction-scraper/super-player-auction-scraper/data/tournament_data_20250610-104608.json
2025-06-10 10:46:08,786 - root - INFO - Initializing Graph API
2025-06-10 10:46:08,787 - excel.graph_api - INFO - Extracted file ID: 9e836ed5-f58f-4dc7-a969-3c62b255f3ea
2025-06-10 10:46:08,787 - excel.graph_api - INFO - Extracted site ID: CorpDevaaf94619130d4a79af9f3aeae502bdb5
2025-06-10 10:46:08,787 - root - INFO - Authenticating with Microsoft Graph API
2025-06-10 10:46:09,367 - excel.graph_api - INFO - Authentication successful
2025-06-10 10:46:09,367 - root - INFO - Updating Excel sheet with scraped data
2025-06-10 10:46:09,742 - excel.graph_api - INFO - Retrieved drive ID: b!MXUqfmBgAkyqAi_g7J1PO_6yKSWnHbZCs3mpe4EkYuX6d8izcdJxRb78S6OW5SIB
2025-06-10 10:46:11,225 - excel.graph_api - INFO - Retrieved 186 rows from Excel
2025-06-10 10:46:12,254 - excel.graph_api - INFO - Updating range A188:M201 with 14 new entries
2025-06-10 10:46:13,643 - excel.graph_api - INFO - Successfully added 14 new tournaments to Excel
2025-06-10 10:46:13,644 - root - INFO - Excel sheet updated successfully
2025-06-10 10:46:13,725 - scraper.selenium_scraper - INFO - Chrome driver closed
2025-06-10 10:46:13,725 - root - INFO - Selenium driver closed
2025-06-10 10:46:13,725 - root - INFO - Script execution completed
