2025-10-12 15:11:08,447 - root - INFO - Logger initialized successfully
2025-10-12 15:11:08,447 - root - INFO - Log file: /home/runner/work/super-player-auction-scraper/super-player-auction-scraper/logs/scraper_20251012_151108.log
2025-10-12 15:11:08,447 - root - INFO - Starting Super Player Auction scraper
2025-10-12 15:11:08,447 - utils.config - INFO - Credentials loaded from environment variables
2025-10-12 15:11:08,447 - utils.config - INFO - Settings loaded successfully
2025-10-12 15:11:08,447 - root - INFO - Initializing Selenium scraper
2025-10-12 15:11:08,447 - scraper.selenium_scraper - INFO - Running in GitHub Actions environment
2025-10-12 15:11:19,261 - scraper.selenium_scraper - INFO - Chrome driver initialized successfully
2025-10-12 15:11:19,261 - root - INFO - Scraping tournament data
2025-10-12 15:11:19,261 - scraper.selenium_scraper - INFO - Starting to scrape tournament data
2025-10-12 15:11:20,378 - scraper.selenium_scraper - INFO - Waiting for page to load...
2025-10-12 15:11:25,384 - scraper.selenium_scraper - INFO - Scrolling to load all auction cards...
2025-10-12 15:11:37,645 - scraper.selenium_scraper - INFO - Saved page screenshot to /home/runner/work/super-player-auction-scraper/super-player-auction-scraper/logs/screenshots/page_loaded_20251012151137.png
2025-10-12 15:11:37,645 - scraper.selenium_scraper - INFO - Looking for auction cards...
2025-10-12 15:11:37,674 - scraper.selenium_scraper - INFO - Found 20 auction cards
2025-10-12 15:11:38,390 - scraper.selenium_scraper - INFO - Scraped tournament 1: WCL Pune
2025-10-12 15:11:39,187 - scraper.selenium_scraper - INFO - Scraped tournament 2: SmashIT v7 2025
2025-10-12 15:11:39,868 - scraper.selenium_scraper - INFO - Scraped tournament 3: SUNDAY PREMIER LEAGUE
2025-10-12 15:11:40,549 - scraper.selenium_scraper - INFO - Scraped tournament 4: UTTAR BHARTIYA SAMAJ CRICKET TURNAMENT SEASON 2
2025-10-12 15:11:41,228 - scraper.selenium_scraper - INFO - Scraped tournament 5: KASRODIANS PREMIER LEAGUE SEASON -5
2025-10-12 15:11:41,907 - scraper.selenium_scraper - INFO - Scraped tournament 6: WINTER PREMIER LEAGUE
2025-10-12 15:11:42,592 - scraper.selenium_scraper - INFO - Scraped tournament 7: Dambab Premier League 2025
2025-10-12 15:11:43,270 - scraper.selenium_scraper - INFO - Scraped tournament 8: DDS PREMIER LEAGUE SEASON 3
2025-10-12 15:11:43,950 - scraper.selenium_scraper - INFO - Scraped tournament 9: Maheshwari Cricket League
2025-10-12 15:11:44,634 - scraper.selenium_scraper - INFO - Scraped tournament 10: Brother cup
2025-10-12 15:11:45,315 - scraper.selenium_scraper - INFO - Scraped tournament 11: APL CRICKET PARTIYOGITA
2025-10-12 15:11:45,993 - scraper.selenium_scraper - INFO - Scraped tournament 12: Kumbhar Premier league
2025-10-12 15:11:46,711 - scraper.selenium_scraper - INFO - Scraped tournament 13: MALKANGIRI PREMIER LEAGUE - 2025
2025-10-12 15:11:47,394 - scraper.selenium_scraper - INFO - Scraped tournament 14: Ador Premier League Season 6
2025-10-12 15:11:48,073 - scraper.selenium_scraper - INFO - Scraped tournament 15: KSPL 4
2025-10-12 15:11:48,759 - scraper.selenium_scraper - INFO - Scraped tournament 16: QIFF Easaka Memorial 7s Football Tournament
2025-10-12 15:11:49,440 - scraper.selenium_scraper - INFO - Scraped tournament 17: Makhmalabad Premier League Nashik Zilla
2025-10-12 15:11:50,124 - scraper.selenium_scraper - INFO - Scraped tournament 18: Makhmalabad Premier League Taluka
2025-10-12 15:11:50,803 - scraper.selenium_scraper - INFO - Scraped tournament 19: MORNING TENNIS CRICKET LEAGUE SEASON-1
2025-10-12 15:11:51,483 - scraper.selenium_scraper - INFO - Scraped tournament 20: Pathanamthitta Cricket League
2025-10-12 15:11:51,483 - root - INFO - Successfully scraped 20 tournaments
2025-10-12 15:11:51,484 - root - INFO - Saved scraped data to /home/runner/work/super-player-auction-scraper/super-player-auction-scraper/data/tournament_data_20251012-151151.json
2025-10-12 15:11:51,484 - root - INFO - Initializing Graph API
2025-10-12 15:11:51,484 - excel.graph_api - INFO - Extracted file ID: 9e836ed5-f58f-4dc7-a969-3c62b255f3ea
2025-10-12 15:11:51,484 - excel.graph_api - INFO - Extracted site ID: CorpDevaaf94619130d4a79af9f3aeae502bdb5
2025-10-12 15:11:51,484 - root - INFO - Authenticating with Microsoft Graph API
2025-10-12 15:11:51,707 - excel.graph_api - INFO - Authentication successful
2025-10-12 15:11:51,707 - root - INFO - Updating Excel sheet with scraped data
2025-10-12 15:11:52,214 - excel.graph_api - INFO - Retrieved drive ID: b!MXUqfmBgAkyqAi_g7J1PO_6yKSWnHbZCs3mpe4EkYuX6d8izcdJxRb78S6OW5SIB
2025-10-12 15:11:53,355 - excel.graph_api - INFO - Retrieved 626 rows from Excel
2025-10-12 15:11:54,040 - excel.graph_api - INFO - No new tournaments to add
2025-10-12 15:11:54,041 - root - INFO - Excel sheet updated successfully
2025-10-12 15:11:54,109 - scraper.selenium_scraper - INFO - Chrome driver closed
2025-10-12 15:11:54,109 - root - INFO - Selenium driver closed
2025-10-12 15:11:54,109 - root - INFO - Script execution completed
