2025-12-07 10:13:20,980 - root - INFO - Logger initialized successfully
2025-12-07 10:13:20,980 - root - INFO - Log file: /home/runner/work/super-player-auction-scraper/super-player-auction-scraper/logs/scraper_20251207_101320.log
2025-12-07 10:13:20,980 - root - INFO - Starting Super Player Auction scraper
2025-12-07 10:13:20,980 - utils.config - INFO - Credentials loaded from environment variables
2025-12-07 10:13:20,980 - utils.config - INFO - Settings loaded successfully
2025-12-07 10:13:20,980 - root - INFO - Initializing Selenium scraper
2025-12-07 10:13:20,980 - scraper.selenium_scraper - INFO - Running in GitHub Actions environment
2025-12-07 10:13:42,645 - scraper.selenium_scraper - INFO - Chrome driver initialized successfully
2025-12-07 10:13:42,646 - root - INFO - Scraping tournament data
2025-12-07 10:13:42,646 - scraper.selenium_scraper - INFO - Starting to scrape tournament data
2025-12-07 10:13:44,540 - scraper.selenium_scraper - INFO - Waiting for page to load...
2025-12-07 10:13:49,545 - scraper.selenium_scraper - INFO - Scrolling to load all auction cards...
2025-12-07 10:14:01,761 - scraper.selenium_scraper - INFO - Saved page screenshot to /home/runner/work/super-player-auction-scraper/super-player-auction-scraper/logs/screenshots/page_loaded_20251207101401.png
2025-12-07 10:14:01,761 - scraper.selenium_scraper - INFO - Looking for auction cards...
2025-12-07 10:14:01,802 - scraper.selenium_scraper - INFO - Found 20 auction cards
2025-12-07 10:14:02,528 - scraper.selenium_scraper - INFO - Scraped tournament 1: SALSETTE CRICKET LEAGUE SEASON 3.0
2025-12-07 10:14:03,320 - scraper.selenium_scraper - INFO - Scraped tournament 2: Streamify Cup Open Category
2025-12-07 10:14:04,012 - scraper.selenium_scraper - INFO - Scraped tournament 3: CHAMPIONS LEAGUE FOOTBALL SEASON 4
2025-12-07 10:14:04,705 - scraper.selenium_scraper - INFO - Scraped tournament 4: ECPL 2026
2025-12-07 10:14:05,397 - scraper.selenium_scraper - INFO - Scraped tournament 5: Somnath Big Bash League 2025
2025-12-07 10:14:06,088 - scraper.selenium_scraper - INFO - Scraped tournament 6: JITO ATHLON -FOOTBALL
2025-12-07 10:14:06,783 - scraper.selenium_scraper - INFO - Scraped tournament 7: JITO ATHLON - FULL PITCH CRICKET
2025-12-07 10:14:07,476 - scraper.selenium_scraper - INFO - Scraped tournament 8: IHCL MEN
2025-12-07 10:14:08,166 - scraper.selenium_scraper - INFO - Scraped tournament 9: IHCL WOMEN
2025-12-07 10:14:08,862 - scraper.selenium_scraper - INFO - Scraped tournament 10: Panchal Premier League - 10 , Vadodara
2025-12-07 10:14:09,550 - scraper.selenium_scraper - INFO - Scraped tournament 11: Delta Football League
2025-12-07 10:14:10,238 - scraper.selenium_scraper - INFO - Scraped tournament 12: TNPL PREMIER LEAGUE SEASON 4
2025-12-07 10:14:10,930 - scraper.selenium_scraper - INFO - Scraped tournament 13: Simga Tennis Premier League
2025-12-07 10:14:11,619 - scraper.selenium_scraper - INFO - Scraped tournament 14: Sindhi Premier League 6.0
2025-12-07 10:14:12,308 - scraper.selenium_scraper - INFO - Scraped tournament 15: MULUMUDI PREMIER LEAGUE 2026 AUCTION
2025-12-07 10:14:12,997 - scraper.selenium_scraper - INFO - Scraped tournament 16: YELLAM PREMIER LEAGUE
2025-12-07 10:14:13,687 - scraper.selenium_scraper - INFO - Scraped tournament 17: Amleshwar Big Bash Dhamaka
2025-12-07 10:14:14,384 - scraper.selenium_scraper - INFO - Scraped tournament 18: SUPER FOOTBALL CHAMPIONSHIP
2025-12-07 10:14:15,073 - scraper.selenium_scraper - INFO - Scraped tournament 19: Arjun DEMO
2025-12-07 10:14:15,760 - scraper.selenium_scraper - INFO - Scraped tournament 20: Panchgram Premier League 2025-26 (Season V)
2025-12-07 10:14:15,760 - root - INFO - Successfully scraped 20 tournaments
2025-12-07 10:14:15,761 - root - INFO - Saved scraped data to /home/runner/work/super-player-auction-scraper/super-player-auction-scraper/data/tournament_data_20251207-101415.json
2025-12-07 10:14:15,761 - root - INFO - Initializing Graph API
2025-12-07 10:14:15,761 - excel.graph_api - INFO - Extracted file ID: 9e836ed5-f58f-4dc7-a969-3c62b255f3ea
2025-12-07 10:14:15,761 - excel.graph_api - INFO - Extracted site ID: CorpDevaaf94619130d4a79af9f3aeae502bdb5
2025-12-07 10:14:15,761 - root - INFO - Authenticating with Microsoft Graph API
2025-12-07 10:14:16,089 - excel.graph_api - INFO - Authentication successful
2025-12-07 10:14:16,089 - root - INFO - Updating Excel sheet with scraped data
2025-12-07 10:14:16,777 - excel.graph_api - INFO - Retrieved drive ID: b!MXUqfmBgAkyqAi_g7J1PO_6yKSWnHbZCs3mpe4EkYuX6d8izcdJxRb78S6OW5SIB
2025-12-07 10:14:18,126 - excel.graph_api - INFO - Retrieved 814 rows from Excel
2025-12-07 10:14:19,890 - excel.graph_api - INFO - Updating range A816:M820 with 5 new entries
2025-12-07 10:14:20,784 - excel.graph_api - INFO - Successfully added 5 new tournaments to Excel
2025-12-07 10:14:20,785 - root - INFO - Excel sheet updated successfully
2025-12-07 10:14:20,864 - scraper.selenium_scraper - INFO - Chrome driver closed
2025-12-07 10:14:20,864 - root - INFO - Selenium driver closed
2025-12-07 10:14:20,864 - root - INFO - Script execution completed
