2025-09-23 15:13:15,399 - root - INFO - Logger initialized successfully
2025-09-23 15:13:15,399 - root - INFO - Log file: /home/runner/work/super-player-auction-scraper/super-player-auction-scraper/logs/scraper_20250923_151315.log
2025-09-23 15:13:15,399 - root - INFO - Starting Super Player Auction scraper
2025-09-23 15:13:15,399 - utils.config - INFO - Credentials loaded from environment variables
2025-09-23 15:13:15,399 - utils.config - INFO - Settings loaded successfully
2025-09-23 15:13:15,400 - root - INFO - Initializing Selenium scraper
2025-09-23 15:13:15,400 - scraper.selenium_scraper - INFO - Running in GitHub Actions environment
2025-09-23 15:13:15,804 - selenium.webdriver.common.selenium_manager - WARNING - The chromedriver version (140.0.7339.80) detected in PATH at /usr/bin/chromedriver might not be compatible with the detected chrome version (140.0.7339.80); currently, chromedriver 140.0.7339.185 is recommended for chrome 140.*, so it is advised to delete the driver in PATH and retry
2025-09-23 15:13:17,063 - scraper.selenium_scraper - INFO - Chrome driver initialized successfully
2025-09-23 15:13:17,063 - root - INFO - Scraping tournament data
2025-09-23 15:13:17,063 - scraper.selenium_scraper - INFO - Starting to scrape tournament data
2025-09-23 15:13:19,928 - scraper.selenium_scraper - INFO - Waiting for page to load...
2025-09-23 15:13:24,934 - scraper.selenium_scraper - INFO - Scrolling to load all auction cards...
2025-09-23 15:13:37,036 - scraper.selenium_scraper - INFO - Saved page screenshot to /home/runner/work/super-player-auction-scraper/super-player-auction-scraper/logs/screenshots/page_loaded_20250923151336.png
2025-09-23 15:13:37,036 - scraper.selenium_scraper - INFO - Looking for auction cards...
2025-09-23 15:13:37,056 - scraper.selenium_scraper - INFO - Found 20 auction cards
2025-09-23 15:13:37,771 - scraper.selenium_scraper - INFO - Scraped tournament 1: KCL-2
2025-09-23 15:13:38,460 - scraper.selenium_scraper - INFO - Scraped tournament 2: Monsoon Box League Season 3
2025-09-23 15:13:39,143 - scraper.selenium_scraper - INFO - Scraped tournament 3: UPL CHAPTER 3.0 CRICKET TOURNAMENT
2025-09-23 15:13:39,822 - scraper.selenium_scraper - INFO - Scraped tournament 4: CHHATTISGARH LEAGUE OF LEGENDS
2025-09-23 15:13:40,502 - scraper.selenium_scraper - INFO - Scraped tournament 5: Elements Premier League (EPL)
2025-09-23 15:13:41,186 - scraper.selenium_scraper - INFO - Scraped tournament 6: JOI Premier League Auction Female
2025-09-23 15:13:41,864 - scraper.selenium_scraper - INFO - Scraped tournament 7: JOI Premier League Auction Male
2025-09-23 15:13:42,545 - scraper.selenium_scraper - INFO - Scraped tournament 8: RANUJ GAM CRICKET LEAGUE
2025-09-23 15:13:43,221 - scraper.selenium_scraper - INFO - Scraped tournament 9: United Premier League (Father's)
2025-09-23 15:13:43,901 - scraper.selenium_scraper - INFO - Scraped tournament 10: United Premier League Womens
2025-09-23 15:13:44,585 - scraper.selenium_scraper - INFO - Scraped tournament 11: BHAGALPUR CRICKET LEAGUE
2025-09-23 15:13:45,261 - scraper.selenium_scraper - INFO - Scraped tournament 12: NPL Titan Cup
2025-09-23 15:13:45,947 - scraper.selenium_scraper - INFO - Scraped tournament 13: VPL 2.0
2025-09-23 15:13:46,627 - scraper.selenium_scraper - INFO - Scraped tournament 14: BCL B.COM CRICKET LEAGUE
2025-09-23 15:13:47,306 - scraper.selenium_scraper - INFO - Scraped tournament 15: SPORTS ASSEMBLY PREMIER LEAGUE SEASON 9
2025-09-23 15:13:47,984 - scraper.selenium_scraper - INFO - Scraped tournament 16: SMN SMASHERS BELTHANGADY
2025-09-23 15:13:48,663 - scraper.selenium_scraper - INFO - Scraped tournament 17: UDYAWAR PREMIER LEAGUE
2025-09-23 15:13:49,339 - scraper.selenium_scraper - INFO - Scraped tournament 18: JPL-1 (JETAWADA PREMIER LEAGUE-1)
2025-09-23 15:13:50,023 - scraper.selenium_scraper - INFO - Scraped tournament 19: ANCHOR PREMIER LEAGUE - MALE
2025-09-23 15:13:50,700 - scraper.selenium_scraper - INFO - Scraped tournament 20: ANCHOR PREMIER LEAGUE - FEMALE
2025-09-23 15:13:50,700 - root - INFO - Successfully scraped 20 tournaments
2025-09-23 15:13:50,701 - root - INFO - Saved scraped data to /home/runner/work/super-player-auction-scraper/super-player-auction-scraper/data/tournament_data_20250923-151350.json
2025-09-23 15:13:50,701 - root - INFO - Initializing Graph API
2025-09-23 15:13:50,701 - excel.graph_api - INFO - Extracted file ID: 9e836ed5-f58f-4dc7-a969-3c62b255f3ea
2025-09-23 15:13:50,702 - excel.graph_api - INFO - Extracted site ID: CorpDevaaf94619130d4a79af9f3aeae502bdb5
2025-09-23 15:13:50,702 - root - INFO - Authenticating with Microsoft Graph API
2025-09-23 15:13:50,864 - excel.graph_api - INFO - Authentication successful
2025-09-23 15:13:50,864 - root - INFO - Updating Excel sheet with scraped data
2025-09-23 15:13:51,496 - excel.graph_api - INFO - Retrieved drive ID: b!MXUqfmBgAkyqAi_g7J1PO_6yKSWnHbZCs3mpe4EkYuX6d8izcdJxRb78S6OW5SIB
2025-09-23 15:13:52,688 - excel.graph_api - INFO - Retrieved 546 rows from Excel
2025-09-23 15:13:54,405 - excel.graph_api - INFO - Updating range A548:M549 with 2 new entries
2025-09-23 15:13:56,389 - excel.graph_api - INFO - Successfully added 2 new tournaments to Excel
2025-09-23 15:13:56,390 - root - INFO - Excel sheet updated successfully
2025-09-23 15:13:56,457 - scraper.selenium_scraper - INFO - Chrome driver closed
2025-09-23 15:13:56,457 - root - INFO - Selenium driver closed
2025-09-23 15:13:56,457 - root - INFO - Script execution completed
