2025-10-27 10:16:56,730 - root - INFO - Logger initialized successfully
2025-10-27 10:16:56,730 - root - INFO - Log file: /home/runner/work/super-player-auction-scraper/super-player-auction-scraper/logs/scraper_20251027_101656.log
2025-10-27 10:16:56,730 - root - INFO - Starting Super Player Auction scraper
2025-10-27 10:16:56,730 - utils.config - INFO - Credentials loaded from environment variables
2025-10-27 10:16:56,730 - utils.config - INFO - Settings loaded successfully
2025-10-27 10:16:56,730 - root - INFO - Initializing Selenium scraper
2025-10-27 10:16:56,730 - scraper.selenium_scraper - INFO - Running in GitHub Actions environment
2025-10-27 10:17:05,630 - scraper.selenium_scraper - INFO - Chrome driver initialized successfully
2025-10-27 10:17:05,630 - root - INFO - Scraping tournament data
2025-10-27 10:17:05,630 - scraper.selenium_scraper - INFO - Starting to scrape tournament data
2025-10-27 10:17:06,468 - scraper.selenium_scraper - INFO - Waiting for page to load...
2025-10-27 10:17:11,473 - scraper.selenium_scraper - INFO - Scrolling to load all auction cards...
2025-10-27 10:17:23,632 - scraper.selenium_scraper - INFO - Saved page screenshot to /home/runner/work/super-player-auction-scraper/super-player-auction-scraper/logs/screenshots/page_loaded_20251027101723.png
2025-10-27 10:17:23,632 - scraper.selenium_scraper - INFO - Looking for auction cards...
2025-10-27 10:17:23,672 - scraper.selenium_scraper - INFO - Found 20 auction cards
2025-10-27 10:17:24,395 - scraper.selenium_scraper - INFO - Scraped tournament 1: Phoenix Cricket Cup
2025-10-27 10:17:25,222 - scraper.selenium_scraper - INFO - Scraped tournament 2: Pathanamthitta Cricket League
2025-10-27 10:17:25,911 - scraper.selenium_scraper - INFO - Scraped tournament 3: JITO FAMILY TURF EVENT SEASON-8
2025-10-27 10:17:26,599 - scraper.selenium_scraper - INFO - Scraped tournament 4: YSL Season 6
2025-10-27 10:17:27,281 - scraper.selenium_scraper - INFO - Scraped tournament 5: TCC Premier Leage - Season 6
2025-10-27 10:17:27,960 - scraper.selenium_scraper - INFO - Scraped tournament 6: OPL Season 5
2025-10-27 10:17:28,642 - scraper.selenium_scraper - INFO - Scraped tournament 7: Kumbhar Premier league
2025-10-27 10:17:29,320 - scraper.selenium_scraper - INFO - Scraped tournament 8: Goan Premier League 2025
2025-10-27 10:17:30,006 - scraper.selenium_scraper - INFO - Scraped tournament 9: JAIN PREMIER LEAUGE NAWAPARA RAJIM -3
2025-10-27 10:17:30,689 - scraper.selenium_scraper - INFO - Scraped tournament 10: PANJIM GYMKHANA MEMBERS LEAGUE 2025
2025-10-27 10:17:31,378 - scraper.selenium_scraper - INFO - Scraped tournament 11: DDS PREMIER LEAGUE SEASON 3
2025-10-27 10:17:32,057 - scraper.selenium_scraper - INFO - Scraped tournament 12: ArjunDMUP
2025-10-27 10:17:32,734 - scraper.selenium_scraper - INFO - Scraped tournament 13: ABSA BUNTS CUP 4TH EDITION
2025-10-27 10:17:33,413 - scraper.selenium_scraper - INFO - Scraped tournament 14: NORTH INDIA CORPORATE CRICKET LEAGUE SEASON 1
2025-10-27 10:17:34,096 - scraper.selenium_scraper - INFO - Scraped tournament 15: MALKANGIRI PREMIER LEAGUE - 2025
2025-10-27 10:17:34,773 - scraper.selenium_scraper - INFO - Scraped tournament 16: EMIRATES PREMIER LEAGUE SEASON. 5
2025-10-27 10:17:35,463 - scraper.selenium_scraper - INFO - Scraped tournament 17: NUTRAJ Premier League
2025-10-27 10:17:36,187 - scraper.selenium_scraper - INFO - Scraped tournament 18: GHAZIABAD PREMIER LEAGUE 2025 "SEASON - 4"
2025-10-27 10:17:36,872 - scraper.selenium_scraper - INFO - Scraped tournament 19: VANJARI PREMIER LEAGUE 2025 "SEASON 4"
2025-10-27 10:17:37,562 - scraper.selenium_scraper - INFO - Scraped tournament 20: KARNATAKA SEERVI PREMIER LEAGUE -4
2025-10-27 10:17:37,562 - root - INFO - Successfully scraped 20 tournaments
2025-10-27 10:17:37,562 - root - INFO - Saved scraped data to /home/runner/work/super-player-auction-scraper/super-player-auction-scraper/data/tournament_data_20251027-101737.json
2025-10-27 10:17:37,563 - root - INFO - Initializing Graph API
2025-10-27 10:17:37,563 - excel.graph_api - INFO - Extracted file ID: 9e836ed5-f58f-4dc7-a969-3c62b255f3ea
2025-10-27 10:17:37,563 - excel.graph_api - INFO - Extracted site ID: CorpDevaaf94619130d4a79af9f3aeae502bdb5
2025-10-27 10:17:37,563 - root - INFO - Authenticating with Microsoft Graph API
2025-10-27 10:17:37,979 - excel.graph_api - INFO - Authentication successful
2025-10-27 10:17:37,980 - root - INFO - Updating Excel sheet with scraped data
2025-10-27 10:17:38,711 - excel.graph_api - INFO - Retrieved drive ID: b!MXUqfmBgAkyqAi_g7J1PO_6yKSWnHbZCs3mpe4EkYuX6d8izcdJxRb78S6OW5SIB
2025-10-27 10:17:40,004 - excel.graph_api - INFO - Retrieved 671 rows from Excel
2025-10-27 10:17:40,847 - excel.graph_api - INFO - Updating range A673:M674 with 2 new entries
2025-10-27 10:17:42,103 - excel.graph_api - INFO - Successfully added 2 new tournaments to Excel
2025-10-27 10:17:42,105 - root - INFO - Excel sheet updated successfully
2025-10-27 10:17:42,166 - scraper.selenium_scraper - INFO - Chrome driver closed
2025-10-27 10:17:42,166 - root - INFO - Selenium driver closed
2025-10-27 10:17:42,166 - root - INFO - Script execution completed
