2026-01-31 15:15:24,527 - root - INFO - Logger initialized successfully
2026-01-31 15:15:24,527 - root - INFO - Log file: /home/runner/work/super-player-auction-scraper/super-player-auction-scraper/logs/scraper_20260131_151524.log
2026-01-31 15:15:24,528 - root - INFO - Starting Super Player Auction scraper
2026-01-31 15:15:24,528 - utils.config - INFO - Credentials loaded from environment variables
2026-01-31 15:15:24,528 - utils.config - INFO - Settings loaded successfully
2026-01-31 15:15:24,528 - root - INFO - Initializing Selenium scraper
2026-01-31 15:15:24,528 - scraper.selenium_scraper - INFO - Running in GitHub Actions environment
2026-01-31 15:15:26,566 - selenium.webdriver.common.selenium_manager - WARNING - The chromedriver version (144.0.7559.96) detected in PATH at /usr/bin/chromedriver might not be compatible with the detected chrome version (144.0.7559.96); currently, chromedriver 144.0.7559.109 is recommended for chrome 144.*, so it is advised to delete the driver in PATH and retry
2026-01-31 15:15:32,627 - scraper.selenium_scraper - INFO - Chrome driver initialized successfully
2026-01-31 15:15:32,627 - root - INFO - Scraping tournament data
2026-01-31 15:15:32,627 - scraper.selenium_scraper - INFO - Starting to scrape tournament data
2026-01-31 15:15:33,344 - scraper.selenium_scraper - INFO - Waiting for page to load...
2026-01-31 15:15:38,350 - scraper.selenium_scraper - INFO - Scrolling to load all auction cards...
2026-01-31 15:15:50,467 - scraper.selenium_scraper - INFO - Saved page screenshot to /home/runner/work/super-player-auction-scraper/super-player-auction-scraper/logs/screenshots/page_loaded_20260131151550.png
2026-01-31 15:15:50,467 - scraper.selenium_scraper - INFO - Looking for auction cards...
2026-01-31 15:15:50,491 - scraper.selenium_scraper - INFO - Found 20 auction cards
2026-01-31 15:15:51,232 - scraper.selenium_scraper - INFO - Scraped tournament 1: ABPL - Season 5 | 2026 | Auction
2026-01-31 15:15:52,009 - scraper.selenium_scraper - INFO - Scraped tournament 2: SCG SEASON 4.0
2026-01-31 15:15:52,714 - scraper.selenium_scraper - INFO - Scraped tournament 3: ALOK PREMIER LEAGUE 3
2026-01-31 15:15:53,417 - scraper.selenium_scraper - INFO - Scraped tournament 4: APL
2026-01-31 15:15:54,118 - scraper.selenium_scraper - INFO - Scraped tournament 5: Shivaratri Cup
2026-01-31 15:15:54,825 - scraper.selenium_scraper - INFO - Scraped tournament 6: Calicut premier league Qatar
2026-01-31 15:15:55,533 - scraper.selenium_scraper - INFO - Scraped tournament 7: PGCL 2.O
2026-01-31 15:15:56,240 - scraper.selenium_scraper - INFO - Scraped tournament 8: SUBIC SRILANKAN PREMIER LEAGUE - SEASON 4 - 2026
2026-01-31 15:15:56,943 - scraper.selenium_scraper - INFO - Scraped tournament 9: MCPL 2026
2026-01-31 15:15:57,647 - scraper.selenium_scraper - INFO - Scraped tournament 10: SIKAR PREMIER LEAGUE 2025
2026-01-31 15:15:58,367 - scraper.selenium_scraper - INFO - Scraped tournament 11: SUPER FOOTBALL CHAMPIONSHIP
2026-01-31 15:15:59,074 - scraper.selenium_scraper - INFO - Scraped tournament 12: SRPL
2026-01-31 15:15:59,778 - scraper.selenium_scraper - INFO - Scraped tournament 13: DOCTORS PREMIER LEAGUE - 4
2026-01-31 15:16:00,488 - scraper.selenium_scraper - INFO - Scraped tournament 14: KALERA PREMIER LEAGUE SEASON 1
2026-01-31 15:16:01,198 - scraper.selenium_scraper - INFO - Scraped tournament 15: FCC CUP SEASON 4
2026-01-31 15:16:01,899 - scraper.selenium_scraper - INFO - Scraped tournament 16: SINDHI PREMIER LEAGUE-5
2026-01-31 15:16:02,606 - scraper.selenium_scraper - INFO - Scraped tournament 17: Awadhpuri Auction
2026-01-31 15:16:03,311 - scraper.selenium_scraper - INFO - Scraped tournament 18: Sindhi Premier League
2026-01-31 15:16:04,023 - scraper.selenium_scraper - INFO - Scraped tournament 19: Zoroastrian Volleyball Premier League
2026-01-31 15:16:04,730 - scraper.selenium_scraper - INFO - Scraped tournament 20: URKURA T10 CRICKET
2026-01-31 15:16:04,730 - root - INFO - Successfully scraped 20 tournaments
2026-01-31 15:16:04,731 - root - INFO - Saved scraped data to /home/runner/work/super-player-auction-scraper/super-player-auction-scraper/data/tournament_data_20260131-151604.json
2026-01-31 15:16:04,731 - root - INFO - Initializing Graph API
2026-01-31 15:16:04,731 - excel.graph_api - INFO - Extracted file ID: 9e836ed5-f58f-4dc7-a969-3c62b255f3ea
2026-01-31 15:16:04,731 - excel.graph_api - INFO - Extracted site ID: CorpDevaaf94619130d4a79af9f3aeae502bdb5
2026-01-31 15:16:04,732 - root - INFO - Authenticating with Microsoft Graph API
2026-01-31 15:16:05,116 - excel.graph_api - INFO - Authentication successful
2026-01-31 15:16:05,116 - root - INFO - Updating Excel sheet with scraped data
2026-01-31 15:16:05,894 - excel.graph_api - INFO - Retrieved drive ID: b!MXUqfmBgAkyqAi_g7J1PO_6yKSWnHbZCs3mpe4EkYuX6d8izcdJxRb78S6OW5SIB
2026-01-31 15:16:07,622 - excel.graph_api - INFO - Retrieved 1161 rows from Excel
2026-01-31 15:16:09,472 - excel.graph_api - INFO - No new tournaments to add
2026-01-31 15:16:09,473 - root - INFO - Excel sheet updated successfully
2026-01-31 15:16:09,553 - scraper.selenium_scraper - INFO - Chrome driver closed
2026-01-31 15:16:09,553 - root - INFO - Selenium driver closed
2026-01-31 15:16:09,553 - root - INFO - Script execution completed
