2026-04-15 10:54:03,871 - root - INFO - Logger initialized successfully
2026-04-15 10:54:03,871 - root - INFO - Log file: /home/runner/work/super-player-auction-scraper/super-player-auction-scraper/logs/scraper_20260415_105403.log
2026-04-15 10:54:03,871 - root - INFO - Starting Super Player Auction scraper
2026-04-15 10:54:03,871 - utils.config - INFO - Credentials loaded from environment variables
2026-04-15 10:54:03,871 - utils.config - INFO - Settings loaded successfully
2026-04-15 10:54:03,871 - root - INFO - Initializing Selenium scraper
2026-04-15 10:54:03,871 - scraper.selenium_scraper - INFO - Running in GitHub Actions environment
2026-04-15 10:54:12,774 - scraper.selenium_scraper - INFO - Chrome driver initialized successfully
2026-04-15 10:54:12,774 - root - INFO - Scraping tournament data
2026-04-15 10:54:12,774 - scraper.selenium_scraper - INFO - Starting to scrape tournament data
2026-04-15 10:54:13,594 - scraper.selenium_scraper - INFO - Waiting for page to load...
2026-04-15 10:54:18,598 - scraper.selenium_scraper - INFO - Scrolling to load all auction cards...
2026-04-15 10:54:30,729 - scraper.selenium_scraper - INFO - Saved page screenshot to /home/runner/work/super-player-auction-scraper/super-player-auction-scraper/logs/screenshots/page_loaded_20260415105430.png
2026-04-15 10:54:30,729 - scraper.selenium_scraper - INFO - Looking for auction cards...
2026-04-15 10:54:30,753 - scraper.selenium_scraper - INFO - Found 20 auction cards
2026-04-15 10:54:31,463 - scraper.selenium_scraper - INFO - Scraped tournament 1: Big Daddy League
2026-04-15 10:54:32,163 - scraper.selenium_scraper - INFO - Scraped tournament 2: Vagad Football League 2026
2026-04-15 10:54:32,841 - scraper.selenium_scraper - INFO - Scraped tournament 3: MGPL CRICKET TOURNAMENT
2026-04-15 10:54:33,514 - scraper.selenium_scraper - INFO - Scraped tournament 4: SmashIT v8, 2026
2026-04-15 10:54:34,182 - scraper.selenium_scraper - INFO - Scraped tournament 5: Chhattisgarh Cricket Champions League T20
2026-04-15 10:54:34,854 - scraper.selenium_scraper - INFO - Scraped tournament 6: ROHAT PREMIER LEAGUE
2026-04-15 10:54:35,527 - scraper.selenium_scraper - INFO - Scraped tournament 7: SUPER FOOTBALL CHAMPIONSHIP
2026-04-15 10:54:36,200 - scraper.selenium_scraper - INFO - Scraped tournament 8: Auction Demo Jodi
2026-04-15 10:54:36,876 - scraper.selenium_scraper - INFO - Scraped tournament 9: Super Cricket League
2026-04-15 10:54:37,545 - scraper.selenium_scraper - INFO - Scraped tournament 10: SIKAR PREMIER LEAGUE 2025
2026-04-15 10:54:38,215 - scraper.selenium_scraper - INFO - Scraped tournament 11: BJP
2026-04-15 10:54:38,882 - scraper.selenium_scraper - INFO - Scraped tournament 12: SUPER LEAGUE GROUP
2026-04-15 10:54:39,549 - scraper.selenium_scraper - INFO - Scraped tournament 13: SUPER CRICKET LEAGUE
2026-04-15 10:54:40,255 - scraper.selenium_scraper - INFO - Scraped tournament 14: PANTHERS CUP
2026-04-15 10:54:40,928 - scraper.selenium_scraper - INFO - Scraped tournament 15: Ador Premier League Season 6
2026-04-15 10:54:41,603 - scraper.selenium_scraper - INFO - Scraped tournament 16: UKPL 2026
2026-04-15 10:54:42,276 - scraper.selenium_scraper - INFO - Scraped tournament 17: Gaon Premier League 2026 Season 7
2026-04-15 10:54:42,950 - scraper.selenium_scraper - INFO - Scraped tournament 18: Mohba Bazar Premier League Season 14
2026-04-15 10:54:43,628 - scraper.selenium_scraper - INFO - Scraped tournament 19: Rohtak Cricket League
2026-04-15 10:54:44,297 - scraper.selenium_scraper - INFO - Scraped tournament 20: Beyond Boundaries
2026-04-15 10:54:44,297 - root - INFO - Successfully scraped 20 tournaments
2026-04-15 10:54:44,298 - root - INFO - Saved scraped data to /home/runner/work/super-player-auction-scraper/super-player-auction-scraper/data/tournament_data_20260415-105444.json
2026-04-15 10:54:44,298 - root - INFO - Initializing Graph API
2026-04-15 10:54:44,298 - excel.graph_api - INFO - Extracted file ID: 9e836ed5-f58f-4dc7-a969-3c62b255f3ea
2026-04-15 10:54:44,298 - excel.graph_api - INFO - Extracted site ID: CorpDevaaf94619130d4a79af9f3aeae502bdb5
2026-04-15 10:54:44,298 - root - INFO - Authenticating with Microsoft Graph API
2026-04-15 10:54:44,648 - excel.graph_api - INFO - Authentication successful
2026-04-15 10:54:44,649 - root - INFO - Updating Excel sheet with scraped data
2026-04-15 10:54:45,464 - excel.graph_api - INFO - Retrieved drive ID: b!MXUqfmBgAkyqAi_g7J1PO_6yKSWnHbZCs3mpe4EkYuX6d8izcdJxRb78S6OW5SIB
2026-04-15 10:54:49,076 - excel.graph_api - INFO - Retrieved 1476 rows from Excel
2026-04-15 10:54:52,003 - excel.graph_api - INFO - Updating range A1478:P1481 with 4 new entries
2026-04-15 10:54:54,860 - excel.graph_api - INFO - Successfully added 4 new tournaments to Excel
2026-04-15 10:54:54,862 - root - INFO - Excel sheet updated successfully
2026-04-15 10:54:54,927 - scraper.selenium_scraper - INFO - Chrome driver closed
2026-04-15 10:54:54,927 - root - INFO - Selenium driver closed
2026-04-15 10:54:54,927 - root - INFO - Script execution completed
