2026-06-13 11:49:50,262 - root - INFO - Logger initialized successfully
2026-06-13 11:49:50,262 - root - INFO - Log file: /home/runner/work/super-player-auction-scraper/super-player-auction-scraper/logs/scraper_20260613_114950.log
2026-06-13 11:49:50,262 - root - INFO - Starting Super Player Auction scraper
2026-06-13 11:49:50,263 - utils.config - INFO - Credentials loaded from environment variables
2026-06-13 11:49:50,263 - utils.config - INFO - Settings loaded successfully
2026-06-13 11:49:50,263 - root - INFO - Initializing Selenium scraper
2026-06-13 11:49:50,263 - scraper.selenium_scraper - INFO - Running in GitHub Actions environment
2026-06-13 11:49:51,554 - selenium.webdriver.common.selenium_manager - WARNING - The chromedriver version (149.0.7827.54) detected in PATH at /usr/bin/chromedriver might not be compatible with the detected chrome version (149.0.7827.53); currently, chromedriver 149.0.7827.115 is recommended for chrome 149.*, so it is advised to delete the driver in PATH and retry
2026-06-13 11:49:56,037 - scraper.selenium_scraper - INFO - Chrome driver initialized successfully
2026-06-13 11:49:56,038 - root - INFO - Scraping tournament data
2026-06-13 11:49:56,038 - scraper.selenium_scraper - INFO - Starting to scrape tournament data
2026-06-13 11:49:57,050 - scraper.selenium_scraper - INFO - Waiting for page to load...
2026-06-13 11:50:02,055 - scraper.selenium_scraper - INFO - Scrolling to load all auction cards...
2026-06-13 11:50:14,217 - scraper.selenium_scraper - INFO - Saved page screenshot to /home/runner/work/super-player-auction-scraper/super-player-auction-scraper/logs/screenshots/page_loaded_20260613115014.png
2026-06-13 11:50:14,217 - scraper.selenium_scraper - INFO - Looking for auction cards...
2026-06-13 11:50:14,240 - scraper.selenium_scraper - INFO - Found 20 auction cards
2026-06-13 11:50:14,973 - scraper.selenium_scraper - INFO - Scraped tournament 1: RRC - JEET KI JUNG
2026-06-13 11:50:15,666 - scraper.selenium_scraper - INFO - Scraped tournament 2: SUPER FOOTBALL CHAMPIONSHIP
2026-06-13 11:50:16,389 - scraper.selenium_scraper - INFO - Scraped tournament 3: KHATRI CHAMPIONS LEAGUE 2026
2026-06-13 11:50:17,082 - scraper.selenium_scraper - INFO - Scraped tournament 4: पोकरण प्रीमियर लीग
2026-06-13 11:50:17,777 - scraper.selenium_scraper - INFO - Scraped tournament 5: DB CUP
2026-06-13 11:50:18,474 - scraper.selenium_scraper - INFO - Scraped tournament 6: Dream UTT Juniors Season 2
2026-06-13 11:50:19,167 - scraper.selenium_scraper - INFO - Scraped tournament 7: REPUBLIC CUP 2.0
2026-06-13 11:50:19,859 - scraper.selenium_scraper - INFO - Scraped tournament 8: Auction Demo Jodi
2026-06-13 11:50:20,554 - scraper.selenium_scraper - INFO - Scraped tournament 9: Super Cricket League
2026-06-13 11:50:21,247 - scraper.selenium_scraper - INFO - Scraped tournament 10: SIKAR PREMIER LEAGUE 2025
2026-06-13 11:50:21,948 - scraper.selenium_scraper - INFO - Scraped tournament 11: BJP
2026-06-13 11:50:22,639 - scraper.selenium_scraper - INFO - Scraped tournament 12: SUPER LEAGUE GROUP
2026-06-13 11:50:23,329 - scraper.selenium_scraper - INFO - Scraped tournament 13: SUPER CRICKET LEAGUE
2026-06-13 11:50:24,020 - scraper.selenium_scraper - INFO - Scraped tournament 14: SYNERGY CRICKET CLUB
2026-06-13 11:50:24,715 - scraper.selenium_scraper - INFO - Scraped tournament 15: ANNANUR PREMIER LEAGUE (APL)SEASON -3(2026)
2026-06-13 11:50:25,407 - scraper.selenium_scraper - INFO - Scraped tournament 16: Maheshwari Premier League
2026-06-13 11:50:26,102 - scraper.selenium_scraper - INFO - Scraped tournament 17: CPL season 3
2026-06-13 11:50:26,793 - scraper.selenium_scraper - INFO - Scraped tournament 18: KPL 2026
2026-06-13 11:50:27,483 - scraper.selenium_scraper - INFO - Scraped tournament 19: PALAKKAD CRICKET LEAGUE SEASON 2 - 2026
2026-06-13 11:50:28,189 - scraper.selenium_scraper - INFO - Scraped tournament 20: JITO Pitch × Profit Powered By Sharp Ply
2026-06-13 11:50:28,189 - root - INFO - Successfully scraped 20 tournaments
2026-06-13 11:50:28,189 - root - INFO - Saved scraped data to /home/runner/work/super-player-auction-scraper/super-player-auction-scraper/data/tournament_data_20260613-115028.json
2026-06-13 11:50:28,189 - root - INFO - Initializing Graph API
2026-06-13 11:50:28,190 - excel.graph_api - INFO - Extracted file ID: 9e836ed5-f58f-4dc7-a969-3c62b255f3ea
2026-06-13 11:50:28,190 - excel.graph_api - INFO - Extracted site ID: CorpDevaaf94619130d4a79af9f3aeae502bdb5
2026-06-13 11:50:28,190 - root - INFO - Authenticating with Microsoft Graph API
2026-06-13 11:50:28,734 - excel.graph_api - INFO - Authentication successful
2026-06-13 11:50:28,734 - root - INFO - Updating Excel sheet with scraped data
2026-06-13 11:50:29,801 - excel.graph_api - INFO - Retrieved drive ID: b!MXUqfmBgAkyqAi_g7J1PO_6yKSWnHbZCs3mpe4EkYuX6d8izcdJxRb78S6OW5SIB
2026-06-13 11:50:31,217 - excel.graph_api - INFO - Retrieved 1685 rows from Excel
2026-06-13 11:50:32,247 - excel.graph_api - INFO - Updating range A1687:Z1687 with 1 new entries
2026-06-13 11:50:33,240 - excel.graph_api - INFO - Successfully added 1 new tournaments to Excel
2026-06-13 11:50:33,242 - root - INFO - Excel sheet updated successfully
2026-06-13 11:50:33,320 - scraper.selenium_scraper - INFO - Chrome driver closed
2026-06-13 11:50:33,320 - root - INFO - Selenium driver closed
2026-06-13 11:50:33,320 - root - INFO - Script execution completed
