2026-03-01 10:18:34,966 - root - INFO - Logger initialized successfully
2026-03-01 10:18:34,966 - root - INFO - Log file: /home/runner/work/super-player-auction-scraper/super-player-auction-scraper/logs/scraper_20260301_101834.log
2026-03-01 10:18:34,967 - root - INFO - Starting Super Player Auction scraper
2026-03-01 10:18:34,967 - utils.config - INFO - Credentials loaded from environment variables
2026-03-01 10:18:34,967 - utils.config - INFO - Settings loaded successfully
2026-03-01 10:18:34,967 - root - INFO - Initializing Selenium scraper
2026-03-01 10:18:34,967 - scraper.selenium_scraper - INFO - Running in GitHub Actions environment
2026-03-01 10:18:44,028 - scraper.selenium_scraper - INFO - Chrome driver initialized successfully
2026-03-01 10:18:44,028 - root - INFO - Scraping tournament data
2026-03-01 10:18:44,028 - scraper.selenium_scraper - INFO - Starting to scrape tournament data
2026-03-01 10:18:44,822 - scraper.selenium_scraper - INFO - Waiting for page to load...
2026-03-01 10:18:49,827 - scraper.selenium_scraper - INFO - Scrolling to load all auction cards...
2026-03-01 10:19:02,009 - scraper.selenium_scraper - INFO - Saved page screenshot to /home/runner/work/super-player-auction-scraper/super-player-auction-scraper/logs/screenshots/page_loaded_20260301101901.png
2026-03-01 10:19:02,009 - scraper.selenium_scraper - INFO - Looking for auction cards...
2026-03-01 10:19:02,044 - scraper.selenium_scraper - INFO - Found 20 auction cards
2026-03-01 10:19:02,772 - scraper.selenium_scraper - INFO - Scraped tournament 1: RELIANCE SPL 2026
2026-03-01 10:19:03,565 - scraper.selenium_scraper - INFO - Scraped tournament 2: Hind Sporting Premier League
2026-03-01 10:19:04,254 - scraper.selenium_scraper - INFO - Scraped tournament 3: MCPL 2026
2026-03-01 10:19:04,946 - scraper.selenium_scraper - INFO - Scraped tournament 4: SIKAR PREMIER LEAGUE 2025
2026-03-01 10:19:05,635 - scraper.selenium_scraper - INFO - Scraped tournament 5: ROHAT PREMIER LEAGUE
2026-03-01 10:19:06,328 - scraper.selenium_scraper - INFO - Scraped tournament 6: SUPER FOOTBALL CHAMPIONSHIP
2026-03-01 10:19:07,018 - scraper.selenium_scraper - INFO - Scraped tournament 7: REPUBLIC CUP 2.0
2026-03-01 10:19:07,710 - scraper.selenium_scraper - INFO - Scraped tournament 8: NPL
2026-03-01 10:19:08,399 - scraper.selenium_scraper - INFO - Scraped tournament 9: BJP
2026-03-01 10:19:09,094 - scraper.selenium_scraper - INFO - Scraped tournament 10: SUPER CRICKRT LEAGUE - MAHIPAL
2026-03-01 10:19:09,791 - scraper.selenium_scraper - INFO - Scraped tournament 11: QIFF EASAKA MEMORIAL 7S FOOTBALL TOURNAMENT
2026-03-01 10:19:10,480 - scraper.selenium_scraper - INFO - Scraped tournament 12: Smaash Premier League -4 Auctions
2026-03-01 10:19:11,167 - scraper.selenium_scraper - INFO - Scraped tournament 13: PDX Cricket League 2026
2026-03-01 10:19:11,859 - scraper.selenium_scraper - INFO - Scraped tournament 14: KPCJAA SPORTS LEAGUE 2026
2026-03-01 10:19:12,546 - scraper.selenium_scraper - INFO - Scraped tournament 15: छत्रपती करंडक 2026
2026-03-01 10:19:13,258 - scraper.selenium_scraper - INFO - Scraped tournament 16: Ichapuram Premier League Organized By ICC
2026-03-01 10:19:13,968 - scraper.selenium_scraper - INFO - Scraped tournament 17: PRAHAR PREMIER LEAGUE 2026
2026-03-01 10:19:14,656 - scraper.selenium_scraper - INFO - Scraped tournament 18: TMCC T10 Cricket Tournament 8th Edition
2026-03-01 10:19:15,359 - scraper.selenium_scraper - INFO - Scraped tournament 19: WINNERS PREMIER LEAGUE, AYYAMPUZHA, SEASON 5
2026-03-01 10:19:16,052 - scraper.selenium_scraper - INFO - Scraped tournament 20: JITO CRICKET LEAGUE 3.0
2026-03-01 10:19:16,052 - root - INFO - Successfully scraped 20 tournaments
2026-03-01 10:19:16,052 - root - INFO - Saved scraped data to /home/runner/work/super-player-auction-scraper/super-player-auction-scraper/data/tournament_data_20260301-101916.json
2026-03-01 10:19:16,052 - root - INFO - Initializing Graph API
2026-03-01 10:19:16,053 - excel.graph_api - INFO - Extracted file ID: 9e836ed5-f58f-4dc7-a969-3c62b255f3ea
2026-03-01 10:19:16,053 - excel.graph_api - INFO - Extracted site ID: CorpDevaaf94619130d4a79af9f3aeae502bdb5
2026-03-01 10:19:16,053 - root - INFO - Authenticating with Microsoft Graph API
2026-03-01 10:19:16,201 - excel.graph_api - INFO - Authentication successful
2026-03-01 10:19:16,201 - root - INFO - Updating Excel sheet with scraped data
2026-03-01 10:19:16,573 - excel.graph_api - INFO - Retrieved drive ID: b!MXUqfmBgAkyqAi_g7J1PO_6yKSWnHbZCs3mpe4EkYuX6d8izcdJxRb78S6OW5SIB
2026-03-01 10:19:17,913 - excel.graph_api - INFO - Retrieved 1288 rows from Excel
2026-03-01 10:19:18,921 - excel.graph_api - INFO - Updating range A1290:M1296 with 7 new entries
2026-03-01 10:19:19,981 - excel.graph_api - INFO - Successfully added 7 new tournaments to Excel
2026-03-01 10:19:19,983 - root - INFO - Excel sheet updated successfully
2026-03-01 10:19:20,065 - scraper.selenium_scraper - INFO - Chrome driver closed
2026-03-01 10:19:20,065 - root - INFO - Selenium driver closed
2026-03-01 10:19:20,065 - root - INFO - Script execution completed
