2025-10-04 15:10:55,129 - root - INFO - Logger initialized successfully
2025-10-04 15:10:55,129 - root - INFO - Log file: /home/runner/work/super-player-auction-scraper/super-player-auction-scraper/logs/scraper_20251004_151055.log
2025-10-04 15:10:55,129 - root - INFO - Starting Super Player Auction scraper
2025-10-04 15:10:55,129 - utils.config - INFO - Credentials loaded from environment variables
2025-10-04 15:10:55,129 - utils.config - INFO - Settings loaded successfully
2025-10-04 15:10:55,129 - root - INFO - Initializing Selenium scraper
2025-10-04 15:10:55,129 - scraper.selenium_scraper - INFO - Running in GitHub Actions environment
2025-10-04 15:11:12,802 - scraper.selenium_scraper - INFO - Chrome driver initialized successfully
2025-10-04 15:11:12,802 - root - INFO - Scraping tournament data
2025-10-04 15:11:12,802 - scraper.selenium_scraper - INFO - Starting to scrape tournament data
2025-10-04 15:11:14,453 - scraper.selenium_scraper - INFO - Waiting for page to load...
2025-10-04 15:11:19,458 - scraper.selenium_scraper - INFO - Scrolling to load all auction cards...
2025-10-04 15:11:31,590 - scraper.selenium_scraper - INFO - Saved page screenshot to /home/runner/work/super-player-auction-scraper/super-player-auction-scraper/logs/screenshots/page_loaded_20251004151131.png
2025-10-04 15:11:31,591 - scraper.selenium_scraper - INFO - Looking for auction cards...
2025-10-04 15:11:31,625 - scraper.selenium_scraper - INFO - Found 20 auction cards
2025-10-04 15:11:32,377 - scraper.selenium_scraper - INFO - Scraped tournament 1: 2N_DESIGNER'S PREMIER LEAGUE SEASON IV
2025-10-04 15:11:33,169 - scraper.selenium_scraper - INFO - Scraped tournament 2: SHIMOGA PREMIER BADMINTON LEAGUE 2.O
2025-10-04 15:11:33,852 - scraper.selenium_scraper - INFO - Scraped tournament 3: Monsoon Box League Season 3
2025-10-04 15:11:34,535 - scraper.selenium_scraper - INFO - Scraped tournament 4: CHHATTISGARH LEAGUE OF LEGENDS
2025-10-04 15:11:35,218 - scraper.selenium_scraper - INFO - Scraped tournament 5: RANUJ GAM CRICKET LEAGUE
2025-10-04 15:11:35,900 - scraper.selenium_scraper - INFO - Scraped tournament 6: DPL SEASON 6 AUCTION
2025-10-04 15:11:36,584 - scraper.selenium_scraper - INFO - Scraped tournament 7: K. PATEL - SSPS CRICKET LEAGUE SEASON 8
2025-10-04 15:11:37,265 - scraper.selenium_scraper - INFO - Scraped tournament 8: Apna Gally Cricket League 2025
2025-10-04 15:11:37,952 - scraper.selenium_scraper - INFO - Scraped tournament 9: JUNIOR PREMIER LEAGUE 2025
2025-10-04 15:11:38,632 - scraper.selenium_scraper - INFO - Scraped tournament 10: MPL
2025-10-04 15:11:39,313 - scraper.selenium_scraper - INFO - Scraped tournament 11: GUJARAT PANCHAYAT LEAGUE SEASON-7 MEHSANA
2025-10-04 15:11:39,999 - scraper.selenium_scraper - INFO - Scraped tournament 12: Marina Cricket League
2025-10-04 15:11:40,679 - scraper.selenium_scraper - INFO - Scraped tournament 13: BHAGALPUR CRICKET LEAGUE
2025-10-04 15:11:41,357 - scraper.selenium_scraper - INFO - Scraped tournament 14: United Premier League (Father's)
2025-10-04 15:11:42,038 - scraper.selenium_scraper - INFO - Scraped tournament 15: United Premier League Womens
2025-10-04 15:11:42,720 - scraper.selenium_scraper - INFO - Scraped tournament 16: Pond Premier League - Whispering Palms Season 1
2025-10-04 15:11:43,401 - scraper.selenium_scraper - INFO - Scraped tournament 17: SmashIT v7 2025
2025-10-04 15:11:44,081 - scraper.selenium_scraper - INFO - Scraped tournament 18: KASRODIANS PREMIER LEAGUE SEASON -5
2025-10-04 15:11:44,761 - scraper.selenium_scraper - INFO - Scraped tournament 19: Dambab Premier League 2025
2025-10-04 15:11:45,449 - scraper.selenium_scraper - INFO - Scraped tournament 20: NPL Titan Cup
2025-10-04 15:11:45,449 - root - INFO - Successfully scraped 20 tournaments
2025-10-04 15:11:45,450 - root - INFO - Saved scraped data to /home/runner/work/super-player-auction-scraper/super-player-auction-scraper/data/tournament_data_20251004-151145.json
2025-10-04 15:11:45,450 - root - INFO - Initializing Graph API
2025-10-04 15:11:45,450 - excel.graph_api - INFO - Extracted file ID: 9e836ed5-f58f-4dc7-a969-3c62b255f3ea
2025-10-04 15:11:45,450 - excel.graph_api - INFO - Extracted site ID: CorpDevaaf94619130d4a79af9f3aeae502bdb5
2025-10-04 15:11:45,450 - root - INFO - Authenticating with Microsoft Graph API
2025-10-04 15:11:45,722 - excel.graph_api - INFO - Authentication successful
2025-10-04 15:11:45,722 - root - INFO - Updating Excel sheet with scraped data
2025-10-04 15:11:46,358 - excel.graph_api - INFO - Retrieved drive ID: b!MXUqfmBgAkyqAi_g7J1PO_6yKSWnHbZCs3mpe4EkYuX6d8izcdJxRb78S6OW5SIB
2025-10-04 15:11:47,380 - excel.graph_api - INFO - Retrieved 582 rows from Excel
2025-10-04 15:11:48,008 - excel.graph_api - INFO - Updating range A584:M584 with 1 new entries
2025-10-04 15:11:48,902 - excel.graph_api - INFO - Successfully added 1 new tournaments to Excel
2025-10-04 15:11:48,904 - root - INFO - Excel sheet updated successfully
2025-10-04 15:11:48,972 - scraper.selenium_scraper - INFO - Chrome driver closed
2025-10-04 15:11:48,972 - root - INFO - Selenium driver closed
2025-10-04 15:11:48,972 - root - INFO - Script execution completed
