2025-11-30 15:12:26,561 - root - INFO - Logger initialized successfully
2025-11-30 15:12:26,561 - root - INFO - Log file: /home/runner/work/super-player-auction-scraper/super-player-auction-scraper/logs/scraper_20251130_151226.log
2025-11-30 15:12:26,562 - root - INFO - Starting Super Player Auction scraper
2025-11-30 15:12:26,562 - utils.config - INFO - Credentials loaded from environment variables
2025-11-30 15:12:26,562 - utils.config - INFO - Settings loaded successfully
2025-11-30 15:12:26,562 - root - INFO - Initializing Selenium scraper
2025-11-30 15:12:26,562 - scraper.selenium_scraper - INFO - Running in GitHub Actions environment
2025-11-30 15:12:28,059 - selenium.webdriver.common.selenium_manager - WARNING - The chromedriver version (142.0.7444.162) detected in PATH at /usr/bin/chromedriver might not be compatible with the detected chrome version (142.0.7444.162); currently, chromedriver 142.0.7444.175 is recommended for chrome 142.*, so it is advised to delete the driver in PATH and retry
2025-11-30 15:12:33,474 - scraper.selenium_scraper - INFO - Chrome driver initialized successfully
2025-11-30 15:12:33,474 - root - INFO - Scraping tournament data
2025-11-30 15:12:33,474 - scraper.selenium_scraper - INFO - Starting to scrape tournament data
2025-11-30 15:12:34,433 - scraper.selenium_scraper - INFO - Waiting for page to load...
2025-11-30 15:12:39,438 - scraper.selenium_scraper - INFO - Scrolling to load all auction cards...
2025-11-30 15:12:51,576 - scraper.selenium_scraper - INFO - Saved page screenshot to /home/runner/work/super-player-auction-scraper/super-player-auction-scraper/logs/screenshots/page_loaded_20251130151251.png
2025-11-30 15:12:51,576 - scraper.selenium_scraper - INFO - Looking for auction cards...
2025-11-30 15:12:51,612 - scraper.selenium_scraper - INFO - Found 20 auction cards
2025-11-30 15:12:52,330 - scraper.selenium_scraper - INFO - Scraped tournament 1: ABSA BUNTS CUP 4TH EDITION
2025-11-30 15:12:53,047 - scraper.selenium_scraper - INFO - Scraped tournament 2: Parle Premier League Season 6 (Mens)
2025-11-30 15:12:53,741 - scraper.selenium_scraper - INFO - Scraped tournament 3: Parle Premier League Season 6 (Womens)
2025-11-30 15:12:54,426 - scraper.selenium_scraper - INFO - Scraped tournament 4: TCL Mega 4.0
2025-11-30 15:12:55,110 - scraper.selenium_scraper - INFO - Scraped tournament 5: RCBP Pier Premier League 2025.
2025-11-30 15:12:55,803 - scraper.selenium_scraper - INFO - Scraped tournament 6: CCL 2.0 PREMIER LEAGUE SEASON 1
2025-11-30 15:12:56,490 - scraper.selenium_scraper - INFO - Scraped tournament 7: Chhattisgarh Legends Premier League - 2025
2025-11-30 15:12:57,175 - scraper.selenium_scraper - INFO - Scraped tournament 8: Bhatkal Premier League - 2026
2025-11-30 15:12:57,861 - scraper.selenium_scraper - INFO - Scraped tournament 9: Sindhi Premier League 6.0
2025-11-30 15:12:58,548 - scraper.selenium_scraper - INFO - Scraped tournament 10: Brotherhood Youth Premier League Season-2 2025-26
2025-11-30 15:12:59,238 - scraper.selenium_scraper - INFO - Scraped tournament 11: ⁠RTPL 7.0
2025-11-30 15:12:59,920 - scraper.selenium_scraper - INFO - Scraped tournament 12: CHERKALA CRICKET LEAGUE
2025-11-30 15:13:00,607 - scraper.selenium_scraper - INFO - Scraped tournament 13: MORNING PREMIER LEAGUE
2025-11-30 15:13:01,293 - scraper.selenium_scraper - INFO - Scraped tournament 14: Streamify Cup Open Category
2025-11-30 15:13:01,977 - scraper.selenium_scraper - INFO - Scraped tournament 15: CHAMPIONS LEAGUE FOOTBALL SEASON 4
2025-11-30 15:13:02,663 - scraper.selenium_scraper - INFO - Scraped tournament 16: Delta Football League
2025-11-30 15:13:03,348 - scraper.selenium_scraper - INFO - Scraped tournament 17: Amleshwar Big Bash Dhamaka
2025-11-30 15:13:04,039 - scraper.selenium_scraper - INFO - Scraped tournament 18: SUPER FOOTBALL CHAMPIONSHIP
2025-11-30 15:13:04,734 - scraper.selenium_scraper - INFO - Scraped tournament 19: Arjun DEMO
2025-11-30 15:13:05,437 - scraper.selenium_scraper - INFO - Scraped tournament 20: KHAMHRIA PREMIERE LEAGUE -2025 SEASON - 02
2025-11-30 15:13:05,437 - root - INFO - Successfully scraped 20 tournaments
2025-11-30 15:13:05,438 - root - INFO - Saved scraped data to /home/runner/work/super-player-auction-scraper/super-player-auction-scraper/data/tournament_data_20251130-151305.json
2025-11-30 15:13:05,438 - root - INFO - Initializing Graph API
2025-11-30 15:13:05,438 - excel.graph_api - INFO - Extracted file ID: 9e836ed5-f58f-4dc7-a969-3c62b255f3ea
2025-11-30 15:13:05,438 - excel.graph_api - INFO - Extracted site ID: CorpDevaaf94619130d4a79af9f3aeae502bdb5
2025-11-30 15:13:05,438 - root - INFO - Authenticating with Microsoft Graph API
2025-11-30 15:13:05,646 - excel.graph_api - ERROR - Authentication failed: AADSTS7000222: The provided client secret keys for app 'f45467f0-629b-4712-a029-cd1289854747' are expired. Visit the Azure portal to create new keys for your app: https://aka.ms/NewClientSecret, or consider using certificate credentials for added security: https://aka.ms/certCreds. Trace ID: f8f54b49-97e2-459b-866f-d1c50d2c8601 Correlation ID: 020ecb0b-6cc0-4d8f-b46c-57698a446855 Timestamp: 2025-11-30 15:13:05Z
2025-11-30 15:13:05,647 - root - ERROR - Failed to authenticate with Microsoft Graph API
2025-11-30 15:13:05,717 - scraper.selenium_scraper - INFO - Chrome driver closed
2025-11-30 15:13:05,717 - root - INFO - Selenium driver closed
2025-11-30 15:13:05,717 - root - INFO - Script execution completed
