2026-03-23 15:53:51,242 - root - INFO - Logger initialized successfully
2026-03-23 15:53:51,242 - root - INFO - Log file: /home/runner/work/super-player-auction-scraper/super-player-auction-scraper/logs/scraper_20260323_155351.log
2026-03-23 15:53:51,242 - root - INFO - Starting Super Player Auction scraper
2026-03-23 15:53:51,242 - utils.config - INFO - Credentials loaded from environment variables
2026-03-23 15:53:51,242 - utils.config - INFO - Settings loaded successfully
2026-03-23 15:53:51,242 - root - INFO - Initializing Selenium scraper
2026-03-23 15:53:51,242 - scraper.selenium_scraper - INFO - Running in GitHub Actions environment
2026-03-23 15:54:12,964 - scraper.selenium_scraper - INFO - Chrome driver initialized successfully
2026-03-23 15:54:12,964 - root - INFO - Scraping tournament data
2026-03-23 15:54:12,964 - scraper.selenium_scraper - INFO - Starting to scrape tournament data
2026-03-23 15:54:14,845 - scraper.selenium_scraper - INFO - Waiting for page to load...
2026-03-23 15:54:19,850 - scraper.selenium_scraper - INFO - Scrolling to load all auction cards...
2026-03-23 15:54:32,059 - scraper.selenium_scraper - INFO - Saved page screenshot to /home/runner/work/super-player-auction-scraper/super-player-auction-scraper/logs/screenshots/page_loaded_20260323155431.png
2026-03-23 15:54:32,059 - scraper.selenium_scraper - INFO - Looking for auction cards...
2026-03-23 15:54:32,106 - scraper.selenium_scraper - INFO - Found 20 auction cards
2026-03-23 15:54:32,824 - scraper.selenium_scraper - INFO - Scraped tournament 1: SUPER FOOTBALL CHAMPIONSHIP
2026-03-23 15:54:33,697 - scraper.selenium_scraper - INFO - Scraped tournament 2: DADA CUP
2026-03-23 15:54:34,382 - scraper.selenium_scraper - INFO - Scraped tournament 3: Chhatrapati Champions Trophy Ambernath
2026-03-23 15:54:35,067 - scraper.selenium_scraper - INFO - Scraped tournament 4: MPL Cup 2026
2026-03-23 15:54:35,749 - scraper.selenium_scraper - INFO - Scraped tournament 5: UNITY CUP Season 3 [2026-27]
2026-03-23 15:54:36,434 - scraper.selenium_scraper - INFO - Scraped tournament 6: Chhattisgarh Cricket Champions League T20
2026-03-23 15:54:37,116 - scraper.selenium_scraper - INFO - Scraped tournament 7: Super Cricket League
2026-03-23 15:54:37,798 - scraper.selenium_scraper - INFO - Scraped tournament 8: SIKAR PREMIER LEAGUE 2025
2026-03-23 15:54:38,482 - scraper.selenium_scraper - INFO - Scraped tournament 9: ROHAT PREMIER LEAGUE
2026-03-23 15:54:39,164 - scraper.selenium_scraper - INFO - Scraped tournament 10: REPUBLIC CUP 2.0
2026-03-23 15:54:39,870 - scraper.selenium_scraper - INFO - Scraped tournament 11: Super Cricket League
2026-03-23 15:54:40,551 - scraper.selenium_scraper - INFO - Scraped tournament 12: BJP
2026-03-23 15:54:41,234 - scraper.selenium_scraper - INFO - Scraped tournament 13: SUPER CRICKRT LEAGUE - MAHIPAL
2026-03-23 15:54:41,917 - scraper.selenium_scraper - INFO - Scraped tournament 14: IPRA Cricket League
2026-03-23 15:54:42,598 - scraper.selenium_scraper - INFO - Scraped tournament 15: FINISHER T10 LEAGUE SEASON - 5
2026-03-23 15:54:43,283 - scraper.selenium_scraper - INFO - Scraped tournament 16: RANUJ GAM CRICKET LEAGUE
2026-03-23 15:54:44,010 - scraper.selenium_scraper - INFO - Scraped tournament 17: SAMEER BHAU KAMBLE CHASHAK 2026
2026-03-23 15:54:44,693 - scraper.selenium_scraper - INFO - Scraped tournament 18: Khichari Premier League Season 01
2026-03-23 15:54:45,384 - scraper.selenium_scraper - INFO - Scraped tournament 19: CGCPL
2026-03-23 15:54:46,065 - scraper.selenium_scraper - INFO - Scraped tournament 20: HALBITOLA NIGHT CRICKET LEAGUE
2026-03-23 15:54:46,065 - root - INFO - Successfully scraped 20 tournaments
2026-03-23 15:54:46,065 - root - INFO - Saved scraped data to /home/runner/work/super-player-auction-scraper/super-player-auction-scraper/data/tournament_data_20260323-155446.json
2026-03-23 15:54:46,065 - root - INFO - Initializing Graph API
2026-03-23 15:54:46,066 - excel.graph_api - INFO - Extracted file ID: 9e836ed5-f58f-4dc7-a969-3c62b255f3ea
2026-03-23 15:54:46,066 - excel.graph_api - INFO - Extracted site ID: CorpDevaaf94619130d4a79af9f3aeae502bdb5
2026-03-23 15:54:46,066 - root - INFO - Authenticating with Microsoft Graph API
2026-03-23 15:54:46,261 - excel.graph_api - INFO - Authentication successful
2026-03-23 15:54:46,261 - root - INFO - Updating Excel sheet with scraped data
2026-03-23 15:54:46,793 - excel.graph_api - INFO - Retrieved drive ID: b!MXUqfmBgAkyqAi_g7J1PO_6yKSWnHbZCs3mpe4EkYuX6d8izcdJxRb78S6OW5SIB
2026-03-23 15:54:48,454 - excel.graph_api - INFO - Retrieved 1380 rows from Excel
2026-03-23 15:54:49,886 - excel.graph_api - INFO - Updating range A1382:M1382 with 1 new entries
2026-03-23 15:54:51,969 - excel.graph_api - INFO - Successfully added 1 new tournaments to Excel
2026-03-23 15:54:51,970 - root - INFO - Excel sheet updated successfully
2026-03-23 15:54:52,049 - scraper.selenium_scraper - INFO - Chrome driver closed
2026-03-23 15:54:52,049 - root - INFO - Selenium driver closed
2026-03-23 15:54:52,049 - root - INFO - Script execution completed
