2026-04-26 10:39:02,411 - root - INFO - Logger initialized successfully
2026-04-26 10:39:02,411 - root - INFO - Log file: /home/runner/work/super-player-auction-scraper/super-player-auction-scraper/logs/scraper_20260426_103902.log
2026-04-26 10:39:02,411 - root - INFO - Starting Super Player Auction scraper
2026-04-26 10:39:02,411 - utils.config - INFO - Credentials loaded from environment variables
2026-04-26 10:39:02,411 - utils.config - INFO - Settings loaded successfully
2026-04-26 10:39:02,411 - root - INFO - Initializing Selenium scraper
2026-04-26 10:39:02,411 - scraper.selenium_scraper - INFO - Running in GitHub Actions environment
2026-04-26 10:39:05,279 - selenium.webdriver.common.selenium_manager - WARNING - The chromedriver version (147.0.7727.56) detected in PATH at /usr/bin/chromedriver might not be compatible with the detected chrome version (147.0.7727.55); currently, chromedriver 147.0.7727.117 is recommended for chrome 147.*, so it is advised to delete the driver in PATH and retry
2026-04-26 10:39:13,790 - scraper.selenium_scraper - INFO - Chrome driver initialized successfully
2026-04-26 10:39:13,790 - root - INFO - Scraping tournament data
2026-04-26 10:39:13,790 - scraper.selenium_scraper - INFO - Starting to scrape tournament data
2026-04-26 10:39:14,565 - scraper.selenium_scraper - INFO - Waiting for page to load...
2026-04-26 10:39:19,570 - scraper.selenium_scraper - INFO - Scrolling to load all auction cards...
2026-04-26 10:39:31,704 - scraper.selenium_scraper - INFO - Saved page screenshot to /home/runner/work/super-player-auction-scraper/super-player-auction-scraper/logs/screenshots/page_loaded_20260426103931.png
2026-04-26 10:39:31,704 - scraper.selenium_scraper - INFO - Looking for auction cards...
2026-04-26 10:39:31,742 - scraper.selenium_scraper - INFO - Found 20 auction cards
2026-04-26 10:39:32,562 - scraper.selenium_scraper - INFO - Scraped tournament 1: AJMER PREMIER LEAGUE
2026-04-26 10:39:33,292 - scraper.selenium_scraper - INFO - Scraped tournament 2: SPL 3
2026-04-26 10:39:33,965 - scraper.selenium_scraper - INFO - Scraped tournament 3: Jashn-E-Rally Padel Tournament 2026
2026-04-26 10:39:34,637 - scraper.selenium_scraper - INFO - Scraped tournament 4: KABIR DHARAMDAS VANSHAVALI PREMIER LEAGUE
2026-04-26 10:39:35,307 - scraper.selenium_scraper - INFO - Scraped tournament 5: SmashIT v8, 2026
2026-04-26 10:39:35,981 - scraper.selenium_scraper - INFO - Scraped tournament 6: Chhattisgarh Cricket Champions League T20
2026-04-26 10:39:36,657 - scraper.selenium_scraper - INFO - Scraped tournament 7: खारवी प्रीमियर लीग २०२६ पर्व ७
2026-04-26 10:39:37,329 - scraper.selenium_scraper - INFO - Scraped tournament 8: SUPER FOOTBALL CHAMPIONSHIP
2026-04-26 10:39:38,000 - scraper.selenium_scraper - INFO - Scraped tournament 9: Auction Demo Jodi
2026-04-26 10:39:38,670 - scraper.selenium_scraper - INFO - Scraped tournament 10: Super Cricket League
2026-04-26 10:39:39,349 - scraper.selenium_scraper - INFO - Scraped tournament 11: SIKAR PREMIER LEAGUE 2025
2026-04-26 10:39:40,018 - scraper.selenium_scraper - INFO - Scraped tournament 12: BJP
2026-04-26 10:39:40,694 - scraper.selenium_scraper - INFO - Scraped tournament 13: SUPER LEAGUE GROUP
2026-04-26 10:39:41,364 - scraper.selenium_scraper - INFO - Scraped tournament 14: SUPER CRICKET LEAGUE
2026-04-26 10:39:42,035 - scraper.selenium_scraper - INFO - Scraped tournament 15: Jain Premier League Toronto
2026-04-26 10:39:42,709 - scraper.selenium_scraper - INFO - Scraped tournament 16: Kerala Premier League Season-5 Dammam KSA
2026-04-26 10:39:43,379 - scraper.selenium_scraper - INFO - Scraped tournament 17: UNIVERSAL CUP SEASON 7
2026-04-26 10:39:44,049 - scraper.selenium_scraper - INFO - Scraped tournament 18: SS CRICKET PREMIER LEAGUE - 1
2026-04-26 10:39:44,728 - scraper.selenium_scraper - INFO - Scraped tournament 19: Reda Night Premier League Season-01
2026-04-26 10:39:45,400 - scraper.selenium_scraper - INFO - Scraped tournament 20: Connectivity Cricket Cup 2.0
2026-04-26 10:39:45,400 - root - INFO - Successfully scraped 20 tournaments
2026-04-26 10:39:45,400 - root - INFO - Saved scraped data to /home/runner/work/super-player-auction-scraper/super-player-auction-scraper/data/tournament_data_20260426-103945.json
2026-04-26 10:39:45,400 - root - INFO - Initializing Graph API
2026-04-26 10:39:45,400 - excel.graph_api - INFO - Extracted file ID: 9e836ed5-f58f-4dc7-a969-3c62b255f3ea
2026-04-26 10:39:45,400 - excel.graph_api - INFO - Extracted site ID: CorpDevaaf94619130d4a79af9f3aeae502bdb5
2026-04-26 10:39:45,401 - root - INFO - Authenticating with Microsoft Graph API
2026-04-26 10:39:45,582 - excel.graph_api - INFO - Authentication successful
2026-04-26 10:39:45,582 - root - INFO - Updating Excel sheet with scraped data
2026-04-26 10:39:46,142 - excel.graph_api - INFO - Retrieved drive ID: b!MXUqfmBgAkyqAi_g7J1PO_6yKSWnHbZCs3mpe4EkYuX6d8izcdJxRb78S6OW5SIB
2026-04-26 10:39:47,931 - excel.graph_api - INFO - Retrieved 1518 rows from Excel
2026-04-26 10:39:49,164 - excel.graph_api - INFO - Updating range A1520:Y1524 with 5 new entries
2026-04-26 10:39:50,251 - excel.graph_api - INFO - Successfully added 5 new tournaments to Excel
2026-04-26 10:39:50,253 - root - INFO - Excel sheet updated successfully
2026-04-26 10:39:50,318 - scraper.selenium_scraper - INFO - Chrome driver closed
2026-04-26 10:39:50,318 - root - INFO - Selenium driver closed
2026-04-26 10:39:50,318 - root - INFO - Script execution completed
