2025-09-04 10:13:32,269 - root - INFO - Logger initialized successfully
2025-09-04 10:13:32,269 - root - INFO - Log file: /home/runner/work/super-player-auction-scraper/super-player-auction-scraper/logs/scraper_20250904_101332.log
2025-09-04 10:13:32,269 - root - INFO - Starting Super Player Auction scraper
2025-09-04 10:13:32,269 - utils.config - INFO - Credentials loaded from environment variables
2025-09-04 10:13:32,270 - utils.config - INFO - Settings loaded successfully
2025-09-04 10:13:32,270 - root - INFO - Initializing Selenium scraper
2025-09-04 10:13:32,270 - scraper.selenium_scraper - INFO - Running in GitHub Actions environment
2025-09-04 10:13:38,763 - scraper.selenium_scraper - INFO - Chrome driver initialized successfully
2025-09-04 10:13:38,763 - root - INFO - Scraping tournament data
2025-09-04 10:13:38,763 - scraper.selenium_scraper - INFO - Starting to scrape tournament data
2025-09-04 10:13:39,475 - scraper.selenium_scraper - INFO - Waiting for page to load...
2025-09-04 10:13:44,477 - scraper.selenium_scraper - INFO - Scrolling to load all auction cards...
2025-09-04 10:13:56,589 - scraper.selenium_scraper - INFO - Saved page screenshot to /home/runner/work/super-player-auction-scraper/super-player-auction-scraper/logs/screenshots/page_loaded_20250904101356.png
2025-09-04 10:13:56,589 - scraper.selenium_scraper - INFO - Looking for auction cards...
2025-09-04 10:13:56,614 - scraper.selenium_scraper - INFO - Found 20 auction cards
2025-09-04 10:13:57,323 - scraper.selenium_scraper - INFO - Scraped tournament 1: Tyrant Premier League Season 11
2025-09-04 10:13:58,009 - scraper.selenium_scraper - INFO - Scraped tournament 2: COSMO PREMIERE LEAGUE 25
2025-09-04 10:13:58,737 - scraper.selenium_scraper - INFO - Scraped tournament 3: KOB T10
2025-09-04 10:13:59,420 - scraper.selenium_scraper - INFO - Scraped tournament 4: Masters Premier League Season 2025-26
2025-09-04 10:14:00,103 - scraper.selenium_scraper - INFO - Scraped tournament 5: RISING CRICKET LEAGUE - 2
2025-09-04 10:14:00,789 - scraper.selenium_scraper - INFO - Scraped tournament 6: Sarsangan Super Series Cricket 2025-26
2025-09-04 10:14:01,472 - scraper.selenium_scraper - INFO - Scraped tournament 7: Sarsangan +45 Veterans Cricket Series 2025-26
2025-09-04 10:14:02,155 - scraper.selenium_scraper - INFO - Scraped tournament 8: Sarsangan +40 Cricket Series 2025-26
2025-09-04 10:14:02,846 - scraper.selenium_scraper - INFO - Scraped tournament 9: Sarsangan U19 Boys & Girls Cricket Series 2025-26
2025-09-04 10:14:03,530 - scraper.selenium_scraper - INFO - Scraped tournament 10: Mali Premier League Balotra
2025-09-04 10:14:04,219 - scraper.selenium_scraper - INFO - Scraped tournament 11: JAIN PREMIER LEAGUE 4
2025-09-04 10:14:04,900 - scraper.selenium_scraper - INFO - Scraped tournament 12: NPL Titan Cup
2025-09-04 10:14:05,580 - scraper.selenium_scraper - INFO - Scraped tournament 13: RENSA BSPL -2
2025-09-04 10:14:06,261 - scraper.selenium_scraper - INFO - Scraped tournament 14: Karnataka Rajatha Cup 2025
2025-09-04 10:14:06,950 - scraper.selenium_scraper - INFO - Scraped tournament 15: ગઢવી પ્રીમીયર લીગ
2025-09-04 10:14:07,631 - scraper.selenium_scraper - INFO - Scraped tournament 16: FRIMA GOLF LEAGUE 2025
2025-09-04 10:14:08,318 - scraper.selenium_scraper - INFO - Scraped tournament 17: SANDALWOOD PREMIER LEAGUE
2025-09-04 10:14:08,998 - scraper.selenium_scraper - INFO - Scraped tournament 18: Sukma premier league season 6
2025-09-04 10:14:09,687 - scraper.selenium_scraper - INFO - Scraped tournament 19: DDL T10 PREMIER LEAGUE DEVGADH BARIA
2025-09-04 10:14:10,368 - scraper.selenium_scraper - INFO - Scraped tournament 20: RPL Season 3
2025-09-04 10:14:10,368 - root - INFO - Successfully scraped 20 tournaments
2025-09-04 10:14:10,369 - root - INFO - Saved scraped data to /home/runner/work/super-player-auction-scraper/super-player-auction-scraper/data/tournament_data_20250904-101410.json
2025-09-04 10:14:10,369 - root - INFO - Initializing Graph API
2025-09-04 10:14:10,369 - excel.graph_api - INFO - Extracted file ID: 9e836ed5-f58f-4dc7-a969-3c62b255f3ea
2025-09-04 10:14:10,369 - excel.graph_api - INFO - Extracted site ID: CorpDevaaf94619130d4a79af9f3aeae502bdb5
2025-09-04 10:14:10,369 - root - INFO - Authenticating with Microsoft Graph API
2025-09-04 10:14:10,543 - excel.graph_api - INFO - Authentication successful
2025-09-04 10:14:10,543 - root - INFO - Updating Excel sheet with scraped data
2025-09-04 10:14:11,200 - excel.graph_api - INFO - Retrieved drive ID: b!MXUqfmBgAkyqAi_g7J1PO_6yKSWnHbZCs3mpe4EkYuX6d8izcdJxRb78S6OW5SIB
2025-09-04 10:14:11,999 - excel.graph_api - INFO - Retrieved 447 rows from Excel
2025-09-04 10:14:12,576 - excel.graph_api - INFO - Updating range A449:M455 with 7 new entries
2025-09-04 10:14:13,489 - excel.graph_api - INFO - Successfully added 7 new tournaments to Excel
2025-09-04 10:14:13,491 - root - INFO - Excel sheet updated successfully
2025-09-04 10:14:13,558 - scraper.selenium_scraper - INFO - Chrome driver closed
2025-09-04 10:14:13,558 - root - INFO - Selenium driver closed
2025-09-04 10:14:13,558 - root - INFO - Script execution completed
