2026-04-30 11:24:12,453 - root - INFO - Logger initialized successfully
2026-04-30 11:24:12,453 - root - INFO - Log file: /home/runner/work/super-player-auction-scraper/super-player-auction-scraper/logs/scraper_20260430_112412.log
2026-04-30 11:24:12,453 - root - INFO - Starting Super Player Auction scraper
2026-04-30 11:24:12,453 - utils.config - INFO - Credentials loaded from environment variables
2026-04-30 11:24:12,453 - utils.config - INFO - Settings loaded successfully
2026-04-30 11:24:12,453 - root - INFO - Initializing Selenium scraper
2026-04-30 11:24:12,453 - scraper.selenium_scraper - INFO - Running in GitHub Actions environment
2026-04-30 11:24:15,205 - selenium.webdriver.common.selenium_manager - WARNING - The chromedriver version (147.0.7727.56) detected in PATH at /usr/bin/chromedriver might not be compatible with the detected chrome version (147.0.7727.55); currently, chromedriver 147.0.7727.117 is recommended for chrome 147.*, so it is advised to delete the driver in PATH and retry
2026-04-30 11:24:18,157 - scraper.selenium_scraper - INFO - Chrome driver initialized successfully
2026-04-30 11:24:18,157 - root - INFO - Scraping tournament data
2026-04-30 11:24:18,157 - scraper.selenium_scraper - INFO - Starting to scrape tournament data
2026-04-30 11:24:20,022 - scraper.selenium_scraper - INFO - Waiting for page to load...
2026-04-30 11:24:25,026 - scraper.selenium_scraper - INFO - Scrolling to load all auction cards...
2026-04-30 11:24:37,115 - scraper.selenium_scraper - INFO - Saved page screenshot to /home/runner/work/super-player-auction-scraper/super-player-auction-scraper/logs/screenshots/page_loaded_20260430112437.png
2026-04-30 11:24:37,115 - scraper.selenium_scraper - INFO - Looking for auction cards...
2026-04-30 11:24:37,130 - scraper.selenium_scraper - INFO - Found 20 auction cards
2026-04-30 11:24:37,825 - scraper.selenium_scraper - INFO - Scraped tournament 1: खारवी प्रीमियर लीग २०२६ पर्व ७
2026-04-30 11:24:38,493 - scraper.selenium_scraper - INFO - Scraped tournament 2: KABIR DHARAMDAS VANSHAVALI PREMIER LEAGUE
2026-04-30 11:24:39,175 - scraper.selenium_scraper - INFO - Scraped tournament 3: JYS Volleyball 2026
2026-04-30 11:24:39,828 - scraper.selenium_scraper - INFO - Scraped tournament 4: ⁠JYS Pickle Ball Championship - 2026
2026-04-30 11:24:40,483 - scraper.selenium_scraper - INFO - Scraped tournament 5: DIGNITY CUP SEASON IV
2026-04-30 11:24:41,146 - scraper.selenium_scraper - INFO - Scraped tournament 6: SPL 3
2026-04-30 11:24:41,804 - scraper.selenium_scraper - INFO - Scraped tournament 7: SUPER FOOTBALL CHAMPIONSHIP
2026-04-30 11:24:42,467 - scraper.selenium_scraper - INFO - Scraped tournament 8: REPUBLIC CUP 2.0
2026-04-30 11:24:43,125 - scraper.selenium_scraper - INFO - Scraped tournament 9: Auction Demo Jodi
2026-04-30 11:24:43,780 - scraper.selenium_scraper - INFO - Scraped tournament 10: Super Cricket League
2026-04-30 11:24:44,446 - scraper.selenium_scraper - INFO - Scraped tournament 11: SIKAR PREMIER LEAGUE 2025
2026-04-30 11:24:45,100 - scraper.selenium_scraper - INFO - Scraped tournament 12: BJP
2026-04-30 11:24:45,754 - scraper.selenium_scraper - INFO - Scraped tournament 13: SUPER LEAGUE GROUP
2026-04-30 11:24:46,410 - scraper.selenium_scraper - INFO - Scraped tournament 14: SUPER CRICKET LEAGUE
2026-04-30 11:24:47,064 - scraper.selenium_scraper - INFO - Scraped tournament 15: IRC Premier League 2026
2026-04-30 11:24:47,717 - scraper.selenium_scraper - INFO - Scraped tournament 16: Karanpali Cricket League
2026-04-30 11:24:48,377 - scraper.selenium_scraper - INFO - Scraped tournament 17: Jain Youth Cricket League 2026 - MALE
2026-04-30 11:24:49,032 - scraper.selenium_scraper - INFO - Scraped tournament 18: Jain Youth Cricket League 2026 - FEMALE
2026-04-30 11:24:49,697 - scraper.selenium_scraper - INFO - Scraped tournament 19: SAINATH PREMIER LEAGUE
2026-04-30 11:24:50,352 - scraper.selenium_scraper - INFO - Scraped tournament 20: DK SPORTS FISHERMAN'S PREMIER LEAGUE S1
2026-04-30 11:24:50,353 - root - INFO - Successfully scraped 20 tournaments
2026-04-30 11:24:50,353 - root - INFO - Saved scraped data to /home/runner/work/super-player-auction-scraper/super-player-auction-scraper/data/tournament_data_20260430-112450.json
2026-04-30 11:24:50,353 - root - INFO - Initializing Graph API
2026-04-30 11:24:50,353 - excel.graph_api - INFO - Extracted file ID: 9e836ed5-f58f-4dc7-a969-3c62b255f3ea
2026-04-30 11:24:50,353 - excel.graph_api - INFO - Extracted site ID: CorpDevaaf94619130d4a79af9f3aeae502bdb5
2026-04-30 11:24:50,353 - root - INFO - Authenticating with Microsoft Graph API
2026-04-30 11:24:50,719 - excel.graph_api - INFO - Authentication successful
2026-04-30 11:24:50,720 - root - INFO - Updating Excel sheet with scraped data
2026-04-30 11:24:51,039 - excel.graph_api - INFO - Retrieved drive ID: b!MXUqfmBgAkyqAi_g7J1PO_6yKSWnHbZCs3mpe4EkYuX6d8izcdJxRb78S6OW5SIB
2026-04-30 11:24:52,330 - excel.graph_api - INFO - Retrieved 1535 rows from Excel
2026-04-30 11:24:53,231 - excel.graph_api - INFO - Updating range A1537:Y1540 with 4 new entries
2026-04-30 11:24:54,116 - excel.graph_api - INFO - Successfully added 4 new tournaments to Excel
2026-04-30 11:24:54,117 - root - INFO - Excel sheet updated successfully
2026-04-30 11:24:54,191 - scraper.selenium_scraper - INFO - Chrome driver closed
2026-04-30 11:24:54,191 - root - INFO - Selenium driver closed
2026-04-30 11:24:54,191 - root - INFO - Script execution completed
