2025-10-08 10:14:10,203 - root - INFO - Logger initialized successfully
2025-10-08 10:14:10,203 - root - INFO - Log file: /home/runner/work/super-player-auction-scraper/super-player-auction-scraper/logs/scraper_20251008_101410.log
2025-10-08 10:14:10,203 - root - INFO - Starting Super Player Auction scraper
2025-10-08 10:14:10,204 - utils.config - INFO - Credentials loaded from environment variables
2025-10-08 10:14:10,204 - utils.config - INFO - Settings loaded successfully
2025-10-08 10:14:10,204 - root - INFO - Initializing Selenium scraper
2025-10-08 10:14:10,204 - scraper.selenium_scraper - INFO - Running in GitHub Actions environment
2025-10-08 10:14:18,420 - scraper.selenium_scraper - INFO - Chrome driver initialized successfully
2025-10-08 10:14:18,420 - root - INFO - Scraping tournament data
2025-10-08 10:14:18,420 - scraper.selenium_scraper - INFO - Starting to scrape tournament data
2025-10-08 10:14:19,496 - scraper.selenium_scraper - INFO - Waiting for page to load...
2025-10-08 10:14:24,502 - scraper.selenium_scraper - INFO - Scrolling to load all auction cards...
2025-10-08 10:14:36,615 - scraper.selenium_scraper - INFO - Saved page screenshot to /home/runner/work/super-player-auction-scraper/super-player-auction-scraper/logs/screenshots/page_loaded_20251008101436.png
2025-10-08 10:14:36,615 - scraper.selenium_scraper - INFO - Looking for auction cards...
2025-10-08 10:14:36,643 - scraper.selenium_scraper - INFO - Found 20 auction cards
2025-10-08 10:14:37,365 - scraper.selenium_scraper - INFO - Scraped tournament 1: HALBITOLA PREMIER LEAGUE-3
2025-10-08 10:14:38,127 - scraper.selenium_scraper - INFO - Scraped tournament 2: United Premier League (Father's)
2025-10-08 10:14:38,809 - scraper.selenium_scraper - INFO - Scraped tournament 3: FRIENDS CRICKET PREMIER LEAGUE SEASON-3
2025-10-08 10:14:39,491 - scraper.selenium_scraper - INFO - Scraped tournament 4: United Premier League Womens
2025-10-08 10:14:40,171 - scraper.selenium_scraper - INFO - Scraped tournament 5: ANCHOR PREMIER LEAGUE - MALE
2025-10-08 10:14:40,854 - scraper.selenium_scraper - INFO - Scraped tournament 6: ANCHOR PREMIER LEAGUE - FEMALE
2025-10-08 10:14:41,539 - scraper.selenium_scraper - INFO - Scraped tournament 7: Pond Premier League - Whispering Palms Season 1
2025-10-08 10:14:42,226 - scraper.selenium_scraper - INFO - Scraped tournament 8: FCCL SEASON 5 MALE
2025-10-08 10:14:42,913 - scraper.selenium_scraper - INFO - Scraped tournament 9: SmashIT v7 2025
2025-10-08 10:14:43,593 - scraper.selenium_scraper - INFO - Scraped tournament 10: KASRODIANS PREMIER LEAGUE SEASON -5
2025-10-08 10:14:44,274 - scraper.selenium_scraper - INFO - Scraped tournament 11: Dambab Premier League 2025
2025-10-08 10:14:44,959 - scraper.selenium_scraper - INFO - Scraped tournament 12: DDS PREMIER LEAGUE SEASON 3
2025-10-08 10:14:45,638 - scraper.selenium_scraper - INFO - Scraped tournament 13: TENNIS PREMIER LEAGUE
2025-10-08 10:14:46,318 - scraper.selenium_scraper - INFO - Scraped tournament 14: RAJASTHAN CUP SEASON 2
2025-10-08 10:14:46,998 - scraper.selenium_scraper - INFO - Scraped tournament 15: ARAR Cup - 2025
2025-10-08 10:14:47,678 - scraper.selenium_scraper - INFO - Scraped tournament 16: Ador Premier League Season 6
2025-10-08 10:14:48,361 - scraper.selenium_scraper - INFO - Scraped tournament 17: VPL 2.0
2025-10-08 10:14:49,056 - scraper.selenium_scraper - INFO - Scraped tournament 18: PUSHKARNA PREMIER LEAGUE
2025-10-08 10:14:49,734 - scraper.selenium_scraper - INFO - Scraped tournament 19: MUMBAI ADVOCATES PREMIER LEAGUE
2025-10-08 10:14:50,425 - scraper.selenium_scraper - INFO - Scraped tournament 20: CHAMPIONS CRICKET LEAGUE SEASON 2
2025-10-08 10:14:50,425 - root - INFO - Successfully scraped 20 tournaments
2025-10-08 10:14:50,426 - root - INFO - Saved scraped data to /home/runner/work/super-player-auction-scraper/super-player-auction-scraper/data/tournament_data_20251008-101450.json
2025-10-08 10:14:50,426 - root - INFO - Initializing Graph API
2025-10-08 10:14:50,426 - excel.graph_api - INFO - Extracted file ID: 9e836ed5-f58f-4dc7-a969-3c62b255f3ea
2025-10-08 10:14:50,426 - excel.graph_api - INFO - Extracted site ID: CorpDevaaf94619130d4a79af9f3aeae502bdb5
2025-10-08 10:14:50,426 - root - INFO - Authenticating with Microsoft Graph API
2025-10-08 10:14:50,890 - excel.graph_api - INFO - Authentication successful
2025-10-08 10:14:50,890 - root - INFO - Updating Excel sheet with scraped data
2025-10-08 10:14:51,338 - excel.graph_api - INFO - Retrieved drive ID: b!MXUqfmBgAkyqAi_g7J1PO_6yKSWnHbZCs3mpe4EkYuX6d8izcdJxRb78S6OW5SIB
2025-10-08 10:14:52,505 - excel.graph_api - INFO - Retrieved 599 rows from Excel
2025-10-08 10:14:53,223 - excel.graph_api - INFO - Updating range A601:M602 with 2 new entries
2025-10-08 10:14:54,108 - excel.graph_api - INFO - Successfully added 2 new tournaments to Excel
2025-10-08 10:14:54,109 - root - INFO - Excel sheet updated successfully
2025-10-08 10:14:54,177 - scraper.selenium_scraper - INFO - Chrome driver closed
2025-10-08 10:14:54,177 - root - INFO - Selenium driver closed
2025-10-08 10:14:54,177 - root - INFO - Script execution completed
