2025-07-21 10:16:50,618 - root - INFO - Logger initialized successfully
2025-07-21 10:16:50,618 - root - INFO - Log file: /home/runner/work/super-player-auction-scraper/super-player-auction-scraper/logs/scraper_20250721_101650.log
2025-07-21 10:16:50,618 - root - INFO - Starting Super Player Auction scraper
2025-07-21 10:16:50,618 - utils.config - INFO - Credentials loaded from environment variables
2025-07-21 10:16:50,620 - utils.config - INFO - Settings loaded successfully
2025-07-21 10:16:50,620 - root - INFO - Initializing Selenium scraper
2025-07-21 10:16:50,621 - scraper.selenium_scraper - INFO - Running in GitHub Actions environment
2025-07-21 10:16:52,173 - selenium.webdriver.common.selenium_manager - WARNING - The chromedriver version (138.0.7204.94) detected in PATH at /usr/bin/chromedriver might not be compatible with the detected chrome version (138.0.7204.100); currently, chromedriver 138.0.7204.157 is recommended for chrome 138.*, so it is advised to delete the driver in PATH and retry
2025-07-21 10:17:03,185 - scraper.selenium_scraper - INFO - Chrome driver initialized successfully
2025-07-21 10:17:03,185 - root - INFO - Scraping tournament data
2025-07-21 10:17:03,186 - scraper.selenium_scraper - INFO - Starting to scrape tournament data
2025-07-21 10:17:04,218 - scraper.selenium_scraper - INFO - Waiting for page to load...
2025-07-21 10:17:09,224 - scraper.selenium_scraper - INFO - Scrolling to load all auction cards...
2025-07-21 10:17:21,428 - scraper.selenium_scraper - INFO - Saved page screenshot to /home/runner/work/super-player-auction-scraper/super-player-auction-scraper/logs/screenshots/page_loaded_20250721101721.png
2025-07-21 10:17:21,428 - scraper.selenium_scraper - INFO - Looking for auction cards...
2025-07-21 10:17:21,466 - scraper.selenium_scraper - INFO - Found 20 auction cards
2025-07-21 10:17:22,185 - scraper.selenium_scraper - INFO - Scraped tournament 1: TOLIYASAR PREMIER LEAGUE (TPL) SEASON 2
2025-07-21 10:17:22,880 - scraper.selenium_scraper - INFO - Scraped tournament 2: ArjunDMUP
2025-07-21 10:17:23,698 - scraper.selenium_scraper - INFO - Scraped tournament 3: OSAIMI INTERNAL CRICKET TOURNAMENT
2025-07-21 10:17:24,390 - scraper.selenium_scraper - INFO - Scraped tournament 4: NPL Series 2
2025-07-21 10:17:25,079 - scraper.selenium_scraper - INFO - Scraped tournament 5: BPL SEASON 3
2025-07-21 10:17:25,774 - scraper.selenium_scraper - INFO - Scraped tournament 6: Canvas Warriors Cricket Carnival (CWCC),Season 1,2025
2025-07-21 10:17:26,473 - scraper.selenium_scraper - INFO - Scraped tournament 7: DOCTOR'S CORPORATE LEAGUE
2025-07-21 10:17:27,167 - scraper.selenium_scraper - INFO - Scraped tournament 8: Rajasthani Premier League
2025-07-21 10:17:27,864 - scraper.selenium_scraper - INFO - Scraped tournament 9: INDORE REALTORS CLUB
2025-07-21 10:17:28,560 - scraper.selenium_scraper - INFO - Scraped tournament 10: T-10 BTI SILVER LEAGUE SEASON-1
2025-07-21 10:17:29,269 - scraper.selenium_scraper - INFO - Scraped tournament 11: MARK10 FREEDOM CUP 2.0
2025-07-21 10:17:29,964 - scraper.selenium_scraper - INFO - Scraped tournament 12: Jain Premier League 3
2025-07-21 10:17:30,654 - scraper.selenium_scraper - INFO - Scraped tournament 13: GRAMIN PREMIER LEAGUE SEASON 3
2025-07-21 10:17:31,349 - scraper.selenium_scraper - INFO - Scraped tournament 14: KANNUR CHAMPIONS LEAGUE QATAR EDITION
2025-07-21 10:17:32,042 - scraper.selenium_scraper - INFO - Scraped tournament 15: RPL
2025-07-21 10:17:32,734 - scraper.selenium_scraper - INFO - Scraped tournament 16: Karnataka Rajatha Cup 2025
2025-07-21 10:17:33,430 - scraper.selenium_scraper - INFO - Scraped tournament 17: SANDALWOOD PREMIER LEAGUE
2025-07-21 10:17:34,123 - scraper.selenium_scraper - INFO - Scraped tournament 18: CMA ALUMNI CRICKET LEAGUE-4
2025-07-21 10:17:34,827 - scraper.selenium_scraper - INFO - Scraped tournament 19: Aanjana premier League Sardarpura (राणा)
2025-07-21 10:17:35,524 - scraper.selenium_scraper - INFO - Scraped tournament 20: Petlurivaripalm Premier League Season -1
2025-07-21 10:17:35,524 - root - INFO - Successfully scraped 20 tournaments
2025-07-21 10:17:35,525 - root - INFO - Saved scraped data to /home/runner/work/super-player-auction-scraper/super-player-auction-scraper/data/tournament_data_20250721-101735.json
2025-07-21 10:17:35,525 - root - INFO - Initializing Graph API
2025-07-21 10:17:35,525 - excel.graph_api - INFO - Extracted file ID: 9e836ed5-f58f-4dc7-a969-3c62b255f3ea
2025-07-21 10:17:35,526 - excel.graph_api - INFO - Extracted site ID: CorpDevaaf94619130d4a79af9f3aeae502bdb5
2025-07-21 10:17:35,526 - root - INFO - Authenticating with Microsoft Graph API
2025-07-21 10:17:36,003 - excel.graph_api - INFO - Authentication successful
2025-07-21 10:17:36,004 - root - INFO - Updating Excel sheet with scraped data
2025-07-21 10:17:36,425 - excel.graph_api - INFO - Retrieved drive ID: b!MXUqfmBgAkyqAi_g7J1PO_6yKSWnHbZCs3mpe4EkYuX6d8izcdJxRb78S6OW5SIB
2025-07-21 10:17:37,644 - excel.graph_api - INFO - Retrieved 314 rows from Excel
2025-07-21 10:17:38,229 - excel.graph_api - INFO - Updating range A316:M321 with 6 new entries
2025-07-21 10:17:38,991 - excel.graph_api - INFO - Successfully added 6 new tournaments to Excel
2025-07-21 10:17:38,993 - root - INFO - Excel sheet updated successfully
2025-07-21 10:17:39,061 - scraper.selenium_scraper - INFO - Chrome driver closed
2025-07-21 10:17:39,061 - root - INFO - Selenium driver closed
2025-07-21 10:17:39,061 - root - INFO - Script execution completed
