2025-12-01 17:44:48,111 - root - INFO - Logger initialized successfully
2025-12-01 17:44:48,112 - root - INFO - Log file: /home/runner/work/super-player-auction-scraper/super-player-auction-scraper/logs/scraper_20251201_174448.log
2025-12-01 17:44:48,112 - root - INFO - Starting Super Player Auction scraper
2025-12-01 17:44:48,112 - utils.config - INFO - Credentials loaded from environment variables
2025-12-01 17:44:48,112 - utils.config - INFO - Settings loaded successfully
2025-12-01 17:44:48,112 - root - INFO - Initializing Selenium scraper
2025-12-01 17:44:48,112 - scraper.selenium_scraper - INFO - Running in GitHub Actions environment
2025-12-01 17:44:48,663 - selenium.webdriver.common.selenium_manager - WARNING - The chromedriver version (142.0.7444.162) detected in PATH at /usr/bin/chromedriver might not be compatible with the detected chrome version (142.0.7444.162); currently, chromedriver 142.0.7444.175 is recommended for chrome 142.*, so it is advised to delete the driver in PATH and retry
2025-12-01 17:44:55,111 - scraper.selenium_scraper - INFO - Chrome driver initialized successfully
2025-12-01 17:44:55,111 - root - INFO - Scraping tournament data
2025-12-01 17:44:55,111 - scraper.selenium_scraper - INFO - Starting to scrape tournament data
2025-12-01 17:44:56,209 - scraper.selenium_scraper - INFO - Waiting for page to load...
2025-12-01 17:45:01,213 - scraper.selenium_scraper - INFO - Scrolling to load all auction cards...
2025-12-01 17:45:13,342 - scraper.selenium_scraper - INFO - Saved page screenshot to /home/runner/work/super-player-auction-scraper/super-player-auction-scraper/logs/screenshots/page_loaded_20251201174513.png
2025-12-01 17:45:13,343 - scraper.selenium_scraper - INFO - Looking for auction cards...
2025-12-01 17:45:13,406 - scraper.selenium_scraper - INFO - Found 20 auction cards
2025-12-01 17:45:14,174 - scraper.selenium_scraper - INFO - Scraped tournament 1: TCL Mega 4.0
2025-12-01 17:45:14,881 - scraper.selenium_scraper - INFO - Scraped tournament 2: RCBP Pier Premier League 2025.
2025-12-01 17:45:15,571 - scraper.selenium_scraper - INFO - Scraped tournament 3: CCL 2.0 PREMIER LEAGUE SEASON 1
2025-12-01 17:45:16,261 - scraper.selenium_scraper - INFO - Scraped tournament 4: Kroll Premier League 2026 Men's
2025-12-01 17:45:16,949 - scraper.selenium_scraper - INFO - Scraped tournament 5: Kroll Premier League 2026 Women's
2025-12-01 17:45:17,639 - scraper.selenium_scraper - INFO - Scraped tournament 6: BHIMA KOREGAON SHAURYA CHASHAK
2025-12-01 17:45:18,330 - scraper.selenium_scraper - INFO - Scraped tournament 7: Chhattisgarh Legends Premier League - 2025
2025-12-01 17:45:19,017 - scraper.selenium_scraper - INFO - Scraped tournament 8: Bhatkal Premier League - 2026
2025-12-01 17:45:19,704 - scraper.selenium_scraper - INFO - Scraped tournament 9: Sindhi Premier League 6.0
2025-12-01 17:45:20,401 - scraper.selenium_scraper - INFO - Scraped tournament 10: Brotherhood Youth Premier League Season-2 2025-26
2025-12-01 17:45:21,089 - scraper.selenium_scraper - INFO - Scraped tournament 11: ⁠RTPL 7.0
2025-12-01 17:45:21,775 - scraper.selenium_scraper - INFO - Scraped tournament 12: CHERKALA CRICKET LEAGUE
2025-12-01 17:45:22,463 - scraper.selenium_scraper - INFO - Scraped tournament 13: MORNING PREMIER LEAGUE SEASON 11
2025-12-01 17:45:23,155 - scraper.selenium_scraper - INFO - Scraped tournament 14: Streamify Cup Open Category
2025-12-01 17:45:23,842 - scraper.selenium_scraper - INFO - Scraped tournament 15: CHAMPIONS LEAGUE FOOTBALL SEASON 4
2025-12-01 17:45:24,534 - scraper.selenium_scraper - INFO - Scraped tournament 16: Delta Football League
2025-12-01 17:45:25,222 - scraper.selenium_scraper - INFO - Scraped tournament 17: TNPL PREMIER LEAGUE SEASON 4
2025-12-01 17:45:25,914 - scraper.selenium_scraper - INFO - Scraped tournament 18: Amleshwar Big Bash Dhamaka
2025-12-01 17:45:26,599 - scraper.selenium_scraper - INFO - Scraped tournament 19: SUPER FOOTBALL CHAMPIONSHIP
2025-12-01 17:45:27,284 - scraper.selenium_scraper - INFO - Scraped tournament 20: Arjun DEMO
2025-12-01 17:45:27,284 - root - INFO - Successfully scraped 20 tournaments
2025-12-01 17:45:27,285 - root - INFO - Saved scraped data to /home/runner/work/super-player-auction-scraper/super-player-auction-scraper/data/tournament_data_20251201-174527.json
2025-12-01 17:45:27,285 - root - INFO - Initializing Graph API
2025-12-01 17:45:27,285 - excel.graph_api - INFO - Extracted file ID: 9e836ed5-f58f-4dc7-a969-3c62b255f3ea
2025-12-01 17:45:27,285 - excel.graph_api - INFO - Extracted site ID: CorpDevaaf94619130d4a79af9f3aeae502bdb5
2025-12-01 17:45:27,285 - root - INFO - Authenticating with Microsoft Graph API
2025-12-01 17:45:27,790 - excel.graph_api - INFO - Authentication successful
2025-12-01 17:45:27,790 - root - INFO - Updating Excel sheet with scraped data
2025-12-01 17:45:28,453 - excel.graph_api - INFO - Retrieved drive ID: b!MXUqfmBgAkyqAi_g7J1PO_6yKSWnHbZCs3mpe4EkYuX6d8izcdJxRb78S6OW5SIB
2025-12-01 17:45:29,554 - excel.graph_api - INFO - Retrieved 790 rows from Excel
2025-12-01 17:45:30,505 - excel.graph_api - INFO - No new tournaments to add
2025-12-01 17:45:30,506 - root - INFO - Excel sheet updated successfully
2025-12-01 17:45:30,575 - scraper.selenium_scraper - INFO - Chrome driver closed
2025-12-01 17:45:30,575 - root - INFO - Selenium driver closed
2025-12-01 17:45:30,575 - root - INFO - Script execution completed
