2026-04-12 15:29:33,170 - root - INFO - Logger initialized successfully
2026-04-12 15:29:33,170 - root - INFO - Log file: /home/runner/work/super-player-auction-scraper/super-player-auction-scraper/logs/scraper_20260412_152933.log
2026-04-12 15:29:33,170 - root - INFO - Starting Super Player Auction scraper
2026-04-12 15:29:33,170 - utils.config - INFO - Credentials loaded from environment variables
2026-04-12 15:29:33,170 - utils.config - INFO - Settings loaded successfully
2026-04-12 15:29:33,170 - root - INFO - Initializing Selenium scraper
2026-04-12 15:29:33,171 - scraper.selenium_scraper - INFO - Running in GitHub Actions environment
2026-04-12 15:29:44,289 - scraper.selenium_scraper - INFO - Chrome driver initialized successfully
2026-04-12 15:29:44,289 - root - INFO - Scraping tournament data
2026-04-12 15:29:44,289 - scraper.selenium_scraper - INFO - Starting to scrape tournament data
2026-04-12 15:29:45,123 - scraper.selenium_scraper - INFO - Waiting for page to load...
2026-04-12 15:29:50,128 - scraper.selenium_scraper - INFO - Scrolling to load all auction cards...
2026-04-12 15:30:02,344 - scraper.selenium_scraper - INFO - Saved page screenshot to /home/runner/work/super-player-auction-scraper/super-player-auction-scraper/logs/screenshots/page_loaded_20260412153002.png
2026-04-12 15:30:02,345 - scraper.selenium_scraper - INFO - Looking for auction cards...
2026-04-12 15:30:02,395 - scraper.selenium_scraper - INFO - Found 20 auction cards
2026-04-12 15:30:03,157 - scraper.selenium_scraper - INFO - Scraped tournament 1: Soni Premier League 3
2026-04-12 15:30:03,889 - scraper.selenium_scraper - INFO - Scraped tournament 2: MGPL CRICKET TOURNAMENT
2026-04-12 15:30:04,582 - scraper.selenium_scraper - INFO - Scraped tournament 3: Nashik Women's Premier League
2026-04-12 15:30:05,274 - scraper.selenium_scraper - INFO - Scraped tournament 4: AHILYANAGAR PREMIER LEAGUE U/16 (season 2)
2026-04-12 15:30:05,968 - scraper.selenium_scraper - INFO - Scraped tournament 5: WOMENS AHILYANAGAR PREMIER LEAGUE
2026-04-12 15:30:06,661 - scraper.selenium_scraper - INFO - Scraped tournament 6: CAPL - Season 2
2026-04-12 15:30:07,350 - scraper.selenium_scraper - INFO - Scraped tournament 7: Vagad Football League 2026
2026-04-12 15:30:08,047 - scraper.selenium_scraper - INFO - Scraped tournament 8: SmashIT v8, 2026
2026-04-12 15:30:08,748 - scraper.selenium_scraper - INFO - Scraped tournament 9: Chhattisgarh Cricket Champions League T20
2026-04-12 15:30:09,442 - scraper.selenium_scraper - INFO - Scraped tournament 10: ROHAT PREMIER LEAGUE
2026-04-12 15:30:10,133 - scraper.selenium_scraper - INFO - Scraped tournament 11: SUPER FOOTBALL CHAMPIONSHIP
2026-04-12 15:30:10,821 - scraper.selenium_scraper - INFO - Scraped tournament 12: Auction Demo Jodi
2026-04-12 15:30:11,510 - scraper.selenium_scraper - INFO - Scraped tournament 13: Super Cricket League
2026-04-12 15:30:12,200 - scraper.selenium_scraper - INFO - Scraped tournament 14: SIKAR PREMIER LEAGUE 2025
2026-04-12 15:30:12,891 - scraper.selenium_scraper - INFO - Scraped tournament 15: BJP
2026-04-12 15:30:13,582 - scraper.selenium_scraper - INFO - Scraped tournament 16: SUPER LEAGUE GROUP
2026-04-12 15:30:14,264 - scraper.selenium_scraper - INFO - Scraped tournament 17: SUPER CRICKET LEAGUE
2026-04-12 15:30:14,949 - scraper.selenium_scraper - INFO - Scraped tournament 18: KMPL SEASON 4
2026-04-12 15:30:15,641 - scraper.selenium_scraper - INFO - Scraped tournament 19: SEPL TURF Tournament 2026
2026-04-12 15:30:16,323 - scraper.selenium_scraper - INFO - Scraped tournament 20: Mohba Bazar Premier League Season 14
2026-04-12 15:30:16,323 - root - INFO - Successfully scraped 20 tournaments
2026-04-12 15:30:16,324 - root - INFO - Saved scraped data to /home/runner/work/super-player-auction-scraper/super-player-auction-scraper/data/tournament_data_20260412-153016.json
2026-04-12 15:30:16,324 - root - INFO - Initializing Graph API
2026-04-12 15:30:16,324 - excel.graph_api - INFO - Extracted file ID: 9e836ed5-f58f-4dc7-a969-3c62b255f3ea
2026-04-12 15:30:16,325 - excel.graph_api - INFO - Extracted site ID: CorpDevaaf94619130d4a79af9f3aeae502bdb5
2026-04-12 15:30:16,325 - root - INFO - Authenticating with Microsoft Graph API
2026-04-12 15:30:16,706 - excel.graph_api - INFO - Authentication successful
2026-04-12 15:30:16,706 - root - INFO - Updating Excel sheet with scraped data
2026-04-12 15:30:17,455 - excel.graph_api - INFO - Retrieved drive ID: b!MXUqfmBgAkyqAi_g7J1PO_6yKSWnHbZCs3mpe4EkYuX6d8izcdJxRb78S6OW5SIB
2026-04-12 15:30:22,589 - excel.graph_api - INFO - Retrieved 1467 rows from Excel
2026-04-12 15:30:26,778 - excel.graph_api - INFO - Updating range A1469:P1469 with 1 new entries
2026-04-12 15:30:31,021 - excel.graph_api - INFO - Successfully added 1 new tournaments to Excel
2026-04-12 15:30:31,023 - root - INFO - Excel sheet updated successfully
2026-04-12 15:30:31,098 - scraper.selenium_scraper - INFO - Chrome driver closed
2026-04-12 15:30:31,098 - root - INFO - Selenium driver closed
2026-04-12 15:30:31,098 - root - INFO - Script execution completed
