2026-04-18 15:30:59,305 - root - INFO - Logger initialized successfully
2026-04-18 15:30:59,305 - root - INFO - Log file: /home/runner/work/super-player-auction-scraper/super-player-auction-scraper/logs/scraper_20260418_153059.log
2026-04-18 15:30:59,305 - root - INFO - Starting Super Player Auction scraper
2026-04-18 15:30:59,305 - utils.config - INFO - Credentials loaded from environment variables
2026-04-18 15:30:59,305 - utils.config - INFO - Settings loaded successfully
2026-04-18 15:30:59,305 - root - INFO - Initializing Selenium scraper
2026-04-18 15:30:59,305 - scraper.selenium_scraper - INFO - Running in GitHub Actions environment
2026-04-18 15:31:01,763 - selenium.webdriver.common.selenium_manager - WARNING - The chromedriver version (147.0.7727.56) detected in PATH at /usr/bin/chromedriver might not be compatible with the detected chrome version (147.0.7727.55); currently, chromedriver 147.0.7727.57 is recommended for chrome 147.*, so it is advised to delete the driver in PATH and retry
2026-04-18 15:31:14,504 - scraper.selenium_scraper - INFO - Chrome driver initialized successfully
2026-04-18 15:31:14,504 - root - INFO - Scraping tournament data
2026-04-18 15:31:14,504 - scraper.selenium_scraper - INFO - Starting to scrape tournament data
2026-04-18 15:31:15,715 - scraper.selenium_scraper - INFO - Waiting for page to load...
2026-04-18 15:31:20,720 - scraper.selenium_scraper - INFO - Scrolling to load all auction cards...
2026-04-18 15:31:32,868 - scraper.selenium_scraper - INFO - Saved page screenshot to /home/runner/work/super-player-auction-scraper/super-player-auction-scraper/logs/screenshots/page_loaded_20260418153132.png
2026-04-18 15:31:32,868 - scraper.selenium_scraper - INFO - Looking for auction cards...
2026-04-18 15:31:32,903 - scraper.selenium_scraper - INFO - Found 20 auction cards
2026-04-18 15:31:33,616 - scraper.selenium_scraper - INFO - Scraped tournament 1: 3rd Dalgate Premier League
2026-04-18 15:31:34,403 - scraper.selenium_scraper - INFO - Scraped tournament 2: Gurur Premier League
2026-04-18 15:31:35,075 - scraper.selenium_scraper - INFO - Scraped tournament 3: Vagad Football League 2026
2026-04-18 15:31:35,746 - scraper.selenium_scraper - INFO - Scraped tournament 4: Jeypore Premier League
2026-04-18 15:31:36,422 - scraper.selenium_scraper - INFO - Scraped tournament 5: Punjabi Premier League Group A
2026-04-18 15:31:37,094 - scraper.selenium_scraper - INFO - Scraped tournament 6: Punjabi Premier League Group B
2026-04-18 15:31:37,767 - scraper.selenium_scraper - INFO - Scraped tournament 7: Jashn-E-Rally Padel Tournament 2026
2026-04-18 15:31:38,438 - scraper.selenium_scraper - INFO - Scraped tournament 8: Bavajipeta Kabaddi League
2026-04-18 15:31:39,109 - scraper.selenium_scraper - INFO - Scraped tournament 9: MGPL CRICKET TOURNAMENT
2026-04-18 15:31:39,781 - scraper.selenium_scraper - INFO - Scraped tournament 10: Raghuvanshi Premier League - MEN
2026-04-18 15:31:40,458 - scraper.selenium_scraper - INFO - Scraped tournament 11: Raghuvanshi Premier League - WOMEN
2026-04-18 15:31:41,127 - scraper.selenium_scraper - INFO - Scraped tournament 12: SmashIT v8, 2026
2026-04-18 15:31:41,798 - scraper.selenium_scraper - INFO - Scraped tournament 13: Chhattisgarh Cricket Champions League T20
2026-04-18 15:31:42,468 - scraper.selenium_scraper - INFO - Scraped tournament 14: ROHAT PREMIER LEAGUE
2026-04-18 15:31:43,143 - scraper.selenium_scraper - INFO - Scraped tournament 15: SUPER FOOTBALL CHAMPIONSHIP
2026-04-18 15:31:43,818 - scraper.selenium_scraper - INFO - Scraped tournament 16: REPUBLIC CUP 2.0
2026-04-18 15:31:44,490 - scraper.selenium_scraper - INFO - Scraped tournament 17: Auction Demo Jodi
2026-04-18 15:31:45,167 - scraper.selenium_scraper - INFO - Scraped tournament 18: Super Cricket League
2026-04-18 15:31:45,856 - scraper.selenium_scraper - INFO - Scraped tournament 19: SIKAR PREMIER LEAGUE 2025
2026-04-18 15:31:46,526 - scraper.selenium_scraper - INFO - Scraped tournament 20: BJP
2026-04-18 15:31:46,527 - root - INFO - Successfully scraped 20 tournaments
2026-04-18 15:31:46,527 - root - INFO - Saved scraped data to /home/runner/work/super-player-auction-scraper/super-player-auction-scraper/data/tournament_data_20260418-153146.json
2026-04-18 15:31:46,527 - root - INFO - Initializing Graph API
2026-04-18 15:31:46,527 - excel.graph_api - INFO - Extracted file ID: 9e836ed5-f58f-4dc7-a969-3c62b255f3ea
2026-04-18 15:31:46,527 - excel.graph_api - INFO - Extracted site ID: CorpDevaaf94619130d4a79af9f3aeae502bdb5
2026-04-18 15:31:46,527 - root - INFO - Authenticating with Microsoft Graph API
2026-04-18 15:31:46,688 - excel.graph_api - INFO - Authentication successful
2026-04-18 15:31:46,688 - root - INFO - Updating Excel sheet with scraped data
2026-04-18 15:31:47,412 - excel.graph_api - INFO - Retrieved drive ID: b!MXUqfmBgAkyqAi_g7J1PO_6yKSWnHbZCs3mpe4EkYuX6d8izcdJxRb78S6OW5SIB
2026-04-18 15:31:48,842 - excel.graph_api - INFO - Retrieved 1491 rows from Excel
2026-04-18 15:31:50,113 - excel.graph_api - INFO - Updating range A1493:Y1494 with 2 new entries
2026-04-18 15:31:51,255 - excel.graph_api - INFO - Successfully added 2 new tournaments to Excel
2026-04-18 15:31:51,257 - root - INFO - Excel sheet updated successfully
2026-04-18 15:31:51,322 - scraper.selenium_scraper - INFO - Chrome driver closed
2026-04-18 15:31:51,322 - root - INFO - Selenium driver closed
2026-04-18 15:31:51,322 - root - INFO - Script execution completed
