2026-04-04 15:24:16,200 - root - INFO - Logger initialized successfully
2026-04-04 15:24:16,200 - root - INFO - Log file: /home/runner/work/super-player-auction-scraper/super-player-auction-scraper/logs/scraper_20260404_152416.log
2026-04-04 15:24:16,200 - root - INFO - Starting Super Player Auction scraper
2026-04-04 15:24:16,200 - utils.config - INFO - Credentials loaded from environment variables
2026-04-04 15:24:16,200 - utils.config - INFO - Settings loaded successfully
2026-04-04 15:24:16,200 - root - INFO - Initializing Selenium scraper
2026-04-04 15:24:16,200 - scraper.selenium_scraper - INFO - Running in GitHub Actions environment
2026-04-04 15:24:23,888 - scraper.selenium_scraper - INFO - Chrome driver initialized successfully
2026-04-04 15:24:23,888 - root - INFO - Scraping tournament data
2026-04-04 15:24:23,888 - scraper.selenium_scraper - INFO - Starting to scrape tournament data
2026-04-04 15:24:24,539 - scraper.selenium_scraper - INFO - Waiting for page to load...
2026-04-04 15:24:29,544 - scraper.selenium_scraper - INFO - Scrolling to load all auction cards...
2026-04-04 15:24:41,668 - scraper.selenium_scraper - INFO - Saved page screenshot to /home/runner/work/super-player-auction-scraper/super-player-auction-scraper/logs/screenshots/page_loaded_20260404152441.png
2026-04-04 15:24:41,668 - scraper.selenium_scraper - INFO - Looking for auction cards...
2026-04-04 15:24:41,691 - scraper.selenium_scraper - INFO - Found 20 auction cards
2026-04-04 15:24:42,432 - scraper.selenium_scraper - INFO - Scraped tournament 1: JCL 6
2026-04-04 15:24:43,152 - scraper.selenium_scraper - INFO - Scraped tournament 2: HPL TURF CRICKET LEAGUE
2026-04-04 15:24:43,835 - scraper.selenium_scraper - INFO - Scraped tournament 3: KVSC Youth Ghatkopar Turf Cricket Tournament - 2
2026-04-04 15:24:44,516 - scraper.selenium_scraper - INFO - Scraped tournament 4: KVSC Youth Ghatkopar Turf Cricket Tournament - 2 Female
2026-04-04 15:24:45,197 - scraper.selenium_scraper - INFO - Scraped tournament 5: SIKAR PREMIER LEAGUE 2025
2026-04-04 15:24:45,890 - scraper.selenium_scraper - INFO - Scraped tournament 6: Mochi Premier League 5.0
2026-04-04 15:24:46,574 - scraper.selenium_scraper - INFO - Scraped tournament 7: Malayalam Community Cricket League -2026
2026-04-04 15:24:47,255 - scraper.selenium_scraper - INFO - Scraped tournament 8: Chhattisgarh Cricket Champions League T20
2026-04-04 15:24:47,941 - scraper.selenium_scraper - INFO - Scraped tournament 9: ROHAT PREMIER LEAGUE
2026-04-04 15:24:48,622 - scraper.selenium_scraper - INFO - Scraped tournament 10: SUPER FOOTBALL CHAMPIONSHIP
2026-04-04 15:24:49,304 - scraper.selenium_scraper - INFO - Scraped tournament 11: REPUBLIC CUP 2.0
2026-04-04 15:24:49,983 - scraper.selenium_scraper - INFO - Scraped tournament 12: Super Cricket League
2026-04-04 15:24:50,665 - scraper.selenium_scraper - INFO - Scraped tournament 13: BJP
2026-04-04 15:24:51,346 - scraper.selenium_scraper - INFO - Scraped tournament 14: KMPL SEASON 4
2026-04-04 15:24:52,030 - scraper.selenium_scraper - INFO - Scraped tournament 15: Chhura Champions League
2026-04-04 15:24:52,712 - scraper.selenium_scraper - INFO - Scraped tournament 16: Legend Cup T20
2026-04-04 15:24:53,394 - scraper.selenium_scraper - INFO - Scraped tournament 17: शिवशक्ती प्रिमियर लीग-२०२६ (पर्व -३रे )
2026-04-04 15:24:54,075 - scraper.selenium_scraper - INFO - Scraped tournament 18: Emerald Premier League 3.0
2026-04-04 15:24:54,764 - scraper.selenium_scraper - INFO - Scraped tournament 19: Maharashtra Advocates Premier League - 2026
2026-04-04 15:24:55,445 - scraper.selenium_scraper - INFO - Scraped tournament 20: GSPL
2026-04-04 15:24:55,445 - root - INFO - Successfully scraped 20 tournaments
2026-04-04 15:24:55,446 - root - INFO - Saved scraped data to /home/runner/work/super-player-auction-scraper/super-player-auction-scraper/data/tournament_data_20260404-152455.json
2026-04-04 15:24:55,446 - root - INFO - Initializing Graph API
2026-04-04 15:24:55,446 - excel.graph_api - INFO - Extracted file ID: 9e836ed5-f58f-4dc7-a969-3c62b255f3ea
2026-04-04 15:24:55,446 - excel.graph_api - INFO - Extracted site ID: CorpDevaaf94619130d4a79af9f3aeae502bdb5
2026-04-04 15:24:55,446 - root - INFO - Authenticating with Microsoft Graph API
2026-04-04 15:24:55,920 - excel.graph_api - INFO - Authentication successful
2026-04-04 15:24:55,920 - root - INFO - Updating Excel sheet with scraped data
2026-04-04 15:24:56,735 - excel.graph_api - INFO - Retrieved drive ID: b!MXUqfmBgAkyqAi_g7J1PO_6yKSWnHbZCs3mpe4EkYuX6d8izcdJxRb78S6OW5SIB
2026-04-04 15:24:58,741 - excel.graph_api - INFO - Retrieved 1432 rows from Excel
2026-04-04 15:25:00,156 - excel.graph_api - INFO - Updating range A1434:P1434 with 1 new entries
2026-04-04 15:25:01,682 - excel.graph_api - INFO - Successfully added 1 new tournaments to Excel
2026-04-04 15:25:01,683 - root - INFO - Excel sheet updated successfully
2026-04-04 15:25:01,759 - scraper.selenium_scraper - INFO - Chrome driver closed
2026-04-04 15:25:01,759 - root - INFO - Selenium driver closed
2026-04-04 15:25:01,759 - root - INFO - Script execution completed
