2026-03-31 10:47:17,335 - root - INFO - Logger initialized successfully
2026-03-31 10:47:17,335 - root - INFO - Log file: /home/runner/work/super-player-auction-scraper/super-player-auction-scraper/logs/scraper_20260331_104717.log
2026-03-31 10:47:17,335 - root - INFO - Starting Super Player Auction scraper
2026-03-31 10:47:17,335 - utils.config - INFO - Credentials loaded from environment variables
2026-03-31 10:47:17,335 - utils.config - INFO - Settings loaded successfully
2026-03-31 10:47:17,335 - root - INFO - Initializing Selenium scraper
2026-03-31 10:47:17,335 - scraper.selenium_scraper - INFO - Running in GitHub Actions environment
2026-03-31 10:47:18,764 - selenium.webdriver.common.selenium_manager - WARNING - The chromedriver version (146.0.7680.153) detected in PATH at /usr/bin/chromedriver might not be compatible with the detected chrome version (146.0.7680.153); currently, chromedriver 146.0.7680.165 is recommended for chrome 146.*, so it is advised to delete the driver in PATH and retry
2026-03-31 10:47:25,286 - scraper.selenium_scraper - INFO - Chrome driver initialized successfully
2026-03-31 10:47:25,287 - root - INFO - Scraping tournament data
2026-03-31 10:47:25,287 - scraper.selenium_scraper - INFO - Starting to scrape tournament data
2026-03-31 10:47:25,962 - scraper.selenium_scraper - INFO - Waiting for page to load...
2026-03-31 10:47:30,966 - scraper.selenium_scraper - INFO - Scrolling to load all auction cards...
2026-03-31 10:47:43,470 - scraper.selenium_scraper - INFO - Saved page screenshot to /home/runner/work/super-player-auction-scraper/super-player-auction-scraper/logs/screenshots/page_loaded_20260331104743.png
2026-03-31 10:47:43,470 - scraper.selenium_scraper - INFO - Looking for auction cards...
2026-03-31 10:47:43,498 - scraper.selenium_scraper - INFO - Found 20 auction cards
2026-03-31 10:47:44,221 - scraper.selenium_scraper - INFO - Scraped tournament 1: UNITY CUP Season 3 [2026-27]
2026-03-31 10:47:45,010 - scraper.selenium_scraper - INFO - Scraped tournament 2: Patidar Cricket League 2026
2026-03-31 10:47:45,697 - scraper.selenium_scraper - INFO - Scraped tournament 3: SIKAR PREMIER LEAGUE 2025
2026-03-31 10:47:46,379 - scraper.selenium_scraper - INFO - Scraped tournament 4: ROHAT PREMIER LEAGUE
2026-03-31 10:47:47,063 - scraper.selenium_scraper - INFO - Scraped tournament 5: SUPER FOOTBALL CHAMPIONSHIP
2026-03-31 10:47:47,751 - scraper.selenium_scraper - INFO - Scraped tournament 6: REPUBLIC CUP 2.0
2026-03-31 10:47:48,438 - scraper.selenium_scraper - INFO - Scraped tournament 7: Super Cricket League
2026-03-31 10:47:49,126 - scraper.selenium_scraper - INFO - Scraped tournament 8: BJP
2026-03-31 10:47:49,811 - scraper.selenium_scraper - INFO - Scraped tournament 9: SUPER CRICKRT LEAGUE - MAHIPAL
2026-03-31 10:47:50,495 - scraper.selenium_scraper - INFO - Scraped tournament 10: CGCPL
2026-03-31 10:47:51,195 - scraper.selenium_scraper - INFO - Scraped tournament 11: ODA Puneet Agrawal Memorial Tennis Premier League
2026-03-31 10:47:51,885 - scraper.selenium_scraper - INFO - Scraped tournament 12: VERINAG PREMIER LEAGUE
2026-03-31 10:47:52,565 - scraper.selenium_scraper - INFO - Scraped tournament 13: MADHURAWADA PREMIER LEAGUE SEASON - 4
2026-03-31 10:47:53,249 - scraper.selenium_scraper - INFO - Scraped tournament 14: Amerikan Cup JPL-6
2026-03-31 10:47:53,932 - scraper.selenium_scraper - INFO - Scraped tournament 15: MPL
2026-03-31 10:47:54,623 - scraper.selenium_scraper - INFO - Scraped tournament 16: Gymkhana Premier Tennis League 2026
2026-03-31 10:47:55,303 - scraper.selenium_scraper - INFO - Scraped tournament 17: Wala & Team Present Open Leather Ball Cricket Tournament
2026-03-31 10:47:55,984 - scraper.selenium_scraper - INFO - Scraped tournament 18: CHAMPIONS PREMIER LEAGUE 2026 Season 02
2026-03-31 10:47:56,677 - scraper.selenium_scraper - INFO - Scraped tournament 19: APL -2
2026-03-31 10:47:57,358 - scraper.selenium_scraper - INFO - Scraped tournament 20: KMPL SEASON 4
2026-03-31 10:47:57,358 - root - INFO - Successfully scraped 20 tournaments
2026-03-31 10:47:57,358 - root - INFO - Saved scraped data to /home/runner/work/super-player-auction-scraper/super-player-auction-scraper/data/tournament_data_20260331-104757.json
2026-03-31 10:47:57,358 - root - INFO - Initializing Graph API
2026-03-31 10:47:57,359 - excel.graph_api - INFO - Extracted file ID: 9e836ed5-f58f-4dc7-a969-3c62b255f3ea
2026-03-31 10:47:57,359 - excel.graph_api - INFO - Extracted site ID: CorpDevaaf94619130d4a79af9f3aeae502bdb5
2026-03-31 10:47:57,359 - root - INFO - Authenticating with Microsoft Graph API
2026-03-31 10:47:57,536 - excel.graph_api - INFO - Authentication successful
2026-03-31 10:47:57,537 - root - INFO - Updating Excel sheet with scraped data
2026-03-31 10:47:57,887 - excel.graph_api - INFO - Retrieved drive ID: b!MXUqfmBgAkyqAi_g7J1PO_6yKSWnHbZCs3mpe4EkYuX6d8izcdJxRb78S6OW5SIB
2026-03-31 10:47:59,726 - excel.graph_api - INFO - Retrieved 1413 rows from Excel
2026-03-31 10:48:01,269 - excel.graph_api - INFO - Updating range A1415:M1415 with 1 new entries
2026-03-31 10:48:02,934 - excel.graph_api - INFO - Successfully added 1 new tournaments to Excel
2026-03-31 10:48:02,935 - root - INFO - Excel sheet updated successfully
2026-03-31 10:48:03,010 - scraper.selenium_scraper - INFO - Chrome driver closed
2026-03-31 10:48:03,011 - root - INFO - Selenium driver closed
2026-03-31 10:48:03,011 - root - INFO - Script execution completed
